[2025-03-24T15:51:57.080-1000] {processor.py:186} INFO - Started process (PID=19496) to work on /opt/anaconda3/envs/titanic/lib/python3.11/site-packages/airflow/example_dags/example_branch_operator_decorator.py
[2025-03-24T15:51:57.080-1000] {processor.py:914} INFO - Processing file /opt/anaconda3/envs/titanic/lib/python3.11/site-packages/airflow/example_dags/example_branch_operator_decorator.py for tasks to queue
[2025-03-24T15:51:57.081-1000] {logging_mixin.py:190} INFO - [2025-03-24T15:51:57.081-1000] {dagbag.py:588} INFO - Filling up the DagBag from /opt/anaconda3/envs/titanic/lib/python3.11/site-packages/airflow/example_dags/example_branch_operator_decorator.py
[2025-03-24T15:51:57.087-1000] {processor.py:927} WARNING - No viable dags retrieved from /opt/anaconda3/envs/titanic/lib/python3.11/site-packages/airflow/example_dags/example_branch_operator_decorator.py
[2025-03-24T15:51:57.111-1000] {processor.py:208} INFO - Processing /opt/anaconda3/envs/titanic/lib/python3.11/site-packages/airflow/example_dags/example_branch_operator_decorator.py took 0.057 seconds
[2025-03-24T15:53:59.613-1000] {processor.py:186} INFO - Started process (PID=20238) to work on /opt/anaconda3/envs/titanic/lib/python3.11/site-packages/airflow/example_dags/example_branch_operator_decorator.py
[2025-03-24T15:53:59.614-1000] {processor.py:914} INFO - Processing file /opt/anaconda3/envs/titanic/lib/python3.11/site-packages/airflow/example_dags/example_branch_operator_decorator.py for tasks to queue
[2025-03-24T15:53:59.614-1000] {logging_mixin.py:190} INFO - [2025-03-24T15:53:59.614-1000] {dagbag.py:588} INFO - Filling up the DagBag from /opt/anaconda3/envs/titanic/lib/python3.11/site-packages/airflow/example_dags/example_branch_operator_decorator.py
[2025-03-24T15:53:59.620-1000] {processor.py:927} WARNING - No viable dags retrieved from /opt/anaconda3/envs/titanic/lib/python3.11/site-packages/airflow/example_dags/example_branch_operator_decorator.py
[2025-03-24T15:53:59.642-1000] {processor.py:208} INFO - Processing /opt/anaconda3/envs/titanic/lib/python3.11/site-packages/airflow/example_dags/example_branch_operator_decorator.py took 0.049 seconds
[2025-03-24T15:55:49.273-1000] {processor.py:186} INFO - Started process (PID=20656) to work on /opt/anaconda3/envs/titanic/lib/python3.11/site-packages/airflow/example_dags/example_branch_operator_decorator.py
[2025-03-24T15:55:49.274-1000] {processor.py:914} INFO - Processing file /opt/anaconda3/envs/titanic/lib/python3.11/site-packages/airflow/example_dags/example_branch_operator_decorator.py for tasks to queue
[2025-03-24T15:55:49.274-1000] {logging_mixin.py:190} INFO - [2025-03-24T15:55:49.274-1000] {dagbag.py:588} INFO - Filling up the DagBag from /opt/anaconda3/envs/titanic/lib/python3.11/site-packages/airflow/example_dags/example_branch_operator_decorator.py
[2025-03-24T15:55:49.279-1000] {processor.py:927} WARNING - No viable dags retrieved from /opt/anaconda3/envs/titanic/lib/python3.11/site-packages/airflow/example_dags/example_branch_operator_decorator.py
[2025-03-24T15:55:49.301-1000] {processor.py:208} INFO - Processing /opt/anaconda3/envs/titanic/lib/python3.11/site-packages/airflow/example_dags/example_branch_operator_decorator.py took 0.047 seconds
[2025-03-24T15:57:38.332-1000] {processor.py:186} INFO - Started process (PID=21074) to work on /opt/anaconda3/envs/titanic/lib/python3.11/site-packages/airflow/example_dags/example_branch_operator_decorator.py
[2025-03-24T15:57:38.333-1000] {processor.py:914} INFO - Processing file /opt/anaconda3/envs/titanic/lib/python3.11/site-packages/airflow/example_dags/example_branch_operator_decorator.py for tasks to queue
[2025-03-24T15:57:38.333-1000] {logging_mixin.py:190} INFO - [2025-03-24T15:57:38.333-1000] {dagbag.py:588} INFO - Filling up the DagBag from /opt/anaconda3/envs/titanic/lib/python3.11/site-packages/airflow/example_dags/example_branch_operator_decorator.py
[2025-03-24T15:57:38.339-1000] {processor.py:927} WARNING - No viable dags retrieved from /opt/anaconda3/envs/titanic/lib/python3.11/site-packages/airflow/example_dags/example_branch_operator_decorator.py
[2025-03-24T15:57:38.360-1000] {processor.py:208} INFO - Processing /opt/anaconda3/envs/titanic/lib/python3.11/site-packages/airflow/example_dags/example_branch_operator_decorator.py took 0.048 seconds
[2025-03-24T15:59:24.864-1000] {processor.py:186} INFO - Started process (PID=21490) to work on /opt/anaconda3/envs/titanic/lib/python3.11/site-packages/airflow/example_dags/example_branch_operator_decorator.py
[2025-03-24T15:59:24.865-1000] {processor.py:914} INFO - Processing file /opt/anaconda3/envs/titanic/lib/python3.11/site-packages/airflow/example_dags/example_branch_operator_decorator.py for tasks to queue
[2025-03-24T15:59:24.865-1000] {logging_mixin.py:190} INFO - [2025-03-24T15:59:24.865-1000] {dagbag.py:588} INFO - Filling up the DagBag from /opt/anaconda3/envs/titanic/lib/python3.11/site-packages/airflow/example_dags/example_branch_operator_decorator.py
[2025-03-24T15:59:24.871-1000] {processor.py:927} WARNING - No viable dags retrieved from /opt/anaconda3/envs/titanic/lib/python3.11/site-packages/airflow/example_dags/example_branch_operator_decorator.py
[2025-03-24T15:59:24.892-1000] {processor.py:208} INFO - Processing /opt/anaconda3/envs/titanic/lib/python3.11/site-packages/airflow/example_dags/example_branch_operator_decorator.py took 0.049 seconds
[2025-03-24T16:01:38.223-1000] {processor.py:186} INFO - Started process (PID=21995) to work on /opt/anaconda3/envs/titanic/lib/python3.11/site-packages/airflow/example_dags/example_branch_operator_decorator.py
[2025-03-24T16:01:38.224-1000] {processor.py:914} INFO - Processing file /opt/anaconda3/envs/titanic/lib/python3.11/site-packages/airflow/example_dags/example_branch_operator_decorator.py for tasks to queue
[2025-03-24T16:01:38.224-1000] {logging_mixin.py:190} INFO - [2025-03-24T16:01:38.224-1000] {dagbag.py:588} INFO - Filling up the DagBag from /opt/anaconda3/envs/titanic/lib/python3.11/site-packages/airflow/example_dags/example_branch_operator_decorator.py
[2025-03-24T16:01:38.230-1000] {processor.py:927} WARNING - No viable dags retrieved from /opt/anaconda3/envs/titanic/lib/python3.11/site-packages/airflow/example_dags/example_branch_operator_decorator.py
[2025-03-24T16:01:38.251-1000] {processor.py:208} INFO - Processing /opt/anaconda3/envs/titanic/lib/python3.11/site-packages/airflow/example_dags/example_branch_operator_decorator.py took 0.048 seconds
[2025-03-24T16:03:26.874-1000] {processor.py:186} INFO - Started process (PID=22409) to work on /opt/anaconda3/envs/titanic/lib/python3.11/site-packages/airflow/example_dags/example_branch_operator_decorator.py
[2025-03-24T16:03:26.874-1000] {processor.py:914} INFO - Processing file /opt/anaconda3/envs/titanic/lib/python3.11/site-packages/airflow/example_dags/example_branch_operator_decorator.py for tasks to queue
[2025-03-24T16:03:26.874-1000] {logging_mixin.py:190} INFO - [2025-03-24T16:03:26.874-1000] {dagbag.py:588} INFO - Filling up the DagBag from /opt/anaconda3/envs/titanic/lib/python3.11/site-packages/airflow/example_dags/example_branch_operator_decorator.py
[2025-03-24T16:03:26.880-1000] {processor.py:927} WARNING - No viable dags retrieved from /opt/anaconda3/envs/titanic/lib/python3.11/site-packages/airflow/example_dags/example_branch_operator_decorator.py
[2025-03-24T16:03:26.901-1000] {processor.py:208} INFO - Processing /opt/anaconda3/envs/titanic/lib/python3.11/site-packages/airflow/example_dags/example_branch_operator_decorator.py took 0.047 seconds
[2025-03-24T16:05:13.143-1000] {processor.py:186} INFO - Started process (PID=22814) to work on /opt/anaconda3/envs/titanic/lib/python3.11/site-packages/airflow/example_dags/example_branch_operator_decorator.py
[2025-03-24T16:05:13.143-1000] {processor.py:914} INFO - Processing file /opt/anaconda3/envs/titanic/lib/python3.11/site-packages/airflow/example_dags/example_branch_operator_decorator.py for tasks to queue
[2025-03-24T16:05:13.144-1000] {logging_mixin.py:190} INFO - [2025-03-24T16:05:13.143-1000] {dagbag.py:588} INFO - Filling up the DagBag from /opt/anaconda3/envs/titanic/lib/python3.11/site-packages/airflow/example_dags/example_branch_operator_decorator.py
[2025-03-24T16:05:13.149-1000] {processor.py:927} WARNING - No viable dags retrieved from /opt/anaconda3/envs/titanic/lib/python3.11/site-packages/airflow/example_dags/example_branch_operator_decorator.py
[2025-03-24T16:05:13.170-1000] {processor.py:208} INFO - Processing /opt/anaconda3/envs/titanic/lib/python3.11/site-packages/airflow/example_dags/example_branch_operator_decorator.py took 0.048 seconds
[2025-03-24T16:07:01.020-1000] {processor.py:186} INFO - Started process (PID=23260) to work on /opt/anaconda3/envs/titanic/lib/python3.11/site-packages/airflow/example_dags/example_branch_operator_decorator.py
[2025-03-24T16:07:01.021-1000] {processor.py:914} INFO - Processing file /opt/anaconda3/envs/titanic/lib/python3.11/site-packages/airflow/example_dags/example_branch_operator_decorator.py for tasks to queue
[2025-03-24T16:07:01.021-1000] {logging_mixin.py:190} INFO - [2025-03-24T16:07:01.021-1000] {dagbag.py:588} INFO - Filling up the DagBag from /opt/anaconda3/envs/titanic/lib/python3.11/site-packages/airflow/example_dags/example_branch_operator_decorator.py
[2025-03-24T16:07:01.026-1000] {processor.py:927} WARNING - No viable dags retrieved from /opt/anaconda3/envs/titanic/lib/python3.11/site-packages/airflow/example_dags/example_branch_operator_decorator.py
[2025-03-24T16:07:01.047-1000] {processor.py:208} INFO - Processing /opt/anaconda3/envs/titanic/lib/python3.11/site-packages/airflow/example_dags/example_branch_operator_decorator.py took 0.047 seconds
[2025-03-24T16:08:53.795-1000] {processor.py:186} INFO - Started process (PID=23678) to work on /opt/anaconda3/envs/titanic/lib/python3.11/site-packages/airflow/example_dags/example_branch_operator_decorator.py
[2025-03-24T16:08:53.796-1000] {processor.py:914} INFO - Processing file /opt/anaconda3/envs/titanic/lib/python3.11/site-packages/airflow/example_dags/example_branch_operator_decorator.py for tasks to queue
[2025-03-24T16:08:53.796-1000] {logging_mixin.py:190} INFO - [2025-03-24T16:08:53.796-1000] {dagbag.py:588} INFO - Filling up the DagBag from /opt/anaconda3/envs/titanic/lib/python3.11/site-packages/airflow/example_dags/example_branch_operator_decorator.py
[2025-03-24T16:08:53.801-1000] {processor.py:927} WARNING - No viable dags retrieved from /opt/anaconda3/envs/titanic/lib/python3.11/site-packages/airflow/example_dags/example_branch_operator_decorator.py
[2025-03-24T16:08:53.822-1000] {processor.py:208} INFO - Processing /opt/anaconda3/envs/titanic/lib/python3.11/site-packages/airflow/example_dags/example_branch_operator_decorator.py took 0.047 seconds
[2025-03-24T16:10:54.278-1000] {processor.py:186} INFO - Started process (PID=24165) to work on /opt/anaconda3/envs/titanic/lib/python3.11/site-packages/airflow/example_dags/example_branch_operator_decorator.py
[2025-03-24T16:10:54.279-1000] {processor.py:914} INFO - Processing file /opt/anaconda3/envs/titanic/lib/python3.11/site-packages/airflow/example_dags/example_branch_operator_decorator.py for tasks to queue
[2025-03-24T16:10:54.279-1000] {logging_mixin.py:190} INFO - [2025-03-24T16:10:54.279-1000] {dagbag.py:588} INFO - Filling up the DagBag from /opt/anaconda3/envs/titanic/lib/python3.11/site-packages/airflow/example_dags/example_branch_operator_decorator.py
[2025-03-24T16:10:54.284-1000] {processor.py:927} WARNING - No viable dags retrieved from /opt/anaconda3/envs/titanic/lib/python3.11/site-packages/airflow/example_dags/example_branch_operator_decorator.py
[2025-03-24T16:10:54.305-1000] {processor.py:208} INFO - Processing /opt/anaconda3/envs/titanic/lib/python3.11/site-packages/airflow/example_dags/example_branch_operator_decorator.py took 0.047 seconds
[2025-03-24T16:12:51.941-1000] {processor.py:186} INFO - Started process (PID=24665) to work on /opt/anaconda3/envs/titanic/lib/python3.11/site-packages/airflow/example_dags/example_branch_operator_decorator.py
[2025-03-24T16:12:51.942-1000] {processor.py:914} INFO - Processing file /opt/anaconda3/envs/titanic/lib/python3.11/site-packages/airflow/example_dags/example_branch_operator_decorator.py for tasks to queue
[2025-03-24T16:12:51.942-1000] {logging_mixin.py:190} INFO - [2025-03-24T16:12:51.942-1000] {dagbag.py:588} INFO - Filling up the DagBag from /opt/anaconda3/envs/titanic/lib/python3.11/site-packages/airflow/example_dags/example_branch_operator_decorator.py
[2025-03-24T16:12:51.947-1000] {processor.py:927} WARNING - No viable dags retrieved from /opt/anaconda3/envs/titanic/lib/python3.11/site-packages/airflow/example_dags/example_branch_operator_decorator.py
[2025-03-24T16:12:51.969-1000] {processor.py:208} INFO - Processing /opt/anaconda3/envs/titanic/lib/python3.11/site-packages/airflow/example_dags/example_branch_operator_decorator.py took 0.049 seconds
[2025-03-24T16:14:48.756-1000] {processor.py:186} INFO - Started process (PID=25121) to work on /opt/anaconda3/envs/titanic/lib/python3.11/site-packages/airflow/example_dags/example_branch_operator_decorator.py
[2025-03-24T16:14:48.757-1000] {processor.py:914} INFO - Processing file /opt/anaconda3/envs/titanic/lib/python3.11/site-packages/airflow/example_dags/example_branch_operator_decorator.py for tasks to queue
[2025-03-24T16:14:48.757-1000] {logging_mixin.py:190} INFO - [2025-03-24T16:14:48.757-1000] {dagbag.py:588} INFO - Filling up the DagBag from /opt/anaconda3/envs/titanic/lib/python3.11/site-packages/airflow/example_dags/example_branch_operator_decorator.py
[2025-03-24T16:14:48.763-1000] {processor.py:927} WARNING - No viable dags retrieved from /opt/anaconda3/envs/titanic/lib/python3.11/site-packages/airflow/example_dags/example_branch_operator_decorator.py
[2025-03-24T16:14:48.784-1000] {processor.py:208} INFO - Processing /opt/anaconda3/envs/titanic/lib/python3.11/site-packages/airflow/example_dags/example_branch_operator_decorator.py took 0.048 seconds
[2025-03-24T16:16:42.125-1000] {processor.py:186} INFO - Started process (PID=25571) to work on /opt/anaconda3/envs/titanic/lib/python3.11/site-packages/airflow/example_dags/example_branch_operator_decorator.py
[2025-03-24T16:16:42.125-1000] {processor.py:914} INFO - Processing file /opt/anaconda3/envs/titanic/lib/python3.11/site-packages/airflow/example_dags/example_branch_operator_decorator.py for tasks to queue
[2025-03-24T16:16:42.125-1000] {logging_mixin.py:190} INFO - [2025-03-24T16:16:42.125-1000] {dagbag.py:588} INFO - Filling up the DagBag from /opt/anaconda3/envs/titanic/lib/python3.11/site-packages/airflow/example_dags/example_branch_operator_decorator.py
[2025-03-24T16:16:42.131-1000] {processor.py:927} WARNING - No viable dags retrieved from /opt/anaconda3/envs/titanic/lib/python3.11/site-packages/airflow/example_dags/example_branch_operator_decorator.py
[2025-03-24T16:16:42.153-1000] {processor.py:208} INFO - Processing /opt/anaconda3/envs/titanic/lib/python3.11/site-packages/airflow/example_dags/example_branch_operator_decorator.py took 0.049 seconds
[2025-03-24T16:18:31.994-1000] {processor.py:186} INFO - Started process (PID=26009) to work on /opt/anaconda3/envs/titanic/lib/python3.11/site-packages/airflow/example_dags/example_branch_operator_decorator.py
[2025-03-24T16:18:31.994-1000] {processor.py:914} INFO - Processing file /opt/anaconda3/envs/titanic/lib/python3.11/site-packages/airflow/example_dags/example_branch_operator_decorator.py for tasks to queue
[2025-03-24T16:18:31.995-1000] {logging_mixin.py:190} INFO - [2025-03-24T16:18:31.995-1000] {dagbag.py:588} INFO - Filling up the DagBag from /opt/anaconda3/envs/titanic/lib/python3.11/site-packages/airflow/example_dags/example_branch_operator_decorator.py
[2025-03-24T16:18:32.000-1000] {processor.py:927} WARNING - No viable dags retrieved from /opt/anaconda3/envs/titanic/lib/python3.11/site-packages/airflow/example_dags/example_branch_operator_decorator.py
[2025-03-24T16:18:32.021-1000] {processor.py:208} INFO - Processing /opt/anaconda3/envs/titanic/lib/python3.11/site-packages/airflow/example_dags/example_branch_operator_decorator.py took 0.048 seconds
[2025-03-24T16:20:23.963-1000] {processor.py:186} INFO - Started process (PID=26439) to work on /opt/anaconda3/envs/titanic/lib/python3.11/site-packages/airflow/example_dags/example_branch_operator_decorator.py
[2025-03-24T16:20:23.964-1000] {processor.py:914} INFO - Processing file /opt/anaconda3/envs/titanic/lib/python3.11/site-packages/airflow/example_dags/example_branch_operator_decorator.py for tasks to queue
[2025-03-24T16:20:23.964-1000] {logging_mixin.py:190} INFO - [2025-03-24T16:20:23.964-1000] {dagbag.py:588} INFO - Filling up the DagBag from /opt/anaconda3/envs/titanic/lib/python3.11/site-packages/airflow/example_dags/example_branch_operator_decorator.py
[2025-03-24T16:20:23.970-1000] {processor.py:927} WARNING - No viable dags retrieved from /opt/anaconda3/envs/titanic/lib/python3.11/site-packages/airflow/example_dags/example_branch_operator_decorator.py
[2025-03-24T16:20:23.991-1000] {processor.py:208} INFO - Processing /opt/anaconda3/envs/titanic/lib/python3.11/site-packages/airflow/example_dags/example_branch_operator_decorator.py took 0.049 seconds
[2025-03-24T16:22:13.700-1000] {processor.py:186} INFO - Started process (PID=26855) to work on /opt/anaconda3/envs/titanic/lib/python3.11/site-packages/airflow/example_dags/example_branch_operator_decorator.py
[2025-03-24T16:22:13.700-1000] {processor.py:914} INFO - Processing file /opt/anaconda3/envs/titanic/lib/python3.11/site-packages/airflow/example_dags/example_branch_operator_decorator.py for tasks to queue
[2025-03-24T16:22:13.701-1000] {logging_mixin.py:190} INFO - [2025-03-24T16:22:13.701-1000] {dagbag.py:588} INFO - Filling up the DagBag from /opt/anaconda3/envs/titanic/lib/python3.11/site-packages/airflow/example_dags/example_branch_operator_decorator.py
[2025-03-24T16:22:13.706-1000] {processor.py:927} WARNING - No viable dags retrieved from /opt/anaconda3/envs/titanic/lib/python3.11/site-packages/airflow/example_dags/example_branch_operator_decorator.py
[2025-03-24T16:22:13.727-1000] {processor.py:208} INFO - Processing /opt/anaconda3/envs/titanic/lib/python3.11/site-packages/airflow/example_dags/example_branch_operator_decorator.py took 0.047 seconds
[2025-03-24T16:24:07.093-1000] {processor.py:186} INFO - Started process (PID=27304) to work on /opt/anaconda3/envs/titanic/lib/python3.11/site-packages/airflow/example_dags/example_branch_operator_decorator.py
[2025-03-24T16:24:07.093-1000] {processor.py:914} INFO - Processing file /opt/anaconda3/envs/titanic/lib/python3.11/site-packages/airflow/example_dags/example_branch_operator_decorator.py for tasks to queue
[2025-03-24T16:24:07.093-1000] {logging_mixin.py:190} INFO - [2025-03-24T16:24:07.093-1000] {dagbag.py:588} INFO - Filling up the DagBag from /opt/anaconda3/envs/titanic/lib/python3.11/site-packages/airflow/example_dags/example_branch_operator_decorator.py
[2025-03-24T16:24:07.099-1000] {processor.py:927} WARNING - No viable dags retrieved from /opt/anaconda3/envs/titanic/lib/python3.11/site-packages/airflow/example_dags/example_branch_operator_decorator.py
[2025-03-24T16:24:07.120-1000] {processor.py:208} INFO - Processing /opt/anaconda3/envs/titanic/lib/python3.11/site-packages/airflow/example_dags/example_branch_operator_decorator.py took 0.046 seconds
[2025-03-24T16:25:59.805-1000] {processor.py:186} INFO - Started process (PID=27731) to work on /opt/anaconda3/envs/titanic/lib/python3.11/site-packages/airflow/example_dags/example_branch_operator_decorator.py
[2025-03-24T16:25:59.805-1000] {processor.py:914} INFO - Processing file /opt/anaconda3/envs/titanic/lib/python3.11/site-packages/airflow/example_dags/example_branch_operator_decorator.py for tasks to queue
[2025-03-24T16:25:59.806-1000] {logging_mixin.py:190} INFO - [2025-03-24T16:25:59.806-1000] {dagbag.py:588} INFO - Filling up the DagBag from /opt/anaconda3/envs/titanic/lib/python3.11/site-packages/airflow/example_dags/example_branch_operator_decorator.py
[2025-03-24T16:25:59.811-1000] {processor.py:927} WARNING - No viable dags retrieved from /opt/anaconda3/envs/titanic/lib/python3.11/site-packages/airflow/example_dags/example_branch_operator_decorator.py
[2025-03-24T16:25:59.833-1000] {processor.py:208} INFO - Processing /opt/anaconda3/envs/titanic/lib/python3.11/site-packages/airflow/example_dags/example_branch_operator_decorator.py took 0.047 seconds
[2025-03-24T16:27:48.914-1000] {processor.py:186} INFO - Started process (PID=28147) to work on /opt/anaconda3/envs/titanic/lib/python3.11/site-packages/airflow/example_dags/example_branch_operator_decorator.py
[2025-03-24T16:27:48.914-1000] {processor.py:914} INFO - Processing file /opt/anaconda3/envs/titanic/lib/python3.11/site-packages/airflow/example_dags/example_branch_operator_decorator.py for tasks to queue
[2025-03-24T16:27:48.914-1000] {logging_mixin.py:190} INFO - [2025-03-24T16:27:48.914-1000] {dagbag.py:588} INFO - Filling up the DagBag from /opt/anaconda3/envs/titanic/lib/python3.11/site-packages/airflow/example_dags/example_branch_operator_decorator.py
[2025-03-24T16:27:48.920-1000] {processor.py:927} WARNING - No viable dags retrieved from /opt/anaconda3/envs/titanic/lib/python3.11/site-packages/airflow/example_dags/example_branch_operator_decorator.py
[2025-03-24T16:27:48.941-1000] {processor.py:208} INFO - Processing /opt/anaconda3/envs/titanic/lib/python3.11/site-packages/airflow/example_dags/example_branch_operator_decorator.py took 0.047 seconds
[2025-03-24T16:29:35.678-1000] {processor.py:186} INFO - Started process (PID=28548) to work on /opt/anaconda3/envs/titanic/lib/python3.11/site-packages/airflow/example_dags/example_branch_operator_decorator.py
[2025-03-24T16:29:35.679-1000] {processor.py:914} INFO - Processing file /opt/anaconda3/envs/titanic/lib/python3.11/site-packages/airflow/example_dags/example_branch_operator_decorator.py for tasks to queue
[2025-03-24T16:29:35.679-1000] {logging_mixin.py:190} INFO - [2025-03-24T16:29:35.679-1000] {dagbag.py:588} INFO - Filling up the DagBag from /opt/anaconda3/envs/titanic/lib/python3.11/site-packages/airflow/example_dags/example_branch_operator_decorator.py
[2025-03-24T16:29:35.684-1000] {processor.py:927} WARNING - No viable dags retrieved from /opt/anaconda3/envs/titanic/lib/python3.11/site-packages/airflow/example_dags/example_branch_operator_decorator.py
[2025-03-24T16:29:35.706-1000] {processor.py:208} INFO - Processing /opt/anaconda3/envs/titanic/lib/python3.11/site-packages/airflow/example_dags/example_branch_operator_decorator.py took 0.049 seconds
[2025-03-24T16:31:25.643-1000] {processor.py:186} INFO - Started process (PID=28966) to work on /opt/anaconda3/envs/titanic/lib/python3.11/site-packages/airflow/example_dags/example_branch_operator_decorator.py
[2025-03-24T16:31:25.643-1000] {processor.py:914} INFO - Processing file /opt/anaconda3/envs/titanic/lib/python3.11/site-packages/airflow/example_dags/example_branch_operator_decorator.py for tasks to queue
[2025-03-24T16:31:25.644-1000] {logging_mixin.py:190} INFO - [2025-03-24T16:31:25.644-1000] {dagbag.py:588} INFO - Filling up the DagBag from /opt/anaconda3/envs/titanic/lib/python3.11/site-packages/airflow/example_dags/example_branch_operator_decorator.py
[2025-03-24T16:31:25.649-1000] {processor.py:927} WARNING - No viable dags retrieved from /opt/anaconda3/envs/titanic/lib/python3.11/site-packages/airflow/example_dags/example_branch_operator_decorator.py
[2025-03-24T16:31:25.670-1000] {processor.py:208} INFO - Processing /opt/anaconda3/envs/titanic/lib/python3.11/site-packages/airflow/example_dags/example_branch_operator_decorator.py took 0.046 seconds
[2025-03-24T16:33:15.961-1000] {processor.py:186} INFO - Started process (PID=29399) to work on /opt/anaconda3/envs/titanic/lib/python3.11/site-packages/airflow/example_dags/example_branch_operator_decorator.py
[2025-03-24T16:33:15.962-1000] {processor.py:914} INFO - Processing file /opt/anaconda3/envs/titanic/lib/python3.11/site-packages/airflow/example_dags/example_branch_operator_decorator.py for tasks to queue
[2025-03-24T16:33:15.962-1000] {logging_mixin.py:190} INFO - [2025-03-24T16:33:15.962-1000] {dagbag.py:588} INFO - Filling up the DagBag from /opt/anaconda3/envs/titanic/lib/python3.11/site-packages/airflow/example_dags/example_branch_operator_decorator.py
[2025-03-24T16:33:15.968-1000] {processor.py:927} WARNING - No viable dags retrieved from /opt/anaconda3/envs/titanic/lib/python3.11/site-packages/airflow/example_dags/example_branch_operator_decorator.py
[2025-03-24T16:33:15.989-1000] {processor.py:208} INFO - Processing /opt/anaconda3/envs/titanic/lib/python3.11/site-packages/airflow/example_dags/example_branch_operator_decorator.py took 0.048 seconds
[2025-03-24T16:35:04.779-1000] {processor.py:186} INFO - Started process (PID=29812) to work on /opt/anaconda3/envs/titanic/lib/python3.11/site-packages/airflow/example_dags/example_branch_operator_decorator.py
[2025-03-24T16:35:04.780-1000] {processor.py:914} INFO - Processing file /opt/anaconda3/envs/titanic/lib/python3.11/site-packages/airflow/example_dags/example_branch_operator_decorator.py for tasks to queue
[2025-03-24T16:35:04.780-1000] {logging_mixin.py:190} INFO - [2025-03-24T16:35:04.780-1000] {dagbag.py:588} INFO - Filling up the DagBag from /opt/anaconda3/envs/titanic/lib/python3.11/site-packages/airflow/example_dags/example_branch_operator_decorator.py
[2025-03-24T16:35:04.786-1000] {processor.py:927} WARNING - No viable dags retrieved from /opt/anaconda3/envs/titanic/lib/python3.11/site-packages/airflow/example_dags/example_branch_operator_decorator.py
[2025-03-24T16:35:04.808-1000] {processor.py:208} INFO - Processing /opt/anaconda3/envs/titanic/lib/python3.11/site-packages/airflow/example_dags/example_branch_operator_decorator.py took 0.052 seconds
[2025-03-24T16:36:54.200-1000] {processor.py:186} INFO - Started process (PID=30226) to work on /opt/anaconda3/envs/titanic/lib/python3.11/site-packages/airflow/example_dags/example_branch_operator_decorator.py
[2025-03-24T16:36:54.200-1000] {processor.py:914} INFO - Processing file /opt/anaconda3/envs/titanic/lib/python3.11/site-packages/airflow/example_dags/example_branch_operator_decorator.py for tasks to queue
[2025-03-24T16:36:54.201-1000] {logging_mixin.py:190} INFO - [2025-03-24T16:36:54.201-1000] {dagbag.py:588} INFO - Filling up the DagBag from /opt/anaconda3/envs/titanic/lib/python3.11/site-packages/airflow/example_dags/example_branch_operator_decorator.py
[2025-03-24T16:36:54.206-1000] {processor.py:927} WARNING - No viable dags retrieved from /opt/anaconda3/envs/titanic/lib/python3.11/site-packages/airflow/example_dags/example_branch_operator_decorator.py
[2025-03-24T16:36:54.227-1000] {processor.py:208} INFO - Processing /opt/anaconda3/envs/titanic/lib/python3.11/site-packages/airflow/example_dags/example_branch_operator_decorator.py took 0.047 seconds
[2025-03-24T16:38:50.051-1000] {processor.py:186} INFO - Started process (PID=30689) to work on /opt/anaconda3/envs/titanic/lib/python3.11/site-packages/airflow/example_dags/example_branch_operator_decorator.py
[2025-03-24T16:38:50.052-1000] {processor.py:914} INFO - Processing file /opt/anaconda3/envs/titanic/lib/python3.11/site-packages/airflow/example_dags/example_branch_operator_decorator.py for tasks to queue
[2025-03-24T16:38:50.052-1000] {logging_mixin.py:190} INFO - [2025-03-24T16:38:50.052-1000] {dagbag.py:588} INFO - Filling up the DagBag from /opt/anaconda3/envs/titanic/lib/python3.11/site-packages/airflow/example_dags/example_branch_operator_decorator.py
[2025-03-24T16:38:50.057-1000] {processor.py:927} WARNING - No viable dags retrieved from /opt/anaconda3/envs/titanic/lib/python3.11/site-packages/airflow/example_dags/example_branch_operator_decorator.py
[2025-03-24T16:38:50.079-1000] {processor.py:208} INFO - Processing /opt/anaconda3/envs/titanic/lib/python3.11/site-packages/airflow/example_dags/example_branch_operator_decorator.py took 0.049 seconds
[2025-03-24T16:40:48.214-1000] {processor.py:186} INFO - Started process (PID=31141) to work on /opt/anaconda3/envs/titanic/lib/python3.11/site-packages/airflow/example_dags/example_branch_operator_decorator.py
[2025-03-24T16:40:48.214-1000] {processor.py:914} INFO - Processing file /opt/anaconda3/envs/titanic/lib/python3.11/site-packages/airflow/example_dags/example_branch_operator_decorator.py for tasks to queue
[2025-03-24T16:40:48.215-1000] {logging_mixin.py:190} INFO - [2025-03-24T16:40:48.215-1000] {dagbag.py:588} INFO - Filling up the DagBag from /opt/anaconda3/envs/titanic/lib/python3.11/site-packages/airflow/example_dags/example_branch_operator_decorator.py
[2025-03-24T16:40:48.220-1000] {processor.py:927} WARNING - No viable dags retrieved from /opt/anaconda3/envs/titanic/lib/python3.11/site-packages/airflow/example_dags/example_branch_operator_decorator.py
[2025-03-24T16:40:48.241-1000] {processor.py:208} INFO - Processing /opt/anaconda3/envs/titanic/lib/python3.11/site-packages/airflow/example_dags/example_branch_operator_decorator.py took 0.047 seconds
[2025-03-24T16:42:42.305-1000] {processor.py:186} INFO - Started process (PID=31579) to work on /opt/anaconda3/envs/titanic/lib/python3.11/site-packages/airflow/example_dags/example_branch_operator_decorator.py
[2025-03-24T16:42:42.306-1000] {processor.py:914} INFO - Processing file /opt/anaconda3/envs/titanic/lib/python3.11/site-packages/airflow/example_dags/example_branch_operator_decorator.py for tasks to queue
[2025-03-24T16:42:42.306-1000] {logging_mixin.py:190} INFO - [2025-03-24T16:42:42.306-1000] {dagbag.py:588} INFO - Filling up the DagBag from /opt/anaconda3/envs/titanic/lib/python3.11/site-packages/airflow/example_dags/example_branch_operator_decorator.py
[2025-03-24T16:42:42.312-1000] {processor.py:927} WARNING - No viable dags retrieved from /opt/anaconda3/envs/titanic/lib/python3.11/site-packages/airflow/example_dags/example_branch_operator_decorator.py
[2025-03-24T16:42:42.333-1000] {processor.py:208} INFO - Processing /opt/anaconda3/envs/titanic/lib/python3.11/site-packages/airflow/example_dags/example_branch_operator_decorator.py took 0.048 seconds
[2025-03-24T16:44:33.370-1000] {processor.py:186} INFO - Started process (PID=32003) to work on /opt/anaconda3/envs/titanic/lib/python3.11/site-packages/airflow/example_dags/example_branch_operator_decorator.py
[2025-03-24T16:44:33.371-1000] {processor.py:914} INFO - Processing file /opt/anaconda3/envs/titanic/lib/python3.11/site-packages/airflow/example_dags/example_branch_operator_decorator.py for tasks to queue
[2025-03-24T16:44:33.371-1000] {logging_mixin.py:190} INFO - [2025-03-24T16:44:33.371-1000] {dagbag.py:588} INFO - Filling up the DagBag from /opt/anaconda3/envs/titanic/lib/python3.11/site-packages/airflow/example_dags/example_branch_operator_decorator.py
[2025-03-24T16:44:33.376-1000] {processor.py:927} WARNING - No viable dags retrieved from /opt/anaconda3/envs/titanic/lib/python3.11/site-packages/airflow/example_dags/example_branch_operator_decorator.py
[2025-03-24T16:44:33.398-1000] {processor.py:208} INFO - Processing /opt/anaconda3/envs/titanic/lib/python3.11/site-packages/airflow/example_dags/example_branch_operator_decorator.py took 0.047 seconds
[2025-03-24T16:46:23.476-1000] {processor.py:186} INFO - Started process (PID=32431) to work on /opt/anaconda3/envs/titanic/lib/python3.11/site-packages/airflow/example_dags/example_branch_operator_decorator.py
[2025-03-24T16:46:23.476-1000] {processor.py:914} INFO - Processing file /opt/anaconda3/envs/titanic/lib/python3.11/site-packages/airflow/example_dags/example_branch_operator_decorator.py for tasks to queue
[2025-03-24T16:46:23.476-1000] {logging_mixin.py:190} INFO - [2025-03-24T16:46:23.476-1000] {dagbag.py:588} INFO - Filling up the DagBag from /opt/anaconda3/envs/titanic/lib/python3.11/site-packages/airflow/example_dags/example_branch_operator_decorator.py
[2025-03-24T16:46:23.482-1000] {processor.py:927} WARNING - No viable dags retrieved from /opt/anaconda3/envs/titanic/lib/python3.11/site-packages/airflow/example_dags/example_branch_operator_decorator.py
[2025-03-24T16:46:23.503-1000] {processor.py:208} INFO - Processing /opt/anaconda3/envs/titanic/lib/python3.11/site-packages/airflow/example_dags/example_branch_operator_decorator.py took 0.048 seconds
[2025-03-24T16:48:16.258-1000] {processor.py:186} INFO - Started process (PID=32906) to work on /opt/anaconda3/envs/titanic/lib/python3.11/site-packages/airflow/example_dags/example_branch_operator_decorator.py
[2025-03-24T16:48:16.260-1000] {processor.py:914} INFO - Processing file /opt/anaconda3/envs/titanic/lib/python3.11/site-packages/airflow/example_dags/example_branch_operator_decorator.py for tasks to queue
[2025-03-24T16:48:16.260-1000] {logging_mixin.py:190} INFO - [2025-03-24T16:48:16.260-1000] {dagbag.py:588} INFO - Filling up the DagBag from /opt/anaconda3/envs/titanic/lib/python3.11/site-packages/airflow/example_dags/example_branch_operator_decorator.py
[2025-03-24T16:48:16.265-1000] {processor.py:927} WARNING - No viable dags retrieved from /opt/anaconda3/envs/titanic/lib/python3.11/site-packages/airflow/example_dags/example_branch_operator_decorator.py
[2025-03-24T16:48:16.287-1000] {processor.py:208} INFO - Processing /opt/anaconda3/envs/titanic/lib/python3.11/site-packages/airflow/example_dags/example_branch_operator_decorator.py took 0.048 seconds
[2025-03-24T16:50:14.693-1000] {processor.py:186} INFO - Started process (PID=33429) to work on /opt/anaconda3/envs/titanic/lib/python3.11/site-packages/airflow/example_dags/example_branch_operator_decorator.py
[2025-03-24T16:50:14.694-1000] {processor.py:914} INFO - Processing file /opt/anaconda3/envs/titanic/lib/python3.11/site-packages/airflow/example_dags/example_branch_operator_decorator.py for tasks to queue
[2025-03-24T16:50:14.695-1000] {logging_mixin.py:190} INFO - [2025-03-24T16:50:14.695-1000] {dagbag.py:588} INFO - Filling up the DagBag from /opt/anaconda3/envs/titanic/lib/python3.11/site-packages/airflow/example_dags/example_branch_operator_decorator.py
[2025-03-24T16:50:14.700-1000] {processor.py:927} WARNING - No viable dags retrieved from /opt/anaconda3/envs/titanic/lib/python3.11/site-packages/airflow/example_dags/example_branch_operator_decorator.py
[2025-03-24T16:50:14.721-1000] {processor.py:208} INFO - Processing /opt/anaconda3/envs/titanic/lib/python3.11/site-packages/airflow/example_dags/example_branch_operator_decorator.py took 0.029 seconds
[2025-03-24T16:52:09.288-1000] {processor.py:186} INFO - Started process (PID=33858) to work on /opt/anaconda3/envs/titanic/lib/python3.11/site-packages/airflow/example_dags/example_branch_operator_decorator.py
[2025-03-24T16:52:09.289-1000] {processor.py:914} INFO - Processing file /opt/anaconda3/envs/titanic/lib/python3.11/site-packages/airflow/example_dags/example_branch_operator_decorator.py for tasks to queue
[2025-03-24T16:52:09.289-1000] {logging_mixin.py:190} INFO - [2025-03-24T16:52:09.289-1000] {dagbag.py:588} INFO - Filling up the DagBag from /opt/anaconda3/envs/titanic/lib/python3.11/site-packages/airflow/example_dags/example_branch_operator_decorator.py
[2025-03-24T16:52:09.295-1000] {processor.py:927} WARNING - No viable dags retrieved from /opt/anaconda3/envs/titanic/lib/python3.11/site-packages/airflow/example_dags/example_branch_operator_decorator.py
[2025-03-24T16:52:09.315-1000] {processor.py:208} INFO - Processing /opt/anaconda3/envs/titanic/lib/python3.11/site-packages/airflow/example_dags/example_branch_operator_decorator.py took 0.028 seconds
[2025-03-24T16:54:08.157-1000] {processor.py:186} INFO - Started process (PID=34303) to work on /opt/anaconda3/envs/titanic/lib/python3.11/site-packages/airflow/example_dags/example_branch_operator_decorator.py
[2025-03-24T16:54:08.158-1000] {processor.py:914} INFO - Processing file /opt/anaconda3/envs/titanic/lib/python3.11/site-packages/airflow/example_dags/example_branch_operator_decorator.py for tasks to queue
[2025-03-24T16:54:08.158-1000] {logging_mixin.py:190} INFO - [2025-03-24T16:54:08.158-1000] {dagbag.py:588} INFO - Filling up the DagBag from /opt/anaconda3/envs/titanic/lib/python3.11/site-packages/airflow/example_dags/example_branch_operator_decorator.py
[2025-03-24T16:54:08.164-1000] {processor.py:927} WARNING - No viable dags retrieved from /opt/anaconda3/envs/titanic/lib/python3.11/site-packages/airflow/example_dags/example_branch_operator_decorator.py
[2025-03-24T16:54:08.185-1000] {processor.py:208} INFO - Processing /opt/anaconda3/envs/titanic/lib/python3.11/site-packages/airflow/example_dags/example_branch_operator_decorator.py took 0.029 seconds
[2025-03-24T16:55:58.291-1000] {processor.py:186} INFO - Started process (PID=34718) to work on /opt/anaconda3/envs/titanic/lib/python3.11/site-packages/airflow/example_dags/example_branch_operator_decorator.py
[2025-03-24T16:55:58.291-1000] {processor.py:914} INFO - Processing file /opt/anaconda3/envs/titanic/lib/python3.11/site-packages/airflow/example_dags/example_branch_operator_decorator.py for tasks to queue
[2025-03-24T16:55:58.291-1000] {logging_mixin.py:190} INFO - [2025-03-24T16:55:58.291-1000] {dagbag.py:588} INFO - Filling up the DagBag from /opt/anaconda3/envs/titanic/lib/python3.11/site-packages/airflow/example_dags/example_branch_operator_decorator.py
[2025-03-24T16:55:58.297-1000] {processor.py:927} WARNING - No viable dags retrieved from /opt/anaconda3/envs/titanic/lib/python3.11/site-packages/airflow/example_dags/example_branch_operator_decorator.py
[2025-03-24T16:55:58.318-1000] {processor.py:208} INFO - Processing /opt/anaconda3/envs/titanic/lib/python3.11/site-packages/airflow/example_dags/example_branch_operator_decorator.py took 0.028 seconds
[2025-03-24T16:57:47.735-1000] {processor.py:186} INFO - Started process (PID=35130) to work on /opt/anaconda3/envs/titanic/lib/python3.11/site-packages/airflow/example_dags/example_branch_operator_decorator.py
[2025-03-24T16:57:47.735-1000] {processor.py:914} INFO - Processing file /opt/anaconda3/envs/titanic/lib/python3.11/site-packages/airflow/example_dags/example_branch_operator_decorator.py for tasks to queue
[2025-03-24T16:57:47.735-1000] {logging_mixin.py:190} INFO - [2025-03-24T16:57:47.735-1000] {dagbag.py:588} INFO - Filling up the DagBag from /opt/anaconda3/envs/titanic/lib/python3.11/site-packages/airflow/example_dags/example_branch_operator_decorator.py
[2025-03-24T16:57:47.741-1000] {processor.py:927} WARNING - No viable dags retrieved from /opt/anaconda3/envs/titanic/lib/python3.11/site-packages/airflow/example_dags/example_branch_operator_decorator.py
[2025-03-24T16:57:47.761-1000] {processor.py:208} INFO - Processing /opt/anaconda3/envs/titanic/lib/python3.11/site-packages/airflow/example_dags/example_branch_operator_decorator.py took 0.027 seconds
[2025-03-24T16:59:36.460-1000] {processor.py:186} INFO - Started process (PID=35552) to work on /opt/anaconda3/envs/titanic/lib/python3.11/site-packages/airflow/example_dags/example_branch_operator_decorator.py
[2025-03-24T16:59:36.461-1000] {processor.py:914} INFO - Processing file /opt/anaconda3/envs/titanic/lib/python3.11/site-packages/airflow/example_dags/example_branch_operator_decorator.py for tasks to queue
[2025-03-24T16:59:36.461-1000] {logging_mixin.py:190} INFO - [2025-03-24T16:59:36.461-1000] {dagbag.py:588} INFO - Filling up the DagBag from /opt/anaconda3/envs/titanic/lib/python3.11/site-packages/airflow/example_dags/example_branch_operator_decorator.py
[2025-03-24T16:59:36.466-1000] {processor.py:927} WARNING - No viable dags retrieved from /opt/anaconda3/envs/titanic/lib/python3.11/site-packages/airflow/example_dags/example_branch_operator_decorator.py
[2025-03-24T16:59:36.487-1000] {processor.py:208} INFO - Processing /opt/anaconda3/envs/titanic/lib/python3.11/site-packages/airflow/example_dags/example_branch_operator_decorator.py took 0.028 seconds
[2025-03-24T17:01:35.060-1000] {processor.py:186} INFO - Started process (PID=35997) to work on /opt/anaconda3/envs/titanic/lib/python3.11/site-packages/airflow/example_dags/example_branch_operator_decorator.py
[2025-03-24T17:01:35.061-1000] {processor.py:914} INFO - Processing file /opt/anaconda3/envs/titanic/lib/python3.11/site-packages/airflow/example_dags/example_branch_operator_decorator.py for tasks to queue
[2025-03-24T17:01:35.061-1000] {logging_mixin.py:190} INFO - [2025-03-24T17:01:35.061-1000] {dagbag.py:588} INFO - Filling up the DagBag from /opt/anaconda3/envs/titanic/lib/python3.11/site-packages/airflow/example_dags/example_branch_operator_decorator.py
[2025-03-24T17:01:35.066-1000] {processor.py:927} WARNING - No viable dags retrieved from /opt/anaconda3/envs/titanic/lib/python3.11/site-packages/airflow/example_dags/example_branch_operator_decorator.py
[2025-03-24T17:01:35.088-1000] {processor.py:208} INFO - Processing /opt/anaconda3/envs/titanic/lib/python3.11/site-packages/airflow/example_dags/example_branch_operator_decorator.py took 0.028 seconds
[2025-03-24T17:03:32.559-1000] {processor.py:186} INFO - Started process (PID=36441) to work on /opt/anaconda3/envs/titanic/lib/python3.11/site-packages/airflow/example_dags/example_branch_operator_decorator.py
[2025-03-24T17:03:32.559-1000] {processor.py:914} INFO - Processing file /opt/anaconda3/envs/titanic/lib/python3.11/site-packages/airflow/example_dags/example_branch_operator_decorator.py for tasks to queue
[2025-03-24T17:03:32.559-1000] {logging_mixin.py:190} INFO - [2025-03-24T17:03:32.559-1000] {dagbag.py:588} INFO - Filling up the DagBag from /opt/anaconda3/envs/titanic/lib/python3.11/site-packages/airflow/example_dags/example_branch_operator_decorator.py
[2025-03-24T17:03:32.565-1000] {processor.py:927} WARNING - No viable dags retrieved from /opt/anaconda3/envs/titanic/lib/python3.11/site-packages/airflow/example_dags/example_branch_operator_decorator.py
[2025-03-24T17:03:32.586-1000] {processor.py:208} INFO - Processing /opt/anaconda3/envs/titanic/lib/python3.11/site-packages/airflow/example_dags/example_branch_operator_decorator.py took 0.028 seconds
[2025-03-24T17:05:26.450-1000] {processor.py:186} INFO - Started process (PID=36869) to work on /opt/anaconda3/envs/titanic/lib/python3.11/site-packages/airflow/example_dags/example_branch_operator_decorator.py
[2025-03-24T17:05:26.450-1000] {processor.py:914} INFO - Processing file /opt/anaconda3/envs/titanic/lib/python3.11/site-packages/airflow/example_dags/example_branch_operator_decorator.py for tasks to queue
[2025-03-24T17:05:26.451-1000] {logging_mixin.py:190} INFO - [2025-03-24T17:05:26.451-1000] {dagbag.py:588} INFO - Filling up the DagBag from /opt/anaconda3/envs/titanic/lib/python3.11/site-packages/airflow/example_dags/example_branch_operator_decorator.py
[2025-03-24T17:05:26.456-1000] {processor.py:927} WARNING - No viable dags retrieved from /opt/anaconda3/envs/titanic/lib/python3.11/site-packages/airflow/example_dags/example_branch_operator_decorator.py
[2025-03-24T17:05:26.477-1000] {processor.py:208} INFO - Processing /opt/anaconda3/envs/titanic/lib/python3.11/site-packages/airflow/example_dags/example_branch_operator_decorator.py took 0.027 seconds
[2025-03-24T17:07:13.391-1000] {processor.py:186} INFO - Started process (PID=37309) to work on /opt/anaconda3/envs/titanic/lib/python3.11/site-packages/airflow/example_dags/example_branch_operator_decorator.py
[2025-03-24T17:07:13.391-1000] {processor.py:914} INFO - Processing file /opt/anaconda3/envs/titanic/lib/python3.11/site-packages/airflow/example_dags/example_branch_operator_decorator.py for tasks to queue
[2025-03-24T17:07:13.391-1000] {logging_mixin.py:190} INFO - [2025-03-24T17:07:13.391-1000] {dagbag.py:588} INFO - Filling up the DagBag from /opt/anaconda3/envs/titanic/lib/python3.11/site-packages/airflow/example_dags/example_branch_operator_decorator.py
[2025-03-24T17:07:13.397-1000] {processor.py:927} WARNING - No viable dags retrieved from /opt/anaconda3/envs/titanic/lib/python3.11/site-packages/airflow/example_dags/example_branch_operator_decorator.py
[2025-03-24T17:07:13.417-1000] {processor.py:208} INFO - Processing /opt/anaconda3/envs/titanic/lib/python3.11/site-packages/airflow/example_dags/example_branch_operator_decorator.py took 0.027 seconds
[2025-03-24T17:09:05.744-1000] {processor.py:186} INFO - Started process (PID=37737) to work on /opt/anaconda3/envs/titanic/lib/python3.11/site-packages/airflow/example_dags/example_branch_operator_decorator.py
[2025-03-24T17:09:05.744-1000] {processor.py:914} INFO - Processing file /opt/anaconda3/envs/titanic/lib/python3.11/site-packages/airflow/example_dags/example_branch_operator_decorator.py for tasks to queue
[2025-03-24T17:09:05.745-1000] {logging_mixin.py:190} INFO - [2025-03-24T17:09:05.745-1000] {dagbag.py:588} INFO - Filling up the DagBag from /opt/anaconda3/envs/titanic/lib/python3.11/site-packages/airflow/example_dags/example_branch_operator_decorator.py
[2025-03-24T17:09:05.750-1000] {processor.py:927} WARNING - No viable dags retrieved from /opt/anaconda3/envs/titanic/lib/python3.11/site-packages/airflow/example_dags/example_branch_operator_decorator.py
[2025-03-24T17:09:05.770-1000] {processor.py:208} INFO - Processing /opt/anaconda3/envs/titanic/lib/python3.11/site-packages/airflow/example_dags/example_branch_operator_decorator.py took 0.027 seconds
[2025-03-24T17:10:52.367-1000] {processor.py:186} INFO - Started process (PID=38143) to work on /opt/anaconda3/envs/titanic/lib/python3.11/site-packages/airflow/example_dags/example_branch_operator_decorator.py
[2025-03-24T17:10:52.368-1000] {processor.py:914} INFO - Processing file /opt/anaconda3/envs/titanic/lib/python3.11/site-packages/airflow/example_dags/example_branch_operator_decorator.py for tasks to queue
[2025-03-24T17:10:52.368-1000] {logging_mixin.py:190} INFO - [2025-03-24T17:10:52.368-1000] {dagbag.py:588} INFO - Filling up the DagBag from /opt/anaconda3/envs/titanic/lib/python3.11/site-packages/airflow/example_dags/example_branch_operator_decorator.py
[2025-03-24T17:10:52.373-1000] {processor.py:927} WARNING - No viable dags retrieved from /opt/anaconda3/envs/titanic/lib/python3.11/site-packages/airflow/example_dags/example_branch_operator_decorator.py
[2025-03-24T17:10:52.394-1000] {processor.py:208} INFO - Processing /opt/anaconda3/envs/titanic/lib/python3.11/site-packages/airflow/example_dags/example_branch_operator_decorator.py took 0.027 seconds
[2025-03-24T17:12:40.465-1000] {processor.py:186} INFO - Started process (PID=38555) to work on /opt/anaconda3/envs/titanic/lib/python3.11/site-packages/airflow/example_dags/example_branch_operator_decorator.py
[2025-03-24T17:12:40.465-1000] {processor.py:914} INFO - Processing file /opt/anaconda3/envs/titanic/lib/python3.11/site-packages/airflow/example_dags/example_branch_operator_decorator.py for tasks to queue
[2025-03-24T17:12:40.466-1000] {logging_mixin.py:190} INFO - [2025-03-24T17:12:40.465-1000] {dagbag.py:588} INFO - Filling up the DagBag from /opt/anaconda3/envs/titanic/lib/python3.11/site-packages/airflow/example_dags/example_branch_operator_decorator.py
[2025-03-24T17:12:40.471-1000] {processor.py:927} WARNING - No viable dags retrieved from /opt/anaconda3/envs/titanic/lib/python3.11/site-packages/airflow/example_dags/example_branch_operator_decorator.py
[2025-03-24T17:12:40.493-1000] {processor.py:208} INFO - Processing /opt/anaconda3/envs/titanic/lib/python3.11/site-packages/airflow/example_dags/example_branch_operator_decorator.py took 0.029 seconds
[2025-03-24T17:14:31.557-1000] {processor.py:186} INFO - Started process (PID=38978) to work on /opt/anaconda3/envs/titanic/lib/python3.11/site-packages/airflow/example_dags/example_branch_operator_decorator.py
[2025-03-24T17:14:31.558-1000] {processor.py:914} INFO - Processing file /opt/anaconda3/envs/titanic/lib/python3.11/site-packages/airflow/example_dags/example_branch_operator_decorator.py for tasks to queue
[2025-03-24T17:14:31.558-1000] {logging_mixin.py:190} INFO - [2025-03-24T17:14:31.558-1000] {dagbag.py:588} INFO - Filling up the DagBag from /opt/anaconda3/envs/titanic/lib/python3.11/site-packages/airflow/example_dags/example_branch_operator_decorator.py
[2025-03-24T17:14:31.563-1000] {processor.py:927} WARNING - No viable dags retrieved from /opt/anaconda3/envs/titanic/lib/python3.11/site-packages/airflow/example_dags/example_branch_operator_decorator.py
[2025-03-24T17:14:31.584-1000] {processor.py:208} INFO - Processing /opt/anaconda3/envs/titanic/lib/python3.11/site-packages/airflow/example_dags/example_branch_operator_decorator.py took 0.027 seconds
[2025-03-24T17:16:21.127-1000] {processor.py:186} INFO - Started process (PID=39394) to work on /opt/anaconda3/envs/titanic/lib/python3.11/site-packages/airflow/example_dags/example_branch_operator_decorator.py
[2025-03-24T17:16:21.127-1000] {processor.py:914} INFO - Processing file /opt/anaconda3/envs/titanic/lib/python3.11/site-packages/airflow/example_dags/example_branch_operator_decorator.py for tasks to queue
[2025-03-24T17:16:21.127-1000] {logging_mixin.py:190} INFO - [2025-03-24T17:16:21.127-1000] {dagbag.py:588} INFO - Filling up the DagBag from /opt/anaconda3/envs/titanic/lib/python3.11/site-packages/airflow/example_dags/example_branch_operator_decorator.py
[2025-03-24T17:16:21.134-1000] {processor.py:927} WARNING - No viable dags retrieved from /opt/anaconda3/envs/titanic/lib/python3.11/site-packages/airflow/example_dags/example_branch_operator_decorator.py
[2025-03-24T17:16:21.154-1000] {processor.py:208} INFO - Processing /opt/anaconda3/envs/titanic/lib/python3.11/site-packages/airflow/example_dags/example_branch_operator_decorator.py took 0.028 seconds
[2025-03-24T17:18:08.073-1000] {processor.py:186} INFO - Started process (PID=39801) to work on /opt/anaconda3/envs/titanic/lib/python3.11/site-packages/airflow/example_dags/example_branch_operator_decorator.py
[2025-03-24T17:18:08.073-1000] {processor.py:914} INFO - Processing file /opt/anaconda3/envs/titanic/lib/python3.11/site-packages/airflow/example_dags/example_branch_operator_decorator.py for tasks to queue
[2025-03-24T17:18:08.073-1000] {logging_mixin.py:190} INFO - [2025-03-24T17:18:08.073-1000] {dagbag.py:588} INFO - Filling up the DagBag from /opt/anaconda3/envs/titanic/lib/python3.11/site-packages/airflow/example_dags/example_branch_operator_decorator.py
[2025-03-24T17:18:08.079-1000] {processor.py:927} WARNING - No viable dags retrieved from /opt/anaconda3/envs/titanic/lib/python3.11/site-packages/airflow/example_dags/example_branch_operator_decorator.py
[2025-03-24T17:18:08.099-1000] {processor.py:208} INFO - Processing /opt/anaconda3/envs/titanic/lib/python3.11/site-packages/airflow/example_dags/example_branch_operator_decorator.py took 0.028 seconds
[2025-03-24T17:19:59.062-1000] {processor.py:186} INFO - Started process (PID=40242) to work on /opt/anaconda3/envs/titanic/lib/python3.11/site-packages/airflow/example_dags/example_branch_operator_decorator.py
[2025-03-24T17:19:59.064-1000] {processor.py:914} INFO - Processing file /opt/anaconda3/envs/titanic/lib/python3.11/site-packages/airflow/example_dags/example_branch_operator_decorator.py for tasks to queue
[2025-03-24T17:19:59.064-1000] {logging_mixin.py:190} INFO - [2025-03-24T17:19:59.064-1000] {dagbag.py:588} INFO - Filling up the DagBag from /opt/anaconda3/envs/titanic/lib/python3.11/site-packages/airflow/example_dags/example_branch_operator_decorator.py
[2025-03-24T17:19:59.069-1000] {processor.py:927} WARNING - No viable dags retrieved from /opt/anaconda3/envs/titanic/lib/python3.11/site-packages/airflow/example_dags/example_branch_operator_decorator.py
[2025-03-24T17:19:59.090-1000] {processor.py:208} INFO - Processing /opt/anaconda3/envs/titanic/lib/python3.11/site-packages/airflow/example_dags/example_branch_operator_decorator.py took 0.028 seconds
[2025-03-24T17:21:54.730-1000] {processor.py:186} INFO - Started process (PID=40685) to work on /opt/anaconda3/envs/titanic/lib/python3.11/site-packages/airflow/example_dags/example_branch_operator_decorator.py
[2025-03-24T17:21:54.731-1000] {processor.py:914} INFO - Processing file /opt/anaconda3/envs/titanic/lib/python3.11/site-packages/airflow/example_dags/example_branch_operator_decorator.py for tasks to queue
[2025-03-24T17:21:54.731-1000] {logging_mixin.py:190} INFO - [2025-03-24T17:21:54.731-1000] {dagbag.py:588} INFO - Filling up the DagBag from /opt/anaconda3/envs/titanic/lib/python3.11/site-packages/airflow/example_dags/example_branch_operator_decorator.py
[2025-03-24T17:21:54.737-1000] {processor.py:927} WARNING - No viable dags retrieved from /opt/anaconda3/envs/titanic/lib/python3.11/site-packages/airflow/example_dags/example_branch_operator_decorator.py
[2025-03-24T17:21:54.758-1000] {processor.py:208} INFO - Processing /opt/anaconda3/envs/titanic/lib/python3.11/site-packages/airflow/example_dags/example_branch_operator_decorator.py took 0.029 seconds
[2025-03-24T17:23:44.500-1000] {processor.py:186} INFO - Started process (PID=41134) to work on /opt/anaconda3/envs/titanic/lib/python3.11/site-packages/airflow/example_dags/example_branch_operator_decorator.py
[2025-03-24T17:23:44.501-1000] {processor.py:914} INFO - Processing file /opt/anaconda3/envs/titanic/lib/python3.11/site-packages/airflow/example_dags/example_branch_operator_decorator.py for tasks to queue
[2025-03-24T17:23:44.501-1000] {logging_mixin.py:190} INFO - [2025-03-24T17:23:44.501-1000] {dagbag.py:588} INFO - Filling up the DagBag from /opt/anaconda3/envs/titanic/lib/python3.11/site-packages/airflow/example_dags/example_branch_operator_decorator.py
[2025-03-24T17:23:44.507-1000] {processor.py:927} WARNING - No viable dags retrieved from /opt/anaconda3/envs/titanic/lib/python3.11/site-packages/airflow/example_dags/example_branch_operator_decorator.py
[2025-03-24T17:23:44.528-1000] {processor.py:208} INFO - Processing /opt/anaconda3/envs/titanic/lib/python3.11/site-packages/airflow/example_dags/example_branch_operator_decorator.py took 0.029 seconds
[2025-03-24T17:25:35.866-1000] {processor.py:186} INFO - Started process (PID=41557) to work on /opt/anaconda3/envs/titanic/lib/python3.11/site-packages/airflow/example_dags/example_branch_operator_decorator.py
[2025-03-24T17:25:35.866-1000] {processor.py:914} INFO - Processing file /opt/anaconda3/envs/titanic/lib/python3.11/site-packages/airflow/example_dags/example_branch_operator_decorator.py for tasks to queue
[2025-03-24T17:25:35.867-1000] {logging_mixin.py:190} INFO - [2025-03-24T17:25:35.867-1000] {dagbag.py:588} INFO - Filling up the DagBag from /opt/anaconda3/envs/titanic/lib/python3.11/site-packages/airflow/example_dags/example_branch_operator_decorator.py
[2025-03-24T17:25:35.873-1000] {processor.py:927} WARNING - No viable dags retrieved from /opt/anaconda3/envs/titanic/lib/python3.11/site-packages/airflow/example_dags/example_branch_operator_decorator.py
[2025-03-24T17:25:35.897-1000] {processor.py:208} INFO - Processing /opt/anaconda3/envs/titanic/lib/python3.11/site-packages/airflow/example_dags/example_branch_operator_decorator.py took 0.032 seconds
[2025-03-24T17:27:40.716-1000] {processor.py:186} INFO - Started process (PID=42127) to work on /opt/anaconda3/envs/titanic/lib/python3.11/site-packages/airflow/example_dags/example_branch_operator_decorator.py
[2025-03-24T17:27:40.716-1000] {processor.py:914} INFO - Processing file /opt/anaconda3/envs/titanic/lib/python3.11/site-packages/airflow/example_dags/example_branch_operator_decorator.py for tasks to queue
[2025-03-24T17:27:40.716-1000] {logging_mixin.py:190} INFO - [2025-03-24T17:27:40.716-1000] {dagbag.py:588} INFO - Filling up the DagBag from /opt/anaconda3/envs/titanic/lib/python3.11/site-packages/airflow/example_dags/example_branch_operator_decorator.py
[2025-03-24T17:27:40.722-1000] {processor.py:927} WARNING - No viable dags retrieved from /opt/anaconda3/envs/titanic/lib/python3.11/site-packages/airflow/example_dags/example_branch_operator_decorator.py
[2025-03-24T17:27:40.743-1000] {processor.py:208} INFO - Processing /opt/anaconda3/envs/titanic/lib/python3.11/site-packages/airflow/example_dags/example_branch_operator_decorator.py took 0.028 seconds
[2025-03-24T17:29:34.340-1000] {processor.py:186} INFO - Started process (PID=42588) to work on /opt/anaconda3/envs/titanic/lib/python3.11/site-packages/airflow/example_dags/example_branch_operator_decorator.py
[2025-03-24T17:29:34.340-1000] {processor.py:914} INFO - Processing file /opt/anaconda3/envs/titanic/lib/python3.11/site-packages/airflow/example_dags/example_branch_operator_decorator.py for tasks to queue
[2025-03-24T17:29:34.341-1000] {logging_mixin.py:190} INFO - [2025-03-24T17:29:34.341-1000] {dagbag.py:588} INFO - Filling up the DagBag from /opt/anaconda3/envs/titanic/lib/python3.11/site-packages/airflow/example_dags/example_branch_operator_decorator.py
[2025-03-24T17:29:34.346-1000] {processor.py:927} WARNING - No viable dags retrieved from /opt/anaconda3/envs/titanic/lib/python3.11/site-packages/airflow/example_dags/example_branch_operator_decorator.py
[2025-03-24T17:29:34.367-1000] {processor.py:208} INFO - Processing /opt/anaconda3/envs/titanic/lib/python3.11/site-packages/airflow/example_dags/example_branch_operator_decorator.py took 0.028 seconds
[2025-03-24T17:31:31.829-1000] {processor.py:186} INFO - Started process (PID=43114) to work on /opt/anaconda3/envs/titanic/lib/python3.11/site-packages/airflow/example_dags/example_branch_operator_decorator.py
[2025-03-24T17:31:31.830-1000] {processor.py:914} INFO - Processing file /opt/anaconda3/envs/titanic/lib/python3.11/site-packages/airflow/example_dags/example_branch_operator_decorator.py for tasks to queue
[2025-03-24T17:31:31.830-1000] {logging_mixin.py:190} INFO - [2025-03-24T17:31:31.830-1000] {dagbag.py:588} INFO - Filling up the DagBag from /opt/anaconda3/envs/titanic/lib/python3.11/site-packages/airflow/example_dags/example_branch_operator_decorator.py
[2025-03-24T17:31:31.836-1000] {processor.py:927} WARNING - No viable dags retrieved from /opt/anaconda3/envs/titanic/lib/python3.11/site-packages/airflow/example_dags/example_branch_operator_decorator.py
[2025-03-24T17:31:31.857-1000] {processor.py:208} INFO - Processing /opt/anaconda3/envs/titanic/lib/python3.11/site-packages/airflow/example_dags/example_branch_operator_decorator.py took 0.029 seconds
[2025-03-24T17:33:30.320-1000] {processor.py:186} INFO - Started process (PID=43601) to work on /opt/anaconda3/envs/titanic/lib/python3.11/site-packages/airflow/example_dags/example_branch_operator_decorator.py
[2025-03-24T17:33:30.320-1000] {processor.py:914} INFO - Processing file /opt/anaconda3/envs/titanic/lib/python3.11/site-packages/airflow/example_dags/example_branch_operator_decorator.py for tasks to queue
[2025-03-24T17:33:30.320-1000] {logging_mixin.py:190} INFO - [2025-03-24T17:33:30.320-1000] {dagbag.py:588} INFO - Filling up the DagBag from /opt/anaconda3/envs/titanic/lib/python3.11/site-packages/airflow/example_dags/example_branch_operator_decorator.py
[2025-03-24T17:33:30.326-1000] {processor.py:927} WARNING - No viable dags retrieved from /opt/anaconda3/envs/titanic/lib/python3.11/site-packages/airflow/example_dags/example_branch_operator_decorator.py
[2025-03-24T17:33:30.346-1000] {processor.py:208} INFO - Processing /opt/anaconda3/envs/titanic/lib/python3.11/site-packages/airflow/example_dags/example_branch_operator_decorator.py took 0.027 seconds
