[2025-03-24T15:51:58.842-1000] {processor.py:186} INFO - Started process (PID=19518) to work on /opt/anaconda3/envs/titanic/lib/python3.11/site-packages/airflow/example_dags/example_branch_operator.py
[2025-03-24T15:51:58.843-1000] {processor.py:914} INFO - Processing file /opt/anaconda3/envs/titanic/lib/python3.11/site-packages/airflow/example_dags/example_branch_operator.py for tasks to queue
[2025-03-24T15:51:58.843-1000] {logging_mixin.py:190} INFO - [2025-03-24T15:51:58.843-1000] {dagbag.py:588} INFO - Filling up the DagBag from /opt/anaconda3/envs/titanic/lib/python3.11/site-packages/airflow/example_dags/example_branch_operator.py
[2025-03-24T15:51:58.849-1000] {processor.py:927} WARNING - No viable dags retrieved from /opt/anaconda3/envs/titanic/lib/python3.11/site-packages/airflow/example_dags/example_branch_operator.py
[2025-03-24T15:51:58.873-1000] {processor.py:208} INFO - Processing /opt/anaconda3/envs/titanic/lib/python3.11/site-packages/airflow/example_dags/example_branch_operator.py took 0.056 seconds
[2025-03-24T15:54:01.253-1000] {processor.py:186} INFO - Started process (PID=20240) to work on /opt/anaconda3/envs/titanic/lib/python3.11/site-packages/airflow/example_dags/example_branch_operator.py
[2025-03-24T15:54:01.255-1000] {processor.py:914} INFO - Processing file /opt/anaconda3/envs/titanic/lib/python3.11/site-packages/airflow/example_dags/example_branch_operator.py for tasks to queue
[2025-03-24T15:54:01.255-1000] {logging_mixin.py:190} INFO - [2025-03-24T15:54:01.255-1000] {dagbag.py:588} INFO - Filling up the DagBag from /opt/anaconda3/envs/titanic/lib/python3.11/site-packages/airflow/example_dags/example_branch_operator.py
[2025-03-24T15:54:01.261-1000] {processor.py:927} WARNING - No viable dags retrieved from /opt/anaconda3/envs/titanic/lib/python3.11/site-packages/airflow/example_dags/example_branch_operator.py
[2025-03-24T15:54:01.282-1000] {processor.py:208} INFO - Processing /opt/anaconda3/envs/titanic/lib/python3.11/site-packages/airflow/example_dags/example_branch_operator.py took 0.049 seconds
[2025-03-24T15:55:50.685-1000] {processor.py:186} INFO - Started process (PID=20663) to work on /opt/anaconda3/envs/titanic/lib/python3.11/site-packages/airflow/example_dags/example_branch_operator.py
[2025-03-24T15:55:50.685-1000] {processor.py:914} INFO - Processing file /opt/anaconda3/envs/titanic/lib/python3.11/site-packages/airflow/example_dags/example_branch_operator.py for tasks to queue
[2025-03-24T15:55:50.686-1000] {logging_mixin.py:190} INFO - [2025-03-24T15:55:50.686-1000] {dagbag.py:588} INFO - Filling up the DagBag from /opt/anaconda3/envs/titanic/lib/python3.11/site-packages/airflow/example_dags/example_branch_operator.py
[2025-03-24T15:55:50.691-1000] {processor.py:927} WARNING - No viable dags retrieved from /opt/anaconda3/envs/titanic/lib/python3.11/site-packages/airflow/example_dags/example_branch_operator.py
[2025-03-24T15:55:50.713-1000] {processor.py:208} INFO - Processing /opt/anaconda3/envs/titanic/lib/python3.11/site-packages/airflow/example_dags/example_branch_operator.py took 0.047 seconds
[2025-03-24T15:57:39.956-1000] {processor.py:186} INFO - Started process (PID=21081) to work on /opt/anaconda3/envs/titanic/lib/python3.11/site-packages/airflow/example_dags/example_branch_operator.py
[2025-03-24T15:57:39.957-1000] {processor.py:914} INFO - Processing file /opt/anaconda3/envs/titanic/lib/python3.11/site-packages/airflow/example_dags/example_branch_operator.py for tasks to queue
[2025-03-24T15:57:39.958-1000] {logging_mixin.py:190} INFO - [2025-03-24T15:57:39.958-1000] {dagbag.py:588} INFO - Filling up the DagBag from /opt/anaconda3/envs/titanic/lib/python3.11/site-packages/airflow/example_dags/example_branch_operator.py
[2025-03-24T15:57:39.963-1000] {processor.py:927} WARNING - No viable dags retrieved from /opt/anaconda3/envs/titanic/lib/python3.11/site-packages/airflow/example_dags/example_branch_operator.py
[2025-03-24T15:57:39.985-1000] {processor.py:208} INFO - Processing /opt/anaconda3/envs/titanic/lib/python3.11/site-packages/airflow/example_dags/example_branch_operator.py took 0.048 seconds
[2025-03-24T15:59:25.567-1000] {processor.py:186} INFO - Started process (PID=21497) to work on /opt/anaconda3/envs/titanic/lib/python3.11/site-packages/airflow/example_dags/example_branch_operator.py
[2025-03-24T15:59:25.568-1000] {processor.py:914} INFO - Processing file /opt/anaconda3/envs/titanic/lib/python3.11/site-packages/airflow/example_dags/example_branch_operator.py for tasks to queue
[2025-03-24T15:59:25.568-1000] {logging_mixin.py:190} INFO - [2025-03-24T15:59:25.568-1000] {dagbag.py:588} INFO - Filling up the DagBag from /opt/anaconda3/envs/titanic/lib/python3.11/site-packages/airflow/example_dags/example_branch_operator.py
[2025-03-24T15:59:25.574-1000] {processor.py:927} WARNING - No viable dags retrieved from /opt/anaconda3/envs/titanic/lib/python3.11/site-packages/airflow/example_dags/example_branch_operator.py
[2025-03-24T15:59:25.596-1000] {processor.py:208} INFO - Processing /opt/anaconda3/envs/titanic/lib/python3.11/site-packages/airflow/example_dags/example_branch_operator.py took 0.051 seconds
[2025-03-24T16:01:39.837-1000] {processor.py:186} INFO - Started process (PID=22002) to work on /opt/anaconda3/envs/titanic/lib/python3.11/site-packages/airflow/example_dags/example_branch_operator.py
[2025-03-24T16:01:39.838-1000] {processor.py:914} INFO - Processing file /opt/anaconda3/envs/titanic/lib/python3.11/site-packages/airflow/example_dags/example_branch_operator.py for tasks to queue
[2025-03-24T16:01:39.839-1000] {logging_mixin.py:190} INFO - [2025-03-24T16:01:39.839-1000] {dagbag.py:588} INFO - Filling up the DagBag from /opt/anaconda3/envs/titanic/lib/python3.11/site-packages/airflow/example_dags/example_branch_operator.py
[2025-03-24T16:01:39.844-1000] {processor.py:927} WARNING - No viable dags retrieved from /opt/anaconda3/envs/titanic/lib/python3.11/site-packages/airflow/example_dags/example_branch_operator.py
[2025-03-24T16:01:39.865-1000] {processor.py:208} INFO - Processing /opt/anaconda3/envs/titanic/lib/python3.11/site-packages/airflow/example_dags/example_branch_operator.py took 0.047 seconds
[2025-03-24T16:03:27.573-1000] {processor.py:186} INFO - Started process (PID=22411) to work on /opt/anaconda3/envs/titanic/lib/python3.11/site-packages/airflow/example_dags/example_branch_operator.py
[2025-03-24T16:03:27.573-1000] {processor.py:914} INFO - Processing file /opt/anaconda3/envs/titanic/lib/python3.11/site-packages/airflow/example_dags/example_branch_operator.py for tasks to queue
[2025-03-24T16:03:27.574-1000] {logging_mixin.py:190} INFO - [2025-03-24T16:03:27.573-1000] {dagbag.py:588} INFO - Filling up the DagBag from /opt/anaconda3/envs/titanic/lib/python3.11/site-packages/airflow/example_dags/example_branch_operator.py
[2025-03-24T16:03:27.579-1000] {processor.py:927} WARNING - No viable dags retrieved from /opt/anaconda3/envs/titanic/lib/python3.11/site-packages/airflow/example_dags/example_branch_operator.py
[2025-03-24T16:03:27.600-1000] {processor.py:208} INFO - Processing /opt/anaconda3/envs/titanic/lib/python3.11/site-packages/airflow/example_dags/example_branch_operator.py took 0.048 seconds
[2025-03-24T16:05:14.767-1000] {processor.py:186} INFO - Started process (PID=22821) to work on /opt/anaconda3/envs/titanic/lib/python3.11/site-packages/airflow/example_dags/example_branch_operator.py
[2025-03-24T16:05:14.768-1000] {processor.py:914} INFO - Processing file /opt/anaconda3/envs/titanic/lib/python3.11/site-packages/airflow/example_dags/example_branch_operator.py for tasks to queue
[2025-03-24T16:05:14.768-1000] {logging_mixin.py:190} INFO - [2025-03-24T16:05:14.768-1000] {dagbag.py:588} INFO - Filling up the DagBag from /opt/anaconda3/envs/titanic/lib/python3.11/site-packages/airflow/example_dags/example_branch_operator.py
[2025-03-24T16:05:14.773-1000] {processor.py:927} WARNING - No viable dags retrieved from /opt/anaconda3/envs/titanic/lib/python3.11/site-packages/airflow/example_dags/example_branch_operator.py
[2025-03-24T16:05:14.795-1000] {processor.py:208} INFO - Processing /opt/anaconda3/envs/titanic/lib/python3.11/site-packages/airflow/example_dags/example_branch_operator.py took 0.048 seconds
[2025-03-24T16:07:02.630-1000] {processor.py:186} INFO - Started process (PID=23262) to work on /opt/anaconda3/envs/titanic/lib/python3.11/site-packages/airflow/example_dags/example_branch_operator.py
[2025-03-24T16:07:02.631-1000] {processor.py:914} INFO - Processing file /opt/anaconda3/envs/titanic/lib/python3.11/site-packages/airflow/example_dags/example_branch_operator.py for tasks to queue
[2025-03-24T16:07:02.631-1000] {logging_mixin.py:190} INFO - [2025-03-24T16:07:02.631-1000] {dagbag.py:588} INFO - Filling up the DagBag from /opt/anaconda3/envs/titanic/lib/python3.11/site-packages/airflow/example_dags/example_branch_operator.py
[2025-03-24T16:07:02.636-1000] {processor.py:927} WARNING - No viable dags retrieved from /opt/anaconda3/envs/titanic/lib/python3.11/site-packages/airflow/example_dags/example_branch_operator.py
[2025-03-24T16:07:02.657-1000] {processor.py:208} INFO - Processing /opt/anaconda3/envs/titanic/lib/python3.11/site-packages/airflow/example_dags/example_branch_operator.py took 0.047 seconds
[2025-03-24T16:08:54.518-1000] {processor.py:186} INFO - Started process (PID=23685) to work on /opt/anaconda3/envs/titanic/lib/python3.11/site-packages/airflow/example_dags/example_branch_operator.py
[2025-03-24T16:08:54.518-1000] {processor.py:914} INFO - Processing file /opt/anaconda3/envs/titanic/lib/python3.11/site-packages/airflow/example_dags/example_branch_operator.py for tasks to queue
[2025-03-24T16:08:54.518-1000] {logging_mixin.py:190} INFO - [2025-03-24T16:08:54.518-1000] {dagbag.py:588} INFO - Filling up the DagBag from /opt/anaconda3/envs/titanic/lib/python3.11/site-packages/airflow/example_dags/example_branch_operator.py
[2025-03-24T16:08:54.524-1000] {processor.py:927} WARNING - No viable dags retrieved from /opt/anaconda3/envs/titanic/lib/python3.11/site-packages/airflow/example_dags/example_branch_operator.py
[2025-03-24T16:08:54.545-1000] {processor.py:208} INFO - Processing /opt/anaconda3/envs/titanic/lib/python3.11/site-packages/airflow/example_dags/example_branch_operator.py took 0.047 seconds
[2025-03-24T16:10:55.906-1000] {processor.py:186} INFO - Started process (PID=24176) to work on /opt/anaconda3/envs/titanic/lib/python3.11/site-packages/airflow/example_dags/example_branch_operator.py
[2025-03-24T16:10:55.908-1000] {processor.py:914} INFO - Processing file /opt/anaconda3/envs/titanic/lib/python3.11/site-packages/airflow/example_dags/example_branch_operator.py for tasks to queue
[2025-03-24T16:10:55.908-1000] {logging_mixin.py:190} INFO - [2025-03-24T16:10:55.908-1000] {dagbag.py:588} INFO - Filling up the DagBag from /opt/anaconda3/envs/titanic/lib/python3.11/site-packages/airflow/example_dags/example_branch_operator.py
[2025-03-24T16:10:55.913-1000] {processor.py:927} WARNING - No viable dags retrieved from /opt/anaconda3/envs/titanic/lib/python3.11/site-packages/airflow/example_dags/example_branch_operator.py
[2025-03-24T16:10:55.935-1000] {processor.py:208} INFO - Processing /opt/anaconda3/envs/titanic/lib/python3.11/site-packages/airflow/example_dags/example_branch_operator.py took 0.049 seconds
[2025-03-24T16:12:53.636-1000] {processor.py:186} INFO - Started process (PID=24673) to work on /opt/anaconda3/envs/titanic/lib/python3.11/site-packages/airflow/example_dags/example_branch_operator.py
[2025-03-24T16:12:53.636-1000] {processor.py:914} INFO - Processing file /opt/anaconda3/envs/titanic/lib/python3.11/site-packages/airflow/example_dags/example_branch_operator.py for tasks to queue
[2025-03-24T16:12:53.637-1000] {logging_mixin.py:190} INFO - [2025-03-24T16:12:53.637-1000] {dagbag.py:588} INFO - Filling up the DagBag from /opt/anaconda3/envs/titanic/lib/python3.11/site-packages/airflow/example_dags/example_branch_operator.py
[2025-03-24T16:12:53.642-1000] {processor.py:927} WARNING - No viable dags retrieved from /opt/anaconda3/envs/titanic/lib/python3.11/site-packages/airflow/example_dags/example_branch_operator.py
[2025-03-24T16:12:53.664-1000] {processor.py:208} INFO - Processing /opt/anaconda3/envs/titanic/lib/python3.11/site-packages/airflow/example_dags/example_branch_operator.py took 0.051 seconds
[2025-03-24T16:14:50.181-1000] {processor.py:186} INFO - Started process (PID=25128) to work on /opt/anaconda3/envs/titanic/lib/python3.11/site-packages/airflow/example_dags/example_branch_operator.py
[2025-03-24T16:14:50.182-1000] {processor.py:914} INFO - Processing file /opt/anaconda3/envs/titanic/lib/python3.11/site-packages/airflow/example_dags/example_branch_operator.py for tasks to queue
[2025-03-24T16:14:50.182-1000] {logging_mixin.py:190} INFO - [2025-03-24T16:14:50.182-1000] {dagbag.py:588} INFO - Filling up the DagBag from /opt/anaconda3/envs/titanic/lib/python3.11/site-packages/airflow/example_dags/example_branch_operator.py
[2025-03-24T16:14:50.188-1000] {processor.py:927} WARNING - No viable dags retrieved from /opt/anaconda3/envs/titanic/lib/python3.11/site-packages/airflow/example_dags/example_branch_operator.py
[2025-03-24T16:14:50.209-1000] {processor.py:208} INFO - Processing /opt/anaconda3/envs/titanic/lib/python3.11/site-packages/airflow/example_dags/example_branch_operator.py took 0.047 seconds
[2025-03-24T16:16:42.834-1000] {processor.py:186} INFO - Started process (PID=25578) to work on /opt/anaconda3/envs/titanic/lib/python3.11/site-packages/airflow/example_dags/example_branch_operator.py
[2025-03-24T16:16:42.834-1000] {processor.py:914} INFO - Processing file /opt/anaconda3/envs/titanic/lib/python3.11/site-packages/airflow/example_dags/example_branch_operator.py for tasks to queue
[2025-03-24T16:16:42.834-1000] {logging_mixin.py:190} INFO - [2025-03-24T16:16:42.834-1000] {dagbag.py:588} INFO - Filling up the DagBag from /opt/anaconda3/envs/titanic/lib/python3.11/site-packages/airflow/example_dags/example_branch_operator.py
[2025-03-24T16:16:42.839-1000] {processor.py:927} WARNING - No viable dags retrieved from /opt/anaconda3/envs/titanic/lib/python3.11/site-packages/airflow/example_dags/example_branch_operator.py
[2025-03-24T16:16:42.860-1000] {processor.py:208} INFO - Processing /opt/anaconda3/envs/titanic/lib/python3.11/site-packages/airflow/example_dags/example_branch_operator.py took 0.046 seconds
[2025-03-24T16:18:33.640-1000] {processor.py:186} INFO - Started process (PID=26017) to work on /opt/anaconda3/envs/titanic/lib/python3.11/site-packages/airflow/example_dags/example_branch_operator.py
[2025-03-24T16:18:33.640-1000] {processor.py:914} INFO - Processing file /opt/anaconda3/envs/titanic/lib/python3.11/site-packages/airflow/example_dags/example_branch_operator.py for tasks to queue
[2025-03-24T16:18:33.640-1000] {logging_mixin.py:190} INFO - [2025-03-24T16:18:33.640-1000] {dagbag.py:588} INFO - Filling up the DagBag from /opt/anaconda3/envs/titanic/lib/python3.11/site-packages/airflow/example_dags/example_branch_operator.py
[2025-03-24T16:18:33.646-1000] {processor.py:927} WARNING - No viable dags retrieved from /opt/anaconda3/envs/titanic/lib/python3.11/site-packages/airflow/example_dags/example_branch_operator.py
[2025-03-24T16:18:33.667-1000] {processor.py:208} INFO - Processing /opt/anaconda3/envs/titanic/lib/python3.11/site-packages/airflow/example_dags/example_branch_operator.py took 0.047 seconds
[2025-03-24T16:20:24.941-1000] {processor.py:186} INFO - Started process (PID=26446) to work on /opt/anaconda3/envs/titanic/lib/python3.11/site-packages/airflow/example_dags/example_branch_operator.py
[2025-03-24T16:20:24.943-1000] {processor.py:914} INFO - Processing file /opt/anaconda3/envs/titanic/lib/python3.11/site-packages/airflow/example_dags/example_branch_operator.py for tasks to queue
[2025-03-24T16:20:24.943-1000] {logging_mixin.py:190} INFO - [2025-03-24T16:20:24.943-1000] {dagbag.py:588} INFO - Filling up the DagBag from /opt/anaconda3/envs/titanic/lib/python3.11/site-packages/airflow/example_dags/example_branch_operator.py
[2025-03-24T16:20:24.949-1000] {processor.py:927} WARNING - No viable dags retrieved from /opt/anaconda3/envs/titanic/lib/python3.11/site-packages/airflow/example_dags/example_branch_operator.py
[2025-03-24T16:20:24.970-1000] {processor.py:208} INFO - Processing /opt/anaconda3/envs/titanic/lib/python3.11/site-packages/airflow/example_dags/example_branch_operator.py took 0.048 seconds
[2025-03-24T16:22:15.322-1000] {processor.py:186} INFO - Started process (PID=26857) to work on /opt/anaconda3/envs/titanic/lib/python3.11/site-packages/airflow/example_dags/example_branch_operator.py
[2025-03-24T16:22:15.322-1000] {processor.py:914} INFO - Processing file /opt/anaconda3/envs/titanic/lib/python3.11/site-packages/airflow/example_dags/example_branch_operator.py for tasks to queue
[2025-03-24T16:22:15.322-1000] {logging_mixin.py:190} INFO - [2025-03-24T16:22:15.322-1000] {dagbag.py:588} INFO - Filling up the DagBag from /opt/anaconda3/envs/titanic/lib/python3.11/site-packages/airflow/example_dags/example_branch_operator.py
[2025-03-24T16:22:15.328-1000] {processor.py:927} WARNING - No viable dags retrieved from /opt/anaconda3/envs/titanic/lib/python3.11/site-packages/airflow/example_dags/example_branch_operator.py
[2025-03-24T16:22:15.349-1000] {processor.py:208} INFO - Processing /opt/anaconda3/envs/titanic/lib/python3.11/site-packages/airflow/example_dags/example_branch_operator.py took 0.047 seconds
[2025-03-24T16:24:08.700-1000] {processor.py:186} INFO - Started process (PID=27311) to work on /opt/anaconda3/envs/titanic/lib/python3.11/site-packages/airflow/example_dags/example_branch_operator.py
[2025-03-24T16:24:08.701-1000] {processor.py:914} INFO - Processing file /opt/anaconda3/envs/titanic/lib/python3.11/site-packages/airflow/example_dags/example_branch_operator.py for tasks to queue
[2025-03-24T16:24:08.701-1000] {logging_mixin.py:190} INFO - [2025-03-24T16:24:08.701-1000] {dagbag.py:588} INFO - Filling up the DagBag from /opt/anaconda3/envs/titanic/lib/python3.11/site-packages/airflow/example_dags/example_branch_operator.py
[2025-03-24T16:24:08.706-1000] {processor.py:927} WARNING - No viable dags retrieved from /opt/anaconda3/envs/titanic/lib/python3.11/site-packages/airflow/example_dags/example_branch_operator.py
[2025-03-24T16:24:08.727-1000] {processor.py:208} INFO - Processing /opt/anaconda3/envs/titanic/lib/python3.11/site-packages/airflow/example_dags/example_branch_operator.py took 0.047 seconds
[2025-03-24T16:26:01.427-1000] {processor.py:186} INFO - Started process (PID=27738) to work on /opt/anaconda3/envs/titanic/lib/python3.11/site-packages/airflow/example_dags/example_branch_operator.py
[2025-03-24T16:26:01.428-1000] {processor.py:914} INFO - Processing file /opt/anaconda3/envs/titanic/lib/python3.11/site-packages/airflow/example_dags/example_branch_operator.py for tasks to queue
[2025-03-24T16:26:01.428-1000] {logging_mixin.py:190} INFO - [2025-03-24T16:26:01.428-1000] {dagbag.py:588} INFO - Filling up the DagBag from /opt/anaconda3/envs/titanic/lib/python3.11/site-packages/airflow/example_dags/example_branch_operator.py
[2025-03-24T16:26:01.434-1000] {processor.py:927} WARNING - No viable dags retrieved from /opt/anaconda3/envs/titanic/lib/python3.11/site-packages/airflow/example_dags/example_branch_operator.py
[2025-03-24T16:26:01.456-1000] {processor.py:208} INFO - Processing /opt/anaconda3/envs/titanic/lib/python3.11/site-packages/airflow/example_dags/example_branch_operator.py took 0.049 seconds
[2025-03-24T16:27:50.511-1000] {processor.py:186} INFO - Started process (PID=28154) to work on /opt/anaconda3/envs/titanic/lib/python3.11/site-packages/airflow/example_dags/example_branch_operator.py
[2025-03-24T16:27:50.512-1000] {processor.py:914} INFO - Processing file /opt/anaconda3/envs/titanic/lib/python3.11/site-packages/airflow/example_dags/example_branch_operator.py for tasks to queue
[2025-03-24T16:27:50.512-1000] {logging_mixin.py:190} INFO - [2025-03-24T16:27:50.512-1000] {dagbag.py:588} INFO - Filling up the DagBag from /opt/anaconda3/envs/titanic/lib/python3.11/site-packages/airflow/example_dags/example_branch_operator.py
[2025-03-24T16:27:50.517-1000] {processor.py:927} WARNING - No viable dags retrieved from /opt/anaconda3/envs/titanic/lib/python3.11/site-packages/airflow/example_dags/example_branch_operator.py
[2025-03-24T16:27:50.539-1000] {processor.py:208} INFO - Processing /opt/anaconda3/envs/titanic/lib/python3.11/site-packages/airflow/example_dags/example_branch_operator.py took 0.047 seconds
[2025-03-24T16:29:37.282-1000] {processor.py:186} INFO - Started process (PID=28557) to work on /opt/anaconda3/envs/titanic/lib/python3.11/site-packages/airflow/example_dags/example_branch_operator.py
[2025-03-24T16:29:37.282-1000] {processor.py:914} INFO - Processing file /opt/anaconda3/envs/titanic/lib/python3.11/site-packages/airflow/example_dags/example_branch_operator.py for tasks to queue
[2025-03-24T16:29:37.282-1000] {logging_mixin.py:190} INFO - [2025-03-24T16:29:37.282-1000] {dagbag.py:588} INFO - Filling up the DagBag from /opt/anaconda3/envs/titanic/lib/python3.11/site-packages/airflow/example_dags/example_branch_operator.py
[2025-03-24T16:29:37.288-1000] {processor.py:927} WARNING - No viable dags retrieved from /opt/anaconda3/envs/titanic/lib/python3.11/site-packages/airflow/example_dags/example_branch_operator.py
[2025-03-24T16:29:37.309-1000] {processor.py:208} INFO - Processing /opt/anaconda3/envs/titanic/lib/python3.11/site-packages/airflow/example_dags/example_branch_operator.py took 0.046 seconds
[2025-03-24T16:31:27.260-1000] {processor.py:186} INFO - Started process (PID=28968) to work on /opt/anaconda3/envs/titanic/lib/python3.11/site-packages/airflow/example_dags/example_branch_operator.py
[2025-03-24T16:31:27.260-1000] {processor.py:914} INFO - Processing file /opt/anaconda3/envs/titanic/lib/python3.11/site-packages/airflow/example_dags/example_branch_operator.py for tasks to queue
[2025-03-24T16:31:27.260-1000] {logging_mixin.py:190} INFO - [2025-03-24T16:31:27.260-1000] {dagbag.py:588} INFO - Filling up the DagBag from /opt/anaconda3/envs/titanic/lib/python3.11/site-packages/airflow/example_dags/example_branch_operator.py
[2025-03-24T16:31:27.265-1000] {processor.py:927} WARNING - No viable dags retrieved from /opt/anaconda3/envs/titanic/lib/python3.11/site-packages/airflow/example_dags/example_branch_operator.py
[2025-03-24T16:31:27.287-1000] {processor.py:208} INFO - Processing /opt/anaconda3/envs/titanic/lib/python3.11/site-packages/airflow/example_dags/example_branch_operator.py took 0.046 seconds
[2025-03-24T16:33:16.657-1000] {processor.py:186} INFO - Started process (PID=29406) to work on /opt/anaconda3/envs/titanic/lib/python3.11/site-packages/airflow/example_dags/example_branch_operator.py
[2025-03-24T16:33:16.658-1000] {processor.py:914} INFO - Processing file /opt/anaconda3/envs/titanic/lib/python3.11/site-packages/airflow/example_dags/example_branch_operator.py for tasks to queue
[2025-03-24T16:33:16.658-1000] {logging_mixin.py:190} INFO - [2025-03-24T16:33:16.658-1000] {dagbag.py:588} INFO - Filling up the DagBag from /opt/anaconda3/envs/titanic/lib/python3.11/site-packages/airflow/example_dags/example_branch_operator.py
[2025-03-24T16:33:16.663-1000] {processor.py:927} WARNING - No viable dags retrieved from /opt/anaconda3/envs/titanic/lib/python3.11/site-packages/airflow/example_dags/example_branch_operator.py
[2025-03-24T16:33:16.684-1000] {processor.py:208} INFO - Processing /opt/anaconda3/envs/titanic/lib/python3.11/site-packages/airflow/example_dags/example_branch_operator.py took 0.047 seconds
[2025-03-24T16:35:06.391-1000] {processor.py:186} INFO - Started process (PID=29819) to work on /opt/anaconda3/envs/titanic/lib/python3.11/site-packages/airflow/example_dags/example_branch_operator.py
[2025-03-24T16:35:06.392-1000] {processor.py:914} INFO - Processing file /opt/anaconda3/envs/titanic/lib/python3.11/site-packages/airflow/example_dags/example_branch_operator.py for tasks to queue
[2025-03-24T16:35:06.392-1000] {logging_mixin.py:190} INFO - [2025-03-24T16:35:06.392-1000] {dagbag.py:588} INFO - Filling up the DagBag from /opt/anaconda3/envs/titanic/lib/python3.11/site-packages/airflow/example_dags/example_branch_operator.py
[2025-03-24T16:35:06.397-1000] {processor.py:927} WARNING - No viable dags retrieved from /opt/anaconda3/envs/titanic/lib/python3.11/site-packages/airflow/example_dags/example_branch_operator.py
[2025-03-24T16:35:06.418-1000] {processor.py:208} INFO - Processing /opt/anaconda3/envs/titanic/lib/python3.11/site-packages/airflow/example_dags/example_branch_operator.py took 0.047 seconds
[2025-03-24T16:36:55.841-1000] {processor.py:186} INFO - Started process (PID=30228) to work on /opt/anaconda3/envs/titanic/lib/python3.11/site-packages/airflow/example_dags/example_branch_operator.py
[2025-03-24T16:36:55.841-1000] {processor.py:914} INFO - Processing file /opt/anaconda3/envs/titanic/lib/python3.11/site-packages/airflow/example_dags/example_branch_operator.py for tasks to queue
[2025-03-24T16:36:55.841-1000] {logging_mixin.py:190} INFO - [2025-03-24T16:36:55.841-1000] {dagbag.py:588} INFO - Filling up the DagBag from /opt/anaconda3/envs/titanic/lib/python3.11/site-packages/airflow/example_dags/example_branch_operator.py
[2025-03-24T16:36:55.846-1000] {processor.py:927} WARNING - No viable dags retrieved from /opt/anaconda3/envs/titanic/lib/python3.11/site-packages/airflow/example_dags/example_branch_operator.py
[2025-03-24T16:36:55.868-1000] {processor.py:208} INFO - Processing /opt/anaconda3/envs/titanic/lib/python3.11/site-packages/airflow/example_dags/example_branch_operator.py took 0.047 seconds
[2025-03-24T16:38:51.694-1000] {processor.py:186} INFO - Started process (PID=30696) to work on /opt/anaconda3/envs/titanic/lib/python3.11/site-packages/airflow/example_dags/example_branch_operator.py
[2025-03-24T16:38:51.694-1000] {processor.py:914} INFO - Processing file /opt/anaconda3/envs/titanic/lib/python3.11/site-packages/airflow/example_dags/example_branch_operator.py for tasks to queue
[2025-03-24T16:38:51.695-1000] {logging_mixin.py:190} INFO - [2025-03-24T16:38:51.695-1000] {dagbag.py:588} INFO - Filling up the DagBag from /opt/anaconda3/envs/titanic/lib/python3.11/site-packages/airflow/example_dags/example_branch_operator.py
[2025-03-24T16:38:51.700-1000] {processor.py:927} WARNING - No viable dags retrieved from /opt/anaconda3/envs/titanic/lib/python3.11/site-packages/airflow/example_dags/example_branch_operator.py
[2025-03-24T16:38:51.721-1000] {processor.py:208} INFO - Processing /opt/anaconda3/envs/titanic/lib/python3.11/site-packages/airflow/example_dags/example_branch_operator.py took 0.048 seconds
[2025-03-24T16:40:48.932-1000] {processor.py:186} INFO - Started process (PID=31143) to work on /opt/anaconda3/envs/titanic/lib/python3.11/site-packages/airflow/example_dags/example_branch_operator.py
[2025-03-24T16:40:48.932-1000] {processor.py:914} INFO - Processing file /opt/anaconda3/envs/titanic/lib/python3.11/site-packages/airflow/example_dags/example_branch_operator.py for tasks to queue
[2025-03-24T16:40:48.932-1000] {logging_mixin.py:190} INFO - [2025-03-24T16:40:48.932-1000] {dagbag.py:588} INFO - Filling up the DagBag from /opt/anaconda3/envs/titanic/lib/python3.11/site-packages/airflow/example_dags/example_branch_operator.py
[2025-03-24T16:40:48.938-1000] {processor.py:927} WARNING - No viable dags retrieved from /opt/anaconda3/envs/titanic/lib/python3.11/site-packages/airflow/example_dags/example_branch_operator.py
[2025-03-24T16:40:48.960-1000] {processor.py:208} INFO - Processing /opt/anaconda3/envs/titanic/lib/python3.11/site-packages/airflow/example_dags/example_branch_operator.py took 0.047 seconds
[2025-03-24T16:42:43.941-1000] {processor.py:186} INFO - Started process (PID=31586) to work on /opt/anaconda3/envs/titanic/lib/python3.11/site-packages/airflow/example_dags/example_branch_operator.py
[2025-03-24T16:42:43.941-1000] {processor.py:914} INFO - Processing file /opt/anaconda3/envs/titanic/lib/python3.11/site-packages/airflow/example_dags/example_branch_operator.py for tasks to queue
[2025-03-24T16:42:43.942-1000] {logging_mixin.py:190} INFO - [2025-03-24T16:42:43.942-1000] {dagbag.py:588} INFO - Filling up the DagBag from /opt/anaconda3/envs/titanic/lib/python3.11/site-packages/airflow/example_dags/example_branch_operator.py
[2025-03-24T16:42:43.947-1000] {processor.py:927} WARNING - No viable dags retrieved from /opt/anaconda3/envs/titanic/lib/python3.11/site-packages/airflow/example_dags/example_branch_operator.py
[2025-03-24T16:42:43.969-1000] {processor.py:208} INFO - Processing /opt/anaconda3/envs/titanic/lib/python3.11/site-packages/airflow/example_dags/example_branch_operator.py took 0.047 seconds
[2025-03-24T16:44:34.364-1000] {processor.py:186} INFO - Started process (PID=32010) to work on /opt/anaconda3/envs/titanic/lib/python3.11/site-packages/airflow/example_dags/example_branch_operator.py
[2025-03-24T16:44:34.364-1000] {processor.py:914} INFO - Processing file /opt/anaconda3/envs/titanic/lib/python3.11/site-packages/airflow/example_dags/example_branch_operator.py for tasks to queue
[2025-03-24T16:44:34.364-1000] {logging_mixin.py:190} INFO - [2025-03-24T16:44:34.364-1000] {dagbag.py:588} INFO - Filling up the DagBag from /opt/anaconda3/envs/titanic/lib/python3.11/site-packages/airflow/example_dags/example_branch_operator.py
[2025-03-24T16:44:34.369-1000] {processor.py:927} WARNING - No viable dags retrieved from /opt/anaconda3/envs/titanic/lib/python3.11/site-packages/airflow/example_dags/example_branch_operator.py
[2025-03-24T16:44:34.391-1000] {processor.py:208} INFO - Processing /opt/anaconda3/envs/titanic/lib/python3.11/site-packages/airflow/example_dags/example_branch_operator.py took 0.047 seconds
[2025-03-24T16:46:25.103-1000] {processor.py:186} INFO - Started process (PID=32438) to work on /opt/anaconda3/envs/titanic/lib/python3.11/site-packages/airflow/example_dags/example_branch_operator.py
[2025-03-24T16:46:25.103-1000] {processor.py:914} INFO - Processing file /opt/anaconda3/envs/titanic/lib/python3.11/site-packages/airflow/example_dags/example_branch_operator.py for tasks to queue
[2025-03-24T16:46:25.104-1000] {logging_mixin.py:190} INFO - [2025-03-24T16:46:25.104-1000] {dagbag.py:588} INFO - Filling up the DagBag from /opt/anaconda3/envs/titanic/lib/python3.11/site-packages/airflow/example_dags/example_branch_operator.py
[2025-03-24T16:46:25.109-1000] {processor.py:927} WARNING - No viable dags retrieved from /opt/anaconda3/envs/titanic/lib/python3.11/site-packages/airflow/example_dags/example_branch_operator.py
[2025-03-24T16:46:25.130-1000] {processor.py:208} INFO - Processing /opt/anaconda3/envs/titanic/lib/python3.11/site-packages/airflow/example_dags/example_branch_operator.py took 0.047 seconds
[2025-03-24T16:48:17.893-1000] {processor.py:186} INFO - Started process (PID=32913) to work on /opt/anaconda3/envs/titanic/lib/python3.11/site-packages/airflow/example_dags/example_branch_operator.py
[2025-03-24T16:48:17.894-1000] {processor.py:914} INFO - Processing file /opt/anaconda3/envs/titanic/lib/python3.11/site-packages/airflow/example_dags/example_branch_operator.py for tasks to queue
[2025-03-24T16:48:17.894-1000] {logging_mixin.py:190} INFO - [2025-03-24T16:48:17.894-1000] {dagbag.py:588} INFO - Filling up the DagBag from /opt/anaconda3/envs/titanic/lib/python3.11/site-packages/airflow/example_dags/example_branch_operator.py
[2025-03-24T16:48:17.900-1000] {processor.py:927} WARNING - No viable dags retrieved from /opt/anaconda3/envs/titanic/lib/python3.11/site-packages/airflow/example_dags/example_branch_operator.py
[2025-03-24T16:48:17.921-1000] {processor.py:208} INFO - Processing /opt/anaconda3/envs/titanic/lib/python3.11/site-packages/airflow/example_dags/example_branch_operator.py took 0.048 seconds
[2025-03-24T16:50:15.423-1000] {processor.py:186} INFO - Started process (PID=33431) to work on /opt/anaconda3/envs/titanic/lib/python3.11/site-packages/airflow/example_dags/example_branch_operator.py
[2025-03-24T16:50:15.424-1000] {processor.py:914} INFO - Processing file /opt/anaconda3/envs/titanic/lib/python3.11/site-packages/airflow/example_dags/example_branch_operator.py for tasks to queue
[2025-03-24T16:50:15.425-1000] {logging_mixin.py:190} INFO - [2025-03-24T16:50:15.425-1000] {dagbag.py:588} INFO - Filling up the DagBag from /opt/anaconda3/envs/titanic/lib/python3.11/site-packages/airflow/example_dags/example_branch_operator.py
[2025-03-24T16:50:15.430-1000] {processor.py:927} WARNING - No viable dags retrieved from /opt/anaconda3/envs/titanic/lib/python3.11/site-packages/airflow/example_dags/example_branch_operator.py
[2025-03-24T16:50:15.451-1000] {processor.py:208} INFO - Processing /opt/anaconda3/envs/titanic/lib/python3.11/site-packages/airflow/example_dags/example_branch_operator.py took 0.029 seconds
[2025-03-24T16:52:10.913-1000] {processor.py:186} INFO - Started process (PID=33865) to work on /opt/anaconda3/envs/titanic/lib/python3.11/site-packages/airflow/example_dags/example_branch_operator.py
[2025-03-24T16:52:10.914-1000] {processor.py:914} INFO - Processing file /opt/anaconda3/envs/titanic/lib/python3.11/site-packages/airflow/example_dags/example_branch_operator.py for tasks to queue
[2025-03-24T16:52:10.914-1000] {logging_mixin.py:190} INFO - [2025-03-24T16:52:10.914-1000] {dagbag.py:588} INFO - Filling up the DagBag from /opt/anaconda3/envs/titanic/lib/python3.11/site-packages/airflow/example_dags/example_branch_operator.py
[2025-03-24T16:52:10.920-1000] {processor.py:927} WARNING - No viable dags retrieved from /opt/anaconda3/envs/titanic/lib/python3.11/site-packages/airflow/example_dags/example_branch_operator.py
[2025-03-24T16:52:10.941-1000] {processor.py:208} INFO - Processing /opt/anaconda3/envs/titanic/lib/python3.11/site-packages/airflow/example_dags/example_branch_operator.py took 0.029 seconds
[2025-03-24T16:54:09.753-1000] {processor.py:186} INFO - Started process (PID=34310) to work on /opt/anaconda3/envs/titanic/lib/python3.11/site-packages/airflow/example_dags/example_branch_operator.py
[2025-03-24T16:54:09.754-1000] {processor.py:914} INFO - Processing file /opt/anaconda3/envs/titanic/lib/python3.11/site-packages/airflow/example_dags/example_branch_operator.py for tasks to queue
[2025-03-24T16:54:09.754-1000] {logging_mixin.py:190} INFO - [2025-03-24T16:54:09.754-1000] {dagbag.py:588} INFO - Filling up the DagBag from /opt/anaconda3/envs/titanic/lib/python3.11/site-packages/airflow/example_dags/example_branch_operator.py
[2025-03-24T16:54:09.760-1000] {processor.py:927} WARNING - No viable dags retrieved from /opt/anaconda3/envs/titanic/lib/python3.11/site-packages/airflow/example_dags/example_branch_operator.py
[2025-03-24T16:54:09.780-1000] {processor.py:208} INFO - Processing /opt/anaconda3/envs/titanic/lib/python3.11/site-packages/airflow/example_dags/example_branch_operator.py took 0.028 seconds
[2025-03-24T16:55:59.271-1000] {processor.py:186} INFO - Started process (PID=34722) to work on /opt/anaconda3/envs/titanic/lib/python3.11/site-packages/airflow/example_dags/example_branch_operator.py
[2025-03-24T16:55:59.272-1000] {processor.py:914} INFO - Processing file /opt/anaconda3/envs/titanic/lib/python3.11/site-packages/airflow/example_dags/example_branch_operator.py for tasks to queue
[2025-03-24T16:55:59.272-1000] {logging_mixin.py:190} INFO - [2025-03-24T16:55:59.272-1000] {dagbag.py:588} INFO - Filling up the DagBag from /opt/anaconda3/envs/titanic/lib/python3.11/site-packages/airflow/example_dags/example_branch_operator.py
[2025-03-24T16:55:59.277-1000] {processor.py:927} WARNING - No viable dags retrieved from /opt/anaconda3/envs/titanic/lib/python3.11/site-packages/airflow/example_dags/example_branch_operator.py
[2025-03-24T16:55:59.298-1000] {processor.py:208} INFO - Processing /opt/anaconda3/envs/titanic/lib/python3.11/site-packages/airflow/example_dags/example_branch_operator.py took 0.028 seconds
[2025-03-24T16:57:48.426-1000] {processor.py:186} INFO - Started process (PID=35137) to work on /opt/anaconda3/envs/titanic/lib/python3.11/site-packages/airflow/example_dags/example_branch_operator.py
[2025-03-24T16:57:48.427-1000] {processor.py:914} INFO - Processing file /opt/anaconda3/envs/titanic/lib/python3.11/site-packages/airflow/example_dags/example_branch_operator.py for tasks to queue
[2025-03-24T16:57:48.427-1000] {logging_mixin.py:190} INFO - [2025-03-24T16:57:48.427-1000] {dagbag.py:588} INFO - Filling up the DagBag from /opt/anaconda3/envs/titanic/lib/python3.11/site-packages/airflow/example_dags/example_branch_operator.py
[2025-03-24T16:57:48.432-1000] {processor.py:927} WARNING - No viable dags retrieved from /opt/anaconda3/envs/titanic/lib/python3.11/site-packages/airflow/example_dags/example_branch_operator.py
[2025-03-24T16:57:48.453-1000] {processor.py:208} INFO - Processing /opt/anaconda3/envs/titanic/lib/python3.11/site-packages/airflow/example_dags/example_branch_operator.py took 0.027 seconds
[2025-03-24T16:59:38.111-1000] {processor.py:186} INFO - Started process (PID=35559) to work on /opt/anaconda3/envs/titanic/lib/python3.11/site-packages/airflow/example_dags/example_branch_operator.py
[2025-03-24T16:59:38.112-1000] {processor.py:914} INFO - Processing file /opt/anaconda3/envs/titanic/lib/python3.11/site-packages/airflow/example_dags/example_branch_operator.py for tasks to queue
[2025-03-24T16:59:38.112-1000] {logging_mixin.py:190} INFO - [2025-03-24T16:59:38.112-1000] {dagbag.py:588} INFO - Filling up the DagBag from /opt/anaconda3/envs/titanic/lib/python3.11/site-packages/airflow/example_dags/example_branch_operator.py
[2025-03-24T16:59:38.117-1000] {processor.py:927} WARNING - No viable dags retrieved from /opt/anaconda3/envs/titanic/lib/python3.11/site-packages/airflow/example_dags/example_branch_operator.py
[2025-03-24T16:59:38.139-1000] {processor.py:208} INFO - Processing /opt/anaconda3/envs/titanic/lib/python3.11/site-packages/airflow/example_dags/example_branch_operator.py took 0.028 seconds
[2025-03-24T17:01:36.703-1000] {processor.py:186} INFO - Started process (PID=36004) to work on /opt/anaconda3/envs/titanic/lib/python3.11/site-packages/airflow/example_dags/example_branch_operator.py
[2025-03-24T17:01:36.704-1000] {processor.py:914} INFO - Processing file /opt/anaconda3/envs/titanic/lib/python3.11/site-packages/airflow/example_dags/example_branch_operator.py for tasks to queue
[2025-03-24T17:01:36.704-1000] {logging_mixin.py:190} INFO - [2025-03-24T17:01:36.704-1000] {dagbag.py:588} INFO - Filling up the DagBag from /opt/anaconda3/envs/titanic/lib/python3.11/site-packages/airflow/example_dags/example_branch_operator.py
[2025-03-24T17:01:36.709-1000] {processor.py:927} WARNING - No viable dags retrieved from /opt/anaconda3/envs/titanic/lib/python3.11/site-packages/airflow/example_dags/example_branch_operator.py
[2025-03-24T17:01:36.731-1000] {processor.py:208} INFO - Processing /opt/anaconda3/envs/titanic/lib/python3.11/site-packages/airflow/example_dags/example_branch_operator.py took 0.028 seconds
[2025-03-24T17:03:34.169-1000] {processor.py:186} INFO - Started process (PID=36448) to work on /opt/anaconda3/envs/titanic/lib/python3.11/site-packages/airflow/example_dags/example_branch_operator.py
[2025-03-24T17:03:34.170-1000] {processor.py:914} INFO - Processing file /opt/anaconda3/envs/titanic/lib/python3.11/site-packages/airflow/example_dags/example_branch_operator.py for tasks to queue
[2025-03-24T17:03:34.170-1000] {logging_mixin.py:190} INFO - [2025-03-24T17:03:34.170-1000] {dagbag.py:588} INFO - Filling up the DagBag from /opt/anaconda3/envs/titanic/lib/python3.11/site-packages/airflow/example_dags/example_branch_operator.py
[2025-03-24T17:03:34.175-1000] {processor.py:927} WARNING - No viable dags retrieved from /opt/anaconda3/envs/titanic/lib/python3.11/site-packages/airflow/example_dags/example_branch_operator.py
[2025-03-24T17:03:34.196-1000] {processor.py:208} INFO - Processing /opt/anaconda3/envs/titanic/lib/python3.11/site-packages/airflow/example_dags/example_branch_operator.py took 0.027 seconds
[2025-03-24T17:05:27.247-1000] {processor.py:186} INFO - Started process (PID=36871) to work on /opt/anaconda3/envs/titanic/lib/python3.11/site-packages/airflow/example_dags/example_branch_operator.py
[2025-03-24T17:05:27.247-1000] {processor.py:914} INFO - Processing file /opt/anaconda3/envs/titanic/lib/python3.11/site-packages/airflow/example_dags/example_branch_operator.py for tasks to queue
[2025-03-24T17:05:27.247-1000] {logging_mixin.py:190} INFO - [2025-03-24T17:05:27.247-1000] {dagbag.py:588} INFO - Filling up the DagBag from /opt/anaconda3/envs/titanic/lib/python3.11/site-packages/airflow/example_dags/example_branch_operator.py
[2025-03-24T17:05:27.252-1000] {processor.py:927} WARNING - No viable dags retrieved from /opt/anaconda3/envs/titanic/lib/python3.11/site-packages/airflow/example_dags/example_branch_operator.py
[2025-03-24T17:05:27.273-1000] {processor.py:208} INFO - Processing /opt/anaconda3/envs/titanic/lib/python3.11/site-packages/airflow/example_dags/example_branch_operator.py took 0.027 seconds
[2025-03-24T17:07:15.010-1000] {processor.py:186} INFO - Started process (PID=37316) to work on /opt/anaconda3/envs/titanic/lib/python3.11/site-packages/airflow/example_dags/example_branch_operator.py
[2025-03-24T17:07:15.011-1000] {processor.py:914} INFO - Processing file /opt/anaconda3/envs/titanic/lib/python3.11/site-packages/airflow/example_dags/example_branch_operator.py for tasks to queue
[2025-03-24T17:07:15.011-1000] {logging_mixin.py:190} INFO - [2025-03-24T17:07:15.011-1000] {dagbag.py:588} INFO - Filling up the DagBag from /opt/anaconda3/envs/titanic/lib/python3.11/site-packages/airflow/example_dags/example_branch_operator.py
[2025-03-24T17:07:15.016-1000] {processor.py:927} WARNING - No viable dags retrieved from /opt/anaconda3/envs/titanic/lib/python3.11/site-packages/airflow/example_dags/example_branch_operator.py
[2025-03-24T17:07:15.037-1000] {processor.py:208} INFO - Processing /opt/anaconda3/envs/titanic/lib/python3.11/site-packages/airflow/example_dags/example_branch_operator.py took 0.028 seconds
[2025-03-24T17:09:07.039-1000] {processor.py:186} INFO - Started process (PID=37739) to work on /opt/anaconda3/envs/titanic/lib/python3.11/site-packages/airflow/example_dags/example_branch_operator.py
[2025-03-24T17:09:07.039-1000] {processor.py:914} INFO - Processing file /opt/anaconda3/envs/titanic/lib/python3.11/site-packages/airflow/example_dags/example_branch_operator.py for tasks to queue
[2025-03-24T17:09:07.039-1000] {logging_mixin.py:190} INFO - [2025-03-24T17:09:07.039-1000] {dagbag.py:588} INFO - Filling up the DagBag from /opt/anaconda3/envs/titanic/lib/python3.11/site-packages/airflow/example_dags/example_branch_operator.py
[2025-03-24T17:09:07.045-1000] {processor.py:927} WARNING - No viable dags retrieved from /opt/anaconda3/envs/titanic/lib/python3.11/site-packages/airflow/example_dags/example_branch_operator.py
[2025-03-24T17:09:07.065-1000] {processor.py:208} INFO - Processing /opt/anaconda3/envs/titanic/lib/python3.11/site-packages/airflow/example_dags/example_branch_operator.py took 0.027 seconds
[2025-03-24T17:10:53.634-1000] {processor.py:186} INFO - Started process (PID=38145) to work on /opt/anaconda3/envs/titanic/lib/python3.11/site-packages/airflow/example_dags/example_branch_operator.py
[2025-03-24T17:10:53.634-1000] {processor.py:914} INFO - Processing file /opt/anaconda3/envs/titanic/lib/python3.11/site-packages/airflow/example_dags/example_branch_operator.py for tasks to queue
[2025-03-24T17:10:53.634-1000] {logging_mixin.py:190} INFO - [2025-03-24T17:10:53.634-1000] {dagbag.py:588} INFO - Filling up the DagBag from /opt/anaconda3/envs/titanic/lib/python3.11/site-packages/airflow/example_dags/example_branch_operator.py
[2025-03-24T17:10:53.639-1000] {processor.py:927} WARNING - No viable dags retrieved from /opt/anaconda3/envs/titanic/lib/python3.11/site-packages/airflow/example_dags/example_branch_operator.py
[2025-03-24T17:10:53.660-1000] {processor.py:208} INFO - Processing /opt/anaconda3/envs/titanic/lib/python3.11/site-packages/airflow/example_dags/example_branch_operator.py took 0.028 seconds
[2025-03-24T17:12:42.114-1000] {processor.py:186} INFO - Started process (PID=38562) to work on /opt/anaconda3/envs/titanic/lib/python3.11/site-packages/airflow/example_dags/example_branch_operator.py
[2025-03-24T17:12:42.115-1000] {processor.py:914} INFO - Processing file /opt/anaconda3/envs/titanic/lib/python3.11/site-packages/airflow/example_dags/example_branch_operator.py for tasks to queue
[2025-03-24T17:12:42.115-1000] {logging_mixin.py:190} INFO - [2025-03-24T17:12:42.115-1000] {dagbag.py:588} INFO - Filling up the DagBag from /opt/anaconda3/envs/titanic/lib/python3.11/site-packages/airflow/example_dags/example_branch_operator.py
[2025-03-24T17:12:42.120-1000] {processor.py:927} WARNING - No viable dags retrieved from /opt/anaconda3/envs/titanic/lib/python3.11/site-packages/airflow/example_dags/example_branch_operator.py
[2025-03-24T17:12:42.141-1000] {processor.py:208} INFO - Processing /opt/anaconda3/envs/titanic/lib/python3.11/site-packages/airflow/example_dags/example_branch_operator.py took 0.028 seconds
[2025-03-24T17:14:32.328-1000] {processor.py:186} INFO - Started process (PID=38985) to work on /opt/anaconda3/envs/titanic/lib/python3.11/site-packages/airflow/example_dags/example_branch_operator.py
[2025-03-24T17:14:32.328-1000] {processor.py:914} INFO - Processing file /opt/anaconda3/envs/titanic/lib/python3.11/site-packages/airflow/example_dags/example_branch_operator.py for tasks to queue
[2025-03-24T17:14:32.328-1000] {logging_mixin.py:190} INFO - [2025-03-24T17:14:32.328-1000] {dagbag.py:588} INFO - Filling up the DagBag from /opt/anaconda3/envs/titanic/lib/python3.11/site-packages/airflow/example_dags/example_branch_operator.py
[2025-03-24T17:14:32.333-1000] {processor.py:927} WARNING - No viable dags retrieved from /opt/anaconda3/envs/titanic/lib/python3.11/site-packages/airflow/example_dags/example_branch_operator.py
[2025-03-24T17:14:32.354-1000] {processor.py:208} INFO - Processing /opt/anaconda3/envs/titanic/lib/python3.11/site-packages/airflow/example_dags/example_branch_operator.py took 0.027 seconds
[2025-03-24T17:16:22.247-1000] {processor.py:186} INFO - Started process (PID=39396) to work on /opt/anaconda3/envs/titanic/lib/python3.11/site-packages/airflow/example_dags/example_branch_operator.py
[2025-03-24T17:16:22.248-1000] {processor.py:914} INFO - Processing file /opt/anaconda3/envs/titanic/lib/python3.11/site-packages/airflow/example_dags/example_branch_operator.py for tasks to queue
[2025-03-24T17:16:22.248-1000] {logging_mixin.py:190} INFO - [2025-03-24T17:16:22.248-1000] {dagbag.py:588} INFO - Filling up the DagBag from /opt/anaconda3/envs/titanic/lib/python3.11/site-packages/airflow/example_dags/example_branch_operator.py
[2025-03-24T17:16:22.253-1000] {processor.py:927} WARNING - No viable dags retrieved from /opt/anaconda3/envs/titanic/lib/python3.11/site-packages/airflow/example_dags/example_branch_operator.py
[2025-03-24T17:16:22.274-1000] {processor.py:208} INFO - Processing /opt/anaconda3/envs/titanic/lib/python3.11/site-packages/airflow/example_dags/example_branch_operator.py took 0.027 seconds
[2025-03-24T17:18:09.690-1000] {processor.py:186} INFO - Started process (PID=39808) to work on /opt/anaconda3/envs/titanic/lib/python3.11/site-packages/airflow/example_dags/example_branch_operator.py
[2025-03-24T17:18:09.691-1000] {processor.py:914} INFO - Processing file /opt/anaconda3/envs/titanic/lib/python3.11/site-packages/airflow/example_dags/example_branch_operator.py for tasks to queue
[2025-03-24T17:18:09.691-1000] {logging_mixin.py:190} INFO - [2025-03-24T17:18:09.691-1000] {dagbag.py:588} INFO - Filling up the DagBag from /opt/anaconda3/envs/titanic/lib/python3.11/site-packages/airflow/example_dags/example_branch_operator.py
[2025-03-24T17:18:09.696-1000] {processor.py:927} WARNING - No viable dags retrieved from /opt/anaconda3/envs/titanic/lib/python3.11/site-packages/airflow/example_dags/example_branch_operator.py
[2025-03-24T17:18:09.716-1000] {processor.py:208} INFO - Processing /opt/anaconda3/envs/titanic/lib/python3.11/site-packages/airflow/example_dags/example_branch_operator.py took 0.027 seconds
[2025-03-24T17:20:00.572-1000] {processor.py:186} INFO - Started process (PID=40249) to work on /opt/anaconda3/envs/titanic/lib/python3.11/site-packages/airflow/example_dags/example_branch_operator.py
[2025-03-24T17:20:00.573-1000] {processor.py:914} INFO - Processing file /opt/anaconda3/envs/titanic/lib/python3.11/site-packages/airflow/example_dags/example_branch_operator.py for tasks to queue
[2025-03-24T17:20:00.573-1000] {logging_mixin.py:190} INFO - [2025-03-24T17:20:00.573-1000] {dagbag.py:588} INFO - Filling up the DagBag from /opt/anaconda3/envs/titanic/lib/python3.11/site-packages/airflow/example_dags/example_branch_operator.py
[2025-03-24T17:20:00.578-1000] {processor.py:927} WARNING - No viable dags retrieved from /opt/anaconda3/envs/titanic/lib/python3.11/site-packages/airflow/example_dags/example_branch_operator.py
[2025-03-24T17:20:00.599-1000] {processor.py:208} INFO - Processing /opt/anaconda3/envs/titanic/lib/python3.11/site-packages/airflow/example_dags/example_branch_operator.py took 0.027 seconds
[2025-03-24T17:21:55.700-1000] {processor.py:186} INFO - Started process (PID=40692) to work on /opt/anaconda3/envs/titanic/lib/python3.11/site-packages/airflow/example_dags/example_branch_operator.py
[2025-03-24T17:21:55.701-1000] {processor.py:914} INFO - Processing file /opt/anaconda3/envs/titanic/lib/python3.11/site-packages/airflow/example_dags/example_branch_operator.py for tasks to queue
[2025-03-24T17:21:55.701-1000] {logging_mixin.py:190} INFO - [2025-03-24T17:21:55.701-1000] {dagbag.py:588} INFO - Filling up the DagBag from /opt/anaconda3/envs/titanic/lib/python3.11/site-packages/airflow/example_dags/example_branch_operator.py
[2025-03-24T17:21:55.707-1000] {processor.py:927} WARNING - No viable dags retrieved from /opt/anaconda3/envs/titanic/lib/python3.11/site-packages/airflow/example_dags/example_branch_operator.py
[2025-03-24T17:21:55.728-1000] {processor.py:208} INFO - Processing /opt/anaconda3/envs/titanic/lib/python3.11/site-packages/airflow/example_dags/example_branch_operator.py took 0.029 seconds
[2025-03-24T17:23:46.165-1000] {processor.py:186} INFO - Started process (PID=41141) to work on /opt/anaconda3/envs/titanic/lib/python3.11/site-packages/airflow/example_dags/example_branch_operator.py
[2025-03-24T17:23:46.166-1000] {processor.py:914} INFO - Processing file /opt/anaconda3/envs/titanic/lib/python3.11/site-packages/airflow/example_dags/example_branch_operator.py for tasks to queue
[2025-03-24T17:23:46.166-1000] {logging_mixin.py:190} INFO - [2025-03-24T17:23:46.166-1000] {dagbag.py:588} INFO - Filling up the DagBag from /opt/anaconda3/envs/titanic/lib/python3.11/site-packages/airflow/example_dags/example_branch_operator.py
[2025-03-24T17:23:46.172-1000] {processor.py:927} WARNING - No viable dags retrieved from /opt/anaconda3/envs/titanic/lib/python3.11/site-packages/airflow/example_dags/example_branch_operator.py
[2025-03-24T17:23:46.193-1000] {processor.py:208} INFO - Processing /opt/anaconda3/envs/titanic/lib/python3.11/site-packages/airflow/example_dags/example_branch_operator.py took 0.029 seconds
[2025-03-24T17:25:36.561-1000] {processor.py:186} INFO - Started process (PID=41561) to work on /opt/anaconda3/envs/titanic/lib/python3.11/site-packages/airflow/example_dags/example_branch_operator.py
[2025-03-24T17:25:36.561-1000] {processor.py:914} INFO - Processing file /opt/anaconda3/envs/titanic/lib/python3.11/site-packages/airflow/example_dags/example_branch_operator.py for tasks to queue
[2025-03-24T17:25:36.561-1000] {logging_mixin.py:190} INFO - [2025-03-24T17:25:36.561-1000] {dagbag.py:588} INFO - Filling up the DagBag from /opt/anaconda3/envs/titanic/lib/python3.11/site-packages/airflow/example_dags/example_branch_operator.py
[2025-03-24T17:25:36.567-1000] {processor.py:927} WARNING - No viable dags retrieved from /opt/anaconda3/envs/titanic/lib/python3.11/site-packages/airflow/example_dags/example_branch_operator.py
[2025-03-24T17:25:36.588-1000] {processor.py:208} INFO - Processing /opt/anaconda3/envs/titanic/lib/python3.11/site-packages/airflow/example_dags/example_branch_operator.py took 0.028 seconds
[2025-03-24T17:27:42.357-1000] {processor.py:186} INFO - Started process (PID=42134) to work on /opt/anaconda3/envs/titanic/lib/python3.11/site-packages/airflow/example_dags/example_branch_operator.py
[2025-03-24T17:27:42.358-1000] {processor.py:914} INFO - Processing file /opt/anaconda3/envs/titanic/lib/python3.11/site-packages/airflow/example_dags/example_branch_operator.py for tasks to queue
[2025-03-24T17:27:42.358-1000] {logging_mixin.py:190} INFO - [2025-03-24T17:27:42.358-1000] {dagbag.py:588} INFO - Filling up the DagBag from /opt/anaconda3/envs/titanic/lib/python3.11/site-packages/airflow/example_dags/example_branch_operator.py
[2025-03-24T17:27:42.364-1000] {processor.py:927} WARNING - No viable dags retrieved from /opt/anaconda3/envs/titanic/lib/python3.11/site-packages/airflow/example_dags/example_branch_operator.py
[2025-03-24T17:27:42.384-1000] {processor.py:208} INFO - Processing /opt/anaconda3/envs/titanic/lib/python3.11/site-packages/airflow/example_dags/example_branch_operator.py took 0.029 seconds
[2025-03-24T17:29:35.189-1000] {processor.py:186} INFO - Started process (PID=42595) to work on /opt/anaconda3/envs/titanic/lib/python3.11/site-packages/airflow/example_dags/example_branch_operator.py
[2025-03-24T17:29:35.189-1000] {processor.py:914} INFO - Processing file /opt/anaconda3/envs/titanic/lib/python3.11/site-packages/airflow/example_dags/example_branch_operator.py for tasks to queue
[2025-03-24T17:29:35.189-1000] {logging_mixin.py:190} INFO - [2025-03-24T17:29:35.189-1000] {dagbag.py:588} INFO - Filling up the DagBag from /opt/anaconda3/envs/titanic/lib/python3.11/site-packages/airflow/example_dags/example_branch_operator.py
[2025-03-24T17:29:35.195-1000] {processor.py:927} WARNING - No viable dags retrieved from /opt/anaconda3/envs/titanic/lib/python3.11/site-packages/airflow/example_dags/example_branch_operator.py
[2025-03-24T17:29:35.216-1000] {processor.py:208} INFO - Processing /opt/anaconda3/envs/titanic/lib/python3.11/site-packages/airflow/example_dags/example_branch_operator.py took 0.028 seconds
[2025-03-24T17:31:33.467-1000] {processor.py:186} INFO - Started process (PID=43123) to work on /opt/anaconda3/envs/titanic/lib/python3.11/site-packages/airflow/example_dags/example_branch_operator.py
[2025-03-24T17:31:33.468-1000] {processor.py:914} INFO - Processing file /opt/anaconda3/envs/titanic/lib/python3.11/site-packages/airflow/example_dags/example_branch_operator.py for tasks to queue
[2025-03-24T17:31:33.469-1000] {logging_mixin.py:190} INFO - [2025-03-24T17:31:33.469-1000] {dagbag.py:588} INFO - Filling up the DagBag from /opt/anaconda3/envs/titanic/lib/python3.11/site-packages/airflow/example_dags/example_branch_operator.py
[2025-03-24T17:31:33.474-1000] {processor.py:927} WARNING - No viable dags retrieved from /opt/anaconda3/envs/titanic/lib/python3.11/site-packages/airflow/example_dags/example_branch_operator.py
[2025-03-24T17:31:33.496-1000] {processor.py:208} INFO - Processing /opt/anaconda3/envs/titanic/lib/python3.11/site-packages/airflow/example_dags/example_branch_operator.py took 0.029 seconds
[2025-03-24T17:33:31.634-1000] {processor.py:186} INFO - Started process (PID=43608) to work on /opt/anaconda3/envs/titanic/lib/python3.11/site-packages/airflow/example_dags/example_branch_operator.py
[2025-03-24T17:33:31.634-1000] {processor.py:914} INFO - Processing file /opt/anaconda3/envs/titanic/lib/python3.11/site-packages/airflow/example_dags/example_branch_operator.py for tasks to queue
[2025-03-24T17:33:31.634-1000] {logging_mixin.py:190} INFO - [2025-03-24T17:33:31.634-1000] {dagbag.py:588} INFO - Filling up the DagBag from /opt/anaconda3/envs/titanic/lib/python3.11/site-packages/airflow/example_dags/example_branch_operator.py
[2025-03-24T17:33:31.640-1000] {processor.py:927} WARNING - No viable dags retrieved from /opt/anaconda3/envs/titanic/lib/python3.11/site-packages/airflow/example_dags/example_branch_operator.py
[2025-03-24T17:33:31.660-1000] {processor.py:208} INFO - Processing /opt/anaconda3/envs/titanic/lib/python3.11/site-packages/airflow/example_dags/example_branch_operator.py took 0.027 seconds
