[2025-03-24T15:52:01.607-1000] {processor.py:186} INFO - Started process (PID=19554) to work on /opt/anaconda3/envs/titanic/lib/python3.11/site-packages/airflow/example_dags/example_branch_day_of_week_operator.py
[2025-03-24T15:52:01.607-1000] {processor.py:914} INFO - Processing file /opt/anaconda3/envs/titanic/lib/python3.11/site-packages/airflow/example_dags/example_branch_day_of_week_operator.py for tasks to queue
[2025-03-24T15:52:01.607-1000] {logging_mixin.py:190} INFO - [2025-03-24T15:52:01.607-1000] {dagbag.py:588} INFO - Filling up the DagBag from /opt/anaconda3/envs/titanic/lib/python3.11/site-packages/airflow/example_dags/example_branch_day_of_week_operator.py
[2025-03-24T15:52:01.611-1000] {processor.py:925} INFO - DAG(s) 'example_weekday_branch_operator' retrieved from /opt/anaconda3/envs/titanic/lib/python3.11/site-packages/airflow/example_dags/example_branch_day_of_week_operator.py
[2025-03-24T15:52:01.662-1000] {logging_mixin.py:190} INFO - [2025-03-24T15:52:01.662-1000] {override.py:1930} INFO - Created Permission View: can read on DAG:example_weekday_branch_operator
[2025-03-24T15:52:01.665-1000] {logging_mixin.py:190} INFO - [2025-03-24T15:52:01.665-1000] {override.py:1930} INFO - Created Permission View: can delete on DAG:example_weekday_branch_operator
[2025-03-24T15:52:01.666-1000] {logging_mixin.py:190} INFO - [2025-03-24T15:52:01.666-1000] {override.py:1930} INFO - Created Permission View: can edit on DAG:example_weekday_branch_operator
[2025-03-24T15:52:01.668-1000] {logging_mixin.py:190} INFO - [2025-03-24T15:52:01.668-1000] {override.py:1930} INFO - Created Permission View: can create on DAG Run:example_weekday_branch_operator
[2025-03-24T15:52:01.670-1000] {logging_mixin.py:190} INFO - [2025-03-24T15:52:01.670-1000] {override.py:1930} INFO - Created Permission View: menu access on DAG Run:example_weekday_branch_operator
[2025-03-24T15:52:01.672-1000] {logging_mixin.py:190} INFO - [2025-03-24T15:52:01.672-1000] {override.py:1930} INFO - Created Permission View: can read on DAG Run:example_weekday_branch_operator
[2025-03-24T15:52:01.674-1000] {logging_mixin.py:190} INFO - [2025-03-24T15:52:01.673-1000] {override.py:1930} INFO - Created Permission View: can delete on DAG Run:example_weekday_branch_operator
[2025-03-24T15:52:01.674-1000] {logging_mixin.py:190} INFO - [2025-03-24T15:52:01.674-1000] {dag.py:3239} INFO - Sync 1 DAGs
[2025-03-24T15:52:01.678-1000] {logging_mixin.py:190} INFO - [2025-03-24T15:52:01.678-1000] {dag.py:3262} INFO - Creating ORM DAG for example_weekday_branch_operator
[2025-03-24T15:52:01.680-1000] {logging_mixin.py:190} INFO - [2025-03-24T15:52:01.680-1000] {dag.py:4180} INFO - Setting next_dagrun for example_weekday_branch_operator to 2025-03-24 00:00:00+00:00, run_after=2025-03-25 00:00:00+00:00
[2025-03-24T15:52:01.685-1000] {processor.py:208} INFO - Processing /opt/anaconda3/envs/titanic/lib/python3.11/site-packages/airflow/example_dags/example_branch_day_of_week_operator.py took 0.102 seconds
[2025-03-24T15:54:03.922-1000] {processor.py:186} INFO - Started process (PID=20254) to work on /opt/anaconda3/envs/titanic/lib/python3.11/site-packages/airflow/example_dags/example_branch_day_of_week_operator.py
[2025-03-24T15:54:03.923-1000] {processor.py:914} INFO - Processing file /opt/anaconda3/envs/titanic/lib/python3.11/site-packages/airflow/example_dags/example_branch_day_of_week_operator.py for tasks to queue
[2025-03-24T15:54:03.923-1000] {logging_mixin.py:190} INFO - [2025-03-24T15:54:03.923-1000] {dagbag.py:588} INFO - Filling up the DagBag from /opt/anaconda3/envs/titanic/lib/python3.11/site-packages/airflow/example_dags/example_branch_day_of_week_operator.py
[2025-03-24T15:54:03.926-1000] {processor.py:925} INFO - DAG(s) 'example_weekday_branch_operator' retrieved from /opt/anaconda3/envs/titanic/lib/python3.11/site-packages/airflow/example_dags/example_branch_day_of_week_operator.py
[2025-03-24T15:54:03.952-1000] {logging_mixin.py:190} INFO - [2025-03-24T15:54:03.952-1000] {dag.py:3239} INFO - Sync 1 DAGs
[2025-03-24T15:54:03.957-1000] {logging_mixin.py:190} INFO - [2025-03-24T15:54:03.957-1000] {dag.py:4180} INFO - Setting next_dagrun for example_weekday_branch_operator to 2025-03-24 00:00:00+00:00, run_after=2025-03-25 00:00:00+00:00
[2025-03-24T15:54:03.962-1000] {processor.py:208} INFO - Processing /opt/anaconda3/envs/titanic/lib/python3.11/site-packages/airflow/example_dags/example_branch_day_of_week_operator.py took 0.059 seconds
[2025-03-24T15:55:53.942-1000] {processor.py:186} INFO - Started process (PID=20672) to work on /opt/anaconda3/envs/titanic/lib/python3.11/site-packages/airflow/example_dags/example_branch_day_of_week_operator.py
[2025-03-24T15:55:53.942-1000] {processor.py:914} INFO - Processing file /opt/anaconda3/envs/titanic/lib/python3.11/site-packages/airflow/example_dags/example_branch_day_of_week_operator.py for tasks to queue
[2025-03-24T15:55:53.942-1000] {logging_mixin.py:190} INFO - [2025-03-24T15:55:53.942-1000] {dagbag.py:588} INFO - Filling up the DagBag from /opt/anaconda3/envs/titanic/lib/python3.11/site-packages/airflow/example_dags/example_branch_day_of_week_operator.py
[2025-03-24T15:55:53.945-1000] {processor.py:925} INFO - DAG(s) 'example_weekday_branch_operator' retrieved from /opt/anaconda3/envs/titanic/lib/python3.11/site-packages/airflow/example_dags/example_branch_day_of_week_operator.py
[2025-03-24T15:55:53.971-1000] {logging_mixin.py:190} INFO - [2025-03-24T15:55:53.971-1000] {dag.py:3239} INFO - Sync 1 DAGs
[2025-03-24T15:55:53.976-1000] {logging_mixin.py:190} INFO - [2025-03-24T15:55:53.976-1000] {dag.py:4180} INFO - Setting next_dagrun for example_weekday_branch_operator to 2025-03-24 00:00:00+00:00, run_after=2025-03-25 00:00:00+00:00
[2025-03-24T15:55:53.981-1000] {processor.py:208} INFO - Processing /opt/anaconda3/envs/titanic/lib/python3.11/site-packages/airflow/example_dags/example_branch_day_of_week_operator.py took 0.059 seconds
[2025-03-24T15:57:42.322-1000] {processor.py:186} INFO - Started process (PID=21090) to work on /opt/anaconda3/envs/titanic/lib/python3.11/site-packages/airflow/example_dags/example_branch_day_of_week_operator.py
[2025-03-24T15:57:42.323-1000] {processor.py:914} INFO - Processing file /opt/anaconda3/envs/titanic/lib/python3.11/site-packages/airflow/example_dags/example_branch_day_of_week_operator.py for tasks to queue
[2025-03-24T15:57:42.323-1000] {logging_mixin.py:190} INFO - [2025-03-24T15:57:42.323-1000] {dagbag.py:588} INFO - Filling up the DagBag from /opt/anaconda3/envs/titanic/lib/python3.11/site-packages/airflow/example_dags/example_branch_day_of_week_operator.py
[2025-03-24T15:57:42.326-1000] {processor.py:925} INFO - DAG(s) 'example_weekday_branch_operator' retrieved from /opt/anaconda3/envs/titanic/lib/python3.11/site-packages/airflow/example_dags/example_branch_day_of_week_operator.py
[2025-03-24T15:57:42.352-1000] {logging_mixin.py:190} INFO - [2025-03-24T15:57:42.352-1000] {dag.py:3239} INFO - Sync 1 DAGs
[2025-03-24T15:57:42.356-1000] {logging_mixin.py:190} INFO - [2025-03-24T15:57:42.356-1000] {dag.py:4180} INFO - Setting next_dagrun for example_weekday_branch_operator to 2025-03-24 00:00:00+00:00, run_after=2025-03-25 00:00:00+00:00
[2025-03-24T15:57:42.362-1000] {processor.py:208} INFO - Processing /opt/anaconda3/envs/titanic/lib/python3.11/site-packages/airflow/example_dags/example_branch_day_of_week_operator.py took 0.059 seconds
[2025-03-24T15:59:28.873-1000] {processor.py:186} INFO - Started process (PID=21506) to work on /opt/anaconda3/envs/titanic/lib/python3.11/site-packages/airflow/example_dags/example_branch_day_of_week_operator.py
[2025-03-24T15:59:28.874-1000] {processor.py:914} INFO - Processing file /opt/anaconda3/envs/titanic/lib/python3.11/site-packages/airflow/example_dags/example_branch_day_of_week_operator.py for tasks to queue
[2025-03-24T15:59:28.874-1000] {logging_mixin.py:190} INFO - [2025-03-24T15:59:28.874-1000] {dagbag.py:588} INFO - Filling up the DagBag from /opt/anaconda3/envs/titanic/lib/python3.11/site-packages/airflow/example_dags/example_branch_day_of_week_operator.py
[2025-03-24T15:59:28.877-1000] {processor.py:925} INFO - DAG(s) 'example_weekday_branch_operator' retrieved from /opt/anaconda3/envs/titanic/lib/python3.11/site-packages/airflow/example_dags/example_branch_day_of_week_operator.py
[2025-03-24T15:59:28.902-1000] {logging_mixin.py:190} INFO - [2025-03-24T15:59:28.902-1000] {dag.py:3239} INFO - Sync 1 DAGs
[2025-03-24T15:59:28.907-1000] {logging_mixin.py:190} INFO - [2025-03-24T15:59:28.907-1000] {dag.py:4180} INFO - Setting next_dagrun for example_weekday_branch_operator to 2025-03-24 00:00:00+00:00, run_after=2025-03-25 00:00:00+00:00
[2025-03-24T15:59:28.912-1000] {processor.py:208} INFO - Processing /opt/anaconda3/envs/titanic/lib/python3.11/site-packages/airflow/example_dags/example_branch_day_of_week_operator.py took 0.058 seconds
[2025-03-24T16:01:42.222-1000] {processor.py:186} INFO - Started process (PID=22011) to work on /opt/anaconda3/envs/titanic/lib/python3.11/site-packages/airflow/example_dags/example_branch_day_of_week_operator.py
[2025-03-24T16:01:42.223-1000] {processor.py:914} INFO - Processing file /opt/anaconda3/envs/titanic/lib/python3.11/site-packages/airflow/example_dags/example_branch_day_of_week_operator.py for tasks to queue
[2025-03-24T16:01:42.223-1000] {logging_mixin.py:190} INFO - [2025-03-24T16:01:42.223-1000] {dagbag.py:588} INFO - Filling up the DagBag from /opt/anaconda3/envs/titanic/lib/python3.11/site-packages/airflow/example_dags/example_branch_day_of_week_operator.py
[2025-03-24T16:01:42.226-1000] {processor.py:925} INFO - DAG(s) 'example_weekday_branch_operator' retrieved from /opt/anaconda3/envs/titanic/lib/python3.11/site-packages/airflow/example_dags/example_branch_day_of_week_operator.py
[2025-03-24T16:01:42.251-1000] {logging_mixin.py:190} INFO - [2025-03-24T16:01:42.251-1000] {dag.py:3239} INFO - Sync 1 DAGs
[2025-03-24T16:01:42.256-1000] {logging_mixin.py:190} INFO - [2025-03-24T16:01:42.256-1000] {dag.py:4180} INFO - Setting next_dagrun for example_weekday_branch_operator to 2025-03-24 00:00:00+00:00, run_after=2025-03-25 00:00:00+00:00
[2025-03-24T16:01:42.260-1000] {processor.py:208} INFO - Processing /opt/anaconda3/envs/titanic/lib/python3.11/site-packages/airflow/example_dags/example_branch_day_of_week_operator.py took 0.058 seconds
[2025-03-24T16:03:30.195-1000] {processor.py:186} INFO - Started process (PID=22425) to work on /opt/anaconda3/envs/titanic/lib/python3.11/site-packages/airflow/example_dags/example_branch_day_of_week_operator.py
[2025-03-24T16:03:30.195-1000] {processor.py:914} INFO - Processing file /opt/anaconda3/envs/titanic/lib/python3.11/site-packages/airflow/example_dags/example_branch_day_of_week_operator.py for tasks to queue
[2025-03-24T16:03:30.195-1000] {logging_mixin.py:190} INFO - [2025-03-24T16:03:30.195-1000] {dagbag.py:588} INFO - Filling up the DagBag from /opt/anaconda3/envs/titanic/lib/python3.11/site-packages/airflow/example_dags/example_branch_day_of_week_operator.py
[2025-03-24T16:03:30.198-1000] {processor.py:925} INFO - DAG(s) 'example_weekday_branch_operator' retrieved from /opt/anaconda3/envs/titanic/lib/python3.11/site-packages/airflow/example_dags/example_branch_day_of_week_operator.py
[2025-03-24T16:03:30.222-1000] {logging_mixin.py:190} INFO - [2025-03-24T16:03:30.222-1000] {dag.py:3239} INFO - Sync 1 DAGs
[2025-03-24T16:03:30.227-1000] {logging_mixin.py:190} INFO - [2025-03-24T16:03:30.227-1000] {dag.py:4180} INFO - Setting next_dagrun for example_weekday_branch_operator to 2025-03-24 00:00:00+00:00, run_after=2025-03-25 00:00:00+00:00
[2025-03-24T16:03:30.232-1000] {processor.py:208} INFO - Processing /opt/anaconda3/envs/titanic/lib/python3.11/site-packages/airflow/example_dags/example_branch_day_of_week_operator.py took 0.057 seconds
[2025-03-24T16:05:16.321-1000] {processor.py:186} INFO - Started process (PID=22825) to work on /opt/anaconda3/envs/titanic/lib/python3.11/site-packages/airflow/example_dags/example_branch_day_of_week_operator.py
[2025-03-24T16:05:16.321-1000] {processor.py:914} INFO - Processing file /opt/anaconda3/envs/titanic/lib/python3.11/site-packages/airflow/example_dags/example_branch_day_of_week_operator.py for tasks to queue
[2025-03-24T16:05:16.321-1000] {logging_mixin.py:190} INFO - [2025-03-24T16:05:16.321-1000] {dagbag.py:588} INFO - Filling up the DagBag from /opt/anaconda3/envs/titanic/lib/python3.11/site-packages/airflow/example_dags/example_branch_day_of_week_operator.py
[2025-03-24T16:05:16.324-1000] {processor.py:925} INFO - DAG(s) 'example_weekday_branch_operator' retrieved from /opt/anaconda3/envs/titanic/lib/python3.11/site-packages/airflow/example_dags/example_branch_day_of_week_operator.py
[2025-03-24T16:05:16.349-1000] {logging_mixin.py:190} INFO - [2025-03-24T16:05:16.349-1000] {dag.py:3239} INFO - Sync 1 DAGs
[2025-03-24T16:05:16.353-1000] {logging_mixin.py:190} INFO - [2025-03-24T16:05:16.353-1000] {dag.py:4180} INFO - Setting next_dagrun for example_weekday_branch_operator to 2025-03-24 00:00:00+00:00, run_after=2025-03-25 00:00:00+00:00
[2025-03-24T16:05:16.358-1000] {processor.py:208} INFO - Processing /opt/anaconda3/envs/titanic/lib/python3.11/site-packages/airflow/example_dags/example_branch_day_of_week_operator.py took 0.058 seconds
[2025-03-24T16:07:05.023-1000] {processor.py:186} INFO - Started process (PID=23271) to work on /opt/anaconda3/envs/titanic/lib/python3.11/site-packages/airflow/example_dags/example_branch_day_of_week_operator.py
[2025-03-24T16:07:05.023-1000] {processor.py:914} INFO - Processing file /opt/anaconda3/envs/titanic/lib/python3.11/site-packages/airflow/example_dags/example_branch_day_of_week_operator.py for tasks to queue
[2025-03-24T16:07:05.023-1000] {logging_mixin.py:190} INFO - [2025-03-24T16:07:05.023-1000] {dagbag.py:588} INFO - Filling up the DagBag from /opt/anaconda3/envs/titanic/lib/python3.11/site-packages/airflow/example_dags/example_branch_day_of_week_operator.py
[2025-03-24T16:07:05.026-1000] {processor.py:925} INFO - DAG(s) 'example_weekday_branch_operator' retrieved from /opt/anaconda3/envs/titanic/lib/python3.11/site-packages/airflow/example_dags/example_branch_day_of_week_operator.py
[2025-03-24T16:07:05.050-1000] {logging_mixin.py:190} INFO - [2025-03-24T16:07:05.050-1000] {dag.py:3239} INFO - Sync 1 DAGs
[2025-03-24T16:07:05.055-1000] {logging_mixin.py:190} INFO - [2025-03-24T16:07:05.055-1000] {dag.py:4180} INFO - Setting next_dagrun for example_weekday_branch_operator to 2025-03-24 00:00:00+00:00, run_after=2025-03-25 00:00:00+00:00
[2025-03-24T16:07:05.060-1000] {processor.py:208} INFO - Processing /opt/anaconda3/envs/titanic/lib/python3.11/site-packages/airflow/example_dags/example_branch_day_of_week_operator.py took 0.057 seconds
[2025-03-24T16:08:57.178-1000] {processor.py:186} INFO - Started process (PID=23694) to work on /opt/anaconda3/envs/titanic/lib/python3.11/site-packages/airflow/example_dags/example_branch_day_of_week_operator.py
[2025-03-24T16:08:57.178-1000] {processor.py:914} INFO - Processing file /opt/anaconda3/envs/titanic/lib/python3.11/site-packages/airflow/example_dags/example_branch_day_of_week_operator.py for tasks to queue
[2025-03-24T16:08:57.179-1000] {logging_mixin.py:190} INFO - [2025-03-24T16:08:57.179-1000] {dagbag.py:588} INFO - Filling up the DagBag from /opt/anaconda3/envs/titanic/lib/python3.11/site-packages/airflow/example_dags/example_branch_day_of_week_operator.py
[2025-03-24T16:08:57.181-1000] {processor.py:925} INFO - DAG(s) 'example_weekday_branch_operator' retrieved from /opt/anaconda3/envs/titanic/lib/python3.11/site-packages/airflow/example_dags/example_branch_day_of_week_operator.py
[2025-03-24T16:08:57.206-1000] {logging_mixin.py:190} INFO - [2025-03-24T16:08:57.205-1000] {dag.py:3239} INFO - Sync 1 DAGs
[2025-03-24T16:08:57.210-1000] {logging_mixin.py:190} INFO - [2025-03-24T16:08:57.210-1000] {dag.py:4180} INFO - Setting next_dagrun for example_weekday_branch_operator to 2025-03-24 00:00:00+00:00, run_after=2025-03-25 00:00:00+00:00
[2025-03-24T16:08:57.215-1000] {processor.py:208} INFO - Processing /opt/anaconda3/envs/titanic/lib/python3.11/site-packages/airflow/example_dags/example_branch_day_of_week_operator.py took 0.057 seconds
[2025-03-24T16:10:58.603-1000] {processor.py:186} INFO - Started process (PID=24187) to work on /opt/anaconda3/envs/titanic/lib/python3.11/site-packages/airflow/example_dags/example_branch_day_of_week_operator.py
[2025-03-24T16:10:58.605-1000] {processor.py:914} INFO - Processing file /opt/anaconda3/envs/titanic/lib/python3.11/site-packages/airflow/example_dags/example_branch_day_of_week_operator.py for tasks to queue
[2025-03-24T16:10:58.605-1000] {logging_mixin.py:190} INFO - [2025-03-24T16:10:58.605-1000] {dagbag.py:588} INFO - Filling up the DagBag from /opt/anaconda3/envs/titanic/lib/python3.11/site-packages/airflow/example_dags/example_branch_day_of_week_operator.py
[2025-03-24T16:10:58.608-1000] {processor.py:925} INFO - DAG(s) 'example_weekday_branch_operator' retrieved from /opt/anaconda3/envs/titanic/lib/python3.11/site-packages/airflow/example_dags/example_branch_day_of_week_operator.py
[2025-03-24T16:10:58.632-1000] {logging_mixin.py:190} INFO - [2025-03-24T16:10:58.632-1000] {dag.py:3239} INFO - Sync 1 DAGs
[2025-03-24T16:10:58.637-1000] {logging_mixin.py:190} INFO - [2025-03-24T16:10:58.637-1000] {dag.py:4180} INFO - Setting next_dagrun for example_weekday_branch_operator to 2025-03-24 00:00:00+00:00, run_after=2025-03-25 00:00:00+00:00
[2025-03-24T16:10:58.641-1000] {processor.py:208} INFO - Processing /opt/anaconda3/envs/titanic/lib/python3.11/site-packages/airflow/example_dags/example_branch_day_of_week_operator.py took 0.057 seconds
[2025-03-24T16:12:56.610-1000] {processor.py:186} INFO - Started process (PID=24684) to work on /opt/anaconda3/envs/titanic/lib/python3.11/site-packages/airflow/example_dags/example_branch_day_of_week_operator.py
[2025-03-24T16:12:56.611-1000] {processor.py:914} INFO - Processing file /opt/anaconda3/envs/titanic/lib/python3.11/site-packages/airflow/example_dags/example_branch_day_of_week_operator.py for tasks to queue
[2025-03-24T16:12:56.611-1000] {logging_mixin.py:190} INFO - [2025-03-24T16:12:56.611-1000] {dagbag.py:588} INFO - Filling up the DagBag from /opt/anaconda3/envs/titanic/lib/python3.11/site-packages/airflow/example_dags/example_branch_day_of_week_operator.py
[2025-03-24T16:12:56.614-1000] {processor.py:925} INFO - DAG(s) 'example_weekday_branch_operator' retrieved from /opt/anaconda3/envs/titanic/lib/python3.11/site-packages/airflow/example_dags/example_branch_day_of_week_operator.py
[2025-03-24T16:12:56.639-1000] {logging_mixin.py:190} INFO - [2025-03-24T16:12:56.639-1000] {dag.py:3239} INFO - Sync 1 DAGs
[2025-03-24T16:12:56.644-1000] {logging_mixin.py:190} INFO - [2025-03-24T16:12:56.644-1000] {dag.py:4180} INFO - Setting next_dagrun for example_weekday_branch_operator to 2025-03-24 00:00:00+00:00, run_after=2025-03-25 00:00:00+00:00
[2025-03-24T16:12:56.649-1000] {processor.py:208} INFO - Processing /opt/anaconda3/envs/titanic/lib/python3.11/site-packages/airflow/example_dags/example_branch_day_of_week_operator.py took 0.059 seconds
[2025-03-24T16:14:53.406-1000] {processor.py:186} INFO - Started process (PID=25137) to work on /opt/anaconda3/envs/titanic/lib/python3.11/site-packages/airflow/example_dags/example_branch_day_of_week_operator.py
[2025-03-24T16:14:53.407-1000] {processor.py:914} INFO - Processing file /opt/anaconda3/envs/titanic/lib/python3.11/site-packages/airflow/example_dags/example_branch_day_of_week_operator.py for tasks to queue
[2025-03-24T16:14:53.408-1000] {logging_mixin.py:190} INFO - [2025-03-24T16:14:53.408-1000] {dagbag.py:588} INFO - Filling up the DagBag from /opt/anaconda3/envs/titanic/lib/python3.11/site-packages/airflow/example_dags/example_branch_day_of_week_operator.py
[2025-03-24T16:14:53.411-1000] {processor.py:925} INFO - DAG(s) 'example_weekday_branch_operator' retrieved from /opt/anaconda3/envs/titanic/lib/python3.11/site-packages/airflow/example_dags/example_branch_day_of_week_operator.py
[2025-03-24T16:14:53.435-1000] {logging_mixin.py:190} INFO - [2025-03-24T16:14:53.435-1000] {dag.py:3239} INFO - Sync 1 DAGs
[2025-03-24T16:14:53.440-1000] {logging_mixin.py:190} INFO - [2025-03-24T16:14:53.440-1000] {dag.py:4180} INFO - Setting next_dagrun for example_weekday_branch_operator to 2025-03-24 00:00:00+00:00, run_after=2025-03-25 00:00:00+00:00
[2025-03-24T16:14:53.444-1000] {processor.py:208} INFO - Processing /opt/anaconda3/envs/titanic/lib/python3.11/site-packages/airflow/example_dags/example_branch_day_of_week_operator.py took 0.058 seconds
[2025-03-24T16:16:46.104-1000] {processor.py:186} INFO - Started process (PID=25587) to work on /opt/anaconda3/envs/titanic/lib/python3.11/site-packages/airflow/example_dags/example_branch_day_of_week_operator.py
[2025-03-24T16:16:46.105-1000] {processor.py:914} INFO - Processing file /opt/anaconda3/envs/titanic/lib/python3.11/site-packages/airflow/example_dags/example_branch_day_of_week_operator.py for tasks to queue
[2025-03-24T16:16:46.105-1000] {logging_mixin.py:190} INFO - [2025-03-24T16:16:46.105-1000] {dagbag.py:588} INFO - Filling up the DagBag from /opt/anaconda3/envs/titanic/lib/python3.11/site-packages/airflow/example_dags/example_branch_day_of_week_operator.py
[2025-03-24T16:16:46.107-1000] {processor.py:925} INFO - DAG(s) 'example_weekday_branch_operator' retrieved from /opt/anaconda3/envs/titanic/lib/python3.11/site-packages/airflow/example_dags/example_branch_day_of_week_operator.py
[2025-03-24T16:16:46.132-1000] {logging_mixin.py:190} INFO - [2025-03-24T16:16:46.132-1000] {dag.py:3239} INFO - Sync 1 DAGs
[2025-03-24T16:16:46.136-1000] {logging_mixin.py:190} INFO - [2025-03-24T16:16:46.136-1000] {dag.py:4180} INFO - Setting next_dagrun for example_weekday_branch_operator to 2025-03-24 00:00:00+00:00, run_after=2025-03-25 00:00:00+00:00
[2025-03-24T16:16:46.141-1000] {processor.py:208} INFO - Processing /opt/anaconda3/envs/titanic/lib/python3.11/site-packages/airflow/example_dags/example_branch_day_of_week_operator.py took 0.057 seconds
[2025-03-24T16:18:35.963-1000] {processor.py:186} INFO - Started process (PID=26033) to work on /opt/anaconda3/envs/titanic/lib/python3.11/site-packages/airflow/example_dags/example_branch_day_of_week_operator.py
[2025-03-24T16:18:35.964-1000] {processor.py:914} INFO - Processing file /opt/anaconda3/envs/titanic/lib/python3.11/site-packages/airflow/example_dags/example_branch_day_of_week_operator.py for tasks to queue
[2025-03-24T16:18:35.964-1000] {logging_mixin.py:190} INFO - [2025-03-24T16:18:35.964-1000] {dagbag.py:588} INFO - Filling up the DagBag from /opt/anaconda3/envs/titanic/lib/python3.11/site-packages/airflow/example_dags/example_branch_day_of_week_operator.py
[2025-03-24T16:18:35.967-1000] {processor.py:925} INFO - DAG(s) 'example_weekday_branch_operator' retrieved from /opt/anaconda3/envs/titanic/lib/python3.11/site-packages/airflow/example_dags/example_branch_day_of_week_operator.py
[2025-03-24T16:18:35.991-1000] {logging_mixin.py:190} INFO - [2025-03-24T16:18:35.991-1000] {dag.py:3239} INFO - Sync 1 DAGs
[2025-03-24T16:18:35.996-1000] {logging_mixin.py:190} INFO - [2025-03-24T16:18:35.996-1000] {dag.py:4180} INFO - Setting next_dagrun for example_weekday_branch_operator to 2025-03-24 00:00:00+00:00, run_after=2025-03-25 00:00:00+00:00
[2025-03-24T16:18:36.000-1000] {processor.py:208} INFO - Processing /opt/anaconda3/envs/titanic/lib/python3.11/site-packages/airflow/example_dags/example_branch_day_of_week_operator.py took 0.056 seconds
[2025-03-24T16:20:28.000-1000] {processor.py:186} INFO - Started process (PID=26455) to work on /opt/anaconda3/envs/titanic/lib/python3.11/site-packages/airflow/example_dags/example_branch_day_of_week_operator.py
[2025-03-24T16:20:28.001-1000] {processor.py:914} INFO - Processing file /opt/anaconda3/envs/titanic/lib/python3.11/site-packages/airflow/example_dags/example_branch_day_of_week_operator.py for tasks to queue
[2025-03-24T16:20:28.001-1000] {logging_mixin.py:190} INFO - [2025-03-24T16:20:28.001-1000] {dagbag.py:588} INFO - Filling up the DagBag from /opt/anaconda3/envs/titanic/lib/python3.11/site-packages/airflow/example_dags/example_branch_day_of_week_operator.py
[2025-03-24T16:20:28.005-1000] {processor.py:925} INFO - DAG(s) 'example_weekday_branch_operator' retrieved from /opt/anaconda3/envs/titanic/lib/python3.11/site-packages/airflow/example_dags/example_branch_day_of_week_operator.py
[2025-03-24T16:20:28.029-1000] {logging_mixin.py:190} INFO - [2025-03-24T16:20:28.029-1000] {dag.py:3239} INFO - Sync 1 DAGs
[2025-03-24T16:20:28.033-1000] {logging_mixin.py:190} INFO - [2025-03-24T16:20:28.033-1000] {dag.py:4180} INFO - Setting next_dagrun for example_weekday_branch_operator to 2025-03-24 00:00:00+00:00, run_after=2025-03-25 00:00:00+00:00
[2025-03-24T16:20:28.038-1000] {processor.py:208} INFO - Processing /opt/anaconda3/envs/titanic/lib/python3.11/site-packages/airflow/example_dags/example_branch_day_of_week_operator.py took 0.058 seconds
[2025-03-24T16:22:17.681-1000] {processor.py:186} INFO - Started process (PID=26871) to work on /opt/anaconda3/envs/titanic/lib/python3.11/site-packages/airflow/example_dags/example_branch_day_of_week_operator.py
[2025-03-24T16:22:17.681-1000] {processor.py:914} INFO - Processing file /opt/anaconda3/envs/titanic/lib/python3.11/site-packages/airflow/example_dags/example_branch_day_of_week_operator.py for tasks to queue
[2025-03-24T16:22:17.681-1000] {logging_mixin.py:190} INFO - [2025-03-24T16:22:17.681-1000] {dagbag.py:588} INFO - Filling up the DagBag from /opt/anaconda3/envs/titanic/lib/python3.11/site-packages/airflow/example_dags/example_branch_day_of_week_operator.py
[2025-03-24T16:22:17.684-1000] {processor.py:925} INFO - DAG(s) 'example_weekday_branch_operator' retrieved from /opt/anaconda3/envs/titanic/lib/python3.11/site-packages/airflow/example_dags/example_branch_day_of_week_operator.py
[2025-03-24T16:22:17.709-1000] {logging_mixin.py:190} INFO - [2025-03-24T16:22:17.709-1000] {dag.py:3239} INFO - Sync 1 DAGs
[2025-03-24T16:22:17.714-1000] {logging_mixin.py:190} INFO - [2025-03-24T16:22:17.714-1000] {dag.py:4180} INFO - Setting next_dagrun for example_weekday_branch_operator to 2025-03-24 00:00:00+00:00, run_after=2025-03-25 00:00:00+00:00
[2025-03-24T16:22:17.719-1000] {processor.py:208} INFO - Processing /opt/anaconda3/envs/titanic/lib/python3.11/site-packages/airflow/example_dags/example_branch_day_of_week_operator.py took 0.058 seconds
[2025-03-24T16:24:11.114-1000] {processor.py:186} INFO - Started process (PID=27320) to work on /opt/anaconda3/envs/titanic/lib/python3.11/site-packages/airflow/example_dags/example_branch_day_of_week_operator.py
[2025-03-24T16:24:11.114-1000] {processor.py:914} INFO - Processing file /opt/anaconda3/envs/titanic/lib/python3.11/site-packages/airflow/example_dags/example_branch_day_of_week_operator.py for tasks to queue
[2025-03-24T16:24:11.115-1000] {logging_mixin.py:190} INFO - [2025-03-24T16:24:11.114-1000] {dagbag.py:588} INFO - Filling up the DagBag from /opt/anaconda3/envs/titanic/lib/python3.11/site-packages/airflow/example_dags/example_branch_day_of_week_operator.py
[2025-03-24T16:24:11.117-1000] {processor.py:925} INFO - DAG(s) 'example_weekday_branch_operator' retrieved from /opt/anaconda3/envs/titanic/lib/python3.11/site-packages/airflow/example_dags/example_branch_day_of_week_operator.py
[2025-03-24T16:24:11.142-1000] {logging_mixin.py:190} INFO - [2025-03-24T16:24:11.142-1000] {dag.py:3239} INFO - Sync 1 DAGs
[2025-03-24T16:24:11.146-1000] {logging_mixin.py:190} INFO - [2025-03-24T16:24:11.146-1000] {dag.py:4180} INFO - Setting next_dagrun for example_weekday_branch_operator to 2025-03-24 00:00:00+00:00, run_after=2025-03-25 00:00:00+00:00
[2025-03-24T16:24:11.151-1000] {processor.py:208} INFO - Processing /opt/anaconda3/envs/titanic/lib/python3.11/site-packages/airflow/example_dags/example_branch_day_of_week_operator.py took 0.057 seconds
[2025-03-24T16:26:03.173-1000] {processor.py:186} INFO - Started process (PID=27743) to work on /opt/anaconda3/envs/titanic/lib/python3.11/site-packages/airflow/example_dags/example_branch_day_of_week_operator.py
[2025-03-24T16:26:03.173-1000] {processor.py:914} INFO - Processing file /opt/anaconda3/envs/titanic/lib/python3.11/site-packages/airflow/example_dags/example_branch_day_of_week_operator.py for tasks to queue
[2025-03-24T16:26:03.173-1000] {logging_mixin.py:190} INFO - [2025-03-24T16:26:03.173-1000] {dagbag.py:588} INFO - Filling up the DagBag from /opt/anaconda3/envs/titanic/lib/python3.11/site-packages/airflow/example_dags/example_branch_day_of_week_operator.py
[2025-03-24T16:26:03.176-1000] {processor.py:925} INFO - DAG(s) 'example_weekday_branch_operator' retrieved from /opt/anaconda3/envs/titanic/lib/python3.11/site-packages/airflow/example_dags/example_branch_day_of_week_operator.py
[2025-03-24T16:26:03.201-1000] {logging_mixin.py:190} INFO - [2025-03-24T16:26:03.201-1000] {dag.py:3239} INFO - Sync 1 DAGs
[2025-03-24T16:26:03.205-1000] {logging_mixin.py:190} INFO - [2025-03-24T16:26:03.205-1000] {dag.py:4180} INFO - Setting next_dagrun for example_weekday_branch_operator to 2025-03-24 00:00:00+00:00, run_after=2025-03-25 00:00:00+00:00
[2025-03-24T16:26:03.210-1000] {processor.py:208} INFO - Processing /opt/anaconda3/envs/titanic/lib/python3.11/site-packages/airflow/example_dags/example_branch_day_of_week_operator.py took 0.057 seconds
[2025-03-24T16:27:53.519-1000] {processor.py:186} INFO - Started process (PID=28163) to work on /opt/anaconda3/envs/titanic/lib/python3.11/site-packages/airflow/example_dags/example_branch_day_of_week_operator.py
[2025-03-24T16:27:53.519-1000] {processor.py:914} INFO - Processing file /opt/anaconda3/envs/titanic/lib/python3.11/site-packages/airflow/example_dags/example_branch_day_of_week_operator.py for tasks to queue
[2025-03-24T16:27:53.519-1000] {logging_mixin.py:190} INFO - [2025-03-24T16:27:53.519-1000] {dagbag.py:588} INFO - Filling up the DagBag from /opt/anaconda3/envs/titanic/lib/python3.11/site-packages/airflow/example_dags/example_branch_day_of_week_operator.py
[2025-03-24T16:27:53.522-1000] {processor.py:925} INFO - DAG(s) 'example_weekday_branch_operator' retrieved from /opt/anaconda3/envs/titanic/lib/python3.11/site-packages/airflow/example_dags/example_branch_day_of_week_operator.py
[2025-03-24T16:27:53.546-1000] {logging_mixin.py:190} INFO - [2025-03-24T16:27:53.546-1000] {dag.py:3239} INFO - Sync 1 DAGs
[2025-03-24T16:27:53.551-1000] {logging_mixin.py:190} INFO - [2025-03-24T16:27:53.551-1000] {dag.py:4180} INFO - Setting next_dagrun for example_weekday_branch_operator to 2025-03-24 00:00:00+00:00, run_after=2025-03-25 00:00:00+00:00
[2025-03-24T16:27:53.556-1000] {processor.py:208} INFO - Processing /opt/anaconda3/envs/titanic/lib/python3.11/site-packages/airflow/example_dags/example_branch_day_of_week_operator.py took 0.056 seconds
[2025-03-24T16:29:40.378-1000] {processor.py:186} INFO - Started process (PID=28566) to work on /opt/anaconda3/envs/titanic/lib/python3.11/site-packages/airflow/example_dags/example_branch_day_of_week_operator.py
[2025-03-24T16:29:40.379-1000] {processor.py:914} INFO - Processing file /opt/anaconda3/envs/titanic/lib/python3.11/site-packages/airflow/example_dags/example_branch_day_of_week_operator.py for tasks to queue
[2025-03-24T16:29:40.379-1000] {logging_mixin.py:190} INFO - [2025-03-24T16:29:40.379-1000] {dagbag.py:588} INFO - Filling up the DagBag from /opt/anaconda3/envs/titanic/lib/python3.11/site-packages/airflow/example_dags/example_branch_day_of_week_operator.py
[2025-03-24T16:29:40.382-1000] {processor.py:925} INFO - DAG(s) 'example_weekday_branch_operator' retrieved from /opt/anaconda3/envs/titanic/lib/python3.11/site-packages/airflow/example_dags/example_branch_day_of_week_operator.py
[2025-03-24T16:29:40.406-1000] {logging_mixin.py:190} INFO - [2025-03-24T16:29:40.406-1000] {dag.py:3239} INFO - Sync 1 DAGs
[2025-03-24T16:29:40.410-1000] {logging_mixin.py:190} INFO - [2025-03-24T16:29:40.410-1000] {dag.py:4180} INFO - Setting next_dagrun for example_weekday_branch_operator to 2025-03-24 00:00:00+00:00, run_after=2025-03-25 00:00:00+00:00
[2025-03-24T16:29:40.415-1000] {processor.py:208} INFO - Processing /opt/anaconda3/envs/titanic/lib/python3.11/site-packages/airflow/example_dags/example_branch_day_of_week_operator.py took 0.057 seconds
[2025-03-24T16:31:30.000-1000] {processor.py:186} INFO - Started process (PID=28982) to work on /opt/anaconda3/envs/titanic/lib/python3.11/site-packages/airflow/example_dags/example_branch_day_of_week_operator.py
[2025-03-24T16:31:30.001-1000] {processor.py:914} INFO - Processing file /opt/anaconda3/envs/titanic/lib/python3.11/site-packages/airflow/example_dags/example_branch_day_of_week_operator.py for tasks to queue
[2025-03-24T16:31:30.001-1000] {logging_mixin.py:190} INFO - [2025-03-24T16:31:30.001-1000] {dagbag.py:588} INFO - Filling up the DagBag from /opt/anaconda3/envs/titanic/lib/python3.11/site-packages/airflow/example_dags/example_branch_day_of_week_operator.py
[2025-03-24T16:31:30.004-1000] {processor.py:925} INFO - DAG(s) 'example_weekday_branch_operator' retrieved from /opt/anaconda3/envs/titanic/lib/python3.11/site-packages/airflow/example_dags/example_branch_day_of_week_operator.py
[2025-03-24T16:31:30.028-1000] {logging_mixin.py:190} INFO - [2025-03-24T16:31:30.028-1000] {dag.py:3239} INFO - Sync 1 DAGs
[2025-03-24T16:31:30.032-1000] {logging_mixin.py:190} INFO - [2025-03-24T16:31:30.032-1000] {dag.py:4180} INFO - Setting next_dagrun for example_weekday_branch_operator to 2025-03-24 00:00:00+00:00, run_after=2025-03-25 00:00:00+00:00
[2025-03-24T16:31:30.037-1000] {processor.py:208} INFO - Processing /opt/anaconda3/envs/titanic/lib/python3.11/site-packages/airflow/example_dags/example_branch_day_of_week_operator.py took 0.056 seconds
[2025-03-24T16:33:19.798-1000] {processor.py:186} INFO - Started process (PID=29416) to work on /opt/anaconda3/envs/titanic/lib/python3.11/site-packages/airflow/example_dags/example_branch_day_of_week_operator.py
[2025-03-24T16:33:19.798-1000] {processor.py:914} INFO - Processing file /opt/anaconda3/envs/titanic/lib/python3.11/site-packages/airflow/example_dags/example_branch_day_of_week_operator.py for tasks to queue
[2025-03-24T16:33:19.798-1000] {logging_mixin.py:190} INFO - [2025-03-24T16:33:19.798-1000] {dagbag.py:588} INFO - Filling up the DagBag from /opt/anaconda3/envs/titanic/lib/python3.11/site-packages/airflow/example_dags/example_branch_day_of_week_operator.py
[2025-03-24T16:33:19.801-1000] {processor.py:925} INFO - DAG(s) 'example_weekday_branch_operator' retrieved from /opt/anaconda3/envs/titanic/lib/python3.11/site-packages/airflow/example_dags/example_branch_day_of_week_operator.py
[2025-03-24T16:33:19.825-1000] {logging_mixin.py:190} INFO - [2025-03-24T16:33:19.825-1000] {dag.py:3239} INFO - Sync 1 DAGs
[2025-03-24T16:33:19.830-1000] {logging_mixin.py:190} INFO - [2025-03-24T16:33:19.830-1000] {dag.py:4180} INFO - Setting next_dagrun for example_weekday_branch_operator to 2025-03-24 00:00:00+00:00, run_after=2025-03-25 00:00:00+00:00
[2025-03-24T16:33:19.835-1000] {processor.py:208} INFO - Processing /opt/anaconda3/envs/titanic/lib/python3.11/site-packages/airflow/example_dags/example_branch_day_of_week_operator.py took 0.056 seconds
[2025-03-24T16:35:09.053-1000] {processor.py:186} INFO - Started process (PID=29828) to work on /opt/anaconda3/envs/titanic/lib/python3.11/site-packages/airflow/example_dags/example_branch_day_of_week_operator.py
[2025-03-24T16:35:09.053-1000] {processor.py:914} INFO - Processing file /opt/anaconda3/envs/titanic/lib/python3.11/site-packages/airflow/example_dags/example_branch_day_of_week_operator.py for tasks to queue
[2025-03-24T16:35:09.053-1000] {logging_mixin.py:190} INFO - [2025-03-24T16:35:09.053-1000] {dagbag.py:588} INFO - Filling up the DagBag from /opt/anaconda3/envs/titanic/lib/python3.11/site-packages/airflow/example_dags/example_branch_day_of_week_operator.py
[2025-03-24T16:35:09.056-1000] {processor.py:925} INFO - DAG(s) 'example_weekday_branch_operator' retrieved from /opt/anaconda3/envs/titanic/lib/python3.11/site-packages/airflow/example_dags/example_branch_day_of_week_operator.py
[2025-03-24T16:35:09.080-1000] {logging_mixin.py:190} INFO - [2025-03-24T16:35:09.080-1000] {dag.py:3239} INFO - Sync 1 DAGs
[2025-03-24T16:35:09.085-1000] {logging_mixin.py:190} INFO - [2025-03-24T16:35:09.085-1000] {dag.py:4180} INFO - Setting next_dagrun for example_weekday_branch_operator to 2025-03-24 00:00:00+00:00, run_after=2025-03-25 00:00:00+00:00
[2025-03-24T16:35:09.089-1000] {processor.py:208} INFO - Processing /opt/anaconda3/envs/titanic/lib/python3.11/site-packages/airflow/example_dags/example_branch_day_of_week_operator.py took 0.056 seconds
[2025-03-24T16:36:59.135-1000] {processor.py:186} INFO - Started process (PID=30244) to work on /opt/anaconda3/envs/titanic/lib/python3.11/site-packages/airflow/example_dags/example_branch_day_of_week_operator.py
[2025-03-24T16:36:59.135-1000] {processor.py:914} INFO - Processing file /opt/anaconda3/envs/titanic/lib/python3.11/site-packages/airflow/example_dags/example_branch_day_of_week_operator.py for tasks to queue
[2025-03-24T16:36:59.135-1000] {logging_mixin.py:190} INFO - [2025-03-24T16:36:59.135-1000] {dagbag.py:588} INFO - Filling up the DagBag from /opt/anaconda3/envs/titanic/lib/python3.11/site-packages/airflow/example_dags/example_branch_day_of_week_operator.py
[2025-03-24T16:36:59.138-1000] {processor.py:925} INFO - DAG(s) 'example_weekday_branch_operator' retrieved from /opt/anaconda3/envs/titanic/lib/python3.11/site-packages/airflow/example_dags/example_branch_day_of_week_operator.py
[2025-03-24T16:36:59.164-1000] {logging_mixin.py:190} INFO - [2025-03-24T16:36:59.164-1000] {dag.py:3239} INFO - Sync 1 DAGs
[2025-03-24T16:36:59.168-1000] {logging_mixin.py:190} INFO - [2025-03-24T16:36:59.168-1000] {dag.py:4180} INFO - Setting next_dagrun for example_weekday_branch_operator to 2025-03-24 00:00:00+00:00, run_after=2025-03-25 00:00:00+00:00
[2025-03-24T16:36:59.173-1000] {processor.py:208} INFO - Processing /opt/anaconda3/envs/titanic/lib/python3.11/site-packages/airflow/example_dags/example_branch_day_of_week_operator.py took 0.059 seconds
[2025-03-24T16:38:54.942-1000] {processor.py:186} INFO - Started process (PID=30705) to work on /opt/anaconda3/envs/titanic/lib/python3.11/site-packages/airflow/example_dags/example_branch_day_of_week_operator.py
[2025-03-24T16:38:54.943-1000] {processor.py:914} INFO - Processing file /opt/anaconda3/envs/titanic/lib/python3.11/site-packages/airflow/example_dags/example_branch_day_of_week_operator.py for tasks to queue
[2025-03-24T16:38:54.943-1000] {logging_mixin.py:190} INFO - [2025-03-24T16:38:54.943-1000] {dagbag.py:588} INFO - Filling up the DagBag from /opt/anaconda3/envs/titanic/lib/python3.11/site-packages/airflow/example_dags/example_branch_day_of_week_operator.py
[2025-03-24T16:38:54.946-1000] {processor.py:925} INFO - DAG(s) 'example_weekday_branch_operator' retrieved from /opt/anaconda3/envs/titanic/lib/python3.11/site-packages/airflow/example_dags/example_branch_day_of_week_operator.py
[2025-03-24T16:38:54.970-1000] {logging_mixin.py:190} INFO - [2025-03-24T16:38:54.970-1000] {dag.py:3239} INFO - Sync 1 DAGs
[2025-03-24T16:38:54.975-1000] {logging_mixin.py:190} INFO - [2025-03-24T16:38:54.975-1000] {dag.py:4180} INFO - Setting next_dagrun for example_weekday_branch_operator to 2025-03-24 00:00:00+00:00, run_after=2025-03-25 00:00:00+00:00
[2025-03-24T16:38:54.980-1000] {processor.py:208} INFO - Processing /opt/anaconda3/envs/titanic/lib/python3.11/site-packages/airflow/example_dags/example_branch_day_of_week_operator.py took 0.058 seconds
[2025-03-24T16:40:51.495-1000] {processor.py:186} INFO - Started process (PID=31153) to work on /opt/anaconda3/envs/titanic/lib/python3.11/site-packages/airflow/example_dags/example_branch_day_of_week_operator.py
[2025-03-24T16:40:51.495-1000] {processor.py:914} INFO - Processing file /opt/anaconda3/envs/titanic/lib/python3.11/site-packages/airflow/example_dags/example_branch_day_of_week_operator.py for tasks to queue
[2025-03-24T16:40:51.496-1000] {logging_mixin.py:190} INFO - [2025-03-24T16:40:51.496-1000] {dagbag.py:588} INFO - Filling up the DagBag from /opt/anaconda3/envs/titanic/lib/python3.11/site-packages/airflow/example_dags/example_branch_day_of_week_operator.py
[2025-03-24T16:40:51.498-1000] {processor.py:925} INFO - DAG(s) 'example_weekday_branch_operator' retrieved from /opt/anaconda3/envs/titanic/lib/python3.11/site-packages/airflow/example_dags/example_branch_day_of_week_operator.py
[2025-03-24T16:40:51.523-1000] {logging_mixin.py:190} INFO - [2025-03-24T16:40:51.523-1000] {dag.py:3239} INFO - Sync 1 DAGs
[2025-03-24T16:40:51.528-1000] {logging_mixin.py:190} INFO - [2025-03-24T16:40:51.528-1000] {dag.py:4180} INFO - Setting next_dagrun for example_weekday_branch_operator to 2025-03-24 00:00:00+00:00, run_after=2025-03-25 00:00:00+00:00
[2025-03-24T16:40:51.533-1000] {processor.py:208} INFO - Processing /opt/anaconda3/envs/titanic/lib/python3.11/site-packages/airflow/example_dags/example_branch_day_of_week_operator.py took 0.057 seconds
[2025-03-24T16:42:46.288-1000] {processor.py:186} INFO - Started process (PID=31595) to work on /opt/anaconda3/envs/titanic/lib/python3.11/site-packages/airflow/example_dags/example_branch_day_of_week_operator.py
[2025-03-24T16:42:46.290-1000] {processor.py:914} INFO - Processing file /opt/anaconda3/envs/titanic/lib/python3.11/site-packages/airflow/example_dags/example_branch_day_of_week_operator.py for tasks to queue
[2025-03-24T16:42:46.290-1000] {logging_mixin.py:190} INFO - [2025-03-24T16:42:46.290-1000] {dagbag.py:588} INFO - Filling up the DagBag from /opt/anaconda3/envs/titanic/lib/python3.11/site-packages/airflow/example_dags/example_branch_day_of_week_operator.py
[2025-03-24T16:42:46.293-1000] {processor.py:925} INFO - DAG(s) 'example_weekday_branch_operator' retrieved from /opt/anaconda3/envs/titanic/lib/python3.11/site-packages/airflow/example_dags/example_branch_day_of_week_operator.py
[2025-03-24T16:42:46.318-1000] {logging_mixin.py:190} INFO - [2025-03-24T16:42:46.318-1000] {dag.py:3239} INFO - Sync 1 DAGs
[2025-03-24T16:42:46.322-1000] {logging_mixin.py:190} INFO - [2025-03-24T16:42:46.322-1000] {dag.py:4180} INFO - Setting next_dagrun for example_weekday_branch_operator to 2025-03-24 00:00:00+00:00, run_after=2025-03-25 00:00:00+00:00
[2025-03-24T16:42:46.327-1000] {processor.py:208} INFO - Processing /opt/anaconda3/envs/titanic/lib/python3.11/site-packages/airflow/example_dags/example_branch_day_of_week_operator.py took 0.058 seconds
[2025-03-24T16:44:37.364-1000] {processor.py:186} INFO - Started process (PID=32021) to work on /opt/anaconda3/envs/titanic/lib/python3.11/site-packages/airflow/example_dags/example_branch_day_of_week_operator.py
[2025-03-24T16:44:37.365-1000] {processor.py:914} INFO - Processing file /opt/anaconda3/envs/titanic/lib/python3.11/site-packages/airflow/example_dags/example_branch_day_of_week_operator.py for tasks to queue
[2025-03-24T16:44:37.365-1000] {logging_mixin.py:190} INFO - [2025-03-24T16:44:37.365-1000] {dagbag.py:588} INFO - Filling up the DagBag from /opt/anaconda3/envs/titanic/lib/python3.11/site-packages/airflow/example_dags/example_branch_day_of_week_operator.py
[2025-03-24T16:44:37.368-1000] {processor.py:925} INFO - DAG(s) 'example_weekday_branch_operator' retrieved from /opt/anaconda3/envs/titanic/lib/python3.11/site-packages/airflow/example_dags/example_branch_day_of_week_operator.py
[2025-03-24T16:44:37.392-1000] {logging_mixin.py:190} INFO - [2025-03-24T16:44:37.392-1000] {dag.py:3239} INFO - Sync 1 DAGs
[2025-03-24T16:44:37.396-1000] {logging_mixin.py:190} INFO - [2025-03-24T16:44:37.396-1000] {dag.py:4180} INFO - Setting next_dagrun for example_weekday_branch_operator to 2025-03-24 00:00:00+00:00, run_after=2025-03-25 00:00:00+00:00
[2025-03-24T16:44:37.401-1000] {processor.py:208} INFO - Processing /opt/anaconda3/envs/titanic/lib/python3.11/site-packages/airflow/example_dags/example_branch_day_of_week_operator.py took 0.057 seconds
[2025-03-24T16:46:27.479-1000] {processor.py:186} INFO - Started process (PID=32448) to work on /opt/anaconda3/envs/titanic/lib/python3.11/site-packages/airflow/example_dags/example_branch_day_of_week_operator.py
[2025-03-24T16:46:27.480-1000] {processor.py:914} INFO - Processing file /opt/anaconda3/envs/titanic/lib/python3.11/site-packages/airflow/example_dags/example_branch_day_of_week_operator.py for tasks to queue
[2025-03-24T16:46:27.480-1000] {logging_mixin.py:190} INFO - [2025-03-24T16:46:27.480-1000] {dagbag.py:588} INFO - Filling up the DagBag from /opt/anaconda3/envs/titanic/lib/python3.11/site-packages/airflow/example_dags/example_branch_day_of_week_operator.py
[2025-03-24T16:46:27.483-1000] {processor.py:925} INFO - DAG(s) 'example_weekday_branch_operator' retrieved from /opt/anaconda3/envs/titanic/lib/python3.11/site-packages/airflow/example_dags/example_branch_day_of_week_operator.py
[2025-03-24T16:46:27.508-1000] {logging_mixin.py:190} INFO - [2025-03-24T16:46:27.508-1000] {dag.py:3239} INFO - Sync 1 DAGs
[2025-03-24T16:46:27.512-1000] {logging_mixin.py:190} INFO - [2025-03-24T16:46:27.512-1000] {dag.py:4180} INFO - Setting next_dagrun for example_weekday_branch_operator to 2025-03-24 00:00:00+00:00, run_after=2025-03-25 00:00:00+00:00
[2025-03-24T16:46:27.517-1000] {processor.py:208} INFO - Processing /opt/anaconda3/envs/titanic/lib/python3.11/site-packages/airflow/example_dags/example_branch_day_of_week_operator.py took 0.060 seconds
[2025-03-24T16:48:20.727-1000] {processor.py:186} INFO - Started process (PID=32922) to work on /opt/anaconda3/envs/titanic/lib/python3.11/site-packages/airflow/example_dags/example_branch_day_of_week_operator.py
[2025-03-24T16:48:20.728-1000] {processor.py:914} INFO - Processing file /opt/anaconda3/envs/titanic/lib/python3.11/site-packages/airflow/example_dags/example_branch_day_of_week_operator.py for tasks to queue
[2025-03-24T16:48:20.728-1000] {logging_mixin.py:190} INFO - [2025-03-24T16:48:20.728-1000] {dagbag.py:588} INFO - Filling up the DagBag from /opt/anaconda3/envs/titanic/lib/python3.11/site-packages/airflow/example_dags/example_branch_day_of_week_operator.py
[2025-03-24T16:48:20.732-1000] {processor.py:925} INFO - DAG(s) 'example_weekday_branch_operator' retrieved from /opt/anaconda3/envs/titanic/lib/python3.11/site-packages/airflow/example_dags/example_branch_day_of_week_operator.py
[2025-03-24T16:48:20.756-1000] {logging_mixin.py:190} INFO - [2025-03-24T16:48:20.756-1000] {dag.py:3239} INFO - Sync 1 DAGs
[2025-03-24T16:48:20.761-1000] {logging_mixin.py:190} INFO - [2025-03-24T16:48:20.761-1000] {dag.py:4180} INFO - Setting next_dagrun for example_weekday_branch_operator to 2025-03-24 00:00:00+00:00, run_after=2025-03-25 00:00:00+00:00
[2025-03-24T16:48:20.766-1000] {processor.py:208} INFO - Processing /opt/anaconda3/envs/titanic/lib/python3.11/site-packages/airflow/example_dags/example_branch_day_of_week_operator.py took 0.061 seconds
[2025-03-24T16:50:18.694-1000] {processor.py:186} INFO - Started process (PID=33440) to work on /opt/anaconda3/envs/titanic/lib/python3.11/site-packages/airflow/example_dags/example_branch_day_of_week_operator.py
[2025-03-24T16:50:18.695-1000] {processor.py:914} INFO - Processing file /opt/anaconda3/envs/titanic/lib/python3.11/site-packages/airflow/example_dags/example_branch_day_of_week_operator.py for tasks to queue
[2025-03-24T16:50:18.695-1000] {logging_mixin.py:190} INFO - [2025-03-24T16:50:18.695-1000] {dagbag.py:588} INFO - Filling up the DagBag from /opt/anaconda3/envs/titanic/lib/python3.11/site-packages/airflow/example_dags/example_branch_day_of_week_operator.py
[2025-03-24T16:50:18.698-1000] {processor.py:925} INFO - DAG(s) 'example_weekday_branch_operator' retrieved from /opt/anaconda3/envs/titanic/lib/python3.11/site-packages/airflow/example_dags/example_branch_day_of_week_operator.py
[2025-03-24T16:50:18.724-1000] {logging_mixin.py:190} INFO - [2025-03-24T16:50:18.724-1000] {dag.py:3239} INFO - Sync 1 DAGs
[2025-03-24T16:50:18.728-1000] {logging_mixin.py:190} INFO - [2025-03-24T16:50:18.728-1000] {dag.py:4180} INFO - Setting next_dagrun for example_weekday_branch_operator to 2025-03-24 00:00:00+00:00, run_after=2025-03-25 00:00:00+00:00
[2025-03-24T16:50:18.733-1000] {processor.py:208} INFO - Processing /opt/anaconda3/envs/titanic/lib/python3.11/site-packages/airflow/example_dags/example_branch_day_of_week_operator.py took 0.040 seconds
[2025-03-24T16:52:14.231-1000] {processor.py:186} INFO - Started process (PID=33880) to work on /opt/anaconda3/envs/titanic/lib/python3.11/site-packages/airflow/example_dags/example_branch_day_of_week_operator.py
[2025-03-24T16:52:14.232-1000] {processor.py:914} INFO - Processing file /opt/anaconda3/envs/titanic/lib/python3.11/site-packages/airflow/example_dags/example_branch_day_of_week_operator.py for tasks to queue
[2025-03-24T16:52:14.232-1000] {logging_mixin.py:190} INFO - [2025-03-24T16:52:14.232-1000] {dagbag.py:588} INFO - Filling up the DagBag from /opt/anaconda3/envs/titanic/lib/python3.11/site-packages/airflow/example_dags/example_branch_day_of_week_operator.py
[2025-03-24T16:52:14.236-1000] {processor.py:925} INFO - DAG(s) 'example_weekday_branch_operator' retrieved from /opt/anaconda3/envs/titanic/lib/python3.11/site-packages/airflow/example_dags/example_branch_day_of_week_operator.py
[2025-03-24T16:52:14.261-1000] {logging_mixin.py:190} INFO - [2025-03-24T16:52:14.261-1000] {dag.py:3239} INFO - Sync 1 DAGs
[2025-03-24T16:52:14.266-1000] {logging_mixin.py:190} INFO - [2025-03-24T16:52:14.266-1000] {dag.py:4180} INFO - Setting next_dagrun for example_weekday_branch_operator to 2025-03-24 00:00:00+00:00, run_after=2025-03-25 00:00:00+00:00
[2025-03-24T16:52:14.271-1000] {processor.py:208} INFO - Processing /opt/anaconda3/envs/titanic/lib/python3.11/site-packages/airflow/example_dags/example_branch_day_of_week_operator.py took 0.041 seconds
[2025-03-24T16:54:12.161-1000] {processor.py:186} INFO - Started process (PID=34319) to work on /opt/anaconda3/envs/titanic/lib/python3.11/site-packages/airflow/example_dags/example_branch_day_of_week_operator.py
[2025-03-24T16:54:12.162-1000] {processor.py:914} INFO - Processing file /opt/anaconda3/envs/titanic/lib/python3.11/site-packages/airflow/example_dags/example_branch_day_of_week_operator.py for tasks to queue
[2025-03-24T16:54:12.162-1000] {logging_mixin.py:190} INFO - [2025-03-24T16:54:12.162-1000] {dagbag.py:588} INFO - Filling up the DagBag from /opt/anaconda3/envs/titanic/lib/python3.11/site-packages/airflow/example_dags/example_branch_day_of_week_operator.py
[2025-03-24T16:54:12.165-1000] {processor.py:925} INFO - DAG(s) 'example_weekday_branch_operator' retrieved from /opt/anaconda3/envs/titanic/lib/python3.11/site-packages/airflow/example_dags/example_branch_day_of_week_operator.py
[2025-03-24T16:54:12.190-1000] {logging_mixin.py:190} INFO - [2025-03-24T16:54:12.190-1000] {dag.py:3239} INFO - Sync 1 DAGs
[2025-03-24T16:54:12.196-1000] {logging_mixin.py:190} INFO - [2025-03-24T16:54:12.196-1000] {dag.py:4180} INFO - Setting next_dagrun for example_weekday_branch_operator to 2025-03-24 00:00:00+00:00, run_after=2025-03-25 00:00:00+00:00
[2025-03-24T16:54:12.200-1000] {processor.py:208} INFO - Processing /opt/anaconda3/envs/titanic/lib/python3.11/site-packages/airflow/example_dags/example_branch_day_of_week_operator.py took 0.041 seconds
[2025-03-24T16:56:02.296-1000] {processor.py:186} INFO - Started process (PID=34736) to work on /opt/anaconda3/envs/titanic/lib/python3.11/site-packages/airflow/example_dags/example_branch_day_of_week_operator.py
[2025-03-24T16:56:02.296-1000] {processor.py:914} INFO - Processing file /opt/anaconda3/envs/titanic/lib/python3.11/site-packages/airflow/example_dags/example_branch_day_of_week_operator.py for tasks to queue
[2025-03-24T16:56:02.296-1000] {logging_mixin.py:190} INFO - [2025-03-24T16:56:02.296-1000] {dagbag.py:588} INFO - Filling up the DagBag from /opt/anaconda3/envs/titanic/lib/python3.11/site-packages/airflow/example_dags/example_branch_day_of_week_operator.py
[2025-03-24T16:56:02.299-1000] {processor.py:925} INFO - DAG(s) 'example_weekday_branch_operator' retrieved from /opt/anaconda3/envs/titanic/lib/python3.11/site-packages/airflow/example_dags/example_branch_day_of_week_operator.py
[2025-03-24T16:56:02.323-1000] {logging_mixin.py:190} INFO - [2025-03-24T16:56:02.323-1000] {dag.py:3239} INFO - Sync 1 DAGs
[2025-03-24T16:56:02.328-1000] {logging_mixin.py:190} INFO - [2025-03-24T16:56:02.328-1000] {dag.py:4180} INFO - Setting next_dagrun for example_weekday_branch_operator to 2025-03-24 00:00:00+00:00, run_after=2025-03-25 00:00:00+00:00
[2025-03-24T16:56:02.333-1000] {processor.py:208} INFO - Processing /opt/anaconda3/envs/titanic/lib/python3.11/site-packages/airflow/example_dags/example_branch_day_of_week_operator.py took 0.038 seconds
[2025-03-24T16:57:51.663-1000] {processor.py:186} INFO - Started process (PID=35146) to work on /opt/anaconda3/envs/titanic/lib/python3.11/site-packages/airflow/example_dags/example_branch_day_of_week_operator.py
[2025-03-24T16:57:51.663-1000] {processor.py:914} INFO - Processing file /opt/anaconda3/envs/titanic/lib/python3.11/site-packages/airflow/example_dags/example_branch_day_of_week_operator.py for tasks to queue
[2025-03-24T16:57:51.663-1000] {logging_mixin.py:190} INFO - [2025-03-24T16:57:51.663-1000] {dagbag.py:588} INFO - Filling up the DagBag from /opt/anaconda3/envs/titanic/lib/python3.11/site-packages/airflow/example_dags/example_branch_day_of_week_operator.py
[2025-03-24T16:57:51.666-1000] {processor.py:925} INFO - DAG(s) 'example_weekday_branch_operator' retrieved from /opt/anaconda3/envs/titanic/lib/python3.11/site-packages/airflow/example_dags/example_branch_day_of_week_operator.py
[2025-03-24T16:57:51.690-1000] {logging_mixin.py:190} INFO - [2025-03-24T16:57:51.690-1000] {dag.py:3239} INFO - Sync 1 DAGs
[2025-03-24T16:57:51.695-1000] {logging_mixin.py:190} INFO - [2025-03-24T16:57:51.695-1000] {dag.py:4180} INFO - Setting next_dagrun for example_weekday_branch_operator to 2025-03-24 00:00:00+00:00, run_after=2025-03-25 00:00:00+00:00
[2025-03-24T16:57:51.700-1000] {processor.py:208} INFO - Processing /opt/anaconda3/envs/titanic/lib/python3.11/site-packages/airflow/example_dags/example_branch_day_of_week_operator.py took 0.038 seconds
[2025-03-24T16:59:40.453-1000] {processor.py:186} INFO - Started process (PID=35570) to work on /opt/anaconda3/envs/titanic/lib/python3.11/site-packages/airflow/example_dags/example_branch_day_of_week_operator.py
[2025-03-24T16:59:40.453-1000] {processor.py:914} INFO - Processing file /opt/anaconda3/envs/titanic/lib/python3.11/site-packages/airflow/example_dags/example_branch_day_of_week_operator.py for tasks to queue
[2025-03-24T16:59:40.454-1000] {logging_mixin.py:190} INFO - [2025-03-24T16:59:40.454-1000] {dagbag.py:588} INFO - Filling up the DagBag from /opt/anaconda3/envs/titanic/lib/python3.11/site-packages/airflow/example_dags/example_branch_day_of_week_operator.py
[2025-03-24T16:59:40.457-1000] {processor.py:925} INFO - DAG(s) 'example_weekday_branch_operator' retrieved from /opt/anaconda3/envs/titanic/lib/python3.11/site-packages/airflow/example_dags/example_branch_day_of_week_operator.py
[2025-03-24T16:59:40.482-1000] {logging_mixin.py:190} INFO - [2025-03-24T16:59:40.482-1000] {dag.py:3239} INFO - Sync 1 DAGs
[2025-03-24T16:59:40.487-1000] {logging_mixin.py:190} INFO - [2025-03-24T16:59:40.487-1000] {dag.py:4180} INFO - Setting next_dagrun for example_weekday_branch_operator to 2025-03-24 00:00:00+00:00, run_after=2025-03-25 00:00:00+00:00
[2025-03-24T16:59:40.493-1000] {processor.py:208} INFO - Processing /opt/anaconda3/envs/titanic/lib/python3.11/site-packages/airflow/example_dags/example_branch_day_of_week_operator.py took 0.040 seconds
[2025-03-24T17:01:39.024-1000] {processor.py:186} INFO - Started process (PID=36015) to work on /opt/anaconda3/envs/titanic/lib/python3.11/site-packages/airflow/example_dags/example_branch_day_of_week_operator.py
[2025-03-24T17:01:39.024-1000] {processor.py:914} INFO - Processing file /opt/anaconda3/envs/titanic/lib/python3.11/site-packages/airflow/example_dags/example_branch_day_of_week_operator.py for tasks to queue
[2025-03-24T17:01:39.024-1000] {logging_mixin.py:190} INFO - [2025-03-24T17:01:39.024-1000] {dagbag.py:588} INFO - Filling up the DagBag from /opt/anaconda3/envs/titanic/lib/python3.11/site-packages/airflow/example_dags/example_branch_day_of_week_operator.py
[2025-03-24T17:01:39.027-1000] {processor.py:925} INFO - DAG(s) 'example_weekday_branch_operator' retrieved from /opt/anaconda3/envs/titanic/lib/python3.11/site-packages/airflow/example_dags/example_branch_day_of_week_operator.py
[2025-03-24T17:01:39.052-1000] {logging_mixin.py:190} INFO - [2025-03-24T17:01:39.052-1000] {dag.py:3239} INFO - Sync 1 DAGs
[2025-03-24T17:01:39.057-1000] {logging_mixin.py:190} INFO - [2025-03-24T17:01:39.057-1000] {dag.py:4180} INFO - Setting next_dagrun for example_weekday_branch_operator to 2025-03-24 00:00:00+00:00, run_after=2025-03-25 00:00:00+00:00
[2025-03-24T17:01:39.062-1000] {processor.py:208} INFO - Processing /opt/anaconda3/envs/titanic/lib/python3.11/site-packages/airflow/example_dags/example_branch_day_of_week_operator.py took 0.039 seconds
[2025-03-24T17:03:36.544-1000] {processor.py:186} INFO - Started process (PID=36457) to work on /opt/anaconda3/envs/titanic/lib/python3.11/site-packages/airflow/example_dags/example_branch_day_of_week_operator.py
[2025-03-24T17:03:36.544-1000] {processor.py:914} INFO - Processing file /opt/anaconda3/envs/titanic/lib/python3.11/site-packages/airflow/example_dags/example_branch_day_of_week_operator.py for tasks to queue
[2025-03-24T17:03:36.544-1000] {logging_mixin.py:190} INFO - [2025-03-24T17:03:36.544-1000] {dagbag.py:588} INFO - Filling up the DagBag from /opt/anaconda3/envs/titanic/lib/python3.11/site-packages/airflow/example_dags/example_branch_day_of_week_operator.py
[2025-03-24T17:03:36.547-1000] {processor.py:925} INFO - DAG(s) 'example_weekday_branch_operator' retrieved from /opt/anaconda3/envs/titanic/lib/python3.11/site-packages/airflow/example_dags/example_branch_day_of_week_operator.py
[2025-03-24T17:03:36.571-1000] {logging_mixin.py:190} INFO - [2025-03-24T17:03:36.571-1000] {dag.py:3239} INFO - Sync 1 DAGs
[2025-03-24T17:03:36.576-1000] {logging_mixin.py:190} INFO - [2025-03-24T17:03:36.576-1000] {dag.py:4180} INFO - Setting next_dagrun for example_weekday_branch_operator to 2025-03-24 00:00:00+00:00, run_after=2025-03-25 00:00:00+00:00
[2025-03-24T17:03:36.581-1000] {processor.py:208} INFO - Processing /opt/anaconda3/envs/titanic/lib/python3.11/site-packages/airflow/example_dags/example_branch_day_of_week_operator.py took 0.038 seconds
[2025-03-24T17:05:30.468-1000] {processor.py:186} INFO - Started process (PID=36885) to work on /opt/anaconda3/envs/titanic/lib/python3.11/site-packages/airflow/example_dags/example_branch_day_of_week_operator.py
[2025-03-24T17:05:30.469-1000] {processor.py:914} INFO - Processing file /opt/anaconda3/envs/titanic/lib/python3.11/site-packages/airflow/example_dags/example_branch_day_of_week_operator.py for tasks to queue
[2025-03-24T17:05:30.469-1000] {logging_mixin.py:190} INFO - [2025-03-24T17:05:30.469-1000] {dagbag.py:588} INFO - Filling up the DagBag from /opt/anaconda3/envs/titanic/lib/python3.11/site-packages/airflow/example_dags/example_branch_day_of_week_operator.py
[2025-03-24T17:05:30.471-1000] {processor.py:925} INFO - DAG(s) 'example_weekday_branch_operator' retrieved from /opt/anaconda3/envs/titanic/lib/python3.11/site-packages/airflow/example_dags/example_branch_day_of_week_operator.py
[2025-03-24T17:05:30.496-1000] {logging_mixin.py:190} INFO - [2025-03-24T17:05:30.495-1000] {dag.py:3239} INFO - Sync 1 DAGs
[2025-03-24T17:05:30.500-1000] {logging_mixin.py:190} INFO - [2025-03-24T17:05:30.500-1000] {dag.py:4180} INFO - Setting next_dagrun for example_weekday_branch_operator to 2025-03-24 00:00:00+00:00, run_after=2025-03-25 00:00:00+00:00
[2025-03-24T17:05:30.505-1000] {processor.py:208} INFO - Processing /opt/anaconda3/envs/titanic/lib/python3.11/site-packages/airflow/example_dags/example_branch_day_of_week_operator.py took 0.038 seconds
[2025-03-24T17:07:18.073-1000] {processor.py:186} INFO - Started process (PID=37325) to work on /opt/anaconda3/envs/titanic/lib/python3.11/site-packages/airflow/example_dags/example_branch_day_of_week_operator.py
[2025-03-24T17:07:18.073-1000] {processor.py:914} INFO - Processing file /opt/anaconda3/envs/titanic/lib/python3.11/site-packages/airflow/example_dags/example_branch_day_of_week_operator.py for tasks to queue
[2025-03-24T17:07:18.074-1000] {logging_mixin.py:190} INFO - [2025-03-24T17:07:18.074-1000] {dagbag.py:588} INFO - Filling up the DagBag from /opt/anaconda3/envs/titanic/lib/python3.11/site-packages/airflow/example_dags/example_branch_day_of_week_operator.py
[2025-03-24T17:07:18.076-1000] {processor.py:925} INFO - DAG(s) 'example_weekday_branch_operator' retrieved from /opt/anaconda3/envs/titanic/lib/python3.11/site-packages/airflow/example_dags/example_branch_day_of_week_operator.py
[2025-03-24T17:07:18.101-1000] {logging_mixin.py:190} INFO - [2025-03-24T17:07:18.101-1000] {dag.py:3239} INFO - Sync 1 DAGs
[2025-03-24T17:07:18.106-1000] {logging_mixin.py:190} INFO - [2025-03-24T17:07:18.106-1000] {dag.py:4180} INFO - Setting next_dagrun for example_weekday_branch_operator to 2025-03-24 00:00:00+00:00, run_after=2025-03-25 00:00:00+00:00
[2025-03-24T17:07:18.111-1000] {processor.py:208} INFO - Processing /opt/anaconda3/envs/titanic/lib/python3.11/site-packages/airflow/example_dags/example_branch_day_of_week_operator.py took 0.039 seconds
[2025-03-24T17:09:10.298-1000] {processor.py:186} INFO - Started process (PID=37753) to work on /opt/anaconda3/envs/titanic/lib/python3.11/site-packages/airflow/example_dags/example_branch_day_of_week_operator.py
[2025-03-24T17:09:10.298-1000] {processor.py:914} INFO - Processing file /opt/anaconda3/envs/titanic/lib/python3.11/site-packages/airflow/example_dags/example_branch_day_of_week_operator.py for tasks to queue
[2025-03-24T17:09:10.299-1000] {logging_mixin.py:190} INFO - [2025-03-24T17:09:10.298-1000] {dagbag.py:588} INFO - Filling up the DagBag from /opt/anaconda3/envs/titanic/lib/python3.11/site-packages/airflow/example_dags/example_branch_day_of_week_operator.py
[2025-03-24T17:09:10.301-1000] {processor.py:925} INFO - DAG(s) 'example_weekday_branch_operator' retrieved from /opt/anaconda3/envs/titanic/lib/python3.11/site-packages/airflow/example_dags/example_branch_day_of_week_operator.py
[2025-03-24T17:09:10.325-1000] {logging_mixin.py:190} INFO - [2025-03-24T17:09:10.325-1000] {dag.py:3239} INFO - Sync 1 DAGs
[2025-03-24T17:09:10.330-1000] {logging_mixin.py:190} INFO - [2025-03-24T17:09:10.330-1000] {dag.py:4180} INFO - Setting next_dagrun for example_weekday_branch_operator to 2025-03-24 00:00:00+00:00, run_after=2025-03-25 00:00:00+00:00
[2025-03-24T17:09:10.334-1000] {processor.py:208} INFO - Processing /opt/anaconda3/envs/titanic/lib/python3.11/site-packages/airflow/example_dags/example_branch_day_of_week_operator.py took 0.037 seconds
[2025-03-24T17:10:56.197-1000] {processor.py:186} INFO - Started process (PID=38154) to work on /opt/anaconda3/envs/titanic/lib/python3.11/site-packages/airflow/example_dags/example_branch_day_of_week_operator.py
[2025-03-24T17:10:56.197-1000] {processor.py:914} INFO - Processing file /opt/anaconda3/envs/titanic/lib/python3.11/site-packages/airflow/example_dags/example_branch_day_of_week_operator.py for tasks to queue
[2025-03-24T17:10:56.197-1000] {logging_mixin.py:190} INFO - [2025-03-24T17:10:56.197-1000] {dagbag.py:588} INFO - Filling up the DagBag from /opt/anaconda3/envs/titanic/lib/python3.11/site-packages/airflow/example_dags/example_branch_day_of_week_operator.py
[2025-03-24T17:10:56.200-1000] {processor.py:925} INFO - DAG(s) 'example_weekday_branch_operator' retrieved from /opt/anaconda3/envs/titanic/lib/python3.11/site-packages/airflow/example_dags/example_branch_day_of_week_operator.py
[2025-03-24T17:10:56.224-1000] {logging_mixin.py:190} INFO - [2025-03-24T17:10:56.224-1000] {dag.py:3239} INFO - Sync 1 DAGs
[2025-03-24T17:10:56.229-1000] {logging_mixin.py:190} INFO - [2025-03-24T17:10:56.229-1000] {dag.py:4180} INFO - Setting next_dagrun for example_weekday_branch_operator to 2025-03-24 00:00:00+00:00, run_after=2025-03-25 00:00:00+00:00
[2025-03-24T17:10:56.233-1000] {processor.py:208} INFO - Processing /opt/anaconda3/envs/titanic/lib/python3.11/site-packages/airflow/example_dags/example_branch_day_of_week_operator.py took 0.037 seconds
[2025-03-24T17:12:44.832-1000] {processor.py:186} INFO - Started process (PID=38571) to work on /opt/anaconda3/envs/titanic/lib/python3.11/site-packages/airflow/example_dags/example_branch_day_of_week_operator.py
[2025-03-24T17:12:44.832-1000] {processor.py:914} INFO - Processing file /opt/anaconda3/envs/titanic/lib/python3.11/site-packages/airflow/example_dags/example_branch_day_of_week_operator.py for tasks to queue
[2025-03-24T17:12:44.833-1000] {logging_mixin.py:190} INFO - [2025-03-24T17:12:44.833-1000] {dagbag.py:588} INFO - Filling up the DagBag from /opt/anaconda3/envs/titanic/lib/python3.11/site-packages/airflow/example_dags/example_branch_day_of_week_operator.py
[2025-03-24T17:12:44.835-1000] {processor.py:925} INFO - DAG(s) 'example_weekday_branch_operator' retrieved from /opt/anaconda3/envs/titanic/lib/python3.11/site-packages/airflow/example_dags/example_branch_day_of_week_operator.py
[2025-03-24T17:12:44.860-1000] {logging_mixin.py:190} INFO - [2025-03-24T17:12:44.860-1000] {dag.py:3239} INFO - Sync 1 DAGs
[2025-03-24T17:12:44.865-1000] {logging_mixin.py:190} INFO - [2025-03-24T17:12:44.865-1000] {dag.py:4180} INFO - Setting next_dagrun for example_weekday_branch_operator to 2025-03-24 00:00:00+00:00, run_after=2025-03-25 00:00:00+00:00
[2025-03-24T17:12:44.870-1000] {processor.py:208} INFO - Processing /opt/anaconda3/envs/titanic/lib/python3.11/site-packages/airflow/example_dags/example_branch_day_of_week_operator.py took 0.039 seconds
[2025-03-24T17:14:35.095-1000] {processor.py:186} INFO - Started process (PID=38994) to work on /opt/anaconda3/envs/titanic/lib/python3.11/site-packages/airflow/example_dags/example_branch_day_of_week_operator.py
[2025-03-24T17:14:35.095-1000] {processor.py:914} INFO - Processing file /opt/anaconda3/envs/titanic/lib/python3.11/site-packages/airflow/example_dags/example_branch_day_of_week_operator.py for tasks to queue
[2025-03-24T17:14:35.096-1000] {logging_mixin.py:190} INFO - [2025-03-24T17:14:35.096-1000] {dagbag.py:588} INFO - Filling up the DagBag from /opt/anaconda3/envs/titanic/lib/python3.11/site-packages/airflow/example_dags/example_branch_day_of_week_operator.py
[2025-03-24T17:14:35.098-1000] {processor.py:925} INFO - DAG(s) 'example_weekday_branch_operator' retrieved from /opt/anaconda3/envs/titanic/lib/python3.11/site-packages/airflow/example_dags/example_branch_day_of_week_operator.py
[2025-03-24T17:14:35.122-1000] {logging_mixin.py:190} INFO - [2025-03-24T17:14:35.122-1000] {dag.py:3239} INFO - Sync 1 DAGs
[2025-03-24T17:14:35.127-1000] {logging_mixin.py:190} INFO - [2025-03-24T17:14:35.127-1000] {dag.py:4180} INFO - Setting next_dagrun for example_weekday_branch_operator to 2025-03-24 00:00:00+00:00, run_after=2025-03-25 00:00:00+00:00
[2025-03-24T17:14:35.132-1000] {processor.py:208} INFO - Processing /opt/anaconda3/envs/titanic/lib/python3.11/site-packages/airflow/example_dags/example_branch_day_of_week_operator.py took 0.037 seconds
[2025-03-24T17:16:25.120-1000] {processor.py:186} INFO - Started process (PID=39410) to work on /opt/anaconda3/envs/titanic/lib/python3.11/site-packages/airflow/example_dags/example_branch_day_of_week_operator.py
[2025-03-24T17:16:25.120-1000] {processor.py:914} INFO - Processing file /opt/anaconda3/envs/titanic/lib/python3.11/site-packages/airflow/example_dags/example_branch_day_of_week_operator.py for tasks to queue
[2025-03-24T17:16:25.120-1000] {logging_mixin.py:190} INFO - [2025-03-24T17:16:25.120-1000] {dagbag.py:588} INFO - Filling up the DagBag from /opt/anaconda3/envs/titanic/lib/python3.11/site-packages/airflow/example_dags/example_branch_day_of_week_operator.py
[2025-03-24T17:16:25.123-1000] {processor.py:925} INFO - DAG(s) 'example_weekday_branch_operator' retrieved from /opt/anaconda3/envs/titanic/lib/python3.11/site-packages/airflow/example_dags/example_branch_day_of_week_operator.py
[2025-03-24T17:16:25.147-1000] {logging_mixin.py:190} INFO - [2025-03-24T17:16:25.147-1000] {dag.py:3239} INFO - Sync 1 DAGs
[2025-03-24T17:16:25.152-1000] {logging_mixin.py:190} INFO - [2025-03-24T17:16:25.152-1000] {dag.py:4180} INFO - Setting next_dagrun for example_weekday_branch_operator to 2025-03-24 00:00:00+00:00, run_after=2025-03-25 00:00:00+00:00
[2025-03-24T17:16:25.157-1000] {processor.py:208} INFO - Processing /opt/anaconda3/envs/titanic/lib/python3.11/site-packages/airflow/example_dags/example_branch_day_of_week_operator.py took 0.038 seconds
[2025-03-24T17:18:12.031-1000] {processor.py:186} INFO - Started process (PID=39817) to work on /opt/anaconda3/envs/titanic/lib/python3.11/site-packages/airflow/example_dags/example_branch_day_of_week_operator.py
[2025-03-24T17:18:12.031-1000] {processor.py:914} INFO - Processing file /opt/anaconda3/envs/titanic/lib/python3.11/site-packages/airflow/example_dags/example_branch_day_of_week_operator.py for tasks to queue
[2025-03-24T17:18:12.031-1000] {logging_mixin.py:190} INFO - [2025-03-24T17:18:12.031-1000] {dagbag.py:588} INFO - Filling up the DagBag from /opt/anaconda3/envs/titanic/lib/python3.11/site-packages/airflow/example_dags/example_branch_day_of_week_operator.py
[2025-03-24T17:18:12.034-1000] {processor.py:925} INFO - DAG(s) 'example_weekday_branch_operator' retrieved from /opt/anaconda3/envs/titanic/lib/python3.11/site-packages/airflow/example_dags/example_branch_day_of_week_operator.py
[2025-03-24T17:18:12.057-1000] {logging_mixin.py:190} INFO - [2025-03-24T17:18:12.057-1000] {dag.py:3239} INFO - Sync 1 DAGs
[2025-03-24T17:18:12.062-1000] {logging_mixin.py:190} INFO - [2025-03-24T17:18:12.062-1000] {dag.py:4180} INFO - Setting next_dagrun for example_weekday_branch_operator to 2025-03-24 00:00:00+00:00, run_after=2025-03-25 00:00:00+00:00
[2025-03-24T17:18:12.067-1000] {processor.py:208} INFO - Processing /opt/anaconda3/envs/titanic/lib/python3.11/site-packages/airflow/example_dags/example_branch_day_of_week_operator.py took 0.037 seconds
[2025-03-24T17:20:03.840-1000] {processor.py:186} INFO - Started process (PID=40258) to work on /opt/anaconda3/envs/titanic/lib/python3.11/site-packages/airflow/example_dags/example_branch_day_of_week_operator.py
[2025-03-24T17:20:03.841-1000] {processor.py:914} INFO - Processing file /opt/anaconda3/envs/titanic/lib/python3.11/site-packages/airflow/example_dags/example_branch_day_of_week_operator.py for tasks to queue
[2025-03-24T17:20:03.841-1000] {logging_mixin.py:190} INFO - [2025-03-24T17:20:03.841-1000] {dagbag.py:588} INFO - Filling up the DagBag from /opt/anaconda3/envs/titanic/lib/python3.11/site-packages/airflow/example_dags/example_branch_day_of_week_operator.py
[2025-03-24T17:20:03.844-1000] {processor.py:925} INFO - DAG(s) 'example_weekday_branch_operator' retrieved from /opt/anaconda3/envs/titanic/lib/python3.11/site-packages/airflow/example_dags/example_branch_day_of_week_operator.py
[2025-03-24T17:20:03.869-1000] {logging_mixin.py:190} INFO - [2025-03-24T17:20:03.868-1000] {dag.py:3239} INFO - Sync 1 DAGs
[2025-03-24T17:20:03.874-1000] {logging_mixin.py:190} INFO - [2025-03-24T17:20:03.874-1000] {dag.py:4180} INFO - Setting next_dagrun for example_weekday_branch_operator to 2025-03-24 00:00:00+00:00, run_after=2025-03-25 00:00:00+00:00
[2025-03-24T17:20:03.879-1000] {processor.py:208} INFO - Processing /opt/anaconda3/envs/titanic/lib/python3.11/site-packages/airflow/example_dags/example_branch_day_of_week_operator.py took 0.040 seconds
[2025-03-24T17:21:58.650-1000] {processor.py:186} INFO - Started process (PID=40701) to work on /opt/anaconda3/envs/titanic/lib/python3.11/site-packages/airflow/example_dags/example_branch_day_of_week_operator.py
[2025-03-24T17:21:58.651-1000] {processor.py:914} INFO - Processing file /opt/anaconda3/envs/titanic/lib/python3.11/site-packages/airflow/example_dags/example_branch_day_of_week_operator.py for tasks to queue
[2025-03-24T17:21:58.652-1000] {logging_mixin.py:190} INFO - [2025-03-24T17:21:58.652-1000] {dagbag.py:588} INFO - Filling up the DagBag from /opt/anaconda3/envs/titanic/lib/python3.11/site-packages/airflow/example_dags/example_branch_day_of_week_operator.py
[2025-03-24T17:21:58.655-1000] {processor.py:925} INFO - DAG(s) 'example_weekday_branch_operator' retrieved from /opt/anaconda3/envs/titanic/lib/python3.11/site-packages/airflow/example_dags/example_branch_day_of_week_operator.py
[2025-03-24T17:21:58.679-1000] {logging_mixin.py:190} INFO - [2025-03-24T17:21:58.678-1000] {dag.py:3239} INFO - Sync 1 DAGs
[2025-03-24T17:21:58.683-1000] {logging_mixin.py:190} INFO - [2025-03-24T17:21:58.683-1000] {dag.py:4180} INFO - Setting next_dagrun for example_weekday_branch_operator to 2025-03-24 00:00:00+00:00, run_after=2025-03-25 00:00:00+00:00
[2025-03-24T17:21:58.688-1000] {processor.py:208} INFO - Processing /opt/anaconda3/envs/titanic/lib/python3.11/site-packages/airflow/example_dags/example_branch_day_of_week_operator.py took 0.039 seconds
[2025-03-24T17:23:49.424-1000] {processor.py:186} INFO - Started process (PID=41150) to work on /opt/anaconda3/envs/titanic/lib/python3.11/site-packages/airflow/example_dags/example_branch_day_of_week_operator.py
[2025-03-24T17:23:49.425-1000] {processor.py:914} INFO - Processing file /opt/anaconda3/envs/titanic/lib/python3.11/site-packages/airflow/example_dags/example_branch_day_of_week_operator.py for tasks to queue
[2025-03-24T17:23:49.425-1000] {logging_mixin.py:190} INFO - [2025-03-24T17:23:49.425-1000] {dagbag.py:588} INFO - Filling up the DagBag from /opt/anaconda3/envs/titanic/lib/python3.11/site-packages/airflow/example_dags/example_branch_day_of_week_operator.py
[2025-03-24T17:23:49.428-1000] {processor.py:925} INFO - DAG(s) 'example_weekday_branch_operator' retrieved from /opt/anaconda3/envs/titanic/lib/python3.11/site-packages/airflow/example_dags/example_branch_day_of_week_operator.py
[2025-03-24T17:23:49.453-1000] {logging_mixin.py:190} INFO - [2025-03-24T17:23:49.453-1000] {dag.py:3239} INFO - Sync 1 DAGs
[2025-03-24T17:23:49.458-1000] {logging_mixin.py:190} INFO - [2025-03-24T17:23:49.458-1000] {dag.py:4180} INFO - Setting next_dagrun for example_weekday_branch_operator to 2025-03-24 00:00:00+00:00, run_after=2025-03-25 00:00:00+00:00
[2025-03-24T17:23:49.463-1000] {processor.py:208} INFO - Processing /opt/anaconda3/envs/titanic/lib/python3.11/site-packages/airflow/example_dags/example_branch_day_of_week_operator.py took 0.040 seconds
[2025-03-24T17:25:39.556-1000] {processor.py:186} INFO - Started process (PID=41577) to work on /opt/anaconda3/envs/titanic/lib/python3.11/site-packages/airflow/example_dags/example_branch_day_of_week_operator.py
[2025-03-24T17:25:39.557-1000] {processor.py:914} INFO - Processing file /opt/anaconda3/envs/titanic/lib/python3.11/site-packages/airflow/example_dags/example_branch_day_of_week_operator.py for tasks to queue
[2025-03-24T17:25:39.558-1000] {logging_mixin.py:190} INFO - [2025-03-24T17:25:39.558-1000] {dagbag.py:588} INFO - Filling up the DagBag from /opt/anaconda3/envs/titanic/lib/python3.11/site-packages/airflow/example_dags/example_branch_day_of_week_operator.py
[2025-03-24T17:25:39.561-1000] {processor.py:925} INFO - DAG(s) 'example_weekday_branch_operator' retrieved from /opt/anaconda3/envs/titanic/lib/python3.11/site-packages/airflow/example_dags/example_branch_day_of_week_operator.py
[2025-03-24T17:25:39.585-1000] {logging_mixin.py:190} INFO - [2025-03-24T17:25:39.585-1000] {dag.py:3239} INFO - Sync 1 DAGs
[2025-03-24T17:25:39.590-1000] {logging_mixin.py:190} INFO - [2025-03-24T17:25:39.590-1000] {dag.py:4180} INFO - Setting next_dagrun for example_weekday_branch_operator to 2025-03-24 00:00:00+00:00, run_after=2025-03-25 00:00:00+00:00
[2025-03-24T17:25:39.594-1000] {processor.py:208} INFO - Processing /opt/anaconda3/envs/titanic/lib/python3.11/site-packages/airflow/example_dags/example_branch_day_of_week_operator.py took 0.039 seconds
[2025-03-24T17:27:44.706-1000] {processor.py:186} INFO - Started process (PID=42145) to work on /opt/anaconda3/envs/titanic/lib/python3.11/site-packages/airflow/example_dags/example_branch_day_of_week_operator.py
[2025-03-24T17:27:44.707-1000] {processor.py:914} INFO - Processing file /opt/anaconda3/envs/titanic/lib/python3.11/site-packages/airflow/example_dags/example_branch_day_of_week_operator.py for tasks to queue
[2025-03-24T17:27:44.708-1000] {logging_mixin.py:190} INFO - [2025-03-24T17:27:44.708-1000] {dagbag.py:588} INFO - Filling up the DagBag from /opt/anaconda3/envs/titanic/lib/python3.11/site-packages/airflow/example_dags/example_branch_day_of_week_operator.py
[2025-03-24T17:27:44.710-1000] {processor.py:925} INFO - DAG(s) 'example_weekday_branch_operator' retrieved from /opt/anaconda3/envs/titanic/lib/python3.11/site-packages/airflow/example_dags/example_branch_day_of_week_operator.py
[2025-03-24T17:27:44.735-1000] {logging_mixin.py:190} INFO - [2025-03-24T17:27:44.735-1000] {dag.py:3239} INFO - Sync 1 DAGs
[2025-03-24T17:27:44.740-1000] {logging_mixin.py:190} INFO - [2025-03-24T17:27:44.740-1000] {dag.py:4180} INFO - Setting next_dagrun for example_weekday_branch_operator to 2025-03-24 00:00:00+00:00, run_after=2025-03-25 00:00:00+00:00
[2025-03-24T17:27:44.745-1000] {processor.py:208} INFO - Processing /opt/anaconda3/envs/titanic/lib/python3.11/site-packages/airflow/example_dags/example_branch_day_of_week_operator.py took 0.039 seconds
[2025-03-24T17:29:38.450-1000] {processor.py:186} INFO - Started process (PID=42606) to work on /opt/anaconda3/envs/titanic/lib/python3.11/site-packages/airflow/example_dags/example_branch_day_of_week_operator.py
[2025-03-24T17:29:38.450-1000] {processor.py:914} INFO - Processing file /opt/anaconda3/envs/titanic/lib/python3.11/site-packages/airflow/example_dags/example_branch_day_of_week_operator.py for tasks to queue
[2025-03-24T17:29:38.451-1000] {logging_mixin.py:190} INFO - [2025-03-24T17:29:38.450-1000] {dagbag.py:588} INFO - Filling up the DagBag from /opt/anaconda3/envs/titanic/lib/python3.11/site-packages/airflow/example_dags/example_branch_day_of_week_operator.py
[2025-03-24T17:29:38.453-1000] {processor.py:925} INFO - DAG(s) 'example_weekday_branch_operator' retrieved from /opt/anaconda3/envs/titanic/lib/python3.11/site-packages/airflow/example_dags/example_branch_day_of_week_operator.py
[2025-03-24T17:29:38.478-1000] {logging_mixin.py:190} INFO - [2025-03-24T17:29:38.477-1000] {dag.py:3239} INFO - Sync 1 DAGs
[2025-03-24T17:29:38.482-1000] {logging_mixin.py:190} INFO - [2025-03-24T17:29:38.482-1000] {dag.py:4180} INFO - Setting next_dagrun for example_weekday_branch_operator to 2025-03-24 00:00:00+00:00, run_after=2025-03-25 00:00:00+00:00
[2025-03-24T17:29:38.487-1000] {processor.py:208} INFO - Processing /opt/anaconda3/envs/titanic/lib/python3.11/site-packages/airflow/example_dags/example_branch_day_of_week_operator.py took 0.038 seconds
[2025-03-24T17:31:35.811-1000] {processor.py:186} INFO - Started process (PID=43132) to work on /opt/anaconda3/envs/titanic/lib/python3.11/site-packages/airflow/example_dags/example_branch_day_of_week_operator.py
[2025-03-24T17:31:35.812-1000] {processor.py:914} INFO - Processing file /opt/anaconda3/envs/titanic/lib/python3.11/site-packages/airflow/example_dags/example_branch_day_of_week_operator.py for tasks to queue
[2025-03-24T17:31:35.813-1000] {logging_mixin.py:190} INFO - [2025-03-24T17:31:35.813-1000] {dagbag.py:588} INFO - Filling up the DagBag from /opt/anaconda3/envs/titanic/lib/python3.11/site-packages/airflow/example_dags/example_branch_day_of_week_operator.py
[2025-03-24T17:31:35.816-1000] {processor.py:925} INFO - DAG(s) 'example_weekday_branch_operator' retrieved from /opt/anaconda3/envs/titanic/lib/python3.11/site-packages/airflow/example_dags/example_branch_day_of_week_operator.py
[2025-03-24T17:31:35.840-1000] {logging_mixin.py:190} INFO - [2025-03-24T17:31:35.840-1000] {dag.py:3239} INFO - Sync 1 DAGs
[2025-03-24T17:31:35.845-1000] {logging_mixin.py:190} INFO - [2025-03-24T17:31:35.845-1000] {dag.py:4180} INFO - Setting next_dagrun for example_weekday_branch_operator to 2025-03-24 00:00:00+00:00, run_after=2025-03-25 00:00:00+00:00
[2025-03-24T17:31:35.850-1000] {processor.py:208} INFO - Processing /opt/anaconda3/envs/titanic/lib/python3.11/site-packages/airflow/example_dags/example_branch_day_of_week_operator.py took 0.039 seconds
[2025-03-24T17:33:34.879-1000] {processor.py:186} INFO - Started process (PID=43619) to work on /opt/anaconda3/envs/titanic/lib/python3.11/site-packages/airflow/example_dags/example_branch_day_of_week_operator.py
[2025-03-24T17:33:34.880-1000] {processor.py:914} INFO - Processing file /opt/anaconda3/envs/titanic/lib/python3.11/site-packages/airflow/example_dags/example_branch_day_of_week_operator.py for tasks to queue
[2025-03-24T17:33:34.880-1000] {logging_mixin.py:190} INFO - [2025-03-24T17:33:34.880-1000] {dagbag.py:588} INFO - Filling up the DagBag from /opt/anaconda3/envs/titanic/lib/python3.11/site-packages/airflow/example_dags/example_branch_day_of_week_operator.py
[2025-03-24T17:33:34.882-1000] {processor.py:925} INFO - DAG(s) 'example_weekday_branch_operator' retrieved from /opt/anaconda3/envs/titanic/lib/python3.11/site-packages/airflow/example_dags/example_branch_day_of_week_operator.py
[2025-03-24T17:33:34.906-1000] {logging_mixin.py:190} INFO - [2025-03-24T17:33:34.906-1000] {dag.py:3239} INFO - Sync 1 DAGs
[2025-03-24T17:33:34.912-1000] {logging_mixin.py:190} INFO - [2025-03-24T17:33:34.912-1000] {dag.py:4180} INFO - Setting next_dagrun for example_weekday_branch_operator to 2025-03-24 00:00:00+00:00, run_after=2025-03-25 00:00:00+00:00
[2025-03-24T17:33:34.918-1000] {processor.py:208} INFO - Processing /opt/anaconda3/envs/titanic/lib/python3.11/site-packages/airflow/example_dags/example_branch_day_of_week_operator.py took 0.040 seconds
