[2025-03-24T15:51:36.059-1000] {processor.py:186} INFO - Started process (PID=19210) to work on /opt/anaconda3/envs/titanic/lib/python3.11/site-packages/airflow/example_dags/example_kubernetes_executor.py
[2025-03-24T15:51:36.059-1000] {processor.py:914} INFO - Processing file /opt/anaconda3/envs/titanic/lib/python3.11/site-packages/airflow/example_dags/example_kubernetes_executor.py for tasks to queue
[2025-03-24T15:51:36.059-1000] {logging_mixin.py:190} INFO - [2025-03-24T15:51:36.059-1000] {dagbag.py:588} INFO - Filling up the DagBag from /opt/anaconda3/envs/titanic/lib/python3.11/site-packages/airflow/example_dags/example_kubernetes_executor.py
[2025-03-24T15:51:36.070-1000] {logging_mixin.py:190} INFO - [2025-03-24T15:51:36.070-1000] {example_kubernetes_executor.py:39} WARNING - The example_kubernetes_executor example DAG requires the kubernetes provider. Please install it with: pip install apache-airflow[cncf.kubernetes]
[2025-03-24T15:51:36.070-1000] {processor.py:927} WARNING - No viable dags retrieved from /opt/anaconda3/envs/titanic/lib/python3.11/site-packages/airflow/example_dags/example_kubernetes_executor.py
[2025-03-24T15:51:36.093-1000] {processor.py:208} INFO - Processing /opt/anaconda3/envs/titanic/lib/python3.11/site-packages/airflow/example_dags/example_kubernetes_executor.py took 0.061 seconds
[2025-03-24T15:53:09.523-1000] {processor.py:186} INFO - Started process (PID=20026) to work on /opt/anaconda3/envs/titanic/lib/python3.11/site-packages/airflow/example_dags/example_kubernetes_executor.py
[2025-03-24T15:53:09.524-1000] {processor.py:914} INFO - Processing file /opt/anaconda3/envs/titanic/lib/python3.11/site-packages/airflow/example_dags/example_kubernetes_executor.py for tasks to queue
[2025-03-24T15:53:09.524-1000] {logging_mixin.py:190} INFO - [2025-03-24T15:53:09.524-1000] {dagbag.py:588} INFO - Filling up the DagBag from /opt/anaconda3/envs/titanic/lib/python3.11/site-packages/airflow/example_dags/example_kubernetes_executor.py
[2025-03-24T15:53:09.534-1000] {logging_mixin.py:190} INFO - [2025-03-24T15:53:09.534-1000] {example_kubernetes_executor.py:39} WARNING - The example_kubernetes_executor example DAG requires the kubernetes provider. Please install it with: pip install apache-airflow[cncf.kubernetes]
[2025-03-24T15:53:09.534-1000] {processor.py:927} WARNING - No viable dags retrieved from /opt/anaconda3/envs/titanic/lib/python3.11/site-packages/airflow/example_dags/example_kubernetes_executor.py
[2025-03-24T15:53:09.556-1000] {processor.py:208} INFO - Processing /opt/anaconda3/envs/titanic/lib/python3.11/site-packages/airflow/example_dags/example_kubernetes_executor.py took 0.053 seconds
[2025-03-24T15:55:02.110-1000] {processor.py:186} INFO - Started process (PID=20474) to work on /opt/anaconda3/envs/titanic/lib/python3.11/site-packages/airflow/example_dags/example_kubernetes_executor.py
[2025-03-24T15:55:02.111-1000] {processor.py:914} INFO - Processing file /opt/anaconda3/envs/titanic/lib/python3.11/site-packages/airflow/example_dags/example_kubernetes_executor.py for tasks to queue
[2025-03-24T15:55:02.111-1000] {logging_mixin.py:190} INFO - [2025-03-24T15:55:02.111-1000] {dagbag.py:588} INFO - Filling up the DagBag from /opt/anaconda3/envs/titanic/lib/python3.11/site-packages/airflow/example_dags/example_kubernetes_executor.py
[2025-03-24T15:55:02.120-1000] {logging_mixin.py:190} INFO - [2025-03-24T15:55:02.120-1000] {example_kubernetes_executor.py:39} WARNING - The example_kubernetes_executor example DAG requires the kubernetes provider. Please install it with: pip install apache-airflow[cncf.kubernetes]
[2025-03-24T15:55:02.120-1000] {processor.py:927} WARNING - No viable dags retrieved from /opt/anaconda3/envs/titanic/lib/python3.11/site-packages/airflow/example_dags/example_kubernetes_executor.py
[2025-03-24T15:55:02.142-1000] {processor.py:208} INFO - Processing /opt/anaconda3/envs/titanic/lib/python3.11/site-packages/airflow/example_dags/example_kubernetes_executor.py took 0.051 seconds
[2025-03-24T15:56:51.028-1000] {processor.py:186} INFO - Started process (PID=20897) to work on /opt/anaconda3/envs/titanic/lib/python3.11/site-packages/airflow/example_dags/example_kubernetes_executor.py
[2025-03-24T15:56:51.030-1000] {processor.py:914} INFO - Processing file /opt/anaconda3/envs/titanic/lib/python3.11/site-packages/airflow/example_dags/example_kubernetes_executor.py for tasks to queue
[2025-03-24T15:56:51.030-1000] {logging_mixin.py:190} INFO - [2025-03-24T15:56:51.030-1000] {dagbag.py:588} INFO - Filling up the DagBag from /opt/anaconda3/envs/titanic/lib/python3.11/site-packages/airflow/example_dags/example_kubernetes_executor.py
[2025-03-24T15:56:51.039-1000] {logging_mixin.py:190} INFO - [2025-03-24T15:56:51.039-1000] {example_kubernetes_executor.py:39} WARNING - The example_kubernetes_executor example DAG requires the kubernetes provider. Please install it with: pip install apache-airflow[cncf.kubernetes]
[2025-03-24T15:56:51.039-1000] {processor.py:927} WARNING - No viable dags retrieved from /opt/anaconda3/envs/titanic/lib/python3.11/site-packages/airflow/example_dags/example_kubernetes_executor.py
[2025-03-24T15:56:51.061-1000] {processor.py:208} INFO - Processing /opt/anaconda3/envs/titanic/lib/python3.11/site-packages/airflow/example_dags/example_kubernetes_executor.py took 0.053 seconds
[2025-03-24T15:58:37.317-1000] {processor.py:186} INFO - Started process (PID=21314) to work on /opt/anaconda3/envs/titanic/lib/python3.11/site-packages/airflow/example_dags/example_kubernetes_executor.py
[2025-03-24T15:58:37.319-1000] {processor.py:914} INFO - Processing file /opt/anaconda3/envs/titanic/lib/python3.11/site-packages/airflow/example_dags/example_kubernetes_executor.py for tasks to queue
[2025-03-24T15:58:37.319-1000] {logging_mixin.py:190} INFO - [2025-03-24T15:58:37.319-1000] {dagbag.py:588} INFO - Filling up the DagBag from /opt/anaconda3/envs/titanic/lib/python3.11/site-packages/airflow/example_dags/example_kubernetes_executor.py
[2025-03-24T15:58:37.327-1000] {logging_mixin.py:190} INFO - [2025-03-24T15:58:37.327-1000] {example_kubernetes_executor.py:39} WARNING - The example_kubernetes_executor example DAG requires the kubernetes provider. Please install it with: pip install apache-airflow[cncf.kubernetes]
[2025-03-24T15:58:37.327-1000] {processor.py:927} WARNING - No viable dags retrieved from /opt/anaconda3/envs/titanic/lib/python3.11/site-packages/airflow/example_dags/example_kubernetes_executor.py
[2025-03-24T15:58:37.349-1000] {processor.py:208} INFO - Processing /opt/anaconda3/envs/titanic/lib/python3.11/site-packages/airflow/example_dags/example_kubernetes_executor.py took 0.052 seconds
[2025-03-24T16:00:28.781-1000] {processor.py:186} INFO - Started process (PID=21752) to work on /opt/anaconda3/envs/titanic/lib/python3.11/site-packages/airflow/example_dags/example_kubernetes_executor.py
[2025-03-24T16:00:28.782-1000] {processor.py:914} INFO - Processing file /opt/anaconda3/envs/titanic/lib/python3.11/site-packages/airflow/example_dags/example_kubernetes_executor.py for tasks to queue
[2025-03-24T16:00:28.782-1000] {logging_mixin.py:190} INFO - [2025-03-24T16:00:28.782-1000] {dagbag.py:588} INFO - Filling up the DagBag from /opt/anaconda3/envs/titanic/lib/python3.11/site-packages/airflow/example_dags/example_kubernetes_executor.py
[2025-03-24T16:00:28.791-1000] {logging_mixin.py:190} INFO - [2025-03-24T16:00:28.791-1000] {example_kubernetes_executor.py:39} WARNING - The example_kubernetes_executor example DAG requires the kubernetes provider. Please install it with: pip install apache-airflow[cncf.kubernetes]
[2025-03-24T16:00:28.792-1000] {processor.py:927} WARNING - No viable dags retrieved from /opt/anaconda3/envs/titanic/lib/python3.11/site-packages/airflow/example_dags/example_kubernetes_executor.py
[2025-03-24T16:00:28.814-1000] {processor.py:208} INFO - Processing /opt/anaconda3/envs/titanic/lib/python3.11/site-packages/airflow/example_dags/example_kubernetes_executor.py took 0.055 seconds
[2025-03-24T16:02:37.424-1000] {processor.py:186} INFO - Started process (PID=22227) to work on /opt/anaconda3/envs/titanic/lib/python3.11/site-packages/airflow/example_dags/example_kubernetes_executor.py
[2025-03-24T16:02:37.425-1000] {processor.py:914} INFO - Processing file /opt/anaconda3/envs/titanic/lib/python3.11/site-packages/airflow/example_dags/example_kubernetes_executor.py for tasks to queue
[2025-03-24T16:02:37.425-1000] {logging_mixin.py:190} INFO - [2025-03-24T16:02:37.425-1000] {dagbag.py:588} INFO - Filling up the DagBag from /opt/anaconda3/envs/titanic/lib/python3.11/site-packages/airflow/example_dags/example_kubernetes_executor.py
[2025-03-24T16:02:37.433-1000] {logging_mixin.py:190} INFO - [2025-03-24T16:02:37.433-1000] {example_kubernetes_executor.py:39} WARNING - The example_kubernetes_executor example DAG requires the kubernetes provider. Please install it with: pip install apache-airflow[cncf.kubernetes]
[2025-03-24T16:02:37.433-1000] {processor.py:927} WARNING - No viable dags retrieved from /opt/anaconda3/envs/titanic/lib/python3.11/site-packages/airflow/example_dags/example_kubernetes_executor.py
[2025-03-24T16:02:37.455-1000] {processor.py:208} INFO - Processing /opt/anaconda3/envs/titanic/lib/python3.11/site-packages/airflow/example_dags/example_kubernetes_executor.py took 0.050 seconds
[2025-03-24T16:04:27.446-1000] {processor.py:186} INFO - Started process (PID=22635) to work on /opt/anaconda3/envs/titanic/lib/python3.11/site-packages/airflow/example_dags/example_kubernetes_executor.py
[2025-03-24T16:04:27.446-1000] {processor.py:914} INFO - Processing file /opt/anaconda3/envs/titanic/lib/python3.11/site-packages/airflow/example_dags/example_kubernetes_executor.py for tasks to queue
[2025-03-24T16:04:27.446-1000] {logging_mixin.py:190} INFO - [2025-03-24T16:04:27.446-1000] {dagbag.py:588} INFO - Filling up the DagBag from /opt/anaconda3/envs/titanic/lib/python3.11/site-packages/airflow/example_dags/example_kubernetes_executor.py
[2025-03-24T16:04:27.455-1000] {logging_mixin.py:190} INFO - [2025-03-24T16:04:27.455-1000] {example_kubernetes_executor.py:39} WARNING - The example_kubernetes_executor example DAG requires the kubernetes provider. Please install it with: pip install apache-airflow[cncf.kubernetes]
[2025-03-24T16:04:27.455-1000] {processor.py:927} WARNING - No viable dags retrieved from /opt/anaconda3/envs/titanic/lib/python3.11/site-packages/airflow/example_dags/example_kubernetes_executor.py
[2025-03-24T16:04:27.476-1000] {processor.py:208} INFO - Processing /opt/anaconda3/envs/titanic/lib/python3.11/site-packages/airflow/example_dags/example_kubernetes_executor.py took 0.050 seconds
[2025-03-24T16:06:11.603-1000] {processor.py:186} INFO - Started process (PID=23034) to work on /opt/anaconda3/envs/titanic/lib/python3.11/site-packages/airflow/example_dags/example_kubernetes_executor.py
[2025-03-24T16:06:11.603-1000] {processor.py:914} INFO - Processing file /opt/anaconda3/envs/titanic/lib/python3.11/site-packages/airflow/example_dags/example_kubernetes_executor.py for tasks to queue
[2025-03-24T16:06:11.604-1000] {logging_mixin.py:190} INFO - [2025-03-24T16:06:11.604-1000] {dagbag.py:588} INFO - Filling up the DagBag from /opt/anaconda3/envs/titanic/lib/python3.11/site-packages/airflow/example_dags/example_kubernetes_executor.py
[2025-03-24T16:06:11.613-1000] {logging_mixin.py:190} INFO - [2025-03-24T16:06:11.613-1000] {example_kubernetes_executor.py:39} WARNING - The example_kubernetes_executor example DAG requires the kubernetes provider. Please install it with: pip install apache-airflow[cncf.kubernetes]
[2025-03-24T16:06:11.613-1000] {processor.py:927} WARNING - No viable dags retrieved from /opt/anaconda3/envs/titanic/lib/python3.11/site-packages/airflow/example_dags/example_kubernetes_executor.py
[2025-03-24T16:06:11.634-1000] {processor.py:208} INFO - Processing /opt/anaconda3/envs/titanic/lib/python3.11/site-packages/airflow/example_dags/example_kubernetes_executor.py took 0.052 seconds
[2025-03-24T16:08:01.192-1000] {processor.py:186} INFO - Started process (PID=23487) to work on /opt/anaconda3/envs/titanic/lib/python3.11/site-packages/airflow/example_dags/example_kubernetes_executor.py
[2025-03-24T16:08:01.193-1000] {processor.py:914} INFO - Processing file /opt/anaconda3/envs/titanic/lib/python3.11/site-packages/airflow/example_dags/example_kubernetes_executor.py for tasks to queue
[2025-03-24T16:08:01.193-1000] {logging_mixin.py:190} INFO - [2025-03-24T16:08:01.193-1000] {dagbag.py:588} INFO - Filling up the DagBag from /opt/anaconda3/envs/titanic/lib/python3.11/site-packages/airflow/example_dags/example_kubernetes_executor.py
[2025-03-24T16:08:01.201-1000] {logging_mixin.py:190} INFO - [2025-03-24T16:08:01.201-1000] {example_kubernetes_executor.py:39} WARNING - The example_kubernetes_executor example DAG requires the kubernetes provider. Please install it with: pip install apache-airflow[cncf.kubernetes]
[2025-03-24T16:08:01.201-1000] {processor.py:927} WARNING - No viable dags retrieved from /opt/anaconda3/envs/titanic/lib/python3.11/site-packages/airflow/example_dags/example_kubernetes_executor.py
[2025-03-24T16:08:01.222-1000] {processor.py:208} INFO - Processing /opt/anaconda3/envs/titanic/lib/python3.11/site-packages/airflow/example_dags/example_kubernetes_executor.py took 0.049 seconds
[2025-03-24T16:09:55.256-1000] {processor.py:186} INFO - Started process (PID=23911) to work on /opt/anaconda3/envs/titanic/lib/python3.11/site-packages/airflow/example_dags/example_kubernetes_executor.py
[2025-03-24T16:09:55.257-1000] {processor.py:914} INFO - Processing file /opt/anaconda3/envs/titanic/lib/python3.11/site-packages/airflow/example_dags/example_kubernetes_executor.py for tasks to queue
[2025-03-24T16:09:55.257-1000] {logging_mixin.py:190} INFO - [2025-03-24T16:09:55.257-1000] {dagbag.py:588} INFO - Filling up the DagBag from /opt/anaconda3/envs/titanic/lib/python3.11/site-packages/airflow/example_dags/example_kubernetes_executor.py
[2025-03-24T16:09:55.265-1000] {logging_mixin.py:190} INFO - [2025-03-24T16:09:55.265-1000] {example_kubernetes_executor.py:39} WARNING - The example_kubernetes_executor example DAG requires the kubernetes provider. Please install it with: pip install apache-airflow[cncf.kubernetes]
[2025-03-24T16:09:55.265-1000] {processor.py:927} WARNING - No viable dags retrieved from /opt/anaconda3/envs/titanic/lib/python3.11/site-packages/airflow/example_dags/example_kubernetes_executor.py
[2025-03-24T16:09:55.287-1000] {processor.py:208} INFO - Processing /opt/anaconda3/envs/titanic/lib/python3.11/site-packages/airflow/example_dags/example_kubernetes_executor.py took 0.053 seconds
[2025-03-24T16:11:57.786-1000] {processor.py:186} INFO - Started process (PID=24412) to work on /opt/anaconda3/envs/titanic/lib/python3.11/site-packages/airflow/example_dags/example_kubernetes_executor.py
[2025-03-24T16:11:57.788-1000] {processor.py:914} INFO - Processing file /opt/anaconda3/envs/titanic/lib/python3.11/site-packages/airflow/example_dags/example_kubernetes_executor.py for tasks to queue
[2025-03-24T16:11:57.788-1000] {logging_mixin.py:190} INFO - [2025-03-24T16:11:57.788-1000] {dagbag.py:588} INFO - Filling up the DagBag from /opt/anaconda3/envs/titanic/lib/python3.11/site-packages/airflow/example_dags/example_kubernetes_executor.py
[2025-03-24T16:11:57.796-1000] {logging_mixin.py:190} INFO - [2025-03-24T16:11:57.796-1000] {example_kubernetes_executor.py:39} WARNING - The example_kubernetes_executor example DAG requires the kubernetes provider. Please install it with: pip install apache-airflow[cncf.kubernetes]
[2025-03-24T16:11:57.796-1000] {processor.py:927} WARNING - No viable dags retrieved from /opt/anaconda3/envs/titanic/lib/python3.11/site-packages/airflow/example_dags/example_kubernetes_executor.py
[2025-03-24T16:11:57.817-1000] {processor.py:208} INFO - Processing /opt/anaconda3/envs/titanic/lib/python3.11/site-packages/airflow/example_dags/example_kubernetes_executor.py took 0.051 seconds
[2025-03-24T16:13:58.408-1000] {processor.py:186} INFO - Started process (PID=24931) to work on /opt/anaconda3/envs/titanic/lib/python3.11/site-packages/airflow/example_dags/example_kubernetes_executor.py
[2025-03-24T16:13:58.409-1000] {processor.py:914} INFO - Processing file /opt/anaconda3/envs/titanic/lib/python3.11/site-packages/airflow/example_dags/example_kubernetes_executor.py for tasks to queue
[2025-03-24T16:13:58.409-1000] {logging_mixin.py:190} INFO - [2025-03-24T16:13:58.409-1000] {dagbag.py:588} INFO - Filling up the DagBag from /opt/anaconda3/envs/titanic/lib/python3.11/site-packages/airflow/example_dags/example_kubernetes_executor.py
[2025-03-24T16:13:58.418-1000] {logging_mixin.py:190} INFO - [2025-03-24T16:13:58.418-1000] {example_kubernetes_executor.py:39} WARNING - The example_kubernetes_executor example DAG requires the kubernetes provider. Please install it with: pip install apache-airflow[cncf.kubernetes]
[2025-03-24T16:13:58.418-1000] {processor.py:927} WARNING - No viable dags retrieved from /opt/anaconda3/envs/titanic/lib/python3.11/site-packages/airflow/example_dags/example_kubernetes_executor.py
[2025-03-24T16:13:58.439-1000] {processor.py:208} INFO - Processing /opt/anaconda3/envs/titanic/lib/python3.11/site-packages/airflow/example_dags/example_kubernetes_executor.py took 0.051 seconds
[2025-03-24T16:15:51.800-1000] {processor.py:186} INFO - Started process (PID=25384) to work on /opt/anaconda3/envs/titanic/lib/python3.11/site-packages/airflow/example_dags/example_kubernetes_executor.py
[2025-03-24T16:15:51.800-1000] {processor.py:914} INFO - Processing file /opt/anaconda3/envs/titanic/lib/python3.11/site-packages/airflow/example_dags/example_kubernetes_executor.py for tasks to queue
[2025-03-24T16:15:51.800-1000] {logging_mixin.py:190} INFO - [2025-03-24T16:15:51.800-1000] {dagbag.py:588} INFO - Filling up the DagBag from /opt/anaconda3/envs/titanic/lib/python3.11/site-packages/airflow/example_dags/example_kubernetes_executor.py
[2025-03-24T16:15:51.809-1000] {logging_mixin.py:190} INFO - [2025-03-24T16:15:51.809-1000] {example_kubernetes_executor.py:39} WARNING - The example_kubernetes_executor example DAG requires the kubernetes provider. Please install it with: pip install apache-airflow[cncf.kubernetes]
[2025-03-24T16:15:51.809-1000] {processor.py:927} WARNING - No viable dags retrieved from /opt/anaconda3/envs/titanic/lib/python3.11/site-packages/airflow/example_dags/example_kubernetes_executor.py
[2025-03-24T16:15:51.830-1000] {processor.py:208} INFO - Processing /opt/anaconda3/envs/titanic/lib/python3.11/site-packages/airflow/example_dags/example_kubernetes_executor.py took 0.050 seconds
[2025-03-24T16:17:40.449-1000] {processor.py:186} INFO - Started process (PID=25799) to work on /opt/anaconda3/envs/titanic/lib/python3.11/site-packages/airflow/example_dags/example_kubernetes_executor.py
[2025-03-24T16:17:40.450-1000] {processor.py:914} INFO - Processing file /opt/anaconda3/envs/titanic/lib/python3.11/site-packages/airflow/example_dags/example_kubernetes_executor.py for tasks to queue
[2025-03-24T16:17:40.450-1000] {logging_mixin.py:190} INFO - [2025-03-24T16:17:40.450-1000] {dagbag.py:588} INFO - Filling up the DagBag from /opt/anaconda3/envs/titanic/lib/python3.11/site-packages/airflow/example_dags/example_kubernetes_executor.py
[2025-03-24T16:17:40.458-1000] {logging_mixin.py:190} INFO - [2025-03-24T16:17:40.458-1000] {example_kubernetes_executor.py:39} WARNING - The example_kubernetes_executor example DAG requires the kubernetes provider. Please install it with: pip install apache-airflow[cncf.kubernetes]
[2025-03-24T16:17:40.458-1000] {processor.py:927} WARNING - No viable dags retrieved from /opt/anaconda3/envs/titanic/lib/python3.11/site-packages/airflow/example_dags/example_kubernetes_executor.py
[2025-03-24T16:17:40.479-1000] {processor.py:208} INFO - Processing /opt/anaconda3/envs/titanic/lib/python3.11/site-packages/airflow/example_dags/example_kubernetes_executor.py took 0.049 seconds
[2025-03-24T16:19:32.358-1000] {processor.py:186} INFO - Started process (PID=26249) to work on /opt/anaconda3/envs/titanic/lib/python3.11/site-packages/airflow/example_dags/example_kubernetes_executor.py
[2025-03-24T16:19:32.359-1000] {processor.py:914} INFO - Processing file /opt/anaconda3/envs/titanic/lib/python3.11/site-packages/airflow/example_dags/example_kubernetes_executor.py for tasks to queue
[2025-03-24T16:19:32.359-1000] {logging_mixin.py:190} INFO - [2025-03-24T16:19:32.359-1000] {dagbag.py:588} INFO - Filling up the DagBag from /opt/anaconda3/envs/titanic/lib/python3.11/site-packages/airflow/example_dags/example_kubernetes_executor.py
[2025-03-24T16:19:32.368-1000] {logging_mixin.py:190} INFO - [2025-03-24T16:19:32.368-1000] {example_kubernetes_executor.py:39} WARNING - The example_kubernetes_executor example DAG requires the kubernetes provider. Please install it with: pip install apache-airflow[cncf.kubernetes]
[2025-03-24T16:19:32.368-1000] {processor.py:927} WARNING - No viable dags retrieved from /opt/anaconda3/envs/titanic/lib/python3.11/site-packages/airflow/example_dags/example_kubernetes_executor.py
[2025-03-24T16:19:32.390-1000] {processor.py:208} INFO - Processing /opt/anaconda3/envs/titanic/lib/python3.11/site-packages/airflow/example_dags/example_kubernetes_executor.py took 0.051 seconds
[2025-03-24T16:21:23.342-1000] {processor.py:186} INFO - Started process (PID=26665) to work on /opt/anaconda3/envs/titanic/lib/python3.11/site-packages/airflow/example_dags/example_kubernetes_executor.py
[2025-03-24T16:21:23.342-1000] {processor.py:914} INFO - Processing file /opt/anaconda3/envs/titanic/lib/python3.11/site-packages/airflow/example_dags/example_kubernetes_executor.py for tasks to queue
[2025-03-24T16:21:23.343-1000] {logging_mixin.py:190} INFO - [2025-03-24T16:21:23.343-1000] {dagbag.py:588} INFO - Filling up the DagBag from /opt/anaconda3/envs/titanic/lib/python3.11/site-packages/airflow/example_dags/example_kubernetes_executor.py
[2025-03-24T16:21:23.351-1000] {logging_mixin.py:190} INFO - [2025-03-24T16:21:23.351-1000] {example_kubernetes_executor.py:39} WARNING - The example_kubernetes_executor example DAG requires the kubernetes provider. Please install it with: pip install apache-airflow[cncf.kubernetes]
[2025-03-24T16:21:23.351-1000] {processor.py:927} WARNING - No viable dags retrieved from /opt/anaconda3/envs/titanic/lib/python3.11/site-packages/airflow/example_dags/example_kubernetes_executor.py
[2025-03-24T16:21:23.372-1000] {processor.py:208} INFO - Processing /opt/anaconda3/envs/titanic/lib/python3.11/site-packages/airflow/example_dags/example_kubernetes_executor.py took 0.049 seconds
[2025-03-24T16:23:14.411-1000] {processor.py:186} INFO - Started process (PID=27098) to work on /opt/anaconda3/envs/titanic/lib/python3.11/site-packages/airflow/example_dags/example_kubernetes_executor.py
[2025-03-24T16:23:14.411-1000] {processor.py:914} INFO - Processing file /opt/anaconda3/envs/titanic/lib/python3.11/site-packages/airflow/example_dags/example_kubernetes_executor.py for tasks to queue
[2025-03-24T16:23:14.411-1000] {logging_mixin.py:190} INFO - [2025-03-24T16:23:14.411-1000] {dagbag.py:588} INFO - Filling up the DagBag from /opt/anaconda3/envs/titanic/lib/python3.11/site-packages/airflow/example_dags/example_kubernetes_executor.py
[2025-03-24T16:23:14.420-1000] {logging_mixin.py:190} INFO - [2025-03-24T16:23:14.420-1000] {example_kubernetes_executor.py:39} WARNING - The example_kubernetes_executor example DAG requires the kubernetes provider. Please install it with: pip install apache-airflow[cncf.kubernetes]
[2025-03-24T16:23:14.420-1000] {processor.py:927} WARNING - No viable dags retrieved from /opt/anaconda3/envs/titanic/lib/python3.11/site-packages/airflow/example_dags/example_kubernetes_executor.py
[2025-03-24T16:23:14.442-1000] {processor.py:208} INFO - Processing /opt/anaconda3/envs/titanic/lib/python3.11/site-packages/airflow/example_dags/example_kubernetes_executor.py took 0.052 seconds
[2025-03-24T16:25:09.161-1000] {processor.py:186} INFO - Started process (PID=27536) to work on /opt/anaconda3/envs/titanic/lib/python3.11/site-packages/airflow/example_dags/example_kubernetes_executor.py
[2025-03-24T16:25:09.162-1000] {processor.py:914} INFO - Processing file /opt/anaconda3/envs/titanic/lib/python3.11/site-packages/airflow/example_dags/example_kubernetes_executor.py for tasks to queue
[2025-03-24T16:25:09.162-1000] {logging_mixin.py:190} INFO - [2025-03-24T16:25:09.162-1000] {dagbag.py:588} INFO - Filling up the DagBag from /opt/anaconda3/envs/titanic/lib/python3.11/site-packages/airflow/example_dags/example_kubernetes_executor.py
[2025-03-24T16:25:09.171-1000] {logging_mixin.py:190} INFO - [2025-03-24T16:25:09.171-1000] {example_kubernetes_executor.py:39} WARNING - The example_kubernetes_executor example DAG requires the kubernetes provider. Please install it with: pip install apache-airflow[cncf.kubernetes]
[2025-03-24T16:25:09.171-1000] {processor.py:927} WARNING - No viable dags retrieved from /opt/anaconda3/envs/titanic/lib/python3.11/site-packages/airflow/example_dags/example_kubernetes_executor.py
[2025-03-24T16:25:09.192-1000] {processor.py:208} INFO - Processing /opt/anaconda3/envs/titanic/lib/python3.11/site-packages/airflow/example_dags/example_kubernetes_executor.py took 0.050 seconds
[2025-03-24T16:27:00.114-1000] {processor.py:186} INFO - Started process (PID=27956) to work on /opt/anaconda3/envs/titanic/lib/python3.11/site-packages/airflow/example_dags/example_kubernetes_executor.py
[2025-03-24T16:27:00.114-1000] {processor.py:914} INFO - Processing file /opt/anaconda3/envs/titanic/lib/python3.11/site-packages/airflow/example_dags/example_kubernetes_executor.py for tasks to queue
[2025-03-24T16:27:00.115-1000] {logging_mixin.py:190} INFO - [2025-03-24T16:27:00.114-1000] {dagbag.py:588} INFO - Filling up the DagBag from /opt/anaconda3/envs/titanic/lib/python3.11/site-packages/airflow/example_dags/example_kubernetes_executor.py
[2025-03-24T16:27:00.123-1000] {logging_mixin.py:190} INFO - [2025-03-24T16:27:00.123-1000] {example_kubernetes_executor.py:39} WARNING - The example_kubernetes_executor example DAG requires the kubernetes provider. Please install it with: pip install apache-airflow[cncf.kubernetes]
[2025-03-24T16:27:00.123-1000] {processor.py:927} WARNING - No viable dags retrieved from /opt/anaconda3/envs/titanic/lib/python3.11/site-packages/airflow/example_dags/example_kubernetes_executor.py
[2025-03-24T16:27:00.144-1000] {processor.py:208} INFO - Processing /opt/anaconda3/envs/titanic/lib/python3.11/site-packages/airflow/example_dags/example_kubernetes_executor.py took 0.050 seconds
[2025-03-24T16:28:49.439-1000] {processor.py:186} INFO - Started process (PID=28371) to work on /opt/anaconda3/envs/titanic/lib/python3.11/site-packages/airflow/example_dags/example_kubernetes_executor.py
[2025-03-24T16:28:49.440-1000] {processor.py:914} INFO - Processing file /opt/anaconda3/envs/titanic/lib/python3.11/site-packages/airflow/example_dags/example_kubernetes_executor.py for tasks to queue
[2025-03-24T16:28:49.440-1000] {logging_mixin.py:190} INFO - [2025-03-24T16:28:49.440-1000] {dagbag.py:588} INFO - Filling up the DagBag from /opt/anaconda3/envs/titanic/lib/python3.11/site-packages/airflow/example_dags/example_kubernetes_executor.py
[2025-03-24T16:28:49.448-1000] {logging_mixin.py:190} INFO - [2025-03-24T16:28:49.448-1000] {example_kubernetes_executor.py:39} WARNING - The example_kubernetes_executor example DAG requires the kubernetes provider. Please install it with: pip install apache-airflow[cncf.kubernetes]
[2025-03-24T16:28:49.448-1000] {processor.py:927} WARNING - No viable dags retrieved from /opt/anaconda3/envs/titanic/lib/python3.11/site-packages/airflow/example_dags/example_kubernetes_executor.py
[2025-03-24T16:28:49.469-1000] {processor.py:208} INFO - Processing /opt/anaconda3/envs/titanic/lib/python3.11/site-packages/airflow/example_dags/example_kubernetes_executor.py took 0.050 seconds
[2025-03-24T16:30:35.885-1000] {processor.py:186} INFO - Started process (PID=28773) to work on /opt/anaconda3/envs/titanic/lib/python3.11/site-packages/airflow/example_dags/example_kubernetes_executor.py
[2025-03-24T16:30:35.886-1000] {processor.py:914} INFO - Processing file /opt/anaconda3/envs/titanic/lib/python3.11/site-packages/airflow/example_dags/example_kubernetes_executor.py for tasks to queue
[2025-03-24T16:30:35.886-1000] {logging_mixin.py:190} INFO - [2025-03-24T16:30:35.886-1000] {dagbag.py:588} INFO - Filling up the DagBag from /opt/anaconda3/envs/titanic/lib/python3.11/site-packages/airflow/example_dags/example_kubernetes_executor.py
[2025-03-24T16:30:35.894-1000] {logging_mixin.py:190} INFO - [2025-03-24T16:30:35.894-1000] {example_kubernetes_executor.py:39} WARNING - The example_kubernetes_executor example DAG requires the kubernetes provider. Please install it with: pip install apache-airflow[cncf.kubernetes]
[2025-03-24T16:30:35.894-1000] {processor.py:927} WARNING - No viable dags retrieved from /opt/anaconda3/envs/titanic/lib/python3.11/site-packages/airflow/example_dags/example_kubernetes_executor.py
[2025-03-24T16:30:35.915-1000] {processor.py:208} INFO - Processing /opt/anaconda3/envs/titanic/lib/python3.11/site-packages/airflow/example_dags/example_kubernetes_executor.py took 0.050 seconds
[2025-03-24T16:32:26.107-1000] {processor.py:186} INFO - Started process (PID=29202) to work on /opt/anaconda3/envs/titanic/lib/python3.11/site-packages/airflow/example_dags/example_kubernetes_executor.py
[2025-03-24T16:32:26.107-1000] {processor.py:914} INFO - Processing file /opt/anaconda3/envs/titanic/lib/python3.11/site-packages/airflow/example_dags/example_kubernetes_executor.py for tasks to queue
[2025-03-24T16:32:26.107-1000] {logging_mixin.py:190} INFO - [2025-03-24T16:32:26.107-1000] {dagbag.py:588} INFO - Filling up the DagBag from /opt/anaconda3/envs/titanic/lib/python3.11/site-packages/airflow/example_dags/example_kubernetes_executor.py
[2025-03-24T16:32:26.116-1000] {logging_mixin.py:190} INFO - [2025-03-24T16:32:26.116-1000] {example_kubernetes_executor.py:39} WARNING - The example_kubernetes_executor example DAG requires the kubernetes provider. Please install it with: pip install apache-airflow[cncf.kubernetes]
[2025-03-24T16:32:26.116-1000] {processor.py:927} WARNING - No viable dags retrieved from /opt/anaconda3/envs/titanic/lib/python3.11/site-packages/airflow/example_dags/example_kubernetes_executor.py
[2025-03-24T16:32:26.137-1000] {processor.py:208} INFO - Processing /opt/anaconda3/envs/titanic/lib/python3.11/site-packages/airflow/example_dags/example_kubernetes_executor.py took 0.050 seconds
[2025-03-24T16:34:15.916-1000] {processor.py:186} INFO - Started process (PID=29626) to work on /opt/anaconda3/envs/titanic/lib/python3.11/site-packages/airflow/example_dags/example_kubernetes_executor.py
[2025-03-24T16:34:15.917-1000] {processor.py:914} INFO - Processing file /opt/anaconda3/envs/titanic/lib/python3.11/site-packages/airflow/example_dags/example_kubernetes_executor.py for tasks to queue
[2025-03-24T16:34:15.917-1000] {logging_mixin.py:190} INFO - [2025-03-24T16:34:15.917-1000] {dagbag.py:588} INFO - Filling up the DagBag from /opt/anaconda3/envs/titanic/lib/python3.11/site-packages/airflow/example_dags/example_kubernetes_executor.py
[2025-03-24T16:34:15.925-1000] {logging_mixin.py:190} INFO - [2025-03-24T16:34:15.925-1000] {example_kubernetes_executor.py:39} WARNING - The example_kubernetes_executor example DAG requires the kubernetes provider. Please install it with: pip install apache-airflow[cncf.kubernetes]
[2025-03-24T16:34:15.925-1000] {processor.py:927} WARNING - No viable dags retrieved from /opt/anaconda3/envs/titanic/lib/python3.11/site-packages/airflow/example_dags/example_kubernetes_executor.py
[2025-03-24T16:34:15.947-1000] {processor.py:208} INFO - Processing /opt/anaconda3/envs/titanic/lib/python3.11/site-packages/airflow/example_dags/example_kubernetes_executor.py took 0.050 seconds
[2025-03-24T16:36:05.017-1000] {processor.py:186} INFO - Started process (PID=30043) to work on /opt/anaconda3/envs/titanic/lib/python3.11/site-packages/airflow/example_dags/example_kubernetes_executor.py
[2025-03-24T16:36:05.017-1000] {processor.py:914} INFO - Processing file /opt/anaconda3/envs/titanic/lib/python3.11/site-packages/airflow/example_dags/example_kubernetes_executor.py for tasks to queue
[2025-03-24T16:36:05.017-1000] {logging_mixin.py:190} INFO - [2025-03-24T16:36:05.017-1000] {dagbag.py:588} INFO - Filling up the DagBag from /opt/anaconda3/envs/titanic/lib/python3.11/site-packages/airflow/example_dags/example_kubernetes_executor.py
[2025-03-24T16:36:05.026-1000] {logging_mixin.py:190} INFO - [2025-03-24T16:36:05.026-1000] {example_kubernetes_executor.py:39} WARNING - The example_kubernetes_executor example DAG requires the kubernetes provider. Please install it with: pip install apache-airflow[cncf.kubernetes]
[2025-03-24T16:36:05.026-1000] {processor.py:927} WARNING - No viable dags retrieved from /opt/anaconda3/envs/titanic/lib/python3.11/site-packages/airflow/example_dags/example_kubernetes_executor.py
[2025-03-24T16:36:05.047-1000] {processor.py:208} INFO - Processing /opt/anaconda3/envs/titanic/lib/python3.11/site-packages/airflow/example_dags/example_kubernetes_executor.py took 0.050 seconds
[2025-03-24T16:37:55.120-1000] {processor.py:186} INFO - Started process (PID=30467) to work on /opt/anaconda3/envs/titanic/lib/python3.11/site-packages/airflow/example_dags/example_kubernetes_executor.py
[2025-03-24T16:37:55.121-1000] {processor.py:914} INFO - Processing file /opt/anaconda3/envs/titanic/lib/python3.11/site-packages/airflow/example_dags/example_kubernetes_executor.py for tasks to queue
[2025-03-24T16:37:55.122-1000] {logging_mixin.py:190} INFO - [2025-03-24T16:37:55.122-1000] {dagbag.py:588} INFO - Filling up the DagBag from /opt/anaconda3/envs/titanic/lib/python3.11/site-packages/airflow/example_dags/example_kubernetes_executor.py
[2025-03-24T16:37:55.130-1000] {logging_mixin.py:190} INFO - [2025-03-24T16:37:55.130-1000] {example_kubernetes_executor.py:39} WARNING - The example_kubernetes_executor example DAG requires the kubernetes provider. Please install it with: pip install apache-airflow[cncf.kubernetes]
[2025-03-24T16:37:55.130-1000] {processor.py:927} WARNING - No viable dags retrieved from /opt/anaconda3/envs/titanic/lib/python3.11/site-packages/airflow/example_dags/example_kubernetes_executor.py
[2025-03-24T16:37:55.151-1000] {processor.py:208} INFO - Processing /opt/anaconda3/envs/titanic/lib/python3.11/site-packages/airflow/example_dags/example_kubernetes_executor.py took 0.051 seconds
[2025-03-24T16:39:52.475-1000] {processor.py:186} INFO - Started process (PID=30929) to work on /opt/anaconda3/envs/titanic/lib/python3.11/site-packages/airflow/example_dags/example_kubernetes_executor.py
[2025-03-24T16:39:52.476-1000] {processor.py:914} INFO - Processing file /opt/anaconda3/envs/titanic/lib/python3.11/site-packages/airflow/example_dags/example_kubernetes_executor.py for tasks to queue
[2025-03-24T16:39:52.476-1000] {logging_mixin.py:190} INFO - [2025-03-24T16:39:52.476-1000] {dagbag.py:588} INFO - Filling up the DagBag from /opt/anaconda3/envs/titanic/lib/python3.11/site-packages/airflow/example_dags/example_kubernetes_executor.py
[2025-03-24T16:39:52.484-1000] {logging_mixin.py:190} INFO - [2025-03-24T16:39:52.484-1000] {example_kubernetes_executor.py:39} WARNING - The example_kubernetes_executor example DAG requires the kubernetes provider. Please install it with: pip install apache-airflow[cncf.kubernetes]
[2025-03-24T16:39:52.493-1000] {processor.py:927} WARNING - No viable dags retrieved from /opt/anaconda3/envs/titanic/lib/python3.11/site-packages/airflow/example_dags/example_kubernetes_executor.py
[2025-03-24T16:39:52.514-1000] {processor.py:208} INFO - Processing /opt/anaconda3/envs/titanic/lib/python3.11/site-packages/airflow/example_dags/example_kubernetes_executor.py took 0.059 seconds
[2025-03-24T16:41:50.126-1000] {processor.py:186} INFO - Started process (PID=31382) to work on /opt/anaconda3/envs/titanic/lib/python3.11/site-packages/airflow/example_dags/example_kubernetes_executor.py
[2025-03-24T16:41:50.126-1000] {processor.py:914} INFO - Processing file /opt/anaconda3/envs/titanic/lib/python3.11/site-packages/airflow/example_dags/example_kubernetes_executor.py for tasks to queue
[2025-03-24T16:41:50.126-1000] {logging_mixin.py:190} INFO - [2025-03-24T16:41:50.126-1000] {dagbag.py:588} INFO - Filling up the DagBag from /opt/anaconda3/envs/titanic/lib/python3.11/site-packages/airflow/example_dags/example_kubernetes_executor.py
[2025-03-24T16:41:50.135-1000] {logging_mixin.py:190} INFO - [2025-03-24T16:41:50.135-1000] {example_kubernetes_executor.py:39} WARNING - The example_kubernetes_executor example DAG requires the kubernetes provider. Please install it with: pip install apache-airflow[cncf.kubernetes]
[2025-03-24T16:41:50.135-1000] {processor.py:927} WARNING - No viable dags retrieved from /opt/anaconda3/envs/titanic/lib/python3.11/site-packages/airflow/example_dags/example_kubernetes_executor.py
[2025-03-24T16:41:50.156-1000] {processor.py:208} INFO - Processing /opt/anaconda3/envs/titanic/lib/python3.11/site-packages/airflow/example_dags/example_kubernetes_executor.py took 0.050 seconds
[2025-03-24T16:43:42.977-1000] {processor.py:186} INFO - Started process (PID=31816) to work on /opt/anaconda3/envs/titanic/lib/python3.11/site-packages/airflow/example_dags/example_kubernetes_executor.py
[2025-03-24T16:43:42.977-1000] {processor.py:914} INFO - Processing file /opt/anaconda3/envs/titanic/lib/python3.11/site-packages/airflow/example_dags/example_kubernetes_executor.py for tasks to queue
[2025-03-24T16:43:42.977-1000] {logging_mixin.py:190} INFO - [2025-03-24T16:43:42.977-1000] {dagbag.py:588} INFO - Filling up the DagBag from /opt/anaconda3/envs/titanic/lib/python3.11/site-packages/airflow/example_dags/example_kubernetes_executor.py
[2025-03-24T16:43:42.985-1000] {logging_mixin.py:190} INFO - [2025-03-24T16:43:42.985-1000] {example_kubernetes_executor.py:39} WARNING - The example_kubernetes_executor example DAG requires the kubernetes provider. Please install it with: pip install apache-airflow[cncf.kubernetes]
[2025-03-24T16:43:42.985-1000] {processor.py:927} WARNING - No viable dags retrieved from /opt/anaconda3/envs/titanic/lib/python3.11/site-packages/airflow/example_dags/example_kubernetes_executor.py
[2025-03-24T16:43:43.007-1000] {processor.py:208} INFO - Processing /opt/anaconda3/envs/titanic/lib/python3.11/site-packages/airflow/example_dags/example_kubernetes_executor.py took 0.050 seconds
[2025-03-24T16:45:32.030-1000] {processor.py:186} INFO - Started process (PID=32235) to work on /opt/anaconda3/envs/titanic/lib/python3.11/site-packages/airflow/example_dags/example_kubernetes_executor.py
[2025-03-24T16:45:32.031-1000] {processor.py:914} INFO - Processing file /opt/anaconda3/envs/titanic/lib/python3.11/site-packages/airflow/example_dags/example_kubernetes_executor.py for tasks to queue
[2025-03-24T16:45:32.031-1000] {logging_mixin.py:190} INFO - [2025-03-24T16:45:32.031-1000] {dagbag.py:588} INFO - Filling up the DagBag from /opt/anaconda3/envs/titanic/lib/python3.11/site-packages/airflow/example_dags/example_kubernetes_executor.py
[2025-03-24T16:45:32.039-1000] {logging_mixin.py:190} INFO - [2025-03-24T16:45:32.039-1000] {example_kubernetes_executor.py:39} WARNING - The example_kubernetes_executor example DAG requires the kubernetes provider. Please install it with: pip install apache-airflow[cncf.kubernetes]
[2025-03-24T16:45:32.040-1000] {processor.py:927} WARNING - No viable dags retrieved from /opt/anaconda3/envs/titanic/lib/python3.11/site-packages/airflow/example_dags/example_kubernetes_executor.py
[2025-03-24T16:45:32.061-1000] {processor.py:208} INFO - Processing /opt/anaconda3/envs/titanic/lib/python3.11/site-packages/airflow/example_dags/example_kubernetes_executor.py took 0.051 seconds
[2025-03-24T16:47:23.501-1000] {processor.py:186} INFO - Started process (PID=32671) to work on /opt/anaconda3/envs/titanic/lib/python3.11/site-packages/airflow/example_dags/example_kubernetes_executor.py
[2025-03-24T16:47:23.502-1000] {processor.py:914} INFO - Processing file /opt/anaconda3/envs/titanic/lib/python3.11/site-packages/airflow/example_dags/example_kubernetes_executor.py for tasks to queue
[2025-03-24T16:47:23.502-1000] {logging_mixin.py:190} INFO - [2025-03-24T16:47:23.502-1000] {dagbag.py:588} INFO - Filling up the DagBag from /opt/anaconda3/envs/titanic/lib/python3.11/site-packages/airflow/example_dags/example_kubernetes_executor.py
[2025-03-24T16:47:23.511-1000] {logging_mixin.py:190} INFO - [2025-03-24T16:47:23.511-1000] {example_kubernetes_executor.py:39} WARNING - The example_kubernetes_executor example DAG requires the kubernetes provider. Please install it with: pip install apache-airflow[cncf.kubernetes]
[2025-03-24T16:47:23.511-1000] {processor.py:927} WARNING - No viable dags retrieved from /opt/anaconda3/envs/titanic/lib/python3.11/site-packages/airflow/example_dags/example_kubernetes_executor.py
[2025-03-24T16:47:23.532-1000] {processor.py:208} INFO - Processing /opt/anaconda3/envs/titanic/lib/python3.11/site-packages/airflow/example_dags/example_kubernetes_executor.py took 0.051 seconds
[2025-03-24T16:49:22.820-1000] {processor.py:186} INFO - Started process (PID=33232) to work on /opt/anaconda3/envs/titanic/lib/python3.11/site-packages/airflow/example_dags/example_kubernetes_executor.py
[2025-03-24T16:49:22.821-1000] {processor.py:914} INFO - Processing file /opt/anaconda3/envs/titanic/lib/python3.11/site-packages/airflow/example_dags/example_kubernetes_executor.py for tasks to queue
[2025-03-24T16:49:22.822-1000] {logging_mixin.py:190} INFO - [2025-03-24T16:49:22.822-1000] {dagbag.py:588} INFO - Filling up the DagBag from /opt/anaconda3/envs/titanic/lib/python3.11/site-packages/airflow/example_dags/example_kubernetes_executor.py
[2025-03-24T16:49:22.831-1000] {logging_mixin.py:190} INFO - [2025-03-24T16:49:22.830-1000] {example_kubernetes_executor.py:39} WARNING - The example_kubernetes_executor example DAG requires the kubernetes provider. Please install it with: pip install apache-airflow[cncf.kubernetes]
[2025-03-24T16:49:22.831-1000] {processor.py:927} WARNING - No viable dags retrieved from /opt/anaconda3/envs/titanic/lib/python3.11/site-packages/airflow/example_dags/example_kubernetes_executor.py
[2025-03-24T16:49:22.852-1000] {processor.py:208} INFO - Processing /opt/anaconda3/envs/titanic/lib/python3.11/site-packages/airflow/example_dags/example_kubernetes_executor.py took 0.033 seconds
[2025-03-24T16:51:17.403-1000] {processor.py:186} INFO - Started process (PID=33665) to work on /opt/anaconda3/envs/titanic/lib/python3.11/site-packages/airflow/example_dags/example_kubernetes_executor.py
[2025-03-24T16:51:17.404-1000] {processor.py:914} INFO - Processing file /opt/anaconda3/envs/titanic/lib/python3.11/site-packages/airflow/example_dags/example_kubernetes_executor.py for tasks to queue
[2025-03-24T16:51:17.405-1000] {logging_mixin.py:190} INFO - [2025-03-24T16:51:17.404-1000] {dagbag.py:588} INFO - Filling up the DagBag from /opt/anaconda3/envs/titanic/lib/python3.11/site-packages/airflow/example_dags/example_kubernetes_executor.py
[2025-03-24T16:51:17.415-1000] {logging_mixin.py:190} INFO - [2025-03-24T16:51:17.415-1000] {example_kubernetes_executor.py:39} WARNING - The example_kubernetes_executor example DAG requires the kubernetes provider. Please install it with: pip install apache-airflow[cncf.kubernetes]
[2025-03-24T16:51:17.415-1000] {processor.py:927} WARNING - No viable dags retrieved from /opt/anaconda3/envs/titanic/lib/python3.11/site-packages/airflow/example_dags/example_kubernetes_executor.py
[2025-03-24T16:51:17.438-1000] {processor.py:208} INFO - Processing /opt/anaconda3/envs/titanic/lib/python3.11/site-packages/airflow/example_dags/example_kubernetes_executor.py took 0.036 seconds
[2025-03-24T16:53:13.704-1000] {processor.py:186} INFO - Started process (PID=34101) to work on /opt/anaconda3/envs/titanic/lib/python3.11/site-packages/airflow/example_dags/example_kubernetes_executor.py
[2025-03-24T16:53:13.705-1000] {processor.py:914} INFO - Processing file /opt/anaconda3/envs/titanic/lib/python3.11/site-packages/airflow/example_dags/example_kubernetes_executor.py for tasks to queue
[2025-03-24T16:53:13.705-1000] {logging_mixin.py:190} INFO - [2025-03-24T16:53:13.705-1000] {dagbag.py:588} INFO - Filling up the DagBag from /opt/anaconda3/envs/titanic/lib/python3.11/site-packages/airflow/example_dags/example_kubernetes_executor.py
[2025-03-24T16:53:13.715-1000] {logging_mixin.py:190} INFO - [2025-03-24T16:53:13.715-1000] {example_kubernetes_executor.py:39} WARNING - The example_kubernetes_executor example DAG requires the kubernetes provider. Please install it with: pip install apache-airflow[cncf.kubernetes]
[2025-03-24T16:53:13.715-1000] {processor.py:927} WARNING - No viable dags retrieved from /opt/anaconda3/envs/titanic/lib/python3.11/site-packages/airflow/example_dags/example_kubernetes_executor.py
[2025-03-24T16:53:13.737-1000] {processor.py:208} INFO - Processing /opt/anaconda3/envs/titanic/lib/python3.11/site-packages/airflow/example_dags/example_kubernetes_executor.py took 0.034 seconds
[2025-03-24T16:55:07.761-1000] {processor.py:186} INFO - Started process (PID=34527) to work on /opt/anaconda3/envs/titanic/lib/python3.11/site-packages/airflow/example_dags/example_kubernetes_executor.py
[2025-03-24T16:55:07.762-1000] {processor.py:914} INFO - Processing file /opt/anaconda3/envs/titanic/lib/python3.11/site-packages/airflow/example_dags/example_kubernetes_executor.py for tasks to queue
[2025-03-24T16:55:07.762-1000] {logging_mixin.py:190} INFO - [2025-03-24T16:55:07.762-1000] {dagbag.py:588} INFO - Filling up the DagBag from /opt/anaconda3/envs/titanic/lib/python3.11/site-packages/airflow/example_dags/example_kubernetes_executor.py
[2025-03-24T16:55:07.770-1000] {logging_mixin.py:190} INFO - [2025-03-24T16:55:07.770-1000] {example_kubernetes_executor.py:39} WARNING - The example_kubernetes_executor example DAG requires the kubernetes provider. Please install it with: pip install apache-airflow[cncf.kubernetes]
[2025-03-24T16:55:07.770-1000] {processor.py:927} WARNING - No viable dags retrieved from /opt/anaconda3/envs/titanic/lib/python3.11/site-packages/airflow/example_dags/example_kubernetes_executor.py
[2025-03-24T16:55:07.791-1000] {processor.py:208} INFO - Processing /opt/anaconda3/envs/titanic/lib/python3.11/site-packages/airflow/example_dags/example_kubernetes_executor.py took 0.031 seconds
[2025-03-24T16:56:59.390-1000] {processor.py:186} INFO - Started process (PID=34949) to work on /opt/anaconda3/envs/titanic/lib/python3.11/site-packages/airflow/example_dags/example_kubernetes_executor.py
[2025-03-24T16:56:59.390-1000] {processor.py:914} INFO - Processing file /opt/anaconda3/envs/titanic/lib/python3.11/site-packages/airflow/example_dags/example_kubernetes_executor.py for tasks to queue
[2025-03-24T16:56:59.390-1000] {logging_mixin.py:190} INFO - [2025-03-24T16:56:59.390-1000] {dagbag.py:588} INFO - Filling up the DagBag from /opt/anaconda3/envs/titanic/lib/python3.11/site-packages/airflow/example_dags/example_kubernetes_executor.py
[2025-03-24T16:56:59.398-1000] {logging_mixin.py:190} INFO - [2025-03-24T16:56:59.398-1000] {example_kubernetes_executor.py:39} WARNING - The example_kubernetes_executor example DAG requires the kubernetes provider. Please install it with: pip install apache-airflow[cncf.kubernetes]
[2025-03-24T16:56:59.399-1000] {processor.py:927} WARNING - No viable dags retrieved from /opt/anaconda3/envs/titanic/lib/python3.11/site-packages/airflow/example_dags/example_kubernetes_executor.py
[2025-03-24T16:56:59.419-1000] {processor.py:208} INFO - Processing /opt/anaconda3/envs/titanic/lib/python3.11/site-packages/airflow/example_dags/example_kubernetes_executor.py took 0.030 seconds
[2025-03-24T16:58:47.439-1000] {processor.py:186} INFO - Started process (PID=35365) to work on /opt/anaconda3/envs/titanic/lib/python3.11/site-packages/airflow/example_dags/example_kubernetes_executor.py
[2025-03-24T16:58:47.440-1000] {processor.py:914} INFO - Processing file /opt/anaconda3/envs/titanic/lib/python3.11/site-packages/airflow/example_dags/example_kubernetes_executor.py for tasks to queue
[2025-03-24T16:58:47.440-1000] {logging_mixin.py:190} INFO - [2025-03-24T16:58:47.440-1000] {dagbag.py:588} INFO - Filling up the DagBag from /opt/anaconda3/envs/titanic/lib/python3.11/site-packages/airflow/example_dags/example_kubernetes_executor.py
[2025-03-24T16:58:47.448-1000] {logging_mixin.py:190} INFO - [2025-03-24T16:58:47.448-1000] {example_kubernetes_executor.py:39} WARNING - The example_kubernetes_executor example DAG requires the kubernetes provider. Please install it with: pip install apache-airflow[cncf.kubernetes]
[2025-03-24T16:58:47.448-1000] {processor.py:927} WARNING - No viable dags retrieved from /opt/anaconda3/envs/titanic/lib/python3.11/site-packages/airflow/example_dags/example_kubernetes_executor.py
[2025-03-24T16:58:47.470-1000] {processor.py:208} INFO - Processing /opt/anaconda3/envs/titanic/lib/python3.11/site-packages/airflow/example_dags/example_kubernetes_executor.py took 0.031 seconds
[2025-03-24T17:00:40.771-1000] {processor.py:186} INFO - Started process (PID=35795) to work on /opt/anaconda3/envs/titanic/lib/python3.11/site-packages/airflow/example_dags/example_kubernetes_executor.py
[2025-03-24T17:00:40.771-1000] {processor.py:914} INFO - Processing file /opt/anaconda3/envs/titanic/lib/python3.11/site-packages/airflow/example_dags/example_kubernetes_executor.py for tasks to queue
[2025-03-24T17:00:40.771-1000] {logging_mixin.py:190} INFO - [2025-03-24T17:00:40.771-1000] {dagbag.py:588} INFO - Filling up the DagBag from /opt/anaconda3/envs/titanic/lib/python3.11/site-packages/airflow/example_dags/example_kubernetes_executor.py
[2025-03-24T17:00:40.780-1000] {logging_mixin.py:190} INFO - [2025-03-24T17:00:40.780-1000] {example_kubernetes_executor.py:39} WARNING - The example_kubernetes_executor example DAG requires the kubernetes provider. Please install it with: pip install apache-airflow[cncf.kubernetes]
[2025-03-24T17:00:40.780-1000] {processor.py:927} WARNING - No viable dags retrieved from /opt/anaconda3/envs/titanic/lib/python3.11/site-packages/airflow/example_dags/example_kubernetes_executor.py
[2025-03-24T17:00:40.801-1000] {processor.py:208} INFO - Processing /opt/anaconda3/envs/titanic/lib/python3.11/site-packages/airflow/example_dags/example_kubernetes_executor.py took 0.031 seconds
[2025-03-24T17:02:39.540-1000] {processor.py:186} INFO - Started process (PID=36251) to work on /opt/anaconda3/envs/titanic/lib/python3.11/site-packages/airflow/example_dags/example_kubernetes_executor.py
[2025-03-24T17:02:39.540-1000] {processor.py:914} INFO - Processing file /opt/anaconda3/envs/titanic/lib/python3.11/site-packages/airflow/example_dags/example_kubernetes_executor.py for tasks to queue
[2025-03-24T17:02:39.541-1000] {logging_mixin.py:190} INFO - [2025-03-24T17:02:39.541-1000] {dagbag.py:588} INFO - Filling up the DagBag from /opt/anaconda3/envs/titanic/lib/python3.11/site-packages/airflow/example_dags/example_kubernetes_executor.py
[2025-03-24T17:02:39.549-1000] {logging_mixin.py:190} INFO - [2025-03-24T17:02:39.549-1000] {example_kubernetes_executor.py:39} WARNING - The example_kubernetes_executor example DAG requires the kubernetes provider. Please install it with: pip install apache-airflow[cncf.kubernetes]
[2025-03-24T17:02:39.549-1000] {processor.py:927} WARNING - No viable dags retrieved from /opt/anaconda3/envs/titanic/lib/python3.11/site-packages/airflow/example_dags/example_kubernetes_executor.py
[2025-03-24T17:02:39.570-1000] {processor.py:208} INFO - Processing /opt/anaconda3/envs/titanic/lib/python3.11/site-packages/airflow/example_dags/example_kubernetes_executor.py took 0.031 seconds
[2025-03-24T17:04:34.310-1000] {processor.py:186} INFO - Started process (PID=36671) to work on /opt/anaconda3/envs/titanic/lib/python3.11/site-packages/airflow/example_dags/example_kubernetes_executor.py
[2025-03-24T17:04:34.310-1000] {processor.py:914} INFO - Processing file /opt/anaconda3/envs/titanic/lib/python3.11/site-packages/airflow/example_dags/example_kubernetes_executor.py for tasks to queue
[2025-03-24T17:04:34.310-1000] {logging_mixin.py:190} INFO - [2025-03-24T17:04:34.310-1000] {dagbag.py:588} INFO - Filling up the DagBag from /opt/anaconda3/envs/titanic/lib/python3.11/site-packages/airflow/example_dags/example_kubernetes_executor.py
[2025-03-24T17:04:34.318-1000] {logging_mixin.py:190} INFO - [2025-03-24T17:04:34.318-1000] {example_kubernetes_executor.py:39} WARNING - The example_kubernetes_executor example DAG requires the kubernetes provider. Please install it with: pip install apache-airflow[cncf.kubernetes]
[2025-03-24T17:04:34.319-1000] {processor.py:927} WARNING - No viable dags retrieved from /opt/anaconda3/envs/titanic/lib/python3.11/site-packages/airflow/example_dags/example_kubernetes_executor.py
[2025-03-24T17:04:34.339-1000] {processor.py:208} INFO - Processing /opt/anaconda3/envs/titanic/lib/python3.11/site-packages/airflow/example_dags/example_kubernetes_executor.py took 0.030 seconds
[2025-03-24T17:06:25.338-1000] {processor.py:186} INFO - Started process (PID=37093) to work on /opt/anaconda3/envs/titanic/lib/python3.11/site-packages/airflow/example_dags/example_kubernetes_executor.py
[2025-03-24T17:06:25.338-1000] {processor.py:914} INFO - Processing file /opt/anaconda3/envs/titanic/lib/python3.11/site-packages/airflow/example_dags/example_kubernetes_executor.py for tasks to queue
[2025-03-24T17:06:25.338-1000] {logging_mixin.py:190} INFO - [2025-03-24T17:06:25.338-1000] {dagbag.py:588} INFO - Filling up the DagBag from /opt/anaconda3/envs/titanic/lib/python3.11/site-packages/airflow/example_dags/example_kubernetes_executor.py
[2025-03-24T17:06:25.347-1000] {logging_mixin.py:190} INFO - [2025-03-24T17:06:25.347-1000] {example_kubernetes_executor.py:39} WARNING - The example_kubernetes_executor example DAG requires the kubernetes provider. Please install it with: pip install apache-airflow[cncf.kubernetes]
[2025-03-24T17:06:25.347-1000] {processor.py:927} WARNING - No viable dags retrieved from /opt/anaconda3/envs/titanic/lib/python3.11/site-packages/airflow/example_dags/example_kubernetes_executor.py
[2025-03-24T17:06:25.368-1000] {processor.py:208} INFO - Processing /opt/anaconda3/envs/titanic/lib/python3.11/site-packages/airflow/example_dags/example_kubernetes_executor.py took 0.031 seconds
[2025-03-24T17:08:13.140-1000] {processor.py:186} INFO - Started process (PID=37536) to work on /opt/anaconda3/envs/titanic/lib/python3.11/site-packages/airflow/example_dags/example_kubernetes_executor.py
[2025-03-24T17:08:13.141-1000] {processor.py:914} INFO - Processing file /opt/anaconda3/envs/titanic/lib/python3.11/site-packages/airflow/example_dags/example_kubernetes_executor.py for tasks to queue
[2025-03-24T17:08:13.141-1000] {logging_mixin.py:190} INFO - [2025-03-24T17:08:13.141-1000] {dagbag.py:588} INFO - Filling up the DagBag from /opt/anaconda3/envs/titanic/lib/python3.11/site-packages/airflow/example_dags/example_kubernetes_executor.py
[2025-03-24T17:08:13.149-1000] {logging_mixin.py:190} INFO - [2025-03-24T17:08:13.149-1000] {example_kubernetes_executor.py:39} WARNING - The example_kubernetes_executor example DAG requires the kubernetes provider. Please install it with: pip install apache-airflow[cncf.kubernetes]
[2025-03-24T17:08:13.149-1000] {processor.py:927} WARNING - No viable dags retrieved from /opt/anaconda3/envs/titanic/lib/python3.11/site-packages/airflow/example_dags/example_kubernetes_executor.py
[2025-03-24T17:08:13.170-1000] {processor.py:208} INFO - Processing /opt/anaconda3/envs/titanic/lib/python3.11/site-packages/airflow/example_dags/example_kubernetes_executor.py took 0.030 seconds
[2025-03-24T17:10:05.001-1000] {processor.py:186} INFO - Started process (PID=37958) to work on /opt/anaconda3/envs/titanic/lib/python3.11/site-packages/airflow/example_dags/example_kubernetes_executor.py
[2025-03-24T17:10:05.002-1000] {processor.py:914} INFO - Processing file /opt/anaconda3/envs/titanic/lib/python3.11/site-packages/airflow/example_dags/example_kubernetes_executor.py for tasks to queue
[2025-03-24T17:10:05.002-1000] {logging_mixin.py:190} INFO - [2025-03-24T17:10:05.002-1000] {dagbag.py:588} INFO - Filling up the DagBag from /opt/anaconda3/envs/titanic/lib/python3.11/site-packages/airflow/example_dags/example_kubernetes_executor.py
[2025-03-24T17:10:05.010-1000] {logging_mixin.py:190} INFO - [2025-03-24T17:10:05.010-1000] {example_kubernetes_executor.py:39} WARNING - The example_kubernetes_executor example DAG requires the kubernetes provider. Please install it with: pip install apache-airflow[cncf.kubernetes]
[2025-03-24T17:10:05.010-1000] {processor.py:927} WARNING - No viable dags retrieved from /opt/anaconda3/envs/titanic/lib/python3.11/site-packages/airflow/example_dags/example_kubernetes_executor.py
[2025-03-24T17:10:05.031-1000] {processor.py:208} INFO - Processing /opt/anaconda3/envs/titanic/lib/python3.11/site-packages/airflow/example_dags/example_kubernetes_executor.py took 0.030 seconds
[2025-03-24T17:11:54.292-1000] {processor.py:186} INFO - Started process (PID=38381) to work on /opt/anaconda3/envs/titanic/lib/python3.11/site-packages/airflow/example_dags/example_kubernetes_executor.py
[2025-03-24T17:11:54.293-1000] {processor.py:914} INFO - Processing file /opt/anaconda3/envs/titanic/lib/python3.11/site-packages/airflow/example_dags/example_kubernetes_executor.py for tasks to queue
[2025-03-24T17:11:54.293-1000] {logging_mixin.py:190} INFO - [2025-03-24T17:11:54.293-1000] {dagbag.py:588} INFO - Filling up the DagBag from /opt/anaconda3/envs/titanic/lib/python3.11/site-packages/airflow/example_dags/example_kubernetes_executor.py
[2025-03-24T17:11:54.301-1000] {logging_mixin.py:190} INFO - [2025-03-24T17:11:54.301-1000] {example_kubernetes_executor.py:39} WARNING - The example_kubernetes_executor example DAG requires the kubernetes provider. Please install it with: pip install apache-airflow[cncf.kubernetes]
[2025-03-24T17:11:54.301-1000] {processor.py:927} WARNING - No viable dags retrieved from /opt/anaconda3/envs/titanic/lib/python3.11/site-packages/airflow/example_dags/example_kubernetes_executor.py
[2025-03-24T17:11:54.322-1000] {processor.py:208} INFO - Processing /opt/anaconda3/envs/titanic/lib/python3.11/site-packages/airflow/example_dags/example_kubernetes_executor.py took 0.030 seconds
[2025-03-24T17:13:41.492-1000] {processor.py:186} INFO - Started process (PID=38789) to work on /opt/anaconda3/envs/titanic/lib/python3.11/site-packages/airflow/example_dags/example_kubernetes_executor.py
[2025-03-24T17:13:41.492-1000] {processor.py:914} INFO - Processing file /opt/anaconda3/envs/titanic/lib/python3.11/site-packages/airflow/example_dags/example_kubernetes_executor.py for tasks to queue
[2025-03-24T17:13:41.493-1000] {logging_mixin.py:190} INFO - [2025-03-24T17:13:41.493-1000] {dagbag.py:588} INFO - Filling up the DagBag from /opt/anaconda3/envs/titanic/lib/python3.11/site-packages/airflow/example_dags/example_kubernetes_executor.py
[2025-03-24T17:13:41.501-1000] {logging_mixin.py:190} INFO - [2025-03-24T17:13:41.501-1000] {example_kubernetes_executor.py:39} WARNING - The example_kubernetes_executor example DAG requires the kubernetes provider. Please install it with: pip install apache-airflow[cncf.kubernetes]
[2025-03-24T17:13:41.501-1000] {processor.py:927} WARNING - No viable dags retrieved from /opt/anaconda3/envs/titanic/lib/python3.11/site-packages/airflow/example_dags/example_kubernetes_executor.py
[2025-03-24T17:13:41.522-1000] {processor.py:208} INFO - Processing /opt/anaconda3/envs/titanic/lib/python3.11/site-packages/airflow/example_dags/example_kubernetes_executor.py took 0.030 seconds
[2025-03-24T17:15:30.287-1000] {processor.py:186} INFO - Started process (PID=39202) to work on /opt/anaconda3/envs/titanic/lib/python3.11/site-packages/airflow/example_dags/example_kubernetes_executor.py
[2025-03-24T17:15:30.287-1000] {processor.py:914} INFO - Processing file /opt/anaconda3/envs/titanic/lib/python3.11/site-packages/airflow/example_dags/example_kubernetes_executor.py for tasks to queue
[2025-03-24T17:15:30.287-1000] {logging_mixin.py:190} INFO - [2025-03-24T17:15:30.287-1000] {dagbag.py:588} INFO - Filling up the DagBag from /opt/anaconda3/envs/titanic/lib/python3.11/site-packages/airflow/example_dags/example_kubernetes_executor.py
[2025-03-24T17:15:30.296-1000] {logging_mixin.py:190} INFO - [2025-03-24T17:15:30.296-1000] {example_kubernetes_executor.py:39} WARNING - The example_kubernetes_executor example DAG requires the kubernetes provider. Please install it with: pip install apache-airflow[cncf.kubernetes]
[2025-03-24T17:15:30.296-1000] {processor.py:927} WARNING - No viable dags retrieved from /opt/anaconda3/envs/titanic/lib/python3.11/site-packages/airflow/example_dags/example_kubernetes_executor.py
[2025-03-24T17:15:30.316-1000] {processor.py:208} INFO - Processing /opt/anaconda3/envs/titanic/lib/python3.11/site-packages/airflow/example_dags/example_kubernetes_executor.py took 0.030 seconds
[2025-03-24T17:17:20.871-1000] {processor.py:186} INFO - Started process (PID=39619) to work on /opt/anaconda3/envs/titanic/lib/python3.11/site-packages/airflow/example_dags/example_kubernetes_executor.py
[2025-03-24T17:17:20.871-1000] {processor.py:914} INFO - Processing file /opt/anaconda3/envs/titanic/lib/python3.11/site-packages/airflow/example_dags/example_kubernetes_executor.py for tasks to queue
[2025-03-24T17:17:20.872-1000] {logging_mixin.py:190} INFO - [2025-03-24T17:17:20.872-1000] {dagbag.py:588} INFO - Filling up the DagBag from /opt/anaconda3/envs/titanic/lib/python3.11/site-packages/airflow/example_dags/example_kubernetes_executor.py
[2025-03-24T17:17:20.880-1000] {logging_mixin.py:190} INFO - [2025-03-24T17:17:20.880-1000] {example_kubernetes_executor.py:39} WARNING - The example_kubernetes_executor example DAG requires the kubernetes provider. Please install it with: pip install apache-airflow[cncf.kubernetes]
[2025-03-24T17:17:20.880-1000] {processor.py:927} WARNING - No viable dags retrieved from /opt/anaconda3/envs/titanic/lib/python3.11/site-packages/airflow/example_dags/example_kubernetes_executor.py
[2025-03-24T17:17:20.900-1000] {processor.py:208} INFO - Processing /opt/anaconda3/envs/titanic/lib/python3.11/site-packages/airflow/example_dags/example_kubernetes_executor.py took 0.030 seconds
[2025-03-24T17:19:09.258-1000] {processor.py:186} INFO - Started process (PID=40049) to work on /opt/anaconda3/envs/titanic/lib/python3.11/site-packages/airflow/example_dags/example_kubernetes_executor.py
[2025-03-24T17:19:09.259-1000] {processor.py:914} INFO - Processing file /opt/anaconda3/envs/titanic/lib/python3.11/site-packages/airflow/example_dags/example_kubernetes_executor.py for tasks to queue
[2025-03-24T17:19:09.259-1000] {logging_mixin.py:190} INFO - [2025-03-24T17:19:09.259-1000] {dagbag.py:588} INFO - Filling up the DagBag from /opt/anaconda3/envs/titanic/lib/python3.11/site-packages/airflow/example_dags/example_kubernetes_executor.py
[2025-03-24T17:19:09.268-1000] {logging_mixin.py:190} INFO - [2025-03-24T17:19:09.268-1000] {example_kubernetes_executor.py:39} WARNING - The example_kubernetes_executor example DAG requires the kubernetes provider. Please install it with: pip install apache-airflow[cncf.kubernetes]
[2025-03-24T17:19:09.268-1000] {processor.py:927} WARNING - No viable dags retrieved from /opt/anaconda3/envs/titanic/lib/python3.11/site-packages/airflow/example_dags/example_kubernetes_executor.py
[2025-03-24T17:19:09.288-1000] {processor.py:208} INFO - Processing /opt/anaconda3/envs/titanic/lib/python3.11/site-packages/airflow/example_dags/example_kubernetes_executor.py took 0.031 seconds
[2025-03-24T17:21:02.592-1000] {processor.py:186} INFO - Started process (PID=40491) to work on /opt/anaconda3/envs/titanic/lib/python3.11/site-packages/airflow/example_dags/example_kubernetes_executor.py
[2025-03-24T17:21:02.594-1000] {processor.py:914} INFO - Processing file /opt/anaconda3/envs/titanic/lib/python3.11/site-packages/airflow/example_dags/example_kubernetes_executor.py for tasks to queue
[2025-03-24T17:21:02.594-1000] {logging_mixin.py:190} INFO - [2025-03-24T17:21:02.594-1000] {dagbag.py:588} INFO - Filling up the DagBag from /opt/anaconda3/envs/titanic/lib/python3.11/site-packages/airflow/example_dags/example_kubernetes_executor.py
[2025-03-24T17:21:02.602-1000] {logging_mixin.py:190} INFO - [2025-03-24T17:21:02.602-1000] {example_kubernetes_executor.py:39} WARNING - The example_kubernetes_executor example DAG requires the kubernetes provider. Please install it with: pip install apache-airflow[cncf.kubernetes]
[2025-03-24T17:21:02.602-1000] {processor.py:927} WARNING - No viable dags retrieved from /opt/anaconda3/envs/titanic/lib/python3.11/site-packages/airflow/example_dags/example_kubernetes_executor.py
[2025-03-24T17:21:02.623-1000] {processor.py:208} INFO - Processing /opt/anaconda3/envs/titanic/lib/python3.11/site-packages/airflow/example_dags/example_kubernetes_executor.py took 0.031 seconds
[2025-03-24T17:22:53.651-1000] {processor.py:186} INFO - Started process (PID=40940) to work on /opt/anaconda3/envs/titanic/lib/python3.11/site-packages/airflow/example_dags/example_kubernetes_executor.py
[2025-03-24T17:22:53.652-1000] {processor.py:914} INFO - Processing file /opt/anaconda3/envs/titanic/lib/python3.11/site-packages/airflow/example_dags/example_kubernetes_executor.py for tasks to queue
[2025-03-24T17:22:53.652-1000] {logging_mixin.py:190} INFO - [2025-03-24T17:22:53.652-1000] {dagbag.py:588} INFO - Filling up the DagBag from /opt/anaconda3/envs/titanic/lib/python3.11/site-packages/airflow/example_dags/example_kubernetes_executor.py
[2025-03-24T17:22:53.661-1000] {logging_mixin.py:190} INFO - [2025-03-24T17:22:53.661-1000] {example_kubernetes_executor.py:39} WARNING - The example_kubernetes_executor example DAG requires the kubernetes provider. Please install it with: pip install apache-airflow[cncf.kubernetes]
[2025-03-24T17:22:53.661-1000] {processor.py:927} WARNING - No viable dags retrieved from /opt/anaconda3/envs/titanic/lib/python3.11/site-packages/airflow/example_dags/example_kubernetes_executor.py
[2025-03-24T17:22:53.683-1000] {processor.py:208} INFO - Processing /opt/anaconda3/envs/titanic/lib/python3.11/site-packages/airflow/example_dags/example_kubernetes_executor.py took 0.032 seconds
[2025-03-24T17:24:45.555-1000] {processor.py:186} INFO - Started process (PID=41360) to work on /opt/anaconda3/envs/titanic/lib/python3.11/site-packages/airflow/example_dags/example_kubernetes_executor.py
[2025-03-24T17:24:45.556-1000] {processor.py:914} INFO - Processing file /opt/anaconda3/envs/titanic/lib/python3.11/site-packages/airflow/example_dags/example_kubernetes_executor.py for tasks to queue
[2025-03-24T17:24:45.556-1000] {logging_mixin.py:190} INFO - [2025-03-24T17:24:45.556-1000] {dagbag.py:588} INFO - Filling up the DagBag from /opt/anaconda3/envs/titanic/lib/python3.11/site-packages/airflow/example_dags/example_kubernetes_executor.py
[2025-03-24T17:24:45.565-1000] {logging_mixin.py:190} INFO - [2025-03-24T17:24:45.565-1000] {example_kubernetes_executor.py:39} WARNING - The example_kubernetes_executor example DAG requires the kubernetes provider. Please install it with: pip install apache-airflow[cncf.kubernetes]
[2025-03-24T17:24:45.565-1000] {processor.py:927} WARNING - No viable dags retrieved from /opt/anaconda3/envs/titanic/lib/python3.11/site-packages/airflow/example_dags/example_kubernetes_executor.py
[2025-03-24T17:24:45.586-1000] {processor.py:208} INFO - Processing /opt/anaconda3/envs/titanic/lib/python3.11/site-packages/airflow/example_dags/example_kubernetes_executor.py took 0.032 seconds
[2025-03-24T17:26:46.223-1000] {processor.py:186} INFO - Started process (PID=41897) to work on /opt/anaconda3/envs/titanic/lib/python3.11/site-packages/airflow/example_dags/example_kubernetes_executor.py
[2025-03-24T17:26:46.224-1000] {processor.py:914} INFO - Processing file /opt/anaconda3/envs/titanic/lib/python3.11/site-packages/airflow/example_dags/example_kubernetes_executor.py for tasks to queue
[2025-03-24T17:26:46.225-1000] {logging_mixin.py:190} INFO - [2025-03-24T17:26:46.225-1000] {dagbag.py:588} INFO - Filling up the DagBag from /opt/anaconda3/envs/titanic/lib/python3.11/site-packages/airflow/example_dags/example_kubernetes_executor.py
[2025-03-24T17:26:46.234-1000] {logging_mixin.py:190} INFO - [2025-03-24T17:26:46.234-1000] {example_kubernetes_executor.py:39} WARNING - The example_kubernetes_executor example DAG requires the kubernetes provider. Please install it with: pip install apache-airflow[cncf.kubernetes]
[2025-03-24T17:26:46.234-1000] {processor.py:927} WARNING - No viable dags retrieved from /opt/anaconda3/envs/titanic/lib/python3.11/site-packages/airflow/example_dags/example_kubernetes_executor.py
[2025-03-24T17:26:46.255-1000] {processor.py:208} INFO - Processing /opt/anaconda3/envs/titanic/lib/python3.11/site-packages/airflow/example_dags/example_kubernetes_executor.py took 0.033 seconds
[2025-03-24T17:28:41.359-1000] {processor.py:186} INFO - Started process (PID=42377) to work on /opt/anaconda3/envs/titanic/lib/python3.11/site-packages/airflow/example_dags/example_kubernetes_executor.py
[2025-03-24T17:28:41.360-1000] {processor.py:914} INFO - Processing file /opt/anaconda3/envs/titanic/lib/python3.11/site-packages/airflow/example_dags/example_kubernetes_executor.py for tasks to queue
[2025-03-24T17:28:41.360-1000] {logging_mixin.py:190} INFO - [2025-03-24T17:28:41.360-1000] {dagbag.py:588} INFO - Filling up the DagBag from /opt/anaconda3/envs/titanic/lib/python3.11/site-packages/airflow/example_dags/example_kubernetes_executor.py
[2025-03-24T17:28:41.369-1000] {logging_mixin.py:190} INFO - [2025-03-24T17:28:41.369-1000] {example_kubernetes_executor.py:39} WARNING - The example_kubernetes_executor example DAG requires the kubernetes provider. Please install it with: pip install apache-airflow[cncf.kubernetes]
[2025-03-24T17:28:41.370-1000] {processor.py:927} WARNING - No viable dags retrieved from /opt/anaconda3/envs/titanic/lib/python3.11/site-packages/airflow/example_dags/example_kubernetes_executor.py
[2025-03-24T17:28:41.391-1000] {processor.py:208} INFO - Processing /opt/anaconda3/envs/titanic/lib/python3.11/site-packages/airflow/example_dags/example_kubernetes_executor.py took 0.033 seconds
[2025-03-24T17:30:34.228-1000] {processor.py:186} INFO - Started process (PID=42837) to work on /opt/anaconda3/envs/titanic/lib/python3.11/site-packages/airflow/example_dags/example_kubernetes_executor.py
[2025-03-24T17:30:34.229-1000] {processor.py:914} INFO - Processing file /opt/anaconda3/envs/titanic/lib/python3.11/site-packages/airflow/example_dags/example_kubernetes_executor.py for tasks to queue
[2025-03-24T17:30:34.229-1000] {logging_mixin.py:190} INFO - [2025-03-24T17:30:34.229-1000] {dagbag.py:588} INFO - Filling up the DagBag from /opt/anaconda3/envs/titanic/lib/python3.11/site-packages/airflow/example_dags/example_kubernetes_executor.py
[2025-03-24T17:30:34.237-1000] {logging_mixin.py:190} INFO - [2025-03-24T17:30:34.237-1000] {example_kubernetes_executor.py:39} WARNING - The example_kubernetes_executor example DAG requires the kubernetes provider. Please install it with: pip install apache-airflow[cncf.kubernetes]
[2025-03-24T17:30:34.237-1000] {processor.py:927} WARNING - No viable dags retrieved from /opt/anaconda3/envs/titanic/lib/python3.11/site-packages/airflow/example_dags/example_kubernetes_executor.py
[2025-03-24T17:30:34.258-1000] {processor.py:208} INFO - Processing /opt/anaconda3/envs/titanic/lib/python3.11/site-packages/airflow/example_dags/example_kubernetes_executor.py took 0.031 seconds
[2025-03-24T17:32:37.586-1000] {processor.py:186} INFO - Started process (PID=43366) to work on /opt/anaconda3/envs/titanic/lib/python3.11/site-packages/airflow/example_dags/example_kubernetes_executor.py
[2025-03-24T17:32:37.587-1000] {processor.py:914} INFO - Processing file /opt/anaconda3/envs/titanic/lib/python3.11/site-packages/airflow/example_dags/example_kubernetes_executor.py for tasks to queue
[2025-03-24T17:32:37.587-1000] {logging_mixin.py:190} INFO - [2025-03-24T17:32:37.587-1000] {dagbag.py:588} INFO - Filling up the DagBag from /opt/anaconda3/envs/titanic/lib/python3.11/site-packages/airflow/example_dags/example_kubernetes_executor.py
[2025-03-24T17:32:37.595-1000] {logging_mixin.py:190} INFO - [2025-03-24T17:32:37.595-1000] {example_kubernetes_executor.py:39} WARNING - The example_kubernetes_executor example DAG requires the kubernetes provider. Please install it with: pip install apache-airflow[cncf.kubernetes]
[2025-03-24T17:32:37.595-1000] {processor.py:927} WARNING - No viable dags retrieved from /opt/anaconda3/envs/titanic/lib/python3.11/site-packages/airflow/example_dags/example_kubernetes_executor.py
[2025-03-24T17:32:37.616-1000] {processor.py:208} INFO - Processing /opt/anaconda3/envs/titanic/lib/python3.11/site-packages/airflow/example_dags/example_kubernetes_executor.py took 0.031 seconds
