[2025-03-24T15:51:34.313-1000] {processor.py:186} INFO - Started process (PID=19186) to work on /opt/anaconda3/envs/titanic/lib/python3.11/site-packages/airflow/example_dags/example_latest_only.py
[2025-03-24T15:51:34.313-1000] {processor.py:914} INFO - Processing file /opt/anaconda3/envs/titanic/lib/python3.11/site-packages/airflow/example_dags/example_latest_only.py for tasks to queue
[2025-03-24T15:51:34.314-1000] {logging_mixin.py:190} INFO - [2025-03-24T15:51:34.314-1000] {dagbag.py:588} INFO - Filling up the DagBag from /opt/anaconda3/envs/titanic/lib/python3.11/site-packages/airflow/example_dags/example_latest_only.py
[2025-03-24T15:51:34.316-1000] {processor.py:925} INFO - DAG(s) 'latest_only' retrieved from /opt/anaconda3/envs/titanic/lib/python3.11/site-packages/airflow/example_dags/example_latest_only.py
[2025-03-24T15:51:34.343-1000] {logging_mixin.py:190} INFO - [2025-03-24T15:51:34.343-1000] {dag.py:3239} INFO - Sync 1 DAGs
[2025-03-24T15:51:34.348-1000] {logging_mixin.py:190} INFO - [2025-03-24T15:51:34.348-1000] {dag.py:4180} INFO - Setting next_dagrun for latest_only to 2025-03-24 20:00:00+00:00, run_after=2025-03-25 00:00:00+00:00
[2025-03-24T15:51:34.354-1000] {processor.py:208} INFO - Processing /opt/anaconda3/envs/titanic/lib/python3.11/site-packages/airflow/example_dags/example_latest_only.py took 0.066 seconds
[2025-03-24T15:53:08.273-1000] {processor.py:186} INFO - Started process (PID=20019) to work on /opt/anaconda3/envs/titanic/lib/python3.11/site-packages/airflow/example_dags/example_latest_only.py
[2025-03-24T15:53:08.274-1000] {processor.py:914} INFO - Processing file /opt/anaconda3/envs/titanic/lib/python3.11/site-packages/airflow/example_dags/example_latest_only.py for tasks to queue
[2025-03-24T15:53:08.274-1000] {logging_mixin.py:190} INFO - [2025-03-24T15:53:08.274-1000] {dagbag.py:588} INFO - Filling up the DagBag from /opt/anaconda3/envs/titanic/lib/python3.11/site-packages/airflow/example_dags/example_latest_only.py
[2025-03-24T15:53:08.277-1000] {processor.py:925} INFO - DAG(s) 'latest_only' retrieved from /opt/anaconda3/envs/titanic/lib/python3.11/site-packages/airflow/example_dags/example_latest_only.py
[2025-03-24T15:53:08.302-1000] {logging_mixin.py:190} INFO - [2025-03-24T15:53:08.302-1000] {dag.py:3239} INFO - Sync 1 DAGs
[2025-03-24T15:53:08.306-1000] {logging_mixin.py:190} INFO - [2025-03-24T15:53:08.306-1000] {dag.py:4180} INFO - Setting next_dagrun for latest_only to 2025-03-24 20:00:00+00:00, run_after=2025-03-25 00:00:00+00:00
[2025-03-24T15:53:08.311-1000] {processor.py:208} INFO - Processing /opt/anaconda3/envs/titanic/lib/python3.11/site-packages/airflow/example_dags/example_latest_only.py took 0.058 seconds
[2025-03-24T15:55:00.472-1000] {processor.py:186} INFO - Started process (PID=20467) to work on /opt/anaconda3/envs/titanic/lib/python3.11/site-packages/airflow/example_dags/example_latest_only.py
[2025-03-24T15:55:00.473-1000] {processor.py:914} INFO - Processing file /opt/anaconda3/envs/titanic/lib/python3.11/site-packages/airflow/example_dags/example_latest_only.py for tasks to queue
[2025-03-24T15:55:00.473-1000] {logging_mixin.py:190} INFO - [2025-03-24T15:55:00.473-1000] {dagbag.py:588} INFO - Filling up the DagBag from /opt/anaconda3/envs/titanic/lib/python3.11/site-packages/airflow/example_dags/example_latest_only.py
[2025-03-24T15:55:00.475-1000] {processor.py:925} INFO - DAG(s) 'latest_only' retrieved from /opt/anaconda3/envs/titanic/lib/python3.11/site-packages/airflow/example_dags/example_latest_only.py
[2025-03-24T15:55:00.500-1000] {logging_mixin.py:190} INFO - [2025-03-24T15:55:00.500-1000] {dag.py:3239} INFO - Sync 1 DAGs
[2025-03-24T15:55:00.504-1000] {logging_mixin.py:190} INFO - [2025-03-24T15:55:00.504-1000] {dag.py:4180} INFO - Setting next_dagrun for latest_only to 2025-03-24 20:00:00+00:00, run_after=2025-03-25 00:00:00+00:00
[2025-03-24T15:55:00.509-1000] {processor.py:208} INFO - Processing /opt/anaconda3/envs/titanic/lib/python3.11/site-packages/airflow/example_dags/example_latest_only.py took 0.057 seconds
[2025-03-24T15:56:50.221-1000] {processor.py:186} INFO - Started process (PID=20895) to work on /opt/anaconda3/envs/titanic/lib/python3.11/site-packages/airflow/example_dags/example_latest_only.py
[2025-03-24T15:56:50.222-1000] {processor.py:914} INFO - Processing file /opt/anaconda3/envs/titanic/lib/python3.11/site-packages/airflow/example_dags/example_latest_only.py for tasks to queue
[2025-03-24T15:56:50.223-1000] {logging_mixin.py:190} INFO - [2025-03-24T15:56:50.223-1000] {dagbag.py:588} INFO - Filling up the DagBag from /opt/anaconda3/envs/titanic/lib/python3.11/site-packages/airflow/example_dags/example_latest_only.py
[2025-03-24T15:56:50.225-1000] {processor.py:925} INFO - DAG(s) 'latest_only' retrieved from /opt/anaconda3/envs/titanic/lib/python3.11/site-packages/airflow/example_dags/example_latest_only.py
[2025-03-24T15:56:50.249-1000] {logging_mixin.py:190} INFO - [2025-03-24T15:56:50.249-1000] {dag.py:3239} INFO - Sync 1 DAGs
[2025-03-24T15:56:50.253-1000] {logging_mixin.py:190} INFO - [2025-03-24T15:56:50.253-1000] {dag.py:4180} INFO - Setting next_dagrun for latest_only to 2025-03-24 20:00:00+00:00, run_after=2025-03-25 00:00:00+00:00
[2025-03-24T15:56:50.258-1000] {processor.py:208} INFO - Processing /opt/anaconda3/envs/titanic/lib/python3.11/site-packages/airflow/example_dags/example_latest_only.py took 0.056 seconds
[2025-03-24T15:58:36.626-1000] {processor.py:186} INFO - Started process (PID=21312) to work on /opt/anaconda3/envs/titanic/lib/python3.11/site-packages/airflow/example_dags/example_latest_only.py
[2025-03-24T15:58:36.627-1000] {processor.py:914} INFO - Processing file /opt/anaconda3/envs/titanic/lib/python3.11/site-packages/airflow/example_dags/example_latest_only.py for tasks to queue
[2025-03-24T15:58:36.627-1000] {logging_mixin.py:190} INFO - [2025-03-24T15:58:36.627-1000] {dagbag.py:588} INFO - Filling up the DagBag from /opt/anaconda3/envs/titanic/lib/python3.11/site-packages/airflow/example_dags/example_latest_only.py
[2025-03-24T15:58:36.629-1000] {processor.py:925} INFO - DAG(s) 'latest_only' retrieved from /opt/anaconda3/envs/titanic/lib/python3.11/site-packages/airflow/example_dags/example_latest_only.py
[2025-03-24T15:58:36.654-1000] {logging_mixin.py:190} INFO - [2025-03-24T15:58:36.654-1000] {dag.py:3239} INFO - Sync 1 DAGs
[2025-03-24T15:58:36.658-1000] {logging_mixin.py:190} INFO - [2025-03-24T15:58:36.658-1000] {dag.py:4180} INFO - Setting next_dagrun for latest_only to 2025-03-24 20:00:00+00:00, run_after=2025-03-25 00:00:00+00:00
[2025-03-24T15:58:36.663-1000] {processor.py:208} INFO - Processing /opt/anaconda3/envs/titanic/lib/python3.11/site-packages/airflow/example_dags/example_latest_only.py took 0.058 seconds
[2025-03-24T16:00:27.135-1000] {processor.py:186} INFO - Started process (PID=21750) to work on /opt/anaconda3/envs/titanic/lib/python3.11/site-packages/airflow/example_dags/example_latest_only.py
[2025-03-24T16:00:27.136-1000] {processor.py:914} INFO - Processing file /opt/anaconda3/envs/titanic/lib/python3.11/site-packages/airflow/example_dags/example_latest_only.py for tasks to queue
[2025-03-24T16:00:27.136-1000] {logging_mixin.py:190} INFO - [2025-03-24T16:00:27.136-1000] {dagbag.py:588} INFO - Filling up the DagBag from /opt/anaconda3/envs/titanic/lib/python3.11/site-packages/airflow/example_dags/example_latest_only.py
[2025-03-24T16:00:27.138-1000] {processor.py:925} INFO - DAG(s) 'latest_only' retrieved from /opt/anaconda3/envs/titanic/lib/python3.11/site-packages/airflow/example_dags/example_latest_only.py
[2025-03-24T16:00:27.163-1000] {logging_mixin.py:190} INFO - [2025-03-24T16:00:27.162-1000] {dag.py:3239} INFO - Sync 1 DAGs
[2025-03-24T16:00:27.167-1000] {logging_mixin.py:190} INFO - [2025-03-24T16:00:27.167-1000] {dag.py:4180} INFO - Setting next_dagrun for latest_only to 2025-03-24 20:00:00+00:00, run_after=2025-03-25 00:00:00+00:00
[2025-03-24T16:00:27.172-1000] {processor.py:208} INFO - Processing /opt/anaconda3/envs/titanic/lib/python3.11/site-packages/airflow/example_dags/example_latest_only.py took 0.057 seconds
[2025-03-24T16:02:36.684-1000] {processor.py:186} INFO - Started process (PID=22220) to work on /opt/anaconda3/envs/titanic/lib/python3.11/site-packages/airflow/example_dags/example_latest_only.py
[2025-03-24T16:02:36.684-1000] {processor.py:914} INFO - Processing file /opt/anaconda3/envs/titanic/lib/python3.11/site-packages/airflow/example_dags/example_latest_only.py for tasks to queue
[2025-03-24T16:02:36.685-1000] {logging_mixin.py:190} INFO - [2025-03-24T16:02:36.684-1000] {dagbag.py:588} INFO - Filling up the DagBag from /opt/anaconda3/envs/titanic/lib/python3.11/site-packages/airflow/example_dags/example_latest_only.py
[2025-03-24T16:02:36.686-1000] {processor.py:925} INFO - DAG(s) 'latest_only' retrieved from /opt/anaconda3/envs/titanic/lib/python3.11/site-packages/airflow/example_dags/example_latest_only.py
[2025-03-24T16:02:36.710-1000] {logging_mixin.py:190} INFO - [2025-03-24T16:02:36.710-1000] {dag.py:3239} INFO - Sync 1 DAGs
[2025-03-24T16:02:36.715-1000] {logging_mixin.py:190} INFO - [2025-03-24T16:02:36.715-1000] {dag.py:4180} INFO - Setting next_dagrun for latest_only to 2025-03-24 20:00:00+00:00, run_after=2025-03-25 00:00:00+00:00
[2025-03-24T16:02:36.720-1000] {processor.py:208} INFO - Processing /opt/anaconda3/envs/titanic/lib/python3.11/site-packages/airflow/example_dags/example_latest_only.py took 0.055 seconds
[2025-03-24T16:04:25.802-1000] {processor.py:186} INFO - Started process (PID=22633) to work on /opt/anaconda3/envs/titanic/lib/python3.11/site-packages/airflow/example_dags/example_latest_only.py
[2025-03-24T16:04:25.802-1000] {processor.py:914} INFO - Processing file /opt/anaconda3/envs/titanic/lib/python3.11/site-packages/airflow/example_dags/example_latest_only.py for tasks to queue
[2025-03-24T16:04:25.803-1000] {logging_mixin.py:190} INFO - [2025-03-24T16:04:25.803-1000] {dagbag.py:588} INFO - Filling up the DagBag from /opt/anaconda3/envs/titanic/lib/python3.11/site-packages/airflow/example_dags/example_latest_only.py
[2025-03-24T16:04:25.805-1000] {processor.py:925} INFO - DAG(s) 'latest_only' retrieved from /opt/anaconda3/envs/titanic/lib/python3.11/site-packages/airflow/example_dags/example_latest_only.py
[2025-03-24T16:04:25.829-1000] {logging_mixin.py:190} INFO - [2025-03-24T16:04:25.828-1000] {dag.py:3239} INFO - Sync 1 DAGs
[2025-03-24T16:04:25.833-1000] {logging_mixin.py:190} INFO - [2025-03-24T16:04:25.833-1000] {dag.py:4180} INFO - Setting next_dagrun for latest_only to 2025-03-24 20:00:00+00:00, run_after=2025-03-25 00:00:00+00:00
[2025-03-24T16:04:25.838-1000] {processor.py:208} INFO - Processing /opt/anaconda3/envs/titanic/lib/python3.11/site-packages/airflow/example_dags/example_latest_only.py took 0.055 seconds
[2025-03-24T16:06:09.976-1000] {processor.py:186} INFO - Started process (PID=23032) to work on /opt/anaconda3/envs/titanic/lib/python3.11/site-packages/airflow/example_dags/example_latest_only.py
[2025-03-24T16:06:09.976-1000] {processor.py:914} INFO - Processing file /opt/anaconda3/envs/titanic/lib/python3.11/site-packages/airflow/example_dags/example_latest_only.py for tasks to queue
[2025-03-24T16:06:09.977-1000] {logging_mixin.py:190} INFO - [2025-03-24T16:06:09.977-1000] {dagbag.py:588} INFO - Filling up the DagBag from /opt/anaconda3/envs/titanic/lib/python3.11/site-packages/airflow/example_dags/example_latest_only.py
[2025-03-24T16:06:09.979-1000] {processor.py:925} INFO - DAG(s) 'latest_only' retrieved from /opt/anaconda3/envs/titanic/lib/python3.11/site-packages/airflow/example_dags/example_latest_only.py
[2025-03-24T16:06:10.003-1000] {logging_mixin.py:190} INFO - [2025-03-24T16:06:10.003-1000] {dag.py:3239} INFO - Sync 1 DAGs
[2025-03-24T16:06:10.007-1000] {logging_mixin.py:190} INFO - [2025-03-24T16:06:10.007-1000] {dag.py:4180} INFO - Setting next_dagrun for latest_only to 2025-03-24 20:00:00+00:00, run_after=2025-03-25 00:00:00+00:00
[2025-03-24T16:06:10.012-1000] {processor.py:208} INFO - Processing /opt/anaconda3/envs/titanic/lib/python3.11/site-packages/airflow/example_dags/example_latest_only.py took 0.056 seconds
[2025-03-24T16:07:59.562-1000] {processor.py:186} INFO - Started process (PID=23480) to work on /opt/anaconda3/envs/titanic/lib/python3.11/site-packages/airflow/example_dags/example_latest_only.py
[2025-03-24T16:07:59.562-1000] {processor.py:914} INFO - Processing file /opt/anaconda3/envs/titanic/lib/python3.11/site-packages/airflow/example_dags/example_latest_only.py for tasks to queue
[2025-03-24T16:07:59.563-1000] {logging_mixin.py:190} INFO - [2025-03-24T16:07:59.563-1000] {dagbag.py:588} INFO - Filling up the DagBag from /opt/anaconda3/envs/titanic/lib/python3.11/site-packages/airflow/example_dags/example_latest_only.py
[2025-03-24T16:07:59.565-1000] {processor.py:925} INFO - DAG(s) 'latest_only' retrieved from /opt/anaconda3/envs/titanic/lib/python3.11/site-packages/airflow/example_dags/example_latest_only.py
[2025-03-24T16:07:59.589-1000] {logging_mixin.py:190} INFO - [2025-03-24T16:07:59.589-1000] {dag.py:3239} INFO - Sync 1 DAGs
[2025-03-24T16:07:59.593-1000] {logging_mixin.py:190} INFO - [2025-03-24T16:07:59.593-1000] {dag.py:4180} INFO - Setting next_dagrun for latest_only to 2025-03-24 20:00:00+00:00, run_after=2025-03-25 00:00:00+00:00
[2025-03-24T16:07:59.598-1000] {processor.py:208} INFO - Processing /opt/anaconda3/envs/titanic/lib/python3.11/site-packages/airflow/example_dags/example_latest_only.py took 0.056 seconds
[2025-03-24T16:09:53.618-1000] {processor.py:186} INFO - Started process (PID=23909) to work on /opt/anaconda3/envs/titanic/lib/python3.11/site-packages/airflow/example_dags/example_latest_only.py
[2025-03-24T16:09:53.618-1000] {processor.py:914} INFO - Processing file /opt/anaconda3/envs/titanic/lib/python3.11/site-packages/airflow/example_dags/example_latest_only.py for tasks to queue
[2025-03-24T16:09:53.618-1000] {logging_mixin.py:190} INFO - [2025-03-24T16:09:53.618-1000] {dagbag.py:588} INFO - Filling up the DagBag from /opt/anaconda3/envs/titanic/lib/python3.11/site-packages/airflow/example_dags/example_latest_only.py
[2025-03-24T16:09:53.620-1000] {processor.py:925} INFO - DAG(s) 'latest_only' retrieved from /opt/anaconda3/envs/titanic/lib/python3.11/site-packages/airflow/example_dags/example_latest_only.py
[2025-03-24T16:09:53.645-1000] {logging_mixin.py:190} INFO - [2025-03-24T16:09:53.645-1000] {dag.py:3239} INFO - Sync 1 DAGs
[2025-03-24T16:09:53.650-1000] {logging_mixin.py:190} INFO - [2025-03-24T16:09:53.650-1000] {dag.py:4180} INFO - Setting next_dagrun for latest_only to 2025-03-24 20:00:00+00:00, run_after=2025-03-25 00:00:00+00:00
[2025-03-24T16:09:53.654-1000] {processor.py:208} INFO - Processing /opt/anaconda3/envs/titanic/lib/python3.11/site-packages/airflow/example_dags/example_latest_only.py took 0.057 seconds
[2025-03-24T16:11:57.088-1000] {processor.py:186} INFO - Started process (PID=24410) to work on /opt/anaconda3/envs/titanic/lib/python3.11/site-packages/airflow/example_dags/example_latest_only.py
[2025-03-24T16:11:57.090-1000] {processor.py:914} INFO - Processing file /opt/anaconda3/envs/titanic/lib/python3.11/site-packages/airflow/example_dags/example_latest_only.py for tasks to queue
[2025-03-24T16:11:57.090-1000] {logging_mixin.py:190} INFO - [2025-03-24T16:11:57.090-1000] {dagbag.py:588} INFO - Filling up the DagBag from /opt/anaconda3/envs/titanic/lib/python3.11/site-packages/airflow/example_dags/example_latest_only.py
[2025-03-24T16:11:57.092-1000] {processor.py:925} INFO - DAG(s) 'latest_only' retrieved from /opt/anaconda3/envs/titanic/lib/python3.11/site-packages/airflow/example_dags/example_latest_only.py
[2025-03-24T16:11:57.116-1000] {logging_mixin.py:190} INFO - [2025-03-24T16:11:57.116-1000] {dag.py:3239} INFO - Sync 1 DAGs
[2025-03-24T16:11:57.120-1000] {logging_mixin.py:190} INFO - [2025-03-24T16:11:57.120-1000] {dag.py:4180} INFO - Setting next_dagrun for latest_only to 2025-03-24 20:00:00+00:00, run_after=2025-03-25 00:00:00+00:00
[2025-03-24T16:11:57.125-1000] {processor.py:208} INFO - Processing /opt/anaconda3/envs/titanic/lib/python3.11/site-packages/airflow/example_dags/example_latest_only.py took 0.056 seconds
[2025-03-24T16:13:57.623-1000] {processor.py:186} INFO - Started process (PID=24929) to work on /opt/anaconda3/envs/titanic/lib/python3.11/site-packages/airflow/example_dags/example_latest_only.py
[2025-03-24T16:13:57.624-1000] {processor.py:914} INFO - Processing file /opt/anaconda3/envs/titanic/lib/python3.11/site-packages/airflow/example_dags/example_latest_only.py for tasks to queue
[2025-03-24T16:13:57.624-1000] {logging_mixin.py:190} INFO - [2025-03-24T16:13:57.624-1000] {dagbag.py:588} INFO - Filling up the DagBag from /opt/anaconda3/envs/titanic/lib/python3.11/site-packages/airflow/example_dags/example_latest_only.py
[2025-03-24T16:13:57.626-1000] {processor.py:925} INFO - DAG(s) 'latest_only' retrieved from /opt/anaconda3/envs/titanic/lib/python3.11/site-packages/airflow/example_dags/example_latest_only.py
[2025-03-24T16:13:57.650-1000] {logging_mixin.py:190} INFO - [2025-03-24T16:13:57.650-1000] {dag.py:3239} INFO - Sync 1 DAGs
[2025-03-24T16:13:57.655-1000] {logging_mixin.py:190} INFO - [2025-03-24T16:13:57.655-1000] {dag.py:4180} INFO - Setting next_dagrun for latest_only to 2025-03-24 20:00:00+00:00, run_after=2025-03-25 00:00:00+00:00
[2025-03-24T16:13:57.659-1000] {processor.py:208} INFO - Processing /opt/anaconda3/envs/titanic/lib/python3.11/site-packages/airflow/example_dags/example_latest_only.py took 0.056 seconds
[2025-03-24T16:15:50.148-1000] {processor.py:186} INFO - Started process (PID=25377) to work on /opt/anaconda3/envs/titanic/lib/python3.11/site-packages/airflow/example_dags/example_latest_only.py
[2025-03-24T16:15:50.149-1000] {processor.py:914} INFO - Processing file /opt/anaconda3/envs/titanic/lib/python3.11/site-packages/airflow/example_dags/example_latest_only.py for tasks to queue
[2025-03-24T16:15:50.149-1000] {logging_mixin.py:190} INFO - [2025-03-24T16:15:50.149-1000] {dagbag.py:588} INFO - Filling up the DagBag from /opt/anaconda3/envs/titanic/lib/python3.11/site-packages/airflow/example_dags/example_latest_only.py
[2025-03-24T16:15:50.151-1000] {processor.py:925} INFO - DAG(s) 'latest_only' retrieved from /opt/anaconda3/envs/titanic/lib/python3.11/site-packages/airflow/example_dags/example_latest_only.py
[2025-03-24T16:15:50.176-1000] {logging_mixin.py:190} INFO - [2025-03-24T16:15:50.176-1000] {dag.py:3239} INFO - Sync 1 DAGs
[2025-03-24T16:15:50.180-1000] {logging_mixin.py:190} INFO - [2025-03-24T16:15:50.180-1000] {dag.py:4180} INFO - Setting next_dagrun for latest_only to 2025-03-24 20:00:00+00:00, run_after=2025-03-25 00:00:00+00:00
[2025-03-24T16:15:50.185-1000] {processor.py:208} INFO - Processing /opt/anaconda3/envs/titanic/lib/python3.11/site-packages/airflow/example_dags/example_latest_only.py took 0.056 seconds
[2025-03-24T16:17:38.827-1000] {processor.py:186} INFO - Started process (PID=25792) to work on /opt/anaconda3/envs/titanic/lib/python3.11/site-packages/airflow/example_dags/example_latest_only.py
[2025-03-24T16:17:38.827-1000] {processor.py:914} INFO - Processing file /opt/anaconda3/envs/titanic/lib/python3.11/site-packages/airflow/example_dags/example_latest_only.py for tasks to queue
[2025-03-24T16:17:38.827-1000] {logging_mixin.py:190} INFO - [2025-03-24T16:17:38.827-1000] {dagbag.py:588} INFO - Filling up the DagBag from /opt/anaconda3/envs/titanic/lib/python3.11/site-packages/airflow/example_dags/example_latest_only.py
[2025-03-24T16:17:38.829-1000] {processor.py:925} INFO - DAG(s) 'latest_only' retrieved from /opt/anaconda3/envs/titanic/lib/python3.11/site-packages/airflow/example_dags/example_latest_only.py
[2025-03-24T16:17:38.853-1000] {logging_mixin.py:190} INFO - [2025-03-24T16:17:38.853-1000] {dag.py:3239} INFO - Sync 1 DAGs
[2025-03-24T16:17:38.858-1000] {logging_mixin.py:190} INFO - [2025-03-24T16:17:38.858-1000] {dag.py:4180} INFO - Setting next_dagrun for latest_only to 2025-03-24 20:00:00+00:00, run_after=2025-03-25 00:00:00+00:00
[2025-03-24T16:17:38.862-1000] {processor.py:208} INFO - Processing /opt/anaconda3/envs/titanic/lib/python3.11/site-packages/airflow/example_dags/example_latest_only.py took 0.055 seconds
[2025-03-24T16:19:30.980-1000] {processor.py:186} INFO - Started process (PID=26242) to work on /opt/anaconda3/envs/titanic/lib/python3.11/site-packages/airflow/example_dags/example_latest_only.py
[2025-03-24T16:19:30.980-1000] {processor.py:914} INFO - Processing file /opt/anaconda3/envs/titanic/lib/python3.11/site-packages/airflow/example_dags/example_latest_only.py for tasks to queue
[2025-03-24T16:19:30.980-1000] {logging_mixin.py:190} INFO - [2025-03-24T16:19:30.980-1000] {dagbag.py:588} INFO - Filling up the DagBag from /opt/anaconda3/envs/titanic/lib/python3.11/site-packages/airflow/example_dags/example_latest_only.py
[2025-03-24T16:19:30.982-1000] {processor.py:925} INFO - DAG(s) 'latest_only' retrieved from /opt/anaconda3/envs/titanic/lib/python3.11/site-packages/airflow/example_dags/example_latest_only.py
[2025-03-24T16:19:31.008-1000] {logging_mixin.py:190} INFO - [2025-03-24T16:19:31.007-1000] {dag.py:3239} INFO - Sync 1 DAGs
[2025-03-24T16:19:31.012-1000] {logging_mixin.py:190} INFO - [2025-03-24T16:19:31.012-1000] {dag.py:4180} INFO - Setting next_dagrun for latest_only to 2025-03-24 20:00:00+00:00, run_after=2025-03-25 00:00:00+00:00
[2025-03-24T16:19:31.018-1000] {processor.py:208} INFO - Processing /opt/anaconda3/envs/titanic/lib/python3.11/site-packages/airflow/example_dags/example_latest_only.py took 0.060 seconds
[2025-03-24T16:21:21.709-1000] {processor.py:186} INFO - Started process (PID=26658) to work on /opt/anaconda3/envs/titanic/lib/python3.11/site-packages/airflow/example_dags/example_latest_only.py
[2025-03-24T16:21:21.709-1000] {processor.py:914} INFO - Processing file /opt/anaconda3/envs/titanic/lib/python3.11/site-packages/airflow/example_dags/example_latest_only.py for tasks to queue
[2025-03-24T16:21:21.709-1000] {logging_mixin.py:190} INFO - [2025-03-24T16:21:21.709-1000] {dagbag.py:588} INFO - Filling up the DagBag from /opt/anaconda3/envs/titanic/lib/python3.11/site-packages/airflow/example_dags/example_latest_only.py
[2025-03-24T16:21:21.711-1000] {processor.py:925} INFO - DAG(s) 'latest_only' retrieved from /opt/anaconda3/envs/titanic/lib/python3.11/site-packages/airflow/example_dags/example_latest_only.py
[2025-03-24T16:21:21.735-1000] {logging_mixin.py:190} INFO - [2025-03-24T16:21:21.735-1000] {dag.py:3239} INFO - Sync 1 DAGs
[2025-03-24T16:21:21.740-1000] {logging_mixin.py:190} INFO - [2025-03-24T16:21:21.740-1000] {dag.py:4180} INFO - Setting next_dagrun for latest_only to 2025-03-24 20:00:00+00:00, run_after=2025-03-25 00:00:00+00:00
[2025-03-24T16:21:21.744-1000] {processor.py:208} INFO - Processing /opt/anaconda3/envs/titanic/lib/python3.11/site-packages/airflow/example_dags/example_latest_only.py took 0.056 seconds
[2025-03-24T16:23:13.712-1000] {processor.py:186} INFO - Started process (PID=27096) to work on /opt/anaconda3/envs/titanic/lib/python3.11/site-packages/airflow/example_dags/example_latest_only.py
[2025-03-24T16:23:13.712-1000] {processor.py:914} INFO - Processing file /opt/anaconda3/envs/titanic/lib/python3.11/site-packages/airflow/example_dags/example_latest_only.py for tasks to queue
[2025-03-24T16:23:13.712-1000] {logging_mixin.py:190} INFO - [2025-03-24T16:23:13.712-1000] {dagbag.py:588} INFO - Filling up the DagBag from /opt/anaconda3/envs/titanic/lib/python3.11/site-packages/airflow/example_dags/example_latest_only.py
[2025-03-24T16:23:13.714-1000] {processor.py:925} INFO - DAG(s) 'latest_only' retrieved from /opt/anaconda3/envs/titanic/lib/python3.11/site-packages/airflow/example_dags/example_latest_only.py
[2025-03-24T16:23:13.740-1000] {logging_mixin.py:190} INFO - [2025-03-24T16:23:13.740-1000] {dag.py:3239} INFO - Sync 1 DAGs
[2025-03-24T16:23:13.744-1000] {logging_mixin.py:190} INFO - [2025-03-24T16:23:13.744-1000] {dag.py:4180} INFO - Setting next_dagrun for latest_only to 2025-03-24 20:00:00+00:00, run_after=2025-03-25 00:00:00+00:00
[2025-03-24T16:23:13.749-1000] {processor.py:208} INFO - Processing /opt/anaconda3/envs/titanic/lib/python3.11/site-packages/airflow/example_dags/example_latest_only.py took 0.062 seconds
[2025-03-24T16:25:07.549-1000] {processor.py:186} INFO - Started process (PID=27529) to work on /opt/anaconda3/envs/titanic/lib/python3.11/site-packages/airflow/example_dags/example_latest_only.py
[2025-03-24T16:25:07.551-1000] {processor.py:914} INFO - Processing file /opt/anaconda3/envs/titanic/lib/python3.11/site-packages/airflow/example_dags/example_latest_only.py for tasks to queue
[2025-03-24T16:25:07.551-1000] {logging_mixin.py:190} INFO - [2025-03-24T16:25:07.551-1000] {dagbag.py:588} INFO - Filling up the DagBag from /opt/anaconda3/envs/titanic/lib/python3.11/site-packages/airflow/example_dags/example_latest_only.py
[2025-03-24T16:25:07.553-1000] {processor.py:925} INFO - DAG(s) 'latest_only' retrieved from /opt/anaconda3/envs/titanic/lib/python3.11/site-packages/airflow/example_dags/example_latest_only.py
[2025-03-24T16:25:07.577-1000] {logging_mixin.py:190} INFO - [2025-03-24T16:25:07.577-1000] {dag.py:3239} INFO - Sync 1 DAGs
[2025-03-24T16:25:07.581-1000] {logging_mixin.py:190} INFO - [2025-03-24T16:25:07.581-1000] {dag.py:4180} INFO - Setting next_dagrun for latest_only to 2025-03-24 20:00:00+00:00, run_after=2025-03-25 00:00:00+00:00
[2025-03-24T16:25:07.586-1000] {processor.py:208} INFO - Processing /opt/anaconda3/envs/titanic/lib/python3.11/site-packages/airflow/example_dags/example_latest_only.py took 0.056 seconds
[2025-03-24T16:26:58.491-1000] {processor.py:186} INFO - Started process (PID=27949) to work on /opt/anaconda3/envs/titanic/lib/python3.11/site-packages/airflow/example_dags/example_latest_only.py
[2025-03-24T16:26:58.491-1000] {processor.py:914} INFO - Processing file /opt/anaconda3/envs/titanic/lib/python3.11/site-packages/airflow/example_dags/example_latest_only.py for tasks to queue
[2025-03-24T16:26:58.491-1000] {logging_mixin.py:190} INFO - [2025-03-24T16:26:58.491-1000] {dagbag.py:588} INFO - Filling up the DagBag from /opt/anaconda3/envs/titanic/lib/python3.11/site-packages/airflow/example_dags/example_latest_only.py
[2025-03-24T16:26:58.493-1000] {processor.py:925} INFO - DAG(s) 'latest_only' retrieved from /opt/anaconda3/envs/titanic/lib/python3.11/site-packages/airflow/example_dags/example_latest_only.py
[2025-03-24T16:26:58.517-1000] {logging_mixin.py:190} INFO - [2025-03-24T16:26:58.517-1000] {dag.py:3239} INFO - Sync 1 DAGs
[2025-03-24T16:26:58.522-1000] {logging_mixin.py:190} INFO - [2025-03-24T16:26:58.522-1000] {dag.py:4180} INFO - Setting next_dagrun for latest_only to 2025-03-24 20:00:00+00:00, run_after=2025-03-25 00:00:00+00:00
[2025-03-24T16:26:58.527-1000] {processor.py:208} INFO - Processing /opt/anaconda3/envs/titanic/lib/python3.11/site-packages/airflow/example_dags/example_latest_only.py took 0.055 seconds
[2025-03-24T16:28:47.809-1000] {processor.py:186} INFO - Started process (PID=28369) to work on /opt/anaconda3/envs/titanic/lib/python3.11/site-packages/airflow/example_dags/example_latest_only.py
[2025-03-24T16:28:47.809-1000] {processor.py:914} INFO - Processing file /opt/anaconda3/envs/titanic/lib/python3.11/site-packages/airflow/example_dags/example_latest_only.py for tasks to queue
[2025-03-24T16:28:47.810-1000] {logging_mixin.py:190} INFO - [2025-03-24T16:28:47.810-1000] {dagbag.py:588} INFO - Filling up the DagBag from /opt/anaconda3/envs/titanic/lib/python3.11/site-packages/airflow/example_dags/example_latest_only.py
[2025-03-24T16:28:47.812-1000] {processor.py:925} INFO - DAG(s) 'latest_only' retrieved from /opt/anaconda3/envs/titanic/lib/python3.11/site-packages/airflow/example_dags/example_latest_only.py
[2025-03-24T16:28:47.836-1000] {logging_mixin.py:190} INFO - [2025-03-24T16:28:47.835-1000] {dag.py:3239} INFO - Sync 1 DAGs
[2025-03-24T16:28:47.840-1000] {logging_mixin.py:190} INFO - [2025-03-24T16:28:47.840-1000] {dag.py:4180} INFO - Setting next_dagrun for latest_only to 2025-03-24 20:00:00+00:00, run_after=2025-03-25 00:00:00+00:00
[2025-03-24T16:28:47.845-1000] {processor.py:208} INFO - Processing /opt/anaconda3/envs/titanic/lib/python3.11/site-packages/airflow/example_dags/example_latest_only.py took 0.055 seconds
[2025-03-24T16:30:34.250-1000] {processor.py:186} INFO - Started process (PID=28771) to work on /opt/anaconda3/envs/titanic/lib/python3.11/site-packages/airflow/example_dags/example_latest_only.py
[2025-03-24T16:30:34.250-1000] {processor.py:914} INFO - Processing file /opt/anaconda3/envs/titanic/lib/python3.11/site-packages/airflow/example_dags/example_latest_only.py for tasks to queue
[2025-03-24T16:30:34.250-1000] {logging_mixin.py:190} INFO - [2025-03-24T16:30:34.250-1000] {dagbag.py:588} INFO - Filling up the DagBag from /opt/anaconda3/envs/titanic/lib/python3.11/site-packages/airflow/example_dags/example_latest_only.py
[2025-03-24T16:30:34.252-1000] {processor.py:925} INFO - DAG(s) 'latest_only' retrieved from /opt/anaconda3/envs/titanic/lib/python3.11/site-packages/airflow/example_dags/example_latest_only.py
[2025-03-24T16:30:34.276-1000] {logging_mixin.py:190} INFO - [2025-03-24T16:30:34.276-1000] {dag.py:3239} INFO - Sync 1 DAGs
[2025-03-24T16:30:34.281-1000] {logging_mixin.py:190} INFO - [2025-03-24T16:30:34.281-1000] {dag.py:4180} INFO - Setting next_dagrun for latest_only to 2025-03-24 20:00:00+00:00, run_after=2025-03-25 00:00:00+00:00
[2025-03-24T16:30:34.286-1000] {processor.py:208} INFO - Processing /opt/anaconda3/envs/titanic/lib/python3.11/site-packages/airflow/example_dags/example_latest_only.py took 0.055 seconds
[2025-03-24T16:32:24.445-1000] {processor.py:186} INFO - Started process (PID=29195) to work on /opt/anaconda3/envs/titanic/lib/python3.11/site-packages/airflow/example_dags/example_latest_only.py
[2025-03-24T16:32:24.446-1000] {processor.py:914} INFO - Processing file /opt/anaconda3/envs/titanic/lib/python3.11/site-packages/airflow/example_dags/example_latest_only.py for tasks to queue
[2025-03-24T16:32:24.446-1000] {logging_mixin.py:190} INFO - [2025-03-24T16:32:24.446-1000] {dagbag.py:588} INFO - Filling up the DagBag from /opt/anaconda3/envs/titanic/lib/python3.11/site-packages/airflow/example_dags/example_latest_only.py
[2025-03-24T16:32:24.448-1000] {processor.py:925} INFO - DAG(s) 'latest_only' retrieved from /opt/anaconda3/envs/titanic/lib/python3.11/site-packages/airflow/example_dags/example_latest_only.py
[2025-03-24T16:32:24.472-1000] {logging_mixin.py:190} INFO - [2025-03-24T16:32:24.472-1000] {dag.py:3239} INFO - Sync 1 DAGs
[2025-03-24T16:32:24.476-1000] {logging_mixin.py:190} INFO - [2025-03-24T16:32:24.476-1000] {dag.py:4180} INFO - Setting next_dagrun for latest_only to 2025-03-24 20:00:00+00:00, run_after=2025-03-25 00:00:00+00:00
[2025-03-24T16:32:24.482-1000] {processor.py:208} INFO - Processing /opt/anaconda3/envs/titanic/lib/python3.11/site-packages/airflow/example_dags/example_latest_only.py took 0.056 seconds
[2025-03-24T16:34:14.285-1000] {processor.py:186} INFO - Started process (PID=29624) to work on /opt/anaconda3/envs/titanic/lib/python3.11/site-packages/airflow/example_dags/example_latest_only.py
[2025-03-24T16:34:14.286-1000] {processor.py:914} INFO - Processing file /opt/anaconda3/envs/titanic/lib/python3.11/site-packages/airflow/example_dags/example_latest_only.py for tasks to queue
[2025-03-24T16:34:14.286-1000] {logging_mixin.py:190} INFO - [2025-03-24T16:34:14.286-1000] {dagbag.py:588} INFO - Filling up the DagBag from /opt/anaconda3/envs/titanic/lib/python3.11/site-packages/airflow/example_dags/example_latest_only.py
[2025-03-24T16:34:14.288-1000] {processor.py:925} INFO - DAG(s) 'latest_only' retrieved from /opt/anaconda3/envs/titanic/lib/python3.11/site-packages/airflow/example_dags/example_latest_only.py
[2025-03-24T16:34:14.312-1000] {logging_mixin.py:190} INFO - [2025-03-24T16:34:14.312-1000] {dag.py:3239} INFO - Sync 1 DAGs
[2025-03-24T16:34:14.316-1000] {logging_mixin.py:190} INFO - [2025-03-24T16:34:14.316-1000] {dag.py:4180} INFO - Setting next_dagrun for latest_only to 2025-03-24 20:00:00+00:00, run_after=2025-03-25 00:00:00+00:00
[2025-03-24T16:34:14.321-1000] {processor.py:208} INFO - Processing /opt/anaconda3/envs/titanic/lib/python3.11/site-packages/airflow/example_dags/example_latest_only.py took 0.055 seconds
[2025-03-24T16:36:03.384-1000] {processor.py:186} INFO - Started process (PID=30036) to work on /opt/anaconda3/envs/titanic/lib/python3.11/site-packages/airflow/example_dags/example_latest_only.py
[2025-03-24T16:36:03.384-1000] {processor.py:914} INFO - Processing file /opt/anaconda3/envs/titanic/lib/python3.11/site-packages/airflow/example_dags/example_latest_only.py for tasks to queue
[2025-03-24T16:36:03.385-1000] {logging_mixin.py:190} INFO - [2025-03-24T16:36:03.384-1000] {dagbag.py:588} INFO - Filling up the DagBag from /opt/anaconda3/envs/titanic/lib/python3.11/site-packages/airflow/example_dags/example_latest_only.py
[2025-03-24T16:36:03.386-1000] {processor.py:925} INFO - DAG(s) 'latest_only' retrieved from /opt/anaconda3/envs/titanic/lib/python3.11/site-packages/airflow/example_dags/example_latest_only.py
[2025-03-24T16:36:03.410-1000] {logging_mixin.py:190} INFO - [2025-03-24T16:36:03.410-1000] {dag.py:3239} INFO - Sync 1 DAGs
[2025-03-24T16:36:03.415-1000] {logging_mixin.py:190} INFO - [2025-03-24T16:36:03.415-1000] {dag.py:4180} INFO - Setting next_dagrun for latest_only to 2025-03-24 20:00:00+00:00, run_after=2025-03-25 00:00:00+00:00
[2025-03-24T16:36:03.419-1000] {processor.py:208} INFO - Processing /opt/anaconda3/envs/titanic/lib/python3.11/site-packages/airflow/example_dags/example_latest_only.py took 0.055 seconds
[2025-03-24T16:37:54.436-1000] {processor.py:186} INFO - Started process (PID=30465) to work on /opt/anaconda3/envs/titanic/lib/python3.11/site-packages/airflow/example_dags/example_latest_only.py
[2025-03-24T16:37:54.438-1000] {processor.py:914} INFO - Processing file /opt/anaconda3/envs/titanic/lib/python3.11/site-packages/airflow/example_dags/example_latest_only.py for tasks to queue
[2025-03-24T16:37:54.438-1000] {logging_mixin.py:190} INFO - [2025-03-24T16:37:54.438-1000] {dagbag.py:588} INFO - Filling up the DagBag from /opt/anaconda3/envs/titanic/lib/python3.11/site-packages/airflow/example_dags/example_latest_only.py
[2025-03-24T16:37:54.440-1000] {processor.py:925} INFO - DAG(s) 'latest_only' retrieved from /opt/anaconda3/envs/titanic/lib/python3.11/site-packages/airflow/example_dags/example_latest_only.py
[2025-03-24T16:37:54.464-1000] {logging_mixin.py:190} INFO - [2025-03-24T16:37:54.464-1000] {dag.py:3239} INFO - Sync 1 DAGs
[2025-03-24T16:37:54.469-1000] {logging_mixin.py:190} INFO - [2025-03-24T16:37:54.469-1000] {dag.py:4180} INFO - Setting next_dagrun for latest_only to 2025-03-24 20:00:00+00:00, run_after=2025-03-25 00:00:00+00:00
[2025-03-24T16:37:54.473-1000] {processor.py:208} INFO - Processing /opt/anaconda3/envs/titanic/lib/python3.11/site-packages/airflow/example_dags/example_latest_only.py took 0.058 seconds
[2025-03-24T16:39:50.833-1000] {processor.py:186} INFO - Started process (PID=30927) to work on /opt/anaconda3/envs/titanic/lib/python3.11/site-packages/airflow/example_dags/example_latest_only.py
[2025-03-24T16:39:50.833-1000] {processor.py:914} INFO - Processing file /opt/anaconda3/envs/titanic/lib/python3.11/site-packages/airflow/example_dags/example_latest_only.py for tasks to queue
[2025-03-24T16:39:50.833-1000] {logging_mixin.py:190} INFO - [2025-03-24T16:39:50.833-1000] {dagbag.py:588} INFO - Filling up the DagBag from /opt/anaconda3/envs/titanic/lib/python3.11/site-packages/airflow/example_dags/example_latest_only.py
[2025-03-24T16:39:50.835-1000] {processor.py:925} INFO - DAG(s) 'latest_only' retrieved from /opt/anaconda3/envs/titanic/lib/python3.11/site-packages/airflow/example_dags/example_latest_only.py
[2025-03-24T16:39:50.860-1000] {logging_mixin.py:190} INFO - [2025-03-24T16:39:50.859-1000] {dag.py:3239} INFO - Sync 1 DAGs
[2025-03-24T16:39:50.864-1000] {logging_mixin.py:190} INFO - [2025-03-24T16:39:50.864-1000] {dag.py:4180} INFO - Setting next_dagrun for latest_only to 2025-03-24 20:00:00+00:00, run_after=2025-03-25 00:00:00+00:00
[2025-03-24T16:39:50.869-1000] {processor.py:208} INFO - Processing /opt/anaconda3/envs/titanic/lib/python3.11/site-packages/airflow/example_dags/example_latest_only.py took 0.056 seconds
[2025-03-24T16:41:48.480-1000] {processor.py:186} INFO - Started process (PID=31375) to work on /opt/anaconda3/envs/titanic/lib/python3.11/site-packages/airflow/example_dags/example_latest_only.py
[2025-03-24T16:41:48.480-1000] {processor.py:914} INFO - Processing file /opt/anaconda3/envs/titanic/lib/python3.11/site-packages/airflow/example_dags/example_latest_only.py for tasks to queue
[2025-03-24T16:41:48.480-1000] {logging_mixin.py:190} INFO - [2025-03-24T16:41:48.480-1000] {dagbag.py:588} INFO - Filling up the DagBag from /opt/anaconda3/envs/titanic/lib/python3.11/site-packages/airflow/example_dags/example_latest_only.py
[2025-03-24T16:41:48.482-1000] {processor.py:925} INFO - DAG(s) 'latest_only' retrieved from /opt/anaconda3/envs/titanic/lib/python3.11/site-packages/airflow/example_dags/example_latest_only.py
[2025-03-24T16:41:48.506-1000] {logging_mixin.py:190} INFO - [2025-03-24T16:41:48.506-1000] {dag.py:3239} INFO - Sync 1 DAGs
[2025-03-24T16:41:48.510-1000] {logging_mixin.py:190} INFO - [2025-03-24T16:41:48.510-1000] {dag.py:4180} INFO - Setting next_dagrun for latest_only to 2025-03-24 20:00:00+00:00, run_after=2025-03-25 00:00:00+00:00
[2025-03-24T16:41:48.515-1000] {processor.py:208} INFO - Processing /opt/anaconda3/envs/titanic/lib/python3.11/site-packages/airflow/example_dags/example_latest_only.py took 0.056 seconds
[2025-03-24T16:43:41.335-1000] {processor.py:186} INFO - Started process (PID=31809) to work on /opt/anaconda3/envs/titanic/lib/python3.11/site-packages/airflow/example_dags/example_latest_only.py
[2025-03-24T16:43:41.335-1000] {processor.py:914} INFO - Processing file /opt/anaconda3/envs/titanic/lib/python3.11/site-packages/airflow/example_dags/example_latest_only.py for tasks to queue
[2025-03-24T16:43:41.335-1000] {logging_mixin.py:190} INFO - [2025-03-24T16:43:41.335-1000] {dagbag.py:588} INFO - Filling up the DagBag from /opt/anaconda3/envs/titanic/lib/python3.11/site-packages/airflow/example_dags/example_latest_only.py
[2025-03-24T16:43:41.338-1000] {processor.py:925} INFO - DAG(s) 'latest_only' retrieved from /opt/anaconda3/envs/titanic/lib/python3.11/site-packages/airflow/example_dags/example_latest_only.py
[2025-03-24T16:43:41.363-1000] {logging_mixin.py:190} INFO - [2025-03-24T16:43:41.363-1000] {dag.py:3239} INFO - Sync 1 DAGs
[2025-03-24T16:43:41.367-1000] {logging_mixin.py:190} INFO - [2025-03-24T16:43:41.367-1000] {dag.py:4180} INFO - Setting next_dagrun for latest_only to 2025-03-24 20:00:00+00:00, run_after=2025-03-25 00:00:00+00:00
[2025-03-24T16:43:41.372-1000] {processor.py:208} INFO - Processing /opt/anaconda3/envs/titanic/lib/python3.11/site-packages/airflow/example_dags/example_latest_only.py took 0.058 seconds
[2025-03-24T16:45:31.418-1000] {processor.py:186} INFO - Started process (PID=32228) to work on /opt/anaconda3/envs/titanic/lib/python3.11/site-packages/airflow/example_dags/example_latest_only.py
[2025-03-24T16:45:31.418-1000] {processor.py:914} INFO - Processing file /opt/anaconda3/envs/titanic/lib/python3.11/site-packages/airflow/example_dags/example_latest_only.py for tasks to queue
[2025-03-24T16:45:31.419-1000] {logging_mixin.py:190} INFO - [2025-03-24T16:45:31.419-1000] {dagbag.py:588} INFO - Filling up the DagBag from /opt/anaconda3/envs/titanic/lib/python3.11/site-packages/airflow/example_dags/example_latest_only.py
[2025-03-24T16:45:31.421-1000] {processor.py:925} INFO - DAG(s) 'latest_only' retrieved from /opt/anaconda3/envs/titanic/lib/python3.11/site-packages/airflow/example_dags/example_latest_only.py
[2025-03-24T16:45:31.445-1000] {logging_mixin.py:190} INFO - [2025-03-24T16:45:31.445-1000] {dag.py:3239} INFO - Sync 1 DAGs
[2025-03-24T16:45:31.449-1000] {logging_mixin.py:190} INFO - [2025-03-24T16:45:31.449-1000] {dag.py:4180} INFO - Setting next_dagrun for latest_only to 2025-03-24 20:00:00+00:00, run_after=2025-03-25 00:00:00+00:00
[2025-03-24T16:45:31.454-1000] {processor.py:208} INFO - Processing /opt/anaconda3/envs/titanic/lib/python3.11/site-packages/airflow/example_dags/example_latest_only.py took 0.055 seconds
[2025-03-24T16:47:22.828-1000] {processor.py:186} INFO - Started process (PID=32669) to work on /opt/anaconda3/envs/titanic/lib/python3.11/site-packages/airflow/example_dags/example_latest_only.py
[2025-03-24T16:47:22.829-1000] {processor.py:914} INFO - Processing file /opt/anaconda3/envs/titanic/lib/python3.11/site-packages/airflow/example_dags/example_latest_only.py for tasks to queue
[2025-03-24T16:47:22.829-1000] {logging_mixin.py:190} INFO - [2025-03-24T16:47:22.829-1000] {dagbag.py:588} INFO - Filling up the DagBag from /opt/anaconda3/envs/titanic/lib/python3.11/site-packages/airflow/example_dags/example_latest_only.py
[2025-03-24T16:47:22.831-1000] {processor.py:925} INFO - DAG(s) 'latest_only' retrieved from /opt/anaconda3/envs/titanic/lib/python3.11/site-packages/airflow/example_dags/example_latest_only.py
[2025-03-24T16:47:22.856-1000] {logging_mixin.py:190} INFO - [2025-03-24T16:47:22.856-1000] {dag.py:3239} INFO - Sync 1 DAGs
[2025-03-24T16:47:22.860-1000] {logging_mixin.py:190} INFO - [2025-03-24T16:47:22.860-1000] {dag.py:4180} INFO - Setting next_dagrun for latest_only to 2025-03-24 20:00:00+00:00, run_after=2025-03-25 00:00:00+00:00
[2025-03-24T16:47:22.865-1000] {processor.py:208} INFO - Processing /opt/anaconda3/envs/titanic/lib/python3.11/site-packages/airflow/example_dags/example_latest_only.py took 0.059 seconds
[2025-03-24T16:49:21.173-1000] {processor.py:186} INFO - Started process (PID=33225) to work on /opt/anaconda3/envs/titanic/lib/python3.11/site-packages/airflow/example_dags/example_latest_only.py
[2025-03-24T16:49:21.174-1000] {processor.py:914} INFO - Processing file /opt/anaconda3/envs/titanic/lib/python3.11/site-packages/airflow/example_dags/example_latest_only.py for tasks to queue
[2025-03-24T16:49:21.175-1000] {logging_mixin.py:190} INFO - [2025-03-24T16:49:21.175-1000] {dagbag.py:588} INFO - Filling up the DagBag from /opt/anaconda3/envs/titanic/lib/python3.11/site-packages/airflow/example_dags/example_latest_only.py
[2025-03-24T16:49:21.177-1000] {processor.py:925} INFO - DAG(s) 'latest_only' retrieved from /opt/anaconda3/envs/titanic/lib/python3.11/site-packages/airflow/example_dags/example_latest_only.py
[2025-03-24T16:49:21.202-1000] {logging_mixin.py:190} INFO - [2025-03-24T16:49:21.202-1000] {dag.py:3239} INFO - Sync 1 DAGs
[2025-03-24T16:49:21.207-1000] {logging_mixin.py:190} INFO - [2025-03-24T16:49:21.207-1000] {dag.py:4180} INFO - Setting next_dagrun for latest_only to 2025-03-24 20:00:00+00:00, run_after=2025-03-25 00:00:00+00:00
[2025-03-24T16:49:21.212-1000] {processor.py:208} INFO - Processing /opt/anaconda3/envs/titanic/lib/python3.11/site-packages/airflow/example_dags/example_latest_only.py took 0.039 seconds
[2025-03-24T16:51:15.738-1000] {processor.py:186} INFO - Started process (PID=33658) to work on /opt/anaconda3/envs/titanic/lib/python3.11/site-packages/airflow/example_dags/example_latest_only.py
[2025-03-24T16:51:15.739-1000] {processor.py:914} INFO - Processing file /opt/anaconda3/envs/titanic/lib/python3.11/site-packages/airflow/example_dags/example_latest_only.py for tasks to queue
[2025-03-24T16:51:15.739-1000] {logging_mixin.py:190} INFO - [2025-03-24T16:51:15.739-1000] {dagbag.py:588} INFO - Filling up the DagBag from /opt/anaconda3/envs/titanic/lib/python3.11/site-packages/airflow/example_dags/example_latest_only.py
[2025-03-24T16:51:15.741-1000] {processor.py:925} INFO - DAG(s) 'latest_only' retrieved from /opt/anaconda3/envs/titanic/lib/python3.11/site-packages/airflow/example_dags/example_latest_only.py
[2025-03-24T16:51:15.766-1000] {logging_mixin.py:190} INFO - [2025-03-24T16:51:15.766-1000] {dag.py:3239} INFO - Sync 1 DAGs
[2025-03-24T16:51:15.771-1000] {logging_mixin.py:190} INFO - [2025-03-24T16:51:15.771-1000] {dag.py:4180} INFO - Setting next_dagrun for latest_only to 2025-03-24 20:00:00+00:00, run_after=2025-03-25 00:00:00+00:00
[2025-03-24T16:51:15.775-1000] {processor.py:208} INFO - Processing /opt/anaconda3/envs/titanic/lib/python3.11/site-packages/airflow/example_dags/example_latest_only.py took 0.039 seconds
[2025-03-24T16:53:12.034-1000] {processor.py:186} INFO - Started process (PID=34094) to work on /opt/anaconda3/envs/titanic/lib/python3.11/site-packages/airflow/example_dags/example_latest_only.py
[2025-03-24T16:53:12.036-1000] {processor.py:914} INFO - Processing file /opt/anaconda3/envs/titanic/lib/python3.11/site-packages/airflow/example_dags/example_latest_only.py for tasks to queue
[2025-03-24T16:53:12.036-1000] {logging_mixin.py:190} INFO - [2025-03-24T16:53:12.036-1000] {dagbag.py:588} INFO - Filling up the DagBag from /opt/anaconda3/envs/titanic/lib/python3.11/site-packages/airflow/example_dags/example_latest_only.py
[2025-03-24T16:53:12.038-1000] {processor.py:925} INFO - DAG(s) 'latest_only' retrieved from /opt/anaconda3/envs/titanic/lib/python3.11/site-packages/airflow/example_dags/example_latest_only.py
[2025-03-24T16:53:12.063-1000] {logging_mixin.py:190} INFO - [2025-03-24T16:53:12.063-1000] {dag.py:3239} INFO - Sync 1 DAGs
[2025-03-24T16:53:12.068-1000] {logging_mixin.py:190} INFO - [2025-03-24T16:53:12.068-1000] {dag.py:4180} INFO - Setting next_dagrun for latest_only to 2025-03-24 20:00:00+00:00, run_after=2025-03-25 00:00:00+00:00
[2025-03-24T16:53:12.073-1000] {processor.py:208} INFO - Processing /opt/anaconda3/envs/titanic/lib/python3.11/site-packages/airflow/example_dags/example_latest_only.py took 0.039 seconds
[2025-03-24T16:55:06.128-1000] {processor.py:186} INFO - Started process (PID=34525) to work on /opt/anaconda3/envs/titanic/lib/python3.11/site-packages/airflow/example_dags/example_latest_only.py
[2025-03-24T16:55:06.128-1000] {processor.py:914} INFO - Processing file /opt/anaconda3/envs/titanic/lib/python3.11/site-packages/airflow/example_dags/example_latest_only.py for tasks to queue
[2025-03-24T16:55:06.128-1000] {logging_mixin.py:190} INFO - [2025-03-24T16:55:06.128-1000] {dagbag.py:588} INFO - Filling up the DagBag from /opt/anaconda3/envs/titanic/lib/python3.11/site-packages/airflow/example_dags/example_latest_only.py
[2025-03-24T16:55:06.130-1000] {processor.py:925} INFO - DAG(s) 'latest_only' retrieved from /opt/anaconda3/envs/titanic/lib/python3.11/site-packages/airflow/example_dags/example_latest_only.py
[2025-03-24T16:55:06.154-1000] {logging_mixin.py:190} INFO - [2025-03-24T16:55:06.154-1000] {dag.py:3239} INFO - Sync 1 DAGs
[2025-03-24T16:55:06.158-1000] {logging_mixin.py:190} INFO - [2025-03-24T16:55:06.158-1000] {dag.py:4180} INFO - Setting next_dagrun for latest_only to 2025-03-24 20:00:00+00:00, run_after=2025-03-25 00:00:00+00:00
[2025-03-24T16:55:06.163-1000] {processor.py:208} INFO - Processing /opt/anaconda3/envs/titanic/lib/python3.11/site-packages/airflow/example_dags/example_latest_only.py took 0.037 seconds
[2025-03-24T16:56:57.755-1000] {processor.py:186} INFO - Started process (PID=34942) to work on /opt/anaconda3/envs/titanic/lib/python3.11/site-packages/airflow/example_dags/example_latest_only.py
[2025-03-24T16:56:57.755-1000] {processor.py:914} INFO - Processing file /opt/anaconda3/envs/titanic/lib/python3.11/site-packages/airflow/example_dags/example_latest_only.py for tasks to queue
[2025-03-24T16:56:57.756-1000] {logging_mixin.py:190} INFO - [2025-03-24T16:56:57.755-1000] {dagbag.py:588} INFO - Filling up the DagBag from /opt/anaconda3/envs/titanic/lib/python3.11/site-packages/airflow/example_dags/example_latest_only.py
[2025-03-24T16:56:57.757-1000] {processor.py:925} INFO - DAG(s) 'latest_only' retrieved from /opt/anaconda3/envs/titanic/lib/python3.11/site-packages/airflow/example_dags/example_latest_only.py
[2025-03-24T16:56:57.781-1000] {logging_mixin.py:190} INFO - [2025-03-24T16:56:57.781-1000] {dag.py:3239} INFO - Sync 1 DAGs
[2025-03-24T16:56:57.786-1000] {logging_mixin.py:190} INFO - [2025-03-24T16:56:57.786-1000] {dag.py:4180} INFO - Setting next_dagrun for latest_only to 2025-03-24 20:00:00+00:00, run_after=2025-03-25 00:00:00+00:00
[2025-03-24T16:56:57.791-1000] {processor.py:208} INFO - Processing /opt/anaconda3/envs/titanic/lib/python3.11/site-packages/airflow/example_dags/example_latest_only.py took 0.037 seconds
[2025-03-24T16:58:45.818-1000] {processor.py:186} INFO - Started process (PID=35363) to work on /opt/anaconda3/envs/titanic/lib/python3.11/site-packages/airflow/example_dags/example_latest_only.py
[2025-03-24T16:58:45.818-1000] {processor.py:914} INFO - Processing file /opt/anaconda3/envs/titanic/lib/python3.11/site-packages/airflow/example_dags/example_latest_only.py for tasks to queue
[2025-03-24T16:58:45.818-1000] {logging_mixin.py:190} INFO - [2025-03-24T16:58:45.818-1000] {dagbag.py:588} INFO - Filling up the DagBag from /opt/anaconda3/envs/titanic/lib/python3.11/site-packages/airflow/example_dags/example_latest_only.py
[2025-03-24T16:58:45.820-1000] {processor.py:925} INFO - DAG(s) 'latest_only' retrieved from /opt/anaconda3/envs/titanic/lib/python3.11/site-packages/airflow/example_dags/example_latest_only.py
[2025-03-24T16:58:45.844-1000] {logging_mixin.py:190} INFO - [2025-03-24T16:58:45.844-1000] {dag.py:3239} INFO - Sync 1 DAGs
[2025-03-24T16:58:45.849-1000] {logging_mixin.py:190} INFO - [2025-03-24T16:58:45.849-1000] {dag.py:4180} INFO - Setting next_dagrun for latest_only to 2025-03-24 20:00:00+00:00, run_after=2025-03-25 00:00:00+00:00
[2025-03-24T16:58:45.853-1000] {processor.py:208} INFO - Processing /opt/anaconda3/envs/titanic/lib/python3.11/site-packages/airflow/example_dags/example_latest_only.py took 0.036 seconds
[2025-03-24T17:00:39.126-1000] {processor.py:186} INFO - Started process (PID=35788) to work on /opt/anaconda3/envs/titanic/lib/python3.11/site-packages/airflow/example_dags/example_latest_only.py
[2025-03-24T17:00:39.126-1000] {processor.py:914} INFO - Processing file /opt/anaconda3/envs/titanic/lib/python3.11/site-packages/airflow/example_dags/example_latest_only.py for tasks to queue
[2025-03-24T17:00:39.126-1000] {logging_mixin.py:190} INFO - [2025-03-24T17:00:39.126-1000] {dagbag.py:588} INFO - Filling up the DagBag from /opt/anaconda3/envs/titanic/lib/python3.11/site-packages/airflow/example_dags/example_latest_only.py
[2025-03-24T17:00:39.128-1000] {processor.py:925} INFO - DAG(s) 'latest_only' retrieved from /opt/anaconda3/envs/titanic/lib/python3.11/site-packages/airflow/example_dags/example_latest_only.py
[2025-03-24T17:00:39.153-1000] {logging_mixin.py:190} INFO - [2025-03-24T17:00:39.153-1000] {dag.py:3239} INFO - Sync 1 DAGs
[2025-03-24T17:00:39.158-1000] {logging_mixin.py:190} INFO - [2025-03-24T17:00:39.158-1000] {dag.py:4180} INFO - Setting next_dagrun for latest_only to 2025-03-24 20:00:00+00:00, run_after=2025-03-25 00:00:00+00:00
[2025-03-24T17:00:39.163-1000] {processor.py:208} INFO - Processing /opt/anaconda3/envs/titanic/lib/python3.11/site-packages/airflow/example_dags/example_latest_only.py took 0.038 seconds
[2025-03-24T17:02:38.527-1000] {processor.py:186} INFO - Started process (PID=36244) to work on /opt/anaconda3/envs/titanic/lib/python3.11/site-packages/airflow/example_dags/example_latest_only.py
[2025-03-24T17:02:38.528-1000] {processor.py:914} INFO - Processing file /opt/anaconda3/envs/titanic/lib/python3.11/site-packages/airflow/example_dags/example_latest_only.py for tasks to queue
[2025-03-24T17:02:38.528-1000] {logging_mixin.py:190} INFO - [2025-03-24T17:02:38.528-1000] {dagbag.py:588} INFO - Filling up the DagBag from /opt/anaconda3/envs/titanic/lib/python3.11/site-packages/airflow/example_dags/example_latest_only.py
[2025-03-24T17:02:38.530-1000] {processor.py:925} INFO - DAG(s) 'latest_only' retrieved from /opt/anaconda3/envs/titanic/lib/python3.11/site-packages/airflow/example_dags/example_latest_only.py
[2025-03-24T17:02:38.554-1000] {logging_mixin.py:190} INFO - [2025-03-24T17:02:38.554-1000] {dag.py:3239} INFO - Sync 1 DAGs
[2025-03-24T17:02:38.559-1000] {logging_mixin.py:190} INFO - [2025-03-24T17:02:38.559-1000] {dag.py:4180} INFO - Setting next_dagrun for latest_only to 2025-03-24 20:00:00+00:00, run_after=2025-03-25 00:00:00+00:00
[2025-03-24T17:02:38.564-1000] {processor.py:208} INFO - Processing /opt/anaconda3/envs/titanic/lib/python3.11/site-packages/airflow/example_dags/example_latest_only.py took 0.038 seconds
[2025-03-24T17:04:33.273-1000] {processor.py:186} INFO - Started process (PID=36669) to work on /opt/anaconda3/envs/titanic/lib/python3.11/site-packages/airflow/example_dags/example_latest_only.py
[2025-03-24T17:04:33.273-1000] {processor.py:914} INFO - Processing file /opt/anaconda3/envs/titanic/lib/python3.11/site-packages/airflow/example_dags/example_latest_only.py for tasks to queue
[2025-03-24T17:04:33.273-1000] {logging_mixin.py:190} INFO - [2025-03-24T17:04:33.273-1000] {dagbag.py:588} INFO - Filling up the DagBag from /opt/anaconda3/envs/titanic/lib/python3.11/site-packages/airflow/example_dags/example_latest_only.py
[2025-03-24T17:04:33.275-1000] {processor.py:925} INFO - DAG(s) 'latest_only' retrieved from /opt/anaconda3/envs/titanic/lib/python3.11/site-packages/airflow/example_dags/example_latest_only.py
[2025-03-24T17:04:33.299-1000] {logging_mixin.py:190} INFO - [2025-03-24T17:04:33.299-1000] {dag.py:3239} INFO - Sync 1 DAGs
[2025-03-24T17:04:33.303-1000] {logging_mixin.py:190} INFO - [2025-03-24T17:04:33.303-1000] {dag.py:4180} INFO - Setting next_dagrun for latest_only to 2025-03-24 20:00:00+00:00, run_after=2025-03-25 00:00:00+00:00
[2025-03-24T17:04:33.308-1000] {processor.py:208} INFO - Processing /opt/anaconda3/envs/titanic/lib/python3.11/site-packages/airflow/example_dags/example_latest_only.py took 0.037 seconds
[2025-03-24T17:06:23.714-1000] {processor.py:186} INFO - Started process (PID=37086) to work on /opt/anaconda3/envs/titanic/lib/python3.11/site-packages/airflow/example_dags/example_latest_only.py
[2025-03-24T17:06:23.714-1000] {processor.py:914} INFO - Processing file /opt/anaconda3/envs/titanic/lib/python3.11/site-packages/airflow/example_dags/example_latest_only.py for tasks to queue
[2025-03-24T17:06:23.714-1000] {logging_mixin.py:190} INFO - [2025-03-24T17:06:23.714-1000] {dagbag.py:588} INFO - Filling up the DagBag from /opt/anaconda3/envs/titanic/lib/python3.11/site-packages/airflow/example_dags/example_latest_only.py
[2025-03-24T17:06:23.716-1000] {processor.py:925} INFO - DAG(s) 'latest_only' retrieved from /opt/anaconda3/envs/titanic/lib/python3.11/site-packages/airflow/example_dags/example_latest_only.py
[2025-03-24T17:06:23.740-1000] {logging_mixin.py:190} INFO - [2025-03-24T17:06:23.740-1000] {dag.py:3239} INFO - Sync 1 DAGs
[2025-03-24T17:06:23.745-1000] {logging_mixin.py:190} INFO - [2025-03-24T17:06:23.745-1000] {dag.py:4180} INFO - Setting next_dagrun for latest_only to 2025-03-24 20:00:00+00:00, run_after=2025-03-25 00:00:00+00:00
[2025-03-24T17:06:23.749-1000] {processor.py:208} INFO - Processing /opt/anaconda3/envs/titanic/lib/python3.11/site-packages/airflow/example_dags/example_latest_only.py took 0.037 seconds
[2025-03-24T17:08:11.506-1000] {processor.py:186} INFO - Started process (PID=37529) to work on /opt/anaconda3/envs/titanic/lib/python3.11/site-packages/airflow/example_dags/example_latest_only.py
[2025-03-24T17:08:11.506-1000] {processor.py:914} INFO - Processing file /opt/anaconda3/envs/titanic/lib/python3.11/site-packages/airflow/example_dags/example_latest_only.py for tasks to queue
[2025-03-24T17:08:11.506-1000] {logging_mixin.py:190} INFO - [2025-03-24T17:08:11.506-1000] {dagbag.py:588} INFO - Filling up the DagBag from /opt/anaconda3/envs/titanic/lib/python3.11/site-packages/airflow/example_dags/example_latest_only.py
[2025-03-24T17:08:11.508-1000] {processor.py:925} INFO - DAG(s) 'latest_only' retrieved from /opt/anaconda3/envs/titanic/lib/python3.11/site-packages/airflow/example_dags/example_latest_only.py
[2025-03-24T17:08:11.532-1000] {logging_mixin.py:190} INFO - [2025-03-24T17:08:11.532-1000] {dag.py:3239} INFO - Sync 1 DAGs
[2025-03-24T17:08:11.537-1000] {logging_mixin.py:190} INFO - [2025-03-24T17:08:11.537-1000] {dag.py:4180} INFO - Setting next_dagrun for latest_only to 2025-03-24 20:00:00+00:00, run_after=2025-03-25 00:00:00+00:00
[2025-03-24T17:08:11.541-1000] {processor.py:208} INFO - Processing /opt/anaconda3/envs/titanic/lib/python3.11/site-packages/airflow/example_dags/example_latest_only.py took 0.036 seconds
[2025-03-24T17:10:03.351-1000] {processor.py:186} INFO - Started process (PID=37956) to work on /opt/anaconda3/envs/titanic/lib/python3.11/site-packages/airflow/example_dags/example_latest_only.py
[2025-03-24T17:10:03.351-1000] {processor.py:914} INFO - Processing file /opt/anaconda3/envs/titanic/lib/python3.11/site-packages/airflow/example_dags/example_latest_only.py for tasks to queue
[2025-03-24T17:10:03.351-1000] {logging_mixin.py:190} INFO - [2025-03-24T17:10:03.351-1000] {dagbag.py:588} INFO - Filling up the DagBag from /opt/anaconda3/envs/titanic/lib/python3.11/site-packages/airflow/example_dags/example_latest_only.py
[2025-03-24T17:10:03.353-1000] {processor.py:925} INFO - DAG(s) 'latest_only' retrieved from /opt/anaconda3/envs/titanic/lib/python3.11/site-packages/airflow/example_dags/example_latest_only.py
[2025-03-24T17:10:03.377-1000] {logging_mixin.py:190} INFO - [2025-03-24T17:10:03.377-1000] {dag.py:3239} INFO - Sync 1 DAGs
[2025-03-24T17:10:03.382-1000] {logging_mixin.py:190} INFO - [2025-03-24T17:10:03.382-1000] {dag.py:4180} INFO - Setting next_dagrun for latest_only to 2025-03-24 20:00:00+00:00, run_after=2025-03-25 00:00:00+00:00
[2025-03-24T17:10:03.386-1000] {processor.py:208} INFO - Processing /opt/anaconda3/envs/titanic/lib/python3.11/site-packages/airflow/example_dags/example_latest_only.py took 0.036 seconds
[2025-03-24T17:11:52.663-1000] {processor.py:186} INFO - Started process (PID=38374) to work on /opt/anaconda3/envs/titanic/lib/python3.11/site-packages/airflow/example_dags/example_latest_only.py
[2025-03-24T17:11:52.664-1000] {processor.py:914} INFO - Processing file /opt/anaconda3/envs/titanic/lib/python3.11/site-packages/airflow/example_dags/example_latest_only.py for tasks to queue
[2025-03-24T17:11:52.664-1000] {logging_mixin.py:190} INFO - [2025-03-24T17:11:52.664-1000] {dagbag.py:588} INFO - Filling up the DagBag from /opt/anaconda3/envs/titanic/lib/python3.11/site-packages/airflow/example_dags/example_latest_only.py
[2025-03-24T17:11:52.666-1000] {processor.py:925} INFO - DAG(s) 'latest_only' retrieved from /opt/anaconda3/envs/titanic/lib/python3.11/site-packages/airflow/example_dags/example_latest_only.py
[2025-03-24T17:11:52.689-1000] {logging_mixin.py:190} INFO - [2025-03-24T17:11:52.689-1000] {dag.py:3239} INFO - Sync 1 DAGs
[2025-03-24T17:11:52.694-1000] {logging_mixin.py:190} INFO - [2025-03-24T17:11:52.694-1000] {dag.py:4180} INFO - Setting next_dagrun for latest_only to 2025-03-24 20:00:00+00:00, run_after=2025-03-25 00:00:00+00:00
[2025-03-24T17:11:52.699-1000] {processor.py:208} INFO - Processing /opt/anaconda3/envs/titanic/lib/python3.11/site-packages/airflow/example_dags/example_latest_only.py took 0.036 seconds
[2025-03-24T17:13:39.862-1000] {processor.py:186} INFO - Started process (PID=38782) to work on /opt/anaconda3/envs/titanic/lib/python3.11/site-packages/airflow/example_dags/example_latest_only.py
[2025-03-24T17:13:39.862-1000] {processor.py:914} INFO - Processing file /opt/anaconda3/envs/titanic/lib/python3.11/site-packages/airflow/example_dags/example_latest_only.py for tasks to queue
[2025-03-24T17:13:39.863-1000] {logging_mixin.py:190} INFO - [2025-03-24T17:13:39.863-1000] {dagbag.py:588} INFO - Filling up the DagBag from /opt/anaconda3/envs/titanic/lib/python3.11/site-packages/airflow/example_dags/example_latest_only.py
[2025-03-24T17:13:39.864-1000] {processor.py:925} INFO - DAG(s) 'latest_only' retrieved from /opt/anaconda3/envs/titanic/lib/python3.11/site-packages/airflow/example_dags/example_latest_only.py
[2025-03-24T17:13:39.888-1000] {logging_mixin.py:190} INFO - [2025-03-24T17:13:39.888-1000] {dag.py:3239} INFO - Sync 1 DAGs
[2025-03-24T17:13:39.893-1000] {logging_mixin.py:190} INFO - [2025-03-24T17:13:39.893-1000] {dag.py:4180} INFO - Setting next_dagrun for latest_only to 2025-03-24 20:00:00+00:00, run_after=2025-03-25 00:00:00+00:00
[2025-03-24T17:13:39.898-1000] {processor.py:208} INFO - Processing /opt/anaconda3/envs/titanic/lib/python3.11/site-packages/airflow/example_dags/example_latest_only.py took 0.036 seconds
[2025-03-24T17:15:28.668-1000] {processor.py:186} INFO - Started process (PID=39195) to work on /opt/anaconda3/envs/titanic/lib/python3.11/site-packages/airflow/example_dags/example_latest_only.py
[2025-03-24T17:15:28.669-1000] {processor.py:914} INFO - Processing file /opt/anaconda3/envs/titanic/lib/python3.11/site-packages/airflow/example_dags/example_latest_only.py for tasks to queue
[2025-03-24T17:15:28.669-1000] {logging_mixin.py:190} INFO - [2025-03-24T17:15:28.669-1000] {dagbag.py:588} INFO - Filling up the DagBag from /opt/anaconda3/envs/titanic/lib/python3.11/site-packages/airflow/example_dags/example_latest_only.py
[2025-03-24T17:15:28.671-1000] {processor.py:925} INFO - DAG(s) 'latest_only' retrieved from /opt/anaconda3/envs/titanic/lib/python3.11/site-packages/airflow/example_dags/example_latest_only.py
[2025-03-24T17:15:28.694-1000] {logging_mixin.py:190} INFO - [2025-03-24T17:15:28.694-1000] {dag.py:3239} INFO - Sync 1 DAGs
[2025-03-24T17:15:28.699-1000] {logging_mixin.py:190} INFO - [2025-03-24T17:15:28.699-1000] {dag.py:4180} INFO - Setting next_dagrun for latest_only to 2025-03-24 20:00:00+00:00, run_after=2025-03-25 00:00:00+00:00
[2025-03-24T17:15:28.704-1000] {processor.py:208} INFO - Processing /opt/anaconda3/envs/titanic/lib/python3.11/site-packages/airflow/example_dags/example_latest_only.py took 0.036 seconds
[2025-03-24T17:17:19.249-1000] {processor.py:186} INFO - Started process (PID=39612) to work on /opt/anaconda3/envs/titanic/lib/python3.11/site-packages/airflow/example_dags/example_latest_only.py
[2025-03-24T17:17:19.249-1000] {processor.py:914} INFO - Processing file /opt/anaconda3/envs/titanic/lib/python3.11/site-packages/airflow/example_dags/example_latest_only.py for tasks to queue
[2025-03-24T17:17:19.249-1000] {logging_mixin.py:190} INFO - [2025-03-24T17:17:19.249-1000] {dagbag.py:588} INFO - Filling up the DagBag from /opt/anaconda3/envs/titanic/lib/python3.11/site-packages/airflow/example_dags/example_latest_only.py
[2025-03-24T17:17:19.251-1000] {processor.py:925} INFO - DAG(s) 'latest_only' retrieved from /opt/anaconda3/envs/titanic/lib/python3.11/site-packages/airflow/example_dags/example_latest_only.py
[2025-03-24T17:17:19.275-1000] {logging_mixin.py:190} INFO - [2025-03-24T17:17:19.274-1000] {dag.py:3239} INFO - Sync 1 DAGs
[2025-03-24T17:17:19.279-1000] {logging_mixin.py:190} INFO - [2025-03-24T17:17:19.279-1000] {dag.py:4180} INFO - Setting next_dagrun for latest_only to 2025-03-24 20:00:00+00:00, run_after=2025-03-25 00:00:00+00:00
[2025-03-24T17:17:19.284-1000] {processor.py:208} INFO - Processing /opt/anaconda3/envs/titanic/lib/python3.11/site-packages/airflow/example_dags/example_latest_only.py took 0.036 seconds
[2025-03-24T17:19:07.627-1000] {processor.py:186} INFO - Started process (PID=40042) to work on /opt/anaconda3/envs/titanic/lib/python3.11/site-packages/airflow/example_dags/example_latest_only.py
[2025-03-24T17:19:07.628-1000] {processor.py:914} INFO - Processing file /opt/anaconda3/envs/titanic/lib/python3.11/site-packages/airflow/example_dags/example_latest_only.py for tasks to queue
[2025-03-24T17:19:07.628-1000] {logging_mixin.py:190} INFO - [2025-03-24T17:19:07.628-1000] {dagbag.py:588} INFO - Filling up the DagBag from /opt/anaconda3/envs/titanic/lib/python3.11/site-packages/airflow/example_dags/example_latest_only.py
[2025-03-24T17:19:07.630-1000] {processor.py:925} INFO - DAG(s) 'latest_only' retrieved from /opt/anaconda3/envs/titanic/lib/python3.11/site-packages/airflow/example_dags/example_latest_only.py
[2025-03-24T17:19:07.654-1000] {logging_mixin.py:190} INFO - [2025-03-24T17:19:07.654-1000] {dag.py:3239} INFO - Sync 1 DAGs
[2025-03-24T17:19:07.658-1000] {logging_mixin.py:190} INFO - [2025-03-24T17:19:07.658-1000] {dag.py:4180} INFO - Setting next_dagrun for latest_only to 2025-03-24 20:00:00+00:00, run_after=2025-03-25 00:00:00+00:00
[2025-03-24T17:19:07.663-1000] {processor.py:208} INFO - Processing /opt/anaconda3/envs/titanic/lib/python3.11/site-packages/airflow/example_dags/example_latest_only.py took 0.037 seconds
[2025-03-24T17:21:00.955-1000] {processor.py:186} INFO - Started process (PID=40484) to work on /opt/anaconda3/envs/titanic/lib/python3.11/site-packages/airflow/example_dags/example_latest_only.py
[2025-03-24T17:21:00.956-1000] {processor.py:914} INFO - Processing file /opt/anaconda3/envs/titanic/lib/python3.11/site-packages/airflow/example_dags/example_latest_only.py for tasks to queue
[2025-03-24T17:21:00.957-1000] {logging_mixin.py:190} INFO - [2025-03-24T17:21:00.956-1000] {dagbag.py:588} INFO - Filling up the DagBag from /opt/anaconda3/envs/titanic/lib/python3.11/site-packages/airflow/example_dags/example_latest_only.py
[2025-03-24T17:21:00.959-1000] {processor.py:925} INFO - DAG(s) 'latest_only' retrieved from /opt/anaconda3/envs/titanic/lib/python3.11/site-packages/airflow/example_dags/example_latest_only.py
[2025-03-24T17:21:00.982-1000] {logging_mixin.py:190} INFO - [2025-03-24T17:21:00.982-1000] {dag.py:3239} INFO - Sync 1 DAGs
[2025-03-24T17:21:00.987-1000] {logging_mixin.py:190} INFO - [2025-03-24T17:21:00.987-1000] {dag.py:4180} INFO - Setting next_dagrun for latest_only to 2025-03-24 20:00:00+00:00, run_after=2025-03-25 00:00:00+00:00
[2025-03-24T17:21:00.991-1000] {processor.py:208} INFO - Processing /opt/anaconda3/envs/titanic/lib/python3.11/site-packages/airflow/example_dags/example_latest_only.py took 0.037 seconds
[2025-03-24T17:22:52.297-1000] {processor.py:186} INFO - Started process (PID=40933) to work on /opt/anaconda3/envs/titanic/lib/python3.11/site-packages/airflow/example_dags/example_latest_only.py
[2025-03-24T17:22:52.298-1000] {processor.py:914} INFO - Processing file /opt/anaconda3/envs/titanic/lib/python3.11/site-packages/airflow/example_dags/example_latest_only.py for tasks to queue
[2025-03-24T17:22:52.299-1000] {logging_mixin.py:190} INFO - [2025-03-24T17:22:52.299-1000] {dagbag.py:588} INFO - Filling up the DagBag from /opt/anaconda3/envs/titanic/lib/python3.11/site-packages/airflow/example_dags/example_latest_only.py
[2025-03-24T17:22:52.301-1000] {processor.py:925} INFO - DAG(s) 'latest_only' retrieved from /opt/anaconda3/envs/titanic/lib/python3.11/site-packages/airflow/example_dags/example_latest_only.py
[2025-03-24T17:22:52.325-1000] {logging_mixin.py:190} INFO - [2025-03-24T17:22:52.324-1000] {dag.py:3239} INFO - Sync 1 DAGs
[2025-03-24T17:22:52.329-1000] {logging_mixin.py:190} INFO - [2025-03-24T17:22:52.329-1000] {dag.py:4180} INFO - Setting next_dagrun for latest_only to 2025-03-24 20:00:00+00:00, run_after=2025-03-25 00:00:00+00:00
[2025-03-24T17:22:52.334-1000] {processor.py:208} INFO - Processing /opt/anaconda3/envs/titanic/lib/python3.11/site-packages/airflow/example_dags/example_latest_only.py took 0.038 seconds
[2025-03-24T17:24:44.794-1000] {processor.py:186} INFO - Started process (PID=41358) to work on /opt/anaconda3/envs/titanic/lib/python3.11/site-packages/airflow/example_dags/example_latest_only.py
[2025-03-24T17:24:44.795-1000] {processor.py:914} INFO - Processing file /opt/anaconda3/envs/titanic/lib/python3.11/site-packages/airflow/example_dags/example_latest_only.py for tasks to queue
[2025-03-24T17:24:44.795-1000] {logging_mixin.py:190} INFO - [2025-03-24T17:24:44.795-1000] {dagbag.py:588} INFO - Filling up the DagBag from /opt/anaconda3/envs/titanic/lib/python3.11/site-packages/airflow/example_dags/example_latest_only.py
[2025-03-24T17:24:44.797-1000] {processor.py:925} INFO - DAG(s) 'latest_only' retrieved from /opt/anaconda3/envs/titanic/lib/python3.11/site-packages/airflow/example_dags/example_latest_only.py
[2025-03-24T17:24:44.822-1000] {logging_mixin.py:190} INFO - [2025-03-24T17:24:44.821-1000] {dag.py:3239} INFO - Sync 1 DAGs
[2025-03-24T17:24:44.826-1000] {logging_mixin.py:190} INFO - [2025-03-24T17:24:44.826-1000] {dag.py:4180} INFO - Setting next_dagrun for latest_only to 2025-03-24 20:00:00+00:00, run_after=2025-03-25 00:00:00+00:00
[2025-03-24T17:24:44.831-1000] {processor.py:208} INFO - Processing /opt/anaconda3/envs/titanic/lib/python3.11/site-packages/airflow/example_dags/example_latest_only.py took 0.038 seconds
[2025-03-24T17:26:44.532-1000] {processor.py:186} INFO - Started process (PID=41890) to work on /opt/anaconda3/envs/titanic/lib/python3.11/site-packages/airflow/example_dags/example_latest_only.py
[2025-03-24T17:26:44.533-1000] {processor.py:914} INFO - Processing file /opt/anaconda3/envs/titanic/lib/python3.11/site-packages/airflow/example_dags/example_latest_only.py for tasks to queue
[2025-03-24T17:26:44.534-1000] {logging_mixin.py:190} INFO - [2025-03-24T17:26:44.534-1000] {dagbag.py:588} INFO - Filling up the DagBag from /opt/anaconda3/envs/titanic/lib/python3.11/site-packages/airflow/example_dags/example_latest_only.py
[2025-03-24T17:26:44.536-1000] {processor.py:925} INFO - DAG(s) 'latest_only' retrieved from /opt/anaconda3/envs/titanic/lib/python3.11/site-packages/airflow/example_dags/example_latest_only.py
[2025-03-24T17:26:44.561-1000] {logging_mixin.py:190} INFO - [2025-03-24T17:26:44.561-1000] {dag.py:3239} INFO - Sync 1 DAGs
[2025-03-24T17:26:44.566-1000] {logging_mixin.py:190} INFO - [2025-03-24T17:26:44.566-1000] {dag.py:4180} INFO - Setting next_dagrun for latest_only to 2025-03-24 20:00:00+00:00, run_after=2025-03-25 00:00:00+00:00
[2025-03-24T17:26:44.571-1000] {processor.py:208} INFO - Processing /opt/anaconda3/envs/titanic/lib/python3.11/site-packages/airflow/example_dags/example_latest_only.py took 0.039 seconds
[2025-03-24T17:28:39.695-1000] {processor.py:186} INFO - Started process (PID=42373) to work on /opt/anaconda3/envs/titanic/lib/python3.11/site-packages/airflow/example_dags/example_latest_only.py
[2025-03-24T17:28:39.696-1000] {processor.py:914} INFO - Processing file /opt/anaconda3/envs/titanic/lib/python3.11/site-packages/airflow/example_dags/example_latest_only.py for tasks to queue
[2025-03-24T17:28:39.696-1000] {logging_mixin.py:190} INFO - [2025-03-24T17:28:39.696-1000] {dagbag.py:588} INFO - Filling up the DagBag from /opt/anaconda3/envs/titanic/lib/python3.11/site-packages/airflow/example_dags/example_latest_only.py
[2025-03-24T17:28:39.698-1000] {processor.py:925} INFO - DAG(s) 'latest_only' retrieved from /opt/anaconda3/envs/titanic/lib/python3.11/site-packages/airflow/example_dags/example_latest_only.py
[2025-03-24T17:28:39.722-1000] {logging_mixin.py:190} INFO - [2025-03-24T17:28:39.721-1000] {dag.py:3239} INFO - Sync 1 DAGs
[2025-03-24T17:28:39.726-1000] {logging_mixin.py:190} INFO - [2025-03-24T17:28:39.726-1000] {dag.py:4180} INFO - Setting next_dagrun for latest_only to 2025-03-24 20:00:00+00:00, run_after=2025-03-25 00:00:00+00:00
[2025-03-24T17:28:39.731-1000] {processor.py:208} INFO - Processing /opt/anaconda3/envs/titanic/lib/python3.11/site-packages/airflow/example_dags/example_latest_only.py took 0.037 seconds
[2025-03-24T17:30:32.584-1000] {processor.py:186} INFO - Started process (PID=42833) to work on /opt/anaconda3/envs/titanic/lib/python3.11/site-packages/airflow/example_dags/example_latest_only.py
[2025-03-24T17:30:32.585-1000] {processor.py:914} INFO - Processing file /opt/anaconda3/envs/titanic/lib/python3.11/site-packages/airflow/example_dags/example_latest_only.py for tasks to queue
[2025-03-24T17:30:32.585-1000] {logging_mixin.py:190} INFO - [2025-03-24T17:30:32.585-1000] {dagbag.py:588} INFO - Filling up the DagBag from /opt/anaconda3/envs/titanic/lib/python3.11/site-packages/airflow/example_dags/example_latest_only.py
[2025-03-24T17:30:32.587-1000] {processor.py:925} INFO - DAG(s) 'latest_only' retrieved from /opt/anaconda3/envs/titanic/lib/python3.11/site-packages/airflow/example_dags/example_latest_only.py
[2025-03-24T17:30:32.611-1000] {logging_mixin.py:190} INFO - [2025-03-24T17:30:32.611-1000] {dag.py:3239} INFO - Sync 1 DAGs
[2025-03-24T17:30:32.615-1000] {logging_mixin.py:190} INFO - [2025-03-24T17:30:32.615-1000] {dag.py:4180} INFO - Setting next_dagrun for latest_only to 2025-03-24 20:00:00+00:00, run_after=2025-03-25 00:00:00+00:00
[2025-03-24T17:30:32.620-1000] {processor.py:208} INFO - Processing /opt/anaconda3/envs/titanic/lib/python3.11/site-packages/airflow/example_dags/example_latest_only.py took 0.037 seconds
[2025-03-24T17:32:35.938-1000] {processor.py:186} INFO - Started process (PID=43364) to work on /opt/anaconda3/envs/titanic/lib/python3.11/site-packages/airflow/example_dags/example_latest_only.py
[2025-03-24T17:32:35.939-1000] {processor.py:914} INFO - Processing file /opt/anaconda3/envs/titanic/lib/python3.11/site-packages/airflow/example_dags/example_latest_only.py for tasks to queue
[2025-03-24T17:32:35.939-1000] {logging_mixin.py:190} INFO - [2025-03-24T17:32:35.939-1000] {dagbag.py:588} INFO - Filling up the DagBag from /opt/anaconda3/envs/titanic/lib/python3.11/site-packages/airflow/example_dags/example_latest_only.py
[2025-03-24T17:32:35.941-1000] {processor.py:925} INFO - DAG(s) 'latest_only' retrieved from /opt/anaconda3/envs/titanic/lib/python3.11/site-packages/airflow/example_dags/example_latest_only.py
[2025-03-24T17:32:35.966-1000] {logging_mixin.py:190} INFO - [2025-03-24T17:32:35.965-1000] {dag.py:3239} INFO - Sync 1 DAGs
[2025-03-24T17:32:35.970-1000] {logging_mixin.py:190} INFO - [2025-03-24T17:32:35.970-1000] {dag.py:4180} INFO - Setting next_dagrun for latest_only to 2025-03-24 20:00:00+00:00, run_after=2025-03-25 00:00:00+00:00
[2025-03-24T17:32:35.975-1000] {processor.py:208} INFO - Processing /opt/anaconda3/envs/titanic/lib/python3.11/site-packages/airflow/example_dags/example_latest_only.py took 0.038 seconds
