[2025-03-24T15:51:32.562-1000] {processor.py:186} INFO - Started process (PID=19162) to work on /opt/anaconda3/envs/titanic/lib/python3.11/site-packages/airflow/example_dags/example_latest_only_with_trigger.py
[2025-03-24T15:51:32.562-1000] {processor.py:914} INFO - Processing file /opt/anaconda3/envs/titanic/lib/python3.11/site-packages/airflow/example_dags/example_latest_only_with_trigger.py for tasks to queue
[2025-03-24T15:51:32.562-1000] {logging_mixin.py:190} INFO - [2025-03-24T15:51:32.562-1000] {dagbag.py:588} INFO - Filling up the DagBag from /opt/anaconda3/envs/titanic/lib/python3.11/site-packages/airflow/example_dags/example_latest_only_with_trigger.py
[2025-03-24T15:51:32.566-1000] {processor.py:925} INFO - DAG(s) 'latest_only_with_trigger' retrieved from /opt/anaconda3/envs/titanic/lib/python3.11/site-packages/airflow/example_dags/example_latest_only_with_trigger.py
[2025-03-24T15:51:32.593-1000] {logging_mixin.py:190} INFO - [2025-03-24T15:51:32.593-1000] {dag.py:3239} INFO - Sync 1 DAGs
[2025-03-24T15:51:32.598-1000] {logging_mixin.py:190} INFO - [2025-03-24T15:51:32.598-1000] {dag.py:4180} INFO - Setting next_dagrun for latest_only_with_trigger to 2025-03-24 20:00:00+00:00, run_after=2025-03-25 00:00:00+00:00
[2025-03-24T15:51:32.603-1000] {processor.py:208} INFO - Processing /opt/anaconda3/envs/titanic/lib/python3.11/site-packages/airflow/example_dags/example_latest_only_with_trigger.py took 0.067 seconds
[2025-03-24T15:53:07.245-1000] {processor.py:186} INFO - Started process (PID=20017) to work on /opt/anaconda3/envs/titanic/lib/python3.11/site-packages/airflow/example_dags/example_latest_only_with_trigger.py
[2025-03-24T15:53:07.246-1000] {processor.py:914} INFO - Processing file /opt/anaconda3/envs/titanic/lib/python3.11/site-packages/airflow/example_dags/example_latest_only_with_trigger.py for tasks to queue
[2025-03-24T15:53:07.247-1000] {logging_mixin.py:190} INFO - [2025-03-24T15:53:07.247-1000] {dagbag.py:588} INFO - Filling up the DagBag from /opt/anaconda3/envs/titanic/lib/python3.11/site-packages/airflow/example_dags/example_latest_only_with_trigger.py
[2025-03-24T15:53:07.249-1000] {processor.py:925} INFO - DAG(s) 'latest_only_with_trigger' retrieved from /opt/anaconda3/envs/titanic/lib/python3.11/site-packages/airflow/example_dags/example_latest_only_with_trigger.py
[2025-03-24T15:53:07.276-1000] {logging_mixin.py:190} INFO - [2025-03-24T15:53:07.275-1000] {dag.py:3239} INFO - Sync 1 DAGs
[2025-03-24T15:53:07.280-1000] {logging_mixin.py:190} INFO - [2025-03-24T15:53:07.280-1000] {dag.py:4180} INFO - Setting next_dagrun for latest_only_with_trigger to 2025-03-24 20:00:00+00:00, run_after=2025-03-25 00:00:00+00:00
[2025-03-24T15:53:07.286-1000] {processor.py:208} INFO - Processing /opt/anaconda3/envs/titanic/lib/python3.11/site-packages/airflow/example_dags/example_latest_only_with_trigger.py took 0.066 seconds
[2025-03-24T15:54:59.309-1000] {processor.py:186} INFO - Started process (PID=20465) to work on /opt/anaconda3/envs/titanic/lib/python3.11/site-packages/airflow/example_dags/example_latest_only_with_trigger.py
[2025-03-24T15:54:59.310-1000] {processor.py:914} INFO - Processing file /opt/anaconda3/envs/titanic/lib/python3.11/site-packages/airflow/example_dags/example_latest_only_with_trigger.py for tasks to queue
[2025-03-24T15:54:59.310-1000] {logging_mixin.py:190} INFO - [2025-03-24T15:54:59.310-1000] {dagbag.py:588} INFO - Filling up the DagBag from /opt/anaconda3/envs/titanic/lib/python3.11/site-packages/airflow/example_dags/example_latest_only_with_trigger.py
[2025-03-24T15:54:59.312-1000] {processor.py:925} INFO - DAG(s) 'latest_only_with_trigger' retrieved from /opt/anaconda3/envs/titanic/lib/python3.11/site-packages/airflow/example_dags/example_latest_only_with_trigger.py
[2025-03-24T15:54:59.338-1000] {logging_mixin.py:190} INFO - [2025-03-24T15:54:59.338-1000] {dag.py:3239} INFO - Sync 1 DAGs
[2025-03-24T15:54:59.342-1000] {logging_mixin.py:190} INFO - [2025-03-24T15:54:59.342-1000] {dag.py:4180} INFO - Setting next_dagrun for latest_only_with_trigger to 2025-03-24 20:00:00+00:00, run_after=2025-03-25 00:00:00+00:00
[2025-03-24T15:54:59.347-1000] {processor.py:208} INFO - Processing /opt/anaconda3/envs/titanic/lib/python3.11/site-packages/airflow/example_dags/example_latest_only_with_trigger.py took 0.057 seconds
[2025-03-24T15:56:48.575-1000] {processor.py:186} INFO - Started process (PID=20888) to work on /opt/anaconda3/envs/titanic/lib/python3.11/site-packages/airflow/example_dags/example_latest_only_with_trigger.py
[2025-03-24T15:56:48.576-1000] {processor.py:914} INFO - Processing file /opt/anaconda3/envs/titanic/lib/python3.11/site-packages/airflow/example_dags/example_latest_only_with_trigger.py for tasks to queue
[2025-03-24T15:56:48.576-1000] {logging_mixin.py:190} INFO - [2025-03-24T15:56:48.576-1000] {dagbag.py:588} INFO - Filling up the DagBag from /opt/anaconda3/envs/titanic/lib/python3.11/site-packages/airflow/example_dags/example_latest_only_with_trigger.py
[2025-03-24T15:56:48.578-1000] {processor.py:925} INFO - DAG(s) 'latest_only_with_trigger' retrieved from /opt/anaconda3/envs/titanic/lib/python3.11/site-packages/airflow/example_dags/example_latest_only_with_trigger.py
[2025-03-24T15:56:48.603-1000] {logging_mixin.py:190} INFO - [2025-03-24T15:56:48.603-1000] {dag.py:3239} INFO - Sync 1 DAGs
[2025-03-24T15:56:48.608-1000] {logging_mixin.py:190} INFO - [2025-03-24T15:56:48.608-1000] {dag.py:4180} INFO - Setting next_dagrun for latest_only_with_trigger to 2025-03-24 20:00:00+00:00, run_after=2025-03-25 00:00:00+00:00
[2025-03-24T15:56:48.613-1000] {processor.py:208} INFO - Processing /opt/anaconda3/envs/titanic/lib/python3.11/site-packages/airflow/example_dags/example_latest_only_with_trigger.py took 0.057 seconds
[2025-03-24T15:58:35.838-1000] {processor.py:186} INFO - Started process (PID=21305) to work on /opt/anaconda3/envs/titanic/lib/python3.11/site-packages/airflow/example_dags/example_latest_only_with_trigger.py
[2025-03-24T15:58:35.839-1000] {processor.py:914} INFO - Processing file /opt/anaconda3/envs/titanic/lib/python3.11/site-packages/airflow/example_dags/example_latest_only_with_trigger.py for tasks to queue
[2025-03-24T15:58:35.839-1000] {logging_mixin.py:190} INFO - [2025-03-24T15:58:35.839-1000] {dagbag.py:588} INFO - Filling up the DagBag from /opt/anaconda3/envs/titanic/lib/python3.11/site-packages/airflow/example_dags/example_latest_only_with_trigger.py
[2025-03-24T15:58:35.842-1000] {processor.py:925} INFO - DAG(s) 'latest_only_with_trigger' retrieved from /opt/anaconda3/envs/titanic/lib/python3.11/site-packages/airflow/example_dags/example_latest_only_with_trigger.py
[2025-03-24T15:58:35.866-1000] {logging_mixin.py:190} INFO - [2025-03-24T15:58:35.866-1000] {dag.py:3239} INFO - Sync 1 DAGs
[2025-03-24T15:58:35.871-1000] {logging_mixin.py:190} INFO - [2025-03-24T15:58:35.871-1000] {dag.py:4180} INFO - Setting next_dagrun for latest_only_with_trigger to 2025-03-24 20:00:00+00:00, run_after=2025-03-25 00:00:00+00:00
[2025-03-24T15:58:35.876-1000] {processor.py:208} INFO - Processing /opt/anaconda3/envs/titanic/lib/python3.11/site-packages/airflow/example_dags/example_latest_only_with_trigger.py took 0.057 seconds
[2025-03-24T16:00:25.492-1000] {processor.py:186} INFO - Started process (PID=21743) to work on /opt/anaconda3/envs/titanic/lib/python3.11/site-packages/airflow/example_dags/example_latest_only_with_trigger.py
[2025-03-24T16:00:25.493-1000] {processor.py:914} INFO - Processing file /opt/anaconda3/envs/titanic/lib/python3.11/site-packages/airflow/example_dags/example_latest_only_with_trigger.py for tasks to queue
[2025-03-24T16:00:25.494-1000] {logging_mixin.py:190} INFO - [2025-03-24T16:00:25.494-1000] {dagbag.py:588} INFO - Filling up the DagBag from /opt/anaconda3/envs/titanic/lib/python3.11/site-packages/airflow/example_dags/example_latest_only_with_trigger.py
[2025-03-24T16:00:25.496-1000] {processor.py:925} INFO - DAG(s) 'latest_only_with_trigger' retrieved from /opt/anaconda3/envs/titanic/lib/python3.11/site-packages/airflow/example_dags/example_latest_only_with_trigger.py
[2025-03-24T16:00:25.521-1000] {logging_mixin.py:190} INFO - [2025-03-24T16:00:25.521-1000] {dag.py:3239} INFO - Sync 1 DAGs
[2025-03-24T16:00:25.525-1000] {logging_mixin.py:190} INFO - [2025-03-24T16:00:25.525-1000] {dag.py:4180} INFO - Setting next_dagrun for latest_only_with_trigger to 2025-03-24 20:00:00+00:00, run_after=2025-03-25 00:00:00+00:00
[2025-03-24T16:00:25.530-1000] {processor.py:208} INFO - Processing /opt/anaconda3/envs/titanic/lib/python3.11/site-packages/airflow/example_dags/example_latest_only_with_trigger.py took 0.057 seconds
[2025-03-24T16:02:35.054-1000] {processor.py:186} INFO - Started process (PID=22218) to work on /opt/anaconda3/envs/titanic/lib/python3.11/site-packages/airflow/example_dags/example_latest_only_with_trigger.py
[2025-03-24T16:02:35.055-1000] {processor.py:914} INFO - Processing file /opt/anaconda3/envs/titanic/lib/python3.11/site-packages/airflow/example_dags/example_latest_only_with_trigger.py for tasks to queue
[2025-03-24T16:02:35.055-1000] {logging_mixin.py:190} INFO - [2025-03-24T16:02:35.055-1000] {dagbag.py:588} INFO - Filling up the DagBag from /opt/anaconda3/envs/titanic/lib/python3.11/site-packages/airflow/example_dags/example_latest_only_with_trigger.py
[2025-03-24T16:02:35.057-1000] {processor.py:925} INFO - DAG(s) 'latest_only_with_trigger' retrieved from /opt/anaconda3/envs/titanic/lib/python3.11/site-packages/airflow/example_dags/example_latest_only_with_trigger.py
[2025-03-24T16:02:35.082-1000] {logging_mixin.py:190} INFO - [2025-03-24T16:02:35.081-1000] {dag.py:3239} INFO - Sync 1 DAGs
[2025-03-24T16:02:35.086-1000] {logging_mixin.py:190} INFO - [2025-03-24T16:02:35.086-1000] {dag.py:4180} INFO - Setting next_dagrun for latest_only_with_trigger to 2025-03-24 20:00:00+00:00, run_after=2025-03-25 00:00:00+00:00
[2025-03-24T16:02:35.091-1000] {processor.py:208} INFO - Processing /opt/anaconda3/envs/titanic/lib/python3.11/site-packages/airflow/example_dags/example_latest_only_with_trigger.py took 0.056 seconds
[2025-03-24T16:04:24.174-1000] {processor.py:186} INFO - Started process (PID=22626) to work on /opt/anaconda3/envs/titanic/lib/python3.11/site-packages/airflow/example_dags/example_latest_only_with_trigger.py
[2025-03-24T16:04:24.174-1000] {processor.py:914} INFO - Processing file /opt/anaconda3/envs/titanic/lib/python3.11/site-packages/airflow/example_dags/example_latest_only_with_trigger.py for tasks to queue
[2025-03-24T16:04:24.174-1000] {logging_mixin.py:190} INFO - [2025-03-24T16:04:24.174-1000] {dagbag.py:588} INFO - Filling up the DagBag from /opt/anaconda3/envs/titanic/lib/python3.11/site-packages/airflow/example_dags/example_latest_only_with_trigger.py
[2025-03-24T16:04:24.176-1000] {processor.py:925} INFO - DAG(s) 'latest_only_with_trigger' retrieved from /opt/anaconda3/envs/titanic/lib/python3.11/site-packages/airflow/example_dags/example_latest_only_with_trigger.py
[2025-03-24T16:04:24.201-1000] {logging_mixin.py:190} INFO - [2025-03-24T16:04:24.201-1000] {dag.py:3239} INFO - Sync 1 DAGs
[2025-03-24T16:04:24.205-1000] {logging_mixin.py:190} INFO - [2025-03-24T16:04:24.205-1000] {dag.py:4180} INFO - Setting next_dagrun for latest_only_with_trigger to 2025-03-24 20:00:00+00:00, run_after=2025-03-25 00:00:00+00:00
[2025-03-24T16:04:24.210-1000] {processor.py:208} INFO - Processing /opt/anaconda3/envs/titanic/lib/python3.11/site-packages/airflow/example_dags/example_latest_only_with_trigger.py took 0.056 seconds
[2025-03-24T16:06:08.371-1000] {processor.py:186} INFO - Started process (PID=23025) to work on /opt/anaconda3/envs/titanic/lib/python3.11/site-packages/airflow/example_dags/example_latest_only_with_trigger.py
[2025-03-24T16:06:08.372-1000] {processor.py:914} INFO - Processing file /opt/anaconda3/envs/titanic/lib/python3.11/site-packages/airflow/example_dags/example_latest_only_with_trigger.py for tasks to queue
[2025-03-24T16:06:08.372-1000] {logging_mixin.py:190} INFO - [2025-03-24T16:06:08.372-1000] {dagbag.py:588} INFO - Filling up the DagBag from /opt/anaconda3/envs/titanic/lib/python3.11/site-packages/airflow/example_dags/example_latest_only_with_trigger.py
[2025-03-24T16:06:08.374-1000] {processor.py:925} INFO - DAG(s) 'latest_only_with_trigger' retrieved from /opt/anaconda3/envs/titanic/lib/python3.11/site-packages/airflow/example_dags/example_latest_only_with_trigger.py
[2025-03-24T16:06:08.398-1000] {logging_mixin.py:190} INFO - [2025-03-24T16:06:08.398-1000] {dag.py:3239} INFO - Sync 1 DAGs
[2025-03-24T16:06:08.403-1000] {logging_mixin.py:190} INFO - [2025-03-24T16:06:08.403-1000] {dag.py:4180} INFO - Setting next_dagrun for latest_only_with_trigger to 2025-03-24 20:00:00+00:00, run_after=2025-03-25 00:00:00+00:00
[2025-03-24T16:06:08.407-1000] {processor.py:208} INFO - Processing /opt/anaconda3/envs/titanic/lib/python3.11/site-packages/airflow/example_dags/example_latest_only_with_trigger.py took 0.056 seconds
[2025-03-24T16:07:58.315-1000] {processor.py:186} INFO - Started process (PID=23473) to work on /opt/anaconda3/envs/titanic/lib/python3.11/site-packages/airflow/example_dags/example_latest_only_with_trigger.py
[2025-03-24T16:07:58.316-1000] {processor.py:914} INFO - Processing file /opt/anaconda3/envs/titanic/lib/python3.11/site-packages/airflow/example_dags/example_latest_only_with_trigger.py for tasks to queue
[2025-03-24T16:07:58.316-1000] {logging_mixin.py:190} INFO - [2025-03-24T16:07:58.316-1000] {dagbag.py:588} INFO - Filling up the DagBag from /opt/anaconda3/envs/titanic/lib/python3.11/site-packages/airflow/example_dags/example_latest_only_with_trigger.py
[2025-03-24T16:07:58.318-1000] {processor.py:925} INFO - DAG(s) 'latest_only_with_trigger' retrieved from /opt/anaconda3/envs/titanic/lib/python3.11/site-packages/airflow/example_dags/example_latest_only_with_trigger.py
[2025-03-24T16:07:58.342-1000] {logging_mixin.py:190} INFO - [2025-03-24T16:07:58.342-1000] {dag.py:3239} INFO - Sync 1 DAGs
[2025-03-24T16:07:58.347-1000] {logging_mixin.py:190} INFO - [2025-03-24T16:07:58.347-1000] {dag.py:4180} INFO - Setting next_dagrun for latest_only_with_trigger to 2025-03-24 20:00:00+00:00, run_after=2025-03-25 00:00:00+00:00
[2025-03-24T16:07:58.351-1000] {processor.py:208} INFO - Processing /opt/anaconda3/envs/titanic/lib/python3.11/site-packages/airflow/example_dags/example_latest_only_with_trigger.py took 0.056 seconds
[2025-03-24T16:09:52.003-1000] {processor.py:186} INFO - Started process (PID=23902) to work on /opt/anaconda3/envs/titanic/lib/python3.11/site-packages/airflow/example_dags/example_latest_only_with_trigger.py
[2025-03-24T16:09:52.003-1000] {processor.py:914} INFO - Processing file /opt/anaconda3/envs/titanic/lib/python3.11/site-packages/airflow/example_dags/example_latest_only_with_trigger.py for tasks to queue
[2025-03-24T16:09:52.003-1000] {logging_mixin.py:190} INFO - [2025-03-24T16:09:52.003-1000] {dagbag.py:588} INFO - Filling up the DagBag from /opt/anaconda3/envs/titanic/lib/python3.11/site-packages/airflow/example_dags/example_latest_only_with_trigger.py
[2025-03-24T16:09:52.005-1000] {processor.py:925} INFO - DAG(s) 'latest_only_with_trigger' retrieved from /opt/anaconda3/envs/titanic/lib/python3.11/site-packages/airflow/example_dags/example_latest_only_with_trigger.py
[2025-03-24T16:09:52.030-1000] {logging_mixin.py:190} INFO - [2025-03-24T16:09:52.030-1000] {dag.py:3239} INFO - Sync 1 DAGs
[2025-03-24T16:09:52.034-1000] {logging_mixin.py:190} INFO - [2025-03-24T16:09:52.034-1000] {dag.py:4180} INFO - Setting next_dagrun for latest_only_with_trigger to 2025-03-24 20:00:00+00:00, run_after=2025-03-25 00:00:00+00:00
[2025-03-24T16:09:52.039-1000] {processor.py:208} INFO - Processing /opt/anaconda3/envs/titanic/lib/python3.11/site-packages/airflow/example_dags/example_latest_only_with_trigger.py took 0.056 seconds
[2025-03-24T16:11:55.479-1000] {processor.py:186} INFO - Started process (PID=24403) to work on /opt/anaconda3/envs/titanic/lib/python3.11/site-packages/airflow/example_dags/example_latest_only_with_trigger.py
[2025-03-24T16:11:55.480-1000] {processor.py:914} INFO - Processing file /opt/anaconda3/envs/titanic/lib/python3.11/site-packages/airflow/example_dags/example_latest_only_with_trigger.py for tasks to queue
[2025-03-24T16:11:55.480-1000] {logging_mixin.py:190} INFO - [2025-03-24T16:11:55.480-1000] {dagbag.py:588} INFO - Filling up the DagBag from /opt/anaconda3/envs/titanic/lib/python3.11/site-packages/airflow/example_dags/example_latest_only_with_trigger.py
[2025-03-24T16:11:55.483-1000] {processor.py:925} INFO - DAG(s) 'latest_only_with_trigger' retrieved from /opt/anaconda3/envs/titanic/lib/python3.11/site-packages/airflow/example_dags/example_latest_only_with_trigger.py
[2025-03-24T16:11:55.507-1000] {logging_mixin.py:190} INFO - [2025-03-24T16:11:55.507-1000] {dag.py:3239} INFO - Sync 1 DAGs
[2025-03-24T16:11:55.511-1000] {logging_mixin.py:190} INFO - [2025-03-24T16:11:55.511-1000] {dag.py:4180} INFO - Setting next_dagrun for latest_only_with_trigger to 2025-03-24 20:00:00+00:00, run_after=2025-03-25 00:00:00+00:00
[2025-03-24T16:11:55.516-1000] {processor.py:208} INFO - Processing /opt/anaconda3/envs/titanic/lib/python3.11/site-packages/airflow/example_dags/example_latest_only_with_trigger.py took 0.056 seconds
[2025-03-24T16:13:55.998-1000] {processor.py:186} INFO - Started process (PID=24921) to work on /opt/anaconda3/envs/titanic/lib/python3.11/site-packages/airflow/example_dags/example_latest_only_with_trigger.py
[2025-03-24T16:13:55.998-1000] {processor.py:914} INFO - Processing file /opt/anaconda3/envs/titanic/lib/python3.11/site-packages/airflow/example_dags/example_latest_only_with_trigger.py for tasks to queue
[2025-03-24T16:13:55.999-1000] {logging_mixin.py:190} INFO - [2025-03-24T16:13:55.999-1000] {dagbag.py:588} INFO - Filling up the DagBag from /opt/anaconda3/envs/titanic/lib/python3.11/site-packages/airflow/example_dags/example_latest_only_with_trigger.py
[2025-03-24T16:13:56.001-1000] {processor.py:925} INFO - DAG(s) 'latest_only_with_trigger' retrieved from /opt/anaconda3/envs/titanic/lib/python3.11/site-packages/airflow/example_dags/example_latest_only_with_trigger.py
[2025-03-24T16:13:56.026-1000] {logging_mixin.py:190} INFO - [2025-03-24T16:13:56.026-1000] {dag.py:3239} INFO - Sync 1 DAGs
[2025-03-24T16:13:56.030-1000] {logging_mixin.py:190} INFO - [2025-03-24T16:13:56.030-1000] {dag.py:4180} INFO - Setting next_dagrun for latest_only_with_trigger to 2025-03-24 20:00:00+00:00, run_after=2025-03-25 00:00:00+00:00
[2025-03-24T16:13:56.035-1000] {processor.py:208} INFO - Processing /opt/anaconda3/envs/titanic/lib/python3.11/site-packages/airflow/example_dags/example_latest_only_with_trigger.py took 0.056 seconds
[2025-03-24T16:15:49.354-1000] {processor.py:186} INFO - Started process (PID=25375) to work on /opt/anaconda3/envs/titanic/lib/python3.11/site-packages/airflow/example_dags/example_latest_only_with_trigger.py
[2025-03-24T16:15:49.354-1000] {processor.py:914} INFO - Processing file /opt/anaconda3/envs/titanic/lib/python3.11/site-packages/airflow/example_dags/example_latest_only_with_trigger.py for tasks to queue
[2025-03-24T16:15:49.355-1000] {logging_mixin.py:190} INFO - [2025-03-24T16:15:49.355-1000] {dagbag.py:588} INFO - Filling up the DagBag from /opt/anaconda3/envs/titanic/lib/python3.11/site-packages/airflow/example_dags/example_latest_only_with_trigger.py
[2025-03-24T16:15:49.357-1000] {processor.py:925} INFO - DAG(s) 'latest_only_with_trigger' retrieved from /opt/anaconda3/envs/titanic/lib/python3.11/site-packages/airflow/example_dags/example_latest_only_with_trigger.py
[2025-03-24T16:15:49.381-1000] {logging_mixin.py:190} INFO - [2025-03-24T16:15:49.381-1000] {dag.py:3239} INFO - Sync 1 DAGs
[2025-03-24T16:15:49.386-1000] {logging_mixin.py:190} INFO - [2025-03-24T16:15:49.386-1000] {dag.py:4180} INFO - Setting next_dagrun for latest_only_with_trigger to 2025-03-24 20:00:00+00:00, run_after=2025-03-25 00:00:00+00:00
[2025-03-24T16:15:49.391-1000] {processor.py:208} INFO - Processing /opt/anaconda3/envs/titanic/lib/python3.11/site-packages/airflow/example_dags/example_latest_only_with_trigger.py took 0.056 seconds
[2025-03-24T16:17:37.521-1000] {processor.py:186} INFO - Started process (PID=25785) to work on /opt/anaconda3/envs/titanic/lib/python3.11/site-packages/airflow/example_dags/example_latest_only_with_trigger.py
[2025-03-24T16:17:37.522-1000] {processor.py:914} INFO - Processing file /opt/anaconda3/envs/titanic/lib/python3.11/site-packages/airflow/example_dags/example_latest_only_with_trigger.py for tasks to queue
[2025-03-24T16:17:37.523-1000] {logging_mixin.py:190} INFO - [2025-03-24T16:17:37.523-1000] {dagbag.py:588} INFO - Filling up the DagBag from /opt/anaconda3/envs/titanic/lib/python3.11/site-packages/airflow/example_dags/example_latest_only_with_trigger.py
[2025-03-24T16:17:37.525-1000] {processor.py:925} INFO - DAG(s) 'latest_only_with_trigger' retrieved from /opt/anaconda3/envs/titanic/lib/python3.11/site-packages/airflow/example_dags/example_latest_only_with_trigger.py
[2025-03-24T16:17:37.549-1000] {logging_mixin.py:190} INFO - [2025-03-24T16:17:37.549-1000] {dag.py:3239} INFO - Sync 1 DAGs
[2025-03-24T16:17:37.554-1000] {logging_mixin.py:190} INFO - [2025-03-24T16:17:37.554-1000] {dag.py:4180} INFO - Setting next_dagrun for latest_only_with_trigger to 2025-03-24 20:00:00+00:00, run_after=2025-03-25 00:00:00+00:00
[2025-03-24T16:17:37.558-1000] {processor.py:208} INFO - Processing /opt/anaconda3/envs/titanic/lib/python3.11/site-packages/airflow/example_dags/example_latest_only_with_trigger.py took 0.056 seconds
[2025-03-24T16:19:30.049-1000] {processor.py:186} INFO - Started process (PID=26240) to work on /opt/anaconda3/envs/titanic/lib/python3.11/site-packages/airflow/example_dags/example_latest_only_with_trigger.py
[2025-03-24T16:19:30.050-1000] {processor.py:914} INFO - Processing file /opt/anaconda3/envs/titanic/lib/python3.11/site-packages/airflow/example_dags/example_latest_only_with_trigger.py for tasks to queue
[2025-03-24T16:19:30.050-1000] {logging_mixin.py:190} INFO - [2025-03-24T16:19:30.050-1000] {dagbag.py:588} INFO - Filling up the DagBag from /opt/anaconda3/envs/titanic/lib/python3.11/site-packages/airflow/example_dags/example_latest_only_with_trigger.py
[2025-03-24T16:19:30.052-1000] {processor.py:925} INFO - DAG(s) 'latest_only_with_trigger' retrieved from /opt/anaconda3/envs/titanic/lib/python3.11/site-packages/airflow/example_dags/example_latest_only_with_trigger.py
[2025-03-24T16:19:30.077-1000] {logging_mixin.py:190} INFO - [2025-03-24T16:19:30.077-1000] {dag.py:3239} INFO - Sync 1 DAGs
[2025-03-24T16:19:30.081-1000] {logging_mixin.py:190} INFO - [2025-03-24T16:19:30.081-1000] {dag.py:4180} INFO - Setting next_dagrun for latest_only_with_trigger to 2025-03-24 20:00:00+00:00, run_after=2025-03-25 00:00:00+00:00
[2025-03-24T16:19:30.086-1000] {processor.py:208} INFO - Processing /opt/anaconda3/envs/titanic/lib/python3.11/site-packages/airflow/example_dags/example_latest_only_with_trigger.py took 0.057 seconds
[2025-03-24T16:21:20.967-1000] {processor.py:186} INFO - Started process (PID=26656) to work on /opt/anaconda3/envs/titanic/lib/python3.11/site-packages/airflow/example_dags/example_latest_only_with_trigger.py
[2025-03-24T16:21:20.968-1000] {processor.py:914} INFO - Processing file /opt/anaconda3/envs/titanic/lib/python3.11/site-packages/airflow/example_dags/example_latest_only_with_trigger.py for tasks to queue
[2025-03-24T16:21:20.968-1000] {logging_mixin.py:190} INFO - [2025-03-24T16:21:20.968-1000] {dagbag.py:588} INFO - Filling up the DagBag from /opt/anaconda3/envs/titanic/lib/python3.11/site-packages/airflow/example_dags/example_latest_only_with_trigger.py
[2025-03-24T16:21:20.970-1000] {processor.py:925} INFO - DAG(s) 'latest_only_with_trigger' retrieved from /opt/anaconda3/envs/titanic/lib/python3.11/site-packages/airflow/example_dags/example_latest_only_with_trigger.py
[2025-03-24T16:21:20.994-1000] {logging_mixin.py:190} INFO - [2025-03-24T16:21:20.994-1000] {dag.py:3239} INFO - Sync 1 DAGs
[2025-03-24T16:21:20.999-1000] {logging_mixin.py:190} INFO - [2025-03-24T16:21:20.998-1000] {dag.py:4180} INFO - Setting next_dagrun for latest_only_with_trigger to 2025-03-24 20:00:00+00:00, run_after=2025-03-25 00:00:00+00:00
[2025-03-24T16:21:21.003-1000] {processor.py:208} INFO - Processing /opt/anaconda3/envs/titanic/lib/python3.11/site-packages/airflow/example_dags/example_latest_only_with_trigger.py took 0.056 seconds
[2025-03-24T16:23:12.864-1000] {processor.py:186} INFO - Started process (PID=27094) to work on /opt/anaconda3/envs/titanic/lib/python3.11/site-packages/airflow/example_dags/example_latest_only_with_trigger.py
[2025-03-24T16:23:12.865-1000] {processor.py:914} INFO - Processing file /opt/anaconda3/envs/titanic/lib/python3.11/site-packages/airflow/example_dags/example_latest_only_with_trigger.py for tasks to queue
[2025-03-24T16:23:12.865-1000] {logging_mixin.py:190} INFO - [2025-03-24T16:23:12.865-1000] {dagbag.py:588} INFO - Filling up the DagBag from /opt/anaconda3/envs/titanic/lib/python3.11/site-packages/airflow/example_dags/example_latest_only_with_trigger.py
[2025-03-24T16:23:12.867-1000] {processor.py:925} INFO - DAG(s) 'latest_only_with_trigger' retrieved from /opt/anaconda3/envs/titanic/lib/python3.11/site-packages/airflow/example_dags/example_latest_only_with_trigger.py
[2025-03-24T16:23:12.893-1000] {logging_mixin.py:190} INFO - [2025-03-24T16:23:12.892-1000] {dag.py:3239} INFO - Sync 1 DAGs
[2025-03-24T16:23:12.897-1000] {logging_mixin.py:190} INFO - [2025-03-24T16:23:12.897-1000] {dag.py:4180} INFO - Setting next_dagrun for latest_only_with_trigger to 2025-03-24 20:00:00+00:00, run_after=2025-03-25 00:00:00+00:00
[2025-03-24T16:23:12.902-1000] {processor.py:208} INFO - Processing /opt/anaconda3/envs/titanic/lib/python3.11/site-packages/airflow/example_dags/example_latest_only_with_trigger.py took 0.061 seconds
[2025-03-24T16:25:05.924-1000] {processor.py:186} INFO - Started process (PID=27527) to work on /opt/anaconda3/envs/titanic/lib/python3.11/site-packages/airflow/example_dags/example_latest_only_with_trigger.py
[2025-03-24T16:25:05.925-1000] {processor.py:914} INFO - Processing file /opt/anaconda3/envs/titanic/lib/python3.11/site-packages/airflow/example_dags/example_latest_only_with_trigger.py for tasks to queue
[2025-03-24T16:25:05.925-1000] {logging_mixin.py:190} INFO - [2025-03-24T16:25:05.925-1000] {dagbag.py:588} INFO - Filling up the DagBag from /opt/anaconda3/envs/titanic/lib/python3.11/site-packages/airflow/example_dags/example_latest_only_with_trigger.py
[2025-03-24T16:25:05.927-1000] {processor.py:925} INFO - DAG(s) 'latest_only_with_trigger' retrieved from /opt/anaconda3/envs/titanic/lib/python3.11/site-packages/airflow/example_dags/example_latest_only_with_trigger.py
[2025-03-24T16:25:05.952-1000] {logging_mixin.py:190} INFO - [2025-03-24T16:25:05.952-1000] {dag.py:3239} INFO - Sync 1 DAGs
[2025-03-24T16:25:05.956-1000] {logging_mixin.py:190} INFO - [2025-03-24T16:25:05.956-1000] {dag.py:4180} INFO - Setting next_dagrun for latest_only_with_trigger to 2025-03-24 20:00:00+00:00, run_after=2025-03-25 00:00:00+00:00
[2025-03-24T16:25:05.961-1000] {processor.py:208} INFO - Processing /opt/anaconda3/envs/titanic/lib/python3.11/site-packages/airflow/example_dags/example_latest_only_with_trigger.py took 0.056 seconds
[2025-03-24T16:26:57.746-1000] {processor.py:186} INFO - Started process (PID=27947) to work on /opt/anaconda3/envs/titanic/lib/python3.11/site-packages/airflow/example_dags/example_latest_only_with_trigger.py
[2025-03-24T16:26:57.746-1000] {processor.py:914} INFO - Processing file /opt/anaconda3/envs/titanic/lib/python3.11/site-packages/airflow/example_dags/example_latest_only_with_trigger.py for tasks to queue
[2025-03-24T16:26:57.746-1000] {logging_mixin.py:190} INFO - [2025-03-24T16:26:57.746-1000] {dagbag.py:588} INFO - Filling up the DagBag from /opt/anaconda3/envs/titanic/lib/python3.11/site-packages/airflow/example_dags/example_latest_only_with_trigger.py
[2025-03-24T16:26:57.749-1000] {processor.py:925} INFO - DAG(s) 'latest_only_with_trigger' retrieved from /opt/anaconda3/envs/titanic/lib/python3.11/site-packages/airflow/example_dags/example_latest_only_with_trigger.py
[2025-03-24T16:26:57.773-1000] {logging_mixin.py:190} INFO - [2025-03-24T16:26:57.773-1000] {dag.py:3239} INFO - Sync 1 DAGs
[2025-03-24T16:26:57.777-1000] {logging_mixin.py:190} INFO - [2025-03-24T16:26:57.777-1000] {dag.py:4180} INFO - Setting next_dagrun for latest_only_with_trigger to 2025-03-24 20:00:00+00:00, run_after=2025-03-25 00:00:00+00:00
[2025-03-24T16:26:57.782-1000] {processor.py:208} INFO - Processing /opt/anaconda3/envs/titanic/lib/python3.11/site-packages/airflow/example_dags/example_latest_only_with_trigger.py took 0.055 seconds
[2025-03-24T16:28:46.180-1000] {processor.py:186} INFO - Started process (PID=28362) to work on /opt/anaconda3/envs/titanic/lib/python3.11/site-packages/airflow/example_dags/example_latest_only_with_trigger.py
[2025-03-24T16:28:46.180-1000] {processor.py:914} INFO - Processing file /opt/anaconda3/envs/titanic/lib/python3.11/site-packages/airflow/example_dags/example_latest_only_with_trigger.py for tasks to queue
[2025-03-24T16:28:46.180-1000] {logging_mixin.py:190} INFO - [2025-03-24T16:28:46.180-1000] {dagbag.py:588} INFO - Filling up the DagBag from /opt/anaconda3/envs/titanic/lib/python3.11/site-packages/airflow/example_dags/example_latest_only_with_trigger.py
[2025-03-24T16:28:46.183-1000] {processor.py:925} INFO - DAG(s) 'latest_only_with_trigger' retrieved from /opt/anaconda3/envs/titanic/lib/python3.11/site-packages/airflow/example_dags/example_latest_only_with_trigger.py
[2025-03-24T16:28:46.207-1000] {logging_mixin.py:190} INFO - [2025-03-24T16:28:46.207-1000] {dag.py:3239} INFO - Sync 1 DAGs
[2025-03-24T16:28:46.211-1000] {logging_mixin.py:190} INFO - [2025-03-24T16:28:46.211-1000] {dag.py:4180} INFO - Setting next_dagrun for latest_only_with_trigger to 2025-03-24 20:00:00+00:00, run_after=2025-03-25 00:00:00+00:00
[2025-03-24T16:28:46.216-1000] {processor.py:208} INFO - Processing /opt/anaconda3/envs/titanic/lib/python3.11/site-packages/airflow/example_dags/example_latest_only_with_trigger.py took 0.056 seconds
[2025-03-24T16:30:32.625-1000] {processor.py:186} INFO - Started process (PID=28764) to work on /opt/anaconda3/envs/titanic/lib/python3.11/site-packages/airflow/example_dags/example_latest_only_with_trigger.py
[2025-03-24T16:30:32.626-1000] {processor.py:914} INFO - Processing file /opt/anaconda3/envs/titanic/lib/python3.11/site-packages/airflow/example_dags/example_latest_only_with_trigger.py for tasks to queue
[2025-03-24T16:30:32.626-1000] {logging_mixin.py:190} INFO - [2025-03-24T16:30:32.626-1000] {dagbag.py:588} INFO - Filling up the DagBag from /opt/anaconda3/envs/titanic/lib/python3.11/site-packages/airflow/example_dags/example_latest_only_with_trigger.py
[2025-03-24T16:30:32.628-1000] {processor.py:925} INFO - DAG(s) 'latest_only_with_trigger' retrieved from /opt/anaconda3/envs/titanic/lib/python3.11/site-packages/airflow/example_dags/example_latest_only_with_trigger.py
[2025-03-24T16:30:32.652-1000] {logging_mixin.py:190} INFO - [2025-03-24T16:30:32.652-1000] {dag.py:3239} INFO - Sync 1 DAGs
[2025-03-24T16:30:32.657-1000] {logging_mixin.py:190} INFO - [2025-03-24T16:30:32.657-1000] {dag.py:4180} INFO - Setting next_dagrun for latest_only_with_trigger to 2025-03-24 20:00:00+00:00, run_after=2025-03-25 00:00:00+00:00
[2025-03-24T16:30:32.661-1000] {processor.py:208} INFO - Processing /opt/anaconda3/envs/titanic/lib/python3.11/site-packages/airflow/example_dags/example_latest_only_with_trigger.py took 0.056 seconds
[2025-03-24T16:32:22.808-1000] {processor.py:186} INFO - Started process (PID=29193) to work on /opt/anaconda3/envs/titanic/lib/python3.11/site-packages/airflow/example_dags/example_latest_only_with_trigger.py
[2025-03-24T16:32:22.809-1000] {processor.py:914} INFO - Processing file /opt/anaconda3/envs/titanic/lib/python3.11/site-packages/airflow/example_dags/example_latest_only_with_trigger.py for tasks to queue
[2025-03-24T16:32:22.809-1000] {logging_mixin.py:190} INFO - [2025-03-24T16:32:22.809-1000] {dagbag.py:588} INFO - Filling up the DagBag from /opt/anaconda3/envs/titanic/lib/python3.11/site-packages/airflow/example_dags/example_latest_only_with_trigger.py
[2025-03-24T16:32:22.811-1000] {processor.py:925} INFO - DAG(s) 'latest_only_with_trigger' retrieved from /opt/anaconda3/envs/titanic/lib/python3.11/site-packages/airflow/example_dags/example_latest_only_with_trigger.py
[2025-03-24T16:32:22.835-1000] {logging_mixin.py:190} INFO - [2025-03-24T16:32:22.835-1000] {dag.py:3239} INFO - Sync 1 DAGs
[2025-03-24T16:32:22.840-1000] {logging_mixin.py:190} INFO - [2025-03-24T16:32:22.840-1000] {dag.py:4180} INFO - Setting next_dagrun for latest_only_with_trigger to 2025-03-24 20:00:00+00:00, run_after=2025-03-25 00:00:00+00:00
[2025-03-24T16:32:22.845-1000] {processor.py:208} INFO - Processing /opt/anaconda3/envs/titanic/lib/python3.11/site-packages/airflow/example_dags/example_latest_only_with_trigger.py took 0.056 seconds
[2025-03-24T16:34:12.654-1000] {processor.py:186} INFO - Started process (PID=29617) to work on /opt/anaconda3/envs/titanic/lib/python3.11/site-packages/airflow/example_dags/example_latest_only_with_trigger.py
[2025-03-24T16:34:12.654-1000] {processor.py:914} INFO - Processing file /opt/anaconda3/envs/titanic/lib/python3.11/site-packages/airflow/example_dags/example_latest_only_with_trigger.py for tasks to queue
[2025-03-24T16:34:12.654-1000] {logging_mixin.py:190} INFO - [2025-03-24T16:34:12.654-1000] {dagbag.py:588} INFO - Filling up the DagBag from /opt/anaconda3/envs/titanic/lib/python3.11/site-packages/airflow/example_dags/example_latest_only_with_trigger.py
[2025-03-24T16:34:12.656-1000] {processor.py:925} INFO - DAG(s) 'latest_only_with_trigger' retrieved from /opt/anaconda3/envs/titanic/lib/python3.11/site-packages/airflow/example_dags/example_latest_only_with_trigger.py
[2025-03-24T16:34:12.681-1000] {logging_mixin.py:190} INFO - [2025-03-24T16:34:12.680-1000] {dag.py:3239} INFO - Sync 1 DAGs
[2025-03-24T16:34:12.685-1000] {logging_mixin.py:190} INFO - [2025-03-24T16:34:12.685-1000] {dag.py:4180} INFO - Setting next_dagrun for latest_only_with_trigger to 2025-03-24 20:00:00+00:00, run_after=2025-03-25 00:00:00+00:00
[2025-03-24T16:34:12.690-1000] {processor.py:208} INFO - Processing /opt/anaconda3/envs/titanic/lib/python3.11/site-packages/airflow/example_dags/example_latest_only_with_trigger.py took 0.056 seconds
[2025-03-24T16:36:01.760-1000] {processor.py:186} INFO - Started process (PID=30029) to work on /opt/anaconda3/envs/titanic/lib/python3.11/site-packages/airflow/example_dags/example_latest_only_with_trigger.py
[2025-03-24T16:36:01.760-1000] {processor.py:914} INFO - Processing file /opt/anaconda3/envs/titanic/lib/python3.11/site-packages/airflow/example_dags/example_latest_only_with_trigger.py for tasks to queue
[2025-03-24T16:36:01.761-1000] {logging_mixin.py:190} INFO - [2025-03-24T16:36:01.761-1000] {dagbag.py:588} INFO - Filling up the DagBag from /opt/anaconda3/envs/titanic/lib/python3.11/site-packages/airflow/example_dags/example_latest_only_with_trigger.py
[2025-03-24T16:36:01.763-1000] {processor.py:925} INFO - DAG(s) 'latest_only_with_trigger' retrieved from /opt/anaconda3/envs/titanic/lib/python3.11/site-packages/airflow/example_dags/example_latest_only_with_trigger.py
[2025-03-24T16:36:01.787-1000] {logging_mixin.py:190} INFO - [2025-03-24T16:36:01.787-1000] {dag.py:3239} INFO - Sync 1 DAGs
[2025-03-24T16:36:01.791-1000] {logging_mixin.py:190} INFO - [2025-03-24T16:36:01.791-1000] {dag.py:4180} INFO - Setting next_dagrun for latest_only_with_trigger to 2025-03-24 20:00:00+00:00, run_after=2025-03-25 00:00:00+00:00
[2025-03-24T16:36:01.796-1000] {processor.py:208} INFO - Processing /opt/anaconda3/envs/titanic/lib/python3.11/site-packages/airflow/example_dags/example_latest_only_with_trigger.py took 0.055 seconds
[2025-03-24T16:37:52.753-1000] {processor.py:186} INFO - Started process (PID=30454) to work on /opt/anaconda3/envs/titanic/lib/python3.11/site-packages/airflow/example_dags/example_latest_only_with_trigger.py
[2025-03-24T16:37:52.753-1000] {processor.py:914} INFO - Processing file /opt/anaconda3/envs/titanic/lib/python3.11/site-packages/airflow/example_dags/example_latest_only_with_trigger.py for tasks to queue
[2025-03-24T16:37:52.754-1000] {logging_mixin.py:190} INFO - [2025-03-24T16:37:52.754-1000] {dagbag.py:588} INFO - Filling up the DagBag from /opt/anaconda3/envs/titanic/lib/python3.11/site-packages/airflow/example_dags/example_latest_only_with_trigger.py
[2025-03-24T16:37:52.757-1000] {processor.py:925} INFO - DAG(s) 'latest_only_with_trigger' retrieved from /opt/anaconda3/envs/titanic/lib/python3.11/site-packages/airflow/example_dags/example_latest_only_with_trigger.py
[2025-03-24T16:37:52.784-1000] {logging_mixin.py:190} INFO - [2025-03-24T16:37:52.784-1000] {dag.py:3239} INFO - Sync 1 DAGs
[2025-03-24T16:37:52.789-1000] {logging_mixin.py:190} INFO - [2025-03-24T16:37:52.789-1000] {dag.py:4180} INFO - Setting next_dagrun for latest_only_with_trigger to 2025-03-24 20:00:00+00:00, run_after=2025-03-25 00:00:00+00:00
[2025-03-24T16:37:52.794-1000] {processor.py:208} INFO - Processing /opt/anaconda3/envs/titanic/lib/python3.11/site-packages/airflow/example_dags/example_latest_only_with_trigger.py took 0.065 seconds
[2025-03-24T16:39:50.041-1000] {processor.py:186} INFO - Started process (PID=30920) to work on /opt/anaconda3/envs/titanic/lib/python3.11/site-packages/airflow/example_dags/example_latest_only_with_trigger.py
[2025-03-24T16:39:50.041-1000] {processor.py:914} INFO - Processing file /opt/anaconda3/envs/titanic/lib/python3.11/site-packages/airflow/example_dags/example_latest_only_with_trigger.py for tasks to queue
[2025-03-24T16:39:50.042-1000] {logging_mixin.py:190} INFO - [2025-03-24T16:39:50.042-1000] {dagbag.py:588} INFO - Filling up the DagBag from /opt/anaconda3/envs/titanic/lib/python3.11/site-packages/airflow/example_dags/example_latest_only_with_trigger.py
[2025-03-24T16:39:50.044-1000] {processor.py:925} INFO - DAG(s) 'latest_only_with_trigger' retrieved from /opt/anaconda3/envs/titanic/lib/python3.11/site-packages/airflow/example_dags/example_latest_only_with_trigger.py
[2025-03-24T16:39:50.069-1000] {logging_mixin.py:190} INFO - [2025-03-24T16:39:50.069-1000] {dag.py:3239} INFO - Sync 1 DAGs
[2025-03-24T16:39:50.074-1000] {logging_mixin.py:190} INFO - [2025-03-24T16:39:50.074-1000] {dag.py:4180} INFO - Setting next_dagrun for latest_only_with_trigger to 2025-03-24 20:00:00+00:00, run_after=2025-03-25 00:00:00+00:00
[2025-03-24T16:39:50.078-1000] {processor.py:208} INFO - Processing /opt/anaconda3/envs/titanic/lib/python3.11/site-packages/airflow/example_dags/example_latest_only_with_trigger.py took 0.059 seconds
[2025-03-24T16:41:47.797-1000] {processor.py:186} INFO - Started process (PID=31368) to work on /opt/anaconda3/envs/titanic/lib/python3.11/site-packages/airflow/example_dags/example_latest_only_with_trigger.py
[2025-03-24T16:41:47.797-1000] {processor.py:914} INFO - Processing file /opt/anaconda3/envs/titanic/lib/python3.11/site-packages/airflow/example_dags/example_latest_only_with_trigger.py for tasks to queue
[2025-03-24T16:41:47.797-1000] {logging_mixin.py:190} INFO - [2025-03-24T16:41:47.797-1000] {dagbag.py:588} INFO - Filling up the DagBag from /opt/anaconda3/envs/titanic/lib/python3.11/site-packages/airflow/example_dags/example_latest_only_with_trigger.py
[2025-03-24T16:41:47.800-1000] {processor.py:925} INFO - DAG(s) 'latest_only_with_trigger' retrieved from /opt/anaconda3/envs/titanic/lib/python3.11/site-packages/airflow/example_dags/example_latest_only_with_trigger.py
[2025-03-24T16:41:47.824-1000] {logging_mixin.py:190} INFO - [2025-03-24T16:41:47.824-1000] {dag.py:3239} INFO - Sync 1 DAGs
[2025-03-24T16:41:47.828-1000] {logging_mixin.py:190} INFO - [2025-03-24T16:41:47.828-1000] {dag.py:4180} INFO - Setting next_dagrun for latest_only_with_trigger to 2025-03-24 20:00:00+00:00, run_after=2025-03-25 00:00:00+00:00
[2025-03-24T16:41:47.833-1000] {processor.py:208} INFO - Processing /opt/anaconda3/envs/titanic/lib/python3.11/site-packages/airflow/example_dags/example_latest_only_with_trigger.py took 0.058 seconds
[2025-03-24T16:43:40.298-1000] {processor.py:186} INFO - Started process (PID=31802) to work on /opt/anaconda3/envs/titanic/lib/python3.11/site-packages/airflow/example_dags/example_latest_only_with_trigger.py
[2025-03-24T16:43:40.298-1000] {processor.py:914} INFO - Processing file /opt/anaconda3/envs/titanic/lib/python3.11/site-packages/airflow/example_dags/example_latest_only_with_trigger.py for tasks to queue
[2025-03-24T16:43:40.298-1000] {logging_mixin.py:190} INFO - [2025-03-24T16:43:40.298-1000] {dagbag.py:588} INFO - Filling up the DagBag from /opt/anaconda3/envs/titanic/lib/python3.11/site-packages/airflow/example_dags/example_latest_only_with_trigger.py
[2025-03-24T16:43:40.302-1000] {processor.py:925} INFO - DAG(s) 'latest_only_with_trigger' retrieved from /opt/anaconda3/envs/titanic/lib/python3.11/site-packages/airflow/example_dags/example_latest_only_with_trigger.py
[2025-03-24T16:43:40.326-1000] {logging_mixin.py:190} INFO - [2025-03-24T16:43:40.326-1000] {dag.py:3239} INFO - Sync 1 DAGs
[2025-03-24T16:43:40.330-1000] {logging_mixin.py:190} INFO - [2025-03-24T16:43:40.330-1000] {dag.py:4180} INFO - Setting next_dagrun for latest_only_with_trigger to 2025-03-24 20:00:00+00:00, run_after=2025-03-25 00:00:00+00:00
[2025-03-24T16:43:40.335-1000] {processor.py:208} INFO - Processing /opt/anaconda3/envs/titanic/lib/python3.11/site-packages/airflow/example_dags/example_latest_only_with_trigger.py took 0.057 seconds
[2025-03-24T16:45:29.785-1000] {processor.py:186} INFO - Started process (PID=32226) to work on /opt/anaconda3/envs/titanic/lib/python3.11/site-packages/airflow/example_dags/example_latest_only_with_trigger.py
[2025-03-24T16:45:29.786-1000] {processor.py:914} INFO - Processing file /opt/anaconda3/envs/titanic/lib/python3.11/site-packages/airflow/example_dags/example_latest_only_with_trigger.py for tasks to queue
[2025-03-24T16:45:29.786-1000] {logging_mixin.py:190} INFO - [2025-03-24T16:45:29.786-1000] {dagbag.py:588} INFO - Filling up the DagBag from /opt/anaconda3/envs/titanic/lib/python3.11/site-packages/airflow/example_dags/example_latest_only_with_trigger.py
[2025-03-24T16:45:29.788-1000] {processor.py:925} INFO - DAG(s) 'latest_only_with_trigger' retrieved from /opt/anaconda3/envs/titanic/lib/python3.11/site-packages/airflow/example_dags/example_latest_only_with_trigger.py
[2025-03-24T16:45:29.813-1000] {logging_mixin.py:190} INFO - [2025-03-24T16:45:29.813-1000] {dag.py:3239} INFO - Sync 1 DAGs
[2025-03-24T16:45:29.817-1000] {logging_mixin.py:190} INFO - [2025-03-24T16:45:29.817-1000] {dag.py:4180} INFO - Setting next_dagrun for latest_only_with_trigger to 2025-03-24 20:00:00+00:00, run_after=2025-03-25 00:00:00+00:00
[2025-03-24T16:45:29.822-1000] {processor.py:208} INFO - Processing /opt/anaconda3/envs/titanic/lib/python3.11/site-packages/airflow/example_dags/example_latest_only_with_trigger.py took 0.056 seconds
[2025-03-24T16:47:22.117-1000] {processor.py:186} INFO - Started process (PID=32662) to work on /opt/anaconda3/envs/titanic/lib/python3.11/site-packages/airflow/example_dags/example_latest_only_with_trigger.py
[2025-03-24T16:47:22.118-1000] {processor.py:914} INFO - Processing file /opt/anaconda3/envs/titanic/lib/python3.11/site-packages/airflow/example_dags/example_latest_only_with_trigger.py for tasks to queue
[2025-03-24T16:47:22.118-1000] {logging_mixin.py:190} INFO - [2025-03-24T16:47:22.118-1000] {dagbag.py:588} INFO - Filling up the DagBag from /opt/anaconda3/envs/titanic/lib/python3.11/site-packages/airflow/example_dags/example_latest_only_with_trigger.py
[2025-03-24T16:47:22.121-1000] {processor.py:925} INFO - DAG(s) 'latest_only_with_trigger' retrieved from /opt/anaconda3/envs/titanic/lib/python3.11/site-packages/airflow/example_dags/example_latest_only_with_trigger.py
[2025-03-24T16:47:22.146-1000] {logging_mixin.py:190} INFO - [2025-03-24T16:47:22.146-1000] {dag.py:3239} INFO - Sync 1 DAGs
[2025-03-24T16:47:22.151-1000] {logging_mixin.py:190} INFO - [2025-03-24T16:47:22.150-1000] {dag.py:4180} INFO - Setting next_dagrun for latest_only_with_trigger to 2025-03-24 20:00:00+00:00, run_after=2025-03-25 00:00:00+00:00
[2025-03-24T16:47:22.155-1000] {processor.py:208} INFO - Processing /opt/anaconda3/envs/titanic/lib/python3.11/site-packages/airflow/example_dags/example_latest_only_with_trigger.py took 0.060 seconds
[2025-03-24T16:49:19.539-1000] {processor.py:186} INFO - Started process (PID=33223) to work on /opt/anaconda3/envs/titanic/lib/python3.11/site-packages/airflow/example_dags/example_latest_only_with_trigger.py
[2025-03-24T16:49:19.541-1000] {processor.py:914} INFO - Processing file /opt/anaconda3/envs/titanic/lib/python3.11/site-packages/airflow/example_dags/example_latest_only_with_trigger.py for tasks to queue
[2025-03-24T16:49:19.541-1000] {logging_mixin.py:190} INFO - [2025-03-24T16:49:19.541-1000] {dagbag.py:588} INFO - Filling up the DagBag from /opt/anaconda3/envs/titanic/lib/python3.11/site-packages/airflow/example_dags/example_latest_only_with_trigger.py
[2025-03-24T16:49:19.544-1000] {processor.py:925} INFO - DAG(s) 'latest_only_with_trigger' retrieved from /opt/anaconda3/envs/titanic/lib/python3.11/site-packages/airflow/example_dags/example_latest_only_with_trigger.py
[2025-03-24T16:49:19.569-1000] {logging_mixin.py:190} INFO - [2025-03-24T16:49:19.569-1000] {dag.py:3239} INFO - Sync 1 DAGs
[2025-03-24T16:49:19.574-1000] {logging_mixin.py:190} INFO - [2025-03-24T16:49:19.574-1000] {dag.py:4180} INFO - Setting next_dagrun for latest_only_with_trigger to 2025-03-24 20:00:00+00:00, run_after=2025-03-25 00:00:00+00:00
[2025-03-24T16:49:19.579-1000] {processor.py:208} INFO - Processing /opt/anaconda3/envs/titanic/lib/python3.11/site-packages/airflow/example_dags/example_latest_only_with_trigger.py took 0.040 seconds
[2025-03-24T16:51:14.896-1000] {processor.py:186} INFO - Started process (PID=33656) to work on /opt/anaconda3/envs/titanic/lib/python3.11/site-packages/airflow/example_dags/example_latest_only_with_trigger.py
[2025-03-24T16:51:14.896-1000] {processor.py:914} INFO - Processing file /opt/anaconda3/envs/titanic/lib/python3.11/site-packages/airflow/example_dags/example_latest_only_with_trigger.py for tasks to queue
[2025-03-24T16:51:14.897-1000] {logging_mixin.py:190} INFO - [2025-03-24T16:51:14.896-1000] {dagbag.py:588} INFO - Filling up the DagBag from /opt/anaconda3/envs/titanic/lib/python3.11/site-packages/airflow/example_dags/example_latest_only_with_trigger.py
[2025-03-24T16:51:14.899-1000] {processor.py:925} INFO - DAG(s) 'latest_only_with_trigger' retrieved from /opt/anaconda3/envs/titanic/lib/python3.11/site-packages/airflow/example_dags/example_latest_only_with_trigger.py
[2025-03-24T16:51:14.925-1000] {logging_mixin.py:190} INFO - [2025-03-24T16:51:14.924-1000] {dag.py:3239} INFO - Sync 1 DAGs
[2025-03-24T16:51:14.930-1000] {logging_mixin.py:190} INFO - [2025-03-24T16:51:14.930-1000] {dag.py:4180} INFO - Setting next_dagrun for latest_only_with_trigger to 2025-03-24 20:00:00+00:00, run_after=2025-03-25 00:00:00+00:00
[2025-03-24T16:51:14.935-1000] {processor.py:208} INFO - Processing /opt/anaconda3/envs/titanic/lib/python3.11/site-packages/airflow/example_dags/example_latest_only_with_trigger.py took 0.040 seconds
[2025-03-24T16:53:10.354-1000] {processor.py:186} INFO - Started process (PID=34087) to work on /opt/anaconda3/envs/titanic/lib/python3.11/site-packages/airflow/example_dags/example_latest_only_with_trigger.py
[2025-03-24T16:53:10.355-1000] {processor.py:914} INFO - Processing file /opt/anaconda3/envs/titanic/lib/python3.11/site-packages/airflow/example_dags/example_latest_only_with_trigger.py for tasks to queue
[2025-03-24T16:53:10.355-1000] {logging_mixin.py:190} INFO - [2025-03-24T16:53:10.355-1000] {dagbag.py:588} INFO - Filling up the DagBag from /opt/anaconda3/envs/titanic/lib/python3.11/site-packages/airflow/example_dags/example_latest_only_with_trigger.py
[2025-03-24T16:53:10.357-1000] {processor.py:925} INFO - DAG(s) 'latest_only_with_trigger' retrieved from /opt/anaconda3/envs/titanic/lib/python3.11/site-packages/airflow/example_dags/example_latest_only_with_trigger.py
[2025-03-24T16:53:10.382-1000] {logging_mixin.py:190} INFO - [2025-03-24T16:53:10.382-1000] {dag.py:3239} INFO - Sync 1 DAGs
[2025-03-24T16:53:10.387-1000] {logging_mixin.py:190} INFO - [2025-03-24T16:53:10.387-1000] {dag.py:4180} INFO - Setting next_dagrun for latest_only_with_trigger to 2025-03-24 20:00:00+00:00, run_after=2025-03-25 00:00:00+00:00
[2025-03-24T16:53:10.392-1000] {processor.py:208} INFO - Processing /opt/anaconda3/envs/titanic/lib/python3.11/site-packages/airflow/example_dags/example_latest_only_with_trigger.py took 0.039 seconds
[2025-03-24T16:55:05.395-1000] {processor.py:186} INFO - Started process (PID=34518) to work on /opt/anaconda3/envs/titanic/lib/python3.11/site-packages/airflow/example_dags/example_latest_only_with_trigger.py
[2025-03-24T16:55:05.395-1000] {processor.py:914} INFO - Processing file /opt/anaconda3/envs/titanic/lib/python3.11/site-packages/airflow/example_dags/example_latest_only_with_trigger.py for tasks to queue
[2025-03-24T16:55:05.395-1000] {logging_mixin.py:190} INFO - [2025-03-24T16:55:05.395-1000] {dagbag.py:588} INFO - Filling up the DagBag from /opt/anaconda3/envs/titanic/lib/python3.11/site-packages/airflow/example_dags/example_latest_only_with_trigger.py
[2025-03-24T16:55:05.398-1000] {processor.py:925} INFO - DAG(s) 'latest_only_with_trigger' retrieved from /opt/anaconda3/envs/titanic/lib/python3.11/site-packages/airflow/example_dags/example_latest_only_with_trigger.py
[2025-03-24T16:55:05.421-1000] {logging_mixin.py:190} INFO - [2025-03-24T16:55:05.421-1000] {dag.py:3239} INFO - Sync 1 DAGs
[2025-03-24T16:55:05.426-1000] {logging_mixin.py:190} INFO - [2025-03-24T16:55:05.426-1000] {dag.py:4180} INFO - Setting next_dagrun for latest_only_with_trigger to 2025-03-24 20:00:00+00:00, run_after=2025-03-25 00:00:00+00:00
[2025-03-24T16:55:05.431-1000] {processor.py:208} INFO - Processing /opt/anaconda3/envs/titanic/lib/python3.11/site-packages/airflow/example_dags/example_latest_only_with_trigger.py took 0.037 seconds
[2025-03-24T16:56:56.814-1000] {processor.py:186} INFO - Started process (PID=34940) to work on /opt/anaconda3/envs/titanic/lib/python3.11/site-packages/airflow/example_dags/example_latest_only_with_trigger.py
[2025-03-24T16:56:56.815-1000] {processor.py:914} INFO - Processing file /opt/anaconda3/envs/titanic/lib/python3.11/site-packages/airflow/example_dags/example_latest_only_with_trigger.py for tasks to queue
[2025-03-24T16:56:56.815-1000] {logging_mixin.py:190} INFO - [2025-03-24T16:56:56.815-1000] {dagbag.py:588} INFO - Filling up the DagBag from /opt/anaconda3/envs/titanic/lib/python3.11/site-packages/airflow/example_dags/example_latest_only_with_trigger.py
[2025-03-24T16:56:56.817-1000] {processor.py:925} INFO - DAG(s) 'latest_only_with_trigger' retrieved from /opt/anaconda3/envs/titanic/lib/python3.11/site-packages/airflow/example_dags/example_latest_only_with_trigger.py
[2025-03-24T16:56:56.841-1000] {logging_mixin.py:190} INFO - [2025-03-24T16:56:56.840-1000] {dag.py:3239} INFO - Sync 1 DAGs
[2025-03-24T16:56:56.845-1000] {logging_mixin.py:190} INFO - [2025-03-24T16:56:56.845-1000] {dag.py:4180} INFO - Setting next_dagrun for latest_only_with_trigger to 2025-03-24 20:00:00+00:00, run_after=2025-03-25 00:00:00+00:00
[2025-03-24T16:56:56.850-1000] {processor.py:208} INFO - Processing /opt/anaconda3/envs/titanic/lib/python3.11/site-packages/airflow/example_dags/example_latest_only_with_trigger.py took 0.037 seconds
[2025-03-24T16:58:44.162-1000] {processor.py:186} INFO - Started process (PID=35356) to work on /opt/anaconda3/envs/titanic/lib/python3.11/site-packages/airflow/example_dags/example_latest_only_with_trigger.py
[2025-03-24T16:58:44.163-1000] {processor.py:914} INFO - Processing file /opt/anaconda3/envs/titanic/lib/python3.11/site-packages/airflow/example_dags/example_latest_only_with_trigger.py for tasks to queue
[2025-03-24T16:58:44.163-1000] {logging_mixin.py:190} INFO - [2025-03-24T16:58:44.163-1000] {dagbag.py:588} INFO - Filling up the DagBag from /opt/anaconda3/envs/titanic/lib/python3.11/site-packages/airflow/example_dags/example_latest_only_with_trigger.py
[2025-03-24T16:58:44.165-1000] {processor.py:925} INFO - DAG(s) 'latest_only_with_trigger' retrieved from /opt/anaconda3/envs/titanic/lib/python3.11/site-packages/airflow/example_dags/example_latest_only_with_trigger.py
[2025-03-24T16:58:44.189-1000] {logging_mixin.py:190} INFO - [2025-03-24T16:58:44.189-1000] {dag.py:3239} INFO - Sync 1 DAGs
[2025-03-24T16:58:44.193-1000] {logging_mixin.py:190} INFO - [2025-03-24T16:58:44.193-1000] {dag.py:4180} INFO - Setting next_dagrun for latest_only_with_trigger to 2025-03-24 20:00:00+00:00, run_after=2025-03-25 00:00:00+00:00
[2025-03-24T16:58:44.198-1000] {processor.py:208} INFO - Processing /opt/anaconda3/envs/titanic/lib/python3.11/site-packages/airflow/example_dags/example_latest_only_with_trigger.py took 0.037 seconds
[2025-03-24T17:00:38.442-1000] {processor.py:186} INFO - Started process (PID=35786) to work on /opt/anaconda3/envs/titanic/lib/python3.11/site-packages/airflow/example_dags/example_latest_only_with_trigger.py
[2025-03-24T17:00:38.442-1000] {processor.py:914} INFO - Processing file /opt/anaconda3/envs/titanic/lib/python3.11/site-packages/airflow/example_dags/example_latest_only_with_trigger.py for tasks to queue
[2025-03-24T17:00:38.443-1000] {logging_mixin.py:190} INFO - [2025-03-24T17:00:38.443-1000] {dagbag.py:588} INFO - Filling up the DagBag from /opt/anaconda3/envs/titanic/lib/python3.11/site-packages/airflow/example_dags/example_latest_only_with_trigger.py
[2025-03-24T17:00:38.445-1000] {processor.py:925} INFO - DAG(s) 'latest_only_with_trigger' retrieved from /opt/anaconda3/envs/titanic/lib/python3.11/site-packages/airflow/example_dags/example_latest_only_with_trigger.py
[2025-03-24T17:00:38.469-1000] {logging_mixin.py:190} INFO - [2025-03-24T17:00:38.469-1000] {dag.py:3239} INFO - Sync 1 DAGs
[2025-03-24T17:00:38.474-1000] {logging_mixin.py:190} INFO - [2025-03-24T17:00:38.474-1000] {dag.py:4180} INFO - Setting next_dagrun for latest_only_with_trigger to 2025-03-24 20:00:00+00:00, run_after=2025-03-25 00:00:00+00:00
[2025-03-24T17:00:38.479-1000] {processor.py:208} INFO - Processing /opt/anaconda3/envs/titanic/lib/python3.11/site-packages/airflow/example_dags/example_latest_only_with_trigger.py took 0.038 seconds
[2025-03-24T17:02:37.567-1000] {processor.py:186} INFO - Started process (PID=36240) to work on /opt/anaconda3/envs/titanic/lib/python3.11/site-packages/airflow/example_dags/example_latest_only_with_trigger.py
[2025-03-24T17:02:37.568-1000] {processor.py:914} INFO - Processing file /opt/anaconda3/envs/titanic/lib/python3.11/site-packages/airflow/example_dags/example_latest_only_with_trigger.py for tasks to queue
[2025-03-24T17:02:37.568-1000] {logging_mixin.py:190} INFO - [2025-03-24T17:02:37.568-1000] {dagbag.py:588} INFO - Filling up the DagBag from /opt/anaconda3/envs/titanic/lib/python3.11/site-packages/airflow/example_dags/example_latest_only_with_trigger.py
[2025-03-24T17:02:37.570-1000] {processor.py:925} INFO - DAG(s) 'latest_only_with_trigger' retrieved from /opt/anaconda3/envs/titanic/lib/python3.11/site-packages/airflow/example_dags/example_latest_only_with_trigger.py
[2025-03-24T17:02:37.594-1000] {logging_mixin.py:190} INFO - [2025-03-24T17:02:37.594-1000] {dag.py:3239} INFO - Sync 1 DAGs
[2025-03-24T17:02:37.598-1000] {logging_mixin.py:190} INFO - [2025-03-24T17:02:37.598-1000] {dag.py:4180} INFO - Setting next_dagrun for latest_only_with_trigger to 2025-03-24 20:00:00+00:00, run_after=2025-03-25 00:00:00+00:00
[2025-03-24T17:02:37.603-1000] {processor.py:208} INFO - Processing /opt/anaconda3/envs/titanic/lib/python3.11/site-packages/airflow/example_dags/example_latest_only_with_trigger.py took 0.037 seconds
[2025-03-24T17:04:31.647-1000] {processor.py:186} INFO - Started process (PID=36662) to work on /opt/anaconda3/envs/titanic/lib/python3.11/site-packages/airflow/example_dags/example_latest_only_with_trigger.py
[2025-03-24T17:04:31.647-1000] {processor.py:914} INFO - Processing file /opt/anaconda3/envs/titanic/lib/python3.11/site-packages/airflow/example_dags/example_latest_only_with_trigger.py for tasks to queue
[2025-03-24T17:04:31.647-1000] {logging_mixin.py:190} INFO - [2025-03-24T17:04:31.647-1000] {dagbag.py:588} INFO - Filling up the DagBag from /opt/anaconda3/envs/titanic/lib/python3.11/site-packages/airflow/example_dags/example_latest_only_with_trigger.py
[2025-03-24T17:04:31.649-1000] {processor.py:925} INFO - DAG(s) 'latest_only_with_trigger' retrieved from /opt/anaconda3/envs/titanic/lib/python3.11/site-packages/airflow/example_dags/example_latest_only_with_trigger.py
[2025-03-24T17:04:31.673-1000] {logging_mixin.py:190} INFO - [2025-03-24T17:04:31.673-1000] {dag.py:3239} INFO - Sync 1 DAGs
[2025-03-24T17:04:31.678-1000] {logging_mixin.py:190} INFO - [2025-03-24T17:04:31.678-1000] {dag.py:4180} INFO - Setting next_dagrun for latest_only_with_trigger to 2025-03-24 20:00:00+00:00, run_after=2025-03-25 00:00:00+00:00
[2025-03-24T17:04:31.683-1000] {processor.py:208} INFO - Processing /opt/anaconda3/envs/titanic/lib/python3.11/site-packages/airflow/example_dags/example_latest_only_with_trigger.py took 0.037 seconds
[2025-03-24T17:06:22.082-1000] {processor.py:186} INFO - Started process (PID=37079) to work on /opt/anaconda3/envs/titanic/lib/python3.11/site-packages/airflow/example_dags/example_latest_only_with_trigger.py
[2025-03-24T17:06:22.082-1000] {processor.py:914} INFO - Processing file /opt/anaconda3/envs/titanic/lib/python3.11/site-packages/airflow/example_dags/example_latest_only_with_trigger.py for tasks to queue
[2025-03-24T17:06:22.082-1000] {logging_mixin.py:190} INFO - [2025-03-24T17:06:22.082-1000] {dagbag.py:588} INFO - Filling up the DagBag from /opt/anaconda3/envs/titanic/lib/python3.11/site-packages/airflow/example_dags/example_latest_only_with_trigger.py
[2025-03-24T17:06:22.084-1000] {processor.py:925} INFO - DAG(s) 'latest_only_with_trigger' retrieved from /opt/anaconda3/envs/titanic/lib/python3.11/site-packages/airflow/example_dags/example_latest_only_with_trigger.py
[2025-03-24T17:06:22.108-1000] {logging_mixin.py:190} INFO - [2025-03-24T17:06:22.108-1000] {dag.py:3239} INFO - Sync 1 DAGs
[2025-03-24T17:06:22.113-1000] {logging_mixin.py:190} INFO - [2025-03-24T17:06:22.113-1000] {dag.py:4180} INFO - Setting next_dagrun for latest_only_with_trigger to 2025-03-24 20:00:00+00:00, run_after=2025-03-25 00:00:00+00:00
[2025-03-24T17:06:22.118-1000] {processor.py:208} INFO - Processing /opt/anaconda3/envs/titanic/lib/python3.11/site-packages/airflow/example_dags/example_latest_only_with_trigger.py took 0.037 seconds
[2025-03-24T17:08:10.763-1000] {processor.py:186} INFO - Started process (PID=37527) to work on /opt/anaconda3/envs/titanic/lib/python3.11/site-packages/airflow/example_dags/example_latest_only_with_trigger.py
[2025-03-24T17:08:10.764-1000] {processor.py:914} INFO - Processing file /opt/anaconda3/envs/titanic/lib/python3.11/site-packages/airflow/example_dags/example_latest_only_with_trigger.py for tasks to queue
[2025-03-24T17:08:10.764-1000] {logging_mixin.py:190} INFO - [2025-03-24T17:08:10.764-1000] {dagbag.py:588} INFO - Filling up the DagBag from /opt/anaconda3/envs/titanic/lib/python3.11/site-packages/airflow/example_dags/example_latest_only_with_trigger.py
[2025-03-24T17:08:10.766-1000] {processor.py:925} INFO - DAG(s) 'latest_only_with_trigger' retrieved from /opt/anaconda3/envs/titanic/lib/python3.11/site-packages/airflow/example_dags/example_latest_only_with_trigger.py
[2025-03-24T17:08:10.790-1000] {logging_mixin.py:190} INFO - [2025-03-24T17:08:10.790-1000] {dag.py:3239} INFO - Sync 1 DAGs
[2025-03-24T17:08:10.795-1000] {logging_mixin.py:190} INFO - [2025-03-24T17:08:10.795-1000] {dag.py:4180} INFO - Setting next_dagrun for latest_only_with_trigger to 2025-03-24 20:00:00+00:00, run_after=2025-03-25 00:00:00+00:00
[2025-03-24T17:08:10.800-1000] {processor.py:208} INFO - Processing /opt/anaconda3/envs/titanic/lib/python3.11/site-packages/airflow/example_dags/example_latest_only_with_trigger.py took 0.037 seconds
[2025-03-24T17:10:02.636-1000] {processor.py:186} INFO - Started process (PID=37949) to work on /opt/anaconda3/envs/titanic/lib/python3.11/site-packages/airflow/example_dags/example_latest_only_with_trigger.py
[2025-03-24T17:10:02.636-1000] {processor.py:914} INFO - Processing file /opt/anaconda3/envs/titanic/lib/python3.11/site-packages/airflow/example_dags/example_latest_only_with_trigger.py for tasks to queue
[2025-03-24T17:10:02.636-1000] {logging_mixin.py:190} INFO - [2025-03-24T17:10:02.636-1000] {dagbag.py:588} INFO - Filling up the DagBag from /opt/anaconda3/envs/titanic/lib/python3.11/site-packages/airflow/example_dags/example_latest_only_with_trigger.py
[2025-03-24T17:10:02.639-1000] {processor.py:925} INFO - DAG(s) 'latest_only_with_trigger' retrieved from /opt/anaconda3/envs/titanic/lib/python3.11/site-packages/airflow/example_dags/example_latest_only_with_trigger.py
[2025-03-24T17:10:02.663-1000] {logging_mixin.py:190} INFO - [2025-03-24T17:10:02.663-1000] {dag.py:3239} INFO - Sync 1 DAGs
[2025-03-24T17:10:02.667-1000] {logging_mixin.py:190} INFO - [2025-03-24T17:10:02.667-1000] {dag.py:4180} INFO - Setting next_dagrun for latest_only_with_trigger to 2025-03-24 20:00:00+00:00, run_after=2025-03-25 00:00:00+00:00
[2025-03-24T17:10:02.672-1000] {processor.py:208} INFO - Processing /opt/anaconda3/envs/titanic/lib/python3.11/site-packages/airflow/example_dags/example_latest_only_with_trigger.py took 0.037 seconds
[2025-03-24T17:11:51.038-1000] {processor.py:186} INFO - Started process (PID=38367) to work on /opt/anaconda3/envs/titanic/lib/python3.11/site-packages/airflow/example_dags/example_latest_only_with_trigger.py
[2025-03-24T17:11:51.038-1000] {processor.py:914} INFO - Processing file /opt/anaconda3/envs/titanic/lib/python3.11/site-packages/airflow/example_dags/example_latest_only_with_trigger.py for tasks to queue
[2025-03-24T17:11:51.038-1000] {logging_mixin.py:190} INFO - [2025-03-24T17:11:51.038-1000] {dagbag.py:588} INFO - Filling up the DagBag from /opt/anaconda3/envs/titanic/lib/python3.11/site-packages/airflow/example_dags/example_latest_only_with_trigger.py
[2025-03-24T17:11:51.040-1000] {processor.py:925} INFO - DAG(s) 'latest_only_with_trigger' retrieved from /opt/anaconda3/envs/titanic/lib/python3.11/site-packages/airflow/example_dags/example_latest_only_with_trigger.py
[2025-03-24T17:11:51.064-1000] {logging_mixin.py:190} INFO - [2025-03-24T17:11:51.064-1000] {dag.py:3239} INFO - Sync 1 DAGs
[2025-03-24T17:11:51.068-1000] {logging_mixin.py:190} INFO - [2025-03-24T17:11:51.068-1000] {dag.py:4180} INFO - Setting next_dagrun for latest_only_with_trigger to 2025-03-24 20:00:00+00:00, run_after=2025-03-25 00:00:00+00:00
[2025-03-24T17:11:51.073-1000] {processor.py:208} INFO - Processing /opt/anaconda3/envs/titanic/lib/python3.11/site-packages/airflow/example_dags/example_latest_only_with_trigger.py took 0.036 seconds
[2025-03-24T17:13:38.249-1000] {processor.py:186} INFO - Started process (PID=38773) to work on /opt/anaconda3/envs/titanic/lib/python3.11/site-packages/airflow/example_dags/example_latest_only_with_trigger.py
[2025-03-24T17:13:38.250-1000] {processor.py:914} INFO - Processing file /opt/anaconda3/envs/titanic/lib/python3.11/site-packages/airflow/example_dags/example_latest_only_with_trigger.py for tasks to queue
[2025-03-24T17:13:38.250-1000] {logging_mixin.py:190} INFO - [2025-03-24T17:13:38.250-1000] {dagbag.py:588} INFO - Filling up the DagBag from /opt/anaconda3/envs/titanic/lib/python3.11/site-packages/airflow/example_dags/example_latest_only_with_trigger.py
[2025-03-24T17:13:38.252-1000] {processor.py:925} INFO - DAG(s) 'latest_only_with_trigger' retrieved from /opt/anaconda3/envs/titanic/lib/python3.11/site-packages/airflow/example_dags/example_latest_only_with_trigger.py
[2025-03-24T17:13:38.276-1000] {logging_mixin.py:190} INFO - [2025-03-24T17:13:38.275-1000] {dag.py:3239} INFO - Sync 1 DAGs
[2025-03-24T17:13:38.280-1000] {logging_mixin.py:190} INFO - [2025-03-24T17:13:38.280-1000] {dag.py:4180} INFO - Setting next_dagrun for latest_only_with_trigger to 2025-03-24 20:00:00+00:00, run_after=2025-03-25 00:00:00+00:00
[2025-03-24T17:13:38.285-1000] {processor.py:208} INFO - Processing /opt/anaconda3/envs/titanic/lib/python3.11/site-packages/airflow/example_dags/example_latest_only_with_trigger.py took 0.036 seconds
[2025-03-24T17:15:27.919-1000] {processor.py:186} INFO - Started process (PID=39193) to work on /opt/anaconda3/envs/titanic/lib/python3.11/site-packages/airflow/example_dags/example_latest_only_with_trigger.py
[2025-03-24T17:15:27.920-1000] {processor.py:914} INFO - Processing file /opt/anaconda3/envs/titanic/lib/python3.11/site-packages/airflow/example_dags/example_latest_only_with_trigger.py for tasks to queue
[2025-03-24T17:15:27.920-1000] {logging_mixin.py:190} INFO - [2025-03-24T17:15:27.920-1000] {dagbag.py:588} INFO - Filling up the DagBag from /opt/anaconda3/envs/titanic/lib/python3.11/site-packages/airflow/example_dags/example_latest_only_with_trigger.py
[2025-03-24T17:15:27.922-1000] {processor.py:925} INFO - DAG(s) 'latest_only_with_trigger' retrieved from /opt/anaconda3/envs/titanic/lib/python3.11/site-packages/airflow/example_dags/example_latest_only_with_trigger.py
[2025-03-24T17:15:27.945-1000] {logging_mixin.py:190} INFO - [2025-03-24T17:15:27.945-1000] {dag.py:3239} INFO - Sync 1 DAGs
[2025-03-24T17:15:27.950-1000] {logging_mixin.py:190} INFO - [2025-03-24T17:15:27.950-1000] {dag.py:4180} INFO - Setting next_dagrun for latest_only_with_trigger to 2025-03-24 20:00:00+00:00, run_after=2025-03-25 00:00:00+00:00
[2025-03-24T17:15:27.955-1000] {processor.py:208} INFO - Processing /opt/anaconda3/envs/titanic/lib/python3.11/site-packages/airflow/example_dags/example_latest_only_with_trigger.py took 0.036 seconds
[2025-03-24T17:17:18.504-1000] {processor.py:186} INFO - Started process (PID=39610) to work on /opt/anaconda3/envs/titanic/lib/python3.11/site-packages/airflow/example_dags/example_latest_only_with_trigger.py
[2025-03-24T17:17:18.504-1000] {processor.py:914} INFO - Processing file /opt/anaconda3/envs/titanic/lib/python3.11/site-packages/airflow/example_dags/example_latest_only_with_trigger.py for tasks to queue
[2025-03-24T17:17:18.505-1000] {logging_mixin.py:190} INFO - [2025-03-24T17:17:18.505-1000] {dagbag.py:588} INFO - Filling up the DagBag from /opt/anaconda3/envs/titanic/lib/python3.11/site-packages/airflow/example_dags/example_latest_only_with_trigger.py
[2025-03-24T17:17:18.507-1000] {processor.py:925} INFO - DAG(s) 'latest_only_with_trigger' retrieved from /opt/anaconda3/envs/titanic/lib/python3.11/site-packages/airflow/example_dags/example_latest_only_with_trigger.py
[2025-03-24T17:17:18.530-1000] {logging_mixin.py:190} INFO - [2025-03-24T17:17:18.530-1000] {dag.py:3239} INFO - Sync 1 DAGs
[2025-03-24T17:17:18.535-1000] {logging_mixin.py:190} INFO - [2025-03-24T17:17:18.535-1000] {dag.py:4180} INFO - Setting next_dagrun for latest_only_with_trigger to 2025-03-24 20:00:00+00:00, run_after=2025-03-25 00:00:00+00:00
[2025-03-24T17:17:18.540-1000] {processor.py:208} INFO - Processing /opt/anaconda3/envs/titanic/lib/python3.11/site-packages/airflow/example_dags/example_latest_only_with_trigger.py took 0.037 seconds
[2025-03-24T17:19:05.995-1000] {processor.py:186} INFO - Started process (PID=40035) to work on /opt/anaconda3/envs/titanic/lib/python3.11/site-packages/airflow/example_dags/example_latest_only_with_trigger.py
[2025-03-24T17:19:05.996-1000] {processor.py:914} INFO - Processing file /opt/anaconda3/envs/titanic/lib/python3.11/site-packages/airflow/example_dags/example_latest_only_with_trigger.py for tasks to queue
[2025-03-24T17:19:05.996-1000] {logging_mixin.py:190} INFO - [2025-03-24T17:19:05.996-1000] {dagbag.py:588} INFO - Filling up the DagBag from /opt/anaconda3/envs/titanic/lib/python3.11/site-packages/airflow/example_dags/example_latest_only_with_trigger.py
[2025-03-24T17:19:05.999-1000] {processor.py:925} INFO - DAG(s) 'latest_only_with_trigger' retrieved from /opt/anaconda3/envs/titanic/lib/python3.11/site-packages/airflow/example_dags/example_latest_only_with_trigger.py
[2025-03-24T17:19:06.023-1000] {logging_mixin.py:190} INFO - [2025-03-24T17:19:06.023-1000] {dag.py:3239} INFO - Sync 1 DAGs
[2025-03-24T17:19:06.028-1000] {logging_mixin.py:190} INFO - [2025-03-24T17:19:06.028-1000] {dag.py:4180} INFO - Setting next_dagrun for latest_only_with_trigger to 2025-03-24 20:00:00+00:00, run_after=2025-03-25 00:00:00+00:00
[2025-03-24T17:19:06.032-1000] {processor.py:208} INFO - Processing /opt/anaconda3/envs/titanic/lib/python3.11/site-packages/airflow/example_dags/example_latest_only_with_trigger.py took 0.038 seconds
[2025-03-24T17:21:00.198-1000] {processor.py:186} INFO - Started process (PID=40480) to work on /opt/anaconda3/envs/titanic/lib/python3.11/site-packages/airflow/example_dags/example_latest_only_with_trigger.py
[2025-03-24T17:21:00.199-1000] {processor.py:914} INFO - Processing file /opt/anaconda3/envs/titanic/lib/python3.11/site-packages/airflow/example_dags/example_latest_only_with_trigger.py for tasks to queue
[2025-03-24T17:21:00.200-1000] {logging_mixin.py:190} INFO - [2025-03-24T17:21:00.200-1000] {dagbag.py:588} INFO - Filling up the DagBag from /opt/anaconda3/envs/titanic/lib/python3.11/site-packages/airflow/example_dags/example_latest_only_with_trigger.py
[2025-03-24T17:21:00.202-1000] {processor.py:925} INFO - DAG(s) 'latest_only_with_trigger' retrieved from /opt/anaconda3/envs/titanic/lib/python3.11/site-packages/airflow/example_dags/example_latest_only_with_trigger.py
[2025-03-24T17:21:00.226-1000] {logging_mixin.py:190} INFO - [2025-03-24T17:21:00.226-1000] {dag.py:3239} INFO - Sync 1 DAGs
[2025-03-24T17:21:00.230-1000] {logging_mixin.py:190} INFO - [2025-03-24T17:21:00.230-1000] {dag.py:4180} INFO - Setting next_dagrun for latest_only_with_trigger to 2025-03-24 20:00:00+00:00, run_after=2025-03-25 00:00:00+00:00
[2025-03-24T17:21:00.235-1000] {processor.py:208} INFO - Processing /opt/anaconda3/envs/titanic/lib/python3.11/site-packages/airflow/example_dags/example_latest_only_with_trigger.py took 0.038 seconds
[2025-03-24T17:22:50.660-1000] {processor.py:186} INFO - Started process (PID=40926) to work on /opt/anaconda3/envs/titanic/lib/python3.11/site-packages/airflow/example_dags/example_latest_only_with_trigger.py
[2025-03-24T17:22:50.661-1000] {processor.py:914} INFO - Processing file /opt/anaconda3/envs/titanic/lib/python3.11/site-packages/airflow/example_dags/example_latest_only_with_trigger.py for tasks to queue
[2025-03-24T17:22:50.662-1000] {logging_mixin.py:190} INFO - [2025-03-24T17:22:50.662-1000] {dagbag.py:588} INFO - Filling up the DagBag from /opt/anaconda3/envs/titanic/lib/python3.11/site-packages/airflow/example_dags/example_latest_only_with_trigger.py
[2025-03-24T17:22:50.664-1000] {processor.py:925} INFO - DAG(s) 'latest_only_with_trigger' retrieved from /opt/anaconda3/envs/titanic/lib/python3.11/site-packages/airflow/example_dags/example_latest_only_with_trigger.py
[2025-03-24T17:22:50.688-1000] {logging_mixin.py:190} INFO - [2025-03-24T17:22:50.688-1000] {dag.py:3239} INFO - Sync 1 DAGs
[2025-03-24T17:22:50.692-1000] {logging_mixin.py:190} INFO - [2025-03-24T17:22:50.692-1000] {dag.py:4180} INFO - Setting next_dagrun for latest_only_with_trigger to 2025-03-24 20:00:00+00:00, run_after=2025-03-25 00:00:00+00:00
[2025-03-24T17:22:50.697-1000] {processor.py:208} INFO - Processing /opt/anaconda3/envs/titanic/lib/python3.11/site-packages/airflow/example_dags/example_latest_only_with_trigger.py took 0.037 seconds
[2025-03-24T17:24:44.135-1000] {processor.py:186} INFO - Started process (PID=41356) to work on /opt/anaconda3/envs/titanic/lib/python3.11/site-packages/airflow/example_dags/example_latest_only_with_trigger.py
[2025-03-24T17:24:44.136-1000] {processor.py:914} INFO - Processing file /opt/anaconda3/envs/titanic/lib/python3.11/site-packages/airflow/example_dags/example_latest_only_with_trigger.py for tasks to queue
[2025-03-24T17:24:44.136-1000] {logging_mixin.py:190} INFO - [2025-03-24T17:24:44.136-1000] {dagbag.py:588} INFO - Filling up the DagBag from /opt/anaconda3/envs/titanic/lib/python3.11/site-packages/airflow/example_dags/example_latest_only_with_trigger.py
[2025-03-24T17:24:44.139-1000] {processor.py:925} INFO - DAG(s) 'latest_only_with_trigger' retrieved from /opt/anaconda3/envs/titanic/lib/python3.11/site-packages/airflow/example_dags/example_latest_only_with_trigger.py
[2025-03-24T17:24:44.164-1000] {logging_mixin.py:190} INFO - [2025-03-24T17:24:44.164-1000] {dag.py:3239} INFO - Sync 1 DAGs
[2025-03-24T17:24:44.170-1000] {logging_mixin.py:190} INFO - [2025-03-24T17:24:44.169-1000] {dag.py:4180} INFO - Setting next_dagrun for latest_only_with_trigger to 2025-03-24 20:00:00+00:00, run_after=2025-03-25 00:00:00+00:00
[2025-03-24T17:24:44.174-1000] {processor.py:208} INFO - Processing /opt/anaconda3/envs/titanic/lib/python3.11/site-packages/airflow/example_dags/example_latest_only_with_trigger.py took 0.040 seconds
[2025-03-24T17:26:43.640-1000] {processor.py:186} INFO - Started process (PID=41888) to work on /opt/anaconda3/envs/titanic/lib/python3.11/site-packages/airflow/example_dags/example_latest_only_with_trigger.py
[2025-03-24T17:26:43.641-1000] {processor.py:914} INFO - Processing file /opt/anaconda3/envs/titanic/lib/python3.11/site-packages/airflow/example_dags/example_latest_only_with_trigger.py for tasks to queue
[2025-03-24T17:26:43.641-1000] {logging_mixin.py:190} INFO - [2025-03-24T17:26:43.641-1000] {dagbag.py:588} INFO - Filling up the DagBag from /opt/anaconda3/envs/titanic/lib/python3.11/site-packages/airflow/example_dags/example_latest_only_with_trigger.py
[2025-03-24T17:26:43.643-1000] {processor.py:925} INFO - DAG(s) 'latest_only_with_trigger' retrieved from /opt/anaconda3/envs/titanic/lib/python3.11/site-packages/airflow/example_dags/example_latest_only_with_trigger.py
[2025-03-24T17:26:43.669-1000] {logging_mixin.py:190} INFO - [2025-03-24T17:26:43.669-1000] {dag.py:3239} INFO - Sync 1 DAGs
[2025-03-24T17:26:43.674-1000] {logging_mixin.py:190} INFO - [2025-03-24T17:26:43.674-1000] {dag.py:4180} INFO - Setting next_dagrun for latest_only_with_trigger to 2025-03-24 20:00:00+00:00, run_after=2025-03-25 00:00:00+00:00
[2025-03-24T17:26:43.680-1000] {processor.py:208} INFO - Processing /opt/anaconda3/envs/titanic/lib/python3.11/site-packages/airflow/example_dags/example_latest_only_with_trigger.py took 0.040 seconds
[2025-03-24T17:28:39.059-1000] {processor.py:186} INFO - Started process (PID=42366) to work on /opt/anaconda3/envs/titanic/lib/python3.11/site-packages/airflow/example_dags/example_latest_only_with_trigger.py
[2025-03-24T17:28:39.059-1000] {processor.py:914} INFO - Processing file /opt/anaconda3/envs/titanic/lib/python3.11/site-packages/airflow/example_dags/example_latest_only_with_trigger.py for tasks to queue
[2025-03-24T17:28:39.059-1000] {logging_mixin.py:190} INFO - [2025-03-24T17:28:39.059-1000] {dagbag.py:588} INFO - Filling up the DagBag from /opt/anaconda3/envs/titanic/lib/python3.11/site-packages/airflow/example_dags/example_latest_only_with_trigger.py
[2025-03-24T17:28:39.061-1000] {processor.py:925} INFO - DAG(s) 'latest_only_with_trigger' retrieved from /opt/anaconda3/envs/titanic/lib/python3.11/site-packages/airflow/example_dags/example_latest_only_with_trigger.py
[2025-03-24T17:28:39.085-1000] {logging_mixin.py:190} INFO - [2025-03-24T17:28:39.085-1000] {dag.py:3239} INFO - Sync 1 DAGs
[2025-03-24T17:28:39.090-1000] {logging_mixin.py:190} INFO - [2025-03-24T17:28:39.090-1000] {dag.py:4180} INFO - Setting next_dagrun for latest_only_with_trigger to 2025-03-24 20:00:00+00:00, run_after=2025-03-25 00:00:00+00:00
[2025-03-24T17:28:39.095-1000] {processor.py:208} INFO - Processing /opt/anaconda3/envs/titanic/lib/python3.11/site-packages/airflow/example_dags/example_latest_only_with_trigger.py took 0.037 seconds
[2025-03-24T17:30:30.938-1000] {processor.py:186} INFO - Started process (PID=42825) to work on /opt/anaconda3/envs/titanic/lib/python3.11/site-packages/airflow/example_dags/example_latest_only_with_trigger.py
[2025-03-24T17:30:30.938-1000] {processor.py:914} INFO - Processing file /opt/anaconda3/envs/titanic/lib/python3.11/site-packages/airflow/example_dags/example_latest_only_with_trigger.py for tasks to queue
[2025-03-24T17:30:30.938-1000] {logging_mixin.py:190} INFO - [2025-03-24T17:30:30.938-1000] {dagbag.py:588} INFO - Filling up the DagBag from /opt/anaconda3/envs/titanic/lib/python3.11/site-packages/airflow/example_dags/example_latest_only_with_trigger.py
[2025-03-24T17:30:30.940-1000] {processor.py:925} INFO - DAG(s) 'latest_only_with_trigger' retrieved from /opt/anaconda3/envs/titanic/lib/python3.11/site-packages/airflow/example_dags/example_latest_only_with_trigger.py
[2025-03-24T17:30:30.964-1000] {logging_mixin.py:190} INFO - [2025-03-24T17:30:30.964-1000] {dag.py:3239} INFO - Sync 1 DAGs
[2025-03-24T17:30:30.969-1000] {logging_mixin.py:190} INFO - [2025-03-24T17:30:30.969-1000] {dag.py:4180} INFO - Setting next_dagrun for latest_only_with_trigger to 2025-03-24 20:00:00+00:00, run_after=2025-03-25 00:00:00+00:00
[2025-03-24T17:30:30.974-1000] {processor.py:208} INFO - Processing /opt/anaconda3/envs/titanic/lib/python3.11/site-packages/airflow/example_dags/example_latest_only_with_trigger.py took 0.037 seconds
[2025-03-24T17:32:35.250-1000] {processor.py:186} INFO - Started process (PID=43357) to work on /opt/anaconda3/envs/titanic/lib/python3.11/site-packages/airflow/example_dags/example_latest_only_with_trigger.py
[2025-03-24T17:32:35.251-1000] {processor.py:914} INFO - Processing file /opt/anaconda3/envs/titanic/lib/python3.11/site-packages/airflow/example_dags/example_latest_only_with_trigger.py for tasks to queue
[2025-03-24T17:32:35.251-1000] {logging_mixin.py:190} INFO - [2025-03-24T17:32:35.251-1000] {dagbag.py:588} INFO - Filling up the DagBag from /opt/anaconda3/envs/titanic/lib/python3.11/site-packages/airflow/example_dags/example_latest_only_with_trigger.py
[2025-03-24T17:32:35.254-1000] {processor.py:925} INFO - DAG(s) 'latest_only_with_trigger' retrieved from /opt/anaconda3/envs/titanic/lib/python3.11/site-packages/airflow/example_dags/example_latest_only_with_trigger.py
[2025-03-24T17:32:35.279-1000] {logging_mixin.py:190} INFO - [2025-03-24T17:32:35.279-1000] {dag.py:3239} INFO - Sync 1 DAGs
[2025-03-24T17:32:35.284-1000] {logging_mixin.py:190} INFO - [2025-03-24T17:32:35.283-1000] {dag.py:4180} INFO - Setting next_dagrun for latest_only_with_trigger to 2025-03-24 20:00:00+00:00, run_after=2025-03-25 00:00:00+00:00
[2025-03-24T17:32:35.288-1000] {processor.py:208} INFO - Processing /opt/anaconda3/envs/titanic/lib/python3.11/site-packages/airflow/example_dags/example_latest_only_with_trigger.py took 0.039 seconds
