[2025-03-24T15:52:06.085-1000] {processor.py:186} INFO - Started process (PID=19611) to work on /opt/anaconda3/envs/titanic/lib/python3.11/site-packages/airflow/example_dags/example_bash_decorator.py
[2025-03-24T15:52:06.085-1000] {processor.py:914} INFO - Processing file /opt/anaconda3/envs/titanic/lib/python3.11/site-packages/airflow/example_dags/example_bash_decorator.py for tasks to queue
[2025-03-24T15:52:06.085-1000] {logging_mixin.py:190} INFO - [2025-03-24T15:52:06.085-1000] {dagbag.py:588} INFO - Filling up the DagBag from /opt/anaconda3/envs/titanic/lib/python3.11/site-packages/airflow/example_dags/example_bash_decorator.py
[2025-03-24T15:52:06.099-1000] {processor.py:925} INFO - DAG(s) 'example_bash_decorator' retrieved from /opt/anaconda3/envs/titanic/lib/python3.11/site-packages/airflow/example_dags/example_bash_decorator.py
[2025-03-24T15:52:06.152-1000] {logging_mixin.py:190} INFO - [2025-03-24T15:52:06.151-1000] {override.py:1930} INFO - Created Permission View: can delete on DAG:example_bash_decorator
[2025-03-24T15:52:06.154-1000] {logging_mixin.py:190} INFO - [2025-03-24T15:52:06.154-1000] {override.py:1930} INFO - Created Permission View: can edit on DAG:example_bash_decorator
[2025-03-24T15:52:06.155-1000] {logging_mixin.py:190} INFO - [2025-03-24T15:52:06.155-1000] {override.py:1930} INFO - Created Permission View: can read on DAG:example_bash_decorator
[2025-03-24T15:52:06.158-1000] {logging_mixin.py:190} INFO - [2025-03-24T15:52:06.158-1000] {override.py:1930} INFO - Created Permission View: menu access on DAG Run:example_bash_decorator
[2025-03-24T15:52:06.159-1000] {logging_mixin.py:190} INFO - [2025-03-24T15:52:06.159-1000] {override.py:1930} INFO - Created Permission View: can delete on DAG Run:example_bash_decorator
[2025-03-24T15:52:06.161-1000] {logging_mixin.py:190} INFO - [2025-03-24T15:52:06.161-1000] {override.py:1930} INFO - Created Permission View: can create on DAG Run:example_bash_decorator
[2025-03-24T15:52:06.163-1000] {logging_mixin.py:190} INFO - [2025-03-24T15:52:06.163-1000] {override.py:1930} INFO - Created Permission View: can read on DAG Run:example_bash_decorator
[2025-03-24T15:52:06.163-1000] {logging_mixin.py:190} INFO - [2025-03-24T15:52:06.163-1000] {dag.py:3239} INFO - Sync 1 DAGs
[2025-03-24T15:52:06.166-1000] {logging_mixin.py:190} INFO - [2025-03-24T15:52:06.166-1000] {dag.py:3262} INFO - Creating ORM DAG for example_bash_decorator
[2025-03-24T15:52:06.166-1000] {logging_mixin.py:190} INFO - [2025-03-24T15:52:06.166-1000] {dag.py:4180} INFO - Setting next_dagrun for example_bash_decorator to None, run_after=None
[2025-03-24T15:52:06.171-1000] {processor.py:208} INFO - Processing /opt/anaconda3/envs/titanic/lib/python3.11/site-packages/airflow/example_dags/example_bash_decorator.py took 0.112 seconds
[2025-03-24T15:54:08.526-1000] {processor.py:186} INFO - Started process (PID=20270) to work on /opt/anaconda3/envs/titanic/lib/python3.11/site-packages/airflow/example_dags/example_bash_decorator.py
[2025-03-24T15:54:08.528-1000] {processor.py:914} INFO - Processing file /opt/anaconda3/envs/titanic/lib/python3.11/site-packages/airflow/example_dags/example_bash_decorator.py for tasks to queue
[2025-03-24T15:54:08.528-1000] {logging_mixin.py:190} INFO - [2025-03-24T15:54:08.528-1000] {dagbag.py:588} INFO - Filling up the DagBag from /opt/anaconda3/envs/titanic/lib/python3.11/site-packages/airflow/example_dags/example_bash_decorator.py
[2025-03-24T15:54:08.539-1000] {processor.py:925} INFO - DAG(s) 'example_bash_decorator' retrieved from /opt/anaconda3/envs/titanic/lib/python3.11/site-packages/airflow/example_dags/example_bash_decorator.py
[2025-03-24T15:54:08.587-1000] {logging_mixin.py:190} INFO - [2025-03-24T15:54:08.586-1000] {dag.py:3239} INFO - Sync 1 DAGs
[2025-03-24T15:54:08.589-1000] {logging_mixin.py:190} INFO - [2025-03-24T15:54:08.589-1000] {dag.py:4180} INFO - Setting next_dagrun for example_bash_decorator to None, run_after=None
[2025-03-24T15:54:08.594-1000] {processor.py:208} INFO - Processing /opt/anaconda3/envs/titanic/lib/python3.11/site-packages/airflow/example_dags/example_bash_decorator.py took 0.087 seconds
[2025-03-24T15:55:57.927-1000] {processor.py:186} INFO - Started process (PID=20688) to work on /opt/anaconda3/envs/titanic/lib/python3.11/site-packages/airflow/example_dags/example_bash_decorator.py
[2025-03-24T15:55:57.927-1000] {processor.py:914} INFO - Processing file /opt/anaconda3/envs/titanic/lib/python3.11/site-packages/airflow/example_dags/example_bash_decorator.py for tasks to queue
[2025-03-24T15:55:57.928-1000] {logging_mixin.py:190} INFO - [2025-03-24T15:55:57.928-1000] {dagbag.py:588} INFO - Filling up the DagBag from /opt/anaconda3/envs/titanic/lib/python3.11/site-packages/airflow/example_dags/example_bash_decorator.py
[2025-03-24T15:55:57.939-1000] {processor.py:925} INFO - DAG(s) 'example_bash_decorator' retrieved from /opt/anaconda3/envs/titanic/lib/python3.11/site-packages/airflow/example_dags/example_bash_decorator.py
[2025-03-24T15:55:57.986-1000] {logging_mixin.py:190} INFO - [2025-03-24T15:55:57.986-1000] {dag.py:3239} INFO - Sync 1 DAGs
[2025-03-24T15:55:57.988-1000] {logging_mixin.py:190} INFO - [2025-03-24T15:55:57.988-1000] {dag.py:4180} INFO - Setting next_dagrun for example_bash_decorator to None, run_after=None
[2025-03-24T15:55:57.993-1000] {processor.py:208} INFO - Processing /opt/anaconda3/envs/titanic/lib/python3.11/site-packages/airflow/example_dags/example_bash_decorator.py took 0.087 seconds
[2025-03-24T15:57:46.330-1000] {processor.py:186} INFO - Started process (PID=21106) to work on /opt/anaconda3/envs/titanic/lib/python3.11/site-packages/airflow/example_dags/example_bash_decorator.py
[2025-03-24T15:57:46.331-1000] {processor.py:914} INFO - Processing file /opt/anaconda3/envs/titanic/lib/python3.11/site-packages/airflow/example_dags/example_bash_decorator.py for tasks to queue
[2025-03-24T15:57:46.331-1000] {logging_mixin.py:190} INFO - [2025-03-24T15:57:46.331-1000] {dagbag.py:588} INFO - Filling up the DagBag from /opt/anaconda3/envs/titanic/lib/python3.11/site-packages/airflow/example_dags/example_bash_decorator.py
[2025-03-24T15:57:46.342-1000] {processor.py:925} INFO - DAG(s) 'example_bash_decorator' retrieved from /opt/anaconda3/envs/titanic/lib/python3.11/site-packages/airflow/example_dags/example_bash_decorator.py
[2025-03-24T15:57:46.390-1000] {logging_mixin.py:190} INFO - [2025-03-24T15:57:46.390-1000] {dag.py:3239} INFO - Sync 1 DAGs
[2025-03-24T15:57:46.392-1000] {logging_mixin.py:190} INFO - [2025-03-24T15:57:46.392-1000] {dag.py:4180} INFO - Setting next_dagrun for example_bash_decorator to None, run_after=None
[2025-03-24T15:57:46.397-1000] {processor.py:208} INFO - Processing /opt/anaconda3/envs/titanic/lib/python3.11/site-packages/airflow/example_dags/example_bash_decorator.py took 0.086 seconds
[2025-03-24T15:59:32.865-1000] {processor.py:186} INFO - Started process (PID=21523) to work on /opt/anaconda3/envs/titanic/lib/python3.11/site-packages/airflow/example_dags/example_bash_decorator.py
[2025-03-24T15:59:32.866-1000] {processor.py:914} INFO - Processing file /opt/anaconda3/envs/titanic/lib/python3.11/site-packages/airflow/example_dags/example_bash_decorator.py for tasks to queue
[2025-03-24T15:59:32.866-1000] {logging_mixin.py:190} INFO - [2025-03-24T15:59:32.866-1000] {dagbag.py:588} INFO - Filling up the DagBag from /opt/anaconda3/envs/titanic/lib/python3.11/site-packages/airflow/example_dags/example_bash_decorator.py
[2025-03-24T15:59:32.878-1000] {processor.py:925} INFO - DAG(s) 'example_bash_decorator' retrieved from /opt/anaconda3/envs/titanic/lib/python3.11/site-packages/airflow/example_dags/example_bash_decorator.py
[2025-03-24T15:59:32.927-1000] {logging_mixin.py:190} INFO - [2025-03-24T15:59:32.927-1000] {dag.py:3239} INFO - Sync 1 DAGs
[2025-03-24T15:59:32.930-1000] {logging_mixin.py:190} INFO - [2025-03-24T15:59:32.930-1000] {dag.py:4180} INFO - Setting next_dagrun for example_bash_decorator to None, run_after=None
[2025-03-24T15:59:32.935-1000] {processor.py:208} INFO - Processing /opt/anaconda3/envs/titanic/lib/python3.11/site-packages/airflow/example_dags/example_bash_decorator.py took 0.091 seconds
[2025-03-24T16:01:46.220-1000] {processor.py:186} INFO - Started process (PID=22027) to work on /opt/anaconda3/envs/titanic/lib/python3.11/site-packages/airflow/example_dags/example_bash_decorator.py
[2025-03-24T16:01:46.221-1000] {processor.py:914} INFO - Processing file /opt/anaconda3/envs/titanic/lib/python3.11/site-packages/airflow/example_dags/example_bash_decorator.py for tasks to queue
[2025-03-24T16:01:46.222-1000] {logging_mixin.py:190} INFO - [2025-03-24T16:01:46.222-1000] {dagbag.py:588} INFO - Filling up the DagBag from /opt/anaconda3/envs/titanic/lib/python3.11/site-packages/airflow/example_dags/example_bash_decorator.py
[2025-03-24T16:01:46.233-1000] {processor.py:925} INFO - DAG(s) 'example_bash_decorator' retrieved from /opt/anaconda3/envs/titanic/lib/python3.11/site-packages/airflow/example_dags/example_bash_decorator.py
[2025-03-24T16:01:46.279-1000] {logging_mixin.py:190} INFO - [2025-03-24T16:01:46.278-1000] {dag.py:3239} INFO - Sync 1 DAGs
[2025-03-24T16:01:46.281-1000] {logging_mixin.py:190} INFO - [2025-03-24T16:01:46.281-1000] {dag.py:4180} INFO - Setting next_dagrun for example_bash_decorator to None, run_after=None
[2025-03-24T16:01:46.286-1000] {processor.py:208} INFO - Processing /opt/anaconda3/envs/titanic/lib/python3.11/site-packages/airflow/example_dags/example_bash_decorator.py took 0.085 seconds
[2025-03-24T16:03:34.835-1000] {processor.py:186} INFO - Started process (PID=22443) to work on /opt/anaconda3/envs/titanic/lib/python3.11/site-packages/airflow/example_dags/example_bash_decorator.py
[2025-03-24T16:03:34.836-1000] {processor.py:914} INFO - Processing file /opt/anaconda3/envs/titanic/lib/python3.11/site-packages/airflow/example_dags/example_bash_decorator.py for tasks to queue
[2025-03-24T16:03:34.836-1000] {logging_mixin.py:190} INFO - [2025-03-24T16:03:34.836-1000] {dagbag.py:588} INFO - Filling up the DagBag from /opt/anaconda3/envs/titanic/lib/python3.11/site-packages/airflow/example_dags/example_bash_decorator.py
[2025-03-24T16:03:34.847-1000] {processor.py:925} INFO - DAG(s) 'example_bash_decorator' retrieved from /opt/anaconda3/envs/titanic/lib/python3.11/site-packages/airflow/example_dags/example_bash_decorator.py
[2025-03-24T16:03:34.892-1000] {logging_mixin.py:190} INFO - [2025-03-24T16:03:34.892-1000] {dag.py:3239} INFO - Sync 1 DAGs
[2025-03-24T16:03:34.895-1000] {logging_mixin.py:190} INFO - [2025-03-24T16:03:34.895-1000] {dag.py:4180} INFO - Setting next_dagrun for example_bash_decorator to None, run_after=None
[2025-03-24T16:03:34.900-1000] {processor.py:208} INFO - Processing /opt/anaconda3/envs/titanic/lib/python3.11/site-packages/airflow/example_dags/example_bash_decorator.py took 0.084 seconds
[2025-03-24T16:05:20.403-1000] {processor.py:186} INFO - Started process (PID=22841) to work on /opt/anaconda3/envs/titanic/lib/python3.11/site-packages/airflow/example_dags/example_bash_decorator.py
[2025-03-24T16:05:20.404-1000] {processor.py:914} INFO - Processing file /opt/anaconda3/envs/titanic/lib/python3.11/site-packages/airflow/example_dags/example_bash_decorator.py for tasks to queue
[2025-03-24T16:05:20.404-1000] {logging_mixin.py:190} INFO - [2025-03-24T16:05:20.404-1000] {dagbag.py:588} INFO - Filling up the DagBag from /opt/anaconda3/envs/titanic/lib/python3.11/site-packages/airflow/example_dags/example_bash_decorator.py
[2025-03-24T16:05:20.415-1000] {processor.py:925} INFO - DAG(s) 'example_bash_decorator' retrieved from /opt/anaconda3/envs/titanic/lib/python3.11/site-packages/airflow/example_dags/example_bash_decorator.py
[2025-03-24T16:05:20.462-1000] {logging_mixin.py:190} INFO - [2025-03-24T16:05:20.462-1000] {dag.py:3239} INFO - Sync 1 DAGs
[2025-03-24T16:05:20.465-1000] {logging_mixin.py:190} INFO - [2025-03-24T16:05:20.464-1000] {dag.py:4180} INFO - Setting next_dagrun for example_bash_decorator to None, run_after=None
[2025-03-24T16:05:20.470-1000] {processor.py:208} INFO - Processing /opt/anaconda3/envs/titanic/lib/python3.11/site-packages/airflow/example_dags/example_bash_decorator.py took 0.086 seconds
[2025-03-24T16:07:09.004-1000] {processor.py:186} INFO - Started process (PID=23287) to work on /opt/anaconda3/envs/titanic/lib/python3.11/site-packages/airflow/example_dags/example_bash_decorator.py
[2025-03-24T16:07:09.004-1000] {processor.py:914} INFO - Processing file /opt/anaconda3/envs/titanic/lib/python3.11/site-packages/airflow/example_dags/example_bash_decorator.py for tasks to queue
[2025-03-24T16:07:09.005-1000] {logging_mixin.py:190} INFO - [2025-03-24T16:07:09.005-1000] {dagbag.py:588} INFO - Filling up the DagBag from /opt/anaconda3/envs/titanic/lib/python3.11/site-packages/airflow/example_dags/example_bash_decorator.py
[2025-03-24T16:07:09.016-1000] {processor.py:925} INFO - DAG(s) 'example_bash_decorator' retrieved from /opt/anaconda3/envs/titanic/lib/python3.11/site-packages/airflow/example_dags/example_bash_decorator.py
[2025-03-24T16:07:09.061-1000] {logging_mixin.py:190} INFO - [2025-03-24T16:07:09.061-1000] {dag.py:3239} INFO - Sync 1 DAGs
[2025-03-24T16:07:09.064-1000] {logging_mixin.py:190} INFO - [2025-03-24T16:07:09.064-1000] {dag.py:4180} INFO - Setting next_dagrun for example_bash_decorator to None, run_after=None
[2025-03-24T16:07:09.069-1000] {processor.py:208} INFO - Processing /opt/anaconda3/envs/titanic/lib/python3.11/site-packages/airflow/example_dags/example_bash_decorator.py took 0.084 seconds
[2025-03-24T16:09:01.777-1000] {processor.py:186} INFO - Started process (PID=23712) to work on /opt/anaconda3/envs/titanic/lib/python3.11/site-packages/airflow/example_dags/example_bash_decorator.py
[2025-03-24T16:09:01.778-1000] {processor.py:914} INFO - Processing file /opt/anaconda3/envs/titanic/lib/python3.11/site-packages/airflow/example_dags/example_bash_decorator.py for tasks to queue
[2025-03-24T16:09:01.778-1000] {logging_mixin.py:190} INFO - [2025-03-24T16:09:01.778-1000] {dagbag.py:588} INFO - Filling up the DagBag from /opt/anaconda3/envs/titanic/lib/python3.11/site-packages/airflow/example_dags/example_bash_decorator.py
[2025-03-24T16:09:01.789-1000] {processor.py:925} INFO - DAG(s) 'example_bash_decorator' retrieved from /opt/anaconda3/envs/titanic/lib/python3.11/site-packages/airflow/example_dags/example_bash_decorator.py
[2025-03-24T16:09:01.834-1000] {logging_mixin.py:190} INFO - [2025-03-24T16:09:01.834-1000] {dag.py:3239} INFO - Sync 1 DAGs
[2025-03-24T16:09:01.836-1000] {logging_mixin.py:190} INFO - [2025-03-24T16:09:01.836-1000] {dag.py:4180} INFO - Setting next_dagrun for example_bash_decorator to None, run_after=None
[2025-03-24T16:09:01.841-1000] {processor.py:208} INFO - Processing /opt/anaconda3/envs/titanic/lib/python3.11/site-packages/airflow/example_dags/example_bash_decorator.py took 0.084 seconds
[2025-03-24T16:11:03.277-1000] {processor.py:186} INFO - Started process (PID=24205) to work on /opt/anaconda3/envs/titanic/lib/python3.11/site-packages/airflow/example_dags/example_bash_decorator.py
[2025-03-24T16:11:03.278-1000] {processor.py:914} INFO - Processing file /opt/anaconda3/envs/titanic/lib/python3.11/site-packages/airflow/example_dags/example_bash_decorator.py for tasks to queue
[2025-03-24T16:11:03.278-1000] {logging_mixin.py:190} INFO - [2025-03-24T16:11:03.278-1000] {dagbag.py:588} INFO - Filling up the DagBag from /opt/anaconda3/envs/titanic/lib/python3.11/site-packages/airflow/example_dags/example_bash_decorator.py
[2025-03-24T16:11:03.289-1000] {processor.py:925} INFO - DAG(s) 'example_bash_decorator' retrieved from /opt/anaconda3/envs/titanic/lib/python3.11/site-packages/airflow/example_dags/example_bash_decorator.py
[2025-03-24T16:11:03.335-1000] {logging_mixin.py:190} INFO - [2025-03-24T16:11:03.335-1000] {dag.py:3239} INFO - Sync 1 DAGs
[2025-03-24T16:11:03.338-1000] {logging_mixin.py:190} INFO - [2025-03-24T16:11:03.338-1000] {dag.py:4180} INFO - Setting next_dagrun for example_bash_decorator to None, run_after=None
[2025-03-24T16:11:03.343-1000] {processor.py:208} INFO - Processing /opt/anaconda3/envs/titanic/lib/python3.11/site-packages/airflow/example_dags/example_bash_decorator.py took 0.085 seconds
[2025-03-24T16:13:00.927-1000] {processor.py:186} INFO - Started process (PID=24702) to work on /opt/anaconda3/envs/titanic/lib/python3.11/site-packages/airflow/example_dags/example_bash_decorator.py
[2025-03-24T16:13:00.928-1000] {processor.py:914} INFO - Processing file /opt/anaconda3/envs/titanic/lib/python3.11/site-packages/airflow/example_dags/example_bash_decorator.py for tasks to queue
[2025-03-24T16:13:00.928-1000] {logging_mixin.py:190} INFO - [2025-03-24T16:13:00.928-1000] {dagbag.py:588} INFO - Filling up the DagBag from /opt/anaconda3/envs/titanic/lib/python3.11/site-packages/airflow/example_dags/example_bash_decorator.py
[2025-03-24T16:13:00.939-1000] {processor.py:925} INFO - DAG(s) 'example_bash_decorator' retrieved from /opt/anaconda3/envs/titanic/lib/python3.11/site-packages/airflow/example_dags/example_bash_decorator.py
[2025-03-24T16:13:00.995-1000] {logging_mixin.py:190} INFO - [2025-03-24T16:13:00.995-1000] {dag.py:3239} INFO - Sync 1 DAGs
[2025-03-24T16:13:00.998-1000] {logging_mixin.py:190} INFO - [2025-03-24T16:13:00.997-1000] {dag.py:4180} INFO - Setting next_dagrun for example_bash_decorator to None, run_after=None
[2025-03-24T16:13:01.002-1000] {processor.py:208} INFO - Processing /opt/anaconda3/envs/titanic/lib/python3.11/site-packages/airflow/example_dags/example_bash_decorator.py took 0.096 seconds
[2025-03-24T16:14:57.412-1000] {processor.py:186} INFO - Started process (PID=25153) to work on /opt/anaconda3/envs/titanic/lib/python3.11/site-packages/airflow/example_dags/example_bash_decorator.py
[2025-03-24T16:14:57.413-1000] {processor.py:914} INFO - Processing file /opt/anaconda3/envs/titanic/lib/python3.11/site-packages/airflow/example_dags/example_bash_decorator.py for tasks to queue
[2025-03-24T16:14:57.413-1000] {logging_mixin.py:190} INFO - [2025-03-24T16:14:57.413-1000] {dagbag.py:588} INFO - Filling up the DagBag from /opt/anaconda3/envs/titanic/lib/python3.11/site-packages/airflow/example_dags/example_bash_decorator.py
[2025-03-24T16:14:57.424-1000] {processor.py:925} INFO - DAG(s) 'example_bash_decorator' retrieved from /opt/anaconda3/envs/titanic/lib/python3.11/site-packages/airflow/example_dags/example_bash_decorator.py
[2025-03-24T16:14:57.471-1000] {logging_mixin.py:190} INFO - [2025-03-24T16:14:57.471-1000] {dag.py:3239} INFO - Sync 1 DAGs
[2025-03-24T16:14:57.473-1000] {logging_mixin.py:190} INFO - [2025-03-24T16:14:57.473-1000] {dag.py:4180} INFO - Setting next_dagrun for example_bash_decorator to None, run_after=None
[2025-03-24T16:14:57.478-1000] {processor.py:208} INFO - Processing /opt/anaconda3/envs/titanic/lib/python3.11/site-packages/airflow/example_dags/example_bash_decorator.py took 0.086 seconds
[2025-03-24T16:16:50.085-1000] {processor.py:186} INFO - Started process (PID=25603) to work on /opt/anaconda3/envs/titanic/lib/python3.11/site-packages/airflow/example_dags/example_bash_decorator.py
[2025-03-24T16:16:50.085-1000] {processor.py:914} INFO - Processing file /opt/anaconda3/envs/titanic/lib/python3.11/site-packages/airflow/example_dags/example_bash_decorator.py for tasks to queue
[2025-03-24T16:16:50.085-1000] {logging_mixin.py:190} INFO - [2025-03-24T16:16:50.085-1000] {dagbag.py:588} INFO - Filling up the DagBag from /opt/anaconda3/envs/titanic/lib/python3.11/site-packages/airflow/example_dags/example_bash_decorator.py
[2025-03-24T16:16:50.096-1000] {processor.py:925} INFO - DAG(s) 'example_bash_decorator' retrieved from /opt/anaconda3/envs/titanic/lib/python3.11/site-packages/airflow/example_dags/example_bash_decorator.py
[2025-03-24T16:16:50.143-1000] {logging_mixin.py:190} INFO - [2025-03-24T16:16:50.143-1000] {dag.py:3239} INFO - Sync 1 DAGs
[2025-03-24T16:16:50.146-1000] {logging_mixin.py:190} INFO - [2025-03-24T16:16:50.146-1000] {dag.py:4180} INFO - Setting next_dagrun for example_bash_decorator to None, run_after=None
[2025-03-24T16:16:50.151-1000] {processor.py:208} INFO - Processing /opt/anaconda3/envs/titanic/lib/python3.11/site-packages/airflow/example_dags/example_bash_decorator.py took 0.085 seconds
[2025-03-24T16:18:39.934-1000] {processor.py:186} INFO - Started process (PID=26049) to work on /opt/anaconda3/envs/titanic/lib/python3.11/site-packages/airflow/example_dags/example_bash_decorator.py
[2025-03-24T16:18:39.935-1000] {processor.py:914} INFO - Processing file /opt/anaconda3/envs/titanic/lib/python3.11/site-packages/airflow/example_dags/example_bash_decorator.py for tasks to queue
[2025-03-24T16:18:39.935-1000] {logging_mixin.py:190} INFO - [2025-03-24T16:18:39.935-1000] {dagbag.py:588} INFO - Filling up the DagBag from /opt/anaconda3/envs/titanic/lib/python3.11/site-packages/airflow/example_dags/example_bash_decorator.py
[2025-03-24T16:18:39.946-1000] {processor.py:925} INFO - DAG(s) 'example_bash_decorator' retrieved from /opt/anaconda3/envs/titanic/lib/python3.11/site-packages/airflow/example_dags/example_bash_decorator.py
[2025-03-24T16:18:39.992-1000] {logging_mixin.py:190} INFO - [2025-03-24T16:18:39.992-1000] {dag.py:3239} INFO - Sync 1 DAGs
[2025-03-24T16:18:39.995-1000] {logging_mixin.py:190} INFO - [2025-03-24T16:18:39.995-1000] {dag.py:4180} INFO - Setting next_dagrun for example_bash_decorator to None, run_after=None
[2025-03-24T16:18:40.000-1000] {processor.py:208} INFO - Processing /opt/anaconda3/envs/titanic/lib/python3.11/site-packages/airflow/example_dags/example_bash_decorator.py took 0.085 seconds
[2025-03-24T16:20:31.979-1000] {processor.py:186} INFO - Started process (PID=26471) to work on /opt/anaconda3/envs/titanic/lib/python3.11/site-packages/airflow/example_dags/example_bash_decorator.py
[2025-03-24T16:20:31.980-1000] {processor.py:914} INFO - Processing file /opt/anaconda3/envs/titanic/lib/python3.11/site-packages/airflow/example_dags/example_bash_decorator.py for tasks to queue
[2025-03-24T16:20:31.980-1000] {logging_mixin.py:190} INFO - [2025-03-24T16:20:31.980-1000] {dagbag.py:588} INFO - Filling up the DagBag from /opt/anaconda3/envs/titanic/lib/python3.11/site-packages/airflow/example_dags/example_bash_decorator.py
[2025-03-24T16:20:31.991-1000] {processor.py:925} INFO - DAG(s) 'example_bash_decorator' retrieved from /opt/anaconda3/envs/titanic/lib/python3.11/site-packages/airflow/example_dags/example_bash_decorator.py
[2025-03-24T16:20:32.036-1000] {logging_mixin.py:190} INFO - [2025-03-24T16:20:32.036-1000] {dag.py:3239} INFO - Sync 1 DAGs
[2025-03-24T16:20:32.039-1000] {logging_mixin.py:190} INFO - [2025-03-24T16:20:32.039-1000] {dag.py:4180} INFO - Setting next_dagrun for example_bash_decorator to None, run_after=None
[2025-03-24T16:20:32.044-1000] {processor.py:208} INFO - Processing /opt/anaconda3/envs/titanic/lib/python3.11/site-packages/airflow/example_dags/example_bash_decorator.py took 0.084 seconds
[2025-03-24T16:22:21.708-1000] {processor.py:186} INFO - Started process (PID=26884) to work on /opt/anaconda3/envs/titanic/lib/python3.11/site-packages/airflow/example_dags/example_bash_decorator.py
[2025-03-24T16:22:21.708-1000] {processor.py:914} INFO - Processing file /opt/anaconda3/envs/titanic/lib/python3.11/site-packages/airflow/example_dags/example_bash_decorator.py for tasks to queue
[2025-03-24T16:22:21.708-1000] {logging_mixin.py:190} INFO - [2025-03-24T16:22:21.708-1000] {dagbag.py:588} INFO - Filling up the DagBag from /opt/anaconda3/envs/titanic/lib/python3.11/site-packages/airflow/example_dags/example_bash_decorator.py
[2025-03-24T16:22:21.719-1000] {processor.py:925} INFO - DAG(s) 'example_bash_decorator' retrieved from /opt/anaconda3/envs/titanic/lib/python3.11/site-packages/airflow/example_dags/example_bash_decorator.py
[2025-03-24T16:22:21.766-1000] {logging_mixin.py:190} INFO - [2025-03-24T16:22:21.766-1000] {dag.py:3239} INFO - Sync 1 DAGs
[2025-03-24T16:22:21.769-1000] {logging_mixin.py:190} INFO - [2025-03-24T16:22:21.769-1000] {dag.py:4180} INFO - Setting next_dagrun for example_bash_decorator to None, run_after=None
[2025-03-24T16:22:21.774-1000] {processor.py:208} INFO - Processing /opt/anaconda3/envs/titanic/lib/python3.11/site-packages/airflow/example_dags/example_bash_decorator.py took 0.088 seconds
[2025-03-24T16:24:15.106-1000] {processor.py:186} INFO - Started process (PID=27336) to work on /opt/anaconda3/envs/titanic/lib/python3.11/site-packages/airflow/example_dags/example_bash_decorator.py
[2025-03-24T16:24:15.107-1000] {processor.py:914} INFO - Processing file /opt/anaconda3/envs/titanic/lib/python3.11/site-packages/airflow/example_dags/example_bash_decorator.py for tasks to queue
[2025-03-24T16:24:15.107-1000] {logging_mixin.py:190} INFO - [2025-03-24T16:24:15.107-1000] {dagbag.py:588} INFO - Filling up the DagBag from /opt/anaconda3/envs/titanic/lib/python3.11/site-packages/airflow/example_dags/example_bash_decorator.py
[2025-03-24T16:24:15.118-1000] {processor.py:925} INFO - DAG(s) 'example_bash_decorator' retrieved from /opt/anaconda3/envs/titanic/lib/python3.11/site-packages/airflow/example_dags/example_bash_decorator.py
[2025-03-24T16:24:15.165-1000] {logging_mixin.py:190} INFO - [2025-03-24T16:24:15.165-1000] {dag.py:3239} INFO - Sync 1 DAGs
[2025-03-24T16:24:15.168-1000] {logging_mixin.py:190} INFO - [2025-03-24T16:24:15.168-1000] {dag.py:4180} INFO - Setting next_dagrun for example_bash_decorator to None, run_after=None
[2025-03-24T16:24:15.173-1000] {processor.py:208} INFO - Processing /opt/anaconda3/envs/titanic/lib/python3.11/site-packages/airflow/example_dags/example_bash_decorator.py took 0.087 seconds
[2025-03-24T16:26:07.805-1000] {processor.py:186} INFO - Started process (PID=27764) to work on /opt/anaconda3/envs/titanic/lib/python3.11/site-packages/airflow/example_dags/example_bash_decorator.py
[2025-03-24T16:26:07.806-1000] {processor.py:914} INFO - Processing file /opt/anaconda3/envs/titanic/lib/python3.11/site-packages/airflow/example_dags/example_bash_decorator.py for tasks to queue
[2025-03-24T16:26:07.806-1000] {logging_mixin.py:190} INFO - [2025-03-24T16:26:07.806-1000] {dagbag.py:588} INFO - Filling up the DagBag from /opt/anaconda3/envs/titanic/lib/python3.11/site-packages/airflow/example_dags/example_bash_decorator.py
[2025-03-24T16:26:07.817-1000] {processor.py:925} INFO - DAG(s) 'example_bash_decorator' retrieved from /opt/anaconda3/envs/titanic/lib/python3.11/site-packages/airflow/example_dags/example_bash_decorator.py
[2025-03-24T16:26:07.864-1000] {logging_mixin.py:190} INFO - [2025-03-24T16:26:07.864-1000] {dag.py:3239} INFO - Sync 1 DAGs
[2025-03-24T16:26:07.867-1000] {logging_mixin.py:190} INFO - [2025-03-24T16:26:07.867-1000] {dag.py:4180} INFO - Setting next_dagrun for example_bash_decorator to None, run_after=None
[2025-03-24T16:26:07.872-1000] {processor.py:208} INFO - Processing /opt/anaconda3/envs/titanic/lib/python3.11/site-packages/airflow/example_dags/example_bash_decorator.py took 0.087 seconds
[2025-03-24T16:27:58.411-1000] {processor.py:186} INFO - Started process (PID=28184) to work on /opt/anaconda3/envs/titanic/lib/python3.11/site-packages/airflow/example_dags/example_bash_decorator.py
[2025-03-24T16:27:58.412-1000] {processor.py:914} INFO - Processing file /opt/anaconda3/envs/titanic/lib/python3.11/site-packages/airflow/example_dags/example_bash_decorator.py for tasks to queue
[2025-03-24T16:27:58.412-1000] {logging_mixin.py:190} INFO - [2025-03-24T16:27:58.412-1000] {dagbag.py:588} INFO - Filling up the DagBag from /opt/anaconda3/envs/titanic/lib/python3.11/site-packages/airflow/example_dags/example_bash_decorator.py
[2025-03-24T16:27:58.423-1000] {processor.py:925} INFO - DAG(s) 'example_bash_decorator' retrieved from /opt/anaconda3/envs/titanic/lib/python3.11/site-packages/airflow/example_dags/example_bash_decorator.py
[2025-03-24T16:27:58.469-1000] {logging_mixin.py:190} INFO - [2025-03-24T16:27:58.468-1000] {dag.py:3239} INFO - Sync 1 DAGs
[2025-03-24T16:27:58.471-1000] {logging_mixin.py:190} INFO - [2025-03-24T16:27:58.471-1000] {dag.py:4180} INFO - Setting next_dagrun for example_bash_decorator to None, run_after=None
[2025-03-24T16:27:58.476-1000] {processor.py:208} INFO - Processing /opt/anaconda3/envs/titanic/lib/python3.11/site-packages/airflow/example_dags/example_bash_decorator.py took 0.084 seconds
[2025-03-24T16:29:45.283-1000] {processor.py:186} INFO - Started process (PID=28587) to work on /opt/anaconda3/envs/titanic/lib/python3.11/site-packages/airflow/example_dags/example_bash_decorator.py
[2025-03-24T16:29:45.284-1000] {processor.py:914} INFO - Processing file /opt/anaconda3/envs/titanic/lib/python3.11/site-packages/airflow/example_dags/example_bash_decorator.py for tasks to queue
[2025-03-24T16:29:45.284-1000] {logging_mixin.py:190} INFO - [2025-03-24T16:29:45.284-1000] {dagbag.py:588} INFO - Filling up the DagBag from /opt/anaconda3/envs/titanic/lib/python3.11/site-packages/airflow/example_dags/example_bash_decorator.py
[2025-03-24T16:29:45.295-1000] {processor.py:925} INFO - DAG(s) 'example_bash_decorator' retrieved from /opt/anaconda3/envs/titanic/lib/python3.11/site-packages/airflow/example_dags/example_bash_decorator.py
[2025-03-24T16:29:45.340-1000] {logging_mixin.py:190} INFO - [2025-03-24T16:29:45.340-1000] {dag.py:3239} INFO - Sync 1 DAGs
[2025-03-24T16:29:45.343-1000] {logging_mixin.py:190} INFO - [2025-03-24T16:29:45.343-1000] {dag.py:4180} INFO - Setting next_dagrun for example_bash_decorator to None, run_after=None
[2025-03-24T16:29:45.348-1000] {processor.py:208} INFO - Processing /opt/anaconda3/envs/titanic/lib/python3.11/site-packages/airflow/example_dags/example_bash_decorator.py took 0.084 seconds
[2025-03-24T16:31:33.957-1000] {processor.py:186} INFO - Started process (PID=28998) to work on /opt/anaconda3/envs/titanic/lib/python3.11/site-packages/airflow/example_dags/example_bash_decorator.py
[2025-03-24T16:31:33.957-1000] {processor.py:914} INFO - Processing file /opt/anaconda3/envs/titanic/lib/python3.11/site-packages/airflow/example_dags/example_bash_decorator.py for tasks to queue
[2025-03-24T16:31:33.958-1000] {logging_mixin.py:190} INFO - [2025-03-24T16:31:33.958-1000] {dagbag.py:588} INFO - Filling up the DagBag from /opt/anaconda3/envs/titanic/lib/python3.11/site-packages/airflow/example_dags/example_bash_decorator.py
[2025-03-24T16:31:33.968-1000] {processor.py:925} INFO - DAG(s) 'example_bash_decorator' retrieved from /opt/anaconda3/envs/titanic/lib/python3.11/site-packages/airflow/example_dags/example_bash_decorator.py
[2025-03-24T16:31:34.014-1000] {logging_mixin.py:190} INFO - [2025-03-24T16:31:34.014-1000] {dag.py:3239} INFO - Sync 1 DAGs
[2025-03-24T16:31:34.016-1000] {logging_mixin.py:190} INFO - [2025-03-24T16:31:34.016-1000] {dag.py:4180} INFO - Setting next_dagrun for example_bash_decorator to None, run_after=None
[2025-03-24T16:31:34.021-1000] {processor.py:208} INFO - Processing /opt/anaconda3/envs/titanic/lib/python3.11/site-packages/airflow/example_dags/example_bash_decorator.py took 0.083 seconds
[2025-03-24T16:33:23.899-1000] {processor.py:186} INFO - Started process (PID=29432) to work on /opt/anaconda3/envs/titanic/lib/python3.11/site-packages/airflow/example_dags/example_bash_decorator.py
[2025-03-24T16:33:23.900-1000] {processor.py:914} INFO - Processing file /opt/anaconda3/envs/titanic/lib/python3.11/site-packages/airflow/example_dags/example_bash_decorator.py for tasks to queue
[2025-03-24T16:33:23.900-1000] {logging_mixin.py:190} INFO - [2025-03-24T16:33:23.900-1000] {dagbag.py:588} INFO - Filling up the DagBag from /opt/anaconda3/envs/titanic/lib/python3.11/site-packages/airflow/example_dags/example_bash_decorator.py
[2025-03-24T16:33:23.911-1000] {processor.py:925} INFO - DAG(s) 'example_bash_decorator' retrieved from /opt/anaconda3/envs/titanic/lib/python3.11/site-packages/airflow/example_dags/example_bash_decorator.py
[2025-03-24T16:33:23.956-1000] {logging_mixin.py:190} INFO - [2025-03-24T16:33:23.956-1000] {dag.py:3239} INFO - Sync 1 DAGs
[2025-03-24T16:33:23.958-1000] {logging_mixin.py:190} INFO - [2025-03-24T16:33:23.958-1000] {dag.py:4180} INFO - Setting next_dagrun for example_bash_decorator to None, run_after=None
[2025-03-24T16:33:23.963-1000] {processor.py:208} INFO - Processing /opt/anaconda3/envs/titanic/lib/python3.11/site-packages/airflow/example_dags/example_bash_decorator.py took 0.083 seconds
[2025-03-24T16:35:13.945-1000] {processor.py:186} INFO - Started process (PID=29849) to work on /opt/anaconda3/envs/titanic/lib/python3.11/site-packages/airflow/example_dags/example_bash_decorator.py
[2025-03-24T16:35:13.946-1000] {processor.py:914} INFO - Processing file /opt/anaconda3/envs/titanic/lib/python3.11/site-packages/airflow/example_dags/example_bash_decorator.py for tasks to queue
[2025-03-24T16:35:13.946-1000] {logging_mixin.py:190} INFO - [2025-03-24T16:35:13.946-1000] {dagbag.py:588} INFO - Filling up the DagBag from /opt/anaconda3/envs/titanic/lib/python3.11/site-packages/airflow/example_dags/example_bash_decorator.py
[2025-03-24T16:35:13.957-1000] {processor.py:925} INFO - DAG(s) 'example_bash_decorator' retrieved from /opt/anaconda3/envs/titanic/lib/python3.11/site-packages/airflow/example_dags/example_bash_decorator.py
[2025-03-24T16:35:14.002-1000] {logging_mixin.py:190} INFO - [2025-03-24T16:35:14.002-1000] {dag.py:3239} INFO - Sync 1 DAGs
[2025-03-24T16:35:14.004-1000] {logging_mixin.py:190} INFO - [2025-03-24T16:35:14.004-1000] {dag.py:4180} INFO - Setting next_dagrun for example_bash_decorator to None, run_after=None
[2025-03-24T16:35:14.009-1000] {processor.py:208} INFO - Processing /opt/anaconda3/envs/titanic/lib/python3.11/site-packages/airflow/example_dags/example_bash_decorator.py took 0.085 seconds
[2025-03-24T16:37:02.527-1000] {processor.py:186} INFO - Started process (PID=30260) to work on /opt/anaconda3/envs/titanic/lib/python3.11/site-packages/airflow/example_dags/example_bash_decorator.py
[2025-03-24T16:37:02.527-1000] {processor.py:914} INFO - Processing file /opt/anaconda3/envs/titanic/lib/python3.11/site-packages/airflow/example_dags/example_bash_decorator.py for tasks to queue
[2025-03-24T16:37:02.527-1000] {logging_mixin.py:190} INFO - [2025-03-24T16:37:02.527-1000] {dagbag.py:588} INFO - Filling up the DagBag from /opt/anaconda3/envs/titanic/lib/python3.11/site-packages/airflow/example_dags/example_bash_decorator.py
[2025-03-24T16:37:02.538-1000] {processor.py:925} INFO - DAG(s) 'example_bash_decorator' retrieved from /opt/anaconda3/envs/titanic/lib/python3.11/site-packages/airflow/example_dags/example_bash_decorator.py
[2025-03-24T16:37:02.585-1000] {logging_mixin.py:190} INFO - [2025-03-24T16:37:02.585-1000] {dag.py:3239} INFO - Sync 1 DAGs
[2025-03-24T16:37:02.587-1000] {logging_mixin.py:190} INFO - [2025-03-24T16:37:02.587-1000] {dag.py:4180} INFO - Setting next_dagrun for example_bash_decorator to None, run_after=None
[2025-03-24T16:37:02.592-1000] {processor.py:208} INFO - Processing /opt/anaconda3/envs/titanic/lib/python3.11/site-packages/airflow/example_dags/example_bash_decorator.py took 0.085 seconds
[2025-03-24T16:38:58.424-1000] {processor.py:186} INFO - Started process (PID=30721) to work on /opt/anaconda3/envs/titanic/lib/python3.11/site-packages/airflow/example_dags/example_bash_decorator.py
[2025-03-24T16:38:58.425-1000] {processor.py:914} INFO - Processing file /opt/anaconda3/envs/titanic/lib/python3.11/site-packages/airflow/example_dags/example_bash_decorator.py for tasks to queue
[2025-03-24T16:38:58.425-1000] {logging_mixin.py:190} INFO - [2025-03-24T16:38:58.425-1000] {dagbag.py:588} INFO - Filling up the DagBag from /opt/anaconda3/envs/titanic/lib/python3.11/site-packages/airflow/example_dags/example_bash_decorator.py
[2025-03-24T16:38:58.436-1000] {processor.py:925} INFO - DAG(s) 'example_bash_decorator' retrieved from /opt/anaconda3/envs/titanic/lib/python3.11/site-packages/airflow/example_dags/example_bash_decorator.py
[2025-03-24T16:38:58.483-1000] {logging_mixin.py:190} INFO - [2025-03-24T16:38:58.482-1000] {dag.py:3239} INFO - Sync 1 DAGs
[2025-03-24T16:38:58.485-1000] {logging_mixin.py:190} INFO - [2025-03-24T16:38:58.485-1000] {dag.py:4180} INFO - Setting next_dagrun for example_bash_decorator to None, run_after=None
[2025-03-24T16:38:58.490-1000] {processor.py:208} INFO - Processing /opt/anaconda3/envs/titanic/lib/python3.11/site-packages/airflow/example_dags/example_bash_decorator.py took 0.088 seconds
[2025-03-24T16:40:55.176-1000] {processor.py:186} INFO - Started process (PID=31169) to work on /opt/anaconda3/envs/titanic/lib/python3.11/site-packages/airflow/example_dags/example_bash_decorator.py
[2025-03-24T16:40:55.177-1000] {processor.py:914} INFO - Processing file /opt/anaconda3/envs/titanic/lib/python3.11/site-packages/airflow/example_dags/example_bash_decorator.py for tasks to queue
[2025-03-24T16:40:55.177-1000] {logging_mixin.py:190} INFO - [2025-03-24T16:40:55.177-1000] {dagbag.py:588} INFO - Filling up the DagBag from /opt/anaconda3/envs/titanic/lib/python3.11/site-packages/airflow/example_dags/example_bash_decorator.py
[2025-03-24T16:40:55.188-1000] {processor.py:925} INFO - DAG(s) 'example_bash_decorator' retrieved from /opt/anaconda3/envs/titanic/lib/python3.11/site-packages/airflow/example_dags/example_bash_decorator.py
[2025-03-24T16:40:55.234-1000] {logging_mixin.py:190} INFO - [2025-03-24T16:40:55.234-1000] {dag.py:3239} INFO - Sync 1 DAGs
[2025-03-24T16:40:55.237-1000] {logging_mixin.py:190} INFO - [2025-03-24T16:40:55.237-1000] {dag.py:4180} INFO - Setting next_dagrun for example_bash_decorator to None, run_after=None
[2025-03-24T16:40:55.242-1000] {processor.py:208} INFO - Processing /opt/anaconda3/envs/titanic/lib/python3.11/site-packages/airflow/example_dags/example_bash_decorator.py took 0.085 seconds
[2025-03-24T16:42:50.267-1000] {processor.py:186} INFO - Started process (PID=31611) to work on /opt/anaconda3/envs/titanic/lib/python3.11/site-packages/airflow/example_dags/example_bash_decorator.py
[2025-03-24T16:42:50.268-1000] {processor.py:914} INFO - Processing file /opt/anaconda3/envs/titanic/lib/python3.11/site-packages/airflow/example_dags/example_bash_decorator.py for tasks to queue
[2025-03-24T16:42:50.268-1000] {logging_mixin.py:190} INFO - [2025-03-24T16:42:50.268-1000] {dagbag.py:588} INFO - Filling up the DagBag from /opt/anaconda3/envs/titanic/lib/python3.11/site-packages/airflow/example_dags/example_bash_decorator.py
[2025-03-24T16:42:50.279-1000] {processor.py:925} INFO - DAG(s) 'example_bash_decorator' retrieved from /opt/anaconda3/envs/titanic/lib/python3.11/site-packages/airflow/example_dags/example_bash_decorator.py
[2025-03-24T16:42:50.325-1000] {logging_mixin.py:190} INFO - [2025-03-24T16:42:50.325-1000] {dag.py:3239} INFO - Sync 1 DAGs
[2025-03-24T16:42:50.328-1000] {logging_mixin.py:190} INFO - [2025-03-24T16:42:50.328-1000] {dag.py:4180} INFO - Setting next_dagrun for example_bash_decorator to None, run_after=None
[2025-03-24T16:42:50.333-1000] {processor.py:208} INFO - Processing /opt/anaconda3/envs/titanic/lib/python3.11/site-packages/airflow/example_dags/example_bash_decorator.py took 0.085 seconds
[2025-03-24T16:44:41.347-1000] {processor.py:186} INFO - Started process (PID=32037) to work on /opt/anaconda3/envs/titanic/lib/python3.11/site-packages/airflow/example_dags/example_bash_decorator.py
[2025-03-24T16:44:41.347-1000] {processor.py:914} INFO - Processing file /opt/anaconda3/envs/titanic/lib/python3.11/site-packages/airflow/example_dags/example_bash_decorator.py for tasks to queue
[2025-03-24T16:44:41.348-1000] {logging_mixin.py:190} INFO - [2025-03-24T16:44:41.348-1000] {dagbag.py:588} INFO - Filling up the DagBag from /opt/anaconda3/envs/titanic/lib/python3.11/site-packages/airflow/example_dags/example_bash_decorator.py
[2025-03-24T16:44:41.359-1000] {processor.py:925} INFO - DAG(s) 'example_bash_decorator' retrieved from /opt/anaconda3/envs/titanic/lib/python3.11/site-packages/airflow/example_dags/example_bash_decorator.py
[2025-03-24T16:44:41.405-1000] {logging_mixin.py:190} INFO - [2025-03-24T16:44:41.405-1000] {dag.py:3239} INFO - Sync 1 DAGs
[2025-03-24T16:44:41.407-1000] {logging_mixin.py:190} INFO - [2025-03-24T16:44:41.407-1000] {dag.py:4180} INFO - Setting next_dagrun for example_bash_decorator to None, run_after=None
[2025-03-24T16:44:41.412-1000] {processor.py:208} INFO - Processing /opt/anaconda3/envs/titanic/lib/python3.11/site-packages/airflow/example_dags/example_bash_decorator.py took 0.085 seconds
[2025-03-24T16:46:32.426-1000] {processor.py:186} INFO - Started process (PID=32464) to work on /opt/anaconda3/envs/titanic/lib/python3.11/site-packages/airflow/example_dags/example_bash_decorator.py
[2025-03-24T16:46:32.426-1000] {processor.py:914} INFO - Processing file /opt/anaconda3/envs/titanic/lib/python3.11/site-packages/airflow/example_dags/example_bash_decorator.py for tasks to queue
[2025-03-24T16:46:32.426-1000] {logging_mixin.py:190} INFO - [2025-03-24T16:46:32.426-1000] {dagbag.py:588} INFO - Filling up the DagBag from /opt/anaconda3/envs/titanic/lib/python3.11/site-packages/airflow/example_dags/example_bash_decorator.py
[2025-03-24T16:46:32.438-1000] {processor.py:925} INFO - DAG(s) 'example_bash_decorator' retrieved from /opt/anaconda3/envs/titanic/lib/python3.11/site-packages/airflow/example_dags/example_bash_decorator.py
[2025-03-24T16:46:32.485-1000] {logging_mixin.py:190} INFO - [2025-03-24T16:46:32.485-1000] {dag.py:3239} INFO - Sync 1 DAGs
[2025-03-24T16:46:32.487-1000] {logging_mixin.py:190} INFO - [2025-03-24T16:46:32.487-1000] {dag.py:4180} INFO - Setting next_dagrun for example_bash_decorator to None, run_after=None
[2025-03-24T16:46:32.492-1000] {processor.py:208} INFO - Processing /opt/anaconda3/envs/titanic/lib/python3.11/site-packages/airflow/example_dags/example_bash_decorator.py took 0.088 seconds
[2025-03-24T16:48:26.318-1000] {processor.py:186} INFO - Started process (PID=32952) to work on /opt/anaconda3/envs/titanic/lib/python3.11/site-packages/airflow/example_dags/example_bash_decorator.py
[2025-03-24T16:48:26.319-1000] {processor.py:914} INFO - Processing file /opt/anaconda3/envs/titanic/lib/python3.11/site-packages/airflow/example_dags/example_bash_decorator.py for tasks to queue
[2025-03-24T16:48:26.319-1000] {logging_mixin.py:190} INFO - [2025-03-24T16:48:26.319-1000] {dagbag.py:588} INFO - Filling up the DagBag from /opt/anaconda3/envs/titanic/lib/python3.11/site-packages/airflow/example_dags/example_bash_decorator.py
[2025-03-24T16:48:26.330-1000] {processor.py:925} INFO - DAG(s) 'example_bash_decorator' retrieved from /opt/anaconda3/envs/titanic/lib/python3.11/site-packages/airflow/example_dags/example_bash_decorator.py
[2025-03-24T16:48:26.380-1000] {logging_mixin.py:190} INFO - [2025-03-24T16:48:26.379-1000] {dag.py:3239} INFO - Sync 1 DAGs
[2025-03-24T16:48:26.382-1000] {logging_mixin.py:190} INFO - [2025-03-24T16:48:26.382-1000] {dag.py:4180} INFO - Setting next_dagrun for example_bash_decorator to None, run_after=None
[2025-03-24T16:48:26.387-1000] {processor.py:208} INFO - Processing /opt/anaconda3/envs/titanic/lib/python3.11/site-packages/airflow/example_dags/example_bash_decorator.py took 0.070 seconds
[2025-03-24T16:50:22.051-1000] {processor.py:186} INFO - Started process (PID=33456) to work on /opt/anaconda3/envs/titanic/lib/python3.11/site-packages/airflow/example_dags/example_bash_decorator.py
[2025-03-24T16:50:22.052-1000] {processor.py:914} INFO - Processing file /opt/anaconda3/envs/titanic/lib/python3.11/site-packages/airflow/example_dags/example_bash_decorator.py for tasks to queue
[2025-03-24T16:50:22.052-1000] {logging_mixin.py:190} INFO - [2025-03-24T16:50:22.052-1000] {dagbag.py:588} INFO - Filling up the DagBag from /opt/anaconda3/envs/titanic/lib/python3.11/site-packages/airflow/example_dags/example_bash_decorator.py
[2025-03-24T16:50:22.063-1000] {processor.py:925} INFO - DAG(s) 'example_bash_decorator' retrieved from /opt/anaconda3/envs/titanic/lib/python3.11/site-packages/airflow/example_dags/example_bash_decorator.py
[2025-03-24T16:50:22.110-1000] {logging_mixin.py:190} INFO - [2025-03-24T16:50:22.110-1000] {dag.py:3239} INFO - Sync 1 DAGs
[2025-03-24T16:50:22.113-1000] {logging_mixin.py:190} INFO - [2025-03-24T16:50:22.113-1000] {dag.py:4180} INFO - Setting next_dagrun for example_bash_decorator to None, run_after=None
[2025-03-24T16:50:22.118-1000] {processor.py:208} INFO - Processing /opt/anaconda3/envs/titanic/lib/python3.11/site-packages/airflow/example_dags/example_bash_decorator.py took 0.068 seconds
[2025-03-24T16:52:18.071-1000] {processor.py:186} INFO - Started process (PID=33896) to work on /opt/anaconda3/envs/titanic/lib/python3.11/site-packages/airflow/example_dags/example_bash_decorator.py
[2025-03-24T16:52:18.072-1000] {processor.py:914} INFO - Processing file /opt/anaconda3/envs/titanic/lib/python3.11/site-packages/airflow/example_dags/example_bash_decorator.py for tasks to queue
[2025-03-24T16:52:18.072-1000] {logging_mixin.py:190} INFO - [2025-03-24T16:52:18.072-1000] {dagbag.py:588} INFO - Filling up the DagBag from /opt/anaconda3/envs/titanic/lib/python3.11/site-packages/airflow/example_dags/example_bash_decorator.py
[2025-03-24T16:52:18.085-1000] {processor.py:925} INFO - DAG(s) 'example_bash_decorator' retrieved from /opt/anaconda3/envs/titanic/lib/python3.11/site-packages/airflow/example_dags/example_bash_decorator.py
[2025-03-24T16:52:18.133-1000] {logging_mixin.py:190} INFO - [2025-03-24T16:52:18.133-1000] {dag.py:3239} INFO - Sync 1 DAGs
[2025-03-24T16:52:18.136-1000] {logging_mixin.py:190} INFO - [2025-03-24T16:52:18.136-1000] {dag.py:4180} INFO - Setting next_dagrun for example_bash_decorator to None, run_after=None
[2025-03-24T16:52:18.141-1000] {processor.py:208} INFO - Processing /opt/anaconda3/envs/titanic/lib/python3.11/site-packages/airflow/example_dags/example_bash_decorator.py took 0.071 seconds
[2025-03-24T16:54:16.144-1000] {processor.py:186} INFO - Started process (PID=34335) to work on /opt/anaconda3/envs/titanic/lib/python3.11/site-packages/airflow/example_dags/example_bash_decorator.py
[2025-03-24T16:54:16.146-1000] {processor.py:914} INFO - Processing file /opt/anaconda3/envs/titanic/lib/python3.11/site-packages/airflow/example_dags/example_bash_decorator.py for tasks to queue
[2025-03-24T16:54:16.146-1000] {logging_mixin.py:190} INFO - [2025-03-24T16:54:16.146-1000] {dagbag.py:588} INFO - Filling up the DagBag from /opt/anaconda3/envs/titanic/lib/python3.11/site-packages/airflow/example_dags/example_bash_decorator.py
[2025-03-24T16:54:16.157-1000] {processor.py:925} INFO - DAG(s) 'example_bash_decorator' retrieved from /opt/anaconda3/envs/titanic/lib/python3.11/site-packages/airflow/example_dags/example_bash_decorator.py
[2025-03-24T16:54:16.204-1000] {logging_mixin.py:190} INFO - [2025-03-24T16:54:16.204-1000] {dag.py:3239} INFO - Sync 1 DAGs
[2025-03-24T16:54:16.207-1000] {logging_mixin.py:190} INFO - [2025-03-24T16:54:16.207-1000] {dag.py:4180} INFO - Setting next_dagrun for example_bash_decorator to None, run_after=None
[2025-03-24T16:54:16.212-1000] {processor.py:208} INFO - Processing /opt/anaconda3/envs/titanic/lib/python3.11/site-packages/airflow/example_dags/example_bash_decorator.py took 0.068 seconds
[2025-03-24T16:56:07.199-1000] {processor.py:186} INFO - Started process (PID=34752) to work on /opt/anaconda3/envs/titanic/lib/python3.11/site-packages/airflow/example_dags/example_bash_decorator.py
[2025-03-24T16:56:07.200-1000] {processor.py:914} INFO - Processing file /opt/anaconda3/envs/titanic/lib/python3.11/site-packages/airflow/example_dags/example_bash_decorator.py for tasks to queue
[2025-03-24T16:56:07.200-1000] {logging_mixin.py:190} INFO - [2025-03-24T16:56:07.200-1000] {dagbag.py:588} INFO - Filling up the DagBag from /opt/anaconda3/envs/titanic/lib/python3.11/site-packages/airflow/example_dags/example_bash_decorator.py
[2025-03-24T16:56:07.210-1000] {processor.py:925} INFO - DAG(s) 'example_bash_decorator' retrieved from /opt/anaconda3/envs/titanic/lib/python3.11/site-packages/airflow/example_dags/example_bash_decorator.py
[2025-03-24T16:56:07.257-1000] {logging_mixin.py:190} INFO - [2025-03-24T16:56:07.257-1000] {dag.py:3239} INFO - Sync 1 DAGs
[2025-03-24T16:56:07.259-1000] {logging_mixin.py:190} INFO - [2025-03-24T16:56:07.259-1000] {dag.py:4180} INFO - Setting next_dagrun for example_bash_decorator to None, run_after=None
[2025-03-24T16:56:07.264-1000] {processor.py:208} INFO - Processing /opt/anaconda3/envs/titanic/lib/python3.11/site-packages/airflow/example_dags/example_bash_decorator.py took 0.066 seconds
[2025-03-24T16:57:55.081-1000] {processor.py:186} INFO - Started process (PID=35162) to work on /opt/anaconda3/envs/titanic/lib/python3.11/site-packages/airflow/example_dags/example_bash_decorator.py
[2025-03-24T16:57:55.081-1000] {processor.py:914} INFO - Processing file /opt/anaconda3/envs/titanic/lib/python3.11/site-packages/airflow/example_dags/example_bash_decorator.py for tasks to queue
[2025-03-24T16:57:55.081-1000] {logging_mixin.py:190} INFO - [2025-03-24T16:57:55.081-1000] {dagbag.py:588} INFO - Filling up the DagBag from /opt/anaconda3/envs/titanic/lib/python3.11/site-packages/airflow/example_dags/example_bash_decorator.py
[2025-03-24T16:57:55.093-1000] {processor.py:925} INFO - DAG(s) 'example_bash_decorator' retrieved from /opt/anaconda3/envs/titanic/lib/python3.11/site-packages/airflow/example_dags/example_bash_decorator.py
[2025-03-24T16:57:55.139-1000] {logging_mixin.py:190} INFO - [2025-03-24T16:57:55.139-1000] {dag.py:3239} INFO - Sync 1 DAGs
[2025-03-24T16:57:55.141-1000] {logging_mixin.py:190} INFO - [2025-03-24T16:57:55.141-1000] {dag.py:4180} INFO - Setting next_dagrun for example_bash_decorator to None, run_after=None
[2025-03-24T16:57:55.146-1000] {processor.py:208} INFO - Processing /opt/anaconda3/envs/titanic/lib/python3.11/site-packages/airflow/example_dags/example_bash_decorator.py took 0.066 seconds
[2025-03-24T16:59:45.448-1000] {processor.py:186} INFO - Started process (PID=35591) to work on /opt/anaconda3/envs/titanic/lib/python3.11/site-packages/airflow/example_dags/example_bash_decorator.py
[2025-03-24T16:59:45.448-1000] {processor.py:914} INFO - Processing file /opt/anaconda3/envs/titanic/lib/python3.11/site-packages/airflow/example_dags/example_bash_decorator.py for tasks to queue
[2025-03-24T16:59:45.449-1000] {logging_mixin.py:190} INFO - [2025-03-24T16:59:45.449-1000] {dagbag.py:588} INFO - Filling up the DagBag from /opt/anaconda3/envs/titanic/lib/python3.11/site-packages/airflow/example_dags/example_bash_decorator.py
[2025-03-24T16:59:45.459-1000] {processor.py:925} INFO - DAG(s) 'example_bash_decorator' retrieved from /opt/anaconda3/envs/titanic/lib/python3.11/site-packages/airflow/example_dags/example_bash_decorator.py
[2025-03-24T16:59:45.508-1000] {logging_mixin.py:190} INFO - [2025-03-24T16:59:45.508-1000] {dag.py:3239} INFO - Sync 1 DAGs
[2025-03-24T16:59:45.510-1000] {logging_mixin.py:190} INFO - [2025-03-24T16:59:45.510-1000] {dag.py:4180} INFO - Setting next_dagrun for example_bash_decorator to None, run_after=None
[2025-03-24T16:59:45.515-1000] {processor.py:208} INFO - Processing /opt/anaconda3/envs/titanic/lib/python3.11/site-packages/airflow/example_dags/example_bash_decorator.py took 0.068 seconds
[2025-03-24T17:01:43.970-1000] {processor.py:186} INFO - Started process (PID=36031) to work on /opt/anaconda3/envs/titanic/lib/python3.11/site-packages/airflow/example_dags/example_bash_decorator.py
[2025-03-24T17:01:43.970-1000] {processor.py:914} INFO - Processing file /opt/anaconda3/envs/titanic/lib/python3.11/site-packages/airflow/example_dags/example_bash_decorator.py for tasks to queue
[2025-03-24T17:01:43.970-1000] {logging_mixin.py:190} INFO - [2025-03-24T17:01:43.970-1000] {dagbag.py:588} INFO - Filling up the DagBag from /opt/anaconda3/envs/titanic/lib/python3.11/site-packages/airflow/example_dags/example_bash_decorator.py
[2025-03-24T17:01:43.981-1000] {processor.py:925} INFO - DAG(s) 'example_bash_decorator' retrieved from /opt/anaconda3/envs/titanic/lib/python3.11/site-packages/airflow/example_dags/example_bash_decorator.py
[2025-03-24T17:01:44.031-1000] {logging_mixin.py:190} INFO - [2025-03-24T17:01:44.031-1000] {dag.py:3239} INFO - Sync 1 DAGs
[2025-03-24T17:01:44.034-1000] {logging_mixin.py:190} INFO - [2025-03-24T17:01:44.034-1000] {dag.py:4180} INFO - Setting next_dagrun for example_bash_decorator to None, run_after=None
[2025-03-24T17:01:44.040-1000] {processor.py:208} INFO - Processing /opt/anaconda3/envs/titanic/lib/python3.11/site-packages/airflow/example_dags/example_bash_decorator.py took 0.071 seconds
[2025-03-24T17:03:40.519-1000] {processor.py:186} INFO - Started process (PID=36475) to work on /opt/anaconda3/envs/titanic/lib/python3.11/site-packages/airflow/example_dags/example_bash_decorator.py
[2025-03-24T17:03:40.520-1000] {processor.py:914} INFO - Processing file /opt/anaconda3/envs/titanic/lib/python3.11/site-packages/airflow/example_dags/example_bash_decorator.py for tasks to queue
[2025-03-24T17:03:40.520-1000] {logging_mixin.py:190} INFO - [2025-03-24T17:03:40.520-1000] {dagbag.py:588} INFO - Filling up the DagBag from /opt/anaconda3/envs/titanic/lib/python3.11/site-packages/airflow/example_dags/example_bash_decorator.py
[2025-03-24T17:03:40.530-1000] {processor.py:925} INFO - DAG(s) 'example_bash_decorator' retrieved from /opt/anaconda3/envs/titanic/lib/python3.11/site-packages/airflow/example_dags/example_bash_decorator.py
[2025-03-24T17:03:40.578-1000] {logging_mixin.py:190} INFO - [2025-03-24T17:03:40.577-1000] {dag.py:3239} INFO - Sync 1 DAGs
[2025-03-24T17:03:40.580-1000] {logging_mixin.py:190} INFO - [2025-03-24T17:03:40.580-1000] {dag.py:4180} INFO - Setting next_dagrun for example_bash_decorator to None, run_after=None
[2025-03-24T17:03:40.585-1000] {processor.py:208} INFO - Processing /opt/anaconda3/envs/titanic/lib/python3.11/site-packages/airflow/example_dags/example_bash_decorator.py took 0.066 seconds
[2025-03-24T17:05:35.379-1000] {processor.py:186} INFO - Started process (PID=36901) to work on /opt/anaconda3/envs/titanic/lib/python3.11/site-packages/airflow/example_dags/example_bash_decorator.py
[2025-03-24T17:05:35.379-1000] {processor.py:914} INFO - Processing file /opt/anaconda3/envs/titanic/lib/python3.11/site-packages/airflow/example_dags/example_bash_decorator.py for tasks to queue
[2025-03-24T17:05:35.379-1000] {logging_mixin.py:190} INFO - [2025-03-24T17:05:35.379-1000] {dagbag.py:588} INFO - Filling up the DagBag from /opt/anaconda3/envs/titanic/lib/python3.11/site-packages/airflow/example_dags/example_bash_decorator.py
[2025-03-24T17:05:35.390-1000] {processor.py:925} INFO - DAG(s) 'example_bash_decorator' retrieved from /opt/anaconda3/envs/titanic/lib/python3.11/site-packages/airflow/example_dags/example_bash_decorator.py
[2025-03-24T17:05:35.437-1000] {logging_mixin.py:190} INFO - [2025-03-24T17:05:35.437-1000] {dag.py:3239} INFO - Sync 1 DAGs
[2025-03-24T17:05:35.439-1000] {logging_mixin.py:190} INFO - [2025-03-24T17:05:35.439-1000] {dag.py:4180} INFO - Setting next_dagrun for example_bash_decorator to None, run_after=None
[2025-03-24T17:05:35.444-1000] {processor.py:208} INFO - Processing /opt/anaconda3/envs/titanic/lib/python3.11/site-packages/airflow/example_dags/example_bash_decorator.py took 0.066 seconds
[2025-03-24T17:07:22.075-1000] {processor.py:186} INFO - Started process (PID=37341) to work on /opt/anaconda3/envs/titanic/lib/python3.11/site-packages/airflow/example_dags/example_bash_decorator.py
[2025-03-24T17:07:22.075-1000] {processor.py:914} INFO - Processing file /opt/anaconda3/envs/titanic/lib/python3.11/site-packages/airflow/example_dags/example_bash_decorator.py for tasks to queue
[2025-03-24T17:07:22.075-1000] {logging_mixin.py:190} INFO - [2025-03-24T17:07:22.075-1000] {dagbag.py:588} INFO - Filling up the DagBag from /opt/anaconda3/envs/titanic/lib/python3.11/site-packages/airflow/example_dags/example_bash_decorator.py
[2025-03-24T17:07:22.086-1000] {processor.py:925} INFO - DAG(s) 'example_bash_decorator' retrieved from /opt/anaconda3/envs/titanic/lib/python3.11/site-packages/airflow/example_dags/example_bash_decorator.py
[2025-03-24T17:07:22.132-1000] {logging_mixin.py:190} INFO - [2025-03-24T17:07:22.132-1000] {dag.py:3239} INFO - Sync 1 DAGs
[2025-03-24T17:07:22.134-1000] {logging_mixin.py:190} INFO - [2025-03-24T17:07:22.134-1000] {dag.py:4180} INFO - Setting next_dagrun for example_bash_decorator to None, run_after=None
[2025-03-24T17:07:22.139-1000] {processor.py:208} INFO - Processing /opt/anaconda3/envs/titanic/lib/python3.11/site-packages/airflow/example_dags/example_bash_decorator.py took 0.065 seconds
[2025-03-24T17:09:14.298-1000] {processor.py:186} INFO - Started process (PID=37769) to work on /opt/anaconda3/envs/titanic/lib/python3.11/site-packages/airflow/example_dags/example_bash_decorator.py
[2025-03-24T17:09:14.298-1000] {processor.py:914} INFO - Processing file /opt/anaconda3/envs/titanic/lib/python3.11/site-packages/airflow/example_dags/example_bash_decorator.py for tasks to queue
[2025-03-24T17:09:14.299-1000] {logging_mixin.py:190} INFO - [2025-03-24T17:09:14.298-1000] {dagbag.py:588} INFO - Filling up the DagBag from /opt/anaconda3/envs/titanic/lib/python3.11/site-packages/airflow/example_dags/example_bash_decorator.py
[2025-03-24T17:09:14.309-1000] {processor.py:925} INFO - DAG(s) 'example_bash_decorator' retrieved from /opt/anaconda3/envs/titanic/lib/python3.11/site-packages/airflow/example_dags/example_bash_decorator.py
[2025-03-24T17:09:14.355-1000] {logging_mixin.py:190} INFO - [2025-03-24T17:09:14.355-1000] {dag.py:3239} INFO - Sync 1 DAGs
[2025-03-24T17:09:14.358-1000] {logging_mixin.py:190} INFO - [2025-03-24T17:09:14.358-1000] {dag.py:4180} INFO - Setting next_dagrun for example_bash_decorator to None, run_after=None
[2025-03-24T17:09:14.363-1000] {processor.py:208} INFO - Processing /opt/anaconda3/envs/titanic/lib/python3.11/site-packages/airflow/example_dags/example_bash_decorator.py took 0.066 seconds
[2025-03-24T17:11:00.888-1000] {processor.py:186} INFO - Started process (PID=38177) to work on /opt/anaconda3/envs/titanic/lib/python3.11/site-packages/airflow/example_dags/example_bash_decorator.py
[2025-03-24T17:11:00.888-1000] {processor.py:914} INFO - Processing file /opt/anaconda3/envs/titanic/lib/python3.11/site-packages/airflow/example_dags/example_bash_decorator.py for tasks to queue
[2025-03-24T17:11:00.888-1000] {logging_mixin.py:190} INFO - [2025-03-24T17:11:00.888-1000] {dagbag.py:588} INFO - Filling up the DagBag from /opt/anaconda3/envs/titanic/lib/python3.11/site-packages/airflow/example_dags/example_bash_decorator.py
[2025-03-24T17:11:00.899-1000] {processor.py:925} INFO - DAG(s) 'example_bash_decorator' retrieved from /opt/anaconda3/envs/titanic/lib/python3.11/site-packages/airflow/example_dags/example_bash_decorator.py
[2025-03-24T17:11:00.945-1000] {logging_mixin.py:190} INFO - [2025-03-24T17:11:00.945-1000] {dag.py:3239} INFO - Sync 1 DAGs
[2025-03-24T17:11:00.948-1000] {logging_mixin.py:190} INFO - [2025-03-24T17:11:00.948-1000] {dag.py:4180} INFO - Setting next_dagrun for example_bash_decorator to None, run_after=None
[2025-03-24T17:11:00.953-1000] {processor.py:208} INFO - Processing /opt/anaconda3/envs/titanic/lib/python3.11/site-packages/airflow/example_dags/example_bash_decorator.py took 0.066 seconds
[2025-03-24T17:12:49.368-1000] {processor.py:186} INFO - Started process (PID=38593) to work on /opt/anaconda3/envs/titanic/lib/python3.11/site-packages/airflow/example_dags/example_bash_decorator.py
[2025-03-24T17:12:49.368-1000] {processor.py:914} INFO - Processing file /opt/anaconda3/envs/titanic/lib/python3.11/site-packages/airflow/example_dags/example_bash_decorator.py for tasks to queue
[2025-03-24T17:12:49.369-1000] {logging_mixin.py:190} INFO - [2025-03-24T17:12:49.369-1000] {dagbag.py:588} INFO - Filling up the DagBag from /opt/anaconda3/envs/titanic/lib/python3.11/site-packages/airflow/example_dags/example_bash_decorator.py
[2025-03-24T17:12:49.379-1000] {processor.py:925} INFO - DAG(s) 'example_bash_decorator' retrieved from /opt/anaconda3/envs/titanic/lib/python3.11/site-packages/airflow/example_dags/example_bash_decorator.py
[2025-03-24T17:12:49.427-1000] {logging_mixin.py:190} INFO - [2025-03-24T17:12:49.427-1000] {dag.py:3239} INFO - Sync 1 DAGs
[2025-03-24T17:12:49.429-1000] {logging_mixin.py:190} INFO - [2025-03-24T17:12:49.429-1000] {dag.py:4180} INFO - Setting next_dagrun for example_bash_decorator to None, run_after=None
[2025-03-24T17:12:49.434-1000] {processor.py:208} INFO - Processing /opt/anaconda3/envs/titanic/lib/python3.11/site-packages/airflow/example_dags/example_bash_decorator.py took 0.067 seconds
[2025-03-24T17:14:39.570-1000] {processor.py:186} INFO - Started process (PID=39012) to work on /opt/anaconda3/envs/titanic/lib/python3.11/site-packages/airflow/example_dags/example_bash_decorator.py
[2025-03-24T17:14:39.570-1000] {processor.py:914} INFO - Processing file /opt/anaconda3/envs/titanic/lib/python3.11/site-packages/airflow/example_dags/example_bash_decorator.py for tasks to queue
[2025-03-24T17:14:39.570-1000] {logging_mixin.py:190} INFO - [2025-03-24T17:14:39.570-1000] {dagbag.py:588} INFO - Filling up the DagBag from /opt/anaconda3/envs/titanic/lib/python3.11/site-packages/airflow/example_dags/example_bash_decorator.py
[2025-03-24T17:14:39.581-1000] {processor.py:925} INFO - DAG(s) 'example_bash_decorator' retrieved from /opt/anaconda3/envs/titanic/lib/python3.11/site-packages/airflow/example_dags/example_bash_decorator.py
[2025-03-24T17:14:39.627-1000] {logging_mixin.py:190} INFO - [2025-03-24T17:14:39.626-1000] {dag.py:3239} INFO - Sync 1 DAGs
[2025-03-24T17:14:39.629-1000] {logging_mixin.py:190} INFO - [2025-03-24T17:14:39.629-1000] {dag.py:4180} INFO - Setting next_dagrun for example_bash_decorator to None, run_after=None
[2025-03-24T17:14:39.634-1000] {processor.py:208} INFO - Processing /opt/anaconda3/envs/titanic/lib/python3.11/site-packages/airflow/example_dags/example_bash_decorator.py took 0.065 seconds
[2025-03-24T17:16:29.119-1000] {processor.py:186} INFO - Started process (PID=39426) to work on /opt/anaconda3/envs/titanic/lib/python3.11/site-packages/airflow/example_dags/example_bash_decorator.py
[2025-03-24T17:16:29.119-1000] {processor.py:914} INFO - Processing file /opt/anaconda3/envs/titanic/lib/python3.11/site-packages/airflow/example_dags/example_bash_decorator.py for tasks to queue
[2025-03-24T17:16:29.119-1000] {logging_mixin.py:190} INFO - [2025-03-24T17:16:29.119-1000] {dagbag.py:588} INFO - Filling up the DagBag from /opt/anaconda3/envs/titanic/lib/python3.11/site-packages/airflow/example_dags/example_bash_decorator.py
[2025-03-24T17:16:29.130-1000] {processor.py:925} INFO - DAG(s) 'example_bash_decorator' retrieved from /opt/anaconda3/envs/titanic/lib/python3.11/site-packages/airflow/example_dags/example_bash_decorator.py
[2025-03-24T17:16:29.175-1000] {logging_mixin.py:190} INFO - [2025-03-24T17:16:29.175-1000] {dag.py:3239} INFO - Sync 1 DAGs
[2025-03-24T17:16:29.178-1000] {logging_mixin.py:190} INFO - [2025-03-24T17:16:29.178-1000] {dag.py:4180} INFO - Setting next_dagrun for example_bash_decorator to None, run_after=None
[2025-03-24T17:16:29.183-1000] {processor.py:208} INFO - Processing /opt/anaconda3/envs/titanic/lib/python3.11/site-packages/airflow/example_dags/example_bash_decorator.py took 0.065 seconds
[2025-03-24T17:18:16.029-1000] {processor.py:186} INFO - Started process (PID=39833) to work on /opt/anaconda3/envs/titanic/lib/python3.11/site-packages/airflow/example_dags/example_bash_decorator.py
[2025-03-24T17:18:16.029-1000] {processor.py:914} INFO - Processing file /opt/anaconda3/envs/titanic/lib/python3.11/site-packages/airflow/example_dags/example_bash_decorator.py for tasks to queue
[2025-03-24T17:18:16.029-1000] {logging_mixin.py:190} INFO - [2025-03-24T17:18:16.029-1000] {dagbag.py:588} INFO - Filling up the DagBag from /opt/anaconda3/envs/titanic/lib/python3.11/site-packages/airflow/example_dags/example_bash_decorator.py
[2025-03-24T17:18:16.040-1000] {processor.py:925} INFO - DAG(s) 'example_bash_decorator' retrieved from /opt/anaconda3/envs/titanic/lib/python3.11/site-packages/airflow/example_dags/example_bash_decorator.py
[2025-03-24T17:18:16.086-1000] {logging_mixin.py:190} INFO - [2025-03-24T17:18:16.086-1000] {dag.py:3239} INFO - Sync 1 DAGs
[2025-03-24T17:18:16.089-1000] {logging_mixin.py:190} INFO - [2025-03-24T17:18:16.089-1000] {dag.py:4180} INFO - Setting next_dagrun for example_bash_decorator to None, run_after=None
[2025-03-24T17:18:16.094-1000] {processor.py:208} INFO - Processing /opt/anaconda3/envs/titanic/lib/python3.11/site-packages/airflow/example_dags/example_bash_decorator.py took 0.066 seconds
[2025-03-24T17:20:07.810-1000] {processor.py:186} INFO - Started process (PID=40274) to work on /opt/anaconda3/envs/titanic/lib/python3.11/site-packages/airflow/example_dags/example_bash_decorator.py
[2025-03-24T17:20:07.811-1000] {processor.py:914} INFO - Processing file /opt/anaconda3/envs/titanic/lib/python3.11/site-packages/airflow/example_dags/example_bash_decorator.py for tasks to queue
[2025-03-24T17:20:07.811-1000] {logging_mixin.py:190} INFO - [2025-03-24T17:20:07.811-1000] {dagbag.py:588} INFO - Filling up the DagBag from /opt/anaconda3/envs/titanic/lib/python3.11/site-packages/airflow/example_dags/example_bash_decorator.py
[2025-03-24T17:20:07.822-1000] {processor.py:925} INFO - DAG(s) 'example_bash_decorator' retrieved from /opt/anaconda3/envs/titanic/lib/python3.11/site-packages/airflow/example_dags/example_bash_decorator.py
[2025-03-24T17:20:07.867-1000] {logging_mixin.py:190} INFO - [2025-03-24T17:20:07.867-1000] {dag.py:3239} INFO - Sync 1 DAGs
[2025-03-24T17:20:07.870-1000] {logging_mixin.py:190} INFO - [2025-03-24T17:20:07.870-1000] {dag.py:4180} INFO - Setting next_dagrun for example_bash_decorator to None, run_after=None
[2025-03-24T17:20:07.874-1000] {processor.py:208} INFO - Processing /opt/anaconda3/envs/titanic/lib/python3.11/site-packages/airflow/example_dags/example_bash_decorator.py took 0.065 seconds
[2025-03-24T17:22:02.650-1000] {processor.py:186} INFO - Started process (PID=40719) to work on /opt/anaconda3/envs/titanic/lib/python3.11/site-packages/airflow/example_dags/example_bash_decorator.py
[2025-03-24T17:22:02.651-1000] {processor.py:914} INFO - Processing file /opt/anaconda3/envs/titanic/lib/python3.11/site-packages/airflow/example_dags/example_bash_decorator.py for tasks to queue
[2025-03-24T17:22:02.652-1000] {logging_mixin.py:190} INFO - [2025-03-24T17:22:02.652-1000] {dagbag.py:588} INFO - Filling up the DagBag from /opt/anaconda3/envs/titanic/lib/python3.11/site-packages/airflow/example_dags/example_bash_decorator.py
[2025-03-24T17:22:02.663-1000] {processor.py:925} INFO - DAG(s) 'example_bash_decorator' retrieved from /opt/anaconda3/envs/titanic/lib/python3.11/site-packages/airflow/example_dags/example_bash_decorator.py
[2025-03-24T17:22:02.709-1000] {logging_mixin.py:190} INFO - [2025-03-24T17:22:02.709-1000] {dag.py:3239} INFO - Sync 1 DAGs
[2025-03-24T17:22:02.712-1000] {logging_mixin.py:190} INFO - [2025-03-24T17:22:02.712-1000] {dag.py:4180} INFO - Setting next_dagrun for example_bash_decorator to None, run_after=None
[2025-03-24T17:22:02.717-1000] {processor.py:208} INFO - Processing /opt/anaconda3/envs/titanic/lib/python3.11/site-packages/airflow/example_dags/example_bash_decorator.py took 0.068 seconds
[2025-03-24T17:23:52.714-1000] {processor.py:186} INFO - Started process (PID=41166) to work on /opt/anaconda3/envs/titanic/lib/python3.11/site-packages/airflow/example_dags/example_bash_decorator.py
[2025-03-24T17:23:52.715-1000] {processor.py:914} INFO - Processing file /opt/anaconda3/envs/titanic/lib/python3.11/site-packages/airflow/example_dags/example_bash_decorator.py for tasks to queue
[2025-03-24T17:23:52.715-1000] {logging_mixin.py:190} INFO - [2025-03-24T17:23:52.715-1000] {dagbag.py:588} INFO - Filling up the DagBag from /opt/anaconda3/envs/titanic/lib/python3.11/site-packages/airflow/example_dags/example_bash_decorator.py
[2025-03-24T17:23:52.728-1000] {processor.py:925} INFO - DAG(s) 'example_bash_decorator' retrieved from /opt/anaconda3/envs/titanic/lib/python3.11/site-packages/airflow/example_dags/example_bash_decorator.py
[2025-03-24T17:23:52.780-1000] {logging_mixin.py:190} INFO - [2025-03-24T17:23:52.780-1000] {dag.py:3239} INFO - Sync 1 DAGs
[2025-03-24T17:23:52.783-1000] {logging_mixin.py:190} INFO - [2025-03-24T17:23:52.783-1000] {dag.py:4180} INFO - Setting next_dagrun for example_bash_decorator to None, run_after=None
[2025-03-24T17:23:52.788-1000] {processor.py:208} INFO - Processing /opt/anaconda3/envs/titanic/lib/python3.11/site-packages/airflow/example_dags/example_bash_decorator.py took 0.075 seconds
[2025-03-24T17:25:46.361-1000] {processor.py:186} INFO - Started process (PID=41606) to work on /opt/anaconda3/envs/titanic/lib/python3.11/site-packages/airflow/example_dags/example_bash_decorator.py
[2025-03-24T17:25:46.362-1000] {processor.py:914} INFO - Processing file /opt/anaconda3/envs/titanic/lib/python3.11/site-packages/airflow/example_dags/example_bash_decorator.py for tasks to queue
[2025-03-24T17:25:46.363-1000] {logging_mixin.py:190} INFO - [2025-03-24T17:25:46.363-1000] {dagbag.py:588} INFO - Filling up the DagBag from /opt/anaconda3/envs/titanic/lib/python3.11/site-packages/airflow/example_dags/example_bash_decorator.py
[2025-03-24T17:25:46.373-1000] {processor.py:925} INFO - DAG(s) 'example_bash_decorator' retrieved from /opt/anaconda3/envs/titanic/lib/python3.11/site-packages/airflow/example_dags/example_bash_decorator.py
[2025-03-24T17:25:46.429-1000] {logging_mixin.py:190} INFO - [2025-03-24T17:25:46.429-1000] {dag.py:3239} INFO - Sync 1 DAGs
[2025-03-24T17:25:46.432-1000] {logging_mixin.py:190} INFO - [2025-03-24T17:25:46.432-1000] {dag.py:4180} INFO - Setting next_dagrun for example_bash_decorator to None, run_after=None
[2025-03-24T17:25:46.436-1000] {processor.py:208} INFO - Processing /opt/anaconda3/envs/titanic/lib/python3.11/site-packages/airflow/example_dags/example_bash_decorator.py took 0.076 seconds
[2025-03-24T17:27:49.668-1000] {processor.py:186} INFO - Started process (PID=42163) to work on /opt/anaconda3/envs/titanic/lib/python3.11/site-packages/airflow/example_dags/example_bash_decorator.py
[2025-03-24T17:27:49.669-1000] {processor.py:914} INFO - Processing file /opt/anaconda3/envs/titanic/lib/python3.11/site-packages/airflow/example_dags/example_bash_decorator.py for tasks to queue
[2025-03-24T17:27:49.669-1000] {logging_mixin.py:190} INFO - [2025-03-24T17:27:49.669-1000] {dagbag.py:588} INFO - Filling up the DagBag from /opt/anaconda3/envs/titanic/lib/python3.11/site-packages/airflow/example_dags/example_bash_decorator.py
[2025-03-24T17:27:49.680-1000] {processor.py:925} INFO - DAG(s) 'example_bash_decorator' retrieved from /opt/anaconda3/envs/titanic/lib/python3.11/site-packages/airflow/example_dags/example_bash_decorator.py
[2025-03-24T17:27:49.725-1000] {logging_mixin.py:190} INFO - [2025-03-24T17:27:49.725-1000] {dag.py:3239} INFO - Sync 1 DAGs
[2025-03-24T17:27:49.728-1000] {logging_mixin.py:190} INFO - [2025-03-24T17:27:49.728-1000] {dag.py:4180} INFO - Setting next_dagrun for example_bash_decorator to None, run_after=None
[2025-03-24T17:27:49.733-1000] {processor.py:208} INFO - Processing /opt/anaconda3/envs/titanic/lib/python3.11/site-packages/airflow/example_dags/example_bash_decorator.py took 0.066 seconds
[2025-03-24T17:29:41.705-1000] {processor.py:186} INFO - Started process (PID=42622) to work on /opt/anaconda3/envs/titanic/lib/python3.11/site-packages/airflow/example_dags/example_bash_decorator.py
[2025-03-24T17:29:41.706-1000] {processor.py:914} INFO - Processing file /opt/anaconda3/envs/titanic/lib/python3.11/site-packages/airflow/example_dags/example_bash_decorator.py for tasks to queue
[2025-03-24T17:29:41.706-1000] {logging_mixin.py:190} INFO - [2025-03-24T17:29:41.706-1000] {dagbag.py:588} INFO - Filling up the DagBag from /opt/anaconda3/envs/titanic/lib/python3.11/site-packages/airflow/example_dags/example_bash_decorator.py
[2025-03-24T17:29:41.716-1000] {processor.py:925} INFO - DAG(s) 'example_bash_decorator' retrieved from /opt/anaconda3/envs/titanic/lib/python3.11/site-packages/airflow/example_dags/example_bash_decorator.py
[2025-03-24T17:29:41.763-1000] {logging_mixin.py:190} INFO - [2025-03-24T17:29:41.763-1000] {dag.py:3239} INFO - Sync 1 DAGs
[2025-03-24T17:29:41.766-1000] {logging_mixin.py:190} INFO - [2025-03-24T17:29:41.766-1000] {dag.py:4180} INFO - Setting next_dagrun for example_bash_decorator to None, run_after=None
[2025-03-24T17:29:41.771-1000] {processor.py:208} INFO - Processing /opt/anaconda3/envs/titanic/lib/python3.11/site-packages/airflow/example_dags/example_bash_decorator.py took 0.067 seconds
[2025-03-24T17:31:40.198-1000] {processor.py:186} INFO - Started process (PID=43150) to work on /opt/anaconda3/envs/titanic/lib/python3.11/site-packages/airflow/example_dags/example_bash_decorator.py
[2025-03-24T17:31:40.199-1000] {processor.py:914} INFO - Processing file /opt/anaconda3/envs/titanic/lib/python3.11/site-packages/airflow/example_dags/example_bash_decorator.py for tasks to queue
[2025-03-24T17:31:40.199-1000] {logging_mixin.py:190} INFO - [2025-03-24T17:31:40.199-1000] {dagbag.py:588} INFO - Filling up the DagBag from /opt/anaconda3/envs/titanic/lib/python3.11/site-packages/airflow/example_dags/example_bash_decorator.py
[2025-03-24T17:31:40.210-1000] {processor.py:925} INFO - DAG(s) 'example_bash_decorator' retrieved from /opt/anaconda3/envs/titanic/lib/python3.11/site-packages/airflow/example_dags/example_bash_decorator.py
[2025-03-24T17:31:40.256-1000] {logging_mixin.py:190} INFO - [2025-03-24T17:31:40.256-1000] {dag.py:3239} INFO - Sync 1 DAGs
[2025-03-24T17:31:40.259-1000] {logging_mixin.py:190} INFO - [2025-03-24T17:31:40.258-1000] {dag.py:4180} INFO - Setting next_dagrun for example_bash_decorator to None, run_after=None
[2025-03-24T17:31:40.264-1000] {processor.py:208} INFO - Processing /opt/anaconda3/envs/titanic/lib/python3.11/site-packages/airflow/example_dags/example_bash_decorator.py took 0.067 seconds
[2025-03-24T17:33:38.876-1000] {processor.py:186} INFO - Started process (PID=43636) to work on /opt/anaconda3/envs/titanic/lib/python3.11/site-packages/airflow/example_dags/example_bash_decorator.py
[2025-03-24T17:33:38.877-1000] {processor.py:914} INFO - Processing file /opt/anaconda3/envs/titanic/lib/python3.11/site-packages/airflow/example_dags/example_bash_decorator.py for tasks to queue
[2025-03-24T17:33:38.877-1000] {logging_mixin.py:190} INFO - [2025-03-24T17:33:38.877-1000] {dagbag.py:588} INFO - Filling up the DagBag from /opt/anaconda3/envs/titanic/lib/python3.11/site-packages/airflow/example_dags/example_bash_decorator.py
[2025-03-24T17:33:38.887-1000] {processor.py:925} INFO - DAG(s) 'example_bash_decorator' retrieved from /opt/anaconda3/envs/titanic/lib/python3.11/site-packages/airflow/example_dags/example_bash_decorator.py
[2025-03-24T17:33:38.933-1000] {logging_mixin.py:190} INFO - [2025-03-24T17:33:38.933-1000] {dag.py:3239} INFO - Sync 1 DAGs
[2025-03-24T17:33:38.936-1000] {logging_mixin.py:190} INFO - [2025-03-24T17:33:38.936-1000] {dag.py:4180} INFO - Setting next_dagrun for example_bash_decorator to None, run_after=None
[2025-03-24T17:33:38.941-1000] {processor.py:208} INFO - Processing /opt/anaconda3/envs/titanic/lib/python3.11/site-packages/airflow/example_dags/example_bash_decorator.py took 0.065 seconds
