[2025-03-24T15:51:06.059-1000] {processor.py:186} INFO - Started process (PID=18819) to work on /opt/anaconda3/envs/titanic/lib/python3.11/site-packages/airflow/example_dags/example_sla_dag.py
[2025-03-24T15:51:06.059-1000] {processor.py:914} INFO - Processing file /opt/anaconda3/envs/titanic/lib/python3.11/site-packages/airflow/example_dags/example_sla_dag.py for tasks to queue
[2025-03-24T15:51:06.059-1000] {logging_mixin.py:190} INFO - [2025-03-24T15:51:06.059-1000] {dagbag.py:588} INFO - Filling up the DagBag from /opt/anaconda3/envs/titanic/lib/python3.11/site-packages/airflow/example_dags/example_sla_dag.py
[2025-03-24T15:51:06.070-1000] {processor.py:925} INFO - DAG(s) 'example_sla_dag' retrieved from /opt/anaconda3/envs/titanic/lib/python3.11/site-packages/airflow/example_dags/example_sla_dag.py
[2025-03-24T15:51:06.096-1000] {logging_mixin.py:190} INFO - [2025-03-24T15:51:06.096-1000] {dag.py:3239} INFO - Sync 1 DAGs
[2025-03-24T15:51:06.103-1000] {logging_mixin.py:190} INFO - [2025-03-24T15:51:06.103-1000] {dag.py:4180} INFO - Setting next_dagrun for example_sla_dag to 2025-03-25 01:48:00+00:00, run_after=2025-03-25 01:50:00+00:00
[2025-03-24T15:51:06.108-1000] {processor.py:208} INFO - Processing /opt/anaconda3/envs/titanic/lib/python3.11/site-packages/airflow/example_dags/example_sla_dag.py took 0.077 seconds
[2025-03-24T15:52:41.454-1000] {processor.py:186} INFO - Started process (PID=19922) to work on /opt/anaconda3/envs/titanic/lib/python3.11/site-packages/airflow/example_dags/example_sla_dag.py
[2025-03-24T15:52:41.455-1000] {processor.py:914} INFO - Processing file /opt/anaconda3/envs/titanic/lib/python3.11/site-packages/airflow/example_dags/example_sla_dag.py for tasks to queue
[2025-03-24T15:52:41.455-1000] {logging_mixin.py:190} INFO - [2025-03-24T15:52:41.455-1000] {dagbag.py:588} INFO - Filling up the DagBag from /opt/anaconda3/envs/titanic/lib/python3.11/site-packages/airflow/example_dags/example_sla_dag.py
[2025-03-24T15:52:41.465-1000] {processor.py:925} INFO - DAG(s) 'example_sla_dag' retrieved from /opt/anaconda3/envs/titanic/lib/python3.11/site-packages/airflow/example_dags/example_sla_dag.py
[2025-03-24T15:52:41.489-1000] {logging_mixin.py:190} INFO - [2025-03-24T15:52:41.489-1000] {dag.py:3239} INFO - Sync 1 DAGs
[2025-03-24T15:52:41.495-1000] {logging_mixin.py:190} INFO - [2025-03-24T15:52:41.495-1000] {dag.py:4180} INFO - Setting next_dagrun for example_sla_dag to 2025-03-25 01:50:00+00:00, run_after=2025-03-25 01:52:00+00:00
[2025-03-24T15:52:41.500-1000] {processor.py:208} INFO - Processing /opt/anaconda3/envs/titanic/lib/python3.11/site-packages/airflow/example_dags/example_sla_dag.py took 0.069 seconds
[2025-03-24T15:53:44.352-1000] {processor.py:186} INFO - Started process (PID=20176) to work on /opt/anaconda3/envs/titanic/lib/python3.11/site-packages/airflow/example_dags/example_sla_dag.py
[2025-03-24T15:53:44.352-1000] {processor.py:914} INFO - Processing file /opt/anaconda3/envs/titanic/lib/python3.11/site-packages/airflow/example_dags/example_sla_dag.py for tasks to queue
[2025-03-24T15:53:44.352-1000] {logging_mixin.py:190} INFO - [2025-03-24T15:53:44.352-1000] {dagbag.py:588} INFO - Filling up the DagBag from /opt/anaconda3/envs/titanic/lib/python3.11/site-packages/airflow/example_dags/example_sla_dag.py
[2025-03-24T15:53:44.363-1000] {processor.py:925} INFO - DAG(s) 'example_sla_dag' retrieved from /opt/anaconda3/envs/titanic/lib/python3.11/site-packages/airflow/example_dags/example_sla_dag.py
[2025-03-24T15:53:44.388-1000] {logging_mixin.py:190} INFO - [2025-03-24T15:53:44.388-1000] {dag.py:3239} INFO - Sync 1 DAGs
[2025-03-24T15:53:44.394-1000] {logging_mixin.py:190} INFO - [2025-03-24T15:53:44.394-1000] {dag.py:4180} INFO - Setting next_dagrun for example_sla_dag to 2025-03-25 01:50:00+00:00, run_after=2025-03-25 01:52:00+00:00
[2025-03-24T15:53:44.398-1000] {processor.py:208} INFO - Processing /opt/anaconda3/envs/titanic/lib/python3.11/site-packages/airflow/example_dags/example_sla_dag.py took 0.067 seconds
[2025-03-24T15:55:33.709-1000] {processor.py:186} INFO - Started process (PID=20595) to work on /opt/anaconda3/envs/titanic/lib/python3.11/site-packages/airflow/example_dags/example_sla_dag.py
[2025-03-24T15:55:33.710-1000] {processor.py:914} INFO - Processing file /opt/anaconda3/envs/titanic/lib/python3.11/site-packages/airflow/example_dags/example_sla_dag.py for tasks to queue
[2025-03-24T15:55:33.710-1000] {logging_mixin.py:190} INFO - [2025-03-24T15:55:33.710-1000] {dagbag.py:588} INFO - Filling up the DagBag from /opt/anaconda3/envs/titanic/lib/python3.11/site-packages/airflow/example_dags/example_sla_dag.py
[2025-03-24T15:55:33.719-1000] {processor.py:925} INFO - DAG(s) 'example_sla_dag' retrieved from /opt/anaconda3/envs/titanic/lib/python3.11/site-packages/airflow/example_dags/example_sla_dag.py
[2025-03-24T15:55:33.743-1000] {logging_mixin.py:190} INFO - [2025-03-24T15:55:33.743-1000] {dag.py:3239} INFO - Sync 1 DAGs
[2025-03-24T15:55:33.749-1000] {logging_mixin.py:190} INFO - [2025-03-24T15:55:33.749-1000] {dag.py:4180} INFO - Setting next_dagrun for example_sla_dag to 2025-03-25 01:52:00+00:00, run_after=2025-03-25 01:54:00+00:00
[2025-03-24T15:55:33.754-1000] {processor.py:208} INFO - Processing /opt/anaconda3/envs/titanic/lib/python3.11/site-packages/airflow/example_dags/example_sla_dag.py took 0.064 seconds
[2025-03-24T15:57:22.340-1000] {processor.py:186} INFO - Started process (PID=21015) to work on /opt/anaconda3/envs/titanic/lib/python3.11/site-packages/airflow/example_dags/example_sla_dag.py
[2025-03-24T15:57:22.341-1000] {processor.py:914} INFO - Processing file /opt/anaconda3/envs/titanic/lib/python3.11/site-packages/airflow/example_dags/example_sla_dag.py for tasks to queue
[2025-03-24T15:57:22.341-1000] {logging_mixin.py:190} INFO - [2025-03-24T15:57:22.341-1000] {dagbag.py:588} INFO - Filling up the DagBag from /opt/anaconda3/envs/titanic/lib/python3.11/site-packages/airflow/example_dags/example_sla_dag.py
[2025-03-24T15:57:22.351-1000] {processor.py:925} INFO - DAG(s) 'example_sla_dag' retrieved from /opt/anaconda3/envs/titanic/lib/python3.11/site-packages/airflow/example_dags/example_sla_dag.py
[2025-03-24T15:57:22.375-1000] {logging_mixin.py:190} INFO - [2025-03-24T15:57:22.375-1000] {dag.py:3239} INFO - Sync 1 DAGs
[2025-03-24T15:57:22.381-1000] {logging_mixin.py:190} INFO - [2025-03-24T15:57:22.381-1000] {dag.py:4180} INFO - Setting next_dagrun for example_sla_dag to 2025-03-25 01:54:00+00:00, run_after=2025-03-25 01:56:00+00:00
[2025-03-24T15:57:22.385-1000] {processor.py:208} INFO - Processing /opt/anaconda3/envs/titanic/lib/python3.11/site-packages/airflow/example_dags/example_sla_dag.py took 0.066 seconds
[2025-03-24T15:59:08.555-1000] {processor.py:186} INFO - Started process (PID=21431) to work on /opt/anaconda3/envs/titanic/lib/python3.11/site-packages/airflow/example_dags/example_sla_dag.py
[2025-03-24T15:59:08.556-1000] {processor.py:914} INFO - Processing file /opt/anaconda3/envs/titanic/lib/python3.11/site-packages/airflow/example_dags/example_sla_dag.py for tasks to queue
[2025-03-24T15:59:08.557-1000] {logging_mixin.py:190} INFO - [2025-03-24T15:59:08.556-1000] {dagbag.py:588} INFO - Filling up the DagBag from /opt/anaconda3/envs/titanic/lib/python3.11/site-packages/airflow/example_dags/example_sla_dag.py
[2025-03-24T15:59:08.566-1000] {processor.py:925} INFO - DAG(s) 'example_sla_dag' retrieved from /opt/anaconda3/envs/titanic/lib/python3.11/site-packages/airflow/example_dags/example_sla_dag.py
[2025-03-24T15:59:08.590-1000] {logging_mixin.py:190} INFO - [2025-03-24T15:59:08.590-1000] {dag.py:3239} INFO - Sync 1 DAGs
[2025-03-24T15:59:08.596-1000] {logging_mixin.py:190} INFO - [2025-03-24T15:59:08.596-1000] {dag.py:4180} INFO - Setting next_dagrun for example_sla_dag to 2025-03-25 01:56:00+00:00, run_after=2025-03-25 01:58:00+00:00
[2025-03-24T15:59:08.601-1000] {processor.py:208} INFO - Processing /opt/anaconda3/envs/titanic/lib/python3.11/site-packages/airflow/example_dags/example_sla_dag.py took 0.066 seconds
[2025-03-24T16:01:22.908-1000] {processor.py:186} INFO - Started process (PID=21936) to work on /opt/anaconda3/envs/titanic/lib/python3.11/site-packages/airflow/example_dags/example_sla_dag.py
[2025-03-24T16:01:22.909-1000] {processor.py:914} INFO - Processing file /opt/anaconda3/envs/titanic/lib/python3.11/site-packages/airflow/example_dags/example_sla_dag.py for tasks to queue
[2025-03-24T16:01:22.910-1000] {logging_mixin.py:190} INFO - [2025-03-24T16:01:22.910-1000] {dagbag.py:588} INFO - Filling up the DagBag from /opt/anaconda3/envs/titanic/lib/python3.11/site-packages/airflow/example_dags/example_sla_dag.py
[2025-03-24T16:01:22.919-1000] {processor.py:925} INFO - DAG(s) 'example_sla_dag' retrieved from /opt/anaconda3/envs/titanic/lib/python3.11/site-packages/airflow/example_dags/example_sla_dag.py
[2025-03-24T16:01:22.943-1000] {logging_mixin.py:190} INFO - [2025-03-24T16:01:22.943-1000] {dag.py:3239} INFO - Sync 1 DAGs
[2025-03-24T16:01:22.948-1000] {logging_mixin.py:190} INFO - [2025-03-24T16:01:22.948-1000] {dag.py:4180} INFO - Setting next_dagrun for example_sla_dag to 2025-03-25 01:58:00+00:00, run_after=2025-03-25 02:00:00+00:00
[2025-03-24T16:01:22.953-1000] {processor.py:208} INFO - Processing /opt/anaconda3/envs/titanic/lib/python3.11/site-packages/airflow/example_dags/example_sla_dag.py took 0.064 seconds
[2025-03-24T16:03:10.631-1000] {processor.py:186} INFO - Started process (PID=22346) to work on /opt/anaconda3/envs/titanic/lib/python3.11/site-packages/airflow/example_dags/example_sla_dag.py
[2025-03-24T16:03:10.632-1000] {processor.py:914} INFO - Processing file /opt/anaconda3/envs/titanic/lib/python3.11/site-packages/airflow/example_dags/example_sla_dag.py for tasks to queue
[2025-03-24T16:03:10.632-1000] {logging_mixin.py:190} INFO - [2025-03-24T16:03:10.632-1000] {dagbag.py:588} INFO - Filling up the DagBag from /opt/anaconda3/envs/titanic/lib/python3.11/site-packages/airflow/example_dags/example_sla_dag.py
[2025-03-24T16:03:10.641-1000] {processor.py:925} INFO - DAG(s) 'example_sla_dag' retrieved from /opt/anaconda3/envs/titanic/lib/python3.11/site-packages/airflow/example_dags/example_sla_dag.py
[2025-03-24T16:03:10.665-1000] {logging_mixin.py:190} INFO - [2025-03-24T16:03:10.665-1000] {dag.py:3239} INFO - Sync 1 DAGs
[2025-03-24T16:03:10.670-1000] {logging_mixin.py:190} INFO - [2025-03-24T16:03:10.670-1000] {dag.py:4180} INFO - Setting next_dagrun for example_sla_dag to 2025-03-25 02:00:00+00:00, run_after=2025-03-25 02:02:00+00:00
[2025-03-24T16:03:10.675-1000] {processor.py:208} INFO - Processing /opt/anaconda3/envs/titanic/lib/python3.11/site-packages/airflow/example_dags/example_sla_dag.py took 0.063 seconds
[2025-03-24T16:04:57.869-1000] {processor.py:186} INFO - Started process (PID=22757) to work on /opt/anaconda3/envs/titanic/lib/python3.11/site-packages/airflow/example_dags/example_sla_dag.py
[2025-03-24T16:04:57.870-1000] {processor.py:914} INFO - Processing file /opt/anaconda3/envs/titanic/lib/python3.11/site-packages/airflow/example_dags/example_sla_dag.py for tasks to queue
[2025-03-24T16:04:57.870-1000] {logging_mixin.py:190} INFO - [2025-03-24T16:04:57.870-1000] {dagbag.py:588} INFO - Filling up the DagBag from /opt/anaconda3/envs/titanic/lib/python3.11/site-packages/airflow/example_dags/example_sla_dag.py
[2025-03-24T16:04:57.879-1000] {processor.py:925} INFO - DAG(s) 'example_sla_dag' retrieved from /opt/anaconda3/envs/titanic/lib/python3.11/site-packages/airflow/example_dags/example_sla_dag.py
[2025-03-24T16:04:57.903-1000] {logging_mixin.py:190} INFO - [2025-03-24T16:04:57.903-1000] {dag.py:3239} INFO - Sync 1 DAGs
[2025-03-24T16:04:57.908-1000] {logging_mixin.py:190} INFO - [2025-03-24T16:04:57.908-1000] {dag.py:4180} INFO - Setting next_dagrun for example_sla_dag to 2025-03-25 02:02:00+00:00, run_after=2025-03-25 02:04:00+00:00
[2025-03-24T16:04:57.913-1000] {processor.py:208} INFO - Processing /opt/anaconda3/envs/titanic/lib/python3.11/site-packages/airflow/example_dags/example_sla_dag.py took 0.064 seconds
[2025-03-24T16:06:45.220-1000] {processor.py:186} INFO - Started process (PID=23197) to work on /opt/anaconda3/envs/titanic/lib/python3.11/site-packages/airflow/example_dags/example_sla_dag.py
[2025-03-24T16:06:45.220-1000] {processor.py:914} INFO - Processing file /opt/anaconda3/envs/titanic/lib/python3.11/site-packages/airflow/example_dags/example_sla_dag.py for tasks to queue
[2025-03-24T16:06:45.221-1000] {logging_mixin.py:190} INFO - [2025-03-24T16:06:45.221-1000] {dagbag.py:588} INFO - Filling up the DagBag from /opt/anaconda3/envs/titanic/lib/python3.11/site-packages/airflow/example_dags/example_sla_dag.py
[2025-03-24T16:06:45.230-1000] {processor.py:925} INFO - DAG(s) 'example_sla_dag' retrieved from /opt/anaconda3/envs/titanic/lib/python3.11/site-packages/airflow/example_dags/example_sla_dag.py
[2025-03-24T16:06:45.253-1000] {logging_mixin.py:190} INFO - [2025-03-24T16:06:45.253-1000] {dag.py:3239} INFO - Sync 1 DAGs
[2025-03-24T16:06:45.259-1000] {logging_mixin.py:190} INFO - [2025-03-24T16:06:45.259-1000] {dag.py:4180} INFO - Setting next_dagrun for example_sla_dag to 2025-03-25 02:04:00+00:00, run_after=2025-03-25 02:06:00+00:00
[2025-03-24T16:06:45.264-1000] {processor.py:208} INFO - Processing /opt/anaconda3/envs/titanic/lib/python3.11/site-packages/airflow/example_dags/example_sla_dag.py took 0.063 seconds
[2025-03-24T16:08:37.591-1000] {processor.py:186} INFO - Started process (PID=23621) to work on /opt/anaconda3/envs/titanic/lib/python3.11/site-packages/airflow/example_dags/example_sla_dag.py
[2025-03-24T16:08:37.591-1000] {processor.py:914} INFO - Processing file /opt/anaconda3/envs/titanic/lib/python3.11/site-packages/airflow/example_dags/example_sla_dag.py for tasks to queue
[2025-03-24T16:08:37.591-1000] {logging_mixin.py:190} INFO - [2025-03-24T16:08:37.591-1000] {dagbag.py:588} INFO - Filling up the DagBag from /opt/anaconda3/envs/titanic/lib/python3.11/site-packages/airflow/example_dags/example_sla_dag.py
[2025-03-24T16:08:37.601-1000] {processor.py:925} INFO - DAG(s) 'example_sla_dag' retrieved from /opt/anaconda3/envs/titanic/lib/python3.11/site-packages/airflow/example_dags/example_sla_dag.py
[2025-03-24T16:08:37.624-1000] {logging_mixin.py:190} INFO - [2025-03-24T16:08:37.624-1000] {dag.py:3239} INFO - Sync 1 DAGs
[2025-03-24T16:08:37.630-1000] {logging_mixin.py:190} INFO - [2025-03-24T16:08:37.629-1000] {dag.py:4180} INFO - Setting next_dagrun for example_sla_dag to 2025-03-25 02:06:00+00:00, run_after=2025-03-25 02:08:00+00:00
[2025-03-24T16:08:37.634-1000] {processor.py:208} INFO - Processing /opt/anaconda3/envs/titanic/lib/python3.11/site-packages/airflow/example_dags/example_sla_dag.py took 0.064 seconds
[2025-03-24T16:10:37.984-1000] {processor.py:186} INFO - Started process (PID=24097) to work on /opt/anaconda3/envs/titanic/lib/python3.11/site-packages/airflow/example_dags/example_sla_dag.py
[2025-03-24T16:10:37.986-1000] {processor.py:914} INFO - Processing file /opt/anaconda3/envs/titanic/lib/python3.11/site-packages/airflow/example_dags/example_sla_dag.py for tasks to queue
[2025-03-24T16:10:37.986-1000] {logging_mixin.py:190} INFO - [2025-03-24T16:10:37.986-1000] {dagbag.py:588} INFO - Filling up the DagBag from /opt/anaconda3/envs/titanic/lib/python3.11/site-packages/airflow/example_dags/example_sla_dag.py
[2025-03-24T16:10:37.995-1000] {processor.py:925} INFO - DAG(s) 'example_sla_dag' retrieved from /opt/anaconda3/envs/titanic/lib/python3.11/site-packages/airflow/example_dags/example_sla_dag.py
[2025-03-24T16:10:38.019-1000] {logging_mixin.py:190} INFO - [2025-03-24T16:10:38.019-1000] {dag.py:3239} INFO - Sync 1 DAGs
[2025-03-24T16:10:38.024-1000] {logging_mixin.py:190} INFO - [2025-03-24T16:10:38.024-1000] {dag.py:4180} INFO - Setting next_dagrun for example_sla_dag to 2025-03-25 02:08:00+00:00, run_after=2025-03-25 02:10:00+00:00
[2025-03-24T16:10:38.029-1000] {processor.py:208} INFO - Processing /opt/anaconda3/envs/titanic/lib/python3.11/site-packages/airflow/example_dags/example_sla_dag.py took 0.064 seconds
[2025-03-24T16:12:32.669-1000] {processor.py:186} INFO - Started process (PID=24551) to work on /opt/anaconda3/envs/titanic/lib/python3.11/site-packages/airflow/example_dags/example_sla_dag.py
[2025-03-24T16:12:32.669-1000] {processor.py:914} INFO - Processing file /opt/anaconda3/envs/titanic/lib/python3.11/site-packages/airflow/example_dags/example_sla_dag.py for tasks to queue
[2025-03-24T16:12:32.670-1000] {logging_mixin.py:190} INFO - [2025-03-24T16:12:32.669-1000] {dagbag.py:588} INFO - Filling up the DagBag from /opt/anaconda3/envs/titanic/lib/python3.11/site-packages/airflow/example_dags/example_sla_dag.py
[2025-03-24T16:12:32.679-1000] {processor.py:925} INFO - DAG(s) 'example_sla_dag' retrieved from /opt/anaconda3/envs/titanic/lib/python3.11/site-packages/airflow/example_dags/example_sla_dag.py
[2025-03-24T16:12:32.703-1000] {logging_mixin.py:190} INFO - [2025-03-24T16:12:32.703-1000] {dag.py:3239} INFO - Sync 1 DAGs
[2025-03-24T16:12:32.708-1000] {logging_mixin.py:190} INFO - [2025-03-24T16:12:32.708-1000] {dag.py:4180} INFO - Setting next_dagrun for example_sla_dag to 2025-03-25 02:10:00+00:00, run_after=2025-03-25 02:12:00+00:00
[2025-03-24T16:12:32.713-1000] {processor.py:208} INFO - Processing /opt/anaconda3/envs/titanic/lib/python3.11/site-packages/airflow/example_dags/example_sla_dag.py took 0.065 seconds
[2025-03-24T16:14:33.119-1000] {processor.py:186} INFO - Started process (PID=25062) to work on /opt/anaconda3/envs/titanic/lib/python3.11/site-packages/airflow/example_dags/example_sla_dag.py
[2025-03-24T16:14:33.120-1000] {processor.py:914} INFO - Processing file /opt/anaconda3/envs/titanic/lib/python3.11/site-packages/airflow/example_dags/example_sla_dag.py for tasks to queue
[2025-03-24T16:14:33.120-1000] {logging_mixin.py:190} INFO - [2025-03-24T16:14:33.120-1000] {dagbag.py:588} INFO - Filling up the DagBag from /opt/anaconda3/envs/titanic/lib/python3.11/site-packages/airflow/example_dags/example_sla_dag.py
[2025-03-24T16:14:33.130-1000] {processor.py:925} INFO - DAG(s) 'example_sla_dag' retrieved from /opt/anaconda3/envs/titanic/lib/python3.11/site-packages/airflow/example_dags/example_sla_dag.py
[2025-03-24T16:14:33.153-1000] {logging_mixin.py:190} INFO - [2025-03-24T16:14:33.153-1000] {dag.py:3239} INFO - Sync 1 DAGs
[2025-03-24T16:14:33.158-1000] {logging_mixin.py:190} INFO - [2025-03-24T16:14:33.158-1000] {dag.py:4180} INFO - Setting next_dagrun for example_sla_dag to 2025-03-25 02:12:00+00:00, run_after=2025-03-25 02:14:00+00:00
[2025-03-24T16:14:33.163-1000] {processor.py:208} INFO - Processing /opt/anaconda3/envs/titanic/lib/python3.11/site-packages/airflow/example_dags/example_sla_dag.py took 0.064 seconds
[2025-03-24T16:16:25.894-1000] {processor.py:186} INFO - Started process (PID=25512) to work on /opt/anaconda3/envs/titanic/lib/python3.11/site-packages/airflow/example_dags/example_sla_dag.py
[2025-03-24T16:16:25.894-1000] {processor.py:914} INFO - Processing file /opt/anaconda3/envs/titanic/lib/python3.11/site-packages/airflow/example_dags/example_sla_dag.py for tasks to queue
[2025-03-24T16:16:25.894-1000] {logging_mixin.py:190} INFO - [2025-03-24T16:16:25.894-1000] {dagbag.py:588} INFO - Filling up the DagBag from /opt/anaconda3/envs/titanic/lib/python3.11/site-packages/airflow/example_dags/example_sla_dag.py
[2025-03-24T16:16:25.904-1000] {processor.py:925} INFO - DAG(s) 'example_sla_dag' retrieved from /opt/anaconda3/envs/titanic/lib/python3.11/site-packages/airflow/example_dags/example_sla_dag.py
[2025-03-24T16:16:25.927-1000] {logging_mixin.py:190} INFO - [2025-03-24T16:16:25.927-1000] {dag.py:3239} INFO - Sync 1 DAGs
[2025-03-24T16:16:25.933-1000] {logging_mixin.py:190} INFO - [2025-03-24T16:16:25.933-1000] {dag.py:4180} INFO - Setting next_dagrun for example_sla_dag to 2025-03-25 02:14:00+00:00, run_after=2025-03-25 02:16:00+00:00
[2025-03-24T16:16:25.937-1000] {processor.py:208} INFO - Processing /opt/anaconda3/envs/titanic/lib/python3.11/site-packages/airflow/example_dags/example_sla_dag.py took 0.063 seconds
[2025-03-24T16:18:15.004-1000] {processor.py:186} INFO - Started process (PID=25925) to work on /opt/anaconda3/envs/titanic/lib/python3.11/site-packages/airflow/example_dags/example_sla_dag.py
[2025-03-24T16:18:15.004-1000] {processor.py:914} INFO - Processing file /opt/anaconda3/envs/titanic/lib/python3.11/site-packages/airflow/example_dags/example_sla_dag.py for tasks to queue
[2025-03-24T16:18:15.005-1000] {logging_mixin.py:190} INFO - [2025-03-24T16:18:15.005-1000] {dagbag.py:588} INFO - Filling up the DagBag from /opt/anaconda3/envs/titanic/lib/python3.11/site-packages/airflow/example_dags/example_sla_dag.py
[2025-03-24T16:18:15.014-1000] {processor.py:925} INFO - DAG(s) 'example_sla_dag' retrieved from /opt/anaconda3/envs/titanic/lib/python3.11/site-packages/airflow/example_dags/example_sla_dag.py
[2025-03-24T16:18:15.038-1000] {logging_mixin.py:190} INFO - [2025-03-24T16:18:15.038-1000] {dag.py:3239} INFO - Sync 1 DAGs
[2025-03-24T16:18:15.043-1000] {logging_mixin.py:190} INFO - [2025-03-24T16:18:15.043-1000] {dag.py:4180} INFO - Setting next_dagrun for example_sla_dag to 2025-03-25 02:16:00+00:00, run_after=2025-03-25 02:18:00+00:00
[2025-03-24T16:18:15.048-1000] {processor.py:208} INFO - Processing /opt/anaconda3/envs/titanic/lib/python3.11/site-packages/airflow/example_dags/example_sla_dag.py took 0.064 seconds
[2025-03-24T16:20:07.708-1000] {processor.py:186} INFO - Started process (PID=26382) to work on /opt/anaconda3/envs/titanic/lib/python3.11/site-packages/airflow/example_dags/example_sla_dag.py
[2025-03-24T16:20:07.710-1000] {processor.py:914} INFO - Processing file /opt/anaconda3/envs/titanic/lib/python3.11/site-packages/airflow/example_dags/example_sla_dag.py for tasks to queue
[2025-03-24T16:20:07.710-1000] {logging_mixin.py:190} INFO - [2025-03-24T16:20:07.710-1000] {dagbag.py:588} INFO - Filling up the DagBag from /opt/anaconda3/envs/titanic/lib/python3.11/site-packages/airflow/example_dags/example_sla_dag.py
[2025-03-24T16:20:07.719-1000] {processor.py:925} INFO - DAG(s) 'example_sla_dag' retrieved from /opt/anaconda3/envs/titanic/lib/python3.11/site-packages/airflow/example_dags/example_sla_dag.py
[2025-03-24T16:20:07.743-1000] {logging_mixin.py:190} INFO - [2025-03-24T16:20:07.743-1000] {dag.py:3239} INFO - Sync 1 DAGs
[2025-03-24T16:20:07.748-1000] {logging_mixin.py:190} INFO - [2025-03-24T16:20:07.748-1000] {dag.py:4180} INFO - Setting next_dagrun for example_sla_dag to 2025-03-25 02:18:00+00:00, run_after=2025-03-25 02:20:00+00:00
[2025-03-24T16:20:07.753-1000] {processor.py:208} INFO - Processing /opt/anaconda3/envs/titanic/lib/python3.11/site-packages/airflow/example_dags/example_sla_dag.py took 0.064 seconds
[2025-03-24T16:21:58.487-1000] {processor.py:186} INFO - Started process (PID=26798) to work on /opt/anaconda3/envs/titanic/lib/python3.11/site-packages/airflow/example_dags/example_sla_dag.py
[2025-03-24T16:21:58.488-1000] {processor.py:914} INFO - Processing file /opt/anaconda3/envs/titanic/lib/python3.11/site-packages/airflow/example_dags/example_sla_dag.py for tasks to queue
[2025-03-24T16:21:58.488-1000] {logging_mixin.py:190} INFO - [2025-03-24T16:21:58.488-1000] {dagbag.py:588} INFO - Filling up the DagBag from /opt/anaconda3/envs/titanic/lib/python3.11/site-packages/airflow/example_dags/example_sla_dag.py
[2025-03-24T16:21:58.497-1000] {processor.py:925} INFO - DAG(s) 'example_sla_dag' retrieved from /opt/anaconda3/envs/titanic/lib/python3.11/site-packages/airflow/example_dags/example_sla_dag.py
[2025-03-24T16:21:58.521-1000] {logging_mixin.py:190} INFO - [2025-03-24T16:21:58.521-1000] {dag.py:3239} INFO - Sync 1 DAGs
[2025-03-24T16:21:58.526-1000] {logging_mixin.py:190} INFO - [2025-03-24T16:21:58.526-1000] {dag.py:4180} INFO - Setting next_dagrun for example_sla_dag to 2025-03-25 02:18:00+00:00, run_after=2025-03-25 02:20:00+00:00
[2025-03-24T16:21:58.530-1000] {processor.py:208} INFO - Processing /opt/anaconda3/envs/titanic/lib/python3.11/site-packages/airflow/example_dags/example_sla_dag.py took 0.063 seconds
[2025-03-24T16:23:50.767-1000] {processor.py:186} INFO - Started process (PID=27234) to work on /opt/anaconda3/envs/titanic/lib/python3.11/site-packages/airflow/example_dags/example_sla_dag.py
[2025-03-24T16:23:50.767-1000] {processor.py:914} INFO - Processing file /opt/anaconda3/envs/titanic/lib/python3.11/site-packages/airflow/example_dags/example_sla_dag.py for tasks to queue
[2025-03-24T16:23:50.768-1000] {logging_mixin.py:190} INFO - [2025-03-24T16:23:50.768-1000] {dagbag.py:588} INFO - Filling up the DagBag from /opt/anaconda3/envs/titanic/lib/python3.11/site-packages/airflow/example_dags/example_sla_dag.py
[2025-03-24T16:23:50.777-1000] {processor.py:925} INFO - DAG(s) 'example_sla_dag' retrieved from /opt/anaconda3/envs/titanic/lib/python3.11/site-packages/airflow/example_dags/example_sla_dag.py
[2025-03-24T16:23:50.801-1000] {logging_mixin.py:190} INFO - [2025-03-24T16:23:50.801-1000] {dag.py:3239} INFO - Sync 1 DAGs
[2025-03-24T16:23:50.806-1000] {logging_mixin.py:190} INFO - [2025-03-24T16:23:50.806-1000] {dag.py:4180} INFO - Setting next_dagrun for example_sla_dag to 2025-03-25 02:20:00+00:00, run_after=2025-03-25 02:22:00+00:00
[2025-03-24T16:23:50.811-1000] {processor.py:208} INFO - Processing /opt/anaconda3/envs/titanic/lib/python3.11/site-packages/airflow/example_dags/example_sla_dag.py took 0.067 seconds
[2025-03-24T16:25:43.597-1000] {processor.py:186} INFO - Started process (PID=27667) to work on /opt/anaconda3/envs/titanic/lib/python3.11/site-packages/airflow/example_dags/example_sla_dag.py
[2025-03-24T16:25:43.597-1000] {processor.py:914} INFO - Processing file /opt/anaconda3/envs/titanic/lib/python3.11/site-packages/airflow/example_dags/example_sla_dag.py for tasks to queue
[2025-03-24T16:25:43.597-1000] {logging_mixin.py:190} INFO - [2025-03-24T16:25:43.597-1000] {dagbag.py:588} INFO - Filling up the DagBag from /opt/anaconda3/envs/titanic/lib/python3.11/site-packages/airflow/example_dags/example_sla_dag.py
[2025-03-24T16:25:43.607-1000] {processor.py:925} INFO - DAG(s) 'example_sla_dag' retrieved from /opt/anaconda3/envs/titanic/lib/python3.11/site-packages/airflow/example_dags/example_sla_dag.py
[2025-03-24T16:25:43.631-1000] {logging_mixin.py:190} INFO - [2025-03-24T16:25:43.631-1000] {dag.py:3239} INFO - Sync 1 DAGs
[2025-03-24T16:25:43.636-1000] {logging_mixin.py:190} INFO - [2025-03-24T16:25:43.636-1000] {dag.py:4180} INFO - Setting next_dagrun for example_sla_dag to 2025-03-25 02:22:00+00:00, run_after=2025-03-25 02:24:00+00:00
[2025-03-24T16:25:43.641-1000] {processor.py:208} INFO - Processing /opt/anaconda3/envs/titanic/lib/python3.11/site-packages/airflow/example_dags/example_sla_dag.py took 0.065 seconds
[2025-03-24T16:27:34.318-1000] {processor.py:186} INFO - Started process (PID=28087) to work on /opt/anaconda3/envs/titanic/lib/python3.11/site-packages/airflow/example_dags/example_sla_dag.py
[2025-03-24T16:27:34.318-1000] {processor.py:914} INFO - Processing file /opt/anaconda3/envs/titanic/lib/python3.11/site-packages/airflow/example_dags/example_sla_dag.py for tasks to queue
[2025-03-24T16:27:34.319-1000] {logging_mixin.py:190} INFO - [2025-03-24T16:27:34.319-1000] {dagbag.py:588} INFO - Filling up the DagBag from /opt/anaconda3/envs/titanic/lib/python3.11/site-packages/airflow/example_dags/example_sla_dag.py
[2025-03-24T16:27:34.328-1000] {processor.py:925} INFO - DAG(s) 'example_sla_dag' retrieved from /opt/anaconda3/envs/titanic/lib/python3.11/site-packages/airflow/example_dags/example_sla_dag.py
[2025-03-24T16:27:34.351-1000] {logging_mixin.py:190} INFO - [2025-03-24T16:27:34.351-1000] {dag.py:3239} INFO - Sync 1 DAGs
[2025-03-24T16:27:34.357-1000] {logging_mixin.py:190} INFO - [2025-03-24T16:27:34.356-1000] {dag.py:4180} INFO - Setting next_dagrun for example_sla_dag to 2025-03-25 02:24:00+00:00, run_after=2025-03-25 02:26:00+00:00
[2025-03-24T16:27:34.361-1000] {processor.py:208} INFO - Processing /opt/anaconda3/envs/titanic/lib/python3.11/site-packages/airflow/example_dags/example_sla_dag.py took 0.063 seconds
[2025-03-24T16:29:21.092-1000] {processor.py:186} INFO - Started process (PID=28490) to work on /opt/anaconda3/envs/titanic/lib/python3.11/site-packages/airflow/example_dags/example_sla_dag.py
[2025-03-24T16:29:21.093-1000] {processor.py:914} INFO - Processing file /opt/anaconda3/envs/titanic/lib/python3.11/site-packages/airflow/example_dags/example_sla_dag.py for tasks to queue
[2025-03-24T16:29:21.093-1000] {logging_mixin.py:190} INFO - [2025-03-24T16:29:21.093-1000] {dagbag.py:588} INFO - Filling up the DagBag from /opt/anaconda3/envs/titanic/lib/python3.11/site-packages/airflow/example_dags/example_sla_dag.py
[2025-03-24T16:29:21.103-1000] {processor.py:925} INFO - DAG(s) 'example_sla_dag' retrieved from /opt/anaconda3/envs/titanic/lib/python3.11/site-packages/airflow/example_dags/example_sla_dag.py
[2025-03-24T16:29:21.127-1000] {logging_mixin.py:190} INFO - [2025-03-24T16:29:21.127-1000] {dag.py:3239} INFO - Sync 1 DAGs
[2025-03-24T16:29:21.132-1000] {logging_mixin.py:190} INFO - [2025-03-24T16:29:21.132-1000] {dag.py:4180} INFO - Setting next_dagrun for example_sla_dag to 2025-03-25 02:26:00+00:00, run_after=2025-03-25 02:28:00+00:00
[2025-03-24T16:29:21.137-1000] {processor.py:208} INFO - Processing /opt/anaconda3/envs/titanic/lib/python3.11/site-packages/airflow/example_dags/example_sla_dag.py took 0.064 seconds
[2025-03-24T16:31:10.450-1000] {processor.py:186} INFO - Started process (PID=28909) to work on /opt/anaconda3/envs/titanic/lib/python3.11/site-packages/airflow/example_dags/example_sla_dag.py
[2025-03-24T16:31:10.450-1000] {processor.py:914} INFO - Processing file /opt/anaconda3/envs/titanic/lib/python3.11/site-packages/airflow/example_dags/example_sla_dag.py for tasks to queue
[2025-03-24T16:31:10.451-1000] {logging_mixin.py:190} INFO - [2025-03-24T16:31:10.450-1000] {dagbag.py:588} INFO - Filling up the DagBag from /opt/anaconda3/envs/titanic/lib/python3.11/site-packages/airflow/example_dags/example_sla_dag.py
[2025-03-24T16:31:10.460-1000] {processor.py:925} INFO - DAG(s) 'example_sla_dag' retrieved from /opt/anaconda3/envs/titanic/lib/python3.11/site-packages/airflow/example_dags/example_sla_dag.py
[2025-03-24T16:31:10.483-1000] {logging_mixin.py:190} INFO - [2025-03-24T16:31:10.483-1000] {dag.py:3239} INFO - Sync 1 DAGs
[2025-03-24T16:31:10.488-1000] {logging_mixin.py:190} INFO - [2025-03-24T16:31:10.488-1000] {dag.py:4180} INFO - Setting next_dagrun for example_sla_dag to 2025-03-25 02:28:00+00:00, run_after=2025-03-25 02:30:00+00:00
[2025-03-24T16:31:10.493-1000] {processor.py:208} INFO - Processing /opt/anaconda3/envs/titanic/lib/python3.11/site-packages/airflow/example_dags/example_sla_dag.py took 0.063 seconds
[2025-03-24T16:33:00.005-1000] {processor.py:186} INFO - Started process (PID=29341) to work on /opt/anaconda3/envs/titanic/lib/python3.11/site-packages/airflow/example_dags/example_sla_dag.py
[2025-03-24T16:33:00.006-1000] {processor.py:914} INFO - Processing file /opt/anaconda3/envs/titanic/lib/python3.11/site-packages/airflow/example_dags/example_sla_dag.py for tasks to queue
[2025-03-24T16:33:00.006-1000] {logging_mixin.py:190} INFO - [2025-03-24T16:33:00.006-1000] {dagbag.py:588} INFO - Filling up the DagBag from /opt/anaconda3/envs/titanic/lib/python3.11/site-packages/airflow/example_dags/example_sla_dag.py
[2025-03-24T16:33:00.016-1000] {processor.py:925} INFO - DAG(s) 'example_sla_dag' retrieved from /opt/anaconda3/envs/titanic/lib/python3.11/site-packages/airflow/example_dags/example_sla_dag.py
[2025-03-24T16:33:00.039-1000] {logging_mixin.py:190} INFO - [2025-03-24T16:33:00.039-1000] {dag.py:3239} INFO - Sync 1 DAGs
[2025-03-24T16:33:00.044-1000] {logging_mixin.py:190} INFO - [2025-03-24T16:33:00.044-1000] {dag.py:4180} INFO - Setting next_dagrun for example_sla_dag to 2025-03-25 02:30:00+00:00, run_after=2025-03-25 02:32:00+00:00
[2025-03-24T16:33:00.049-1000] {processor.py:208} INFO - Processing /opt/anaconda3/envs/titanic/lib/python3.11/site-packages/airflow/example_dags/example_sla_dag.py took 0.063 seconds
[2025-03-24T16:34:50.163-1000] {processor.py:186} INFO - Started process (PID=29754) to work on /opt/anaconda3/envs/titanic/lib/python3.11/site-packages/airflow/example_dags/example_sla_dag.py
[2025-03-24T16:34:50.163-1000] {processor.py:914} INFO - Processing file /opt/anaconda3/envs/titanic/lib/python3.11/site-packages/airflow/example_dags/example_sla_dag.py for tasks to queue
[2025-03-24T16:34:50.164-1000] {logging_mixin.py:190} INFO - [2025-03-24T16:34:50.164-1000] {dagbag.py:588} INFO - Filling up the DagBag from /opt/anaconda3/envs/titanic/lib/python3.11/site-packages/airflow/example_dags/example_sla_dag.py
[2025-03-24T16:34:50.173-1000] {processor.py:925} INFO - DAG(s) 'example_sla_dag' retrieved from /opt/anaconda3/envs/titanic/lib/python3.11/site-packages/airflow/example_dags/example_sla_dag.py
[2025-03-24T16:34:50.197-1000] {logging_mixin.py:190} INFO - [2025-03-24T16:34:50.197-1000] {dag.py:3239} INFO - Sync 1 DAGs
[2025-03-24T16:34:50.202-1000] {logging_mixin.py:190} INFO - [2025-03-24T16:34:50.202-1000] {dag.py:4180} INFO - Setting next_dagrun for example_sla_dag to 2025-03-25 02:32:00+00:00, run_after=2025-03-25 02:34:00+00:00
[2025-03-24T16:34:50.207-1000] {processor.py:208} INFO - Processing /opt/anaconda3/envs/titanic/lib/python3.11/site-packages/airflow/example_dags/example_sla_dag.py took 0.063 seconds
[2025-03-24T16:36:39.017-1000] {processor.py:186} INFO - Started process (PID=30164) to work on /opt/anaconda3/envs/titanic/lib/python3.11/site-packages/airflow/example_dags/example_sla_dag.py
[2025-03-24T16:36:39.017-1000] {processor.py:914} INFO - Processing file /opt/anaconda3/envs/titanic/lib/python3.11/site-packages/airflow/example_dags/example_sla_dag.py for tasks to queue
[2025-03-24T16:36:39.018-1000] {logging_mixin.py:190} INFO - [2025-03-24T16:36:39.018-1000] {dagbag.py:588} INFO - Filling up the DagBag from /opt/anaconda3/envs/titanic/lib/python3.11/site-packages/airflow/example_dags/example_sla_dag.py
[2025-03-24T16:36:39.027-1000] {processor.py:925} INFO - DAG(s) 'example_sla_dag' retrieved from /opt/anaconda3/envs/titanic/lib/python3.11/site-packages/airflow/example_dags/example_sla_dag.py
[2025-03-24T16:36:39.050-1000] {logging_mixin.py:190} INFO - [2025-03-24T16:36:39.050-1000] {dag.py:3239} INFO - Sync 1 DAGs
[2025-03-24T16:36:39.055-1000] {logging_mixin.py:190} INFO - [2025-03-24T16:36:39.055-1000] {dag.py:4180} INFO - Setting next_dagrun for example_sla_dag to 2025-03-25 02:34:00+00:00, run_after=2025-03-25 02:36:00+00:00
[2025-03-24T16:36:39.060-1000] {processor.py:208} INFO - Processing /opt/anaconda3/envs/titanic/lib/python3.11/site-packages/airflow/example_dags/example_sla_dag.py took 0.063 seconds
[2025-03-24T16:38:33.754-1000] {processor.py:186} INFO - Started process (PID=30625) to work on /opt/anaconda3/envs/titanic/lib/python3.11/site-packages/airflow/example_dags/example_sla_dag.py
[2025-03-24T16:38:33.755-1000] {processor.py:914} INFO - Processing file /opt/anaconda3/envs/titanic/lib/python3.11/site-packages/airflow/example_dags/example_sla_dag.py for tasks to queue
[2025-03-24T16:38:33.755-1000] {logging_mixin.py:190} INFO - [2025-03-24T16:38:33.755-1000] {dagbag.py:588} INFO - Filling up the DagBag from /opt/anaconda3/envs/titanic/lib/python3.11/site-packages/airflow/example_dags/example_sla_dag.py
[2025-03-24T16:38:33.765-1000] {processor.py:925} INFO - DAG(s) 'example_sla_dag' retrieved from /opt/anaconda3/envs/titanic/lib/python3.11/site-packages/airflow/example_dags/example_sla_dag.py
[2025-03-24T16:38:33.788-1000] {logging_mixin.py:190} INFO - [2025-03-24T16:38:33.788-1000] {dag.py:3239} INFO - Sync 1 DAGs
[2025-03-24T16:38:33.794-1000] {logging_mixin.py:190} INFO - [2025-03-24T16:38:33.794-1000] {dag.py:4180} INFO - Setting next_dagrun for example_sla_dag to 2025-03-25 02:36:00+00:00, run_after=2025-03-25 02:38:00+00:00
[2025-03-24T16:38:33.798-1000] {processor.py:208} INFO - Processing /opt/anaconda3/envs/titanic/lib/python3.11/site-packages/airflow/example_dags/example_sla_dag.py took 0.064 seconds
[2025-03-24T16:40:30.962-1000] {processor.py:186} INFO - Started process (PID=31070) to work on /opt/anaconda3/envs/titanic/lib/python3.11/site-packages/airflow/example_dags/example_sla_dag.py
[2025-03-24T16:40:30.963-1000] {processor.py:914} INFO - Processing file /opt/anaconda3/envs/titanic/lib/python3.11/site-packages/airflow/example_dags/example_sla_dag.py for tasks to queue
[2025-03-24T16:40:30.963-1000] {logging_mixin.py:190} INFO - [2025-03-24T16:40:30.963-1000] {dagbag.py:588} INFO - Filling up the DagBag from /opt/anaconda3/envs/titanic/lib/python3.11/site-packages/airflow/example_dags/example_sla_dag.py
[2025-03-24T16:40:30.973-1000] {processor.py:925} INFO - DAG(s) 'example_sla_dag' retrieved from /opt/anaconda3/envs/titanic/lib/python3.11/site-packages/airflow/example_dags/example_sla_dag.py
[2025-03-24T16:40:30.996-1000] {logging_mixin.py:190} INFO - [2025-03-24T16:40:30.996-1000] {dag.py:3239} INFO - Sync 1 DAGs
[2025-03-24T16:40:31.002-1000] {logging_mixin.py:190} INFO - [2025-03-24T16:40:31.002-1000] {dag.py:4180} INFO - Setting next_dagrun for example_sla_dag to 2025-03-25 02:38:00+00:00, run_after=2025-03-25 02:40:00+00:00
[2025-03-24T16:40:31.007-1000] {processor.py:208} INFO - Processing /opt/anaconda3/envs/titanic/lib/python3.11/site-packages/airflow/example_dags/example_sla_dag.py took 0.066 seconds
[2025-03-24T16:42:26.648-1000] {processor.py:186} INFO - Started process (PID=31517) to work on /opt/anaconda3/envs/titanic/lib/python3.11/site-packages/airflow/example_dags/example_sla_dag.py
[2025-03-24T16:42:26.649-1000] {processor.py:914} INFO - Processing file /opt/anaconda3/envs/titanic/lib/python3.11/site-packages/airflow/example_dags/example_sla_dag.py for tasks to queue
[2025-03-24T16:42:26.649-1000] {logging_mixin.py:190} INFO - [2025-03-24T16:42:26.649-1000] {dagbag.py:588} INFO - Filling up the DagBag from /opt/anaconda3/envs/titanic/lib/python3.11/site-packages/airflow/example_dags/example_sla_dag.py
[2025-03-24T16:42:26.658-1000] {processor.py:925} INFO - DAG(s) 'example_sla_dag' retrieved from /opt/anaconda3/envs/titanic/lib/python3.11/site-packages/airflow/example_dags/example_sla_dag.py
[2025-03-24T16:42:26.682-1000] {logging_mixin.py:190} INFO - [2025-03-24T16:42:26.682-1000] {dag.py:3239} INFO - Sync 1 DAGs
[2025-03-24T16:42:26.687-1000] {logging_mixin.py:190} INFO - [2025-03-24T16:42:26.687-1000] {dag.py:4180} INFO - Setting next_dagrun for example_sla_dag to 2025-03-25 02:40:00+00:00, run_after=2025-03-25 02:42:00+00:00
[2025-03-24T16:42:26.692-1000] {processor.py:208} INFO - Processing /opt/anaconda3/envs/titanic/lib/python3.11/site-packages/airflow/example_dags/example_sla_dag.py took 0.063 seconds
[2025-03-24T16:44:17.203-1000] {processor.py:186} INFO - Started process (PID=31946) to work on /opt/anaconda3/envs/titanic/lib/python3.11/site-packages/airflow/example_dags/example_sla_dag.py
[2025-03-24T16:44:17.203-1000] {processor.py:914} INFO - Processing file /opt/anaconda3/envs/titanic/lib/python3.11/site-packages/airflow/example_dags/example_sla_dag.py for tasks to queue
[2025-03-24T16:44:17.203-1000] {logging_mixin.py:190} INFO - [2025-03-24T16:44:17.203-1000] {dagbag.py:588} INFO - Filling up the DagBag from /opt/anaconda3/envs/titanic/lib/python3.11/site-packages/airflow/example_dags/example_sla_dag.py
[2025-03-24T16:44:17.213-1000] {processor.py:925} INFO - DAG(s) 'example_sla_dag' retrieved from /opt/anaconda3/envs/titanic/lib/python3.11/site-packages/airflow/example_dags/example_sla_dag.py
[2025-03-24T16:44:17.236-1000] {logging_mixin.py:190} INFO - [2025-03-24T16:44:17.236-1000] {dag.py:3239} INFO - Sync 1 DAGs
[2025-03-24T16:44:17.242-1000] {logging_mixin.py:190} INFO - [2025-03-24T16:44:17.242-1000] {dag.py:4180} INFO - Setting next_dagrun for example_sla_dag to 2025-03-25 02:42:00+00:00, run_after=2025-03-25 02:44:00+00:00
[2025-03-24T16:44:17.246-1000] {processor.py:208} INFO - Processing /opt/anaconda3/envs/titanic/lib/python3.11/site-packages/airflow/example_dags/example_sla_dag.py took 0.065 seconds
[2025-03-24T16:46:08.400-1000] {processor.py:186} INFO - Started process (PID=32370) to work on /opt/anaconda3/envs/titanic/lib/python3.11/site-packages/airflow/example_dags/example_sla_dag.py
[2025-03-24T16:46:08.400-1000] {processor.py:914} INFO - Processing file /opt/anaconda3/envs/titanic/lib/python3.11/site-packages/airflow/example_dags/example_sla_dag.py for tasks to queue
[2025-03-24T16:46:08.400-1000] {logging_mixin.py:190} INFO - [2025-03-24T16:46:08.400-1000] {dagbag.py:588} INFO - Filling up the DagBag from /opt/anaconda3/envs/titanic/lib/python3.11/site-packages/airflow/example_dags/example_sla_dag.py
[2025-03-24T16:46:08.410-1000] {processor.py:925} INFO - DAG(s) 'example_sla_dag' retrieved from /opt/anaconda3/envs/titanic/lib/python3.11/site-packages/airflow/example_dags/example_sla_dag.py
[2025-03-24T16:46:08.433-1000] {logging_mixin.py:190} INFO - [2025-03-24T16:46:08.433-1000] {dag.py:3239} INFO - Sync 1 DAGs
[2025-03-24T16:46:08.438-1000] {logging_mixin.py:190} INFO - [2025-03-24T16:46:08.438-1000] {dag.py:4180} INFO - Setting next_dagrun for example_sla_dag to 2025-03-25 02:44:00+00:00, run_after=2025-03-25 02:46:00+00:00
[2025-03-24T16:46:08.443-1000] {processor.py:208} INFO - Processing /opt/anaconda3/envs/titanic/lib/python3.11/site-packages/airflow/example_dags/example_sla_dag.py took 0.063 seconds
[2025-03-24T16:47:59.263-1000] {processor.py:186} INFO - Started process (PID=32837) to work on /opt/anaconda3/envs/titanic/lib/python3.11/site-packages/airflow/example_dags/example_sla_dag.py
[2025-03-24T16:47:59.263-1000] {processor.py:914} INFO - Processing file /opt/anaconda3/envs/titanic/lib/python3.11/site-packages/airflow/example_dags/example_sla_dag.py for tasks to queue
[2025-03-24T16:47:59.264-1000] {logging_mixin.py:190} INFO - [2025-03-24T16:47:59.264-1000] {dagbag.py:588} INFO - Filling up the DagBag from /opt/anaconda3/envs/titanic/lib/python3.11/site-packages/airflow/example_dags/example_sla_dag.py
[2025-03-24T16:47:59.275-1000] {processor.py:925} INFO - DAG(s) 'example_sla_dag' retrieved from /opt/anaconda3/envs/titanic/lib/python3.11/site-packages/airflow/example_dags/example_sla_dag.py
[2025-03-24T16:47:59.300-1000] {logging_mixin.py:190} INFO - [2025-03-24T16:47:59.299-1000] {dag.py:3239} INFO - Sync 1 DAGs
[2025-03-24T16:47:59.306-1000] {logging_mixin.py:190} INFO - [2025-03-24T16:47:59.306-1000] {dag.py:4180} INFO - Setting next_dagrun for example_sla_dag to 2025-03-25 02:44:00+00:00, run_after=2025-03-25 02:46:00+00:00
[2025-03-24T16:47:59.311-1000] {processor.py:208} INFO - Processing /opt/anaconda3/envs/titanic/lib/python3.11/site-packages/airflow/example_dags/example_sla_dag.py took 0.072 seconds
[2025-03-24T16:49:57.450-1000] {processor.py:186} INFO - Started process (PID=33366) to work on /opt/anaconda3/envs/titanic/lib/python3.11/site-packages/airflow/example_dags/example_sla_dag.py
[2025-03-24T16:49:57.451-1000] {processor.py:914} INFO - Processing file /opt/anaconda3/envs/titanic/lib/python3.11/site-packages/airflow/example_dags/example_sla_dag.py for tasks to queue
[2025-03-24T16:49:57.451-1000] {logging_mixin.py:190} INFO - [2025-03-24T16:49:57.451-1000] {dagbag.py:588} INFO - Filling up the DagBag from /opt/anaconda3/envs/titanic/lib/python3.11/site-packages/airflow/example_dags/example_sla_dag.py
[2025-03-24T16:49:57.461-1000] {processor.py:925} INFO - DAG(s) 'example_sla_dag' retrieved from /opt/anaconda3/envs/titanic/lib/python3.11/site-packages/airflow/example_dags/example_sla_dag.py
[2025-03-24T16:49:57.485-1000] {logging_mixin.py:190} INFO - [2025-03-24T16:49:57.484-1000] {dag.py:3239} INFO - Sync 1 DAGs
[2025-03-24T16:49:57.490-1000] {logging_mixin.py:190} INFO - [2025-03-24T16:49:57.490-1000] {dag.py:4180} INFO - Setting next_dagrun for example_sla_dag to 2025-03-25 02:46:00+00:00, run_after=2025-03-25 02:48:00+00:00
[2025-03-24T16:49:57.494-1000] {processor.py:208} INFO - Processing /opt/anaconda3/envs/titanic/lib/python3.11/site-packages/airflow/example_dags/example_sla_dag.py took 0.046 seconds
[2025-03-24T16:51:54.637-1000] {processor.py:186} INFO - Started process (PID=33806) to work on /opt/anaconda3/envs/titanic/lib/python3.11/site-packages/airflow/example_dags/example_sla_dag.py
[2025-03-24T16:51:54.638-1000] {processor.py:914} INFO - Processing file /opt/anaconda3/envs/titanic/lib/python3.11/site-packages/airflow/example_dags/example_sla_dag.py for tasks to queue
[2025-03-24T16:51:54.639-1000] {logging_mixin.py:190} INFO - [2025-03-24T16:51:54.639-1000] {dagbag.py:588} INFO - Filling up the DagBag from /opt/anaconda3/envs/titanic/lib/python3.11/site-packages/airflow/example_dags/example_sla_dag.py
[2025-03-24T16:51:54.648-1000] {processor.py:925} INFO - DAG(s) 'example_sla_dag' retrieved from /opt/anaconda3/envs/titanic/lib/python3.11/site-packages/airflow/example_dags/example_sla_dag.py
[2025-03-24T16:51:54.672-1000] {logging_mixin.py:190} INFO - [2025-03-24T16:51:54.672-1000] {dag.py:3239} INFO - Sync 1 DAGs
[2025-03-24T16:51:54.677-1000] {logging_mixin.py:190} INFO - [2025-03-24T16:51:54.677-1000] {dag.py:4180} INFO - Setting next_dagrun for example_sla_dag to 2025-03-25 02:48:00+00:00, run_after=2025-03-25 02:50:00+00:00
[2025-03-24T16:51:54.682-1000] {processor.py:208} INFO - Processing /opt/anaconda3/envs/titanic/lib/python3.11/site-packages/airflow/example_dags/example_sla_dag.py took 0.045 seconds
[2025-03-24T16:53:51.415-1000] {processor.py:186} INFO - Started process (PID=34237) to work on /opt/anaconda3/envs/titanic/lib/python3.11/site-packages/airflow/example_dags/example_sla_dag.py
[2025-03-24T16:53:51.416-1000] {processor.py:914} INFO - Processing file /opt/anaconda3/envs/titanic/lib/python3.11/site-packages/airflow/example_dags/example_sla_dag.py for tasks to queue
[2025-03-24T16:53:51.416-1000] {logging_mixin.py:190} INFO - [2025-03-24T16:53:51.416-1000] {dagbag.py:588} INFO - Filling up the DagBag from /opt/anaconda3/envs/titanic/lib/python3.11/site-packages/airflow/example_dags/example_sla_dag.py
[2025-03-24T16:53:51.425-1000] {processor.py:925} INFO - DAG(s) 'example_sla_dag' retrieved from /opt/anaconda3/envs/titanic/lib/python3.11/site-packages/airflow/example_dags/example_sla_dag.py
[2025-03-24T16:53:51.449-1000] {logging_mixin.py:190} INFO - [2025-03-24T16:53:51.449-1000] {dag.py:3239} INFO - Sync 1 DAGs
[2025-03-24T16:53:51.454-1000] {logging_mixin.py:190} INFO - [2025-03-24T16:53:51.454-1000] {dag.py:4180} INFO - Setting next_dagrun for example_sla_dag to 2025-03-25 02:50:00+00:00, run_after=2025-03-25 02:52:00+00:00
[2025-03-24T16:53:51.458-1000] {processor.py:208} INFO - Processing /opt/anaconda3/envs/titanic/lib/python3.11/site-packages/airflow/example_dags/example_sla_dag.py took 0.045 seconds
[2025-03-24T16:55:41.404-1000] {processor.py:186} INFO - Started process (PID=34653) to work on /opt/anaconda3/envs/titanic/lib/python3.11/site-packages/airflow/example_dags/example_sla_dag.py
[2025-03-24T16:55:41.404-1000] {processor.py:914} INFO - Processing file /opt/anaconda3/envs/titanic/lib/python3.11/site-packages/airflow/example_dags/example_sla_dag.py for tasks to queue
[2025-03-24T16:55:41.404-1000] {logging_mixin.py:190} INFO - [2025-03-24T16:55:41.404-1000] {dagbag.py:588} INFO - Filling up the DagBag from /opt/anaconda3/envs/titanic/lib/python3.11/site-packages/airflow/example_dags/example_sla_dag.py
[2025-03-24T16:55:41.414-1000] {processor.py:925} INFO - DAG(s) 'example_sla_dag' retrieved from /opt/anaconda3/envs/titanic/lib/python3.11/site-packages/airflow/example_dags/example_sla_dag.py
[2025-03-24T16:55:41.438-1000] {logging_mixin.py:190} INFO - [2025-03-24T16:55:41.437-1000] {dag.py:3239} INFO - Sync 1 DAGs
[2025-03-24T16:55:41.443-1000] {logging_mixin.py:190} INFO - [2025-03-24T16:55:41.443-1000] {dag.py:4180} INFO - Setting next_dagrun for example_sla_dag to 2025-03-25 02:52:00+00:00, run_after=2025-03-25 02:54:00+00:00
[2025-03-24T16:55:41.447-1000] {processor.py:208} INFO - Processing /opt/anaconda3/envs/titanic/lib/python3.11/site-packages/airflow/example_dags/example_sla_dag.py took 0.044 seconds
[2025-03-24T16:57:29.870-1000] {processor.py:186} INFO - Started process (PID=35064) to work on /opt/anaconda3/envs/titanic/lib/python3.11/site-packages/airflow/example_dags/example_sla_dag.py
[2025-03-24T16:57:29.870-1000] {processor.py:914} INFO - Processing file /opt/anaconda3/envs/titanic/lib/python3.11/site-packages/airflow/example_dags/example_sla_dag.py for tasks to queue
[2025-03-24T16:57:29.870-1000] {logging_mixin.py:190} INFO - [2025-03-24T16:57:29.870-1000] {dagbag.py:588} INFO - Filling up the DagBag from /opt/anaconda3/envs/titanic/lib/python3.11/site-packages/airflow/example_dags/example_sla_dag.py
[2025-03-24T16:57:29.880-1000] {processor.py:925} INFO - DAG(s) 'example_sla_dag' retrieved from /opt/anaconda3/envs/titanic/lib/python3.11/site-packages/airflow/example_dags/example_sla_dag.py
[2025-03-24T16:57:29.904-1000] {logging_mixin.py:190} INFO - [2025-03-24T16:57:29.904-1000] {dag.py:3239} INFO - Sync 1 DAGs
[2025-03-24T16:57:29.909-1000] {logging_mixin.py:190} INFO - [2025-03-24T16:57:29.909-1000] {dag.py:4180} INFO - Setting next_dagrun for example_sla_dag to 2025-03-25 02:54:00+00:00, run_after=2025-03-25 02:56:00+00:00
[2025-03-24T16:57:29.913-1000] {processor.py:208} INFO - Processing /opt/anaconda3/envs/titanic/lib/python3.11/site-packages/airflow/example_dags/example_sla_dag.py took 0.045 seconds
[2025-03-24T16:59:19.244-1000] {processor.py:186} INFO - Started process (PID=35488) to work on /opt/anaconda3/envs/titanic/lib/python3.11/site-packages/airflow/example_dags/example_sla_dag.py
[2025-03-24T16:59:19.244-1000] {processor.py:914} INFO - Processing file /opt/anaconda3/envs/titanic/lib/python3.11/site-packages/airflow/example_dags/example_sla_dag.py for tasks to queue
[2025-03-24T16:59:19.244-1000] {logging_mixin.py:190} INFO - [2025-03-24T16:59:19.244-1000] {dagbag.py:588} INFO - Filling up the DagBag from /opt/anaconda3/envs/titanic/lib/python3.11/site-packages/airflow/example_dags/example_sla_dag.py
[2025-03-24T16:59:19.254-1000] {processor.py:925} INFO - DAG(s) 'example_sla_dag' retrieved from /opt/anaconda3/envs/titanic/lib/python3.11/site-packages/airflow/example_dags/example_sla_dag.py
[2025-03-24T16:59:19.278-1000] {logging_mixin.py:190} INFO - [2025-03-24T16:59:19.277-1000] {dag.py:3239} INFO - Sync 1 DAGs
[2025-03-24T16:59:19.283-1000] {logging_mixin.py:190} INFO - [2025-03-24T16:59:19.283-1000] {dag.py:4180} INFO - Setting next_dagrun for example_sla_dag to 2025-03-25 02:56:00+00:00, run_after=2025-03-25 02:58:00+00:00
[2025-03-24T16:59:19.288-1000] {processor.py:208} INFO - Processing /opt/anaconda3/envs/titanic/lib/python3.11/site-packages/airflow/example_dags/example_sla_dag.py took 0.045 seconds
[2025-03-24T17:01:15.939-1000] {processor.py:186} INFO - Started process (PID=35928) to work on /opt/anaconda3/envs/titanic/lib/python3.11/site-packages/airflow/example_dags/example_sla_dag.py
[2025-03-24T17:01:15.939-1000] {processor.py:914} INFO - Processing file /opt/anaconda3/envs/titanic/lib/python3.11/site-packages/airflow/example_dags/example_sla_dag.py for tasks to queue
[2025-03-24T17:01:15.940-1000] {logging_mixin.py:190} INFO - [2025-03-24T17:01:15.940-1000] {dagbag.py:588} INFO - Filling up the DagBag from /opt/anaconda3/envs/titanic/lib/python3.11/site-packages/airflow/example_dags/example_sla_dag.py
[2025-03-24T17:01:15.949-1000] {processor.py:925} INFO - DAG(s) 'example_sla_dag' retrieved from /opt/anaconda3/envs/titanic/lib/python3.11/site-packages/airflow/example_dags/example_sla_dag.py
[2025-03-24T17:01:15.973-1000] {logging_mixin.py:190} INFO - [2025-03-24T17:01:15.973-1000] {dag.py:3239} INFO - Sync 1 DAGs
[2025-03-24T17:01:15.979-1000] {logging_mixin.py:190} INFO - [2025-03-24T17:01:15.978-1000] {dag.py:4180} INFO - Setting next_dagrun for example_sla_dag to 2025-03-25 02:58:00+00:00, run_after=2025-03-25 03:00:00+00:00
[2025-03-24T17:01:15.983-1000] {processor.py:208} INFO - Processing /opt/anaconda3/envs/titanic/lib/python3.11/site-packages/airflow/example_dags/example_sla_dag.py took 0.045 seconds
[2025-03-24T17:03:15.645-1000] {processor.py:186} INFO - Started process (PID=36382) to work on /opt/anaconda3/envs/titanic/lib/python3.11/site-packages/airflow/example_dags/example_sla_dag.py
[2025-03-24T17:03:15.646-1000] {processor.py:914} INFO - Processing file /opt/anaconda3/envs/titanic/lib/python3.11/site-packages/airflow/example_dags/example_sla_dag.py for tasks to queue
[2025-03-24T17:03:15.647-1000] {logging_mixin.py:190} INFO - [2025-03-24T17:03:15.647-1000] {dagbag.py:588} INFO - Filling up the DagBag from /opt/anaconda3/envs/titanic/lib/python3.11/site-packages/airflow/example_dags/example_sla_dag.py
[2025-03-24T17:03:15.656-1000] {processor.py:925} INFO - DAG(s) 'example_sla_dag' retrieved from /opt/anaconda3/envs/titanic/lib/python3.11/site-packages/airflow/example_dags/example_sla_dag.py
[2025-03-24T17:03:15.680-1000] {logging_mixin.py:190} INFO - [2025-03-24T17:03:15.680-1000] {dag.py:3239} INFO - Sync 1 DAGs
[2025-03-24T17:03:15.685-1000] {logging_mixin.py:190} INFO - [2025-03-24T17:03:15.685-1000] {dag.py:4180} INFO - Setting next_dagrun for example_sla_dag to 2025-03-25 03:00:00+00:00, run_after=2025-03-25 03:02:00+00:00
[2025-03-24T17:03:15.690-1000] {processor.py:208} INFO - Processing /opt/anaconda3/envs/titanic/lib/python3.11/site-packages/airflow/example_dags/example_sla_dag.py took 0.045 seconds
[2025-03-24T17:05:09.877-1000] {processor.py:186} INFO - Started process (PID=36804) to work on /opt/anaconda3/envs/titanic/lib/python3.11/site-packages/airflow/example_dags/example_sla_dag.py
[2025-03-24T17:05:09.877-1000] {processor.py:914} INFO - Processing file /opt/anaconda3/envs/titanic/lib/python3.11/site-packages/airflow/example_dags/example_sla_dag.py for tasks to queue
[2025-03-24T17:05:09.877-1000] {logging_mixin.py:190} INFO - [2025-03-24T17:05:09.877-1000] {dagbag.py:588} INFO - Filling up the DagBag from /opt/anaconda3/envs/titanic/lib/python3.11/site-packages/airflow/example_dags/example_sla_dag.py
[2025-03-24T17:05:09.887-1000] {processor.py:925} INFO - DAG(s) 'example_sla_dag' retrieved from /opt/anaconda3/envs/titanic/lib/python3.11/site-packages/airflow/example_dags/example_sla_dag.py
[2025-03-24T17:05:09.910-1000] {logging_mixin.py:190} INFO - [2025-03-24T17:05:09.910-1000] {dag.py:3239} INFO - Sync 1 DAGs
[2025-03-24T17:05:09.915-1000] {logging_mixin.py:190} INFO - [2025-03-24T17:05:09.915-1000] {dag.py:4180} INFO - Setting next_dagrun for example_sla_dag to 2025-03-25 03:02:00+00:00, run_after=2025-03-25 03:04:00+00:00
[2025-03-24T17:05:09.920-1000] {processor.py:208} INFO - Processing /opt/anaconda3/envs/titanic/lib/python3.11/site-packages/airflow/example_dags/example_sla_dag.py took 0.044 seconds
[2025-03-24T17:06:57.184-1000] {processor.py:186} INFO - Started process (PID=37245) to work on /opt/anaconda3/envs/titanic/lib/python3.11/site-packages/airflow/example_dags/example_sla_dag.py
[2025-03-24T17:06:57.184-1000] {processor.py:914} INFO - Processing file /opt/anaconda3/envs/titanic/lib/python3.11/site-packages/airflow/example_dags/example_sla_dag.py for tasks to queue
[2025-03-24T17:06:57.184-1000] {logging_mixin.py:190} INFO - [2025-03-24T17:06:57.184-1000] {dagbag.py:588} INFO - Filling up the DagBag from /opt/anaconda3/envs/titanic/lib/python3.11/site-packages/airflow/example_dags/example_sla_dag.py
[2025-03-24T17:06:57.194-1000] {processor.py:925} INFO - DAG(s) 'example_sla_dag' retrieved from /opt/anaconda3/envs/titanic/lib/python3.11/site-packages/airflow/example_dags/example_sla_dag.py
[2025-03-24T17:06:57.217-1000] {logging_mixin.py:190} INFO - [2025-03-24T17:06:57.216-1000] {dag.py:3239} INFO - Sync 1 DAGs
[2025-03-24T17:06:57.221-1000] {logging_mixin.py:190} INFO - [2025-03-24T17:06:57.221-1000] {dag.py:4180} INFO - Setting next_dagrun for example_sla_dag to 2025-03-25 03:04:00+00:00, run_after=2025-03-25 03:06:00+00:00
[2025-03-24T17:06:57.226-1000] {processor.py:208} INFO - Processing /opt/anaconda3/envs/titanic/lib/python3.11/site-packages/airflow/example_dags/example_sla_dag.py took 0.043 seconds
[2025-03-24T17:08:49.386-1000] {processor.py:186} INFO - Started process (PID=37673) to work on /opt/anaconda3/envs/titanic/lib/python3.11/site-packages/airflow/example_dags/example_sla_dag.py
[2025-03-24T17:08:49.387-1000] {processor.py:914} INFO - Processing file /opt/anaconda3/envs/titanic/lib/python3.11/site-packages/airflow/example_dags/example_sla_dag.py for tasks to queue
[2025-03-24T17:08:49.387-1000] {logging_mixin.py:190} INFO - [2025-03-24T17:08:49.387-1000] {dagbag.py:588} INFO - Filling up the DagBag from /opt/anaconda3/envs/titanic/lib/python3.11/site-packages/airflow/example_dags/example_sla_dag.py
[2025-03-24T17:08:49.396-1000] {processor.py:925} INFO - DAG(s) 'example_sla_dag' retrieved from /opt/anaconda3/envs/titanic/lib/python3.11/site-packages/airflow/example_dags/example_sla_dag.py
[2025-03-24T17:08:49.419-1000] {logging_mixin.py:190} INFO - [2025-03-24T17:08:49.419-1000] {dag.py:3239} INFO - Sync 1 DAGs
[2025-03-24T17:08:49.424-1000] {logging_mixin.py:190} INFO - [2025-03-24T17:08:49.424-1000] {dag.py:4180} INFO - Setting next_dagrun for example_sla_dag to 2025-03-25 03:06:00+00:00, run_after=2025-03-25 03:08:00+00:00
[2025-03-24T17:08:49.428-1000] {processor.py:208} INFO - Processing /opt/anaconda3/envs/titanic/lib/python3.11/site-packages/airflow/example_dags/example_sla_dag.py took 0.043 seconds
[2025-03-24T17:10:34.954-1000] {processor.py:186} INFO - Started process (PID=38076) to work on /opt/anaconda3/envs/titanic/lib/python3.11/site-packages/airflow/example_dags/example_sla_dag.py
[2025-03-24T17:10:34.954-1000] {processor.py:914} INFO - Processing file /opt/anaconda3/envs/titanic/lib/python3.11/site-packages/airflow/example_dags/example_sla_dag.py for tasks to queue
[2025-03-24T17:10:34.954-1000] {logging_mixin.py:190} INFO - [2025-03-24T17:10:34.954-1000] {dagbag.py:588} INFO - Filling up the DagBag from /opt/anaconda3/envs/titanic/lib/python3.11/site-packages/airflow/example_dags/example_sla_dag.py
[2025-03-24T17:10:34.963-1000] {processor.py:925} INFO - DAG(s) 'example_sla_dag' retrieved from /opt/anaconda3/envs/titanic/lib/python3.11/site-packages/airflow/example_dags/example_sla_dag.py
[2025-03-24T17:10:34.986-1000] {logging_mixin.py:190} INFO - [2025-03-24T17:10:34.986-1000] {dag.py:3239} INFO - Sync 1 DAGs
[2025-03-24T17:10:34.991-1000] {logging_mixin.py:190} INFO - [2025-03-24T17:10:34.991-1000] {dag.py:4180} INFO - Setting next_dagrun for example_sla_dag to 2025-03-25 03:08:00+00:00, run_after=2025-03-25 03:10:00+00:00
[2025-03-24T17:10:34.996-1000] {processor.py:208} INFO - Processing /opt/anaconda3/envs/titanic/lib/python3.11/site-packages/airflow/example_dags/example_sla_dag.py took 0.043 seconds
[2025-03-24T17:12:23.552-1000] {processor.py:186} INFO - Started process (PID=38489) to work on /opt/anaconda3/envs/titanic/lib/python3.11/site-packages/airflow/example_dags/example_sla_dag.py
[2025-03-24T17:12:23.553-1000] {processor.py:914} INFO - Processing file /opt/anaconda3/envs/titanic/lib/python3.11/site-packages/airflow/example_dags/example_sla_dag.py for tasks to queue
[2025-03-24T17:12:23.553-1000] {logging_mixin.py:190} INFO - [2025-03-24T17:12:23.553-1000] {dagbag.py:588} INFO - Filling up the DagBag from /opt/anaconda3/envs/titanic/lib/python3.11/site-packages/airflow/example_dags/example_sla_dag.py
[2025-03-24T17:12:23.563-1000] {processor.py:925} INFO - DAG(s) 'example_sla_dag' retrieved from /opt/anaconda3/envs/titanic/lib/python3.11/site-packages/airflow/example_dags/example_sla_dag.py
[2025-03-24T17:12:23.586-1000] {logging_mixin.py:190} INFO - [2025-03-24T17:12:23.586-1000] {dag.py:3239} INFO - Sync 1 DAGs
[2025-03-24T17:12:23.591-1000] {logging_mixin.py:190} INFO - [2025-03-24T17:12:23.591-1000] {dag.py:4180} INFO - Setting next_dagrun for example_sla_dag to 2025-03-25 03:10:00+00:00, run_after=2025-03-25 03:12:00+00:00
[2025-03-24T17:12:23.596-1000] {processor.py:208} INFO - Processing /opt/anaconda3/envs/titanic/lib/python3.11/site-packages/airflow/example_dags/example_sla_dag.py took 0.044 seconds
[2025-03-24T17:14:14.787-1000] {processor.py:186} INFO - Started process (PID=38914) to work on /opt/anaconda3/envs/titanic/lib/python3.11/site-packages/airflow/example_dags/example_sla_dag.py
[2025-03-24T17:14:14.788-1000] {processor.py:914} INFO - Processing file /opt/anaconda3/envs/titanic/lib/python3.11/site-packages/airflow/example_dags/example_sla_dag.py for tasks to queue
[2025-03-24T17:14:14.788-1000] {logging_mixin.py:190} INFO - [2025-03-24T17:14:14.788-1000] {dagbag.py:588} INFO - Filling up the DagBag from /opt/anaconda3/envs/titanic/lib/python3.11/site-packages/airflow/example_dags/example_sla_dag.py
[2025-03-24T17:14:14.797-1000] {processor.py:925} INFO - DAG(s) 'example_sla_dag' retrieved from /opt/anaconda3/envs/titanic/lib/python3.11/site-packages/airflow/example_dags/example_sla_dag.py
[2025-03-24T17:14:14.820-1000] {logging_mixin.py:190} INFO - [2025-03-24T17:14:14.820-1000] {dag.py:3239} INFO - Sync 1 DAGs
[2025-03-24T17:14:14.825-1000] {logging_mixin.py:190} INFO - [2025-03-24T17:14:14.825-1000] {dag.py:4180} INFO - Setting next_dagrun for example_sla_dag to 2025-03-25 03:12:00+00:00, run_after=2025-03-25 03:14:00+00:00
[2025-03-24T17:14:14.830-1000] {processor.py:208} INFO - Processing /opt/anaconda3/envs/titanic/lib/python3.11/site-packages/airflow/example_dags/example_sla_dag.py took 0.043 seconds
[2025-03-24T17:16:03.362-1000] {processor.py:186} INFO - Started process (PID=39330) to work on /opt/anaconda3/envs/titanic/lib/python3.11/site-packages/airflow/example_dags/example_sla_dag.py
[2025-03-24T17:16:03.363-1000] {processor.py:914} INFO - Processing file /opt/anaconda3/envs/titanic/lib/python3.11/site-packages/airflow/example_dags/example_sla_dag.py for tasks to queue
[2025-03-24T17:16:03.363-1000] {logging_mixin.py:190} INFO - [2025-03-24T17:16:03.363-1000] {dagbag.py:588} INFO - Filling up the DagBag from /opt/anaconda3/envs/titanic/lib/python3.11/site-packages/airflow/example_dags/example_sla_dag.py
[2025-03-24T17:16:03.372-1000] {processor.py:925} INFO - DAG(s) 'example_sla_dag' retrieved from /opt/anaconda3/envs/titanic/lib/python3.11/site-packages/airflow/example_dags/example_sla_dag.py
[2025-03-24T17:16:03.395-1000] {logging_mixin.py:190} INFO - [2025-03-24T17:16:03.395-1000] {dag.py:3239} INFO - Sync 1 DAGs
[2025-03-24T17:16:03.400-1000] {logging_mixin.py:190} INFO - [2025-03-24T17:16:03.400-1000] {dag.py:4180} INFO - Setting next_dagrun for example_sla_dag to 2025-03-25 03:14:00+00:00, run_after=2025-03-25 03:16:00+00:00
[2025-03-24T17:16:03.405-1000] {processor.py:208} INFO - Processing /opt/anaconda3/envs/titanic/lib/python3.11/site-packages/airflow/example_dags/example_sla_dag.py took 0.044 seconds
[2025-03-24T17:17:51.154-1000] {processor.py:186} INFO - Started process (PID=39737) to work on /opt/anaconda3/envs/titanic/lib/python3.11/site-packages/airflow/example_dags/example_sla_dag.py
[2025-03-24T17:17:51.155-1000] {processor.py:914} INFO - Processing file /opt/anaconda3/envs/titanic/lib/python3.11/site-packages/airflow/example_dags/example_sla_dag.py for tasks to queue
[2025-03-24T17:17:51.155-1000] {logging_mixin.py:190} INFO - [2025-03-24T17:17:51.155-1000] {dagbag.py:588} INFO - Filling up the DagBag from /opt/anaconda3/envs/titanic/lib/python3.11/site-packages/airflow/example_dags/example_sla_dag.py
[2025-03-24T17:17:51.164-1000] {processor.py:925} INFO - DAG(s) 'example_sla_dag' retrieved from /opt/anaconda3/envs/titanic/lib/python3.11/site-packages/airflow/example_dags/example_sla_dag.py
[2025-03-24T17:17:51.187-1000] {logging_mixin.py:190} INFO - [2025-03-24T17:17:51.187-1000] {dag.py:3239} INFO - Sync 1 DAGs
[2025-03-24T17:17:51.192-1000] {logging_mixin.py:190} INFO - [2025-03-24T17:17:51.192-1000] {dag.py:4180} INFO - Setting next_dagrun for example_sla_dag to 2025-03-25 03:14:00+00:00, run_after=2025-03-25 03:16:00+00:00
[2025-03-24T17:17:51.197-1000] {processor.py:208} INFO - Processing /opt/anaconda3/envs/titanic/lib/python3.11/site-packages/airflow/example_dags/example_sla_dag.py took 0.043 seconds
[2025-03-24T17:19:41.899-1000] {processor.py:186} INFO - Started process (PID=40178) to work on /opt/anaconda3/envs/titanic/lib/python3.11/site-packages/airflow/example_dags/example_sla_dag.py
[2025-03-24T17:19:41.900-1000] {processor.py:914} INFO - Processing file /opt/anaconda3/envs/titanic/lib/python3.11/site-packages/airflow/example_dags/example_sla_dag.py for tasks to queue
[2025-03-24T17:19:41.900-1000] {logging_mixin.py:190} INFO - [2025-03-24T17:19:41.900-1000] {dagbag.py:588} INFO - Filling up the DagBag from /opt/anaconda3/envs/titanic/lib/python3.11/site-packages/airflow/example_dags/example_sla_dag.py
[2025-03-24T17:19:41.910-1000] {processor.py:925} INFO - DAG(s) 'example_sla_dag' retrieved from /opt/anaconda3/envs/titanic/lib/python3.11/site-packages/airflow/example_dags/example_sla_dag.py
[2025-03-24T17:19:41.933-1000] {logging_mixin.py:190} INFO - [2025-03-24T17:19:41.933-1000] {dag.py:3239} INFO - Sync 1 DAGs
[2025-03-24T17:19:41.938-1000] {logging_mixin.py:190} INFO - [2025-03-24T17:19:41.938-1000] {dag.py:4180} INFO - Setting next_dagrun for example_sla_dag to 2025-03-25 03:16:00+00:00, run_after=2025-03-25 03:18:00+00:00
[2025-03-24T17:19:41.943-1000] {processor.py:208} INFO - Processing /opt/anaconda3/envs/titanic/lib/python3.11/site-packages/airflow/example_dags/example_sla_dag.py took 0.045 seconds
[2025-03-24T17:21:37.568-1000] {processor.py:186} INFO - Started process (PID=40618) to work on /opt/anaconda3/envs/titanic/lib/python3.11/site-packages/airflow/example_dags/example_sla_dag.py
[2025-03-24T17:21:37.569-1000] {processor.py:914} INFO - Processing file /opt/anaconda3/envs/titanic/lib/python3.11/site-packages/airflow/example_dags/example_sla_dag.py for tasks to queue
[2025-03-24T17:21:37.569-1000] {logging_mixin.py:190} INFO - [2025-03-24T17:21:37.569-1000] {dagbag.py:588} INFO - Filling up the DagBag from /opt/anaconda3/envs/titanic/lib/python3.11/site-packages/airflow/example_dags/example_sla_dag.py
[2025-03-24T17:21:37.579-1000] {processor.py:925} INFO - DAG(s) 'example_sla_dag' retrieved from /opt/anaconda3/envs/titanic/lib/python3.11/site-packages/airflow/example_dags/example_sla_dag.py
[2025-03-24T17:21:37.602-1000] {logging_mixin.py:190} INFO - [2025-03-24T17:21:37.602-1000] {dag.py:3239} INFO - Sync 1 DAGs
[2025-03-24T17:21:37.608-1000] {logging_mixin.py:190} INFO - [2025-03-24T17:21:37.607-1000] {dag.py:4180} INFO - Setting next_dagrun for example_sla_dag to 2025-03-25 03:18:00+00:00, run_after=2025-03-25 03:20:00+00:00
[2025-03-24T17:21:37.612-1000] {processor.py:208} INFO - Processing /opt/anaconda3/envs/titanic/lib/python3.11/site-packages/airflow/example_dags/example_sla_dag.py took 0.045 seconds
[2025-03-24T17:23:27.491-1000] {processor.py:186} INFO - Started process (PID=41068) to work on /opt/anaconda3/envs/titanic/lib/python3.11/site-packages/airflow/example_dags/example_sla_dag.py
[2025-03-24T17:23:27.492-1000] {processor.py:914} INFO - Processing file /opt/anaconda3/envs/titanic/lib/python3.11/site-packages/airflow/example_dags/example_sla_dag.py for tasks to queue
[2025-03-24T17:23:27.492-1000] {logging_mixin.py:190} INFO - [2025-03-24T17:23:27.492-1000] {dagbag.py:588} INFO - Filling up the DagBag from /opt/anaconda3/envs/titanic/lib/python3.11/site-packages/airflow/example_dags/example_sla_dag.py
[2025-03-24T17:23:27.502-1000] {processor.py:925} INFO - DAG(s) 'example_sla_dag' retrieved from /opt/anaconda3/envs/titanic/lib/python3.11/site-packages/airflow/example_dags/example_sla_dag.py
[2025-03-24T17:23:27.526-1000] {logging_mixin.py:190} INFO - [2025-03-24T17:23:27.526-1000] {dag.py:3239} INFO - Sync 1 DAGs
[2025-03-24T17:23:27.532-1000] {logging_mixin.py:190} INFO - [2025-03-24T17:23:27.532-1000] {dag.py:4180} INFO - Setting next_dagrun for example_sla_dag to 2025-03-25 03:20:00+00:00, run_after=2025-03-25 03:22:00+00:00
[2025-03-24T17:23:27.536-1000] {processor.py:208} INFO - Processing /opt/anaconda3/envs/titanic/lib/python3.11/site-packages/airflow/example_dags/example_sla_dag.py took 0.046 seconds
[2025-03-24T17:25:18.888-1000] {processor.py:186} INFO - Started process (PID=41491) to work on /opt/anaconda3/envs/titanic/lib/python3.11/site-packages/airflow/example_dags/example_sla_dag.py
[2025-03-24T17:25:18.888-1000] {processor.py:914} INFO - Processing file /opt/anaconda3/envs/titanic/lib/python3.11/site-packages/airflow/example_dags/example_sla_dag.py for tasks to queue
[2025-03-24T17:25:18.888-1000] {logging_mixin.py:190} INFO - [2025-03-24T17:25:18.888-1000] {dagbag.py:588} INFO - Filling up the DagBag from /opt/anaconda3/envs/titanic/lib/python3.11/site-packages/airflow/example_dags/example_sla_dag.py
[2025-03-24T17:25:18.898-1000] {processor.py:925} INFO - DAG(s) 'example_sla_dag' retrieved from /opt/anaconda3/envs/titanic/lib/python3.11/site-packages/airflow/example_dags/example_sla_dag.py
[2025-03-24T17:25:18.921-1000] {logging_mixin.py:190} INFO - [2025-03-24T17:25:18.921-1000] {dag.py:3239} INFO - Sync 1 DAGs
[2025-03-24T17:25:18.926-1000] {logging_mixin.py:190} INFO - [2025-03-24T17:25:18.926-1000] {dag.py:4180} INFO - Setting next_dagrun for example_sla_dag to 2025-03-25 03:22:00+00:00, run_after=2025-03-25 03:24:00+00:00
[2025-03-24T17:25:18.931-1000] {processor.py:208} INFO - Processing /opt/anaconda3/envs/titanic/lib/python3.11/site-packages/airflow/example_dags/example_sla_dag.py took 0.044 seconds
[2025-03-24T17:27:23.362-1000] {processor.py:186} INFO - Started process (PID=42053) to work on /opt/anaconda3/envs/titanic/lib/python3.11/site-packages/airflow/example_dags/example_sla_dag.py
[2025-03-24T17:27:23.363-1000] {processor.py:914} INFO - Processing file /opt/anaconda3/envs/titanic/lib/python3.11/site-packages/airflow/example_dags/example_sla_dag.py for tasks to queue
[2025-03-24T17:27:23.363-1000] {logging_mixin.py:190} INFO - [2025-03-24T17:27:23.363-1000] {dagbag.py:588} INFO - Filling up the DagBag from /opt/anaconda3/envs/titanic/lib/python3.11/site-packages/airflow/example_dags/example_sla_dag.py
[2025-03-24T17:27:23.373-1000] {processor.py:925} INFO - DAG(s) 'example_sla_dag' retrieved from /opt/anaconda3/envs/titanic/lib/python3.11/site-packages/airflow/example_dags/example_sla_dag.py
[2025-03-24T17:27:23.396-1000] {logging_mixin.py:190} INFO - [2025-03-24T17:27:23.396-1000] {dag.py:3239} INFO - Sync 1 DAGs
[2025-03-24T17:27:23.402-1000] {logging_mixin.py:190} INFO - [2025-03-24T17:27:23.402-1000] {dag.py:4180} INFO - Setting next_dagrun for example_sla_dag to 2025-03-25 03:24:00+00:00, run_after=2025-03-25 03:26:00+00:00
[2025-03-24T17:27:23.408-1000] {processor.py:208} INFO - Processing /opt/anaconda3/envs/titanic/lib/python3.11/site-packages/airflow/example_dags/example_sla_dag.py took 0.047 seconds
[2025-03-24T17:29:16.294-1000] {processor.py:186} INFO - Started process (PID=42515) to work on /opt/anaconda3/envs/titanic/lib/python3.11/site-packages/airflow/example_dags/example_sla_dag.py
[2025-03-24T17:29:16.295-1000] {processor.py:914} INFO - Processing file /opt/anaconda3/envs/titanic/lib/python3.11/site-packages/airflow/example_dags/example_sla_dag.py for tasks to queue
[2025-03-24T17:29:16.295-1000] {logging_mixin.py:190} INFO - [2025-03-24T17:29:16.295-1000] {dagbag.py:588} INFO - Filling up the DagBag from /opt/anaconda3/envs/titanic/lib/python3.11/site-packages/airflow/example_dags/example_sla_dag.py
[2025-03-24T17:29:16.304-1000] {processor.py:925} INFO - DAG(s) 'example_sla_dag' retrieved from /opt/anaconda3/envs/titanic/lib/python3.11/site-packages/airflow/example_dags/example_sla_dag.py
[2025-03-24T17:29:16.327-1000] {logging_mixin.py:190} INFO - [2025-03-24T17:29:16.327-1000] {dag.py:3239} INFO - Sync 1 DAGs
[2025-03-24T17:29:16.332-1000] {logging_mixin.py:190} INFO - [2025-03-24T17:29:16.332-1000] {dag.py:4180} INFO - Setting next_dagrun for example_sla_dag to 2025-03-25 03:26:00+00:00, run_after=2025-03-25 03:28:00+00:00
[2025-03-24T17:29:16.337-1000] {processor.py:208} INFO - Processing /opt/anaconda3/envs/titanic/lib/python3.11/site-packages/airflow/example_dags/example_sla_dag.py took 0.044 seconds
[2025-03-24T17:31:11.574-1000] {processor.py:186} INFO - Started process (PID=43026) to work on /opt/anaconda3/envs/titanic/lib/python3.11/site-packages/airflow/example_dags/example_sla_dag.py
[2025-03-24T17:31:11.575-1000] {processor.py:914} INFO - Processing file /opt/anaconda3/envs/titanic/lib/python3.11/site-packages/airflow/example_dags/example_sla_dag.py for tasks to queue
[2025-03-24T17:31:11.575-1000] {logging_mixin.py:190} INFO - [2025-03-24T17:31:11.575-1000] {dagbag.py:588} INFO - Filling up the DagBag from /opt/anaconda3/envs/titanic/lib/python3.11/site-packages/airflow/example_dags/example_sla_dag.py
[2025-03-24T17:31:11.585-1000] {processor.py:925} INFO - DAG(s) 'example_sla_dag' retrieved from /opt/anaconda3/envs/titanic/lib/python3.11/site-packages/airflow/example_dags/example_sla_dag.py
[2025-03-24T17:31:11.609-1000] {logging_mixin.py:190} INFO - [2025-03-24T17:31:11.609-1000] {dag.py:3239} INFO - Sync 1 DAGs
[2025-03-24T17:31:11.614-1000] {logging_mixin.py:190} INFO - [2025-03-24T17:31:11.614-1000] {dag.py:4180} INFO - Setting next_dagrun for example_sla_dag to 2025-03-25 03:28:00+00:00, run_after=2025-03-25 03:30:00+00:00
[2025-03-24T17:31:11.619-1000] {processor.py:208} INFO - Processing /opt/anaconda3/envs/titanic/lib/python3.11/site-packages/airflow/example_dags/example_sla_dag.py took 0.046 seconds
[2025-03-24T17:33:14.031-1000] {processor.py:186} INFO - Started process (PID=43510) to work on /opt/anaconda3/envs/titanic/lib/python3.11/site-packages/airflow/example_dags/example_sla_dag.py
[2025-03-24T17:33:14.032-1000] {processor.py:914} INFO - Processing file /opt/anaconda3/envs/titanic/lib/python3.11/site-packages/airflow/example_dags/example_sla_dag.py for tasks to queue
[2025-03-24T17:33:14.032-1000] {logging_mixin.py:190} INFO - [2025-03-24T17:33:14.032-1000] {dagbag.py:588} INFO - Filling up the DagBag from /opt/anaconda3/envs/titanic/lib/python3.11/site-packages/airflow/example_dags/example_sla_dag.py
[2025-03-24T17:33:14.042-1000] {processor.py:925} INFO - DAG(s) 'example_sla_dag' retrieved from /opt/anaconda3/envs/titanic/lib/python3.11/site-packages/airflow/example_dags/example_sla_dag.py
[2025-03-24T17:33:14.065-1000] {logging_mixin.py:190} INFO - [2025-03-24T17:33:14.065-1000] {dag.py:3239} INFO - Sync 1 DAGs
[2025-03-24T17:33:14.070-1000] {logging_mixin.py:190} INFO - [2025-03-24T17:33:14.070-1000] {dag.py:4180} INFO - Setting next_dagrun for example_sla_dag to 2025-03-25 03:30:00+00:00, run_after=2025-03-25 03:32:00+00:00
[2025-03-24T17:33:14.075-1000] {processor.py:208} INFO - Processing /opt/anaconda3/envs/titanic/lib/python3.11/site-packages/airflow/example_dags/example_sla_dag.py took 0.045 seconds
