[2025-03-24T15:51:42.663-1000] {processor.py:186} INFO - Started process (PID=19304) to work on /opt/anaconda3/envs/titanic/lib/python3.11/site-packages/airflow/example_dags/example_dynamic_task_mapping.py
[2025-03-24T15:51:42.663-1000] {processor.py:914} INFO - Processing file /opt/anaconda3/envs/titanic/lib/python3.11/site-packages/airflow/example_dags/example_dynamic_task_mapping.py for tasks to queue
[2025-03-24T15:51:42.663-1000] {logging_mixin.py:190} INFO - [2025-03-24T15:51:42.663-1000] {dagbag.py:588} INFO - Filling up the DagBag from /opt/anaconda3/envs/titanic/lib/python3.11/site-packages/airflow/example_dags/example_dynamic_task_mapping.py
[2025-03-24T15:51:42.674-1000] {processor.py:925} INFO - DAG(s) 'example_dynamic_task_mapping' retrieved from /opt/anaconda3/envs/titanic/lib/python3.11/site-packages/airflow/example_dags/example_dynamic_task_mapping.py
[2025-03-24T15:51:42.727-1000] {logging_mixin.py:190} INFO - [2025-03-24T15:51:42.727-1000] {override.py:1930} INFO - Created Permission View: can edit on DAG:example_dynamic_task_mapping
[2025-03-24T15:51:42.730-1000] {logging_mixin.py:190} INFO - [2025-03-24T15:51:42.730-1000] {override.py:1930} INFO - Created Permission View: can delete on DAG:example_dynamic_task_mapping
[2025-03-24T15:51:42.732-1000] {logging_mixin.py:190} INFO - [2025-03-24T15:51:42.732-1000] {override.py:1930} INFO - Created Permission View: can read on DAG:example_dynamic_task_mapping
[2025-03-24T15:51:42.734-1000] {logging_mixin.py:190} INFO - [2025-03-24T15:51:42.734-1000] {override.py:1930} INFO - Created Permission View: menu access on DAG Run:example_dynamic_task_mapping
[2025-03-24T15:51:42.735-1000] {logging_mixin.py:190} INFO - [2025-03-24T15:51:42.735-1000] {override.py:1930} INFO - Created Permission View: can create on DAG Run:example_dynamic_task_mapping
[2025-03-24T15:51:42.737-1000] {logging_mixin.py:190} INFO - [2025-03-24T15:51:42.737-1000] {override.py:1930} INFO - Created Permission View: can delete on DAG Run:example_dynamic_task_mapping
[2025-03-24T15:51:42.739-1000] {logging_mixin.py:190} INFO - [2025-03-24T15:51:42.739-1000] {override.py:1930} INFO - Created Permission View: can read on DAG Run:example_dynamic_task_mapping
[2025-03-24T15:51:42.739-1000] {logging_mixin.py:190} INFO - [2025-03-24T15:51:42.739-1000] {dag.py:3239} INFO - Sync 1 DAGs
[2025-03-24T15:51:42.743-1000] {logging_mixin.py:190} INFO - [2025-03-24T15:51:42.742-1000] {dag.py:3262} INFO - Creating ORM DAG for example_dynamic_task_mapping
[2025-03-24T15:51:42.743-1000] {logging_mixin.py:190} INFO - [2025-03-24T15:51:42.743-1000] {dag.py:4180} INFO - Setting next_dagrun for example_dynamic_task_mapping to None, run_after=None
[2025-03-24T15:51:42.747-1000] {processor.py:208} INFO - Processing /opt/anaconda3/envs/titanic/lib/python3.11/site-packages/airflow/example_dags/example_dynamic_task_mapping.py took 0.110 seconds
[2025-03-24T15:53:48.319-1000] {processor.py:186} INFO - Started process (PID=20192) to work on /opt/anaconda3/envs/titanic/lib/python3.11/site-packages/airflow/example_dags/example_dynamic_task_mapping.py
[2025-03-24T15:53:48.319-1000] {processor.py:914} INFO - Processing file /opt/anaconda3/envs/titanic/lib/python3.11/site-packages/airflow/example_dags/example_dynamic_task_mapping.py for tasks to queue
[2025-03-24T15:53:48.320-1000] {logging_mixin.py:190} INFO - [2025-03-24T15:53:48.319-1000] {dagbag.py:588} INFO - Filling up the DagBag from /opt/anaconda3/envs/titanic/lib/python3.11/site-packages/airflow/example_dags/example_dynamic_task_mapping.py
[2025-03-24T15:53:48.329-1000] {processor.py:925} INFO - DAG(s) 'example_dynamic_task_mapping' retrieved from /opt/anaconda3/envs/titanic/lib/python3.11/site-packages/airflow/example_dags/example_dynamic_task_mapping.py
[2025-03-24T15:53:48.353-1000] {logging_mixin.py:190} INFO - [2025-03-24T15:53:48.353-1000] {dag.py:3239} INFO - Sync 1 DAGs
[2025-03-24T15:53:48.357-1000] {logging_mixin.py:190} INFO - [2025-03-24T15:53:48.357-1000] {dag.py:4180} INFO - Setting next_dagrun for example_dynamic_task_mapping to None, run_after=None
[2025-03-24T15:53:48.362-1000] {processor.py:208} INFO - Processing /opt/anaconda3/envs/titanic/lib/python3.11/site-packages/airflow/example_dags/example_dynamic_task_mapping.py took 0.063 seconds
[2025-03-24T15:55:38.617-1000] {processor.py:186} INFO - Started process (PID=20613) to work on /opt/anaconda3/envs/titanic/lib/python3.11/site-packages/airflow/example_dags/example_dynamic_task_mapping.py
[2025-03-24T15:55:38.617-1000] {processor.py:914} INFO - Processing file /opt/anaconda3/envs/titanic/lib/python3.11/site-packages/airflow/example_dags/example_dynamic_task_mapping.py for tasks to queue
[2025-03-24T15:55:38.617-1000] {logging_mixin.py:190} INFO - [2025-03-24T15:55:38.617-1000] {dagbag.py:588} INFO - Filling up the DagBag from /opt/anaconda3/envs/titanic/lib/python3.11/site-packages/airflow/example_dags/example_dynamic_task_mapping.py
[2025-03-24T15:55:38.627-1000] {processor.py:925} INFO - DAG(s) 'example_dynamic_task_mapping' retrieved from /opt/anaconda3/envs/titanic/lib/python3.11/site-packages/airflow/example_dags/example_dynamic_task_mapping.py
[2025-03-24T15:55:38.651-1000] {logging_mixin.py:190} INFO - [2025-03-24T15:55:38.651-1000] {dag.py:3239} INFO - Sync 1 DAGs
[2025-03-24T15:55:38.654-1000] {logging_mixin.py:190} INFO - [2025-03-24T15:55:38.654-1000] {dag.py:4180} INFO - Setting next_dagrun for example_dynamic_task_mapping to None, run_after=None
[2025-03-24T15:55:38.659-1000] {processor.py:208} INFO - Processing /opt/anaconda3/envs/titanic/lib/python3.11/site-packages/airflow/example_dags/example_dynamic_task_mapping.py took 0.061 seconds
[2025-03-24T15:57:27.050-1000] {processor.py:186} INFO - Started process (PID=21031) to work on /opt/anaconda3/envs/titanic/lib/python3.11/site-packages/airflow/example_dags/example_dynamic_task_mapping.py
[2025-03-24T15:57:27.051-1000] {processor.py:914} INFO - Processing file /opt/anaconda3/envs/titanic/lib/python3.11/site-packages/airflow/example_dags/example_dynamic_task_mapping.py for tasks to queue
[2025-03-24T15:57:27.051-1000] {logging_mixin.py:190} INFO - [2025-03-24T15:57:27.051-1000] {dagbag.py:588} INFO - Filling up the DagBag from /opt/anaconda3/envs/titanic/lib/python3.11/site-packages/airflow/example_dags/example_dynamic_task_mapping.py
[2025-03-24T15:57:27.061-1000] {processor.py:925} INFO - DAG(s) 'example_dynamic_task_mapping' retrieved from /opt/anaconda3/envs/titanic/lib/python3.11/site-packages/airflow/example_dags/example_dynamic_task_mapping.py
[2025-03-24T15:57:27.084-1000] {logging_mixin.py:190} INFO - [2025-03-24T15:57:27.084-1000] {dag.py:3239} INFO - Sync 1 DAGs
[2025-03-24T15:57:27.087-1000] {logging_mixin.py:190} INFO - [2025-03-24T15:57:27.087-1000] {dag.py:4180} INFO - Setting next_dagrun for example_dynamic_task_mapping to None, run_after=None
[2025-03-24T15:57:27.092-1000] {processor.py:208} INFO - Processing /opt/anaconda3/envs/titanic/lib/python3.11/site-packages/airflow/example_dags/example_dynamic_task_mapping.py took 0.061 seconds
[2025-03-24T15:59:13.503-1000] {processor.py:186} INFO - Started process (PID=21448) to work on /opt/anaconda3/envs/titanic/lib/python3.11/site-packages/airflow/example_dags/example_dynamic_task_mapping.py
[2025-03-24T15:59:13.504-1000] {processor.py:914} INFO - Processing file /opt/anaconda3/envs/titanic/lib/python3.11/site-packages/airflow/example_dags/example_dynamic_task_mapping.py for tasks to queue
[2025-03-24T15:59:13.504-1000] {logging_mixin.py:190} INFO - [2025-03-24T15:59:13.504-1000] {dagbag.py:588} INFO - Filling up the DagBag from /opt/anaconda3/envs/titanic/lib/python3.11/site-packages/airflow/example_dags/example_dynamic_task_mapping.py
[2025-03-24T15:59:13.513-1000] {processor.py:925} INFO - DAG(s) 'example_dynamic_task_mapping' retrieved from /opt/anaconda3/envs/titanic/lib/python3.11/site-packages/airflow/example_dags/example_dynamic_task_mapping.py
[2025-03-24T15:59:13.537-1000] {logging_mixin.py:190} INFO - [2025-03-24T15:59:13.537-1000] {dag.py:3239} INFO - Sync 1 DAGs
[2025-03-24T15:59:13.540-1000] {logging_mixin.py:190} INFO - [2025-03-24T15:59:13.540-1000] {dag.py:4180} INFO - Setting next_dagrun for example_dynamic_task_mapping to None, run_after=None
[2025-03-24T15:59:13.545-1000] {processor.py:208} INFO - Processing /opt/anaconda3/envs/titanic/lib/python3.11/site-packages/airflow/example_dags/example_dynamic_task_mapping.py took 0.062 seconds
[2025-03-24T16:01:26.973-1000] {processor.py:186} INFO - Started process (PID=21952) to work on /opt/anaconda3/envs/titanic/lib/python3.11/site-packages/airflow/example_dags/example_dynamic_task_mapping.py
[2025-03-24T16:01:26.974-1000] {processor.py:914} INFO - Processing file /opt/anaconda3/envs/titanic/lib/python3.11/site-packages/airflow/example_dags/example_dynamic_task_mapping.py for tasks to queue
[2025-03-24T16:01:26.974-1000] {logging_mixin.py:190} INFO - [2025-03-24T16:01:26.974-1000] {dagbag.py:588} INFO - Filling up the DagBag from /opt/anaconda3/envs/titanic/lib/python3.11/site-packages/airflow/example_dags/example_dynamic_task_mapping.py
[2025-03-24T16:01:26.983-1000] {processor.py:925} INFO - DAG(s) 'example_dynamic_task_mapping' retrieved from /opt/anaconda3/envs/titanic/lib/python3.11/site-packages/airflow/example_dags/example_dynamic_task_mapping.py
[2025-03-24T16:01:27.007-1000] {logging_mixin.py:190} INFO - [2025-03-24T16:01:27.007-1000] {dag.py:3239} INFO - Sync 1 DAGs
[2025-03-24T16:01:27.010-1000] {logging_mixin.py:190} INFO - [2025-03-24T16:01:27.010-1000] {dag.py:4180} INFO - Setting next_dagrun for example_dynamic_task_mapping to None, run_after=None
[2025-03-24T16:01:27.014-1000] {processor.py:208} INFO - Processing /opt/anaconda3/envs/titanic/lib/python3.11/site-packages/airflow/example_dags/example_dynamic_task_mapping.py took 0.061 seconds
[2025-03-24T16:03:14.832-1000] {processor.py:186} INFO - Started process (PID=22363) to work on /opt/anaconda3/envs/titanic/lib/python3.11/site-packages/airflow/example_dags/example_dynamic_task_mapping.py
[2025-03-24T16:03:14.833-1000] {processor.py:914} INFO - Processing file /opt/anaconda3/envs/titanic/lib/python3.11/site-packages/airflow/example_dags/example_dynamic_task_mapping.py for tasks to queue
[2025-03-24T16:03:14.833-1000] {logging_mixin.py:190} INFO - [2025-03-24T16:03:14.833-1000] {dagbag.py:588} INFO - Filling up the DagBag from /opt/anaconda3/envs/titanic/lib/python3.11/site-packages/airflow/example_dags/example_dynamic_task_mapping.py
[2025-03-24T16:03:14.842-1000] {processor.py:925} INFO - DAG(s) 'example_dynamic_task_mapping' retrieved from /opt/anaconda3/envs/titanic/lib/python3.11/site-packages/airflow/example_dags/example_dynamic_task_mapping.py
[2025-03-24T16:03:14.866-1000] {logging_mixin.py:190} INFO - [2025-03-24T16:03:14.866-1000] {dag.py:3239} INFO - Sync 1 DAGs
[2025-03-24T16:03:14.869-1000] {logging_mixin.py:190} INFO - [2025-03-24T16:03:14.869-1000] {dag.py:4180} INFO - Setting next_dagrun for example_dynamic_task_mapping to None, run_after=None
[2025-03-24T16:03:14.874-1000] {processor.py:208} INFO - Processing /opt/anaconda3/envs/titanic/lib/python3.11/site-packages/airflow/example_dags/example_dynamic_task_mapping.py took 0.061 seconds
[2025-03-24T16:05:01.869-1000] {processor.py:186} INFO - Started process (PID=22773) to work on /opt/anaconda3/envs/titanic/lib/python3.11/site-packages/airflow/example_dags/example_dynamic_task_mapping.py
[2025-03-24T16:05:01.869-1000] {processor.py:914} INFO - Processing file /opt/anaconda3/envs/titanic/lib/python3.11/site-packages/airflow/example_dags/example_dynamic_task_mapping.py for tasks to queue
[2025-03-24T16:05:01.869-1000] {logging_mixin.py:190} INFO - [2025-03-24T16:05:01.869-1000] {dagbag.py:588} INFO - Filling up the DagBag from /opt/anaconda3/envs/titanic/lib/python3.11/site-packages/airflow/example_dags/example_dynamic_task_mapping.py
[2025-03-24T16:05:01.878-1000] {processor.py:925} INFO - DAG(s) 'example_dynamic_task_mapping' retrieved from /opt/anaconda3/envs/titanic/lib/python3.11/site-packages/airflow/example_dags/example_dynamic_task_mapping.py
[2025-03-24T16:05:01.902-1000] {logging_mixin.py:190} INFO - [2025-03-24T16:05:01.901-1000] {dag.py:3239} INFO - Sync 1 DAGs
[2025-03-24T16:05:01.905-1000] {logging_mixin.py:190} INFO - [2025-03-24T16:05:01.905-1000] {dag.py:4180} INFO - Setting next_dagrun for example_dynamic_task_mapping to None, run_after=None
[2025-03-24T16:05:01.909-1000] {processor.py:208} INFO - Processing /opt/anaconda3/envs/titanic/lib/python3.11/site-packages/airflow/example_dags/example_dynamic_task_mapping.py took 0.060 seconds
[2025-03-24T16:06:49.559-1000] {processor.py:186} INFO - Started process (PID=23214) to work on /opt/anaconda3/envs/titanic/lib/python3.11/site-packages/airflow/example_dags/example_dynamic_task_mapping.py
[2025-03-24T16:06:49.560-1000] {processor.py:914} INFO - Processing file /opt/anaconda3/envs/titanic/lib/python3.11/site-packages/airflow/example_dags/example_dynamic_task_mapping.py for tasks to queue
[2025-03-24T16:06:49.560-1000] {logging_mixin.py:190} INFO - [2025-03-24T16:06:49.560-1000] {dagbag.py:588} INFO - Filling up the DagBag from /opt/anaconda3/envs/titanic/lib/python3.11/site-packages/airflow/example_dags/example_dynamic_task_mapping.py
[2025-03-24T16:06:49.569-1000] {processor.py:925} INFO - DAG(s) 'example_dynamic_task_mapping' retrieved from /opt/anaconda3/envs/titanic/lib/python3.11/site-packages/airflow/example_dags/example_dynamic_task_mapping.py
[2025-03-24T16:06:49.593-1000] {logging_mixin.py:190} INFO - [2025-03-24T16:06:49.593-1000] {dag.py:3239} INFO - Sync 1 DAGs
[2025-03-24T16:06:49.596-1000] {logging_mixin.py:190} INFO - [2025-03-24T16:06:49.596-1000] {dag.py:4180} INFO - Setting next_dagrun for example_dynamic_task_mapping to None, run_after=None
[2025-03-24T16:06:49.601-1000] {processor.py:208} INFO - Processing /opt/anaconda3/envs/titanic/lib/python3.11/site-packages/airflow/example_dags/example_dynamic_task_mapping.py took 0.062 seconds
[2025-03-24T16:08:41.638-1000] {processor.py:186} INFO - Started process (PID=23637) to work on /opt/anaconda3/envs/titanic/lib/python3.11/site-packages/airflow/example_dags/example_dynamic_task_mapping.py
[2025-03-24T16:08:41.638-1000] {processor.py:914} INFO - Processing file /opt/anaconda3/envs/titanic/lib/python3.11/site-packages/airflow/example_dags/example_dynamic_task_mapping.py for tasks to queue
[2025-03-24T16:08:41.638-1000] {logging_mixin.py:190} INFO - [2025-03-24T16:08:41.638-1000] {dagbag.py:588} INFO - Filling up the DagBag from /opt/anaconda3/envs/titanic/lib/python3.11/site-packages/airflow/example_dags/example_dynamic_task_mapping.py
[2025-03-24T16:08:41.647-1000] {processor.py:925} INFO - DAG(s) 'example_dynamic_task_mapping' retrieved from /opt/anaconda3/envs/titanic/lib/python3.11/site-packages/airflow/example_dags/example_dynamic_task_mapping.py
[2025-03-24T16:08:41.671-1000] {logging_mixin.py:190} INFO - [2025-03-24T16:08:41.671-1000] {dag.py:3239} INFO - Sync 1 DAGs
[2025-03-24T16:08:41.674-1000] {logging_mixin.py:190} INFO - [2025-03-24T16:08:41.674-1000] {dag.py:4180} INFO - Setting next_dagrun for example_dynamic_task_mapping to None, run_after=None
[2025-03-24T16:08:41.679-1000] {processor.py:208} INFO - Processing /opt/anaconda3/envs/titanic/lib/python3.11/site-packages/airflow/example_dags/example_dynamic_task_mapping.py took 0.061 seconds
[2025-03-24T16:10:42.950-1000] {processor.py:186} INFO - Started process (PID=24120) to work on /opt/anaconda3/envs/titanic/lib/python3.11/site-packages/airflow/example_dags/example_dynamic_task_mapping.py
[2025-03-24T16:10:42.951-1000] {processor.py:914} INFO - Processing file /opt/anaconda3/envs/titanic/lib/python3.11/site-packages/airflow/example_dags/example_dynamic_task_mapping.py for tasks to queue
[2025-03-24T16:10:42.951-1000] {logging_mixin.py:190} INFO - [2025-03-24T16:10:42.951-1000] {dagbag.py:588} INFO - Filling up the DagBag from /opt/anaconda3/envs/titanic/lib/python3.11/site-packages/airflow/example_dags/example_dynamic_task_mapping.py
[2025-03-24T16:10:42.960-1000] {processor.py:925} INFO - DAG(s) 'example_dynamic_task_mapping' retrieved from /opt/anaconda3/envs/titanic/lib/python3.11/site-packages/airflow/example_dags/example_dynamic_task_mapping.py
[2025-03-24T16:10:42.983-1000] {logging_mixin.py:190} INFO - [2025-03-24T16:10:42.983-1000] {dag.py:3239} INFO - Sync 1 DAGs
[2025-03-24T16:10:42.987-1000] {logging_mixin.py:190} INFO - [2025-03-24T16:10:42.986-1000] {dag.py:4180} INFO - Setting next_dagrun for example_dynamic_task_mapping to None, run_after=None
[2025-03-24T16:10:42.991-1000] {processor.py:208} INFO - Processing /opt/anaconda3/envs/titanic/lib/python3.11/site-packages/airflow/example_dags/example_dynamic_task_mapping.py took 0.063 seconds
[2025-03-24T16:12:37.670-1000] {processor.py:186} INFO - Started process (PID=24575) to work on /opt/anaconda3/envs/titanic/lib/python3.11/site-packages/airflow/example_dags/example_dynamic_task_mapping.py
[2025-03-24T16:12:37.670-1000] {processor.py:914} INFO - Processing file /opt/anaconda3/envs/titanic/lib/python3.11/site-packages/airflow/example_dags/example_dynamic_task_mapping.py for tasks to queue
[2025-03-24T16:12:37.670-1000] {logging_mixin.py:190} INFO - [2025-03-24T16:12:37.670-1000] {dagbag.py:588} INFO - Filling up the DagBag from /opt/anaconda3/envs/titanic/lib/python3.11/site-packages/airflow/example_dags/example_dynamic_task_mapping.py
[2025-03-24T16:12:37.679-1000] {processor.py:925} INFO - DAG(s) 'example_dynamic_task_mapping' retrieved from /opt/anaconda3/envs/titanic/lib/python3.11/site-packages/airflow/example_dags/example_dynamic_task_mapping.py
[2025-03-24T16:12:37.703-1000] {logging_mixin.py:190} INFO - [2025-03-24T16:12:37.703-1000] {dag.py:3239} INFO - Sync 1 DAGs
[2025-03-24T16:12:37.706-1000] {logging_mixin.py:190} INFO - [2025-03-24T16:12:37.706-1000] {dag.py:4180} INFO - Setting next_dagrun for example_dynamic_task_mapping to None, run_after=None
[2025-03-24T16:12:37.711-1000] {processor.py:208} INFO - Processing /opt/anaconda3/envs/titanic/lib/python3.11/site-packages/airflow/example_dags/example_dynamic_task_mapping.py took 0.062 seconds
[2025-03-24T16:14:36.463-1000] {processor.py:186} INFO - Started process (PID=25075) to work on /opt/anaconda3/envs/titanic/lib/python3.11/site-packages/airflow/example_dags/example_dynamic_task_mapping.py
[2025-03-24T16:14:36.464-1000] {processor.py:914} INFO - Processing file /opt/anaconda3/envs/titanic/lib/python3.11/site-packages/airflow/example_dags/example_dynamic_task_mapping.py for tasks to queue
[2025-03-24T16:14:36.464-1000] {logging_mixin.py:190} INFO - [2025-03-24T16:14:36.464-1000] {dagbag.py:588} INFO - Filling up the DagBag from /opt/anaconda3/envs/titanic/lib/python3.11/site-packages/airflow/example_dags/example_dynamic_task_mapping.py
[2025-03-24T16:14:36.473-1000] {processor.py:925} INFO - DAG(s) 'example_dynamic_task_mapping' retrieved from /opt/anaconda3/envs/titanic/lib/python3.11/site-packages/airflow/example_dags/example_dynamic_task_mapping.py
[2025-03-24T16:14:36.496-1000] {logging_mixin.py:190} INFO - [2025-03-24T16:14:36.496-1000] {dag.py:3239} INFO - Sync 1 DAGs
[2025-03-24T16:14:36.499-1000] {logging_mixin.py:190} INFO - [2025-03-24T16:14:36.499-1000] {dag.py:4180} INFO - Setting next_dagrun for example_dynamic_task_mapping to None, run_after=None
[2025-03-24T16:14:36.504-1000] {processor.py:208} INFO - Processing /opt/anaconda3/envs/titanic/lib/python3.11/site-packages/airflow/example_dags/example_dynamic_task_mapping.py took 0.061 seconds
[2025-03-24T16:16:30.803-1000] {processor.py:186} INFO - Started process (PID=25528) to work on /opt/anaconda3/envs/titanic/lib/python3.11/site-packages/airflow/example_dags/example_dynamic_task_mapping.py
[2025-03-24T16:16:30.804-1000] {processor.py:914} INFO - Processing file /opt/anaconda3/envs/titanic/lib/python3.11/site-packages/airflow/example_dags/example_dynamic_task_mapping.py for tasks to queue
[2025-03-24T16:16:30.804-1000] {logging_mixin.py:190} INFO - [2025-03-24T16:16:30.804-1000] {dagbag.py:588} INFO - Filling up the DagBag from /opt/anaconda3/envs/titanic/lib/python3.11/site-packages/airflow/example_dags/example_dynamic_task_mapping.py
[2025-03-24T16:16:30.813-1000] {processor.py:925} INFO - DAG(s) 'example_dynamic_task_mapping' retrieved from /opt/anaconda3/envs/titanic/lib/python3.11/site-packages/airflow/example_dags/example_dynamic_task_mapping.py
[2025-03-24T16:16:30.837-1000] {logging_mixin.py:190} INFO - [2025-03-24T16:16:30.837-1000] {dag.py:3239} INFO - Sync 1 DAGs
[2025-03-24T16:16:30.840-1000] {logging_mixin.py:190} INFO - [2025-03-24T16:16:30.840-1000] {dag.py:4180} INFO - Setting next_dagrun for example_dynamic_task_mapping to None, run_after=None
[2025-03-24T16:16:30.844-1000] {processor.py:208} INFO - Processing /opt/anaconda3/envs/titanic/lib/python3.11/site-packages/airflow/example_dags/example_dynamic_task_mapping.py took 0.061 seconds
[2025-03-24T16:18:19.651-1000] {processor.py:186} INFO - Started process (PID=25941) to work on /opt/anaconda3/envs/titanic/lib/python3.11/site-packages/airflow/example_dags/example_dynamic_task_mapping.py
[2025-03-24T16:18:19.651-1000] {processor.py:914} INFO - Processing file /opt/anaconda3/envs/titanic/lib/python3.11/site-packages/airflow/example_dags/example_dynamic_task_mapping.py for tasks to queue
[2025-03-24T16:18:19.651-1000] {logging_mixin.py:190} INFO - [2025-03-24T16:18:19.651-1000] {dagbag.py:588} INFO - Filling up the DagBag from /opt/anaconda3/envs/titanic/lib/python3.11/site-packages/airflow/example_dags/example_dynamic_task_mapping.py
[2025-03-24T16:18:19.661-1000] {processor.py:925} INFO - DAG(s) 'example_dynamic_task_mapping' retrieved from /opt/anaconda3/envs/titanic/lib/python3.11/site-packages/airflow/example_dags/example_dynamic_task_mapping.py
[2025-03-24T16:18:19.684-1000] {logging_mixin.py:190} INFO - [2025-03-24T16:18:19.684-1000] {dag.py:3239} INFO - Sync 1 DAGs
[2025-03-24T16:18:19.687-1000] {logging_mixin.py:190} INFO - [2025-03-24T16:18:19.687-1000] {dag.py:4180} INFO - Setting next_dagrun for example_dynamic_task_mapping to None, run_after=None
[2025-03-24T16:18:19.692-1000] {processor.py:208} INFO - Processing /opt/anaconda3/envs/titanic/lib/python3.11/site-packages/airflow/example_dags/example_dynamic_task_mapping.py took 0.061 seconds
[2025-03-24T16:20:11.653-1000] {processor.py:186} INFO - Started process (PID=26398) to work on /opt/anaconda3/envs/titanic/lib/python3.11/site-packages/airflow/example_dags/example_dynamic_task_mapping.py
[2025-03-24T16:20:11.654-1000] {processor.py:914} INFO - Processing file /opt/anaconda3/envs/titanic/lib/python3.11/site-packages/airflow/example_dags/example_dynamic_task_mapping.py for tasks to queue
[2025-03-24T16:20:11.655-1000] {logging_mixin.py:190} INFO - [2025-03-24T16:20:11.655-1000] {dagbag.py:588} INFO - Filling up the DagBag from /opt/anaconda3/envs/titanic/lib/python3.11/site-packages/airflow/example_dags/example_dynamic_task_mapping.py
[2025-03-24T16:20:11.664-1000] {processor.py:925} INFO - DAG(s) 'example_dynamic_task_mapping' retrieved from /opt/anaconda3/envs/titanic/lib/python3.11/site-packages/airflow/example_dags/example_dynamic_task_mapping.py
[2025-03-24T16:20:11.687-1000] {logging_mixin.py:190} INFO - [2025-03-24T16:20:11.687-1000] {dag.py:3239} INFO - Sync 1 DAGs
[2025-03-24T16:20:11.690-1000] {logging_mixin.py:190} INFO - [2025-03-24T16:20:11.690-1000] {dag.py:4180} INFO - Setting next_dagrun for example_dynamic_task_mapping to None, run_after=None
[2025-03-24T16:20:11.695-1000] {processor.py:208} INFO - Processing /opt/anaconda3/envs/titanic/lib/python3.11/site-packages/airflow/example_dags/example_dynamic_task_mapping.py took 0.062 seconds
[2025-03-24T16:22:02.471-1000] {processor.py:186} INFO - Started process (PID=26809) to work on /opt/anaconda3/envs/titanic/lib/python3.11/site-packages/airflow/example_dags/example_dynamic_task_mapping.py
[2025-03-24T16:22:02.471-1000] {processor.py:914} INFO - Processing file /opt/anaconda3/envs/titanic/lib/python3.11/site-packages/airflow/example_dags/example_dynamic_task_mapping.py for tasks to queue
[2025-03-24T16:22:02.471-1000] {logging_mixin.py:190} INFO - [2025-03-24T16:22:02.471-1000] {dagbag.py:588} INFO - Filling up the DagBag from /opt/anaconda3/envs/titanic/lib/python3.11/site-packages/airflow/example_dags/example_dynamic_task_mapping.py
[2025-03-24T16:22:02.480-1000] {processor.py:925} INFO - DAG(s) 'example_dynamic_task_mapping' retrieved from /opt/anaconda3/envs/titanic/lib/python3.11/site-packages/airflow/example_dags/example_dynamic_task_mapping.py
[2025-03-24T16:22:02.503-1000] {logging_mixin.py:190} INFO - [2025-03-24T16:22:02.503-1000] {dag.py:3239} INFO - Sync 1 DAGs
[2025-03-24T16:22:02.507-1000] {logging_mixin.py:190} INFO - [2025-03-24T16:22:02.506-1000] {dag.py:4180} INFO - Setting next_dagrun for example_dynamic_task_mapping to None, run_after=None
[2025-03-24T16:22:02.511-1000] {processor.py:208} INFO - Processing /opt/anaconda3/envs/titanic/lib/python3.11/site-packages/airflow/example_dags/example_dynamic_task_mapping.py took 0.060 seconds
[2025-03-24T16:23:54.783-1000] {processor.py:186} INFO - Started process (PID=27250) to work on /opt/anaconda3/envs/titanic/lib/python3.11/site-packages/airflow/example_dags/example_dynamic_task_mapping.py
[2025-03-24T16:23:54.783-1000] {processor.py:914} INFO - Processing file /opt/anaconda3/envs/titanic/lib/python3.11/site-packages/airflow/example_dags/example_dynamic_task_mapping.py for tasks to queue
[2025-03-24T16:23:54.783-1000] {logging_mixin.py:190} INFO - [2025-03-24T16:23:54.783-1000] {dagbag.py:588} INFO - Filling up the DagBag from /opt/anaconda3/envs/titanic/lib/python3.11/site-packages/airflow/example_dags/example_dynamic_task_mapping.py
[2025-03-24T16:23:54.792-1000] {processor.py:925} INFO - DAG(s) 'example_dynamic_task_mapping' retrieved from /opt/anaconda3/envs/titanic/lib/python3.11/site-packages/airflow/example_dags/example_dynamic_task_mapping.py
[2025-03-24T16:23:54.816-1000] {logging_mixin.py:190} INFO - [2025-03-24T16:23:54.816-1000] {dag.py:3239} INFO - Sync 1 DAGs
[2025-03-24T16:23:54.819-1000] {logging_mixin.py:190} INFO - [2025-03-24T16:23:54.819-1000] {dag.py:4180} INFO - Setting next_dagrun for example_dynamic_task_mapping to None, run_after=None
[2025-03-24T16:23:54.824-1000] {processor.py:208} INFO - Processing /opt/anaconda3/envs/titanic/lib/python3.11/site-packages/airflow/example_dags/example_dynamic_task_mapping.py took 0.063 seconds
[2025-03-24T16:25:48.517-1000] {processor.py:186} INFO - Started process (PID=27688) to work on /opt/anaconda3/envs/titanic/lib/python3.11/site-packages/airflow/example_dags/example_dynamic_task_mapping.py
[2025-03-24T16:25:48.518-1000] {processor.py:914} INFO - Processing file /opt/anaconda3/envs/titanic/lib/python3.11/site-packages/airflow/example_dags/example_dynamic_task_mapping.py for tasks to queue
[2025-03-24T16:25:48.518-1000] {logging_mixin.py:190} INFO - [2025-03-24T16:25:48.518-1000] {dagbag.py:588} INFO - Filling up the DagBag from /opt/anaconda3/envs/titanic/lib/python3.11/site-packages/airflow/example_dags/example_dynamic_task_mapping.py
[2025-03-24T16:25:48.527-1000] {processor.py:925} INFO - DAG(s) 'example_dynamic_task_mapping' retrieved from /opt/anaconda3/envs/titanic/lib/python3.11/site-packages/airflow/example_dags/example_dynamic_task_mapping.py
[2025-03-24T16:25:48.550-1000] {logging_mixin.py:190} INFO - [2025-03-24T16:25:48.550-1000] {dag.py:3239} INFO - Sync 1 DAGs
[2025-03-24T16:25:48.553-1000] {logging_mixin.py:190} INFO - [2025-03-24T16:25:48.553-1000] {dag.py:4180} INFO - Setting next_dagrun for example_dynamic_task_mapping to None, run_after=None
[2025-03-24T16:25:48.558-1000] {processor.py:208} INFO - Processing /opt/anaconda3/envs/titanic/lib/python3.11/site-packages/airflow/example_dags/example_dynamic_task_mapping.py took 0.060 seconds
[2025-03-24T16:27:38.276-1000] {processor.py:186} INFO - Started process (PID=28106) to work on /opt/anaconda3/envs/titanic/lib/python3.11/site-packages/airflow/example_dags/example_dynamic_task_mapping.py
[2025-03-24T16:27:38.276-1000] {processor.py:914} INFO - Processing file /opt/anaconda3/envs/titanic/lib/python3.11/site-packages/airflow/example_dags/example_dynamic_task_mapping.py for tasks to queue
[2025-03-24T16:27:38.277-1000] {logging_mixin.py:190} INFO - [2025-03-24T16:27:38.276-1000] {dagbag.py:588} INFO - Filling up the DagBag from /opt/anaconda3/envs/titanic/lib/python3.11/site-packages/airflow/example_dags/example_dynamic_task_mapping.py
[2025-03-24T16:27:38.286-1000] {processor.py:925} INFO - DAG(s) 'example_dynamic_task_mapping' retrieved from /opt/anaconda3/envs/titanic/lib/python3.11/site-packages/airflow/example_dags/example_dynamic_task_mapping.py
[2025-03-24T16:27:38.309-1000] {logging_mixin.py:190} INFO - [2025-03-24T16:27:38.309-1000] {dag.py:3239} INFO - Sync 1 DAGs
[2025-03-24T16:27:38.312-1000] {logging_mixin.py:190} INFO - [2025-03-24T16:27:38.312-1000] {dag.py:4180} INFO - Setting next_dagrun for example_dynamic_task_mapping to None, run_after=None
[2025-03-24T16:27:38.317-1000] {processor.py:208} INFO - Processing /opt/anaconda3/envs/titanic/lib/python3.11/site-packages/airflow/example_dags/example_dynamic_task_mapping.py took 0.060 seconds
[2025-03-24T16:29:25.036-1000] {processor.py:186} INFO - Started process (PID=28506) to work on /opt/anaconda3/envs/titanic/lib/python3.11/site-packages/airflow/example_dags/example_dynamic_task_mapping.py
[2025-03-24T16:29:25.036-1000] {processor.py:914} INFO - Processing file /opt/anaconda3/envs/titanic/lib/python3.11/site-packages/airflow/example_dags/example_dynamic_task_mapping.py for tasks to queue
[2025-03-24T16:29:25.036-1000] {logging_mixin.py:190} INFO - [2025-03-24T16:29:25.036-1000] {dagbag.py:588} INFO - Filling up the DagBag from /opt/anaconda3/envs/titanic/lib/python3.11/site-packages/airflow/example_dags/example_dynamic_task_mapping.py
[2025-03-24T16:29:25.045-1000] {processor.py:925} INFO - DAG(s) 'example_dynamic_task_mapping' retrieved from /opt/anaconda3/envs/titanic/lib/python3.11/site-packages/airflow/example_dags/example_dynamic_task_mapping.py
[2025-03-24T16:29:25.068-1000] {logging_mixin.py:190} INFO - [2025-03-24T16:29:25.068-1000] {dag.py:3239} INFO - Sync 1 DAGs
[2025-03-24T16:29:25.071-1000] {logging_mixin.py:190} INFO - [2025-03-24T16:29:25.071-1000] {dag.py:4180} INFO - Setting next_dagrun for example_dynamic_task_mapping to None, run_after=None
[2025-03-24T16:29:25.076-1000] {processor.py:208} INFO - Processing /opt/anaconda3/envs/titanic/lib/python3.11/site-packages/airflow/example_dags/example_dynamic_task_mapping.py took 0.060 seconds
[2025-03-24T16:31:14.393-1000] {processor.py:186} INFO - Started process (PID=28920) to work on /opt/anaconda3/envs/titanic/lib/python3.11/site-packages/airflow/example_dags/example_dynamic_task_mapping.py
[2025-03-24T16:31:14.393-1000] {processor.py:914} INFO - Processing file /opt/anaconda3/envs/titanic/lib/python3.11/site-packages/airflow/example_dags/example_dynamic_task_mapping.py for tasks to queue
[2025-03-24T16:31:14.393-1000] {logging_mixin.py:190} INFO - [2025-03-24T16:31:14.393-1000] {dagbag.py:588} INFO - Filling up the DagBag from /opt/anaconda3/envs/titanic/lib/python3.11/site-packages/airflow/example_dags/example_dynamic_task_mapping.py
[2025-03-24T16:31:14.402-1000] {processor.py:925} INFO - DAG(s) 'example_dynamic_task_mapping' retrieved from /opt/anaconda3/envs/titanic/lib/python3.11/site-packages/airflow/example_dags/example_dynamic_task_mapping.py
[2025-03-24T16:31:14.426-1000] {logging_mixin.py:190} INFO - [2025-03-24T16:31:14.425-1000] {dag.py:3239} INFO - Sync 1 DAGs
[2025-03-24T16:31:14.429-1000] {logging_mixin.py:190} INFO - [2025-03-24T16:31:14.429-1000] {dag.py:4180} INFO - Setting next_dagrun for example_dynamic_task_mapping to None, run_after=None
[2025-03-24T16:31:14.433-1000] {processor.py:208} INFO - Processing /opt/anaconda3/envs/titanic/lib/python3.11/site-packages/airflow/example_dags/example_dynamic_task_mapping.py took 0.061 seconds
[2025-03-24T16:33:04.178-1000] {processor.py:186} INFO - Started process (PID=29357) to work on /opt/anaconda3/envs/titanic/lib/python3.11/site-packages/airflow/example_dags/example_dynamic_task_mapping.py
[2025-03-24T16:33:04.179-1000] {processor.py:914} INFO - Processing file /opt/anaconda3/envs/titanic/lib/python3.11/site-packages/airflow/example_dags/example_dynamic_task_mapping.py for tasks to queue
[2025-03-24T16:33:04.179-1000] {logging_mixin.py:190} INFO - [2025-03-24T16:33:04.179-1000] {dagbag.py:588} INFO - Filling up the DagBag from /opt/anaconda3/envs/titanic/lib/python3.11/site-packages/airflow/example_dags/example_dynamic_task_mapping.py
[2025-03-24T16:33:04.188-1000] {processor.py:925} INFO - DAG(s) 'example_dynamic_task_mapping' retrieved from /opt/anaconda3/envs/titanic/lib/python3.11/site-packages/airflow/example_dags/example_dynamic_task_mapping.py
[2025-03-24T16:33:04.212-1000] {logging_mixin.py:190} INFO - [2025-03-24T16:33:04.212-1000] {dag.py:3239} INFO - Sync 1 DAGs
[2025-03-24T16:33:04.215-1000] {logging_mixin.py:190} INFO - [2025-03-24T16:33:04.215-1000] {dag.py:4180} INFO - Setting next_dagrun for example_dynamic_task_mapping to None, run_after=None
[2025-03-24T16:33:04.220-1000] {processor.py:208} INFO - Processing /opt/anaconda3/envs/titanic/lib/python3.11/site-packages/airflow/example_dags/example_dynamic_task_mapping.py took 0.061 seconds
[2025-03-24T16:34:54.139-1000] {processor.py:186} INFO - Started process (PID=29771) to work on /opt/anaconda3/envs/titanic/lib/python3.11/site-packages/airflow/example_dags/example_dynamic_task_mapping.py
[2025-03-24T16:34:54.139-1000] {processor.py:914} INFO - Processing file /opt/anaconda3/envs/titanic/lib/python3.11/site-packages/airflow/example_dags/example_dynamic_task_mapping.py for tasks to queue
[2025-03-24T16:34:54.140-1000] {logging_mixin.py:190} INFO - [2025-03-24T16:34:54.140-1000] {dagbag.py:588} INFO - Filling up the DagBag from /opt/anaconda3/envs/titanic/lib/python3.11/site-packages/airflow/example_dags/example_dynamic_task_mapping.py
[2025-03-24T16:34:54.149-1000] {processor.py:925} INFO - DAG(s) 'example_dynamic_task_mapping' retrieved from /opt/anaconda3/envs/titanic/lib/python3.11/site-packages/airflow/example_dags/example_dynamic_task_mapping.py
[2025-03-24T16:34:54.172-1000] {logging_mixin.py:190} INFO - [2025-03-24T16:34:54.172-1000] {dag.py:3239} INFO - Sync 1 DAGs
[2025-03-24T16:34:54.175-1000] {logging_mixin.py:190} INFO - [2025-03-24T16:34:54.175-1000] {dag.py:4180} INFO - Setting next_dagrun for example_dynamic_task_mapping to None, run_after=None
[2025-03-24T16:34:54.180-1000] {processor.py:208} INFO - Processing /opt/anaconda3/envs/titanic/lib/python3.11/site-packages/airflow/example_dags/example_dynamic_task_mapping.py took 0.060 seconds
[2025-03-24T16:36:42.957-1000] {processor.py:186} INFO - Started process (PID=30180) to work on /opt/anaconda3/envs/titanic/lib/python3.11/site-packages/airflow/example_dags/example_dynamic_task_mapping.py
[2025-03-24T16:36:42.957-1000] {processor.py:914} INFO - Processing file /opt/anaconda3/envs/titanic/lib/python3.11/site-packages/airflow/example_dags/example_dynamic_task_mapping.py for tasks to queue
[2025-03-24T16:36:42.957-1000] {logging_mixin.py:190} INFO - [2025-03-24T16:36:42.957-1000] {dagbag.py:588} INFO - Filling up the DagBag from /opt/anaconda3/envs/titanic/lib/python3.11/site-packages/airflow/example_dags/example_dynamic_task_mapping.py
[2025-03-24T16:36:42.966-1000] {processor.py:925} INFO - DAG(s) 'example_dynamic_task_mapping' retrieved from /opt/anaconda3/envs/titanic/lib/python3.11/site-packages/airflow/example_dags/example_dynamic_task_mapping.py
[2025-03-24T16:36:42.990-1000] {logging_mixin.py:190} INFO - [2025-03-24T16:36:42.989-1000] {dag.py:3239} INFO - Sync 1 DAGs
[2025-03-24T16:36:42.993-1000] {logging_mixin.py:190} INFO - [2025-03-24T16:36:42.993-1000] {dag.py:4180} INFO - Setting next_dagrun for example_dynamic_task_mapping to None, run_after=None
[2025-03-24T16:36:42.998-1000] {processor.py:208} INFO - Processing /opt/anaconda3/envs/titanic/lib/python3.11/site-packages/airflow/example_dags/example_dynamic_task_mapping.py took 0.061 seconds
[2025-03-24T16:38:37.738-1000] {processor.py:186} INFO - Started process (PID=30643) to work on /opt/anaconda3/envs/titanic/lib/python3.11/site-packages/airflow/example_dags/example_dynamic_task_mapping.py
[2025-03-24T16:38:37.740-1000] {processor.py:914} INFO - Processing file /opt/anaconda3/envs/titanic/lib/python3.11/site-packages/airflow/example_dags/example_dynamic_task_mapping.py for tasks to queue
[2025-03-24T16:38:37.740-1000] {logging_mixin.py:190} INFO - [2025-03-24T16:38:37.740-1000] {dagbag.py:588} INFO - Filling up the DagBag from /opt/anaconda3/envs/titanic/lib/python3.11/site-packages/airflow/example_dags/example_dynamic_task_mapping.py
[2025-03-24T16:38:37.749-1000] {processor.py:925} INFO - DAG(s) 'example_dynamic_task_mapping' retrieved from /opt/anaconda3/envs/titanic/lib/python3.11/site-packages/airflow/example_dags/example_dynamic_task_mapping.py
[2025-03-24T16:38:37.772-1000] {logging_mixin.py:190} INFO - [2025-03-24T16:38:37.772-1000] {dag.py:3239} INFO - Sync 1 DAGs
[2025-03-24T16:38:37.775-1000] {logging_mixin.py:190} INFO - [2025-03-24T16:38:37.775-1000] {dag.py:4180} INFO - Setting next_dagrun for example_dynamic_task_mapping to None, run_after=None
[2025-03-24T16:38:37.780-1000] {processor.py:208} INFO - Processing /opt/anaconda3/envs/titanic/lib/python3.11/site-packages/airflow/example_dags/example_dynamic_task_mapping.py took 0.061 seconds
[2025-03-24T16:40:35.860-1000] {processor.py:186} INFO - Started process (PID=31091) to work on /opt/anaconda3/envs/titanic/lib/python3.11/site-packages/airflow/example_dags/example_dynamic_task_mapping.py
[2025-03-24T16:40:35.861-1000] {processor.py:914} INFO - Processing file /opt/anaconda3/envs/titanic/lib/python3.11/site-packages/airflow/example_dags/example_dynamic_task_mapping.py for tasks to queue
[2025-03-24T16:40:35.861-1000] {logging_mixin.py:190} INFO - [2025-03-24T16:40:35.861-1000] {dagbag.py:588} INFO - Filling up the DagBag from /opt/anaconda3/envs/titanic/lib/python3.11/site-packages/airflow/example_dags/example_dynamic_task_mapping.py
[2025-03-24T16:40:35.870-1000] {processor.py:925} INFO - DAG(s) 'example_dynamic_task_mapping' retrieved from /opt/anaconda3/envs/titanic/lib/python3.11/site-packages/airflow/example_dags/example_dynamic_task_mapping.py
[2025-03-24T16:40:35.893-1000] {logging_mixin.py:190} INFO - [2025-03-24T16:40:35.893-1000] {dag.py:3239} INFO - Sync 1 DAGs
[2025-03-24T16:40:35.896-1000] {logging_mixin.py:190} INFO - [2025-03-24T16:40:35.896-1000] {dag.py:4180} INFO - Setting next_dagrun for example_dynamic_task_mapping to None, run_after=None
[2025-03-24T16:40:35.901-1000] {processor.py:208} INFO - Processing /opt/anaconda3/envs/titanic/lib/python3.11/site-packages/airflow/example_dags/example_dynamic_task_mapping.py took 0.060 seconds
[2025-03-24T16:42:31.029-1000] {processor.py:186} INFO - Started process (PID=31535) to work on /opt/anaconda3/envs/titanic/lib/python3.11/site-packages/airflow/example_dags/example_dynamic_task_mapping.py
[2025-03-24T16:42:31.030-1000] {processor.py:914} INFO - Processing file /opt/anaconda3/envs/titanic/lib/python3.11/site-packages/airflow/example_dags/example_dynamic_task_mapping.py for tasks to queue
[2025-03-24T16:42:31.030-1000] {logging_mixin.py:190} INFO - [2025-03-24T16:42:31.030-1000] {dagbag.py:588} INFO - Filling up the DagBag from /opt/anaconda3/envs/titanic/lib/python3.11/site-packages/airflow/example_dags/example_dynamic_task_mapping.py
[2025-03-24T16:42:31.040-1000] {processor.py:925} INFO - DAG(s) 'example_dynamic_task_mapping' retrieved from /opt/anaconda3/envs/titanic/lib/python3.11/site-packages/airflow/example_dags/example_dynamic_task_mapping.py
[2025-03-24T16:42:31.063-1000] {logging_mixin.py:190} INFO - [2025-03-24T16:42:31.063-1000] {dag.py:3239} INFO - Sync 1 DAGs
[2025-03-24T16:42:31.066-1000] {logging_mixin.py:190} INFO - [2025-03-24T16:42:31.066-1000] {dag.py:4180} INFO - Setting next_dagrun for example_dynamic_task_mapping to None, run_after=None
[2025-03-24T16:42:31.071-1000] {processor.py:208} INFO - Processing /opt/anaconda3/envs/titanic/lib/python3.11/site-packages/airflow/example_dags/example_dynamic_task_mapping.py took 0.061 seconds
[2025-03-24T16:44:22.107-1000] {processor.py:186} INFO - Started process (PID=31962) to work on /opt/anaconda3/envs/titanic/lib/python3.11/site-packages/airflow/example_dags/example_dynamic_task_mapping.py
[2025-03-24T16:44:22.108-1000] {processor.py:914} INFO - Processing file /opt/anaconda3/envs/titanic/lib/python3.11/site-packages/airflow/example_dags/example_dynamic_task_mapping.py for tasks to queue
[2025-03-24T16:44:22.108-1000] {logging_mixin.py:190} INFO - [2025-03-24T16:44:22.108-1000] {dagbag.py:588} INFO - Filling up the DagBag from /opt/anaconda3/envs/titanic/lib/python3.11/site-packages/airflow/example_dags/example_dynamic_task_mapping.py
[2025-03-24T16:44:22.117-1000] {processor.py:925} INFO - DAG(s) 'example_dynamic_task_mapping' retrieved from /opt/anaconda3/envs/titanic/lib/python3.11/site-packages/airflow/example_dags/example_dynamic_task_mapping.py
[2025-03-24T16:44:22.140-1000] {logging_mixin.py:190} INFO - [2025-03-24T16:44:22.140-1000] {dag.py:3239} INFO - Sync 1 DAGs
[2025-03-24T16:44:22.143-1000] {logging_mixin.py:190} INFO - [2025-03-24T16:44:22.143-1000] {dag.py:4180} INFO - Setting next_dagrun for example_dynamic_task_mapping to None, run_after=None
[2025-03-24T16:44:22.148-1000] {processor.py:208} INFO - Processing /opt/anaconda3/envs/titanic/lib/python3.11/site-packages/airflow/example_dags/example_dynamic_task_mapping.py took 0.060 seconds
[2025-03-24T16:46:12.148-1000] {processor.py:186} INFO - Started process (PID=32386) to work on /opt/anaconda3/envs/titanic/lib/python3.11/site-packages/airflow/example_dags/example_dynamic_task_mapping.py
[2025-03-24T16:46:12.148-1000] {processor.py:914} INFO - Processing file /opt/anaconda3/envs/titanic/lib/python3.11/site-packages/airflow/example_dags/example_dynamic_task_mapping.py for tasks to queue
[2025-03-24T16:46:12.149-1000] {logging_mixin.py:190} INFO - [2025-03-24T16:46:12.149-1000] {dagbag.py:588} INFO - Filling up the DagBag from /opt/anaconda3/envs/titanic/lib/python3.11/site-packages/airflow/example_dags/example_dynamic_task_mapping.py
[2025-03-24T16:46:12.158-1000] {processor.py:925} INFO - DAG(s) 'example_dynamic_task_mapping' retrieved from /opt/anaconda3/envs/titanic/lib/python3.11/site-packages/airflow/example_dags/example_dynamic_task_mapping.py
[2025-03-24T16:46:12.182-1000] {logging_mixin.py:190} INFO - [2025-03-24T16:46:12.181-1000] {dag.py:3239} INFO - Sync 1 DAGs
[2025-03-24T16:46:12.185-1000] {logging_mixin.py:190} INFO - [2025-03-24T16:46:12.185-1000] {dag.py:4180} INFO - Setting next_dagrun for example_dynamic_task_mapping to None, run_after=None
[2025-03-24T16:46:12.190-1000] {processor.py:208} INFO - Processing /opt/anaconda3/envs/titanic/lib/python3.11/site-packages/airflow/example_dags/example_dynamic_task_mapping.py took 0.062 seconds
[2025-03-24T16:48:04.350-1000] {processor.py:186} INFO - Started process (PID=32859) to work on /opt/anaconda3/envs/titanic/lib/python3.11/site-packages/airflow/example_dags/example_dynamic_task_mapping.py
[2025-03-24T16:48:04.351-1000] {processor.py:914} INFO - Processing file /opt/anaconda3/envs/titanic/lib/python3.11/site-packages/airflow/example_dags/example_dynamic_task_mapping.py for tasks to queue
[2025-03-24T16:48:04.352-1000] {logging_mixin.py:190} INFO - [2025-03-24T16:48:04.352-1000] {dagbag.py:588} INFO - Filling up the DagBag from /opt/anaconda3/envs/titanic/lib/python3.11/site-packages/airflow/example_dags/example_dynamic_task_mapping.py
[2025-03-24T16:48:04.361-1000] {processor.py:925} INFO - DAG(s) 'example_dynamic_task_mapping' retrieved from /opt/anaconda3/envs/titanic/lib/python3.11/site-packages/airflow/example_dags/example_dynamic_task_mapping.py
[2025-03-24T16:48:04.385-1000] {logging_mixin.py:190} INFO - [2025-03-24T16:48:04.385-1000] {dag.py:3239} INFO - Sync 1 DAGs
[2025-03-24T16:48:04.388-1000] {logging_mixin.py:190} INFO - [2025-03-24T16:48:04.388-1000] {dag.py:4180} INFO - Setting next_dagrun for example_dynamic_task_mapping to None, run_after=None
[2025-03-24T16:48:04.393-1000] {processor.py:208} INFO - Processing /opt/anaconda3/envs/titanic/lib/python3.11/site-packages/airflow/example_dags/example_dynamic_task_mapping.py took 0.064 seconds
[2025-03-24T16:50:02.408-1000] {processor.py:186} INFO - Started process (PID=33382) to work on /opt/anaconda3/envs/titanic/lib/python3.11/site-packages/airflow/example_dags/example_dynamic_task_mapping.py
[2025-03-24T16:50:02.409-1000] {processor.py:914} INFO - Processing file /opt/anaconda3/envs/titanic/lib/python3.11/site-packages/airflow/example_dags/example_dynamic_task_mapping.py for tasks to queue
[2025-03-24T16:50:02.409-1000] {logging_mixin.py:190} INFO - [2025-03-24T16:50:02.409-1000] {dagbag.py:588} INFO - Filling up the DagBag from /opt/anaconda3/envs/titanic/lib/python3.11/site-packages/airflow/example_dags/example_dynamic_task_mapping.py
[2025-03-24T16:50:02.419-1000] {processor.py:925} INFO - DAG(s) 'example_dynamic_task_mapping' retrieved from /opt/anaconda3/envs/titanic/lib/python3.11/site-packages/airflow/example_dags/example_dynamic_task_mapping.py
[2025-03-24T16:50:02.443-1000] {logging_mixin.py:190} INFO - [2025-03-24T16:50:02.443-1000] {dag.py:3239} INFO - Sync 1 DAGs
[2025-03-24T16:50:02.445-1000] {logging_mixin.py:190} INFO - [2025-03-24T16:50:02.445-1000] {dag.py:4180} INFO - Setting next_dagrun for example_dynamic_task_mapping to None, run_after=None
[2025-03-24T16:50:02.450-1000] {processor.py:208} INFO - Processing /opt/anaconda3/envs/titanic/lib/python3.11/site-packages/airflow/example_dags/example_dynamic_task_mapping.py took 0.043 seconds
[2025-03-24T16:51:58.674-1000] {processor.py:186} INFO - Started process (PID=33817) to work on /opt/anaconda3/envs/titanic/lib/python3.11/site-packages/airflow/example_dags/example_dynamic_task_mapping.py
[2025-03-24T16:51:58.675-1000] {processor.py:914} INFO - Processing file /opt/anaconda3/envs/titanic/lib/python3.11/site-packages/airflow/example_dags/example_dynamic_task_mapping.py for tasks to queue
[2025-03-24T16:51:58.675-1000] {logging_mixin.py:190} INFO - [2025-03-24T16:51:58.675-1000] {dagbag.py:588} INFO - Filling up the DagBag from /opt/anaconda3/envs/titanic/lib/python3.11/site-packages/airflow/example_dags/example_dynamic_task_mapping.py
[2025-03-24T16:51:58.685-1000] {processor.py:925} INFO - DAG(s) 'example_dynamic_task_mapping' retrieved from /opt/anaconda3/envs/titanic/lib/python3.11/site-packages/airflow/example_dags/example_dynamic_task_mapping.py
[2025-03-24T16:51:58.711-1000] {logging_mixin.py:190} INFO - [2025-03-24T16:51:58.711-1000] {dag.py:3239} INFO - Sync 1 DAGs
[2025-03-24T16:51:58.714-1000] {logging_mixin.py:190} INFO - [2025-03-24T16:51:58.714-1000] {dag.py:4180} INFO - Setting next_dagrun for example_dynamic_task_mapping to None, run_after=None
[2025-03-24T16:51:58.720-1000] {processor.py:208} INFO - Processing /opt/anaconda3/envs/titanic/lib/python3.11/site-packages/airflow/example_dags/example_dynamic_task_mapping.py took 0.047 seconds
[2025-03-24T16:53:56.862-1000] {processor.py:186} INFO - Started process (PID=34260) to work on /opt/anaconda3/envs/titanic/lib/python3.11/site-packages/airflow/example_dags/example_dynamic_task_mapping.py
[2025-03-24T16:53:56.863-1000] {processor.py:914} INFO - Processing file /opt/anaconda3/envs/titanic/lib/python3.11/site-packages/airflow/example_dags/example_dynamic_task_mapping.py for tasks to queue
[2025-03-24T16:53:56.863-1000] {logging_mixin.py:190} INFO - [2025-03-24T16:53:56.863-1000] {dagbag.py:588} INFO - Filling up the DagBag from /opt/anaconda3/envs/titanic/lib/python3.11/site-packages/airflow/example_dags/example_dynamic_task_mapping.py
[2025-03-24T16:53:56.873-1000] {processor.py:925} INFO - DAG(s) 'example_dynamic_task_mapping' retrieved from /opt/anaconda3/envs/titanic/lib/python3.11/site-packages/airflow/example_dags/example_dynamic_task_mapping.py
[2025-03-24T16:53:56.896-1000] {logging_mixin.py:190} INFO - [2025-03-24T16:53:56.896-1000] {dag.py:3239} INFO - Sync 1 DAGs
[2025-03-24T16:53:56.899-1000] {logging_mixin.py:190} INFO - [2025-03-24T16:53:56.899-1000] {dag.py:4180} INFO - Setting next_dagrun for example_dynamic_task_mapping to None, run_after=None
[2025-03-24T16:53:56.903-1000] {processor.py:208} INFO - Processing /opt/anaconda3/envs/titanic/lib/python3.11/site-packages/airflow/example_dags/example_dynamic_task_mapping.py took 0.042 seconds
[2025-03-24T16:55:47.033-1000] {processor.py:186} INFO - Started process (PID=34676) to work on /opt/anaconda3/envs/titanic/lib/python3.11/site-packages/airflow/example_dags/example_dynamic_task_mapping.py
[2025-03-24T16:55:47.033-1000] {processor.py:914} INFO - Processing file /opt/anaconda3/envs/titanic/lib/python3.11/site-packages/airflow/example_dags/example_dynamic_task_mapping.py for tasks to queue
[2025-03-24T16:55:47.033-1000] {logging_mixin.py:190} INFO - [2025-03-24T16:55:47.033-1000] {dagbag.py:588} INFO - Filling up the DagBag from /opt/anaconda3/envs/titanic/lib/python3.11/site-packages/airflow/example_dags/example_dynamic_task_mapping.py
[2025-03-24T16:55:47.042-1000] {processor.py:925} INFO - DAG(s) 'example_dynamic_task_mapping' retrieved from /opt/anaconda3/envs/titanic/lib/python3.11/site-packages/airflow/example_dags/example_dynamic_task_mapping.py
[2025-03-24T16:55:47.066-1000] {logging_mixin.py:190} INFO - [2025-03-24T16:55:47.066-1000] {dag.py:3239} INFO - Sync 1 DAGs
[2025-03-24T16:55:47.069-1000] {logging_mixin.py:190} INFO - [2025-03-24T16:55:47.068-1000] {dag.py:4180} INFO - Setting next_dagrun for example_dynamic_task_mapping to None, run_after=None
[2025-03-24T16:55:47.073-1000] {processor.py:208} INFO - Processing /opt/anaconda3/envs/titanic/lib/python3.11/site-packages/airflow/example_dags/example_dynamic_task_mapping.py took 0.041 seconds
[2025-03-24T16:57:35.752-1000] {processor.py:186} INFO - Started process (PID=35087) to work on /opt/anaconda3/envs/titanic/lib/python3.11/site-packages/airflow/example_dags/example_dynamic_task_mapping.py
[2025-03-24T16:57:35.753-1000] {processor.py:914} INFO - Processing file /opt/anaconda3/envs/titanic/lib/python3.11/site-packages/airflow/example_dags/example_dynamic_task_mapping.py for tasks to queue
[2025-03-24T16:57:35.753-1000] {logging_mixin.py:190} INFO - [2025-03-24T16:57:35.753-1000] {dagbag.py:588} INFO - Filling up the DagBag from /opt/anaconda3/envs/titanic/lib/python3.11/site-packages/airflow/example_dags/example_dynamic_task_mapping.py
[2025-03-24T16:57:35.762-1000] {processor.py:925} INFO - DAG(s) 'example_dynamic_task_mapping' retrieved from /opt/anaconda3/envs/titanic/lib/python3.11/site-packages/airflow/example_dags/example_dynamic_task_mapping.py
[2025-03-24T16:57:35.785-1000] {logging_mixin.py:190} INFO - [2025-03-24T16:57:35.785-1000] {dag.py:3239} INFO - Sync 1 DAGs
[2025-03-24T16:57:35.788-1000] {logging_mixin.py:190} INFO - [2025-03-24T16:57:35.788-1000] {dag.py:4180} INFO - Setting next_dagrun for example_dynamic_task_mapping to None, run_after=None
[2025-03-24T16:57:35.793-1000] {processor.py:208} INFO - Processing /opt/anaconda3/envs/titanic/lib/python3.11/site-packages/airflow/example_dags/example_dynamic_task_mapping.py took 0.041 seconds
[2025-03-24T16:59:25.190-1000] {processor.py:186} INFO - Started process (PID=35511) to work on /opt/anaconda3/envs/titanic/lib/python3.11/site-packages/airflow/example_dags/example_dynamic_task_mapping.py
[2025-03-24T16:59:25.190-1000] {processor.py:914} INFO - Processing file /opt/anaconda3/envs/titanic/lib/python3.11/site-packages/airflow/example_dags/example_dynamic_task_mapping.py for tasks to queue
[2025-03-24T16:59:25.191-1000] {logging_mixin.py:190} INFO - [2025-03-24T16:59:25.191-1000] {dagbag.py:588} INFO - Filling up the DagBag from /opt/anaconda3/envs/titanic/lib/python3.11/site-packages/airflow/example_dags/example_dynamic_task_mapping.py
[2025-03-24T16:59:25.200-1000] {processor.py:925} INFO - DAG(s) 'example_dynamic_task_mapping' retrieved from /opt/anaconda3/envs/titanic/lib/python3.11/site-packages/airflow/example_dags/example_dynamic_task_mapping.py
[2025-03-24T16:59:25.225-1000] {logging_mixin.py:190} INFO - [2025-03-24T16:59:25.225-1000] {dag.py:3239} INFO - Sync 1 DAGs
[2025-03-24T16:59:25.228-1000] {logging_mixin.py:190} INFO - [2025-03-24T16:59:25.228-1000] {dag.py:4180} INFO - Setting next_dagrun for example_dynamic_task_mapping to None, run_after=None
[2025-03-24T16:59:25.233-1000] {processor.py:208} INFO - Processing /opt/anaconda3/envs/titanic/lib/python3.11/site-packages/airflow/example_dags/example_dynamic_task_mapping.py took 0.044 seconds
[2025-03-24T17:01:21.594-1000] {processor.py:186} INFO - Started process (PID=35951) to work on /opt/anaconda3/envs/titanic/lib/python3.11/site-packages/airflow/example_dags/example_dynamic_task_mapping.py
[2025-03-24T17:01:21.595-1000] {processor.py:914} INFO - Processing file /opt/anaconda3/envs/titanic/lib/python3.11/site-packages/airflow/example_dags/example_dynamic_task_mapping.py for tasks to queue
[2025-03-24T17:01:21.595-1000] {logging_mixin.py:190} INFO - [2025-03-24T17:01:21.595-1000] {dagbag.py:588} INFO - Filling up the DagBag from /opt/anaconda3/envs/titanic/lib/python3.11/site-packages/airflow/example_dags/example_dynamic_task_mapping.py
[2025-03-24T17:01:21.604-1000] {processor.py:925} INFO - DAG(s) 'example_dynamic_task_mapping' retrieved from /opt/anaconda3/envs/titanic/lib/python3.11/site-packages/airflow/example_dags/example_dynamic_task_mapping.py
[2025-03-24T17:01:21.628-1000] {logging_mixin.py:190} INFO - [2025-03-24T17:01:21.628-1000] {dag.py:3239} INFO - Sync 1 DAGs
[2025-03-24T17:01:21.631-1000] {logging_mixin.py:190} INFO - [2025-03-24T17:01:21.631-1000] {dag.py:4180} INFO - Setting next_dagrun for example_dynamic_task_mapping to None, run_after=None
[2025-03-24T17:01:21.636-1000] {processor.py:208} INFO - Processing /opt/anaconda3/envs/titanic/lib/python3.11/site-packages/airflow/example_dags/example_dynamic_task_mapping.py took 0.043 seconds
[2025-03-24T17:03:21.276-1000] {processor.py:186} INFO - Started process (PID=36400) to work on /opt/anaconda3/envs/titanic/lib/python3.11/site-packages/airflow/example_dags/example_dynamic_task_mapping.py
[2025-03-24T17:03:21.276-1000] {processor.py:914} INFO - Processing file /opt/anaconda3/envs/titanic/lib/python3.11/site-packages/airflow/example_dags/example_dynamic_task_mapping.py for tasks to queue
[2025-03-24T17:03:21.277-1000] {logging_mixin.py:190} INFO - [2025-03-24T17:03:21.277-1000] {dagbag.py:588} INFO - Filling up the DagBag from /opt/anaconda3/envs/titanic/lib/python3.11/site-packages/airflow/example_dags/example_dynamic_task_mapping.py
[2025-03-24T17:03:21.285-1000] {processor.py:925} INFO - DAG(s) 'example_dynamic_task_mapping' retrieved from /opt/anaconda3/envs/titanic/lib/python3.11/site-packages/airflow/example_dags/example_dynamic_task_mapping.py
[2025-03-24T17:03:21.309-1000] {logging_mixin.py:190} INFO - [2025-03-24T17:03:21.309-1000] {dag.py:3239} INFO - Sync 1 DAGs
[2025-03-24T17:03:21.311-1000] {logging_mixin.py:190} INFO - [2025-03-24T17:03:21.311-1000] {dag.py:4180} INFO - Setting next_dagrun for example_dynamic_task_mapping to None, run_after=None
[2025-03-24T17:03:21.316-1000] {processor.py:208} INFO - Processing /opt/anaconda3/envs/titanic/lib/python3.11/site-packages/airflow/example_dags/example_dynamic_task_mapping.py took 0.041 seconds
[2025-03-24T17:05:15.529-1000] {processor.py:186} INFO - Started process (PID=36827) to work on /opt/anaconda3/envs/titanic/lib/python3.11/site-packages/airflow/example_dags/example_dynamic_task_mapping.py
[2025-03-24T17:05:15.529-1000] {processor.py:914} INFO - Processing file /opt/anaconda3/envs/titanic/lib/python3.11/site-packages/airflow/example_dags/example_dynamic_task_mapping.py for tasks to queue
[2025-03-24T17:05:15.529-1000] {logging_mixin.py:190} INFO - [2025-03-24T17:05:15.529-1000] {dagbag.py:588} INFO - Filling up the DagBag from /opt/anaconda3/envs/titanic/lib/python3.11/site-packages/airflow/example_dags/example_dynamic_task_mapping.py
[2025-03-24T17:05:15.538-1000] {processor.py:925} INFO - DAG(s) 'example_dynamic_task_mapping' retrieved from /opt/anaconda3/envs/titanic/lib/python3.11/site-packages/airflow/example_dags/example_dynamic_task_mapping.py
[2025-03-24T17:05:15.561-1000] {logging_mixin.py:190} INFO - [2025-03-24T17:05:15.561-1000] {dag.py:3239} INFO - Sync 1 DAGs
[2025-03-24T17:05:15.564-1000] {logging_mixin.py:190} INFO - [2025-03-24T17:05:15.564-1000] {dag.py:4180} INFO - Setting next_dagrun for example_dynamic_task_mapping to None, run_after=None
[2025-03-24T17:05:15.569-1000] {processor.py:208} INFO - Processing /opt/anaconda3/envs/titanic/lib/python3.11/site-packages/airflow/example_dags/example_dynamic_task_mapping.py took 0.041 seconds
[2025-03-24T17:07:02.739-1000] {processor.py:186} INFO - Started process (PID=37268) to work on /opt/anaconda3/envs/titanic/lib/python3.11/site-packages/airflow/example_dags/example_dynamic_task_mapping.py
[2025-03-24T17:07:02.740-1000] {processor.py:914} INFO - Processing file /opt/anaconda3/envs/titanic/lib/python3.11/site-packages/airflow/example_dags/example_dynamic_task_mapping.py for tasks to queue
[2025-03-24T17:07:02.740-1000] {logging_mixin.py:190} INFO - [2025-03-24T17:07:02.740-1000] {dagbag.py:588} INFO - Filling up the DagBag from /opt/anaconda3/envs/titanic/lib/python3.11/site-packages/airflow/example_dags/example_dynamic_task_mapping.py
[2025-03-24T17:07:02.748-1000] {processor.py:925} INFO - DAG(s) 'example_dynamic_task_mapping' retrieved from /opt/anaconda3/envs/titanic/lib/python3.11/site-packages/airflow/example_dags/example_dynamic_task_mapping.py
[2025-03-24T17:07:02.771-1000] {logging_mixin.py:190} INFO - [2025-03-24T17:07:02.771-1000] {dag.py:3239} INFO - Sync 1 DAGs
[2025-03-24T17:07:02.774-1000] {logging_mixin.py:190} INFO - [2025-03-24T17:07:02.774-1000] {dag.py:4180} INFO - Setting next_dagrun for example_dynamic_task_mapping to None, run_after=None
[2025-03-24T17:07:02.779-1000] {processor.py:208} INFO - Processing /opt/anaconda3/envs/titanic/lib/python3.11/site-packages/airflow/example_dags/example_dynamic_task_mapping.py took 0.040 seconds
[2025-03-24T17:08:54.993-1000] {processor.py:186} INFO - Started process (PID=37696) to work on /opt/anaconda3/envs/titanic/lib/python3.11/site-packages/airflow/example_dags/example_dynamic_task_mapping.py
[2025-03-24T17:08:54.993-1000] {processor.py:914} INFO - Processing file /opt/anaconda3/envs/titanic/lib/python3.11/site-packages/airflow/example_dags/example_dynamic_task_mapping.py for tasks to queue
[2025-03-24T17:08:54.994-1000] {logging_mixin.py:190} INFO - [2025-03-24T17:08:54.993-1000] {dagbag.py:588} INFO - Filling up the DagBag from /opt/anaconda3/envs/titanic/lib/python3.11/site-packages/airflow/example_dags/example_dynamic_task_mapping.py
[2025-03-24T17:08:55.003-1000] {processor.py:925} INFO - DAG(s) 'example_dynamic_task_mapping' retrieved from /opt/anaconda3/envs/titanic/lib/python3.11/site-packages/airflow/example_dags/example_dynamic_task_mapping.py
[2025-03-24T17:08:55.026-1000] {logging_mixin.py:190} INFO - [2025-03-24T17:08:55.026-1000] {dag.py:3239} INFO - Sync 1 DAGs
[2025-03-24T17:08:55.028-1000] {logging_mixin.py:190} INFO - [2025-03-24T17:08:55.028-1000] {dag.py:4180} INFO - Setting next_dagrun for example_dynamic_task_mapping to None, run_after=None
[2025-03-24T17:08:55.033-1000] {processor.py:208} INFO - Processing /opt/anaconda3/envs/titanic/lib/python3.11/site-packages/airflow/example_dags/example_dynamic_task_mapping.py took 0.041 seconds
[2025-03-24T17:10:40.572-1000] {processor.py:186} INFO - Started process (PID=38096) to work on /opt/anaconda3/envs/titanic/lib/python3.11/site-packages/airflow/example_dags/example_dynamic_task_mapping.py
[2025-03-24T17:10:40.573-1000] {processor.py:914} INFO - Processing file /opt/anaconda3/envs/titanic/lib/python3.11/site-packages/airflow/example_dags/example_dynamic_task_mapping.py for tasks to queue
[2025-03-24T17:10:40.573-1000] {logging_mixin.py:190} INFO - [2025-03-24T17:10:40.573-1000] {dagbag.py:588} INFO - Filling up the DagBag from /opt/anaconda3/envs/titanic/lib/python3.11/site-packages/airflow/example_dags/example_dynamic_task_mapping.py
[2025-03-24T17:10:40.582-1000] {processor.py:925} INFO - DAG(s) 'example_dynamic_task_mapping' retrieved from /opt/anaconda3/envs/titanic/lib/python3.11/site-packages/airflow/example_dags/example_dynamic_task_mapping.py
[2025-03-24T17:10:40.604-1000] {logging_mixin.py:190} INFO - [2025-03-24T17:10:40.604-1000] {dag.py:3239} INFO - Sync 1 DAGs
[2025-03-24T17:10:40.607-1000] {logging_mixin.py:190} INFO - [2025-03-24T17:10:40.607-1000] {dag.py:4180} INFO - Setting next_dagrun for example_dynamic_task_mapping to None, run_after=None
[2025-03-24T17:10:40.612-1000] {processor.py:208} INFO - Processing /opt/anaconda3/envs/titanic/lib/python3.11/site-packages/airflow/example_dags/example_dynamic_task_mapping.py took 0.040 seconds
[2025-03-24T17:12:29.160-1000] {processor.py:186} INFO - Started process (PID=38512) to work on /opt/anaconda3/envs/titanic/lib/python3.11/site-packages/airflow/example_dags/example_dynamic_task_mapping.py
[2025-03-24T17:12:29.160-1000] {processor.py:914} INFO - Processing file /opt/anaconda3/envs/titanic/lib/python3.11/site-packages/airflow/example_dags/example_dynamic_task_mapping.py for tasks to queue
[2025-03-24T17:12:29.160-1000] {logging_mixin.py:190} INFO - [2025-03-24T17:12:29.160-1000] {dagbag.py:588} INFO - Filling up the DagBag from /opt/anaconda3/envs/titanic/lib/python3.11/site-packages/airflow/example_dags/example_dynamic_task_mapping.py
[2025-03-24T17:12:29.169-1000] {processor.py:925} INFO - DAG(s) 'example_dynamic_task_mapping' retrieved from /opt/anaconda3/envs/titanic/lib/python3.11/site-packages/airflow/example_dags/example_dynamic_task_mapping.py
[2025-03-24T17:12:29.192-1000] {logging_mixin.py:190} INFO - [2025-03-24T17:12:29.192-1000] {dag.py:3239} INFO - Sync 1 DAGs
[2025-03-24T17:12:29.195-1000] {logging_mixin.py:190} INFO - [2025-03-24T17:12:29.195-1000] {dag.py:4180} INFO - Setting next_dagrun for example_dynamic_task_mapping to None, run_after=None
[2025-03-24T17:12:29.199-1000] {processor.py:208} INFO - Processing /opt/anaconda3/envs/titanic/lib/python3.11/site-packages/airflow/example_dags/example_dynamic_task_mapping.py took 0.040 seconds
[2025-03-24T17:14:19.463-1000] {processor.py:186} INFO - Started process (PID=38937) to work on /opt/anaconda3/envs/titanic/lib/python3.11/site-packages/airflow/example_dags/example_dynamic_task_mapping.py
[2025-03-24T17:14:19.463-1000] {processor.py:914} INFO - Processing file /opt/anaconda3/envs/titanic/lib/python3.11/site-packages/airflow/example_dags/example_dynamic_task_mapping.py for tasks to queue
[2025-03-24T17:14:19.463-1000] {logging_mixin.py:190} INFO - [2025-03-24T17:14:19.463-1000] {dagbag.py:588} INFO - Filling up the DagBag from /opt/anaconda3/envs/titanic/lib/python3.11/site-packages/airflow/example_dags/example_dynamic_task_mapping.py
[2025-03-24T17:14:19.472-1000] {processor.py:925} INFO - DAG(s) 'example_dynamic_task_mapping' retrieved from /opt/anaconda3/envs/titanic/lib/python3.11/site-packages/airflow/example_dags/example_dynamic_task_mapping.py
[2025-03-24T17:14:19.495-1000] {logging_mixin.py:190} INFO - [2025-03-24T17:14:19.495-1000] {dag.py:3239} INFO - Sync 1 DAGs
[2025-03-24T17:14:19.498-1000] {logging_mixin.py:190} INFO - [2025-03-24T17:14:19.498-1000] {dag.py:4180} INFO - Setting next_dagrun for example_dynamic_task_mapping to None, run_after=None
[2025-03-24T17:14:19.503-1000] {processor.py:208} INFO - Processing /opt/anaconda3/envs/titanic/lib/python3.11/site-packages/airflow/example_dags/example_dynamic_task_mapping.py took 0.041 seconds
[2025-03-24T17:16:09.019-1000] {processor.py:186} INFO - Started process (PID=39348) to work on /opt/anaconda3/envs/titanic/lib/python3.11/site-packages/airflow/example_dags/example_dynamic_task_mapping.py
[2025-03-24T17:16:09.019-1000] {processor.py:914} INFO - Processing file /opt/anaconda3/envs/titanic/lib/python3.11/site-packages/airflow/example_dags/example_dynamic_task_mapping.py for tasks to queue
[2025-03-24T17:16:09.019-1000] {logging_mixin.py:190} INFO - [2025-03-24T17:16:09.019-1000] {dagbag.py:588} INFO - Filling up the DagBag from /opt/anaconda3/envs/titanic/lib/python3.11/site-packages/airflow/example_dags/example_dynamic_task_mapping.py
[2025-03-24T17:16:09.028-1000] {processor.py:925} INFO - DAG(s) 'example_dynamic_task_mapping' retrieved from /opt/anaconda3/envs/titanic/lib/python3.11/site-packages/airflow/example_dags/example_dynamic_task_mapping.py
[2025-03-24T17:16:09.051-1000] {logging_mixin.py:190} INFO - [2025-03-24T17:16:09.051-1000] {dag.py:3239} INFO - Sync 1 DAGs
[2025-03-24T17:16:09.054-1000] {logging_mixin.py:190} INFO - [2025-03-24T17:16:09.054-1000] {dag.py:4180} INFO - Setting next_dagrun for example_dynamic_task_mapping to None, run_after=None
[2025-03-24T17:16:09.059-1000] {processor.py:208} INFO - Processing /opt/anaconda3/envs/titanic/lib/python3.11/site-packages/airflow/example_dags/example_dynamic_task_mapping.py took 0.041 seconds
[2025-03-24T17:17:56.155-1000] {processor.py:186} INFO - Started process (PID=39755) to work on /opt/anaconda3/envs/titanic/lib/python3.11/site-packages/airflow/example_dags/example_dynamic_task_mapping.py
[2025-03-24T17:17:56.156-1000] {processor.py:914} INFO - Processing file /opt/anaconda3/envs/titanic/lib/python3.11/site-packages/airflow/example_dags/example_dynamic_task_mapping.py for tasks to queue
[2025-03-24T17:17:56.156-1000] {logging_mixin.py:190} INFO - [2025-03-24T17:17:56.156-1000] {dagbag.py:588} INFO - Filling up the DagBag from /opt/anaconda3/envs/titanic/lib/python3.11/site-packages/airflow/example_dags/example_dynamic_task_mapping.py
[2025-03-24T17:17:56.165-1000] {processor.py:925} INFO - DAG(s) 'example_dynamic_task_mapping' retrieved from /opt/anaconda3/envs/titanic/lib/python3.11/site-packages/airflow/example_dags/example_dynamic_task_mapping.py
[2025-03-24T17:17:56.188-1000] {logging_mixin.py:190} INFO - [2025-03-24T17:17:56.188-1000] {dag.py:3239} INFO - Sync 1 DAGs
[2025-03-24T17:17:56.190-1000] {logging_mixin.py:190} INFO - [2025-03-24T17:17:56.190-1000] {dag.py:4180} INFO - Setting next_dagrun for example_dynamic_task_mapping to None, run_after=None
[2025-03-24T17:17:56.195-1000] {processor.py:208} INFO - Processing /opt/anaconda3/envs/titanic/lib/python3.11/site-packages/airflow/example_dags/example_dynamic_task_mapping.py took 0.041 seconds
[2025-03-24T17:19:47.542-1000] {processor.py:186} INFO - Started process (PID=40201) to work on /opt/anaconda3/envs/titanic/lib/python3.11/site-packages/airflow/example_dags/example_dynamic_task_mapping.py
[2025-03-24T17:19:47.544-1000] {processor.py:914} INFO - Processing file /opt/anaconda3/envs/titanic/lib/python3.11/site-packages/airflow/example_dags/example_dynamic_task_mapping.py for tasks to queue
[2025-03-24T17:19:47.544-1000] {logging_mixin.py:190} INFO - [2025-03-24T17:19:47.544-1000] {dagbag.py:588} INFO - Filling up the DagBag from /opt/anaconda3/envs/titanic/lib/python3.11/site-packages/airflow/example_dags/example_dynamic_task_mapping.py
[2025-03-24T17:19:47.553-1000] {processor.py:925} INFO - DAG(s) 'example_dynamic_task_mapping' retrieved from /opt/anaconda3/envs/titanic/lib/python3.11/site-packages/airflow/example_dags/example_dynamic_task_mapping.py
[2025-03-24T17:19:47.576-1000] {logging_mixin.py:190} INFO - [2025-03-24T17:19:47.576-1000] {dag.py:3239} INFO - Sync 1 DAGs
[2025-03-24T17:19:47.579-1000] {logging_mixin.py:190} INFO - [2025-03-24T17:19:47.579-1000] {dag.py:4180} INFO - Setting next_dagrun for example_dynamic_task_mapping to None, run_after=None
[2025-03-24T17:19:47.584-1000] {processor.py:208} INFO - Processing /opt/anaconda3/envs/titanic/lib/python3.11/site-packages/airflow/example_dags/example_dynamic_task_mapping.py took 0.042 seconds
[2025-03-24T17:21:43.390-1000] {processor.py:186} INFO - Started process (PID=40643) to work on /opt/anaconda3/envs/titanic/lib/python3.11/site-packages/airflow/example_dags/example_dynamic_task_mapping.py
[2025-03-24T17:21:43.390-1000] {processor.py:914} INFO - Processing file /opt/anaconda3/envs/titanic/lib/python3.11/site-packages/airflow/example_dags/example_dynamic_task_mapping.py for tasks to queue
[2025-03-24T17:21:43.391-1000] {logging_mixin.py:190} INFO - [2025-03-24T17:21:43.391-1000] {dagbag.py:588} INFO - Filling up the DagBag from /opt/anaconda3/envs/titanic/lib/python3.11/site-packages/airflow/example_dags/example_dynamic_task_mapping.py
[2025-03-24T17:21:43.400-1000] {processor.py:925} INFO - DAG(s) 'example_dynamic_task_mapping' retrieved from /opt/anaconda3/envs/titanic/lib/python3.11/site-packages/airflow/example_dags/example_dynamic_task_mapping.py
[2025-03-24T17:21:43.423-1000] {logging_mixin.py:190} INFO - [2025-03-24T17:21:43.423-1000] {dag.py:3239} INFO - Sync 1 DAGs
[2025-03-24T17:21:43.426-1000] {logging_mixin.py:190} INFO - [2025-03-24T17:21:43.425-1000] {dag.py:4180} INFO - Setting next_dagrun for example_dynamic_task_mapping to None, run_after=None
[2025-03-24T17:21:43.430-1000] {processor.py:208} INFO - Processing /opt/anaconda3/envs/titanic/lib/python3.11/site-packages/airflow/example_dags/example_dynamic_task_mapping.py took 0.041 seconds
[2025-03-24T17:23:33.088-1000] {processor.py:186} INFO - Started process (PID=41086) to work on /opt/anaconda3/envs/titanic/lib/python3.11/site-packages/airflow/example_dags/example_dynamic_task_mapping.py
[2025-03-24T17:23:33.090-1000] {processor.py:914} INFO - Processing file /opt/anaconda3/envs/titanic/lib/python3.11/site-packages/airflow/example_dags/example_dynamic_task_mapping.py for tasks to queue
[2025-03-24T17:23:33.090-1000] {logging_mixin.py:190} INFO - [2025-03-24T17:23:33.090-1000] {dagbag.py:588} INFO - Filling up the DagBag from /opt/anaconda3/envs/titanic/lib/python3.11/site-packages/airflow/example_dags/example_dynamic_task_mapping.py
[2025-03-24T17:23:33.099-1000] {processor.py:925} INFO - DAG(s) 'example_dynamic_task_mapping' retrieved from /opt/anaconda3/envs/titanic/lib/python3.11/site-packages/airflow/example_dags/example_dynamic_task_mapping.py
[2025-03-24T17:23:33.123-1000] {logging_mixin.py:190} INFO - [2025-03-24T17:23:33.122-1000] {dag.py:3239} INFO - Sync 1 DAGs
[2025-03-24T17:23:33.125-1000] {logging_mixin.py:190} INFO - [2025-03-24T17:23:33.125-1000] {dag.py:4180} INFO - Setting next_dagrun for example_dynamic_task_mapping to None, run_after=None
[2025-03-24T17:23:33.130-1000] {processor.py:208} INFO - Processing /opt/anaconda3/envs/titanic/lib/python3.11/site-packages/airflow/example_dags/example_dynamic_task_mapping.py took 0.042 seconds
[2025-03-24T17:25:23.907-1000] {processor.py:186} INFO - Started process (PID=41514) to work on /opt/anaconda3/envs/titanic/lib/python3.11/site-packages/airflow/example_dags/example_dynamic_task_mapping.py
[2025-03-24T17:25:23.908-1000] {processor.py:914} INFO - Processing file /opt/anaconda3/envs/titanic/lib/python3.11/site-packages/airflow/example_dags/example_dynamic_task_mapping.py for tasks to queue
[2025-03-24T17:25:23.908-1000] {logging_mixin.py:190} INFO - [2025-03-24T17:25:23.908-1000] {dagbag.py:588} INFO - Filling up the DagBag from /opt/anaconda3/envs/titanic/lib/python3.11/site-packages/airflow/example_dags/example_dynamic_task_mapping.py
[2025-03-24T17:25:23.918-1000] {processor.py:925} INFO - DAG(s) 'example_dynamic_task_mapping' retrieved from /opt/anaconda3/envs/titanic/lib/python3.11/site-packages/airflow/example_dags/example_dynamic_task_mapping.py
[2025-03-24T17:25:23.942-1000] {logging_mixin.py:190} INFO - [2025-03-24T17:25:23.941-1000] {dag.py:3239} INFO - Sync 1 DAGs
[2025-03-24T17:25:23.944-1000] {logging_mixin.py:190} INFO - [2025-03-24T17:25:23.944-1000] {dag.py:4180} INFO - Setting next_dagrun for example_dynamic_task_mapping to None, run_after=None
[2025-03-24T17:25:23.949-1000] {processor.py:208} INFO - Processing /opt/anaconda3/envs/titanic/lib/python3.11/site-packages/airflow/example_dags/example_dynamic_task_mapping.py took 0.043 seconds
[2025-03-24T17:27:28.251-1000] {processor.py:186} INFO - Started process (PID=42073) to work on /opt/anaconda3/envs/titanic/lib/python3.11/site-packages/airflow/example_dags/example_dynamic_task_mapping.py
[2025-03-24T17:27:28.253-1000] {processor.py:914} INFO - Processing file /opt/anaconda3/envs/titanic/lib/python3.11/site-packages/airflow/example_dags/example_dynamic_task_mapping.py for tasks to queue
[2025-03-24T17:27:28.253-1000] {logging_mixin.py:190} INFO - [2025-03-24T17:27:28.253-1000] {dagbag.py:588} INFO - Filling up the DagBag from /opt/anaconda3/envs/titanic/lib/python3.11/site-packages/airflow/example_dags/example_dynamic_task_mapping.py
[2025-03-24T17:27:28.262-1000] {processor.py:925} INFO - DAG(s) 'example_dynamic_task_mapping' retrieved from /opt/anaconda3/envs/titanic/lib/python3.11/site-packages/airflow/example_dags/example_dynamic_task_mapping.py
[2025-03-24T17:27:28.286-1000] {logging_mixin.py:190} INFO - [2025-03-24T17:27:28.286-1000] {dag.py:3239} INFO - Sync 1 DAGs
[2025-03-24T17:27:28.288-1000] {logging_mixin.py:190} INFO - [2025-03-24T17:27:28.288-1000] {dag.py:4180} INFO - Setting next_dagrun for example_dynamic_task_mapping to None, run_after=None
[2025-03-24T17:27:28.293-1000] {processor.py:208} INFO - Processing /opt/anaconda3/envs/titanic/lib/python3.11/site-packages/airflow/example_dags/example_dynamic_task_mapping.py took 0.043 seconds
[2025-03-24T17:29:22.050-1000] {processor.py:186} INFO - Started process (PID=42535) to work on /opt/anaconda3/envs/titanic/lib/python3.11/site-packages/airflow/example_dags/example_dynamic_task_mapping.py
[2025-03-24T17:29:22.050-1000] {processor.py:914} INFO - Processing file /opt/anaconda3/envs/titanic/lib/python3.11/site-packages/airflow/example_dags/example_dynamic_task_mapping.py for tasks to queue
[2025-03-24T17:29:22.051-1000] {logging_mixin.py:190} INFO - [2025-03-24T17:29:22.051-1000] {dagbag.py:588} INFO - Filling up the DagBag from /opt/anaconda3/envs/titanic/lib/python3.11/site-packages/airflow/example_dags/example_dynamic_task_mapping.py
[2025-03-24T17:29:22.060-1000] {processor.py:925} INFO - DAG(s) 'example_dynamic_task_mapping' retrieved from /opt/anaconda3/envs/titanic/lib/python3.11/site-packages/airflow/example_dags/example_dynamic_task_mapping.py
[2025-03-24T17:29:22.083-1000] {logging_mixin.py:190} INFO - [2025-03-24T17:29:22.083-1000] {dag.py:3239} INFO - Sync 1 DAGs
[2025-03-24T17:29:22.085-1000] {logging_mixin.py:190} INFO - [2025-03-24T17:29:22.085-1000] {dag.py:4180} INFO - Setting next_dagrun for example_dynamic_task_mapping to None, run_after=None
[2025-03-24T17:29:22.090-1000] {processor.py:208} INFO - Processing /opt/anaconda3/envs/titanic/lib/python3.11/site-packages/airflow/example_dags/example_dynamic_task_mapping.py took 0.041 seconds
[2025-03-24T17:31:17.215-1000] {processor.py:186} INFO - Started process (PID=43051) to work on /opt/anaconda3/envs/titanic/lib/python3.11/site-packages/airflow/example_dags/example_dynamic_task_mapping.py
[2025-03-24T17:31:17.216-1000] {processor.py:914} INFO - Processing file /opt/anaconda3/envs/titanic/lib/python3.11/site-packages/airflow/example_dags/example_dynamic_task_mapping.py for tasks to queue
[2025-03-24T17:31:17.216-1000] {logging_mixin.py:190} INFO - [2025-03-24T17:31:17.216-1000] {dagbag.py:588} INFO - Filling up the DagBag from /opt/anaconda3/envs/titanic/lib/python3.11/site-packages/airflow/example_dags/example_dynamic_task_mapping.py
[2025-03-24T17:31:17.225-1000] {processor.py:925} INFO - DAG(s) 'example_dynamic_task_mapping' retrieved from /opt/anaconda3/envs/titanic/lib/python3.11/site-packages/airflow/example_dags/example_dynamic_task_mapping.py
[2025-03-24T17:31:17.249-1000] {logging_mixin.py:190} INFO - [2025-03-24T17:31:17.249-1000] {dag.py:3239} INFO - Sync 1 DAGs
[2025-03-24T17:31:17.251-1000] {logging_mixin.py:190} INFO - [2025-03-24T17:31:17.251-1000] {dag.py:4180} INFO - Setting next_dagrun for example_dynamic_task_mapping to None, run_after=None
[2025-03-24T17:31:17.256-1000] {processor.py:208} INFO - Processing /opt/anaconda3/envs/titanic/lib/python3.11/site-packages/airflow/example_dags/example_dynamic_task_mapping.py took 0.042 seconds
[2025-03-24T17:33:18.831-1000] {processor.py:186} INFO - Started process (PID=43536) to work on /opt/anaconda3/envs/titanic/lib/python3.11/site-packages/airflow/example_dags/example_dynamic_task_mapping.py
[2025-03-24T17:33:18.831-1000] {processor.py:914} INFO - Processing file /opt/anaconda3/envs/titanic/lib/python3.11/site-packages/airflow/example_dags/example_dynamic_task_mapping.py for tasks to queue
[2025-03-24T17:33:18.832-1000] {logging_mixin.py:190} INFO - [2025-03-24T17:33:18.832-1000] {dagbag.py:588} INFO - Filling up the DagBag from /opt/anaconda3/envs/titanic/lib/python3.11/site-packages/airflow/example_dags/example_dynamic_task_mapping.py
[2025-03-24T17:33:18.840-1000] {processor.py:925} INFO - DAG(s) 'example_dynamic_task_mapping' retrieved from /opt/anaconda3/envs/titanic/lib/python3.11/site-packages/airflow/example_dags/example_dynamic_task_mapping.py
[2025-03-24T17:33:18.864-1000] {logging_mixin.py:190} INFO - [2025-03-24T17:33:18.863-1000] {dag.py:3239} INFO - Sync 1 DAGs
[2025-03-24T17:33:18.866-1000] {logging_mixin.py:190} INFO - [2025-03-24T17:33:18.866-1000] {dag.py:4180} INFO - Setting next_dagrun for example_dynamic_task_mapping to None, run_after=None
[2025-03-24T17:33:18.871-1000] {processor.py:208} INFO - Processing /opt/anaconda3/envs/titanic/lib/python3.11/site-packages/airflow/example_dags/example_dynamic_task_mapping.py took 0.041 seconds
