[2025-03-24T15:51:37.113-1000] {processor.py:186} INFO - Started process (PID=19227) to work on /opt/anaconda3/envs/titanic/lib/python3.11/site-packages/airflow/example_dags/example_inlet_event_extra.py
[2025-03-24T15:51:37.113-1000] {processor.py:914} INFO - Processing file /opt/anaconda3/envs/titanic/lib/python3.11/site-packages/airflow/example_dags/example_inlet_event_extra.py for tasks to queue
[2025-03-24T15:51:37.113-1000] {logging_mixin.py:190} INFO - [2025-03-24T15:51:37.113-1000] {dagbag.py:588} INFO - Filling up the DagBag from /opt/anaconda3/envs/titanic/lib/python3.11/site-packages/airflow/example_dags/example_inlet_event_extra.py
[2025-03-24T15:51:37.135-1000] {processor.py:925} INFO - DAG(s) 'read_dataset_event_from_classic', 'read_dataset_event' retrieved from /opt/anaconda3/envs/titanic/lib/python3.11/site-packages/airflow/example_dags/example_inlet_event_extra.py
[2025-03-24T15:51:37.160-1000] {logging_mixin.py:190} INFO - [2025-03-24T15:51:37.160-1000] {dag.py:3239} INFO - Sync 2 DAGs
[2025-03-24T15:51:37.166-1000] {logging_mixin.py:190} INFO - [2025-03-24T15:51:37.166-1000] {dag.py:4180} INFO - Setting next_dagrun for read_dataset_event to 2025-03-24 00:00:00+00:00, run_after=2025-03-25 00:00:00+00:00
[2025-03-24T15:51:37.167-1000] {logging_mixin.py:190} INFO - [2025-03-24T15:51:37.167-1000] {dag.py:4180} INFO - Setting next_dagrun for read_dataset_event_from_classic to 2025-03-24 00:00:00+00:00, run_after=2025-03-25 00:00:00+00:00
[2025-03-24T15:51:37.172-1000] {processor.py:208} INFO - Processing /opt/anaconda3/envs/titanic/lib/python3.11/site-packages/airflow/example_dags/example_inlet_event_extra.py took 0.085 seconds
[2025-03-24T15:53:11.169-1000] {processor.py:186} INFO - Started process (PID=20033) to work on /opt/anaconda3/envs/titanic/lib/python3.11/site-packages/airflow/example_dags/example_inlet_event_extra.py
[2025-03-24T15:53:11.170-1000] {processor.py:914} INFO - Processing file /opt/anaconda3/envs/titanic/lib/python3.11/site-packages/airflow/example_dags/example_inlet_event_extra.py for tasks to queue
[2025-03-24T15:53:11.170-1000] {logging_mixin.py:190} INFO - [2025-03-24T15:53:11.170-1000] {dagbag.py:588} INFO - Filling up the DagBag from /opt/anaconda3/envs/titanic/lib/python3.11/site-packages/airflow/example_dags/example_inlet_event_extra.py
[2025-03-24T15:53:11.189-1000] {processor.py:925} INFO - DAG(s) 'read_dataset_event_from_classic', 'read_dataset_event' retrieved from /opt/anaconda3/envs/titanic/lib/python3.11/site-packages/airflow/example_dags/example_inlet_event_extra.py
[2025-03-24T15:53:11.213-1000] {logging_mixin.py:190} INFO - [2025-03-24T15:53:11.213-1000] {dag.py:3239} INFO - Sync 2 DAGs
[2025-03-24T15:53:11.219-1000] {logging_mixin.py:190} INFO - [2025-03-24T15:53:11.219-1000] {dag.py:4180} INFO - Setting next_dagrun for read_dataset_event to 2025-03-24 00:00:00+00:00, run_after=2025-03-25 00:00:00+00:00
[2025-03-24T15:53:11.220-1000] {logging_mixin.py:190} INFO - [2025-03-24T15:53:11.220-1000] {dag.py:4180} INFO - Setting next_dagrun for read_dataset_event_from_classic to 2025-03-24 00:00:00+00:00, run_after=2025-03-25 00:00:00+00:00
[2025-03-24T15:53:11.224-1000] {processor.py:208} INFO - Processing /opt/anaconda3/envs/titanic/lib/python3.11/site-packages/airflow/example_dags/example_inlet_event_extra.py took 0.075 seconds
[2025-03-24T15:55:03.744-1000] {processor.py:186} INFO - Started process (PID=20481) to work on /opt/anaconda3/envs/titanic/lib/python3.11/site-packages/airflow/example_dags/example_inlet_event_extra.py
[2025-03-24T15:55:03.745-1000] {processor.py:914} INFO - Processing file /opt/anaconda3/envs/titanic/lib/python3.11/site-packages/airflow/example_dags/example_inlet_event_extra.py for tasks to queue
[2025-03-24T15:55:03.745-1000] {logging_mixin.py:190} INFO - [2025-03-24T15:55:03.745-1000] {dagbag.py:588} INFO - Filling up the DagBag from /opt/anaconda3/envs/titanic/lib/python3.11/site-packages/airflow/example_dags/example_inlet_event_extra.py
[2025-03-24T15:55:03.763-1000] {processor.py:925} INFO - DAG(s) 'read_dataset_event', 'read_dataset_event_from_classic' retrieved from /opt/anaconda3/envs/titanic/lib/python3.11/site-packages/airflow/example_dags/example_inlet_event_extra.py
[2025-03-24T15:55:03.787-1000] {logging_mixin.py:190} INFO - [2025-03-24T15:55:03.787-1000] {dag.py:3239} INFO - Sync 2 DAGs
[2025-03-24T15:55:03.792-1000] {logging_mixin.py:190} INFO - [2025-03-24T15:55:03.792-1000] {dag.py:4180} INFO - Setting next_dagrun for read_dataset_event to 2025-03-24 00:00:00+00:00, run_after=2025-03-25 00:00:00+00:00
[2025-03-24T15:55:03.793-1000] {logging_mixin.py:190} INFO - [2025-03-24T15:55:03.793-1000] {dag.py:4180} INFO - Setting next_dagrun for read_dataset_event_from_classic to 2025-03-24 00:00:00+00:00, run_after=2025-03-25 00:00:00+00:00
[2025-03-24T15:55:03.798-1000] {processor.py:208} INFO - Processing /opt/anaconda3/envs/titanic/lib/python3.11/site-packages/airflow/example_dags/example_inlet_event_extra.py took 0.074 seconds
[2025-03-24T15:56:52.657-1000] {processor.py:186} INFO - Started process (PID=20904) to work on /opt/anaconda3/envs/titanic/lib/python3.11/site-packages/airflow/example_dags/example_inlet_event_extra.py
[2025-03-24T15:56:52.659-1000] {processor.py:914} INFO - Processing file /opt/anaconda3/envs/titanic/lib/python3.11/site-packages/airflow/example_dags/example_inlet_event_extra.py for tasks to queue
[2025-03-24T15:56:52.659-1000] {logging_mixin.py:190} INFO - [2025-03-24T15:56:52.659-1000] {dagbag.py:588} INFO - Filling up the DagBag from /opt/anaconda3/envs/titanic/lib/python3.11/site-packages/airflow/example_dags/example_inlet_event_extra.py
[2025-03-24T15:56:52.677-1000] {processor.py:925} INFO - DAG(s) 'read_dataset_event', 'read_dataset_event_from_classic' retrieved from /opt/anaconda3/envs/titanic/lib/python3.11/site-packages/airflow/example_dags/example_inlet_event_extra.py
[2025-03-24T15:56:52.701-1000] {logging_mixin.py:190} INFO - [2025-03-24T15:56:52.701-1000] {dag.py:3239} INFO - Sync 2 DAGs
[2025-03-24T15:56:52.707-1000] {logging_mixin.py:190} INFO - [2025-03-24T15:56:52.707-1000] {dag.py:4180} INFO - Setting next_dagrun for read_dataset_event to 2025-03-24 00:00:00+00:00, run_after=2025-03-25 00:00:00+00:00
[2025-03-24T15:56:52.708-1000] {logging_mixin.py:190} INFO - [2025-03-24T15:56:52.708-1000] {dag.py:4180} INFO - Setting next_dagrun for read_dataset_event_from_classic to 2025-03-24 00:00:00+00:00, run_after=2025-03-25 00:00:00+00:00
[2025-03-24T15:56:52.712-1000] {processor.py:208} INFO - Processing /opt/anaconda3/envs/titanic/lib/python3.11/site-packages/airflow/example_dags/example_inlet_event_extra.py took 0.074 seconds
[2025-03-24T15:58:38.940-1000] {processor.py:186} INFO - Started process (PID=21321) to work on /opt/anaconda3/envs/titanic/lib/python3.11/site-packages/airflow/example_dags/example_inlet_event_extra.py
[2025-03-24T15:58:38.941-1000] {processor.py:914} INFO - Processing file /opt/anaconda3/envs/titanic/lib/python3.11/site-packages/airflow/example_dags/example_inlet_event_extra.py for tasks to queue
[2025-03-24T15:58:38.941-1000] {logging_mixin.py:190} INFO - [2025-03-24T15:58:38.941-1000] {dagbag.py:588} INFO - Filling up the DagBag from /opt/anaconda3/envs/titanic/lib/python3.11/site-packages/airflow/example_dags/example_inlet_event_extra.py
[2025-03-24T15:58:38.959-1000] {processor.py:925} INFO - DAG(s) 'read_dataset_event_from_classic', 'read_dataset_event' retrieved from /opt/anaconda3/envs/titanic/lib/python3.11/site-packages/airflow/example_dags/example_inlet_event_extra.py
[2025-03-24T15:58:38.983-1000] {logging_mixin.py:190} INFO - [2025-03-24T15:58:38.983-1000] {dag.py:3239} INFO - Sync 2 DAGs
[2025-03-24T15:58:38.989-1000] {logging_mixin.py:190} INFO - [2025-03-24T15:58:38.989-1000] {dag.py:4180} INFO - Setting next_dagrun for read_dataset_event to 2025-03-24 00:00:00+00:00, run_after=2025-03-25 00:00:00+00:00
[2025-03-24T15:58:38.990-1000] {logging_mixin.py:190} INFO - [2025-03-24T15:58:38.990-1000] {dag.py:4180} INFO - Setting next_dagrun for read_dataset_event_from_classic to 2025-03-24 00:00:00+00:00, run_after=2025-03-25 00:00:00+00:00
[2025-03-24T15:58:38.994-1000] {processor.py:208} INFO - Processing /opt/anaconda3/envs/titanic/lib/python3.11/site-packages/airflow/example_dags/example_inlet_event_extra.py took 0.073 seconds
[2025-03-24T16:00:30.434-1000] {processor.py:186} INFO - Started process (PID=21759) to work on /opt/anaconda3/envs/titanic/lib/python3.11/site-packages/airflow/example_dags/example_inlet_event_extra.py
[2025-03-24T16:00:30.435-1000] {processor.py:914} INFO - Processing file /opt/anaconda3/envs/titanic/lib/python3.11/site-packages/airflow/example_dags/example_inlet_event_extra.py for tasks to queue
[2025-03-24T16:00:30.436-1000] {logging_mixin.py:190} INFO - [2025-03-24T16:00:30.435-1000] {dagbag.py:588} INFO - Filling up the DagBag from /opt/anaconda3/envs/titanic/lib/python3.11/site-packages/airflow/example_dags/example_inlet_event_extra.py
[2025-03-24T16:00:30.453-1000] {processor.py:925} INFO - DAG(s) 'read_dataset_event_from_classic', 'read_dataset_event' retrieved from /opt/anaconda3/envs/titanic/lib/python3.11/site-packages/airflow/example_dags/example_inlet_event_extra.py
[2025-03-24T16:00:30.477-1000] {logging_mixin.py:190} INFO - [2025-03-24T16:00:30.477-1000] {dag.py:3239} INFO - Sync 2 DAGs
[2025-03-24T16:00:30.483-1000] {logging_mixin.py:190} INFO - [2025-03-24T16:00:30.482-1000] {dag.py:4180} INFO - Setting next_dagrun for read_dataset_event to 2025-03-24 00:00:00+00:00, run_after=2025-03-25 00:00:00+00:00
[2025-03-24T16:00:30.484-1000] {logging_mixin.py:190} INFO - [2025-03-24T16:00:30.484-1000] {dag.py:4180} INFO - Setting next_dagrun for read_dataset_event_from_classic to 2025-03-24 00:00:00+00:00, run_after=2025-03-25 00:00:00+00:00
[2025-03-24T16:00:30.488-1000] {processor.py:208} INFO - Processing /opt/anaconda3/envs/titanic/lib/python3.11/site-packages/airflow/example_dags/example_inlet_event_extra.py took 0.075 seconds
[2025-03-24T16:02:39.036-1000] {processor.py:186} INFO - Started process (PID=22234) to work on /opt/anaconda3/envs/titanic/lib/python3.11/site-packages/airflow/example_dags/example_inlet_event_extra.py
[2025-03-24T16:02:39.037-1000] {processor.py:914} INFO - Processing file /opt/anaconda3/envs/titanic/lib/python3.11/site-packages/airflow/example_dags/example_inlet_event_extra.py for tasks to queue
[2025-03-24T16:02:39.037-1000] {logging_mixin.py:190} INFO - [2025-03-24T16:02:39.037-1000] {dagbag.py:588} INFO - Filling up the DagBag from /opt/anaconda3/envs/titanic/lib/python3.11/site-packages/airflow/example_dags/example_inlet_event_extra.py
[2025-03-24T16:02:39.054-1000] {processor.py:925} INFO - DAG(s) 'read_dataset_event_from_classic', 'read_dataset_event' retrieved from /opt/anaconda3/envs/titanic/lib/python3.11/site-packages/airflow/example_dags/example_inlet_event_extra.py
[2025-03-24T16:02:39.078-1000] {logging_mixin.py:190} INFO - [2025-03-24T16:02:39.078-1000] {dag.py:3239} INFO - Sync 2 DAGs
[2025-03-24T16:02:39.083-1000] {logging_mixin.py:190} INFO - [2025-03-24T16:02:39.083-1000] {dag.py:4180} INFO - Setting next_dagrun for read_dataset_event to 2025-03-24 00:00:00+00:00, run_after=2025-03-25 00:00:00+00:00
[2025-03-24T16:02:39.085-1000] {logging_mixin.py:190} INFO - [2025-03-24T16:02:39.085-1000] {dag.py:4180} INFO - Setting next_dagrun for read_dataset_event_from_classic to 2025-03-24 00:00:00+00:00, run_after=2025-03-25 00:00:00+00:00
[2025-03-24T16:02:39.089-1000] {processor.py:208} INFO - Processing /opt/anaconda3/envs/titanic/lib/python3.11/site-packages/airflow/example_dags/example_inlet_event_extra.py took 0.072 seconds
[2025-03-24T16:04:28.157-1000] {processor.py:186} INFO - Started process (PID=22642) to work on /opt/anaconda3/envs/titanic/lib/python3.11/site-packages/airflow/example_dags/example_inlet_event_extra.py
[2025-03-24T16:04:28.158-1000] {processor.py:914} INFO - Processing file /opt/anaconda3/envs/titanic/lib/python3.11/site-packages/airflow/example_dags/example_inlet_event_extra.py for tasks to queue
[2025-03-24T16:04:28.158-1000] {logging_mixin.py:190} INFO - [2025-03-24T16:04:28.158-1000] {dagbag.py:588} INFO - Filling up the DagBag from /opt/anaconda3/envs/titanic/lib/python3.11/site-packages/airflow/example_dags/example_inlet_event_extra.py
[2025-03-24T16:04:28.175-1000] {processor.py:925} INFO - DAG(s) 'read_dataset_event_from_classic', 'read_dataset_event' retrieved from /opt/anaconda3/envs/titanic/lib/python3.11/site-packages/airflow/example_dags/example_inlet_event_extra.py
[2025-03-24T16:04:28.199-1000] {logging_mixin.py:190} INFO - [2025-03-24T16:04:28.199-1000] {dag.py:3239} INFO - Sync 2 DAGs
[2025-03-24T16:04:28.204-1000] {logging_mixin.py:190} INFO - [2025-03-24T16:04:28.204-1000] {dag.py:4180} INFO - Setting next_dagrun for read_dataset_event to 2025-03-24 00:00:00+00:00, run_after=2025-03-25 00:00:00+00:00
[2025-03-24T16:04:28.205-1000] {logging_mixin.py:190} INFO - [2025-03-24T16:04:28.205-1000] {dag.py:4180} INFO - Setting next_dagrun for read_dataset_event_from_classic to 2025-03-24 00:00:00+00:00, run_after=2025-03-25 00:00:00+00:00
[2025-03-24T16:04:28.210-1000] {processor.py:208} INFO - Processing /opt/anaconda3/envs/titanic/lib/python3.11/site-packages/airflow/example_dags/example_inlet_event_extra.py took 0.072 seconds
[2025-03-24T16:06:13.230-1000] {processor.py:186} INFO - Started process (PID=23041) to work on /opt/anaconda3/envs/titanic/lib/python3.11/site-packages/airflow/example_dags/example_inlet_event_extra.py
[2025-03-24T16:06:13.230-1000] {processor.py:914} INFO - Processing file /opt/anaconda3/envs/titanic/lib/python3.11/site-packages/airflow/example_dags/example_inlet_event_extra.py for tasks to queue
[2025-03-24T16:06:13.230-1000] {logging_mixin.py:190} INFO - [2025-03-24T16:06:13.230-1000] {dagbag.py:588} INFO - Filling up the DagBag from /opt/anaconda3/envs/titanic/lib/python3.11/site-packages/airflow/example_dags/example_inlet_event_extra.py
[2025-03-24T16:06:13.248-1000] {processor.py:925} INFO - DAG(s) 'read_dataset_event_from_classic', 'read_dataset_event' retrieved from /opt/anaconda3/envs/titanic/lib/python3.11/site-packages/airflow/example_dags/example_inlet_event_extra.py
[2025-03-24T16:06:13.271-1000] {logging_mixin.py:190} INFO - [2025-03-24T16:06:13.271-1000] {dag.py:3239} INFO - Sync 2 DAGs
[2025-03-24T16:06:13.277-1000] {logging_mixin.py:190} INFO - [2025-03-24T16:06:13.277-1000] {dag.py:4180} INFO - Setting next_dagrun for read_dataset_event to 2025-03-24 00:00:00+00:00, run_after=2025-03-25 00:00:00+00:00
[2025-03-24T16:06:13.278-1000] {logging_mixin.py:190} INFO - [2025-03-24T16:06:13.278-1000] {dag.py:4180} INFO - Setting next_dagrun for read_dataset_event_from_classic to 2025-03-24 00:00:00+00:00, run_after=2025-03-25 00:00:00+00:00
[2025-03-24T16:06:13.282-1000] {processor.py:208} INFO - Processing /opt/anaconda3/envs/titanic/lib/python3.11/site-packages/airflow/example_dags/example_inlet_event_extra.py took 0.072 seconds
[2025-03-24T16:08:02.798-1000] {processor.py:186} INFO - Started process (PID=23494) to work on /opt/anaconda3/envs/titanic/lib/python3.11/site-packages/airflow/example_dags/example_inlet_event_extra.py
[2025-03-24T16:08:02.798-1000] {processor.py:914} INFO - Processing file /opt/anaconda3/envs/titanic/lib/python3.11/site-packages/airflow/example_dags/example_inlet_event_extra.py for tasks to queue
[2025-03-24T16:08:02.798-1000] {logging_mixin.py:190} INFO - [2025-03-24T16:08:02.798-1000] {dagbag.py:588} INFO - Filling up the DagBag from /opt/anaconda3/envs/titanic/lib/python3.11/site-packages/airflow/example_dags/example_inlet_event_extra.py
[2025-03-24T16:08:02.816-1000] {processor.py:925} INFO - DAG(s) 'read_dataset_event', 'read_dataset_event_from_classic' retrieved from /opt/anaconda3/envs/titanic/lib/python3.11/site-packages/airflow/example_dags/example_inlet_event_extra.py
[2025-03-24T16:08:02.839-1000] {logging_mixin.py:190} INFO - [2025-03-24T16:08:02.839-1000] {dag.py:3239} INFO - Sync 2 DAGs
[2025-03-24T16:08:02.844-1000] {logging_mixin.py:190} INFO - [2025-03-24T16:08:02.844-1000] {dag.py:4180} INFO - Setting next_dagrun for read_dataset_event to 2025-03-24 00:00:00+00:00, run_after=2025-03-25 00:00:00+00:00
[2025-03-24T16:08:02.845-1000] {logging_mixin.py:190} INFO - [2025-03-24T16:08:02.845-1000] {dag.py:4180} INFO - Setting next_dagrun for read_dataset_event_from_classic to 2025-03-24 00:00:00+00:00, run_after=2025-03-25 00:00:00+00:00
[2025-03-24T16:08:02.850-1000] {processor.py:208} INFO - Processing /opt/anaconda3/envs/titanic/lib/python3.11/site-packages/airflow/example_dags/example_inlet_event_extra.py took 0.071 seconds
[2025-03-24T16:09:56.361-1000] {processor.py:186} INFO - Started process (PID=23920) to work on /opt/anaconda3/envs/titanic/lib/python3.11/site-packages/airflow/example_dags/example_inlet_event_extra.py
[2025-03-24T16:09:56.362-1000] {processor.py:914} INFO - Processing file /opt/anaconda3/envs/titanic/lib/python3.11/site-packages/airflow/example_dags/example_inlet_event_extra.py for tasks to queue
[2025-03-24T16:09:56.362-1000] {logging_mixin.py:190} INFO - [2025-03-24T16:09:56.362-1000] {dagbag.py:588} INFO - Filling up the DagBag from /opt/anaconda3/envs/titanic/lib/python3.11/site-packages/airflow/example_dags/example_inlet_event_extra.py
[2025-03-24T16:09:56.379-1000] {processor.py:925} INFO - DAG(s) 'read_dataset_event_from_classic', 'read_dataset_event' retrieved from /opt/anaconda3/envs/titanic/lib/python3.11/site-packages/airflow/example_dags/example_inlet_event_extra.py
[2025-03-24T16:09:56.403-1000] {logging_mixin.py:190} INFO - [2025-03-24T16:09:56.403-1000] {dag.py:3239} INFO - Sync 2 DAGs
[2025-03-24T16:09:56.408-1000] {logging_mixin.py:190} INFO - [2025-03-24T16:09:56.408-1000] {dag.py:4180} INFO - Setting next_dagrun for read_dataset_event to 2025-03-24 00:00:00+00:00, run_after=2025-03-25 00:00:00+00:00
[2025-03-24T16:09:56.409-1000] {logging_mixin.py:190} INFO - [2025-03-24T16:09:56.409-1000] {dag.py:4180} INFO - Setting next_dagrun for read_dataset_event_from_classic to 2025-03-24 00:00:00+00:00, run_after=2025-03-25 00:00:00+00:00
[2025-03-24T16:09:56.414-1000] {processor.py:208} INFO - Processing /opt/anaconda3/envs/titanic/lib/python3.11/site-packages/airflow/example_dags/example_inlet_event_extra.py took 0.074 seconds
[2025-03-24T16:11:59.410-1000] {processor.py:186} INFO - Started process (PID=24419) to work on /opt/anaconda3/envs/titanic/lib/python3.11/site-packages/airflow/example_dags/example_inlet_event_extra.py
[2025-03-24T16:11:59.411-1000] {processor.py:914} INFO - Processing file /opt/anaconda3/envs/titanic/lib/python3.11/site-packages/airflow/example_dags/example_inlet_event_extra.py for tasks to queue
[2025-03-24T16:11:59.412-1000] {logging_mixin.py:190} INFO - [2025-03-24T16:11:59.412-1000] {dagbag.py:588} INFO - Filling up the DagBag from /opt/anaconda3/envs/titanic/lib/python3.11/site-packages/airflow/example_dags/example_inlet_event_extra.py
[2025-03-24T16:11:59.429-1000] {processor.py:925} INFO - DAG(s) 'read_dataset_event', 'read_dataset_event_from_classic' retrieved from /opt/anaconda3/envs/titanic/lib/python3.11/site-packages/airflow/example_dags/example_inlet_event_extra.py
[2025-03-24T16:11:59.453-1000] {logging_mixin.py:190} INFO - [2025-03-24T16:11:59.453-1000] {dag.py:3239} INFO - Sync 2 DAGs
[2025-03-24T16:11:59.458-1000] {logging_mixin.py:190} INFO - [2025-03-24T16:11:59.458-1000] {dag.py:4180} INFO - Setting next_dagrun for read_dataset_event to 2025-03-24 00:00:00+00:00, run_after=2025-03-25 00:00:00+00:00
[2025-03-24T16:11:59.459-1000] {logging_mixin.py:190} INFO - [2025-03-24T16:11:59.459-1000] {dag.py:4180} INFO - Setting next_dagrun for read_dataset_event_from_classic to 2025-03-24 00:00:00+00:00, run_after=2025-03-25 00:00:00+00:00
[2025-03-24T16:11:59.464-1000] {processor.py:208} INFO - Processing /opt/anaconda3/envs/titanic/lib/python3.11/site-packages/airflow/example_dags/example_inlet_event_extra.py took 0.074 seconds
[2025-03-24T16:13:59.989-1000] {processor.py:186} INFO - Started process (PID=24938) to work on /opt/anaconda3/envs/titanic/lib/python3.11/site-packages/airflow/example_dags/example_inlet_event_extra.py
[2025-03-24T16:13:59.991-1000] {processor.py:914} INFO - Processing file /opt/anaconda3/envs/titanic/lib/python3.11/site-packages/airflow/example_dags/example_inlet_event_extra.py for tasks to queue
[2025-03-24T16:13:59.991-1000] {logging_mixin.py:190} INFO - [2025-03-24T16:13:59.991-1000] {dagbag.py:588} INFO - Filling up the DagBag from /opt/anaconda3/envs/titanic/lib/python3.11/site-packages/airflow/example_dags/example_inlet_event_extra.py
[2025-03-24T16:14:00.009-1000] {processor.py:925} INFO - DAG(s) 'read_dataset_event', 'read_dataset_event_from_classic' retrieved from /opt/anaconda3/envs/titanic/lib/python3.11/site-packages/airflow/example_dags/example_inlet_event_extra.py
[2025-03-24T16:14:00.032-1000] {logging_mixin.py:190} INFO - [2025-03-24T16:14:00.032-1000] {dag.py:3239} INFO - Sync 2 DAGs
[2025-03-24T16:14:00.037-1000] {logging_mixin.py:190} INFO - [2025-03-24T16:14:00.037-1000] {dag.py:4180} INFO - Setting next_dagrun for read_dataset_event to 2025-03-24 00:00:00+00:00, run_after=2025-03-25 00:00:00+00:00
[2025-03-24T16:14:00.038-1000] {logging_mixin.py:190} INFO - [2025-03-24T16:14:00.038-1000] {dag.py:4180} INFO - Setting next_dagrun for read_dataset_event_from_classic to 2025-03-24 00:00:00+00:00, run_after=2025-03-25 00:00:00+00:00
[2025-03-24T16:14:00.043-1000] {processor.py:208} INFO - Processing /opt/anaconda3/envs/titanic/lib/python3.11/site-packages/airflow/example_dags/example_inlet_event_extra.py took 0.073 seconds
[2025-03-24T16:15:52.721-1000] {processor.py:186} INFO - Started process (PID=25386) to work on /opt/anaconda3/envs/titanic/lib/python3.11/site-packages/airflow/example_dags/example_inlet_event_extra.py
[2025-03-24T16:15:52.721-1000] {processor.py:914} INFO - Processing file /opt/anaconda3/envs/titanic/lib/python3.11/site-packages/airflow/example_dags/example_inlet_event_extra.py for tasks to queue
[2025-03-24T16:15:52.721-1000] {logging_mixin.py:190} INFO - [2025-03-24T16:15:52.721-1000] {dagbag.py:588} INFO - Filling up the DagBag from /opt/anaconda3/envs/titanic/lib/python3.11/site-packages/airflow/example_dags/example_inlet_event_extra.py
[2025-03-24T16:15:52.739-1000] {processor.py:925} INFO - DAG(s) 'read_dataset_event', 'read_dataset_event_from_classic' retrieved from /opt/anaconda3/envs/titanic/lib/python3.11/site-packages/airflow/example_dags/example_inlet_event_extra.py
[2025-03-24T16:15:52.763-1000] {logging_mixin.py:190} INFO - [2025-03-24T16:15:52.763-1000] {dag.py:3239} INFO - Sync 2 DAGs
[2025-03-24T16:15:52.768-1000] {logging_mixin.py:190} INFO - [2025-03-24T16:15:52.768-1000] {dag.py:4180} INFO - Setting next_dagrun for read_dataset_event to 2025-03-24 00:00:00+00:00, run_after=2025-03-25 00:00:00+00:00
[2025-03-24T16:15:52.769-1000] {logging_mixin.py:190} INFO - [2025-03-24T16:15:52.769-1000] {dag.py:4180} INFO - Setting next_dagrun for read_dataset_event_from_classic to 2025-03-24 00:00:00+00:00, run_after=2025-03-25 00:00:00+00:00
[2025-03-24T16:15:52.774-1000] {processor.py:208} INFO - Processing /opt/anaconda3/envs/titanic/lib/python3.11/site-packages/airflow/example_dags/example_inlet_event_extra.py took 0.073 seconds
[2025-03-24T16:17:42.071-1000] {processor.py:186} INFO - Started process (PID=25801) to work on /opt/anaconda3/envs/titanic/lib/python3.11/site-packages/airflow/example_dags/example_inlet_event_extra.py
[2025-03-24T16:17:42.071-1000] {processor.py:914} INFO - Processing file /opt/anaconda3/envs/titanic/lib/python3.11/site-packages/airflow/example_dags/example_inlet_event_extra.py for tasks to queue
[2025-03-24T16:17:42.071-1000] {logging_mixin.py:190} INFO - [2025-03-24T16:17:42.071-1000] {dagbag.py:588} INFO - Filling up the DagBag from /opt/anaconda3/envs/titanic/lib/python3.11/site-packages/airflow/example_dags/example_inlet_event_extra.py
[2025-03-24T16:17:42.089-1000] {processor.py:925} INFO - DAG(s) 'read_dataset_event_from_classic', 'read_dataset_event' retrieved from /opt/anaconda3/envs/titanic/lib/python3.11/site-packages/airflow/example_dags/example_inlet_event_extra.py
[2025-03-24T16:17:42.116-1000] {logging_mixin.py:190} INFO - [2025-03-24T16:17:42.116-1000] {dag.py:3239} INFO - Sync 2 DAGs
[2025-03-24T16:17:42.122-1000] {logging_mixin.py:190} INFO - [2025-03-24T16:17:42.122-1000] {dag.py:4180} INFO - Setting next_dagrun for read_dataset_event to 2025-03-24 00:00:00+00:00, run_after=2025-03-25 00:00:00+00:00
[2025-03-24T16:17:42.123-1000] {logging_mixin.py:190} INFO - [2025-03-24T16:17:42.123-1000] {dag.py:4180} INFO - Setting next_dagrun for read_dataset_event_from_classic to 2025-03-24 00:00:00+00:00, run_after=2025-03-25 00:00:00+00:00
[2025-03-24T16:17:42.128-1000] {processor.py:208} INFO - Processing /opt/anaconda3/envs/titanic/lib/python3.11/site-packages/airflow/example_dags/example_inlet_event_extra.py took 0.080 seconds
[2025-03-24T16:19:34.009-1000] {processor.py:186} INFO - Started process (PID=26256) to work on /opt/anaconda3/envs/titanic/lib/python3.11/site-packages/airflow/example_dags/example_inlet_event_extra.py
[2025-03-24T16:19:34.010-1000] {processor.py:914} INFO - Processing file /opt/anaconda3/envs/titanic/lib/python3.11/site-packages/airflow/example_dags/example_inlet_event_extra.py for tasks to queue
[2025-03-24T16:19:34.010-1000] {logging_mixin.py:190} INFO - [2025-03-24T16:19:34.010-1000] {dagbag.py:588} INFO - Filling up the DagBag from /opt/anaconda3/envs/titanic/lib/python3.11/site-packages/airflow/example_dags/example_inlet_event_extra.py
[2025-03-24T16:19:34.029-1000] {processor.py:925} INFO - DAG(s) 'read_dataset_event_from_classic', 'read_dataset_event' retrieved from /opt/anaconda3/envs/titanic/lib/python3.11/site-packages/airflow/example_dags/example_inlet_event_extra.py
[2025-03-24T16:19:34.054-1000] {logging_mixin.py:190} INFO - [2025-03-24T16:19:34.054-1000] {dag.py:3239} INFO - Sync 2 DAGs
[2025-03-24T16:19:34.059-1000] {logging_mixin.py:190} INFO - [2025-03-24T16:19:34.059-1000] {dag.py:4180} INFO - Setting next_dagrun for read_dataset_event to 2025-03-24 00:00:00+00:00, run_after=2025-03-25 00:00:00+00:00
[2025-03-24T16:19:34.060-1000] {logging_mixin.py:190} INFO - [2025-03-24T16:19:34.060-1000] {dag.py:4180} INFO - Setting next_dagrun for read_dataset_event_from_classic to 2025-03-24 00:00:00+00:00, run_after=2025-03-25 00:00:00+00:00
[2025-03-24T16:19:34.065-1000] {processor.py:208} INFO - Processing /opt/anaconda3/envs/titanic/lib/python3.11/site-packages/airflow/example_dags/example_inlet_event_extra.py took 0.077 seconds
[2025-03-24T16:21:24.963-1000] {processor.py:186} INFO - Started process (PID=26672) to work on /opt/anaconda3/envs/titanic/lib/python3.11/site-packages/airflow/example_dags/example_inlet_event_extra.py
[2025-03-24T16:21:24.963-1000] {processor.py:914} INFO - Processing file /opt/anaconda3/envs/titanic/lib/python3.11/site-packages/airflow/example_dags/example_inlet_event_extra.py for tasks to queue
[2025-03-24T16:21:24.963-1000] {logging_mixin.py:190} INFO - [2025-03-24T16:21:24.963-1000] {dagbag.py:588} INFO - Filling up the DagBag from /opt/anaconda3/envs/titanic/lib/python3.11/site-packages/airflow/example_dags/example_inlet_event_extra.py
[2025-03-24T16:21:24.980-1000] {processor.py:925} INFO - DAG(s) 'read_dataset_event', 'read_dataset_event_from_classic' retrieved from /opt/anaconda3/envs/titanic/lib/python3.11/site-packages/airflow/example_dags/example_inlet_event_extra.py
[2025-03-24T16:21:25.004-1000] {logging_mixin.py:190} INFO - [2025-03-24T16:21:25.004-1000] {dag.py:3239} INFO - Sync 2 DAGs
[2025-03-24T16:21:25.009-1000] {logging_mixin.py:190} INFO - [2025-03-24T16:21:25.009-1000] {dag.py:4180} INFO - Setting next_dagrun for read_dataset_event to 2025-03-24 00:00:00+00:00, run_after=2025-03-25 00:00:00+00:00
[2025-03-24T16:21:25.010-1000] {logging_mixin.py:190} INFO - [2025-03-24T16:21:25.010-1000] {dag.py:4180} INFO - Setting next_dagrun for read_dataset_event_from_classic to 2025-03-24 00:00:00+00:00, run_after=2025-03-25 00:00:00+00:00
[2025-03-24T16:21:25.014-1000] {processor.py:208} INFO - Processing /opt/anaconda3/envs/titanic/lib/python3.11/site-packages/airflow/example_dags/example_inlet_event_extra.py took 0.071 seconds
[2025-03-24T16:23:16.071-1000] {processor.py:186} INFO - Started process (PID=27105) to work on /opt/anaconda3/envs/titanic/lib/python3.11/site-packages/airflow/example_dags/example_inlet_event_extra.py
[2025-03-24T16:23:16.071-1000] {processor.py:914} INFO - Processing file /opt/anaconda3/envs/titanic/lib/python3.11/site-packages/airflow/example_dags/example_inlet_event_extra.py for tasks to queue
[2025-03-24T16:23:16.072-1000] {logging_mixin.py:190} INFO - [2025-03-24T16:23:16.072-1000] {dagbag.py:588} INFO - Filling up the DagBag from /opt/anaconda3/envs/titanic/lib/python3.11/site-packages/airflow/example_dags/example_inlet_event_extra.py
[2025-03-24T16:23:16.089-1000] {processor.py:925} INFO - DAG(s) 'read_dataset_event', 'read_dataset_event_from_classic' retrieved from /opt/anaconda3/envs/titanic/lib/python3.11/site-packages/airflow/example_dags/example_inlet_event_extra.py
[2025-03-24T16:23:16.113-1000] {logging_mixin.py:190} INFO - [2025-03-24T16:23:16.113-1000] {dag.py:3239} INFO - Sync 2 DAGs
[2025-03-24T16:23:16.118-1000] {logging_mixin.py:190} INFO - [2025-03-24T16:23:16.118-1000] {dag.py:4180} INFO - Setting next_dagrun for read_dataset_event to 2025-03-24 00:00:00+00:00, run_after=2025-03-25 00:00:00+00:00
[2025-03-24T16:23:16.119-1000] {logging_mixin.py:190} INFO - [2025-03-24T16:23:16.119-1000] {dag.py:4180} INFO - Setting next_dagrun for read_dataset_event_from_classic to 2025-03-24 00:00:00+00:00, run_after=2025-03-25 00:00:00+00:00
[2025-03-24T16:23:16.123-1000] {processor.py:208} INFO - Processing /opt/anaconda3/envs/titanic/lib/python3.11/site-packages/airflow/example_dags/example_inlet_event_extra.py took 0.072 seconds
[2025-03-24T16:25:10.185-1000] {processor.py:186} INFO - Started process (PID=27543) to work on /opt/anaconda3/envs/titanic/lib/python3.11/site-packages/airflow/example_dags/example_inlet_event_extra.py
[2025-03-24T16:25:10.185-1000] {processor.py:914} INFO - Processing file /opt/anaconda3/envs/titanic/lib/python3.11/site-packages/airflow/example_dags/example_inlet_event_extra.py for tasks to queue
[2025-03-24T16:25:10.186-1000] {logging_mixin.py:190} INFO - [2025-03-24T16:25:10.186-1000] {dagbag.py:588} INFO - Filling up the DagBag from /opt/anaconda3/envs/titanic/lib/python3.11/site-packages/airflow/example_dags/example_inlet_event_extra.py
[2025-03-24T16:25:10.203-1000] {processor.py:925} INFO - DAG(s) 'read_dataset_event', 'read_dataset_event_from_classic' retrieved from /opt/anaconda3/envs/titanic/lib/python3.11/site-packages/airflow/example_dags/example_inlet_event_extra.py
[2025-03-24T16:25:10.227-1000] {logging_mixin.py:190} INFO - [2025-03-24T16:25:10.227-1000] {dag.py:3239} INFO - Sync 2 DAGs
[2025-03-24T16:25:10.232-1000] {logging_mixin.py:190} INFO - [2025-03-24T16:25:10.232-1000] {dag.py:4180} INFO - Setting next_dagrun for read_dataset_event to 2025-03-24 00:00:00+00:00, run_after=2025-03-25 00:00:00+00:00
[2025-03-24T16:25:10.233-1000] {logging_mixin.py:190} INFO - [2025-03-24T16:25:10.233-1000] {dag.py:4180} INFO - Setting next_dagrun for read_dataset_event_from_classic to 2025-03-24 00:00:00+00:00, run_after=2025-03-25 00:00:00+00:00
[2025-03-24T16:25:10.237-1000] {processor.py:208} INFO - Processing /opt/anaconda3/envs/titanic/lib/python3.11/site-packages/airflow/example_dags/example_inlet_event_extra.py took 0.072 seconds
[2025-03-24T16:27:01.725-1000] {processor.py:186} INFO - Started process (PID=27963) to work on /opt/anaconda3/envs/titanic/lib/python3.11/site-packages/airflow/example_dags/example_inlet_event_extra.py
[2025-03-24T16:27:01.725-1000] {processor.py:914} INFO - Processing file /opt/anaconda3/envs/titanic/lib/python3.11/site-packages/airflow/example_dags/example_inlet_event_extra.py for tasks to queue
[2025-03-24T16:27:01.725-1000] {logging_mixin.py:190} INFO - [2025-03-24T16:27:01.725-1000] {dagbag.py:588} INFO - Filling up the DagBag from /opt/anaconda3/envs/titanic/lib/python3.11/site-packages/airflow/example_dags/example_inlet_event_extra.py
[2025-03-24T16:27:01.742-1000] {processor.py:925} INFO - DAG(s) 'read_dataset_event_from_classic', 'read_dataset_event' retrieved from /opt/anaconda3/envs/titanic/lib/python3.11/site-packages/airflow/example_dags/example_inlet_event_extra.py
[2025-03-24T16:27:01.766-1000] {logging_mixin.py:190} INFO - [2025-03-24T16:27:01.766-1000] {dag.py:3239} INFO - Sync 2 DAGs
[2025-03-24T16:27:01.771-1000] {logging_mixin.py:190} INFO - [2025-03-24T16:27:01.771-1000] {dag.py:4180} INFO - Setting next_dagrun for read_dataset_event to 2025-03-24 00:00:00+00:00, run_after=2025-03-25 00:00:00+00:00
[2025-03-24T16:27:01.772-1000] {logging_mixin.py:190} INFO - [2025-03-24T16:27:01.772-1000] {dag.py:4180} INFO - Setting next_dagrun for read_dataset_event_from_classic to 2025-03-24 00:00:00+00:00, run_after=2025-03-25 00:00:00+00:00
[2025-03-24T16:27:01.777-1000] {processor.py:208} INFO - Processing /opt/anaconda3/envs/titanic/lib/python3.11/site-packages/airflow/example_dags/example_inlet_event_extra.py took 0.072 seconds
[2025-03-24T16:28:50.168-1000] {processor.py:186} INFO - Started process (PID=28378) to work on /opt/anaconda3/envs/titanic/lib/python3.11/site-packages/airflow/example_dags/example_inlet_event_extra.py
[2025-03-24T16:28:50.169-1000] {processor.py:914} INFO - Processing file /opt/anaconda3/envs/titanic/lib/python3.11/site-packages/airflow/example_dags/example_inlet_event_extra.py for tasks to queue
[2025-03-24T16:28:50.169-1000] {logging_mixin.py:190} INFO - [2025-03-24T16:28:50.169-1000] {dagbag.py:588} INFO - Filling up the DagBag from /opt/anaconda3/envs/titanic/lib/python3.11/site-packages/airflow/example_dags/example_inlet_event_extra.py
[2025-03-24T16:28:50.186-1000] {processor.py:925} INFO - DAG(s) 'read_dataset_event', 'read_dataset_event_from_classic' retrieved from /opt/anaconda3/envs/titanic/lib/python3.11/site-packages/airflow/example_dags/example_inlet_event_extra.py
[2025-03-24T16:28:50.210-1000] {logging_mixin.py:190} INFO - [2025-03-24T16:28:50.210-1000] {dag.py:3239} INFO - Sync 2 DAGs
[2025-03-24T16:28:50.215-1000] {logging_mixin.py:190} INFO - [2025-03-24T16:28:50.215-1000] {dag.py:4180} INFO - Setting next_dagrun for read_dataset_event to 2025-03-24 00:00:00+00:00, run_after=2025-03-25 00:00:00+00:00
[2025-03-24T16:28:50.216-1000] {logging_mixin.py:190} INFO - [2025-03-24T16:28:50.216-1000] {dag.py:4180} INFO - Setting next_dagrun for read_dataset_event_from_classic to 2025-03-24 00:00:00+00:00, run_after=2025-03-25 00:00:00+00:00
[2025-03-24T16:28:50.220-1000] {processor.py:208} INFO - Processing /opt/anaconda3/envs/titanic/lib/python3.11/site-packages/airflow/example_dags/example_inlet_event_extra.py took 0.072 seconds
[2025-03-24T16:30:36.623-1000] {processor.py:186} INFO - Started process (PID=28782) to work on /opt/anaconda3/envs/titanic/lib/python3.11/site-packages/airflow/example_dags/example_inlet_event_extra.py
[2025-03-24T16:30:36.623-1000] {processor.py:914} INFO - Processing file /opt/anaconda3/envs/titanic/lib/python3.11/site-packages/airflow/example_dags/example_inlet_event_extra.py for tasks to queue
[2025-03-24T16:30:36.623-1000] {logging_mixin.py:190} INFO - [2025-03-24T16:30:36.623-1000] {dagbag.py:588} INFO - Filling up the DagBag from /opt/anaconda3/envs/titanic/lib/python3.11/site-packages/airflow/example_dags/example_inlet_event_extra.py
[2025-03-24T16:30:36.640-1000] {processor.py:925} INFO - DAG(s) 'read_dataset_event_from_classic', 'read_dataset_event' retrieved from /opt/anaconda3/envs/titanic/lib/python3.11/site-packages/airflow/example_dags/example_inlet_event_extra.py
[2025-03-24T16:30:36.664-1000] {logging_mixin.py:190} INFO - [2025-03-24T16:30:36.664-1000] {dag.py:3239} INFO - Sync 2 DAGs
[2025-03-24T16:30:36.669-1000] {logging_mixin.py:190} INFO - [2025-03-24T16:30:36.669-1000] {dag.py:4180} INFO - Setting next_dagrun for read_dataset_event to 2025-03-24 00:00:00+00:00, run_after=2025-03-25 00:00:00+00:00
[2025-03-24T16:30:36.670-1000] {logging_mixin.py:190} INFO - [2025-03-24T16:30:36.670-1000] {dag.py:4180} INFO - Setting next_dagrun for read_dataset_event_from_classic to 2025-03-24 00:00:00+00:00, run_after=2025-03-25 00:00:00+00:00
[2025-03-24T16:30:36.674-1000] {processor.py:208} INFO - Processing /opt/anaconda3/envs/titanic/lib/python3.11/site-packages/airflow/example_dags/example_inlet_event_extra.py took 0.071 seconds
[2025-03-24T16:32:26.807-1000] {processor.py:186} INFO - Started process (PID=29205) to work on /opt/anaconda3/envs/titanic/lib/python3.11/site-packages/airflow/example_dags/example_inlet_event_extra.py
[2025-03-24T16:32:26.808-1000] {processor.py:914} INFO - Processing file /opt/anaconda3/envs/titanic/lib/python3.11/site-packages/airflow/example_dags/example_inlet_event_extra.py for tasks to queue
[2025-03-24T16:32:26.808-1000] {logging_mixin.py:190} INFO - [2025-03-24T16:32:26.808-1000] {dagbag.py:588} INFO - Filling up the DagBag from /opt/anaconda3/envs/titanic/lib/python3.11/site-packages/airflow/example_dags/example_inlet_event_extra.py
[2025-03-24T16:32:26.826-1000] {processor.py:925} INFO - DAG(s) 'read_dataset_event_from_classic', 'read_dataset_event' retrieved from /opt/anaconda3/envs/titanic/lib/python3.11/site-packages/airflow/example_dags/example_inlet_event_extra.py
[2025-03-24T16:32:26.849-1000] {logging_mixin.py:190} INFO - [2025-03-24T16:32:26.849-1000] {dag.py:3239} INFO - Sync 2 DAGs
[2025-03-24T16:32:26.854-1000] {logging_mixin.py:190} INFO - [2025-03-24T16:32:26.854-1000] {dag.py:4180} INFO - Setting next_dagrun for read_dataset_event to 2025-03-24 00:00:00+00:00, run_after=2025-03-25 00:00:00+00:00
[2025-03-24T16:32:26.856-1000] {logging_mixin.py:190} INFO - [2025-03-24T16:32:26.855-1000] {dag.py:4180} INFO - Setting next_dagrun for read_dataset_event_from_classic to 2025-03-24 00:00:00+00:00, run_after=2025-03-25 00:00:00+00:00
[2025-03-24T16:32:26.860-1000] {processor.py:208} INFO - Processing /opt/anaconda3/envs/titanic/lib/python3.11/site-packages/airflow/example_dags/example_inlet_event_extra.py took 0.073 seconds
[2025-03-24T16:34:17.541-1000] {processor.py:186} INFO - Started process (PID=29633) to work on /opt/anaconda3/envs/titanic/lib/python3.11/site-packages/airflow/example_dags/example_inlet_event_extra.py
[2025-03-24T16:34:17.542-1000] {processor.py:914} INFO - Processing file /opt/anaconda3/envs/titanic/lib/python3.11/site-packages/airflow/example_dags/example_inlet_event_extra.py for tasks to queue
[2025-03-24T16:34:17.542-1000] {logging_mixin.py:190} INFO - [2025-03-24T16:34:17.542-1000] {dagbag.py:588} INFO - Filling up the DagBag from /opt/anaconda3/envs/titanic/lib/python3.11/site-packages/airflow/example_dags/example_inlet_event_extra.py
[2025-03-24T16:34:17.559-1000] {processor.py:925} INFO - DAG(s) 'read_dataset_event_from_classic', 'read_dataset_event' retrieved from /opt/anaconda3/envs/titanic/lib/python3.11/site-packages/airflow/example_dags/example_inlet_event_extra.py
[2025-03-24T16:34:17.583-1000] {logging_mixin.py:190} INFO - [2025-03-24T16:34:17.583-1000] {dag.py:3239} INFO - Sync 2 DAGs
[2025-03-24T16:34:17.588-1000] {logging_mixin.py:190} INFO - [2025-03-24T16:34:17.588-1000] {dag.py:4180} INFO - Setting next_dagrun for read_dataset_event to 2025-03-24 00:00:00+00:00, run_after=2025-03-25 00:00:00+00:00
[2025-03-24T16:34:17.589-1000] {logging_mixin.py:190} INFO - [2025-03-24T16:34:17.589-1000] {dag.py:4180} INFO - Setting next_dagrun for read_dataset_event_from_classic to 2025-03-24 00:00:00+00:00, run_after=2025-03-25 00:00:00+00:00
[2025-03-24T16:34:17.593-1000] {processor.py:208} INFO - Processing /opt/anaconda3/envs/titanic/lib/python3.11/site-packages/airflow/example_dags/example_inlet_event_extra.py took 0.072 seconds
[2025-03-24T16:36:05.759-1000] {processor.py:186} INFO - Started process (PID=30045) to work on /opt/anaconda3/envs/titanic/lib/python3.11/site-packages/airflow/example_dags/example_inlet_event_extra.py
[2025-03-24T16:36:05.759-1000] {processor.py:914} INFO - Processing file /opt/anaconda3/envs/titanic/lib/python3.11/site-packages/airflow/example_dags/example_inlet_event_extra.py for tasks to queue
[2025-03-24T16:36:05.760-1000] {logging_mixin.py:190} INFO - [2025-03-24T16:36:05.760-1000] {dagbag.py:588} INFO - Filling up the DagBag from /opt/anaconda3/envs/titanic/lib/python3.11/site-packages/airflow/example_dags/example_inlet_event_extra.py
[2025-03-24T16:36:05.777-1000] {processor.py:925} INFO - DAG(s) 'read_dataset_event_from_classic', 'read_dataset_event' retrieved from /opt/anaconda3/envs/titanic/lib/python3.11/site-packages/airflow/example_dags/example_inlet_event_extra.py
[2025-03-24T16:36:05.801-1000] {logging_mixin.py:190} INFO - [2025-03-24T16:36:05.801-1000] {dag.py:3239} INFO - Sync 2 DAGs
[2025-03-24T16:36:05.806-1000] {logging_mixin.py:190} INFO - [2025-03-24T16:36:05.806-1000] {dag.py:4180} INFO - Setting next_dagrun for read_dataset_event to 2025-03-24 00:00:00+00:00, run_after=2025-03-25 00:00:00+00:00
[2025-03-24T16:36:05.807-1000] {logging_mixin.py:190} INFO - [2025-03-24T16:36:05.807-1000] {dag.py:4180} INFO - Setting next_dagrun for read_dataset_event_from_classic to 2025-03-24 00:00:00+00:00, run_after=2025-03-25 00:00:00+00:00
[2025-03-24T16:36:05.812-1000] {processor.py:208} INFO - Processing /opt/anaconda3/envs/titanic/lib/python3.11/site-packages/airflow/example_dags/example_inlet_event_extra.py took 0.072 seconds
[2025-03-24T16:37:56.751-1000] {processor.py:186} INFO - Started process (PID=30474) to work on /opt/anaconda3/envs/titanic/lib/python3.11/site-packages/airflow/example_dags/example_inlet_event_extra.py
[2025-03-24T16:37:56.752-1000] {processor.py:914} INFO - Processing file /opt/anaconda3/envs/titanic/lib/python3.11/site-packages/airflow/example_dags/example_inlet_event_extra.py for tasks to queue
[2025-03-24T16:37:56.752-1000] {logging_mixin.py:190} INFO - [2025-03-24T16:37:56.752-1000] {dagbag.py:588} INFO - Filling up the DagBag from /opt/anaconda3/envs/titanic/lib/python3.11/site-packages/airflow/example_dags/example_inlet_event_extra.py
[2025-03-24T16:37:56.773-1000] {processor.py:925} INFO - DAG(s) 'read_dataset_event', 'read_dataset_event_from_classic' retrieved from /opt/anaconda3/envs/titanic/lib/python3.11/site-packages/airflow/example_dags/example_inlet_event_extra.py
[2025-03-24T16:37:56.796-1000] {logging_mixin.py:190} INFO - [2025-03-24T16:37:56.796-1000] {dag.py:3239} INFO - Sync 2 DAGs
[2025-03-24T16:37:56.801-1000] {logging_mixin.py:190} INFO - [2025-03-24T16:37:56.801-1000] {dag.py:4180} INFO - Setting next_dagrun for read_dataset_event to 2025-03-24 00:00:00+00:00, run_after=2025-03-25 00:00:00+00:00
[2025-03-24T16:37:56.802-1000] {logging_mixin.py:190} INFO - [2025-03-24T16:37:56.802-1000] {dag.py:4180} INFO - Setting next_dagrun for read_dataset_event_from_classic to 2025-03-24 00:00:00+00:00, run_after=2025-03-25 00:00:00+00:00
[2025-03-24T16:37:56.807-1000] {processor.py:208} INFO - Processing /opt/anaconda3/envs/titanic/lib/python3.11/site-packages/airflow/example_dags/example_inlet_event_extra.py took 0.075 seconds
[2025-03-24T16:39:54.113-1000] {processor.py:186} INFO - Started process (PID=30936) to work on /opt/anaconda3/envs/titanic/lib/python3.11/site-packages/airflow/example_dags/example_inlet_event_extra.py
[2025-03-24T16:39:54.113-1000] {processor.py:914} INFO - Processing file /opt/anaconda3/envs/titanic/lib/python3.11/site-packages/airflow/example_dags/example_inlet_event_extra.py for tasks to queue
[2025-03-24T16:39:54.114-1000] {logging_mixin.py:190} INFO - [2025-03-24T16:39:54.114-1000] {dagbag.py:588} INFO - Filling up the DagBag from /opt/anaconda3/envs/titanic/lib/python3.11/site-packages/airflow/example_dags/example_inlet_event_extra.py
[2025-03-24T16:39:54.132-1000] {processor.py:925} INFO - DAG(s) 'read_dataset_event', 'read_dataset_event_from_classic' retrieved from /opt/anaconda3/envs/titanic/lib/python3.11/site-packages/airflow/example_dags/example_inlet_event_extra.py
[2025-03-24T16:39:54.156-1000] {logging_mixin.py:190} INFO - [2025-03-24T16:39:54.156-1000] {dag.py:3239} INFO - Sync 2 DAGs
[2025-03-24T16:39:54.161-1000] {logging_mixin.py:190} INFO - [2025-03-24T16:39:54.161-1000] {dag.py:4180} INFO - Setting next_dagrun for read_dataset_event to 2025-03-24 00:00:00+00:00, run_after=2025-03-25 00:00:00+00:00
[2025-03-24T16:39:54.162-1000] {logging_mixin.py:190} INFO - [2025-03-24T16:39:54.162-1000] {dag.py:4180} INFO - Setting next_dagrun for read_dataset_event_from_classic to 2025-03-24 00:00:00+00:00, run_after=2025-03-25 00:00:00+00:00
[2025-03-24T16:39:54.166-1000] {processor.py:208} INFO - Processing /opt/anaconda3/envs/titanic/lib/python3.11/site-packages/airflow/example_dags/example_inlet_event_extra.py took 0.073 seconds
[2025-03-24T16:41:51.754-1000] {processor.py:186} INFO - Started process (PID=31385) to work on /opt/anaconda3/envs/titanic/lib/python3.11/site-packages/airflow/example_dags/example_inlet_event_extra.py
[2025-03-24T16:41:51.754-1000] {processor.py:914} INFO - Processing file /opt/anaconda3/envs/titanic/lib/python3.11/site-packages/airflow/example_dags/example_inlet_event_extra.py for tasks to queue
[2025-03-24T16:41:51.754-1000] {logging_mixin.py:190} INFO - [2025-03-24T16:41:51.754-1000] {dagbag.py:588} INFO - Filling up the DagBag from /opt/anaconda3/envs/titanic/lib/python3.11/site-packages/airflow/example_dags/example_inlet_event_extra.py
[2025-03-24T16:41:51.771-1000] {processor.py:925} INFO - DAG(s) 'read_dataset_event', 'read_dataset_event_from_classic' retrieved from /opt/anaconda3/envs/titanic/lib/python3.11/site-packages/airflow/example_dags/example_inlet_event_extra.py
[2025-03-24T16:41:51.795-1000] {logging_mixin.py:190} INFO - [2025-03-24T16:41:51.795-1000] {dag.py:3239} INFO - Sync 2 DAGs
[2025-03-24T16:41:51.800-1000] {logging_mixin.py:190} INFO - [2025-03-24T16:41:51.800-1000] {dag.py:4180} INFO - Setting next_dagrun for read_dataset_event to 2025-03-24 00:00:00+00:00, run_after=2025-03-25 00:00:00+00:00
[2025-03-24T16:41:51.801-1000] {logging_mixin.py:190} INFO - [2025-03-24T16:41:51.801-1000] {dag.py:4180} INFO - Setting next_dagrun for read_dataset_event_from_classic to 2025-03-24 00:00:00+00:00, run_after=2025-03-25 00:00:00+00:00
[2025-03-24T16:41:51.806-1000] {processor.py:208} INFO - Processing /opt/anaconda3/envs/titanic/lib/python3.11/site-packages/airflow/example_dags/example_inlet_event_extra.py took 0.072 seconds
[2025-03-24T16:43:44.612-1000] {processor.py:186} INFO - Started process (PID=31818) to work on /opt/anaconda3/envs/titanic/lib/python3.11/site-packages/airflow/example_dags/example_inlet_event_extra.py
[2025-03-24T16:43:44.612-1000] {processor.py:914} INFO - Processing file /opt/anaconda3/envs/titanic/lib/python3.11/site-packages/airflow/example_dags/example_inlet_event_extra.py for tasks to queue
[2025-03-24T16:43:44.613-1000] {logging_mixin.py:190} INFO - [2025-03-24T16:43:44.612-1000] {dagbag.py:588} INFO - Filling up the DagBag from /opt/anaconda3/envs/titanic/lib/python3.11/site-packages/airflow/example_dags/example_inlet_event_extra.py
[2025-03-24T16:43:44.630-1000] {processor.py:925} INFO - DAG(s) 'read_dataset_event', 'read_dataset_event_from_classic' retrieved from /opt/anaconda3/envs/titanic/lib/python3.11/site-packages/airflow/example_dags/example_inlet_event_extra.py
[2025-03-24T16:43:44.654-1000] {logging_mixin.py:190} INFO - [2025-03-24T16:43:44.654-1000] {dag.py:3239} INFO - Sync 2 DAGs
[2025-03-24T16:43:44.659-1000] {logging_mixin.py:190} INFO - [2025-03-24T16:43:44.659-1000] {dag.py:4180} INFO - Setting next_dagrun for read_dataset_event to 2025-03-24 00:00:00+00:00, run_after=2025-03-25 00:00:00+00:00
[2025-03-24T16:43:44.660-1000] {logging_mixin.py:190} INFO - [2025-03-24T16:43:44.660-1000] {dag.py:4180} INFO - Setting next_dagrun for read_dataset_event_from_classic to 2025-03-24 00:00:00+00:00, run_after=2025-03-25 00:00:00+00:00
[2025-03-24T16:43:44.665-1000] {processor.py:208} INFO - Processing /opt/anaconda3/envs/titanic/lib/python3.11/site-packages/airflow/example_dags/example_inlet_event_extra.py took 0.073 seconds
[2025-03-24T16:45:33.648-1000] {processor.py:186} INFO - Started process (PID=32237) to work on /opt/anaconda3/envs/titanic/lib/python3.11/site-packages/airflow/example_dags/example_inlet_event_extra.py
[2025-03-24T16:45:33.648-1000] {processor.py:914} INFO - Processing file /opt/anaconda3/envs/titanic/lib/python3.11/site-packages/airflow/example_dags/example_inlet_event_extra.py for tasks to queue
[2025-03-24T16:45:33.648-1000] {logging_mixin.py:190} INFO - [2025-03-24T16:45:33.648-1000] {dagbag.py:588} INFO - Filling up the DagBag from /opt/anaconda3/envs/titanic/lib/python3.11/site-packages/airflow/example_dags/example_inlet_event_extra.py
[2025-03-24T16:45:33.668-1000] {processor.py:925} INFO - DAG(s) 'read_dataset_event_from_classic', 'read_dataset_event' retrieved from /opt/anaconda3/envs/titanic/lib/python3.11/site-packages/airflow/example_dags/example_inlet_event_extra.py
[2025-03-24T16:45:33.693-1000] {logging_mixin.py:190} INFO - [2025-03-24T16:45:33.692-1000] {dag.py:3239} INFO - Sync 2 DAGs
[2025-03-24T16:45:33.698-1000] {logging_mixin.py:190} INFO - [2025-03-24T16:45:33.698-1000] {dag.py:4180} INFO - Setting next_dagrun for read_dataset_event to 2025-03-24 00:00:00+00:00, run_after=2025-03-25 00:00:00+00:00
[2025-03-24T16:45:33.699-1000] {logging_mixin.py:190} INFO - [2025-03-24T16:45:33.699-1000] {dag.py:4180} INFO - Setting next_dagrun for read_dataset_event_from_classic to 2025-03-24 00:00:00+00:00, run_after=2025-03-25 00:00:00+00:00
[2025-03-24T16:45:33.703-1000] {processor.py:208} INFO - Processing /opt/anaconda3/envs/titanic/lib/python3.11/site-packages/airflow/example_dags/example_inlet_event_extra.py took 0.075 seconds
[2025-03-24T16:47:25.132-1000] {processor.py:186} INFO - Started process (PID=32678) to work on /opt/anaconda3/envs/titanic/lib/python3.11/site-packages/airflow/example_dags/example_inlet_event_extra.py
[2025-03-24T16:47:25.133-1000] {processor.py:914} INFO - Processing file /opt/anaconda3/envs/titanic/lib/python3.11/site-packages/airflow/example_dags/example_inlet_event_extra.py for tasks to queue
[2025-03-24T16:47:25.133-1000] {logging_mixin.py:190} INFO - [2025-03-24T16:47:25.133-1000] {dagbag.py:588} INFO - Filling up the DagBag from /opt/anaconda3/envs/titanic/lib/python3.11/site-packages/airflow/example_dags/example_inlet_event_extra.py
[2025-03-24T16:47:25.152-1000] {processor.py:925} INFO - DAG(s) 'read_dataset_event_from_classic', 'read_dataset_event' retrieved from /opt/anaconda3/envs/titanic/lib/python3.11/site-packages/airflow/example_dags/example_inlet_event_extra.py
[2025-03-24T16:47:25.176-1000] {logging_mixin.py:190} INFO - [2025-03-24T16:47:25.176-1000] {dag.py:3239} INFO - Sync 2 DAGs
[2025-03-24T16:47:25.182-1000] {logging_mixin.py:190} INFO - [2025-03-24T16:47:25.182-1000] {dag.py:4180} INFO - Setting next_dagrun for read_dataset_event to 2025-03-24 00:00:00+00:00, run_after=2025-03-25 00:00:00+00:00
[2025-03-24T16:47:25.183-1000] {logging_mixin.py:190} INFO - [2025-03-24T16:47:25.183-1000] {dag.py:4180} INFO - Setting next_dagrun for read_dataset_event_from_classic to 2025-03-24 00:00:00+00:00, run_after=2025-03-25 00:00:00+00:00
[2025-03-24T16:47:25.187-1000] {processor.py:208} INFO - Processing /opt/anaconda3/envs/titanic/lib/python3.11/site-packages/airflow/example_dags/example_inlet_event_extra.py took 0.075 seconds
[2025-03-24T16:49:24.465-1000] {processor.py:186} INFO - Started process (PID=33239) to work on /opt/anaconda3/envs/titanic/lib/python3.11/site-packages/airflow/example_dags/example_inlet_event_extra.py
[2025-03-24T16:49:24.466-1000] {processor.py:914} INFO - Processing file /opt/anaconda3/envs/titanic/lib/python3.11/site-packages/airflow/example_dags/example_inlet_event_extra.py for tasks to queue
[2025-03-24T16:49:24.467-1000] {logging_mixin.py:190} INFO - [2025-03-24T16:49:24.466-1000] {dagbag.py:588} INFO - Filling up the DagBag from /opt/anaconda3/envs/titanic/lib/python3.11/site-packages/airflow/example_dags/example_inlet_event_extra.py
[2025-03-24T16:49:24.484-1000] {processor.py:925} INFO - DAG(s) 'read_dataset_event_from_classic', 'read_dataset_event' retrieved from /opt/anaconda3/envs/titanic/lib/python3.11/site-packages/airflow/example_dags/example_inlet_event_extra.py
[2025-03-24T16:49:24.508-1000] {logging_mixin.py:190} INFO - [2025-03-24T16:49:24.508-1000] {dag.py:3239} INFO - Sync 2 DAGs
[2025-03-24T16:49:24.513-1000] {logging_mixin.py:190} INFO - [2025-03-24T16:49:24.513-1000] {dag.py:4180} INFO - Setting next_dagrun for read_dataset_event to 2025-03-24 00:00:00+00:00, run_after=2025-03-25 00:00:00+00:00
[2025-03-24T16:49:24.514-1000] {logging_mixin.py:190} INFO - [2025-03-24T16:49:24.514-1000] {dag.py:4180} INFO - Setting next_dagrun for read_dataset_event_from_classic to 2025-03-24 00:00:00+00:00, run_after=2025-03-25 00:00:00+00:00
[2025-03-24T16:49:24.519-1000] {processor.py:208} INFO - Processing /opt/anaconda3/envs/titanic/lib/python3.11/site-packages/airflow/example_dags/example_inlet_event_extra.py took 0.055 seconds
[2025-03-24T16:51:19.060-1000] {processor.py:186} INFO - Started process (PID=33672) to work on /opt/anaconda3/envs/titanic/lib/python3.11/site-packages/airflow/example_dags/example_inlet_event_extra.py
[2025-03-24T16:51:19.061-1000] {processor.py:914} INFO - Processing file /opt/anaconda3/envs/titanic/lib/python3.11/site-packages/airflow/example_dags/example_inlet_event_extra.py for tasks to queue
[2025-03-24T16:51:19.061-1000] {logging_mixin.py:190} INFO - [2025-03-24T16:51:19.061-1000] {dagbag.py:588} INFO - Filling up the DagBag from /opt/anaconda3/envs/titanic/lib/python3.11/site-packages/airflow/example_dags/example_inlet_event_extra.py
[2025-03-24T16:51:19.078-1000] {processor.py:925} INFO - DAG(s) 'read_dataset_event', 'read_dataset_event_from_classic' retrieved from /opt/anaconda3/envs/titanic/lib/python3.11/site-packages/airflow/example_dags/example_inlet_event_extra.py
[2025-03-24T16:51:19.102-1000] {logging_mixin.py:190} INFO - [2025-03-24T16:51:19.102-1000] {dag.py:3239} INFO - Sync 2 DAGs
[2025-03-24T16:51:19.107-1000] {logging_mixin.py:190} INFO - [2025-03-24T16:51:19.107-1000] {dag.py:4180} INFO - Setting next_dagrun for read_dataset_event to 2025-03-24 00:00:00+00:00, run_after=2025-03-25 00:00:00+00:00
[2025-03-24T16:51:19.108-1000] {logging_mixin.py:190} INFO - [2025-03-24T16:51:19.108-1000] {dag.py:4180} INFO - Setting next_dagrun for read_dataset_event_from_classic to 2025-03-24 00:00:00+00:00, run_after=2025-03-25 00:00:00+00:00
[2025-03-24T16:51:19.113-1000] {processor.py:208} INFO - Processing /opt/anaconda3/envs/titanic/lib/python3.11/site-packages/airflow/example_dags/example_inlet_event_extra.py took 0.054 seconds
[2025-03-24T16:53:15.349-1000] {processor.py:186} INFO - Started process (PID=34108) to work on /opt/anaconda3/envs/titanic/lib/python3.11/site-packages/airflow/example_dags/example_inlet_event_extra.py
[2025-03-24T16:53:15.350-1000] {processor.py:914} INFO - Processing file /opt/anaconda3/envs/titanic/lib/python3.11/site-packages/airflow/example_dags/example_inlet_event_extra.py for tasks to queue
[2025-03-24T16:53:15.350-1000] {logging_mixin.py:190} INFO - [2025-03-24T16:53:15.350-1000] {dagbag.py:588} INFO - Filling up the DagBag from /opt/anaconda3/envs/titanic/lib/python3.11/site-packages/airflow/example_dags/example_inlet_event_extra.py
[2025-03-24T16:53:15.369-1000] {processor.py:925} INFO - DAG(s) 'read_dataset_event_from_classic', 'read_dataset_event' retrieved from /opt/anaconda3/envs/titanic/lib/python3.11/site-packages/airflow/example_dags/example_inlet_event_extra.py
[2025-03-24T16:53:15.393-1000] {logging_mixin.py:190} INFO - [2025-03-24T16:53:15.393-1000] {dag.py:3239} INFO - Sync 2 DAGs
[2025-03-24T16:53:15.398-1000] {logging_mixin.py:190} INFO - [2025-03-24T16:53:15.398-1000] {dag.py:4180} INFO - Setting next_dagrun for read_dataset_event to 2025-03-24 00:00:00+00:00, run_after=2025-03-25 00:00:00+00:00
[2025-03-24T16:53:15.399-1000] {logging_mixin.py:190} INFO - [2025-03-24T16:53:15.399-1000] {dag.py:4180} INFO - Setting next_dagrun for read_dataset_event_from_classic to 2025-03-24 00:00:00+00:00, run_after=2025-03-25 00:00:00+00:00
[2025-03-24T16:53:15.404-1000] {processor.py:208} INFO - Processing /opt/anaconda3/envs/titanic/lib/python3.11/site-packages/airflow/example_dags/example_inlet_event_extra.py took 0.056 seconds
[2025-03-24T16:55:09.382-1000] {processor.py:186} INFO - Started process (PID=34534) to work on /opt/anaconda3/envs/titanic/lib/python3.11/site-packages/airflow/example_dags/example_inlet_event_extra.py
[2025-03-24T16:55:09.382-1000] {processor.py:914} INFO - Processing file /opt/anaconda3/envs/titanic/lib/python3.11/site-packages/airflow/example_dags/example_inlet_event_extra.py for tasks to queue
[2025-03-24T16:55:09.382-1000] {logging_mixin.py:190} INFO - [2025-03-24T16:55:09.382-1000] {dagbag.py:588} INFO - Filling up the DagBag from /opt/anaconda3/envs/titanic/lib/python3.11/site-packages/airflow/example_dags/example_inlet_event_extra.py
[2025-03-24T16:55:09.399-1000] {processor.py:925} INFO - DAG(s) 'read_dataset_event', 'read_dataset_event_from_classic' retrieved from /opt/anaconda3/envs/titanic/lib/python3.11/site-packages/airflow/example_dags/example_inlet_event_extra.py
[2025-03-24T16:55:09.423-1000] {logging_mixin.py:190} INFO - [2025-03-24T16:55:09.423-1000] {dag.py:3239} INFO - Sync 2 DAGs
[2025-03-24T16:55:09.428-1000] {logging_mixin.py:190} INFO - [2025-03-24T16:55:09.428-1000] {dag.py:4180} INFO - Setting next_dagrun for read_dataset_event to 2025-03-24 00:00:00+00:00, run_after=2025-03-25 00:00:00+00:00
[2025-03-24T16:55:09.429-1000] {logging_mixin.py:190} INFO - [2025-03-24T16:55:09.429-1000] {dag.py:4180} INFO - Setting next_dagrun for read_dataset_event_from_classic to 2025-03-24 00:00:00+00:00, run_after=2025-03-25 00:00:00+00:00
[2025-03-24T16:55:09.434-1000] {processor.py:208} INFO - Processing /opt/anaconda3/envs/titanic/lib/python3.11/site-packages/airflow/example_dags/example_inlet_event_extra.py took 0.053 seconds
[2025-03-24T16:57:01.014-1000] {processor.py:186} INFO - Started process (PID=34951) to work on /opt/anaconda3/envs/titanic/lib/python3.11/site-packages/airflow/example_dags/example_inlet_event_extra.py
[2025-03-24T16:57:01.014-1000] {processor.py:914} INFO - Processing file /opt/anaconda3/envs/titanic/lib/python3.11/site-packages/airflow/example_dags/example_inlet_event_extra.py for tasks to queue
[2025-03-24T16:57:01.014-1000] {logging_mixin.py:190} INFO - [2025-03-24T16:57:01.014-1000] {dagbag.py:588} INFO - Filling up the DagBag from /opt/anaconda3/envs/titanic/lib/python3.11/site-packages/airflow/example_dags/example_inlet_event_extra.py
[2025-03-24T16:57:01.031-1000] {processor.py:925} INFO - DAG(s) 'read_dataset_event_from_classic', 'read_dataset_event' retrieved from /opt/anaconda3/envs/titanic/lib/python3.11/site-packages/airflow/example_dags/example_inlet_event_extra.py
[2025-03-24T16:57:01.055-1000] {logging_mixin.py:190} INFO - [2025-03-24T16:57:01.055-1000] {dag.py:3239} INFO - Sync 2 DAGs
[2025-03-24T16:57:01.059-1000] {logging_mixin.py:190} INFO - [2025-03-24T16:57:01.059-1000] {dag.py:4180} INFO - Setting next_dagrun for read_dataset_event to 2025-03-24 00:00:00+00:00, run_after=2025-03-25 00:00:00+00:00
[2025-03-24T16:57:01.061-1000] {logging_mixin.py:190} INFO - [2025-03-24T16:57:01.060-1000] {dag.py:4180} INFO - Setting next_dagrun for read_dataset_event_from_classic to 2025-03-24 00:00:00+00:00, run_after=2025-03-25 00:00:00+00:00
[2025-03-24T16:57:01.065-1000] {processor.py:208} INFO - Processing /opt/anaconda3/envs/titanic/lib/python3.11/site-packages/airflow/example_dags/example_inlet_event_extra.py took 0.052 seconds
[2025-03-24T16:58:49.062-1000] {processor.py:186} INFO - Started process (PID=35376) to work on /opt/anaconda3/envs/titanic/lib/python3.11/site-packages/airflow/example_dags/example_inlet_event_extra.py
[2025-03-24T16:58:49.062-1000] {processor.py:914} INFO - Processing file /opt/anaconda3/envs/titanic/lib/python3.11/site-packages/airflow/example_dags/example_inlet_event_extra.py for tasks to queue
[2025-03-24T16:58:49.062-1000] {logging_mixin.py:190} INFO - [2025-03-24T16:58:49.062-1000] {dagbag.py:588} INFO - Filling up the DagBag from /opt/anaconda3/envs/titanic/lib/python3.11/site-packages/airflow/example_dags/example_inlet_event_extra.py
[2025-03-24T16:58:49.080-1000] {processor.py:925} INFO - DAG(s) 'read_dataset_event_from_classic', 'read_dataset_event' retrieved from /opt/anaconda3/envs/titanic/lib/python3.11/site-packages/airflow/example_dags/example_inlet_event_extra.py
[2025-03-24T16:58:49.105-1000] {logging_mixin.py:190} INFO - [2025-03-24T16:58:49.105-1000] {dag.py:3239} INFO - Sync 2 DAGs
[2025-03-24T16:58:49.110-1000] {logging_mixin.py:190} INFO - [2025-03-24T16:58:49.110-1000] {dag.py:4180} INFO - Setting next_dagrun for read_dataset_event to 2025-03-24 00:00:00+00:00, run_after=2025-03-25 00:00:00+00:00
[2025-03-24T16:58:49.111-1000] {logging_mixin.py:190} INFO - [2025-03-24T16:58:49.111-1000] {dag.py:4180} INFO - Setting next_dagrun for read_dataset_event_from_classic to 2025-03-24 00:00:00+00:00, run_after=2025-03-25 00:00:00+00:00
[2025-03-24T16:58:49.116-1000] {processor.py:208} INFO - Processing /opt/anaconda3/envs/titanic/lib/python3.11/site-packages/airflow/example_dags/example_inlet_event_extra.py took 0.055 seconds
[2025-03-24T17:00:42.446-1000] {processor.py:186} INFO - Started process (PID=35797) to work on /opt/anaconda3/envs/titanic/lib/python3.11/site-packages/airflow/example_dags/example_inlet_event_extra.py
[2025-03-24T17:00:42.446-1000] {processor.py:914} INFO - Processing file /opt/anaconda3/envs/titanic/lib/python3.11/site-packages/airflow/example_dags/example_inlet_event_extra.py for tasks to queue
[2025-03-24T17:00:42.446-1000] {logging_mixin.py:190} INFO - [2025-03-24T17:00:42.446-1000] {dagbag.py:588} INFO - Filling up the DagBag from /opt/anaconda3/envs/titanic/lib/python3.11/site-packages/airflow/example_dags/example_inlet_event_extra.py
[2025-03-24T17:00:42.465-1000] {processor.py:925} INFO - DAG(s) 'read_dataset_event', 'read_dataset_event_from_classic' retrieved from /opt/anaconda3/envs/titanic/lib/python3.11/site-packages/airflow/example_dags/example_inlet_event_extra.py
[2025-03-24T17:00:42.489-1000] {logging_mixin.py:190} INFO - [2025-03-24T17:00:42.489-1000] {dag.py:3239} INFO - Sync 2 DAGs
[2025-03-24T17:00:42.494-1000] {logging_mixin.py:190} INFO - [2025-03-24T17:00:42.494-1000] {dag.py:4180} INFO - Setting next_dagrun for read_dataset_event to 2025-03-24 00:00:00+00:00, run_after=2025-03-25 00:00:00+00:00
[2025-03-24T17:00:42.495-1000] {logging_mixin.py:190} INFO - [2025-03-24T17:00:42.495-1000] {dag.py:4180} INFO - Setting next_dagrun for read_dataset_event_from_classic to 2025-03-24 00:00:00+00:00, run_after=2025-03-25 00:00:00+00:00
[2025-03-24T17:00:42.500-1000] {processor.py:208} INFO - Processing /opt/anaconda3/envs/titanic/lib/python3.11/site-packages/airflow/example_dags/example_inlet_event_extra.py took 0.055 seconds
[2025-03-24T17:02:41.176-1000] {processor.py:186} INFO - Started process (PID=36253) to work on /opt/anaconda3/envs/titanic/lib/python3.11/site-packages/airflow/example_dags/example_inlet_event_extra.py
[2025-03-24T17:02:41.176-1000] {processor.py:914} INFO - Processing file /opt/anaconda3/envs/titanic/lib/python3.11/site-packages/airflow/example_dags/example_inlet_event_extra.py for tasks to queue
[2025-03-24T17:02:41.176-1000] {logging_mixin.py:190} INFO - [2025-03-24T17:02:41.176-1000] {dagbag.py:588} INFO - Filling up the DagBag from /opt/anaconda3/envs/titanic/lib/python3.11/site-packages/airflow/example_dags/example_inlet_event_extra.py
[2025-03-24T17:02:41.194-1000] {processor.py:925} INFO - DAG(s) 'read_dataset_event', 'read_dataset_event_from_classic' retrieved from /opt/anaconda3/envs/titanic/lib/python3.11/site-packages/airflow/example_dags/example_inlet_event_extra.py
[2025-03-24T17:02:41.220-1000] {logging_mixin.py:190} INFO - [2025-03-24T17:02:41.220-1000] {dag.py:3239} INFO - Sync 2 DAGs
[2025-03-24T17:02:41.226-1000] {logging_mixin.py:190} INFO - [2025-03-24T17:02:41.226-1000] {dag.py:4180} INFO - Setting next_dagrun for read_dataset_event to 2025-03-24 00:00:00+00:00, run_after=2025-03-25 00:00:00+00:00
[2025-03-24T17:02:41.227-1000] {logging_mixin.py:190} INFO - [2025-03-24T17:02:41.227-1000] {dag.py:4180} INFO - Setting next_dagrun for read_dataset_event_from_classic to 2025-03-24 00:00:00+00:00, run_after=2025-03-25 00:00:00+00:00
[2025-03-24T17:02:41.232-1000] {processor.py:208} INFO - Processing /opt/anaconda3/envs/titanic/lib/python3.11/site-packages/airflow/example_dags/example_inlet_event_extra.py took 0.057 seconds
[2025-03-24T17:04:35.654-1000] {processor.py:186} INFO - Started process (PID=36678) to work on /opt/anaconda3/envs/titanic/lib/python3.11/site-packages/airflow/example_dags/example_inlet_event_extra.py
[2025-03-24T17:04:35.654-1000] {processor.py:914} INFO - Processing file /opt/anaconda3/envs/titanic/lib/python3.11/site-packages/airflow/example_dags/example_inlet_event_extra.py for tasks to queue
[2025-03-24T17:04:35.654-1000] {logging_mixin.py:190} INFO - [2025-03-24T17:04:35.654-1000] {dagbag.py:588} INFO - Filling up the DagBag from /opt/anaconda3/envs/titanic/lib/python3.11/site-packages/airflow/example_dags/example_inlet_event_extra.py
[2025-03-24T17:04:35.671-1000] {processor.py:925} INFO - DAG(s) 'read_dataset_event', 'read_dataset_event_from_classic' retrieved from /opt/anaconda3/envs/titanic/lib/python3.11/site-packages/airflow/example_dags/example_inlet_event_extra.py
[2025-03-24T17:04:35.695-1000] {logging_mixin.py:190} INFO - [2025-03-24T17:04:35.695-1000] {dag.py:3239} INFO - Sync 2 DAGs
[2025-03-24T17:04:35.700-1000] {logging_mixin.py:190} INFO - [2025-03-24T17:04:35.699-1000] {dag.py:4180} INFO - Setting next_dagrun for read_dataset_event to 2025-03-24 00:00:00+00:00, run_after=2025-03-25 00:00:00+00:00
[2025-03-24T17:04:35.701-1000] {logging_mixin.py:190} INFO - [2025-03-24T17:04:35.701-1000] {dag.py:4180} INFO - Setting next_dagrun for read_dataset_event_from_classic to 2025-03-24 00:00:00+00:00, run_after=2025-03-25 00:00:00+00:00
[2025-03-24T17:04:35.705-1000] {processor.py:208} INFO - Processing /opt/anaconda3/envs/titanic/lib/python3.11/site-packages/airflow/example_dags/example_inlet_event_extra.py took 0.053 seconds
[2025-03-24T17:06:26.078-1000] {processor.py:186} INFO - Started process (PID=37095) to work on /opt/anaconda3/envs/titanic/lib/python3.11/site-packages/airflow/example_dags/example_inlet_event_extra.py
[2025-03-24T17:06:26.079-1000] {processor.py:914} INFO - Processing file /opt/anaconda3/envs/titanic/lib/python3.11/site-packages/airflow/example_dags/example_inlet_event_extra.py for tasks to queue
[2025-03-24T17:06:26.079-1000] {logging_mixin.py:190} INFO - [2025-03-24T17:06:26.079-1000] {dagbag.py:588} INFO - Filling up the DagBag from /opt/anaconda3/envs/titanic/lib/python3.11/site-packages/airflow/example_dags/example_inlet_event_extra.py
[2025-03-24T17:06:26.097-1000] {processor.py:925} INFO - DAG(s) 'read_dataset_event_from_classic', 'read_dataset_event' retrieved from /opt/anaconda3/envs/titanic/lib/python3.11/site-packages/airflow/example_dags/example_inlet_event_extra.py
[2025-03-24T17:06:26.120-1000] {logging_mixin.py:190} INFO - [2025-03-24T17:06:26.120-1000] {dag.py:3239} INFO - Sync 2 DAGs
[2025-03-24T17:06:26.125-1000] {logging_mixin.py:190} INFO - [2025-03-24T17:06:26.125-1000] {dag.py:4180} INFO - Setting next_dagrun for read_dataset_event to 2025-03-24 00:00:00+00:00, run_after=2025-03-25 00:00:00+00:00
[2025-03-24T17:06:26.126-1000] {logging_mixin.py:190} INFO - [2025-03-24T17:06:26.126-1000] {dag.py:4180} INFO - Setting next_dagrun for read_dataset_event_from_classic to 2025-03-24 00:00:00+00:00, run_after=2025-03-25 00:00:00+00:00
[2025-03-24T17:06:26.131-1000] {processor.py:208} INFO - Processing /opt/anaconda3/envs/titanic/lib/python3.11/site-packages/airflow/example_dags/example_inlet_event_extra.py took 0.053 seconds
[2025-03-24T17:08:14.763-1000] {processor.py:186} INFO - Started process (PID=37543) to work on /opt/anaconda3/envs/titanic/lib/python3.11/site-packages/airflow/example_dags/example_inlet_event_extra.py
[2025-03-24T17:08:14.763-1000] {processor.py:914} INFO - Processing file /opt/anaconda3/envs/titanic/lib/python3.11/site-packages/airflow/example_dags/example_inlet_event_extra.py for tasks to queue
[2025-03-24T17:08:14.763-1000] {logging_mixin.py:190} INFO - [2025-03-24T17:08:14.763-1000] {dagbag.py:588} INFO - Filling up the DagBag from /opt/anaconda3/envs/titanic/lib/python3.11/site-packages/airflow/example_dags/example_inlet_event_extra.py
[2025-03-24T17:08:14.781-1000] {processor.py:925} INFO - DAG(s) 'read_dataset_event', 'read_dataset_event_from_classic' retrieved from /opt/anaconda3/envs/titanic/lib/python3.11/site-packages/airflow/example_dags/example_inlet_event_extra.py
[2025-03-24T17:08:14.805-1000] {logging_mixin.py:190} INFO - [2025-03-24T17:08:14.805-1000] {dag.py:3239} INFO - Sync 2 DAGs
[2025-03-24T17:08:14.809-1000] {logging_mixin.py:190} INFO - [2025-03-24T17:08:14.809-1000] {dag.py:4180} INFO - Setting next_dagrun for read_dataset_event to 2025-03-24 00:00:00+00:00, run_after=2025-03-25 00:00:00+00:00
[2025-03-24T17:08:14.810-1000] {logging_mixin.py:190} INFO - [2025-03-24T17:08:14.810-1000] {dag.py:4180} INFO - Setting next_dagrun for read_dataset_event_from_classic to 2025-03-24 00:00:00+00:00, run_after=2025-03-25 00:00:00+00:00
[2025-03-24T17:08:14.815-1000] {processor.py:208} INFO - Processing /opt/anaconda3/envs/titanic/lib/python3.11/site-packages/airflow/example_dags/example_inlet_event_extra.py took 0.053 seconds
[2025-03-24T17:10:06.621-1000] {processor.py:186} INFO - Started process (PID=37965) to work on /opt/anaconda3/envs/titanic/lib/python3.11/site-packages/airflow/example_dags/example_inlet_event_extra.py
[2025-03-24T17:10:06.622-1000] {processor.py:914} INFO - Processing file /opt/anaconda3/envs/titanic/lib/python3.11/site-packages/airflow/example_dags/example_inlet_event_extra.py for tasks to queue
[2025-03-24T17:10:06.622-1000] {logging_mixin.py:190} INFO - [2025-03-24T17:10:06.622-1000] {dagbag.py:588} INFO - Filling up the DagBag from /opt/anaconda3/envs/titanic/lib/python3.11/site-packages/airflow/example_dags/example_inlet_event_extra.py
[2025-03-24T17:10:06.639-1000] {processor.py:925} INFO - DAG(s) 'read_dataset_event', 'read_dataset_event_from_classic' retrieved from /opt/anaconda3/envs/titanic/lib/python3.11/site-packages/airflow/example_dags/example_inlet_event_extra.py
[2025-03-24T17:10:06.663-1000] {logging_mixin.py:190} INFO - [2025-03-24T17:10:06.663-1000] {dag.py:3239} INFO - Sync 2 DAGs
[2025-03-24T17:10:06.667-1000] {logging_mixin.py:190} INFO - [2025-03-24T17:10:06.667-1000] {dag.py:4180} INFO - Setting next_dagrun for read_dataset_event to 2025-03-24 00:00:00+00:00, run_after=2025-03-25 00:00:00+00:00
[2025-03-24T17:10:06.668-1000] {logging_mixin.py:190} INFO - [2025-03-24T17:10:06.668-1000] {dag.py:4180} INFO - Setting next_dagrun for read_dataset_event_from_classic to 2025-03-24 00:00:00+00:00, run_after=2025-03-25 00:00:00+00:00
[2025-03-24T17:10:06.673-1000] {processor.py:208} INFO - Processing /opt/anaconda3/envs/titanic/lib/python3.11/site-packages/airflow/example_dags/example_inlet_event_extra.py took 0.052 seconds
[2025-03-24T17:11:55.028-1000] {processor.py:186} INFO - Started process (PID=38383) to work on /opt/anaconda3/envs/titanic/lib/python3.11/site-packages/airflow/example_dags/example_inlet_event_extra.py
[2025-03-24T17:11:55.029-1000] {processor.py:914} INFO - Processing file /opt/anaconda3/envs/titanic/lib/python3.11/site-packages/airflow/example_dags/example_inlet_event_extra.py for tasks to queue
[2025-03-24T17:11:55.029-1000] {logging_mixin.py:190} INFO - [2025-03-24T17:11:55.029-1000] {dagbag.py:588} INFO - Filling up the DagBag from /opt/anaconda3/envs/titanic/lib/python3.11/site-packages/airflow/example_dags/example_inlet_event_extra.py
[2025-03-24T17:11:55.046-1000] {processor.py:925} INFO - DAG(s) 'read_dataset_event', 'read_dataset_event_from_classic' retrieved from /opt/anaconda3/envs/titanic/lib/python3.11/site-packages/airflow/example_dags/example_inlet_event_extra.py
[2025-03-24T17:11:55.069-1000] {logging_mixin.py:190} INFO - [2025-03-24T17:11:55.069-1000] {dag.py:3239} INFO - Sync 2 DAGs
[2025-03-24T17:11:55.074-1000] {logging_mixin.py:190} INFO - [2025-03-24T17:11:55.074-1000] {dag.py:4180} INFO - Setting next_dagrun for read_dataset_event to 2025-03-24 00:00:00+00:00, run_after=2025-03-25 00:00:00+00:00
[2025-03-24T17:11:55.075-1000] {logging_mixin.py:190} INFO - [2025-03-24T17:11:55.075-1000] {dag.py:4180} INFO - Setting next_dagrun for read_dataset_event_from_classic to 2025-03-24 00:00:00+00:00, run_after=2025-03-25 00:00:00+00:00
[2025-03-24T17:11:55.079-1000] {processor.py:208} INFO - Processing /opt/anaconda3/envs/titanic/lib/python3.11/site-packages/airflow/example_dags/example_inlet_event_extra.py took 0.052 seconds
[2025-03-24T17:13:42.261-1000] {processor.py:186} INFO - Started process (PID=38791) to work on /opt/anaconda3/envs/titanic/lib/python3.11/site-packages/airflow/example_dags/example_inlet_event_extra.py
[2025-03-24T17:13:42.261-1000] {processor.py:914} INFO - Processing file /opt/anaconda3/envs/titanic/lib/python3.11/site-packages/airflow/example_dags/example_inlet_event_extra.py for tasks to queue
[2025-03-24T17:13:42.262-1000] {logging_mixin.py:190} INFO - [2025-03-24T17:13:42.262-1000] {dagbag.py:588} INFO - Filling up the DagBag from /opt/anaconda3/envs/titanic/lib/python3.11/site-packages/airflow/example_dags/example_inlet_event_extra.py
[2025-03-24T17:13:42.278-1000] {processor.py:925} INFO - DAG(s) 'read_dataset_event', 'read_dataset_event_from_classic' retrieved from /opt/anaconda3/envs/titanic/lib/python3.11/site-packages/airflow/example_dags/example_inlet_event_extra.py
[2025-03-24T17:13:42.302-1000] {logging_mixin.py:190} INFO - [2025-03-24T17:13:42.302-1000] {dag.py:3239} INFO - Sync 2 DAGs
[2025-03-24T17:13:42.307-1000] {logging_mixin.py:190} INFO - [2025-03-24T17:13:42.307-1000] {dag.py:4180} INFO - Setting next_dagrun for read_dataset_event to 2025-03-24 00:00:00+00:00, run_after=2025-03-25 00:00:00+00:00
[2025-03-24T17:13:42.308-1000] {logging_mixin.py:190} INFO - [2025-03-24T17:13:42.308-1000] {dag.py:4180} INFO - Setting next_dagrun for read_dataset_event_from_classic to 2025-03-24 00:00:00+00:00, run_after=2025-03-25 00:00:00+00:00
[2025-03-24T17:13:42.313-1000] {processor.py:208} INFO - Processing /opt/anaconda3/envs/titanic/lib/python3.11/site-packages/airflow/example_dags/example_inlet_event_extra.py took 0.053 seconds
[2025-03-24T17:15:31.907-1000] {processor.py:186} INFO - Started process (PID=39209) to work on /opt/anaconda3/envs/titanic/lib/python3.11/site-packages/airflow/example_dags/example_inlet_event_extra.py
[2025-03-24T17:15:31.907-1000] {processor.py:914} INFO - Processing file /opt/anaconda3/envs/titanic/lib/python3.11/site-packages/airflow/example_dags/example_inlet_event_extra.py for tasks to queue
[2025-03-24T17:15:31.907-1000] {logging_mixin.py:190} INFO - [2025-03-24T17:15:31.907-1000] {dagbag.py:588} INFO - Filling up the DagBag from /opt/anaconda3/envs/titanic/lib/python3.11/site-packages/airflow/example_dags/example_inlet_event_extra.py
[2025-03-24T17:15:31.924-1000] {processor.py:925} INFO - DAG(s) 'read_dataset_event_from_classic', 'read_dataset_event' retrieved from /opt/anaconda3/envs/titanic/lib/python3.11/site-packages/airflow/example_dags/example_inlet_event_extra.py
[2025-03-24T17:15:31.947-1000] {logging_mixin.py:190} INFO - [2025-03-24T17:15:31.947-1000] {dag.py:3239} INFO - Sync 2 DAGs
[2025-03-24T17:15:31.952-1000] {logging_mixin.py:190} INFO - [2025-03-24T17:15:31.952-1000] {dag.py:4180} INFO - Setting next_dagrun for read_dataset_event to 2025-03-24 00:00:00+00:00, run_after=2025-03-25 00:00:00+00:00
[2025-03-24T17:15:31.953-1000] {logging_mixin.py:190} INFO - [2025-03-24T17:15:31.953-1000] {dag.py:4180} INFO - Setting next_dagrun for read_dataset_event_from_classic to 2025-03-24 00:00:00+00:00, run_after=2025-03-25 00:00:00+00:00
[2025-03-24T17:15:31.958-1000] {processor.py:208} INFO - Processing /opt/anaconda3/envs/titanic/lib/python3.11/site-packages/airflow/example_dags/example_inlet_event_extra.py took 0.052 seconds
[2025-03-24T17:17:21.459-1000] {processor.py:186} INFO - Started process (PID=39621) to work on /opt/anaconda3/envs/titanic/lib/python3.11/site-packages/airflow/example_dags/example_inlet_event_extra.py
[2025-03-24T17:17:21.459-1000] {processor.py:914} INFO - Processing file /opt/anaconda3/envs/titanic/lib/python3.11/site-packages/airflow/example_dags/example_inlet_event_extra.py for tasks to queue
[2025-03-24T17:17:21.459-1000] {logging_mixin.py:190} INFO - [2025-03-24T17:17:21.459-1000] {dagbag.py:588} INFO - Filling up the DagBag from /opt/anaconda3/envs/titanic/lib/python3.11/site-packages/airflow/example_dags/example_inlet_event_extra.py
[2025-03-24T17:17:21.476-1000] {processor.py:925} INFO - DAG(s) 'read_dataset_event', 'read_dataset_event_from_classic' retrieved from /opt/anaconda3/envs/titanic/lib/python3.11/site-packages/airflow/example_dags/example_inlet_event_extra.py
[2025-03-24T17:17:21.500-1000] {logging_mixin.py:190} INFO - [2025-03-24T17:17:21.500-1000] {dag.py:3239} INFO - Sync 2 DAGs
[2025-03-24T17:17:21.505-1000] {logging_mixin.py:190} INFO - [2025-03-24T17:17:21.504-1000] {dag.py:4180} INFO - Setting next_dagrun for read_dataset_event to 2025-03-24 00:00:00+00:00, run_after=2025-03-25 00:00:00+00:00
[2025-03-24T17:17:21.506-1000] {logging_mixin.py:190} INFO - [2025-03-24T17:17:21.506-1000] {dag.py:4180} INFO - Setting next_dagrun for read_dataset_event_from_classic to 2025-03-24 00:00:00+00:00, run_after=2025-03-25 00:00:00+00:00
[2025-03-24T17:17:21.510-1000] {processor.py:208} INFO - Processing /opt/anaconda3/envs/titanic/lib/python3.11/site-packages/airflow/example_dags/example_inlet_event_extra.py took 0.052 seconds
[2025-03-24T17:19:10.596-1000] {processor.py:186} INFO - Started process (PID=40051) to work on /opt/anaconda3/envs/titanic/lib/python3.11/site-packages/airflow/example_dags/example_inlet_event_extra.py
[2025-03-24T17:19:10.597-1000] {processor.py:914} INFO - Processing file /opt/anaconda3/envs/titanic/lib/python3.11/site-packages/airflow/example_dags/example_inlet_event_extra.py for tasks to queue
[2025-03-24T17:19:10.597-1000] {logging_mixin.py:190} INFO - [2025-03-24T17:19:10.597-1000] {dagbag.py:588} INFO - Filling up the DagBag from /opt/anaconda3/envs/titanic/lib/python3.11/site-packages/airflow/example_dags/example_inlet_event_extra.py
[2025-03-24T17:19:10.614-1000] {processor.py:925} INFO - DAG(s) 'read_dataset_event', 'read_dataset_event_from_classic' retrieved from /opt/anaconda3/envs/titanic/lib/python3.11/site-packages/airflow/example_dags/example_inlet_event_extra.py
[2025-03-24T17:19:10.638-1000] {logging_mixin.py:190} INFO - [2025-03-24T17:19:10.638-1000] {dag.py:3239} INFO - Sync 2 DAGs
[2025-03-24T17:19:10.642-1000] {logging_mixin.py:190} INFO - [2025-03-24T17:19:10.642-1000] {dag.py:4180} INFO - Setting next_dagrun for read_dataset_event to 2025-03-24 00:00:00+00:00, run_after=2025-03-25 00:00:00+00:00
[2025-03-24T17:19:10.643-1000] {logging_mixin.py:190} INFO - [2025-03-24T17:19:10.643-1000] {dag.py:4180} INFO - Setting next_dagrun for read_dataset_event_from_classic to 2025-03-24 00:00:00+00:00, run_after=2025-03-25 00:00:00+00:00
[2025-03-24T17:19:10.648-1000] {processor.py:208} INFO - Processing /opt/anaconda3/envs/titanic/lib/python3.11/site-packages/airflow/example_dags/example_inlet_event_extra.py took 0.053 seconds
[2025-03-24T17:21:04.199-1000] {processor.py:186} INFO - Started process (PID=40498) to work on /opt/anaconda3/envs/titanic/lib/python3.11/site-packages/airflow/example_dags/example_inlet_event_extra.py
[2025-03-24T17:21:04.201-1000] {processor.py:914} INFO - Processing file /opt/anaconda3/envs/titanic/lib/python3.11/site-packages/airflow/example_dags/example_inlet_event_extra.py for tasks to queue
[2025-03-24T17:21:04.201-1000] {logging_mixin.py:190} INFO - [2025-03-24T17:21:04.201-1000] {dagbag.py:588} INFO - Filling up the DagBag from /opt/anaconda3/envs/titanic/lib/python3.11/site-packages/airflow/example_dags/example_inlet_event_extra.py
[2025-03-24T17:21:04.218-1000] {processor.py:925} INFO - DAG(s) 'read_dataset_event_from_classic', 'read_dataset_event' retrieved from /opt/anaconda3/envs/titanic/lib/python3.11/site-packages/airflow/example_dags/example_inlet_event_extra.py
[2025-03-24T17:21:04.241-1000] {logging_mixin.py:190} INFO - [2025-03-24T17:21:04.241-1000] {dag.py:3239} INFO - Sync 2 DAGs
[2025-03-24T17:21:04.246-1000] {logging_mixin.py:190} INFO - [2025-03-24T17:21:04.246-1000] {dag.py:4180} INFO - Setting next_dagrun for read_dataset_event to 2025-03-24 00:00:00+00:00, run_after=2025-03-25 00:00:00+00:00
[2025-03-24T17:21:04.247-1000] {logging_mixin.py:190} INFO - [2025-03-24T17:21:04.247-1000] {dag.py:4180} INFO - Setting next_dagrun for read_dataset_event_from_classic to 2025-03-24 00:00:00+00:00, run_after=2025-03-25 00:00:00+00:00
[2025-03-24T17:21:04.251-1000] {processor.py:208} INFO - Processing /opt/anaconda3/envs/titanic/lib/python3.11/site-packages/airflow/example_dags/example_inlet_event_extra.py took 0.053 seconds
[2025-03-24T17:22:55.297-1000] {processor.py:186} INFO - Started process (PID=40947) to work on /opt/anaconda3/envs/titanic/lib/python3.11/site-packages/airflow/example_dags/example_inlet_event_extra.py
[2025-03-24T17:22:55.297-1000] {processor.py:914} INFO - Processing file /opt/anaconda3/envs/titanic/lib/python3.11/site-packages/airflow/example_dags/example_inlet_event_extra.py for tasks to queue
[2025-03-24T17:22:55.297-1000] {logging_mixin.py:190} INFO - [2025-03-24T17:22:55.297-1000] {dagbag.py:588} INFO - Filling up the DagBag from /opt/anaconda3/envs/titanic/lib/python3.11/site-packages/airflow/example_dags/example_inlet_event_extra.py
[2025-03-24T17:22:55.318-1000] {processor.py:925} INFO - DAG(s) 'read_dataset_event_from_classic', 'read_dataset_event' retrieved from /opt/anaconda3/envs/titanic/lib/python3.11/site-packages/airflow/example_dags/example_inlet_event_extra.py
[2025-03-24T17:22:55.342-1000] {logging_mixin.py:190} INFO - [2025-03-24T17:22:55.342-1000] {dag.py:3239} INFO - Sync 2 DAGs
[2025-03-24T17:22:55.347-1000] {logging_mixin.py:190} INFO - [2025-03-24T17:22:55.347-1000] {dag.py:4180} INFO - Setting next_dagrun for read_dataset_event to 2025-03-24 00:00:00+00:00, run_after=2025-03-25 00:00:00+00:00
[2025-03-24T17:22:55.348-1000] {logging_mixin.py:190} INFO - [2025-03-24T17:22:55.348-1000] {dag.py:4180} INFO - Setting next_dagrun for read_dataset_event_from_classic to 2025-03-24 00:00:00+00:00, run_after=2025-03-25 00:00:00+00:00
[2025-03-24T17:22:55.353-1000] {processor.py:208} INFO - Processing /opt/anaconda3/envs/titanic/lib/python3.11/site-packages/airflow/example_dags/example_inlet_event_extra.py took 0.057 seconds
[2025-03-24T17:24:47.194-1000] {processor.py:186} INFO - Started process (PID=41367) to work on /opt/anaconda3/envs/titanic/lib/python3.11/site-packages/airflow/example_dags/example_inlet_event_extra.py
[2025-03-24T17:24:47.195-1000] {processor.py:914} INFO - Processing file /opt/anaconda3/envs/titanic/lib/python3.11/site-packages/airflow/example_dags/example_inlet_event_extra.py for tasks to queue
[2025-03-24T17:24:47.195-1000] {logging_mixin.py:190} INFO - [2025-03-24T17:24:47.195-1000] {dagbag.py:588} INFO - Filling up the DagBag from /opt/anaconda3/envs/titanic/lib/python3.11/site-packages/airflow/example_dags/example_inlet_event_extra.py
[2025-03-24T17:24:47.212-1000] {processor.py:925} INFO - DAG(s) 'read_dataset_event_from_classic', 'read_dataset_event' retrieved from /opt/anaconda3/envs/titanic/lib/python3.11/site-packages/airflow/example_dags/example_inlet_event_extra.py
[2025-03-24T17:24:47.236-1000] {logging_mixin.py:190} INFO - [2025-03-24T17:24:47.236-1000] {dag.py:3239} INFO - Sync 2 DAGs
[2025-03-24T17:24:47.241-1000] {logging_mixin.py:190} INFO - [2025-03-24T17:24:47.241-1000] {dag.py:4180} INFO - Setting next_dagrun for read_dataset_event to 2025-03-24 00:00:00+00:00, run_after=2025-03-25 00:00:00+00:00
[2025-03-24T17:24:47.242-1000] {logging_mixin.py:190} INFO - [2025-03-24T17:24:47.242-1000] {dag.py:4180} INFO - Setting next_dagrun for read_dataset_event_from_classic to 2025-03-24 00:00:00+00:00, run_after=2025-03-25 00:00:00+00:00
[2025-03-24T17:24:47.247-1000] {processor.py:208} INFO - Processing /opt/anaconda3/envs/titanic/lib/python3.11/site-packages/airflow/example_dags/example_inlet_event_extra.py took 0.053 seconds
[2025-03-24T17:26:47.854-1000] {processor.py:186} INFO - Started process (PID=41906) to work on /opt/anaconda3/envs/titanic/lib/python3.11/site-packages/airflow/example_dags/example_inlet_event_extra.py
[2025-03-24T17:26:47.856-1000] {processor.py:914} INFO - Processing file /opt/anaconda3/envs/titanic/lib/python3.11/site-packages/airflow/example_dags/example_inlet_event_extra.py for tasks to queue
[2025-03-24T17:26:47.856-1000] {logging_mixin.py:190} INFO - [2025-03-24T17:26:47.856-1000] {dagbag.py:588} INFO - Filling up the DagBag from /opt/anaconda3/envs/titanic/lib/python3.11/site-packages/airflow/example_dags/example_inlet_event_extra.py
[2025-03-24T17:26:47.873-1000] {processor.py:925} INFO - DAG(s) 'read_dataset_event', 'read_dataset_event_from_classic' retrieved from /opt/anaconda3/envs/titanic/lib/python3.11/site-packages/airflow/example_dags/example_inlet_event_extra.py
[2025-03-24T17:26:47.897-1000] {logging_mixin.py:190} INFO - [2025-03-24T17:26:47.897-1000] {dag.py:3239} INFO - Sync 2 DAGs
[2025-03-24T17:26:47.902-1000] {logging_mixin.py:190} INFO - [2025-03-24T17:26:47.902-1000] {dag.py:4180} INFO - Setting next_dagrun for read_dataset_event to 2025-03-24 00:00:00+00:00, run_after=2025-03-25 00:00:00+00:00
[2025-03-24T17:26:47.903-1000] {logging_mixin.py:190} INFO - [2025-03-24T17:26:47.903-1000] {dag.py:4180} INFO - Setting next_dagrun for read_dataset_event_from_classic to 2025-03-24 00:00:00+00:00, run_after=2025-03-25 00:00:00+00:00
[2025-03-24T17:26:47.907-1000] {processor.py:208} INFO - Processing /opt/anaconda3/envs/titanic/lib/python3.11/site-packages/airflow/example_dags/example_inlet_event_extra.py took 0.054 seconds
[2025-03-24T17:28:43.024-1000] {processor.py:186} INFO - Started process (PID=42384) to work on /opt/anaconda3/envs/titanic/lib/python3.11/site-packages/airflow/example_dags/example_inlet_event_extra.py
[2025-03-24T17:28:43.025-1000] {processor.py:914} INFO - Processing file /opt/anaconda3/envs/titanic/lib/python3.11/site-packages/airflow/example_dags/example_inlet_event_extra.py for tasks to queue
[2025-03-24T17:28:43.025-1000] {logging_mixin.py:190} INFO - [2025-03-24T17:28:43.025-1000] {dagbag.py:588} INFO - Filling up the DagBag from /opt/anaconda3/envs/titanic/lib/python3.11/site-packages/airflow/example_dags/example_inlet_event_extra.py
[2025-03-24T17:28:43.043-1000] {processor.py:925} INFO - DAG(s) 'read_dataset_event_from_classic', 'read_dataset_event' retrieved from /opt/anaconda3/envs/titanic/lib/python3.11/site-packages/airflow/example_dags/example_inlet_event_extra.py
[2025-03-24T17:28:43.067-1000] {logging_mixin.py:190} INFO - [2025-03-24T17:28:43.067-1000] {dag.py:3239} INFO - Sync 2 DAGs
[2025-03-24T17:28:43.072-1000] {logging_mixin.py:190} INFO - [2025-03-24T17:28:43.072-1000] {dag.py:4180} INFO - Setting next_dagrun for read_dataset_event to 2025-03-24 00:00:00+00:00, run_after=2025-03-25 00:00:00+00:00
[2025-03-24T17:28:43.073-1000] {logging_mixin.py:190} INFO - [2025-03-24T17:28:43.073-1000] {dag.py:4180} INFO - Setting next_dagrun for read_dataset_event_from_classic to 2025-03-24 00:00:00+00:00, run_after=2025-03-25 00:00:00+00:00
[2025-03-24T17:28:43.078-1000] {processor.py:208} INFO - Processing /opt/anaconda3/envs/titanic/lib/python3.11/site-packages/airflow/example_dags/example_inlet_event_extra.py took 0.054 seconds
[2025-03-24T17:30:35.864-1000] {processor.py:186} INFO - Started process (PID=42844) to work on /opt/anaconda3/envs/titanic/lib/python3.11/site-packages/airflow/example_dags/example_inlet_event_extra.py
[2025-03-24T17:30:35.864-1000] {processor.py:914} INFO - Processing file /opt/anaconda3/envs/titanic/lib/python3.11/site-packages/airflow/example_dags/example_inlet_event_extra.py for tasks to queue
[2025-03-24T17:30:35.864-1000] {logging_mixin.py:190} INFO - [2025-03-24T17:30:35.864-1000] {dagbag.py:588} INFO - Filling up the DagBag from /opt/anaconda3/envs/titanic/lib/python3.11/site-packages/airflow/example_dags/example_inlet_event_extra.py
[2025-03-24T17:30:35.882-1000] {processor.py:925} INFO - DAG(s) 'read_dataset_event', 'read_dataset_event_from_classic' retrieved from /opt/anaconda3/envs/titanic/lib/python3.11/site-packages/airflow/example_dags/example_inlet_event_extra.py
[2025-03-24T17:30:35.907-1000] {logging_mixin.py:190} INFO - [2025-03-24T17:30:35.907-1000] {dag.py:3239} INFO - Sync 2 DAGs
[2025-03-24T17:30:35.911-1000] {logging_mixin.py:190} INFO - [2025-03-24T17:30:35.911-1000] {dag.py:4180} INFO - Setting next_dagrun for read_dataset_event to 2025-03-24 00:00:00+00:00, run_after=2025-03-25 00:00:00+00:00
[2025-03-24T17:30:35.913-1000] {logging_mixin.py:190} INFO - [2025-03-24T17:30:35.913-1000] {dag.py:4180} INFO - Setting next_dagrun for read_dataset_event_from_classic to 2025-03-24 00:00:00+00:00, run_after=2025-03-25 00:00:00+00:00
[2025-03-24T17:30:35.917-1000] {processor.py:208} INFO - Processing /opt/anaconda3/envs/titanic/lib/python3.11/site-packages/airflow/example_dags/example_inlet_event_extra.py took 0.054 seconds
[2025-03-24T17:32:39.224-1000] {processor.py:186} INFO - Started process (PID=43373) to work on /opt/anaconda3/envs/titanic/lib/python3.11/site-packages/airflow/example_dags/example_inlet_event_extra.py
[2025-03-24T17:32:39.225-1000] {processor.py:914} INFO - Processing file /opt/anaconda3/envs/titanic/lib/python3.11/site-packages/airflow/example_dags/example_inlet_event_extra.py for tasks to queue
[2025-03-24T17:32:39.225-1000] {logging_mixin.py:190} INFO - [2025-03-24T17:32:39.225-1000] {dagbag.py:588} INFO - Filling up the DagBag from /opt/anaconda3/envs/titanic/lib/python3.11/site-packages/airflow/example_dags/example_inlet_event_extra.py
[2025-03-24T17:32:39.243-1000] {processor.py:925} INFO - DAG(s) 'read_dataset_event_from_classic', 'read_dataset_event' retrieved from /opt/anaconda3/envs/titanic/lib/python3.11/site-packages/airflow/example_dags/example_inlet_event_extra.py
[2025-03-24T17:32:39.267-1000] {logging_mixin.py:190} INFO - [2025-03-24T17:32:39.267-1000] {dag.py:3239} INFO - Sync 2 DAGs
[2025-03-24T17:32:39.272-1000] {logging_mixin.py:190} INFO - [2025-03-24T17:32:39.272-1000] {dag.py:4180} INFO - Setting next_dagrun for read_dataset_event to 2025-03-24 00:00:00+00:00, run_after=2025-03-25 00:00:00+00:00
[2025-03-24T17:32:39.273-1000] {logging_mixin.py:190} INFO - [2025-03-24T17:32:39.273-1000] {dag.py:4180} INFO - Setting next_dagrun for read_dataset_event_from_classic to 2025-03-24 00:00:00+00:00, run_after=2025-03-25 00:00:00+00:00
[2025-03-24T17:32:39.277-1000] {processor.py:208} INFO - Processing /opt/anaconda3/envs/titanic/lib/python3.11/site-packages/airflow/example_dags/example_inlet_event_extra.py took 0.054 seconds
