[2025-03-24T15:51:13.073-1000] {processor.py:186} INFO - Started process (PID=18906) to work on /opt/anaconda3/envs/titanic/lib/python3.11/site-packages/airflow/example_dags/example_setup_teardown_taskflow.py
[2025-03-24T15:51:13.074-1000] {processor.py:914} INFO - Processing file /opt/anaconda3/envs/titanic/lib/python3.11/site-packages/airflow/example_dags/example_setup_teardown_taskflow.py for tasks to queue
[2025-03-24T15:51:13.074-1000] {logging_mixin.py:190} INFO - [2025-03-24T15:51:13.074-1000] {dagbag.py:588} INFO - Filling up the DagBag from /opt/anaconda3/envs/titanic/lib/python3.11/site-packages/airflow/example_dags/example_setup_teardown_taskflow.py
[2025-03-24T15:51:13.085-1000] {processor.py:925} INFO - DAG(s) 'example_setup_teardown_taskflow' retrieved from /opt/anaconda3/envs/titanic/lib/python3.11/site-packages/airflow/example_dags/example_setup_teardown_taskflow.py
[2025-03-24T15:51:13.112-1000] {logging_mixin.py:190} INFO - [2025-03-24T15:51:13.111-1000] {dag.py:3239} INFO - Sync 1 DAGs
[2025-03-24T15:51:13.115-1000] {logging_mixin.py:190} INFO - [2025-03-24T15:51:13.115-1000] {dag.py:4180} INFO - Setting next_dagrun for example_setup_teardown_taskflow to None, run_after=None
[2025-03-24T15:51:13.121-1000] {processor.py:208} INFO - Processing /opt/anaconda3/envs/titanic/lib/python3.11/site-packages/airflow/example_dags/example_setup_teardown_taskflow.py took 0.075 seconds
[2025-03-24T15:52:48.179-1000] {processor.py:186} INFO - Started process (PID=19948) to work on /opt/anaconda3/envs/titanic/lib/python3.11/site-packages/airflow/example_dags/example_setup_teardown_taskflow.py
[2025-03-24T15:52:48.180-1000] {processor.py:914} INFO - Processing file /opt/anaconda3/envs/titanic/lib/python3.11/site-packages/airflow/example_dags/example_setup_teardown_taskflow.py for tasks to queue
[2025-03-24T15:52:48.180-1000] {logging_mixin.py:190} INFO - [2025-03-24T15:52:48.180-1000] {dagbag.py:588} INFO - Filling up the DagBag from /opt/anaconda3/envs/titanic/lib/python3.11/site-packages/airflow/example_dags/example_setup_teardown_taskflow.py
[2025-03-24T15:52:48.191-1000] {processor.py:925} INFO - DAG(s) 'example_setup_teardown_taskflow' retrieved from /opt/anaconda3/envs/titanic/lib/python3.11/site-packages/airflow/example_dags/example_setup_teardown_taskflow.py
[2025-03-24T15:52:48.216-1000] {logging_mixin.py:190} INFO - [2025-03-24T15:52:48.216-1000] {dag.py:3239} INFO - Sync 1 DAGs
[2025-03-24T15:52:48.219-1000] {logging_mixin.py:190} INFO - [2025-03-24T15:52:48.219-1000] {dag.py:4180} INFO - Setting next_dagrun for example_setup_teardown_taskflow to None, run_after=None
[2025-03-24T15:52:48.224-1000] {processor.py:208} INFO - Processing /opt/anaconda3/envs/titanic/lib/python3.11/site-packages/airflow/example_dags/example_setup_teardown_taskflow.py took 0.066 seconds
[2025-03-24T15:54:42.054-1000] {processor.py:186} INFO - Started process (PID=20400) to work on /opt/anaconda3/envs/titanic/lib/python3.11/site-packages/airflow/example_dags/example_setup_teardown_taskflow.py
[2025-03-24T15:54:42.055-1000] {processor.py:914} INFO - Processing file /opt/anaconda3/envs/titanic/lib/python3.11/site-packages/airflow/example_dags/example_setup_teardown_taskflow.py for tasks to queue
[2025-03-24T15:54:42.056-1000] {logging_mixin.py:190} INFO - [2025-03-24T15:54:42.056-1000] {dagbag.py:588} INFO - Filling up the DagBag from /opt/anaconda3/envs/titanic/lib/python3.11/site-packages/airflow/example_dags/example_setup_teardown_taskflow.py
[2025-03-24T15:54:42.066-1000] {processor.py:925} INFO - DAG(s) 'example_setup_teardown_taskflow' retrieved from /opt/anaconda3/envs/titanic/lib/python3.11/site-packages/airflow/example_dags/example_setup_teardown_taskflow.py
[2025-03-24T15:54:42.090-1000] {logging_mixin.py:190} INFO - [2025-03-24T15:54:42.090-1000] {dag.py:3239} INFO - Sync 1 DAGs
[2025-03-24T15:54:42.093-1000] {logging_mixin.py:190} INFO - [2025-03-24T15:54:42.093-1000] {dag.py:4180} INFO - Setting next_dagrun for example_setup_teardown_taskflow to None, run_after=None
[2025-03-24T15:54:42.098-1000] {processor.py:208} INFO - Processing /opt/anaconda3/envs/titanic/lib/python3.11/site-packages/airflow/example_dags/example_setup_teardown_taskflow.py took 0.064 seconds
[2025-03-24T15:56:31.290-1000] {processor.py:186} INFO - Started process (PID=20822) to work on /opt/anaconda3/envs/titanic/lib/python3.11/site-packages/airflow/example_dags/example_setup_teardown_taskflow.py
[2025-03-24T15:56:31.291-1000] {processor.py:914} INFO - Processing file /opt/anaconda3/envs/titanic/lib/python3.11/site-packages/airflow/example_dags/example_setup_teardown_taskflow.py for tasks to queue
[2025-03-24T15:56:31.291-1000] {logging_mixin.py:190} INFO - [2025-03-24T15:56:31.291-1000] {dagbag.py:588} INFO - Filling up the DagBag from /opt/anaconda3/envs/titanic/lib/python3.11/site-packages/airflow/example_dags/example_setup_teardown_taskflow.py
[2025-03-24T15:56:31.301-1000] {processor.py:925} INFO - DAG(s) 'example_setup_teardown_taskflow' retrieved from /opt/anaconda3/envs/titanic/lib/python3.11/site-packages/airflow/example_dags/example_setup_teardown_taskflow.py
[2025-03-24T15:56:31.326-1000] {logging_mixin.py:190} INFO - [2025-03-24T15:56:31.326-1000] {dag.py:3239} INFO - Sync 1 DAGs
[2025-03-24T15:56:31.329-1000] {logging_mixin.py:190} INFO - [2025-03-24T15:56:31.329-1000] {dag.py:4180} INFO - Setting next_dagrun for example_setup_teardown_taskflow to None, run_after=None
[2025-03-24T15:56:31.334-1000] {processor.py:208} INFO - Processing /opt/anaconda3/envs/titanic/lib/python3.11/site-packages/airflow/example_dags/example_setup_teardown_taskflow.py took 0.064 seconds
[2025-03-24T15:58:18.178-1000] {processor.py:186} INFO - Started process (PID=21235) to work on /opt/anaconda3/envs/titanic/lib/python3.11/site-packages/airflow/example_dags/example_setup_teardown_taskflow.py
[2025-03-24T15:58:18.179-1000] {processor.py:914} INFO - Processing file /opt/anaconda3/envs/titanic/lib/python3.11/site-packages/airflow/example_dags/example_setup_teardown_taskflow.py for tasks to queue
[2025-03-24T15:58:18.179-1000] {logging_mixin.py:190} INFO - [2025-03-24T15:58:18.179-1000] {dagbag.py:588} INFO - Filling up the DagBag from /opt/anaconda3/envs/titanic/lib/python3.11/site-packages/airflow/example_dags/example_setup_teardown_taskflow.py
[2025-03-24T15:58:18.189-1000] {processor.py:925} INFO - DAG(s) 'example_setup_teardown_taskflow' retrieved from /opt/anaconda3/envs/titanic/lib/python3.11/site-packages/airflow/example_dags/example_setup_teardown_taskflow.py
[2025-03-24T15:58:18.214-1000] {logging_mixin.py:190} INFO - [2025-03-24T15:58:18.214-1000] {dag.py:3239} INFO - Sync 1 DAGs
[2025-03-24T15:58:18.217-1000] {logging_mixin.py:190} INFO - [2025-03-24T15:58:18.217-1000] {dag.py:4180} INFO - Setting next_dagrun for example_setup_teardown_taskflow to None, run_after=None
[2025-03-24T15:58:18.222-1000] {processor.py:208} INFO - Processing /opt/anaconda3/envs/titanic/lib/python3.11/site-packages/airflow/example_dags/example_setup_teardown_taskflow.py took 0.065 seconds
[2025-03-24T16:00:06.282-1000] {processor.py:186} INFO - Started process (PID=21664) to work on /opt/anaconda3/envs/titanic/lib/python3.11/site-packages/airflow/example_dags/example_setup_teardown_taskflow.py
[2025-03-24T16:00:06.283-1000] {processor.py:914} INFO - Processing file /opt/anaconda3/envs/titanic/lib/python3.11/site-packages/airflow/example_dags/example_setup_teardown_taskflow.py for tasks to queue
[2025-03-24T16:00:06.284-1000] {logging_mixin.py:190} INFO - [2025-03-24T16:00:06.284-1000] {dagbag.py:588} INFO - Filling up the DagBag from /opt/anaconda3/envs/titanic/lib/python3.11/site-packages/airflow/example_dags/example_setup_teardown_taskflow.py
[2025-03-24T16:00:06.294-1000] {processor.py:925} INFO - DAG(s) 'example_setup_teardown_taskflow' retrieved from /opt/anaconda3/envs/titanic/lib/python3.11/site-packages/airflow/example_dags/example_setup_teardown_taskflow.py
[2025-03-24T16:00:06.319-1000] {logging_mixin.py:190} INFO - [2025-03-24T16:00:06.319-1000] {dag.py:3239} INFO - Sync 1 DAGs
[2025-03-24T16:00:06.322-1000] {logging_mixin.py:190} INFO - [2025-03-24T16:00:06.322-1000] {dag.py:4180} INFO - Setting next_dagrun for example_setup_teardown_taskflow to None, run_after=None
[2025-03-24T16:00:06.328-1000] {processor.py:208} INFO - Processing /opt/anaconda3/envs/titanic/lib/python3.11/site-packages/airflow/example_dags/example_setup_teardown_taskflow.py took 0.067 seconds
[2025-03-24T16:02:18.041-1000] {processor.py:186} INFO - Started process (PID=22144) to work on /opt/anaconda3/envs/titanic/lib/python3.11/site-packages/airflow/example_dags/example_setup_teardown_taskflow.py
[2025-03-24T16:02:18.042-1000] {processor.py:914} INFO - Processing file /opt/anaconda3/envs/titanic/lib/python3.11/site-packages/airflow/example_dags/example_setup_teardown_taskflow.py for tasks to queue
[2025-03-24T16:02:18.042-1000] {logging_mixin.py:190} INFO - [2025-03-24T16:02:18.042-1000] {dagbag.py:588} INFO - Filling up the DagBag from /opt/anaconda3/envs/titanic/lib/python3.11/site-packages/airflow/example_dags/example_setup_teardown_taskflow.py
[2025-03-24T16:02:18.053-1000] {processor.py:925} INFO - DAG(s) 'example_setup_teardown_taskflow' retrieved from /opt/anaconda3/envs/titanic/lib/python3.11/site-packages/airflow/example_dags/example_setup_teardown_taskflow.py
[2025-03-24T16:02:18.079-1000] {logging_mixin.py:190} INFO - [2025-03-24T16:02:18.079-1000] {dag.py:3239} INFO - Sync 1 DAGs
[2025-03-24T16:02:18.083-1000] {logging_mixin.py:190} INFO - [2025-03-24T16:02:18.083-1000] {dag.py:4180} INFO - Setting next_dagrun for example_setup_teardown_taskflow to None, run_after=None
[2025-03-24T16:02:18.088-1000] {processor.py:208} INFO - Processing /opt/anaconda3/envs/titanic/lib/python3.11/site-packages/airflow/example_dags/example_setup_teardown_taskflow.py took 0.069 seconds
[2025-03-24T16:04:06.345-1000] {processor.py:186} INFO - Started process (PID=22557) to work on /opt/anaconda3/envs/titanic/lib/python3.11/site-packages/airflow/example_dags/example_setup_teardown_taskflow.py
[2025-03-24T16:04:06.346-1000] {processor.py:914} INFO - Processing file /opt/anaconda3/envs/titanic/lib/python3.11/site-packages/airflow/example_dags/example_setup_teardown_taskflow.py for tasks to queue
[2025-03-24T16:04:06.346-1000] {logging_mixin.py:190} INFO - [2025-03-24T16:04:06.346-1000] {dagbag.py:588} INFO - Filling up the DagBag from /opt/anaconda3/envs/titanic/lib/python3.11/site-packages/airflow/example_dags/example_setup_teardown_taskflow.py
[2025-03-24T16:04:06.356-1000] {processor.py:925} INFO - DAG(s) 'example_setup_teardown_taskflow' retrieved from /opt/anaconda3/envs/titanic/lib/python3.11/site-packages/airflow/example_dags/example_setup_teardown_taskflow.py
[2025-03-24T16:04:06.380-1000] {logging_mixin.py:190} INFO - [2025-03-24T16:04:06.380-1000] {dag.py:3239} INFO - Sync 1 DAGs
[2025-03-24T16:04:06.383-1000] {logging_mixin.py:190} INFO - [2025-03-24T16:04:06.383-1000] {dag.py:4180} INFO - Setting next_dagrun for example_setup_teardown_taskflow to None, run_after=None
[2025-03-24T16:04:06.388-1000] {processor.py:208} INFO - Processing /opt/anaconda3/envs/titanic/lib/python3.11/site-packages/airflow/example_dags/example_setup_teardown_taskflow.py took 0.065 seconds
[2025-03-24T16:05:50.513-1000] {processor.py:186} INFO - Started process (PID=22954) to work on /opt/anaconda3/envs/titanic/lib/python3.11/site-packages/airflow/example_dags/example_setup_teardown_taskflow.py
[2025-03-24T16:05:50.513-1000] {processor.py:914} INFO - Processing file /opt/anaconda3/envs/titanic/lib/python3.11/site-packages/airflow/example_dags/example_setup_teardown_taskflow.py for tasks to queue
[2025-03-24T16:05:50.514-1000] {logging_mixin.py:190} INFO - [2025-03-24T16:05:50.514-1000] {dagbag.py:588} INFO - Filling up the DagBag from /opt/anaconda3/envs/titanic/lib/python3.11/site-packages/airflow/example_dags/example_setup_teardown_taskflow.py
[2025-03-24T16:05:50.523-1000] {processor.py:925} INFO - DAG(s) 'example_setup_teardown_taskflow' retrieved from /opt/anaconda3/envs/titanic/lib/python3.11/site-packages/airflow/example_dags/example_setup_teardown_taskflow.py
[2025-03-24T16:05:50.547-1000] {logging_mixin.py:190} INFO - [2025-03-24T16:05:50.547-1000] {dag.py:3239} INFO - Sync 1 DAGs
[2025-03-24T16:05:50.550-1000] {logging_mixin.py:190} INFO - [2025-03-24T16:05:50.550-1000] {dag.py:4180} INFO - Setting next_dagrun for example_setup_teardown_taskflow to None, run_after=None
[2025-03-24T16:05:50.555-1000] {processor.py:208} INFO - Processing /opt/anaconda3/envs/titanic/lib/python3.11/site-packages/airflow/example_dags/example_setup_teardown_taskflow.py took 0.062 seconds
[2025-03-24T16:07:40.784-1000] {processor.py:186} INFO - Started process (PID=23409) to work on /opt/anaconda3/envs/titanic/lib/python3.11/site-packages/airflow/example_dags/example_setup_teardown_taskflow.py
[2025-03-24T16:07:40.785-1000] {processor.py:914} INFO - Processing file /opt/anaconda3/envs/titanic/lib/python3.11/site-packages/airflow/example_dags/example_setup_teardown_taskflow.py for tasks to queue
[2025-03-24T16:07:40.785-1000] {logging_mixin.py:190} INFO - [2025-03-24T16:07:40.785-1000] {dagbag.py:588} INFO - Filling up the DagBag from /opt/anaconda3/envs/titanic/lib/python3.11/site-packages/airflow/example_dags/example_setup_teardown_taskflow.py
[2025-03-24T16:07:40.794-1000] {processor.py:925} INFO - DAG(s) 'example_setup_teardown_taskflow' retrieved from /opt/anaconda3/envs/titanic/lib/python3.11/site-packages/airflow/example_dags/example_setup_teardown_taskflow.py
[2025-03-24T16:07:40.818-1000] {logging_mixin.py:190} INFO - [2025-03-24T16:07:40.818-1000] {dag.py:3239} INFO - Sync 1 DAGs
[2025-03-24T16:07:40.822-1000] {logging_mixin.py:190} INFO - [2025-03-24T16:07:40.822-1000] {dag.py:4180} INFO - Setting next_dagrun for example_setup_teardown_taskflow to None, run_after=None
[2025-03-24T16:07:40.827-1000] {processor.py:208} INFO - Processing /opt/anaconda3/envs/titanic/lib/python3.11/site-packages/airflow/example_dags/example_setup_teardown_taskflow.py took 0.063 seconds
[2025-03-24T16:09:34.939-1000] {processor.py:186} INFO - Started process (PID=23838) to work on /opt/anaconda3/envs/titanic/lib/python3.11/site-packages/airflow/example_dags/example_setup_teardown_taskflow.py
[2025-03-24T16:09:34.939-1000] {processor.py:914} INFO - Processing file /opt/anaconda3/envs/titanic/lib/python3.11/site-packages/airflow/example_dags/example_setup_teardown_taskflow.py for tasks to queue
[2025-03-24T16:09:34.939-1000] {logging_mixin.py:190} INFO - [2025-03-24T16:09:34.939-1000] {dagbag.py:588} INFO - Filling up the DagBag from /opt/anaconda3/envs/titanic/lib/python3.11/site-packages/airflow/example_dags/example_setup_teardown_taskflow.py
[2025-03-24T16:09:34.949-1000] {processor.py:925} INFO - DAG(s) 'example_setup_teardown_taskflow' retrieved from /opt/anaconda3/envs/titanic/lib/python3.11/site-packages/airflow/example_dags/example_setup_teardown_taskflow.py
[2025-03-24T16:09:34.973-1000] {logging_mixin.py:190} INFO - [2025-03-24T16:09:34.973-1000] {dag.py:3239} INFO - Sync 1 DAGs
[2025-03-24T16:09:34.976-1000] {logging_mixin.py:190} INFO - [2025-03-24T16:09:34.976-1000] {dag.py:4180} INFO - Setting next_dagrun for example_setup_teardown_taskflow to None, run_after=None
[2025-03-24T16:09:34.981-1000] {processor.py:208} INFO - Processing /opt/anaconda3/envs/titanic/lib/python3.11/site-packages/airflow/example_dags/example_setup_teardown_taskflow.py took 0.062 seconds
[2025-03-24T16:11:37.305-1000] {processor.py:186} INFO - Started process (PID=24334) to work on /opt/anaconda3/envs/titanic/lib/python3.11/site-packages/airflow/example_dags/example_setup_teardown_taskflow.py
[2025-03-24T16:11:37.307-1000] {processor.py:914} INFO - Processing file /opt/anaconda3/envs/titanic/lib/python3.11/site-packages/airflow/example_dags/example_setup_teardown_taskflow.py for tasks to queue
[2025-03-24T16:11:37.307-1000] {logging_mixin.py:190} INFO - [2025-03-24T16:11:37.307-1000] {dagbag.py:588} INFO - Filling up the DagBag from /opt/anaconda3/envs/titanic/lib/python3.11/site-packages/airflow/example_dags/example_setup_teardown_taskflow.py
[2025-03-24T16:11:37.317-1000] {processor.py:925} INFO - DAG(s) 'example_setup_teardown_taskflow' retrieved from /opt/anaconda3/envs/titanic/lib/python3.11/site-packages/airflow/example_dags/example_setup_teardown_taskflow.py
[2025-03-24T16:11:37.342-1000] {logging_mixin.py:190} INFO - [2025-03-24T16:11:37.342-1000] {dag.py:3239} INFO - Sync 1 DAGs
[2025-03-24T16:11:37.345-1000] {logging_mixin.py:190} INFO - [2025-03-24T16:11:37.345-1000] {dag.py:4180} INFO - Setting next_dagrun for example_setup_teardown_taskflow to None, run_after=None
[2025-03-24T16:11:37.350-1000] {processor.py:208} INFO - Processing /opt/anaconda3/envs/titanic/lib/python3.11/site-packages/airflow/example_dags/example_setup_teardown_taskflow.py took 0.066 seconds
[2025-03-24T16:13:37.799-1000] {processor.py:186} INFO - Started process (PID=24849) to work on /opt/anaconda3/envs/titanic/lib/python3.11/site-packages/airflow/example_dags/example_setup_teardown_taskflow.py
[2025-03-24T16:13:37.799-1000] {processor.py:914} INFO - Processing file /opt/anaconda3/envs/titanic/lib/python3.11/site-packages/airflow/example_dags/example_setup_teardown_taskflow.py for tasks to queue
[2025-03-24T16:13:37.800-1000] {logging_mixin.py:190} INFO - [2025-03-24T16:13:37.800-1000] {dagbag.py:588} INFO - Filling up the DagBag from /opt/anaconda3/envs/titanic/lib/python3.11/site-packages/airflow/example_dags/example_setup_teardown_taskflow.py
[2025-03-24T16:13:37.809-1000] {processor.py:925} INFO - DAG(s) 'example_setup_teardown_taskflow' retrieved from /opt/anaconda3/envs/titanic/lib/python3.11/site-packages/airflow/example_dags/example_setup_teardown_taskflow.py
[2025-03-24T16:13:37.834-1000] {logging_mixin.py:190} INFO - [2025-03-24T16:13:37.833-1000] {dag.py:3239} INFO - Sync 1 DAGs
[2025-03-24T16:13:37.837-1000] {logging_mixin.py:190} INFO - [2025-03-24T16:13:37.837-1000] {dag.py:4180} INFO - Setting next_dagrun for example_setup_teardown_taskflow to None, run_after=None
[2025-03-24T16:13:37.841-1000] {processor.py:208} INFO - Processing /opt/anaconda3/envs/titanic/lib/python3.11/site-packages/airflow/example_dags/example_setup_teardown_taskflow.py took 0.063 seconds
[2025-03-24T16:15:29.655-1000] {processor.py:186} INFO - Started process (PID=25272) to work on /opt/anaconda3/envs/titanic/lib/python3.11/site-packages/airflow/example_dags/example_setup_teardown_taskflow.py
[2025-03-24T16:15:29.655-1000] {processor.py:914} INFO - Processing file /opt/anaconda3/envs/titanic/lib/python3.11/site-packages/airflow/example_dags/example_setup_teardown_taskflow.py for tasks to queue
[2025-03-24T16:15:29.656-1000] {logging_mixin.py:190} INFO - [2025-03-24T16:15:29.656-1000] {dagbag.py:588} INFO - Filling up the DagBag from /opt/anaconda3/envs/titanic/lib/python3.11/site-packages/airflow/example_dags/example_setup_teardown_taskflow.py
[2025-03-24T16:15:29.665-1000] {processor.py:925} INFO - DAG(s) 'example_setup_teardown_taskflow' retrieved from /opt/anaconda3/envs/titanic/lib/python3.11/site-packages/airflow/example_dags/example_setup_teardown_taskflow.py
[2025-03-24T16:15:29.689-1000] {logging_mixin.py:190} INFO - [2025-03-24T16:15:29.689-1000] {dag.py:3239} INFO - Sync 1 DAGs
[2025-03-24T16:15:29.692-1000] {logging_mixin.py:190} INFO - [2025-03-24T16:15:29.692-1000] {dag.py:4180} INFO - Setting next_dagrun for example_setup_teardown_taskflow to None, run_after=None
[2025-03-24T16:15:29.697-1000] {processor.py:208} INFO - Processing /opt/anaconda3/envs/titanic/lib/python3.11/site-packages/airflow/example_dags/example_setup_teardown_taskflow.py took 0.063 seconds
[2025-03-24T16:17:21.192-1000] {processor.py:186} INFO - Started process (PID=25720) to work on /opt/anaconda3/envs/titanic/lib/python3.11/site-packages/airflow/example_dags/example_setup_teardown_taskflow.py
[2025-03-24T16:17:21.193-1000] {processor.py:914} INFO - Processing file /opt/anaconda3/envs/titanic/lib/python3.11/site-packages/airflow/example_dags/example_setup_teardown_taskflow.py for tasks to queue
[2025-03-24T16:17:21.194-1000] {logging_mixin.py:190} INFO - [2025-03-24T16:17:21.193-1000] {dagbag.py:588} INFO - Filling up the DagBag from /opt/anaconda3/envs/titanic/lib/python3.11/site-packages/airflow/example_dags/example_setup_teardown_taskflow.py
[2025-03-24T16:17:21.203-1000] {processor.py:925} INFO - DAG(s) 'example_setup_teardown_taskflow' retrieved from /opt/anaconda3/envs/titanic/lib/python3.11/site-packages/airflow/example_dags/example_setup_teardown_taskflow.py
[2025-03-24T16:17:21.228-1000] {logging_mixin.py:190} INFO - [2025-03-24T16:17:21.228-1000] {dag.py:3239} INFO - Sync 1 DAGs
[2025-03-24T16:17:21.231-1000] {logging_mixin.py:190} INFO - [2025-03-24T16:17:21.231-1000] {dag.py:4180} INFO - Setting next_dagrun for example_setup_teardown_taskflow to None, run_after=None
[2025-03-24T16:17:21.236-1000] {processor.py:208} INFO - Processing /opt/anaconda3/envs/titanic/lib/python3.11/site-packages/airflow/example_dags/example_setup_teardown_taskflow.py took 0.063 seconds
[2025-03-24T16:19:12.726-1000] {processor.py:186} INFO - Started process (PID=26169) to work on /opt/anaconda3/envs/titanic/lib/python3.11/site-packages/airflow/example_dags/example_setup_teardown_taskflow.py
[2025-03-24T16:19:12.727-1000] {processor.py:914} INFO - Processing file /opt/anaconda3/envs/titanic/lib/python3.11/site-packages/airflow/example_dags/example_setup_teardown_taskflow.py for tasks to queue
[2025-03-24T16:19:12.727-1000] {logging_mixin.py:190} INFO - [2025-03-24T16:19:12.727-1000] {dagbag.py:588} INFO - Filling up the DagBag from /opt/anaconda3/envs/titanic/lib/python3.11/site-packages/airflow/example_dags/example_setup_teardown_taskflow.py
[2025-03-24T16:19:12.736-1000] {processor.py:925} INFO - DAG(s) 'example_setup_teardown_taskflow' retrieved from /opt/anaconda3/envs/titanic/lib/python3.11/site-packages/airflow/example_dags/example_setup_teardown_taskflow.py
[2025-03-24T16:19:12.760-1000] {logging_mixin.py:190} INFO - [2025-03-24T16:19:12.760-1000] {dag.py:3239} INFO - Sync 1 DAGs
[2025-03-24T16:19:12.763-1000] {logging_mixin.py:190} INFO - [2025-03-24T16:19:12.763-1000] {dag.py:4180} INFO - Setting next_dagrun for example_setup_teardown_taskflow to None, run_after=None
[2025-03-24T16:19:12.768-1000] {processor.py:208} INFO - Processing /opt/anaconda3/envs/titanic/lib/python3.11/site-packages/airflow/example_dags/example_setup_teardown_taskflow.py took 0.062 seconds
[2025-03-24T16:21:02.477-1000] {processor.py:186} INFO - Started process (PID=26587) to work on /opt/anaconda3/envs/titanic/lib/python3.11/site-packages/airflow/example_dags/example_setup_teardown_taskflow.py
[2025-03-24T16:21:02.478-1000] {processor.py:914} INFO - Processing file /opt/anaconda3/envs/titanic/lib/python3.11/site-packages/airflow/example_dags/example_setup_teardown_taskflow.py for tasks to queue
[2025-03-24T16:21:02.478-1000] {logging_mixin.py:190} INFO - [2025-03-24T16:21:02.478-1000] {dagbag.py:588} INFO - Filling up the DagBag from /opt/anaconda3/envs/titanic/lib/python3.11/site-packages/airflow/example_dags/example_setup_teardown_taskflow.py
[2025-03-24T16:21:02.488-1000] {processor.py:925} INFO - DAG(s) 'example_setup_teardown_taskflow' retrieved from /opt/anaconda3/envs/titanic/lib/python3.11/site-packages/airflow/example_dags/example_setup_teardown_taskflow.py
[2025-03-24T16:21:02.512-1000] {logging_mixin.py:190} INFO - [2025-03-24T16:21:02.512-1000] {dag.py:3239} INFO - Sync 1 DAGs
[2025-03-24T16:21:02.515-1000] {logging_mixin.py:190} INFO - [2025-03-24T16:21:02.515-1000] {dag.py:4180} INFO - Setting next_dagrun for example_setup_teardown_taskflow to None, run_after=None
[2025-03-24T16:21:02.520-1000] {processor.py:208} INFO - Processing /opt/anaconda3/envs/titanic/lib/python3.11/site-packages/airflow/example_dags/example_setup_teardown_taskflow.py took 0.063 seconds
[2025-03-24T16:22:54.748-1000] {processor.py:186} INFO - Started process (PID=27025) to work on /opt/anaconda3/envs/titanic/lib/python3.11/site-packages/airflow/example_dags/example_setup_teardown_taskflow.py
[2025-03-24T16:22:54.748-1000] {processor.py:914} INFO - Processing file /opt/anaconda3/envs/titanic/lib/python3.11/site-packages/airflow/example_dags/example_setup_teardown_taskflow.py for tasks to queue
[2025-03-24T16:22:54.748-1000] {logging_mixin.py:190} INFO - [2025-03-24T16:22:54.748-1000] {dagbag.py:588} INFO - Filling up the DagBag from /opt/anaconda3/envs/titanic/lib/python3.11/site-packages/airflow/example_dags/example_setup_teardown_taskflow.py
[2025-03-24T16:22:54.758-1000] {processor.py:925} INFO - DAG(s) 'example_setup_teardown_taskflow' retrieved from /opt/anaconda3/envs/titanic/lib/python3.11/site-packages/airflow/example_dags/example_setup_teardown_taskflow.py
[2025-03-24T16:22:54.783-1000] {logging_mixin.py:190} INFO - [2025-03-24T16:22:54.783-1000] {dag.py:3239} INFO - Sync 1 DAGs
[2025-03-24T16:22:54.787-1000] {logging_mixin.py:190} INFO - [2025-03-24T16:22:54.787-1000] {dag.py:4180} INFO - Setting next_dagrun for example_setup_teardown_taskflow to None, run_after=None
[2025-03-24T16:22:54.792-1000] {processor.py:208} INFO - Processing /opt/anaconda3/envs/titanic/lib/python3.11/site-packages/airflow/example_dags/example_setup_teardown_taskflow.py took 0.066 seconds
[2025-03-24T16:24:48.346-1000] {processor.py:186} INFO - Started process (PID=27458) to work on /opt/anaconda3/envs/titanic/lib/python3.11/site-packages/airflow/example_dags/example_setup_teardown_taskflow.py
[2025-03-24T16:24:48.347-1000] {processor.py:914} INFO - Processing file /opt/anaconda3/envs/titanic/lib/python3.11/site-packages/airflow/example_dags/example_setup_teardown_taskflow.py for tasks to queue
[2025-03-24T16:24:48.347-1000] {logging_mixin.py:190} INFO - [2025-03-24T16:24:48.347-1000] {dagbag.py:588} INFO - Filling up the DagBag from /opt/anaconda3/envs/titanic/lib/python3.11/site-packages/airflow/example_dags/example_setup_teardown_taskflow.py
[2025-03-24T16:24:48.357-1000] {processor.py:925} INFO - DAG(s) 'example_setup_teardown_taskflow' retrieved from /opt/anaconda3/envs/titanic/lib/python3.11/site-packages/airflow/example_dags/example_setup_teardown_taskflow.py
[2025-03-24T16:24:48.381-1000] {logging_mixin.py:190} INFO - [2025-03-24T16:24:48.381-1000] {dag.py:3239} INFO - Sync 1 DAGs
[2025-03-24T16:24:48.385-1000] {logging_mixin.py:190} INFO - [2025-03-24T16:24:48.384-1000] {dag.py:4180} INFO - Setting next_dagrun for example_setup_teardown_taskflow to None, run_after=None
[2025-03-24T16:24:48.390-1000] {processor.py:208} INFO - Processing /opt/anaconda3/envs/titanic/lib/python3.11/site-packages/airflow/example_dags/example_setup_teardown_taskflow.py took 0.063 seconds
[2025-03-24T16:26:39.621-1000] {processor.py:186} INFO - Started process (PID=27883) to work on /opt/anaconda3/envs/titanic/lib/python3.11/site-packages/airflow/example_dags/example_setup_teardown_taskflow.py
[2025-03-24T16:26:39.621-1000] {processor.py:914} INFO - Processing file /opt/anaconda3/envs/titanic/lib/python3.11/site-packages/airflow/example_dags/example_setup_teardown_taskflow.py for tasks to queue
[2025-03-24T16:26:39.621-1000] {logging_mixin.py:190} INFO - [2025-03-24T16:26:39.621-1000] {dagbag.py:588} INFO - Filling up the DagBag from /opt/anaconda3/envs/titanic/lib/python3.11/site-packages/airflow/example_dags/example_setup_teardown_taskflow.py
[2025-03-24T16:26:39.631-1000] {processor.py:925} INFO - DAG(s) 'example_setup_teardown_taskflow' retrieved from /opt/anaconda3/envs/titanic/lib/python3.11/site-packages/airflow/example_dags/example_setup_teardown_taskflow.py
[2025-03-24T16:26:39.655-1000] {logging_mixin.py:190} INFO - [2025-03-24T16:26:39.655-1000] {dag.py:3239} INFO - Sync 1 DAGs
[2025-03-24T16:26:39.658-1000] {logging_mixin.py:190} INFO - [2025-03-24T16:26:39.658-1000] {dag.py:4180} INFO - Setting next_dagrun for example_setup_teardown_taskflow to None, run_after=None
[2025-03-24T16:26:39.663-1000] {processor.py:208} INFO - Processing /opt/anaconda3/envs/titanic/lib/python3.11/site-packages/airflow/example_dags/example_setup_teardown_taskflow.py took 0.061 seconds
[2025-03-24T16:28:29.120-1000] {processor.py:186} INFO - Started process (PID=28296) to work on /opt/anaconda3/envs/titanic/lib/python3.11/site-packages/airflow/example_dags/example_setup_teardown_taskflow.py
[2025-03-24T16:28:29.120-1000] {processor.py:914} INFO - Processing file /opt/anaconda3/envs/titanic/lib/python3.11/site-packages/airflow/example_dags/example_setup_teardown_taskflow.py for tasks to queue
[2025-03-24T16:28:29.121-1000] {logging_mixin.py:190} INFO - [2025-03-24T16:28:29.121-1000] {dagbag.py:588} INFO - Filling up the DagBag from /opt/anaconda3/envs/titanic/lib/python3.11/site-packages/airflow/example_dags/example_setup_teardown_taskflow.py
[2025-03-24T16:28:29.130-1000] {processor.py:925} INFO - DAG(s) 'example_setup_teardown_taskflow' retrieved from /opt/anaconda3/envs/titanic/lib/python3.11/site-packages/airflow/example_dags/example_setup_teardown_taskflow.py
[2025-03-24T16:28:29.154-1000] {logging_mixin.py:190} INFO - [2025-03-24T16:28:29.154-1000] {dag.py:3239} INFO - Sync 1 DAGs
[2025-03-24T16:28:29.157-1000] {logging_mixin.py:190} INFO - [2025-03-24T16:28:29.157-1000] {dag.py:4180} INFO - Setting next_dagrun for example_setup_teardown_taskflow to None, run_after=None
[2025-03-24T16:28:29.162-1000] {processor.py:208} INFO - Processing /opt/anaconda3/envs/titanic/lib/python3.11/site-packages/airflow/example_dags/example_setup_teardown_taskflow.py took 0.062 seconds
[2025-03-24T16:30:16.082-1000] {processor.py:186} INFO - Started process (PID=28700) to work on /opt/anaconda3/envs/titanic/lib/python3.11/site-packages/airflow/example_dags/example_setup_teardown_taskflow.py
[2025-03-24T16:30:16.083-1000] {processor.py:914} INFO - Processing file /opt/anaconda3/envs/titanic/lib/python3.11/site-packages/airflow/example_dags/example_setup_teardown_taskflow.py for tasks to queue
[2025-03-24T16:30:16.083-1000] {logging_mixin.py:190} INFO - [2025-03-24T16:30:16.083-1000] {dagbag.py:588} INFO - Filling up the DagBag from /opt/anaconda3/envs/titanic/lib/python3.11/site-packages/airflow/example_dags/example_setup_teardown_taskflow.py
[2025-03-24T16:30:16.093-1000] {processor.py:925} INFO - DAG(s) 'example_setup_teardown_taskflow' retrieved from /opt/anaconda3/envs/titanic/lib/python3.11/site-packages/airflow/example_dags/example_setup_teardown_taskflow.py
[2025-03-24T16:30:16.117-1000] {logging_mixin.py:190} INFO - [2025-03-24T16:30:16.117-1000] {dag.py:3239} INFO - Sync 1 DAGs
[2025-03-24T16:30:16.120-1000] {logging_mixin.py:190} INFO - [2025-03-24T16:30:16.120-1000] {dag.py:4180} INFO - Setting next_dagrun for example_setup_teardown_taskflow to None, run_after=None
[2025-03-24T16:30:16.125-1000] {processor.py:208} INFO - Processing /opt/anaconda3/envs/titanic/lib/python3.11/site-packages/airflow/example_dags/example_setup_teardown_taskflow.py took 0.062 seconds
[2025-03-24T16:32:05.681-1000] {processor.py:186} INFO - Started process (PID=29112) to work on /opt/anaconda3/envs/titanic/lib/python3.11/site-packages/airflow/example_dags/example_setup_teardown_taskflow.py
[2025-03-24T16:32:05.681-1000] {processor.py:914} INFO - Processing file /opt/anaconda3/envs/titanic/lib/python3.11/site-packages/airflow/example_dags/example_setup_teardown_taskflow.py for tasks to queue
[2025-03-24T16:32:05.681-1000] {logging_mixin.py:190} INFO - [2025-03-24T16:32:05.681-1000] {dagbag.py:588} INFO - Filling up the DagBag from /opt/anaconda3/envs/titanic/lib/python3.11/site-packages/airflow/example_dags/example_setup_teardown_taskflow.py
[2025-03-24T16:32:05.691-1000] {processor.py:925} INFO - DAG(s) 'example_setup_teardown_taskflow' retrieved from /opt/anaconda3/envs/titanic/lib/python3.11/site-packages/airflow/example_dags/example_setup_teardown_taskflow.py
[2025-03-24T16:32:05.715-1000] {logging_mixin.py:190} INFO - [2025-03-24T16:32:05.715-1000] {dag.py:3239} INFO - Sync 1 DAGs
[2025-03-24T16:32:05.718-1000] {logging_mixin.py:190} INFO - [2025-03-24T16:32:05.718-1000] {dag.py:4180} INFO - Setting next_dagrun for example_setup_teardown_taskflow to None, run_after=None
[2025-03-24T16:32:05.723-1000] {processor.py:208} INFO - Processing /opt/anaconda3/envs/titanic/lib/python3.11/site-packages/airflow/example_dags/example_setup_teardown_taskflow.py took 0.062 seconds
[2025-03-24T16:33:54.616-1000] {processor.py:186} INFO - Started process (PID=29548) to work on /opt/anaconda3/envs/titanic/lib/python3.11/site-packages/airflow/example_dags/example_setup_teardown_taskflow.py
[2025-03-24T16:33:54.616-1000] {processor.py:914} INFO - Processing file /opt/anaconda3/envs/titanic/lib/python3.11/site-packages/airflow/example_dags/example_setup_teardown_taskflow.py for tasks to queue
[2025-03-24T16:33:54.616-1000] {logging_mixin.py:190} INFO - [2025-03-24T16:33:54.616-1000] {dagbag.py:588} INFO - Filling up the DagBag from /opt/anaconda3/envs/titanic/lib/python3.11/site-packages/airflow/example_dags/example_setup_teardown_taskflow.py
[2025-03-24T16:33:54.626-1000] {processor.py:925} INFO - DAG(s) 'example_setup_teardown_taskflow' retrieved from /opt/anaconda3/envs/titanic/lib/python3.11/site-packages/airflow/example_dags/example_setup_teardown_taskflow.py
[2025-03-24T16:33:54.649-1000] {logging_mixin.py:190} INFO - [2025-03-24T16:33:54.649-1000] {dag.py:3239} INFO - Sync 1 DAGs
[2025-03-24T16:33:54.652-1000] {logging_mixin.py:190} INFO - [2025-03-24T16:33:54.652-1000] {dag.py:4180} INFO - Setting next_dagrun for example_setup_teardown_taskflow to None, run_after=None
[2025-03-24T16:33:54.657-1000] {processor.py:208} INFO - Processing /opt/anaconda3/envs/titanic/lib/python3.11/site-packages/airflow/example_dags/example_setup_teardown_taskflow.py took 0.061 seconds
[2025-03-24T16:35:44.743-1000] {processor.py:186} INFO - Started process (PID=29963) to work on /opt/anaconda3/envs/titanic/lib/python3.11/site-packages/airflow/example_dags/example_setup_teardown_taskflow.py
[2025-03-24T16:35:44.743-1000] {processor.py:914} INFO - Processing file /opt/anaconda3/envs/titanic/lib/python3.11/site-packages/airflow/example_dags/example_setup_teardown_taskflow.py for tasks to queue
[2025-03-24T16:35:44.743-1000] {logging_mixin.py:190} INFO - [2025-03-24T16:35:44.743-1000] {dagbag.py:588} INFO - Filling up the DagBag from /opt/anaconda3/envs/titanic/lib/python3.11/site-packages/airflow/example_dags/example_setup_teardown_taskflow.py
[2025-03-24T16:35:44.753-1000] {processor.py:925} INFO - DAG(s) 'example_setup_teardown_taskflow' retrieved from /opt/anaconda3/envs/titanic/lib/python3.11/site-packages/airflow/example_dags/example_setup_teardown_taskflow.py
[2025-03-24T16:35:44.777-1000] {logging_mixin.py:190} INFO - [2025-03-24T16:35:44.777-1000] {dag.py:3239} INFO - Sync 1 DAGs
[2025-03-24T16:35:44.780-1000] {logging_mixin.py:190} INFO - [2025-03-24T16:35:44.780-1000] {dag.py:4180} INFO - Setting next_dagrun for example_setup_teardown_taskflow to None, run_after=None
[2025-03-24T16:35:44.785-1000] {processor.py:208} INFO - Processing /opt/anaconda3/envs/titanic/lib/python3.11/site-packages/airflow/example_dags/example_setup_teardown_taskflow.py took 0.062 seconds
[2025-03-24T16:37:35.478-1000] {processor.py:186} INFO - Started process (PID=30385) to work on /opt/anaconda3/envs/titanic/lib/python3.11/site-packages/airflow/example_dags/example_setup_teardown_taskflow.py
[2025-03-24T16:37:35.479-1000] {processor.py:914} INFO - Processing file /opt/anaconda3/envs/titanic/lib/python3.11/site-packages/airflow/example_dags/example_setup_teardown_taskflow.py for tasks to queue
[2025-03-24T16:37:35.479-1000] {logging_mixin.py:190} INFO - [2025-03-24T16:37:35.479-1000] {dagbag.py:588} INFO - Filling up the DagBag from /opt/anaconda3/envs/titanic/lib/python3.11/site-packages/airflow/example_dags/example_setup_teardown_taskflow.py
[2025-03-24T16:37:35.489-1000] {processor.py:925} INFO - DAG(s) 'example_setup_teardown_taskflow' retrieved from /opt/anaconda3/envs/titanic/lib/python3.11/site-packages/airflow/example_dags/example_setup_teardown_taskflow.py
[2025-03-24T16:37:35.513-1000] {logging_mixin.py:190} INFO - [2025-03-24T16:37:35.513-1000] {dag.py:3239} INFO - Sync 1 DAGs
[2025-03-24T16:37:35.516-1000] {logging_mixin.py:190} INFO - [2025-03-24T16:37:35.516-1000] {dag.py:4180} INFO - Setting next_dagrun for example_setup_teardown_taskflow to None, run_after=None
[2025-03-24T16:37:35.521-1000] {processor.py:208} INFO - Processing /opt/anaconda3/envs/titanic/lib/python3.11/site-packages/airflow/example_dags/example_setup_teardown_taskflow.py took 0.062 seconds
[2025-03-24T16:39:31.463-1000] {processor.py:186} INFO - Started process (PID=30841) to work on /opt/anaconda3/envs/titanic/lib/python3.11/site-packages/airflow/example_dags/example_setup_teardown_taskflow.py
[2025-03-24T16:39:31.465-1000] {processor.py:914} INFO - Processing file /opt/anaconda3/envs/titanic/lib/python3.11/site-packages/airflow/example_dags/example_setup_teardown_taskflow.py for tasks to queue
[2025-03-24T16:39:31.465-1000] {logging_mixin.py:190} INFO - [2025-03-24T16:39:31.465-1000] {dagbag.py:588} INFO - Filling up the DagBag from /opt/anaconda3/envs/titanic/lib/python3.11/site-packages/airflow/example_dags/example_setup_teardown_taskflow.py
[2025-03-24T16:39:31.475-1000] {processor.py:925} INFO - DAG(s) 'example_setup_teardown_taskflow' retrieved from /opt/anaconda3/envs/titanic/lib/python3.11/site-packages/airflow/example_dags/example_setup_teardown_taskflow.py
[2025-03-24T16:39:31.499-1000] {logging_mixin.py:190} INFO - [2025-03-24T16:39:31.499-1000] {dag.py:3239} INFO - Sync 1 DAGs
[2025-03-24T16:39:31.502-1000] {logging_mixin.py:190} INFO - [2025-03-24T16:39:31.502-1000] {dag.py:4180} INFO - Setting next_dagrun for example_setup_teardown_taskflow to None, run_after=None
[2025-03-24T16:39:31.506-1000] {processor.py:208} INFO - Processing /opt/anaconda3/envs/titanic/lib/python3.11/site-packages/airflow/example_dags/example_setup_teardown_taskflow.py took 0.062 seconds
[2025-03-24T16:41:28.626-1000] {processor.py:186} INFO - Started process (PID=31292) to work on /opt/anaconda3/envs/titanic/lib/python3.11/site-packages/airflow/example_dags/example_setup_teardown_taskflow.py
[2025-03-24T16:41:28.626-1000] {processor.py:914} INFO - Processing file /opt/anaconda3/envs/titanic/lib/python3.11/site-packages/airflow/example_dags/example_setup_teardown_taskflow.py for tasks to queue
[2025-03-24T16:41:28.627-1000] {logging_mixin.py:190} INFO - [2025-03-24T16:41:28.627-1000] {dagbag.py:588} INFO - Filling up the DagBag from /opt/anaconda3/envs/titanic/lib/python3.11/site-packages/airflow/example_dags/example_setup_teardown_taskflow.py
[2025-03-24T16:41:28.636-1000] {processor.py:925} INFO - DAG(s) 'example_setup_teardown_taskflow' retrieved from /opt/anaconda3/envs/titanic/lib/python3.11/site-packages/airflow/example_dags/example_setup_teardown_taskflow.py
[2025-03-24T16:41:28.661-1000] {logging_mixin.py:190} INFO - [2025-03-24T16:41:28.661-1000] {dag.py:3239} INFO - Sync 1 DAGs
[2025-03-24T16:41:28.664-1000] {logging_mixin.py:190} INFO - [2025-03-24T16:41:28.664-1000] {dag.py:4180} INFO - Setting next_dagrun for example_setup_teardown_taskflow to None, run_after=None
[2025-03-24T16:41:28.668-1000] {processor.py:208} INFO - Processing /opt/anaconda3/envs/titanic/lib/python3.11/site-packages/airflow/example_dags/example_setup_teardown_taskflow.py took 0.062 seconds
[2025-03-24T16:43:22.228-1000] {processor.py:186} INFO - Started process (PID=31736) to work on /opt/anaconda3/envs/titanic/lib/python3.11/site-packages/airflow/example_dags/example_setup_teardown_taskflow.py
[2025-03-24T16:43:22.229-1000] {processor.py:914} INFO - Processing file /opt/anaconda3/envs/titanic/lib/python3.11/site-packages/airflow/example_dags/example_setup_teardown_taskflow.py for tasks to queue
[2025-03-24T16:43:22.229-1000] {logging_mixin.py:190} INFO - [2025-03-24T16:43:22.229-1000] {dagbag.py:588} INFO - Filling up the DagBag from /opt/anaconda3/envs/titanic/lib/python3.11/site-packages/airflow/example_dags/example_setup_teardown_taskflow.py
[2025-03-24T16:43:22.239-1000] {processor.py:925} INFO - DAG(s) 'example_setup_teardown_taskflow' retrieved from /opt/anaconda3/envs/titanic/lib/python3.11/site-packages/airflow/example_dags/example_setup_teardown_taskflow.py
[2025-03-24T16:43:22.263-1000] {logging_mixin.py:190} INFO - [2025-03-24T16:43:22.263-1000] {dag.py:3239} INFO - Sync 1 DAGs
[2025-03-24T16:43:22.266-1000] {logging_mixin.py:190} INFO - [2025-03-24T16:43:22.266-1000] {dag.py:4180} INFO - Setting next_dagrun for example_setup_teardown_taskflow to None, run_after=None
[2025-03-24T16:43:22.271-1000] {processor.py:208} INFO - Processing /opt/anaconda3/envs/titanic/lib/python3.11/site-packages/airflow/example_dags/example_setup_teardown_taskflow.py took 0.062 seconds
[2025-03-24T16:45:12.752-1000] {processor.py:186} INFO - Started process (PID=32158) to work on /opt/anaconda3/envs/titanic/lib/python3.11/site-packages/airflow/example_dags/example_setup_teardown_taskflow.py
[2025-03-24T16:45:12.752-1000] {processor.py:914} INFO - Processing file /opt/anaconda3/envs/titanic/lib/python3.11/site-packages/airflow/example_dags/example_setup_teardown_taskflow.py for tasks to queue
[2025-03-24T16:45:12.752-1000] {logging_mixin.py:190} INFO - [2025-03-24T16:45:12.752-1000] {dagbag.py:588} INFO - Filling up the DagBag from /opt/anaconda3/envs/titanic/lib/python3.11/site-packages/airflow/example_dags/example_setup_teardown_taskflow.py
[2025-03-24T16:45:12.762-1000] {processor.py:925} INFO - DAG(s) 'example_setup_teardown_taskflow' retrieved from /opt/anaconda3/envs/titanic/lib/python3.11/site-packages/airflow/example_dags/example_setup_teardown_taskflow.py
[2025-03-24T16:45:12.786-1000] {logging_mixin.py:190} INFO - [2025-03-24T16:45:12.786-1000] {dag.py:3239} INFO - Sync 1 DAGs
[2025-03-24T16:45:12.789-1000] {logging_mixin.py:190} INFO - [2025-03-24T16:45:12.789-1000] {dag.py:4180} INFO - Setting next_dagrun for example_setup_teardown_taskflow to None, run_after=None
[2025-03-24T16:45:12.794-1000] {processor.py:208} INFO - Processing /opt/anaconda3/envs/titanic/lib/python3.11/site-packages/airflow/example_dags/example_setup_teardown_taskflow.py took 0.062 seconds
[2025-03-24T16:47:03.877-1000] {processor.py:186} INFO - Started process (PID=32598) to work on /opt/anaconda3/envs/titanic/lib/python3.11/site-packages/airflow/example_dags/example_setup_teardown_taskflow.py
[2025-03-24T16:47:03.878-1000] {processor.py:914} INFO - Processing file /opt/anaconda3/envs/titanic/lib/python3.11/site-packages/airflow/example_dags/example_setup_teardown_taskflow.py for tasks to queue
[2025-03-24T16:47:03.878-1000] {logging_mixin.py:190} INFO - [2025-03-24T16:47:03.878-1000] {dagbag.py:588} INFO - Filling up the DagBag from /opt/anaconda3/envs/titanic/lib/python3.11/site-packages/airflow/example_dags/example_setup_teardown_taskflow.py
[2025-03-24T16:47:03.888-1000] {processor.py:925} INFO - DAG(s) 'example_setup_teardown_taskflow' retrieved from /opt/anaconda3/envs/titanic/lib/python3.11/site-packages/airflow/example_dags/example_setup_teardown_taskflow.py
[2025-03-24T16:47:03.912-1000] {logging_mixin.py:190} INFO - [2025-03-24T16:47:03.912-1000] {dag.py:3239} INFO - Sync 1 DAGs
[2025-03-24T16:47:03.915-1000] {logging_mixin.py:190} INFO - [2025-03-24T16:47:03.915-1000] {dag.py:4180} INFO - Setting next_dagrun for example_setup_teardown_taskflow to None, run_after=None
[2025-03-24T16:47:03.920-1000] {processor.py:208} INFO - Processing /opt/anaconda3/envs/titanic/lib/python3.11/site-packages/airflow/example_dags/example_setup_teardown_taskflow.py took 0.066 seconds
[2025-03-24T16:49:01.699-1000] {processor.py:186} INFO - Started process (PID=33153) to work on /opt/anaconda3/envs/titanic/lib/python3.11/site-packages/airflow/example_dags/example_setup_teardown_taskflow.py
[2025-03-24T16:49:01.699-1000] {processor.py:914} INFO - Processing file /opt/anaconda3/envs/titanic/lib/python3.11/site-packages/airflow/example_dags/example_setup_teardown_taskflow.py for tasks to queue
[2025-03-24T16:49:01.700-1000] {logging_mixin.py:190} INFO - [2025-03-24T16:49:01.700-1000] {dagbag.py:588} INFO - Filling up the DagBag from /opt/anaconda3/envs/titanic/lib/python3.11/site-packages/airflow/example_dags/example_setup_teardown_taskflow.py
[2025-03-24T16:49:01.710-1000] {processor.py:925} INFO - DAG(s) 'example_setup_teardown_taskflow' retrieved from /opt/anaconda3/envs/titanic/lib/python3.11/site-packages/airflow/example_dags/example_setup_teardown_taskflow.py
[2025-03-24T16:49:01.736-1000] {logging_mixin.py:190} INFO - [2025-03-24T16:49:01.736-1000] {dag.py:3239} INFO - Sync 1 DAGs
[2025-03-24T16:49:01.739-1000] {logging_mixin.py:190} INFO - [2025-03-24T16:49:01.739-1000] {dag.py:4180} INFO - Setting next_dagrun for example_setup_teardown_taskflow to None, run_after=None
[2025-03-24T16:49:01.744-1000] {processor.py:208} INFO - Processing /opt/anaconda3/envs/titanic/lib/python3.11/site-packages/airflow/example_dags/example_setup_teardown_taskflow.py took 0.046 seconds
[2025-03-24T16:50:56.473-1000] {processor.py:186} INFO - Started process (PID=33582) to work on /opt/anaconda3/envs/titanic/lib/python3.11/site-packages/airflow/example_dags/example_setup_teardown_taskflow.py
[2025-03-24T16:50:56.474-1000] {processor.py:914} INFO - Processing file /opt/anaconda3/envs/titanic/lib/python3.11/site-packages/airflow/example_dags/example_setup_teardown_taskflow.py for tasks to queue
[2025-03-24T16:50:56.474-1000] {logging_mixin.py:190} INFO - [2025-03-24T16:50:56.474-1000] {dagbag.py:588} INFO - Filling up the DagBag from /opt/anaconda3/envs/titanic/lib/python3.11/site-packages/airflow/example_dags/example_setup_teardown_taskflow.py
[2025-03-24T16:50:56.484-1000] {processor.py:925} INFO - DAG(s) 'example_setup_teardown_taskflow' retrieved from /opt/anaconda3/envs/titanic/lib/python3.11/site-packages/airflow/example_dags/example_setup_teardown_taskflow.py
[2025-03-24T16:50:56.508-1000] {logging_mixin.py:190} INFO - [2025-03-24T16:50:56.508-1000] {dag.py:3239} INFO - Sync 1 DAGs
[2025-03-24T16:50:56.511-1000] {logging_mixin.py:190} INFO - [2025-03-24T16:50:56.511-1000] {dag.py:4180} INFO - Setting next_dagrun for example_setup_teardown_taskflow to None, run_after=None
[2025-03-24T16:50:56.516-1000] {processor.py:208} INFO - Processing /opt/anaconda3/envs/titanic/lib/python3.11/site-packages/airflow/example_dags/example_setup_teardown_taskflow.py took 0.044 seconds
[2025-03-24T16:52:51.035-1000] {processor.py:186} INFO - Started process (PID=34018) to work on /opt/anaconda3/envs/titanic/lib/python3.11/site-packages/airflow/example_dags/example_setup_teardown_taskflow.py
[2025-03-24T16:52:51.036-1000] {processor.py:914} INFO - Processing file /opt/anaconda3/envs/titanic/lib/python3.11/site-packages/airflow/example_dags/example_setup_teardown_taskflow.py for tasks to queue
[2025-03-24T16:52:51.037-1000] {logging_mixin.py:190} INFO - [2025-03-24T16:52:51.037-1000] {dagbag.py:588} INFO - Filling up the DagBag from /opt/anaconda3/envs/titanic/lib/python3.11/site-packages/airflow/example_dags/example_setup_teardown_taskflow.py
[2025-03-24T16:52:51.047-1000] {processor.py:925} INFO - DAG(s) 'example_setup_teardown_taskflow' retrieved from /opt/anaconda3/envs/titanic/lib/python3.11/site-packages/airflow/example_dags/example_setup_teardown_taskflow.py
[2025-03-24T16:52:51.071-1000] {logging_mixin.py:190} INFO - [2025-03-24T16:52:51.071-1000] {dag.py:3239} INFO - Sync 1 DAGs
[2025-03-24T16:52:51.073-1000] {logging_mixin.py:190} INFO - [2025-03-24T16:52:51.073-1000] {dag.py:4180} INFO - Setting next_dagrun for example_setup_teardown_taskflow to None, run_after=None
[2025-03-24T16:52:51.078-1000] {processor.py:208} INFO - Processing /opt/anaconda3/envs/titanic/lib/python3.11/site-packages/airflow/example_dags/example_setup_teardown_taskflow.py took 0.044 seconds
[2025-03-24T16:54:48.480-1000] {processor.py:186} INFO - Started process (PID=34454) to work on /opt/anaconda3/envs/titanic/lib/python3.11/site-packages/airflow/example_dags/example_setup_teardown_taskflow.py
[2025-03-24T16:54:48.480-1000] {processor.py:914} INFO - Processing file /opt/anaconda3/envs/titanic/lib/python3.11/site-packages/airflow/example_dags/example_setup_teardown_taskflow.py for tasks to queue
[2025-03-24T16:54:48.480-1000] {logging_mixin.py:190} INFO - [2025-03-24T16:54:48.480-1000] {dagbag.py:588} INFO - Filling up the DagBag from /opt/anaconda3/envs/titanic/lib/python3.11/site-packages/airflow/example_dags/example_setup_teardown_taskflow.py
[2025-03-24T16:54:48.490-1000] {processor.py:925} INFO - DAG(s) 'example_setup_teardown_taskflow' retrieved from /opt/anaconda3/envs/titanic/lib/python3.11/site-packages/airflow/example_dags/example_setup_teardown_taskflow.py
[2025-03-24T16:54:48.515-1000] {logging_mixin.py:190} INFO - [2025-03-24T16:54:48.515-1000] {dag.py:3239} INFO - Sync 1 DAGs
[2025-03-24T16:54:48.517-1000] {logging_mixin.py:190} INFO - [2025-03-24T16:54:48.517-1000] {dag.py:4180} INFO - Setting next_dagrun for example_setup_teardown_taskflow to None, run_after=None
[2025-03-24T16:54:48.522-1000] {processor.py:208} INFO - Processing /opt/anaconda3/envs/titanic/lib/python3.11/site-packages/airflow/example_dags/example_setup_teardown_taskflow.py took 0.043 seconds
[2025-03-24T16:56:37.936-1000] {processor.py:186} INFO - Started process (PID=34869) to work on /opt/anaconda3/envs/titanic/lib/python3.11/site-packages/airflow/example_dags/example_setup_teardown_taskflow.py
[2025-03-24T16:56:37.936-1000] {processor.py:914} INFO - Processing file /opt/anaconda3/envs/titanic/lib/python3.11/site-packages/airflow/example_dags/example_setup_teardown_taskflow.py for tasks to queue
[2025-03-24T16:56:37.937-1000] {logging_mixin.py:190} INFO - [2025-03-24T16:56:37.937-1000] {dagbag.py:588} INFO - Filling up the DagBag from /opt/anaconda3/envs/titanic/lib/python3.11/site-packages/airflow/example_dags/example_setup_teardown_taskflow.py
[2025-03-24T16:56:37.946-1000] {processor.py:925} INFO - DAG(s) 'example_setup_teardown_taskflow' retrieved from /opt/anaconda3/envs/titanic/lib/python3.11/site-packages/airflow/example_dags/example_setup_teardown_taskflow.py
[2025-03-24T16:56:37.970-1000] {logging_mixin.py:190} INFO - [2025-03-24T16:56:37.970-1000] {dag.py:3239} INFO - Sync 1 DAGs
[2025-03-24T16:56:37.973-1000] {logging_mixin.py:190} INFO - [2025-03-24T16:56:37.972-1000] {dag.py:4180} INFO - Setting next_dagrun for example_setup_teardown_taskflow to None, run_after=None
[2025-03-24T16:56:37.977-1000] {processor.py:208} INFO - Processing /opt/anaconda3/envs/titanic/lib/python3.11/site-packages/airflow/example_dags/example_setup_teardown_taskflow.py took 0.042 seconds
[2025-03-24T16:58:26.263-1000] {processor.py:186} INFO - Started process (PID=35278) to work on /opt/anaconda3/envs/titanic/lib/python3.11/site-packages/airflow/example_dags/example_setup_teardown_taskflow.py
[2025-03-24T16:58:26.263-1000] {processor.py:914} INFO - Processing file /opt/anaconda3/envs/titanic/lib/python3.11/site-packages/airflow/example_dags/example_setup_teardown_taskflow.py for tasks to queue
[2025-03-24T16:58:26.263-1000] {logging_mixin.py:190} INFO - [2025-03-24T16:58:26.263-1000] {dagbag.py:588} INFO - Filling up the DagBag from /opt/anaconda3/envs/titanic/lib/python3.11/site-packages/airflow/example_dags/example_setup_teardown_taskflow.py
[2025-03-24T16:58:26.273-1000] {processor.py:925} INFO - DAG(s) 'example_setup_teardown_taskflow' retrieved from /opt/anaconda3/envs/titanic/lib/python3.11/site-packages/airflow/example_dags/example_setup_teardown_taskflow.py
[2025-03-24T16:58:26.297-1000] {logging_mixin.py:190} INFO - [2025-03-24T16:58:26.297-1000] {dag.py:3239} INFO - Sync 1 DAGs
[2025-03-24T16:58:26.300-1000] {logging_mixin.py:190} INFO - [2025-03-24T16:58:26.300-1000] {dag.py:4180} INFO - Setting next_dagrun for example_setup_teardown_taskflow to None, run_after=None
[2025-03-24T16:58:26.304-1000] {processor.py:208} INFO - Processing /opt/anaconda3/envs/titanic/lib/python3.11/site-packages/airflow/example_dags/example_setup_teardown_taskflow.py took 0.042 seconds
[2025-03-24T17:00:19.380-1000] {processor.py:186} INFO - Started process (PID=35715) to work on /opt/anaconda3/envs/titanic/lib/python3.11/site-packages/airflow/example_dags/example_setup_teardown_taskflow.py
[2025-03-24T17:00:19.380-1000] {processor.py:914} INFO - Processing file /opt/anaconda3/envs/titanic/lib/python3.11/site-packages/airflow/example_dags/example_setup_teardown_taskflow.py for tasks to queue
[2025-03-24T17:00:19.381-1000] {logging_mixin.py:190} INFO - [2025-03-24T17:00:19.381-1000] {dagbag.py:588} INFO - Filling up the DagBag from /opt/anaconda3/envs/titanic/lib/python3.11/site-packages/airflow/example_dags/example_setup_teardown_taskflow.py
[2025-03-24T17:00:19.390-1000] {processor.py:925} INFO - DAG(s) 'example_setup_teardown_taskflow' retrieved from /opt/anaconda3/envs/titanic/lib/python3.11/site-packages/airflow/example_dags/example_setup_teardown_taskflow.py
[2025-03-24T17:00:19.416-1000] {logging_mixin.py:190} INFO - [2025-03-24T17:00:19.416-1000] {dag.py:3239} INFO - Sync 1 DAGs
[2025-03-24T17:00:19.419-1000] {logging_mixin.py:190} INFO - [2025-03-24T17:00:19.419-1000] {dag.py:4180} INFO - Setting next_dagrun for example_setup_teardown_taskflow to None, run_after=None
[2025-03-24T17:00:19.424-1000] {processor.py:208} INFO - Processing /opt/anaconda3/envs/titanic/lib/python3.11/site-packages/airflow/example_dags/example_setup_teardown_taskflow.py took 0.045 seconds
[2025-03-24T17:02:18.659-1000] {processor.py:186} INFO - Started process (PID=36167) to work on /opt/anaconda3/envs/titanic/lib/python3.11/site-packages/airflow/example_dags/example_setup_teardown_taskflow.py
[2025-03-24T17:02:18.659-1000] {processor.py:914} INFO - Processing file /opt/anaconda3/envs/titanic/lib/python3.11/site-packages/airflow/example_dags/example_setup_teardown_taskflow.py for tasks to queue
[2025-03-24T17:02:18.659-1000] {logging_mixin.py:190} INFO - [2025-03-24T17:02:18.659-1000] {dagbag.py:588} INFO - Filling up the DagBag from /opt/anaconda3/envs/titanic/lib/python3.11/site-packages/airflow/example_dags/example_setup_teardown_taskflow.py
[2025-03-24T17:02:18.669-1000] {processor.py:925} INFO - DAG(s) 'example_setup_teardown_taskflow' retrieved from /opt/anaconda3/envs/titanic/lib/python3.11/site-packages/airflow/example_dags/example_setup_teardown_taskflow.py
[2025-03-24T17:02:18.694-1000] {logging_mixin.py:190} INFO - [2025-03-24T17:02:18.694-1000] {dag.py:3239} INFO - Sync 1 DAGs
[2025-03-24T17:02:18.697-1000] {logging_mixin.py:190} INFO - [2025-03-24T17:02:18.697-1000] {dag.py:4180} INFO - Setting next_dagrun for example_setup_teardown_taskflow to None, run_after=None
[2025-03-24T17:02:18.702-1000] {processor.py:208} INFO - Processing /opt/anaconda3/envs/titanic/lib/python3.11/site-packages/airflow/example_dags/example_setup_teardown_taskflow.py took 0.044 seconds
[2025-03-24T17:04:13.531-1000] {processor.py:186} INFO - Started process (PID=36598) to work on /opt/anaconda3/envs/titanic/lib/python3.11/site-packages/airflow/example_dags/example_setup_teardown_taskflow.py
[2025-03-24T17:04:13.531-1000] {processor.py:914} INFO - Processing file /opt/anaconda3/envs/titanic/lib/python3.11/site-packages/airflow/example_dags/example_setup_teardown_taskflow.py for tasks to queue
[2025-03-24T17:04:13.531-1000] {logging_mixin.py:190} INFO - [2025-03-24T17:04:13.531-1000] {dagbag.py:588} INFO - Filling up the DagBag from /opt/anaconda3/envs/titanic/lib/python3.11/site-packages/airflow/example_dags/example_setup_teardown_taskflow.py
[2025-03-24T17:04:13.541-1000] {processor.py:925} INFO - DAG(s) 'example_setup_teardown_taskflow' retrieved from /opt/anaconda3/envs/titanic/lib/python3.11/site-packages/airflow/example_dags/example_setup_teardown_taskflow.py
[2025-03-24T17:04:13.565-1000] {logging_mixin.py:190} INFO - [2025-03-24T17:04:13.565-1000] {dag.py:3239} INFO - Sync 1 DAGs
[2025-03-24T17:04:13.568-1000] {logging_mixin.py:190} INFO - [2025-03-24T17:04:13.568-1000] {dag.py:4180} INFO - Setting next_dagrun for example_setup_teardown_taskflow to None, run_after=None
[2025-03-24T17:04:13.573-1000] {processor.py:208} INFO - Processing /opt/anaconda3/envs/titanic/lib/python3.11/site-packages/airflow/example_dags/example_setup_teardown_taskflow.py took 0.043 seconds
[2025-03-24T17:06:03.991-1000] {processor.py:186} INFO - Started process (PID=37015) to work on /opt/anaconda3/envs/titanic/lib/python3.11/site-packages/airflow/example_dags/example_setup_teardown_taskflow.py
[2025-03-24T17:06:03.991-1000] {processor.py:914} INFO - Processing file /opt/anaconda3/envs/titanic/lib/python3.11/site-packages/airflow/example_dags/example_setup_teardown_taskflow.py for tasks to queue
[2025-03-24T17:06:03.992-1000] {logging_mixin.py:190} INFO - [2025-03-24T17:06:03.992-1000] {dagbag.py:588} INFO - Filling up the DagBag from /opt/anaconda3/envs/titanic/lib/python3.11/site-packages/airflow/example_dags/example_setup_teardown_taskflow.py
[2025-03-24T17:06:04.001-1000] {processor.py:925} INFO - DAG(s) 'example_setup_teardown_taskflow' retrieved from /opt/anaconda3/envs/titanic/lib/python3.11/site-packages/airflow/example_dags/example_setup_teardown_taskflow.py
[2025-03-24T17:06:04.025-1000] {logging_mixin.py:190} INFO - [2025-03-24T17:06:04.025-1000] {dag.py:3239} INFO - Sync 1 DAGs
[2025-03-24T17:06:04.028-1000] {logging_mixin.py:190} INFO - [2025-03-24T17:06:04.028-1000] {dag.py:4180} INFO - Setting next_dagrun for example_setup_teardown_taskflow to None, run_after=None
[2025-03-24T17:06:04.033-1000] {processor.py:208} INFO - Processing /opt/anaconda3/envs/titanic/lib/python3.11/site-packages/airflow/example_dags/example_setup_teardown_taskflow.py took 0.042 seconds
[2025-03-24T17:07:51.988-1000] {processor.py:186} INFO - Started process (PID=37458) to work on /opt/anaconda3/envs/titanic/lib/python3.11/site-packages/airflow/example_dags/example_setup_teardown_taskflow.py
[2025-03-24T17:07:51.988-1000] {processor.py:914} INFO - Processing file /opt/anaconda3/envs/titanic/lib/python3.11/site-packages/airflow/example_dags/example_setup_teardown_taskflow.py for tasks to queue
[2025-03-24T17:07:51.989-1000] {logging_mixin.py:190} INFO - [2025-03-24T17:07:51.989-1000] {dagbag.py:588} INFO - Filling up the DagBag from /opt/anaconda3/envs/titanic/lib/python3.11/site-packages/airflow/example_dags/example_setup_teardown_taskflow.py
[2025-03-24T17:07:51.998-1000] {processor.py:925} INFO - DAG(s) 'example_setup_teardown_taskflow' retrieved from /opt/anaconda3/envs/titanic/lib/python3.11/site-packages/airflow/example_dags/example_setup_teardown_taskflow.py
[2025-03-24T17:07:52.022-1000] {logging_mixin.py:190} INFO - [2025-03-24T17:07:52.022-1000] {dag.py:3239} INFO - Sync 1 DAGs
[2025-03-24T17:07:52.025-1000] {logging_mixin.py:190} INFO - [2025-03-24T17:07:52.025-1000] {dag.py:4180} INFO - Setting next_dagrun for example_setup_teardown_taskflow to None, run_after=None
[2025-03-24T17:07:52.030-1000] {processor.py:208} INFO - Processing /opt/anaconda3/envs/titanic/lib/python3.11/site-packages/airflow/example_dags/example_setup_teardown_taskflow.py took 0.043 seconds
[2025-03-24T17:09:44.510-1000] {processor.py:186} INFO - Started process (PID=37884) to work on /opt/anaconda3/envs/titanic/lib/python3.11/site-packages/airflow/example_dags/example_setup_teardown_taskflow.py
[2025-03-24T17:09:44.511-1000] {processor.py:914} INFO - Processing file /opt/anaconda3/envs/titanic/lib/python3.11/site-packages/airflow/example_dags/example_setup_teardown_taskflow.py for tasks to queue
[2025-03-24T17:09:44.511-1000] {logging_mixin.py:190} INFO - [2025-03-24T17:09:44.511-1000] {dagbag.py:588} INFO - Filling up the DagBag from /opt/anaconda3/envs/titanic/lib/python3.11/site-packages/airflow/example_dags/example_setup_teardown_taskflow.py
[2025-03-24T17:09:44.520-1000] {processor.py:925} INFO - DAG(s) 'example_setup_teardown_taskflow' retrieved from /opt/anaconda3/envs/titanic/lib/python3.11/site-packages/airflow/example_dags/example_setup_teardown_taskflow.py
[2025-03-24T17:09:44.544-1000] {logging_mixin.py:190} INFO - [2025-03-24T17:09:44.544-1000] {dag.py:3239} INFO - Sync 1 DAGs
[2025-03-24T17:09:44.546-1000] {logging_mixin.py:190} INFO - [2025-03-24T17:09:44.546-1000] {dag.py:4180} INFO - Setting next_dagrun for example_setup_teardown_taskflow to None, run_after=None
[2025-03-24T17:09:44.551-1000] {processor.py:208} INFO - Processing /opt/anaconda3/envs/titanic/lib/python3.11/site-packages/airflow/example_dags/example_setup_teardown_taskflow.py took 0.042 seconds
[2025-03-24T17:11:33.956-1000] {processor.py:186} INFO - Started process (PID=38301) to work on /opt/anaconda3/envs/titanic/lib/python3.11/site-packages/airflow/example_dags/example_setup_teardown_taskflow.py
[2025-03-24T17:11:33.957-1000] {processor.py:914} INFO - Processing file /opt/anaconda3/envs/titanic/lib/python3.11/site-packages/airflow/example_dags/example_setup_teardown_taskflow.py for tasks to queue
[2025-03-24T17:11:33.957-1000] {logging_mixin.py:190} INFO - [2025-03-24T17:11:33.957-1000] {dagbag.py:588} INFO - Filling up the DagBag from /opt/anaconda3/envs/titanic/lib/python3.11/site-packages/airflow/example_dags/example_setup_teardown_taskflow.py
[2025-03-24T17:11:33.966-1000] {processor.py:925} INFO - DAG(s) 'example_setup_teardown_taskflow' retrieved from /opt/anaconda3/envs/titanic/lib/python3.11/site-packages/airflow/example_dags/example_setup_teardown_taskflow.py
[2025-03-24T17:11:33.990-1000] {logging_mixin.py:190} INFO - [2025-03-24T17:11:33.990-1000] {dag.py:3239} INFO - Sync 1 DAGs
[2025-03-24T17:11:33.992-1000] {logging_mixin.py:190} INFO - [2025-03-24T17:11:33.992-1000] {dag.py:4180} INFO - Setting next_dagrun for example_setup_teardown_taskflow to None, run_after=None
[2025-03-24T17:11:33.997-1000] {processor.py:208} INFO - Processing /opt/anaconda3/envs/titanic/lib/python3.11/site-packages/airflow/example_dags/example_setup_teardown_taskflow.py took 0.042 seconds
[2025-03-24T17:13:20.193-1000] {processor.py:186} INFO - Started process (PID=38709) to work on /opt/anaconda3/envs/titanic/lib/python3.11/site-packages/airflow/example_dags/example_setup_teardown_taskflow.py
[2025-03-24T17:13:20.193-1000] {processor.py:914} INFO - Processing file /opt/anaconda3/envs/titanic/lib/python3.11/site-packages/airflow/example_dags/example_setup_teardown_taskflow.py for tasks to queue
[2025-03-24T17:13:20.193-1000] {logging_mixin.py:190} INFO - [2025-03-24T17:13:20.193-1000] {dagbag.py:588} INFO - Filling up the DagBag from /opt/anaconda3/envs/titanic/lib/python3.11/site-packages/airflow/example_dags/example_setup_teardown_taskflow.py
[2025-03-24T17:13:20.203-1000] {processor.py:925} INFO - DAG(s) 'example_setup_teardown_taskflow' retrieved from /opt/anaconda3/envs/titanic/lib/python3.11/site-packages/airflow/example_dags/example_setup_teardown_taskflow.py
[2025-03-24T17:13:20.227-1000] {logging_mixin.py:190} INFO - [2025-03-24T17:13:20.226-1000] {dag.py:3239} INFO - Sync 1 DAGs
[2025-03-24T17:13:20.229-1000] {logging_mixin.py:190} INFO - [2025-03-24T17:13:20.229-1000] {dag.py:4180} INFO - Setting next_dagrun for example_setup_teardown_taskflow to None, run_after=None
[2025-03-24T17:13:20.234-1000] {processor.py:208} INFO - Processing /opt/anaconda3/envs/titanic/lib/python3.11/site-packages/airflow/example_dags/example_setup_teardown_taskflow.py took 0.042 seconds
[2025-03-24T17:15:09.827-1000] {processor.py:186} INFO - Started process (PID=39124) to work on /opt/anaconda3/envs/titanic/lib/python3.11/site-packages/airflow/example_dags/example_setup_teardown_taskflow.py
[2025-03-24T17:15:09.827-1000] {processor.py:914} INFO - Processing file /opt/anaconda3/envs/titanic/lib/python3.11/site-packages/airflow/example_dags/example_setup_teardown_taskflow.py for tasks to queue
[2025-03-24T17:15:09.827-1000] {logging_mixin.py:190} INFO - [2025-03-24T17:15:09.827-1000] {dagbag.py:588} INFO - Filling up the DagBag from /opt/anaconda3/envs/titanic/lib/python3.11/site-packages/airflow/example_dags/example_setup_teardown_taskflow.py
[2025-03-24T17:15:09.837-1000] {processor.py:925} INFO - DAG(s) 'example_setup_teardown_taskflow' retrieved from /opt/anaconda3/envs/titanic/lib/python3.11/site-packages/airflow/example_dags/example_setup_teardown_taskflow.py
[2025-03-24T17:15:09.860-1000] {logging_mixin.py:190} INFO - [2025-03-24T17:15:09.860-1000] {dag.py:3239} INFO - Sync 1 DAGs
[2025-03-24T17:15:09.863-1000] {logging_mixin.py:190} INFO - [2025-03-24T17:15:09.863-1000] {dag.py:4180} INFO - Setting next_dagrun for example_setup_teardown_taskflow to None, run_after=None
[2025-03-24T17:15:09.868-1000] {processor.py:208} INFO - Processing /opt/anaconda3/envs/titanic/lib/python3.11/site-packages/airflow/example_dags/example_setup_teardown_taskflow.py took 0.042 seconds
[2025-03-24T17:17:00.223-1000] {processor.py:186} INFO - Started process (PID=39540) to work on /opt/anaconda3/envs/titanic/lib/python3.11/site-packages/airflow/example_dags/example_setup_teardown_taskflow.py
[2025-03-24T17:17:00.223-1000] {processor.py:914} INFO - Processing file /opt/anaconda3/envs/titanic/lib/python3.11/site-packages/airflow/example_dags/example_setup_teardown_taskflow.py for tasks to queue
[2025-03-24T17:17:00.223-1000] {logging_mixin.py:190} INFO - [2025-03-24T17:17:00.223-1000] {dagbag.py:588} INFO - Filling up the DagBag from /opt/anaconda3/envs/titanic/lib/python3.11/site-packages/airflow/example_dags/example_setup_teardown_taskflow.py
[2025-03-24T17:17:00.233-1000] {processor.py:925} INFO - DAG(s) 'example_setup_teardown_taskflow' retrieved from /opt/anaconda3/envs/titanic/lib/python3.11/site-packages/airflow/example_dags/example_setup_teardown_taskflow.py
[2025-03-24T17:17:00.256-1000] {logging_mixin.py:190} INFO - [2025-03-24T17:17:00.256-1000] {dag.py:3239} INFO - Sync 1 DAGs
[2025-03-24T17:17:00.259-1000] {logging_mixin.py:190} INFO - [2025-03-24T17:17:00.259-1000] {dag.py:4180} INFO - Setting next_dagrun for example_setup_teardown_taskflow to None, run_after=None
[2025-03-24T17:17:00.264-1000] {processor.py:208} INFO - Processing /opt/anaconda3/envs/titanic/lib/python3.11/site-packages/airflow/example_dags/example_setup_teardown_taskflow.py took 0.042 seconds
[2025-03-24T17:18:48.445-1000] {processor.py:186} INFO - Started process (PID=39971) to work on /opt/anaconda3/envs/titanic/lib/python3.11/site-packages/airflow/example_dags/example_setup_teardown_taskflow.py
[2025-03-24T17:18:48.445-1000] {processor.py:914} INFO - Processing file /opt/anaconda3/envs/titanic/lib/python3.11/site-packages/airflow/example_dags/example_setup_teardown_taskflow.py for tasks to queue
[2025-03-24T17:18:48.445-1000] {logging_mixin.py:190} INFO - [2025-03-24T17:18:48.445-1000] {dagbag.py:588} INFO - Filling up the DagBag from /opt/anaconda3/envs/titanic/lib/python3.11/site-packages/airflow/example_dags/example_setup_teardown_taskflow.py
[2025-03-24T17:18:48.455-1000] {processor.py:925} INFO - DAG(s) 'example_setup_teardown_taskflow' retrieved from /opt/anaconda3/envs/titanic/lib/python3.11/site-packages/airflow/example_dags/example_setup_teardown_taskflow.py
[2025-03-24T17:18:48.479-1000] {logging_mixin.py:190} INFO - [2025-03-24T17:18:48.479-1000] {dag.py:3239} INFO - Sync 1 DAGs
[2025-03-24T17:18:48.482-1000] {logging_mixin.py:190} INFO - [2025-03-24T17:18:48.481-1000] {dag.py:4180} INFO - Setting next_dagrun for example_setup_teardown_taskflow to None, run_after=None
[2025-03-24T17:18:48.486-1000] {processor.py:208} INFO - Processing /opt/anaconda3/envs/titanic/lib/python3.11/site-packages/airflow/example_dags/example_setup_teardown_taskflow.py took 0.043 seconds
[2025-03-24T17:20:41.655-1000] {processor.py:186} INFO - Started process (PID=40409) to work on /opt/anaconda3/envs/titanic/lib/python3.11/site-packages/airflow/example_dags/example_setup_teardown_taskflow.py
[2025-03-24T17:20:41.655-1000] {processor.py:914} INFO - Processing file /opt/anaconda3/envs/titanic/lib/python3.11/site-packages/airflow/example_dags/example_setup_teardown_taskflow.py for tasks to queue
[2025-03-24T17:20:41.655-1000] {logging_mixin.py:190} INFO - [2025-03-24T17:20:41.655-1000] {dagbag.py:588} INFO - Filling up the DagBag from /opt/anaconda3/envs/titanic/lib/python3.11/site-packages/airflow/example_dags/example_setup_teardown_taskflow.py
[2025-03-24T17:20:41.665-1000] {processor.py:925} INFO - DAG(s) 'example_setup_teardown_taskflow' retrieved from /opt/anaconda3/envs/titanic/lib/python3.11/site-packages/airflow/example_dags/example_setup_teardown_taskflow.py
[2025-03-24T17:20:41.689-1000] {logging_mixin.py:190} INFO - [2025-03-24T17:20:41.689-1000] {dag.py:3239} INFO - Sync 1 DAGs
[2025-03-24T17:20:41.692-1000] {logging_mixin.py:190} INFO - [2025-03-24T17:20:41.691-1000] {dag.py:4180} INFO - Setting next_dagrun for example_setup_teardown_taskflow to None, run_after=None
[2025-03-24T17:20:41.697-1000] {processor.py:208} INFO - Processing /opt/anaconda3/envs/titanic/lib/python3.11/site-packages/airflow/example_dags/example_setup_teardown_taskflow.py took 0.043 seconds
[2025-03-24T17:22:33.968-1000] {processor.py:186} INFO - Started process (PID=40856) to work on /opt/anaconda3/envs/titanic/lib/python3.11/site-packages/airflow/example_dags/example_setup_teardown_taskflow.py
[2025-03-24T17:22:33.969-1000] {processor.py:914} INFO - Processing file /opt/anaconda3/envs/titanic/lib/python3.11/site-packages/airflow/example_dags/example_setup_teardown_taskflow.py for tasks to queue
[2025-03-24T17:22:33.970-1000] {logging_mixin.py:190} INFO - [2025-03-24T17:22:33.970-1000] {dagbag.py:588} INFO - Filling up the DagBag from /opt/anaconda3/envs/titanic/lib/python3.11/site-packages/airflow/example_dags/example_setup_teardown_taskflow.py
[2025-03-24T17:22:33.980-1000] {processor.py:925} INFO - DAG(s) 'example_setup_teardown_taskflow' retrieved from /opt/anaconda3/envs/titanic/lib/python3.11/site-packages/airflow/example_dags/example_setup_teardown_taskflow.py
[2025-03-24T17:22:34.004-1000] {logging_mixin.py:190} INFO - [2025-03-24T17:22:34.004-1000] {dag.py:3239} INFO - Sync 1 DAGs
[2025-03-24T17:22:34.007-1000] {logging_mixin.py:190} INFO - [2025-03-24T17:22:34.007-1000] {dag.py:4180} INFO - Setting next_dagrun for example_setup_teardown_taskflow to None, run_after=None
[2025-03-24T17:22:34.012-1000] {processor.py:208} INFO - Processing /opt/anaconda3/envs/titanic/lib/python3.11/site-packages/airflow/example_dags/example_setup_teardown_taskflow.py took 0.044 seconds
[2025-03-24T17:24:25.883-1000] {processor.py:186} INFO - Started process (PID=41285) to work on /opt/anaconda3/envs/titanic/lib/python3.11/site-packages/airflow/example_dags/example_setup_teardown_taskflow.py
[2025-03-24T17:24:25.884-1000] {processor.py:914} INFO - Processing file /opt/anaconda3/envs/titanic/lib/python3.11/site-packages/airflow/example_dags/example_setup_teardown_taskflow.py for tasks to queue
[2025-03-24T17:24:25.885-1000] {logging_mixin.py:190} INFO - [2025-03-24T17:24:25.885-1000] {dagbag.py:588} INFO - Filling up the DagBag from /opt/anaconda3/envs/titanic/lib/python3.11/site-packages/airflow/example_dags/example_setup_teardown_taskflow.py
[2025-03-24T17:24:25.895-1000] {processor.py:925} INFO - DAG(s) 'example_setup_teardown_taskflow' retrieved from /opt/anaconda3/envs/titanic/lib/python3.11/site-packages/airflow/example_dags/example_setup_teardown_taskflow.py
[2025-03-24T17:24:25.920-1000] {logging_mixin.py:190} INFO - [2025-03-24T17:24:25.919-1000] {dag.py:3239} INFO - Sync 1 DAGs
[2025-03-24T17:24:25.922-1000] {logging_mixin.py:190} INFO - [2025-03-24T17:24:25.922-1000] {dag.py:4180} INFO - Setting next_dagrun for example_setup_teardown_taskflow to None, run_after=None
[2025-03-24T17:24:25.927-1000] {processor.py:208} INFO - Processing /opt/anaconda3/envs/titanic/lib/python3.11/site-packages/airflow/example_dags/example_setup_teardown_taskflow.py took 0.045 seconds
[2025-03-24T17:26:24.703-1000] {processor.py:186} INFO - Started process (PID=41811) to work on /opt/anaconda3/envs/titanic/lib/python3.11/site-packages/airflow/example_dags/example_setup_teardown_taskflow.py
[2025-03-24T17:26:24.704-1000] {processor.py:914} INFO - Processing file /opt/anaconda3/envs/titanic/lib/python3.11/site-packages/airflow/example_dags/example_setup_teardown_taskflow.py for tasks to queue
[2025-03-24T17:26:24.704-1000] {logging_mixin.py:190} INFO - [2025-03-24T17:26:24.704-1000] {dagbag.py:588} INFO - Filling up the DagBag from /opt/anaconda3/envs/titanic/lib/python3.11/site-packages/airflow/example_dags/example_setup_teardown_taskflow.py
[2025-03-24T17:26:24.714-1000] {processor.py:925} INFO - DAG(s) 'example_setup_teardown_taskflow' retrieved from /opt/anaconda3/envs/titanic/lib/python3.11/site-packages/airflow/example_dags/example_setup_teardown_taskflow.py
[2025-03-24T17:26:24.738-1000] {logging_mixin.py:190} INFO - [2025-03-24T17:26:24.738-1000] {dag.py:3239} INFO - Sync 1 DAGs
[2025-03-24T17:26:24.740-1000] {logging_mixin.py:190} INFO - [2025-03-24T17:26:24.740-1000] {dag.py:4180} INFO - Setting next_dagrun for example_setup_teardown_taskflow to None, run_after=None
[2025-03-24T17:26:24.745-1000] {processor.py:208} INFO - Processing /opt/anaconda3/envs/titanic/lib/python3.11/site-packages/airflow/example_dags/example_setup_teardown_taskflow.py took 0.043 seconds
[2025-03-24T17:28:19.835-1000] {processor.py:186} INFO - Started process (PID=42288) to work on /opt/anaconda3/envs/titanic/lib/python3.11/site-packages/airflow/example_dags/example_setup_teardown_taskflow.py
[2025-03-24T17:28:19.836-1000] {processor.py:914} INFO - Processing file /opt/anaconda3/envs/titanic/lib/python3.11/site-packages/airflow/example_dags/example_setup_teardown_taskflow.py for tasks to queue
[2025-03-24T17:28:19.836-1000] {logging_mixin.py:190} INFO - [2025-03-24T17:28:19.836-1000] {dagbag.py:588} INFO - Filling up the DagBag from /opt/anaconda3/envs/titanic/lib/python3.11/site-packages/airflow/example_dags/example_setup_teardown_taskflow.py
[2025-03-24T17:28:19.846-1000] {processor.py:925} INFO - DAG(s) 'example_setup_teardown_taskflow' retrieved from /opt/anaconda3/envs/titanic/lib/python3.11/site-packages/airflow/example_dags/example_setup_teardown_taskflow.py
[2025-03-24T17:28:19.870-1000] {logging_mixin.py:190} INFO - [2025-03-24T17:28:19.870-1000] {dag.py:3239} INFO - Sync 1 DAGs
[2025-03-24T17:28:19.873-1000] {logging_mixin.py:190} INFO - [2025-03-24T17:28:19.873-1000] {dag.py:4180} INFO - Setting next_dagrun for example_setup_teardown_taskflow to None, run_after=None
[2025-03-24T17:28:19.878-1000] {processor.py:208} INFO - Processing /opt/anaconda3/envs/titanic/lib/python3.11/site-packages/airflow/example_dags/example_setup_teardown_taskflow.py took 0.044 seconds
[2025-03-24T17:30:13.520-1000] {processor.py:186} INFO - Started process (PID=42755) to work on /opt/anaconda3/envs/titanic/lib/python3.11/site-packages/airflow/example_dags/example_setup_teardown_taskflow.py
[2025-03-24T17:30:13.521-1000] {processor.py:914} INFO - Processing file /opt/anaconda3/envs/titanic/lib/python3.11/site-packages/airflow/example_dags/example_setup_teardown_taskflow.py for tasks to queue
[2025-03-24T17:30:13.521-1000] {logging_mixin.py:190} INFO - [2025-03-24T17:30:13.521-1000] {dagbag.py:588} INFO - Filling up the DagBag from /opt/anaconda3/envs/titanic/lib/python3.11/site-packages/airflow/example_dags/example_setup_teardown_taskflow.py
[2025-03-24T17:30:13.531-1000] {processor.py:925} INFO - DAG(s) 'example_setup_teardown_taskflow' retrieved from /opt/anaconda3/envs/titanic/lib/python3.11/site-packages/airflow/example_dags/example_setup_teardown_taskflow.py
[2025-03-24T17:30:13.556-1000] {logging_mixin.py:190} INFO - [2025-03-24T17:30:13.556-1000] {dag.py:3239} INFO - Sync 1 DAGs
[2025-03-24T17:30:13.559-1000] {logging_mixin.py:190} INFO - [2025-03-24T17:30:13.559-1000] {dag.py:4180} INFO - Setting next_dagrun for example_setup_teardown_taskflow to None, run_after=None
[2025-03-24T17:30:13.563-1000] {processor.py:208} INFO - Processing /opt/anaconda3/envs/titanic/lib/python3.11/site-packages/airflow/example_dags/example_setup_teardown_taskflow.py took 0.044 seconds
[2025-03-24T17:32:16.156-1000] {processor.py:186} INFO - Started process (PID=43285) to work on /opt/anaconda3/envs/titanic/lib/python3.11/site-packages/airflow/example_dags/example_setup_teardown_taskflow.py
[2025-03-24T17:32:16.157-1000] {processor.py:914} INFO - Processing file /opt/anaconda3/envs/titanic/lib/python3.11/site-packages/airflow/example_dags/example_setup_teardown_taskflow.py for tasks to queue
[2025-03-24T17:32:16.157-1000] {logging_mixin.py:190} INFO - [2025-03-24T17:32:16.157-1000] {dagbag.py:588} INFO - Filling up the DagBag from /opt/anaconda3/envs/titanic/lib/python3.11/site-packages/airflow/example_dags/example_setup_teardown_taskflow.py
[2025-03-24T17:32:16.167-1000] {processor.py:925} INFO - DAG(s) 'example_setup_teardown_taskflow' retrieved from /opt/anaconda3/envs/titanic/lib/python3.11/site-packages/airflow/example_dags/example_setup_teardown_taskflow.py
[2025-03-24T17:32:16.192-1000] {logging_mixin.py:190} INFO - [2025-03-24T17:32:16.191-1000] {dag.py:3239} INFO - Sync 1 DAGs
[2025-03-24T17:32:16.194-1000] {logging_mixin.py:190} INFO - [2025-03-24T17:32:16.194-1000] {dag.py:4180} INFO - Setting next_dagrun for example_setup_teardown_taskflow to None, run_after=None
[2025-03-24T17:32:16.199-1000] {processor.py:208} INFO - Processing /opt/anaconda3/envs/titanic/lib/python3.11/site-packages/airflow/example_dags/example_setup_teardown_taskflow.py took 0.045 seconds
