[2025-03-24T15:51:09.568-1000] {processor.py:186} INFO - Started process (PID=18866) to work on /opt/anaconda3/envs/titanic/lib/python3.11/site-packages/airflow/example_dags/example_short_circuit_operator.py
[2025-03-24T15:51:09.568-1000] {processor.py:914} INFO - Processing file /opt/anaconda3/envs/titanic/lib/python3.11/site-packages/airflow/example_dags/example_short_circuit_operator.py for tasks to queue
[2025-03-24T15:51:09.569-1000] {logging_mixin.py:190} INFO - [2025-03-24T15:51:09.569-1000] {dagbag.py:588} INFO - Filling up the DagBag from /opt/anaconda3/envs/titanic/lib/python3.11/site-packages/airflow/example_dags/example_short_circuit_operator.py
[2025-03-24T15:51:09.577-1000] {processor.py:925} INFO - DAG(s) 'example_short_circuit_operator' retrieved from /opt/anaconda3/envs/titanic/lib/python3.11/site-packages/airflow/example_dags/example_short_circuit_operator.py
[2025-03-24T15:51:09.604-1000] {logging_mixin.py:190} INFO - [2025-03-24T15:51:09.604-1000] {dag.py:3239} INFO - Sync 1 DAGs
[2025-03-24T15:51:09.607-1000] {logging_mixin.py:190} INFO - [2025-03-24T15:51:09.607-1000] {dag.py:4180} INFO - Setting next_dagrun for example_short_circuit_operator to None, run_after=None
[2025-03-24T15:51:09.613-1000] {processor.py:208} INFO - Processing /opt/anaconda3/envs/titanic/lib/python3.11/site-packages/airflow/example_dags/example_short_circuit_operator.py took 0.071 seconds
[2025-03-24T15:52:44.828-1000] {processor.py:186} INFO - Started process (PID=19932) to work on /opt/anaconda3/envs/titanic/lib/python3.11/site-packages/airflow/example_dags/example_short_circuit_operator.py
[2025-03-24T15:52:44.829-1000] {processor.py:914} INFO - Processing file /opt/anaconda3/envs/titanic/lib/python3.11/site-packages/airflow/example_dags/example_short_circuit_operator.py for tasks to queue
[2025-03-24T15:52:44.829-1000] {logging_mixin.py:190} INFO - [2025-03-24T15:52:44.829-1000] {dagbag.py:588} INFO - Filling up the DagBag from /opt/anaconda3/envs/titanic/lib/python3.11/site-packages/airflow/example_dags/example_short_circuit_operator.py
[2025-03-24T15:52:44.837-1000] {processor.py:925} INFO - DAG(s) 'example_short_circuit_operator' retrieved from /opt/anaconda3/envs/titanic/lib/python3.11/site-packages/airflow/example_dags/example_short_circuit_operator.py
[2025-03-24T15:52:44.862-1000] {logging_mixin.py:190} INFO - [2025-03-24T15:52:44.862-1000] {dag.py:3239} INFO - Sync 1 DAGs
[2025-03-24T15:52:44.865-1000] {logging_mixin.py:190} INFO - [2025-03-24T15:52:44.865-1000] {dag.py:4180} INFO - Setting next_dagrun for example_short_circuit_operator to None, run_after=None
[2025-03-24T15:52:44.870-1000] {processor.py:208} INFO - Processing /opt/anaconda3/envs/titanic/lib/python3.11/site-packages/airflow/example_dags/example_short_circuit_operator.py took 0.063 seconds
[2025-03-24T15:54:39.542-1000] {processor.py:186} INFO - Started process (PID=20386) to work on /opt/anaconda3/envs/titanic/lib/python3.11/site-packages/airflow/example_dags/example_short_circuit_operator.py
[2025-03-24T15:54:39.544-1000] {processor.py:914} INFO - Processing file /opt/anaconda3/envs/titanic/lib/python3.11/site-packages/airflow/example_dags/example_short_circuit_operator.py for tasks to queue
[2025-03-24T15:54:39.544-1000] {logging_mixin.py:190} INFO - [2025-03-24T15:54:39.544-1000] {dagbag.py:588} INFO - Filling up the DagBag from /opt/anaconda3/envs/titanic/lib/python3.11/site-packages/airflow/example_dags/example_short_circuit_operator.py
[2025-03-24T15:54:39.551-1000] {processor.py:925} INFO - DAG(s) 'example_short_circuit_operator' retrieved from /opt/anaconda3/envs/titanic/lib/python3.11/site-packages/airflow/example_dags/example_short_circuit_operator.py
[2025-03-24T15:54:39.576-1000] {logging_mixin.py:190} INFO - [2025-03-24T15:54:39.576-1000] {dag.py:3239} INFO - Sync 1 DAGs
[2025-03-24T15:54:39.579-1000] {logging_mixin.py:190} INFO - [2025-03-24T15:54:39.579-1000] {dag.py:4180} INFO - Setting next_dagrun for example_short_circuit_operator to None, run_after=None
[2025-03-24T15:54:39.584-1000] {processor.py:208} INFO - Processing /opt/anaconda3/envs/titanic/lib/python3.11/site-packages/airflow/example_dags/example_short_circuit_operator.py took 0.061 seconds
[2025-03-24T15:56:28.931-1000] {processor.py:186} INFO - Started process (PID=20812) to work on /opt/anaconda3/envs/titanic/lib/python3.11/site-packages/airflow/example_dags/example_short_circuit_operator.py
[2025-03-24T15:56:28.932-1000] {processor.py:914} INFO - Processing file /opt/anaconda3/envs/titanic/lib/python3.11/site-packages/airflow/example_dags/example_short_circuit_operator.py for tasks to queue
[2025-03-24T15:56:28.932-1000] {logging_mixin.py:190} INFO - [2025-03-24T15:56:28.932-1000] {dagbag.py:588} INFO - Filling up the DagBag from /opt/anaconda3/envs/titanic/lib/python3.11/site-packages/airflow/example_dags/example_short_circuit_operator.py
[2025-03-24T15:56:28.939-1000] {processor.py:925} INFO - DAG(s) 'example_short_circuit_operator' retrieved from /opt/anaconda3/envs/titanic/lib/python3.11/site-packages/airflow/example_dags/example_short_circuit_operator.py
[2025-03-24T15:56:28.965-1000] {logging_mixin.py:190} INFO - [2025-03-24T15:56:28.965-1000] {dag.py:3239} INFO - Sync 1 DAGs
[2025-03-24T15:56:28.968-1000] {logging_mixin.py:190} INFO - [2025-03-24T15:56:28.967-1000] {dag.py:4180} INFO - Setting next_dagrun for example_short_circuit_operator to None, run_after=None
[2025-03-24T15:56:28.973-1000] {processor.py:208} INFO - Processing /opt/anaconda3/envs/titanic/lib/python3.11/site-packages/airflow/example_dags/example_short_circuit_operator.py took 0.063 seconds
[2025-03-24T15:58:14.878-1000] {processor.py:186} INFO - Started process (PID=21220) to work on /opt/anaconda3/envs/titanic/lib/python3.11/site-packages/airflow/example_dags/example_short_circuit_operator.py
[2025-03-24T15:58:14.880-1000] {processor.py:914} INFO - Processing file /opt/anaconda3/envs/titanic/lib/python3.11/site-packages/airflow/example_dags/example_short_circuit_operator.py for tasks to queue
[2025-03-24T15:58:14.880-1000] {logging_mixin.py:190} INFO - [2025-03-24T15:58:14.880-1000] {dagbag.py:588} INFO - Filling up the DagBag from /opt/anaconda3/envs/titanic/lib/python3.11/site-packages/airflow/example_dags/example_short_circuit_operator.py
[2025-03-24T15:58:14.887-1000] {processor.py:925} INFO - DAG(s) 'example_short_circuit_operator' retrieved from /opt/anaconda3/envs/titanic/lib/python3.11/site-packages/airflow/example_dags/example_short_circuit_operator.py
[2025-03-24T15:58:14.912-1000] {logging_mixin.py:190} INFO - [2025-03-24T15:58:14.911-1000] {dag.py:3239} INFO - Sync 1 DAGs
[2025-03-24T15:58:14.914-1000] {logging_mixin.py:190} INFO - [2025-03-24T15:58:14.914-1000] {dag.py:4180} INFO - Setting next_dagrun for example_short_circuit_operator to None, run_after=None
[2025-03-24T15:58:14.920-1000] {processor.py:208} INFO - Processing /opt/anaconda3/envs/titanic/lib/python3.11/site-packages/airflow/example_dags/example_short_circuit_operator.py took 0.063 seconds
[2025-03-24T16:00:03.928-1000] {processor.py:186} INFO - Started process (PID=21655) to work on /opt/anaconda3/envs/titanic/lib/python3.11/site-packages/airflow/example_dags/example_short_circuit_operator.py
[2025-03-24T16:00:03.929-1000] {processor.py:914} INFO - Processing file /opt/anaconda3/envs/titanic/lib/python3.11/site-packages/airflow/example_dags/example_short_circuit_operator.py for tasks to queue
[2025-03-24T16:00:03.930-1000] {logging_mixin.py:190} INFO - [2025-03-24T16:00:03.930-1000] {dagbag.py:588} INFO - Filling up the DagBag from /opt/anaconda3/envs/titanic/lib/python3.11/site-packages/airflow/example_dags/example_short_circuit_operator.py
[2025-03-24T16:00:03.937-1000] {processor.py:925} INFO - DAG(s) 'example_short_circuit_operator' retrieved from /opt/anaconda3/envs/titanic/lib/python3.11/site-packages/airflow/example_dags/example_short_circuit_operator.py
[2025-03-24T16:00:03.963-1000] {logging_mixin.py:190} INFO - [2025-03-24T16:00:03.963-1000] {dag.py:3239} INFO - Sync 1 DAGs
[2025-03-24T16:00:03.966-1000] {logging_mixin.py:190} INFO - [2025-03-24T16:00:03.966-1000] {dag.py:4180} INFO - Setting next_dagrun for example_short_circuit_operator to None, run_after=None
[2025-03-24T16:00:03.972-1000] {processor.py:208} INFO - Processing /opt/anaconda3/envs/titanic/lib/python3.11/site-packages/airflow/example_dags/example_short_circuit_operator.py took 0.067 seconds
[2025-03-24T16:02:14.719-1000] {processor.py:186} INFO - Started process (PID=22130) to work on /opt/anaconda3/envs/titanic/lib/python3.11/site-packages/airflow/example_dags/example_short_circuit_operator.py
[2025-03-24T16:02:14.719-1000] {processor.py:914} INFO - Processing file /opt/anaconda3/envs/titanic/lib/python3.11/site-packages/airflow/example_dags/example_short_circuit_operator.py for tasks to queue
[2025-03-24T16:02:14.719-1000] {logging_mixin.py:190} INFO - [2025-03-24T16:02:14.719-1000] {dagbag.py:588} INFO - Filling up the DagBag from /opt/anaconda3/envs/titanic/lib/python3.11/site-packages/airflow/example_dags/example_short_circuit_operator.py
[2025-03-24T16:02:14.726-1000] {processor.py:925} INFO - DAG(s) 'example_short_circuit_operator' retrieved from /opt/anaconda3/envs/titanic/lib/python3.11/site-packages/airflow/example_dags/example_short_circuit_operator.py
[2025-03-24T16:02:14.751-1000] {logging_mixin.py:190} INFO - [2025-03-24T16:02:14.751-1000] {dag.py:3239} INFO - Sync 1 DAGs
[2025-03-24T16:02:14.754-1000] {logging_mixin.py:190} INFO - [2025-03-24T16:02:14.753-1000] {dag.py:4180} INFO - Setting next_dagrun for example_short_circuit_operator to None, run_after=None
[2025-03-24T16:02:14.759-1000] {processor.py:208} INFO - Processing /opt/anaconda3/envs/titanic/lib/python3.11/site-packages/airflow/example_dags/example_short_circuit_operator.py took 0.060 seconds
[2025-03-24T16:04:03.381-1000] {processor.py:186} INFO - Started process (PID=22548) to work on /opt/anaconda3/envs/titanic/lib/python3.11/site-packages/airflow/example_dags/example_short_circuit_operator.py
[2025-03-24T16:04:03.381-1000] {processor.py:914} INFO - Processing file /opt/anaconda3/envs/titanic/lib/python3.11/site-packages/airflow/example_dags/example_short_circuit_operator.py for tasks to queue
[2025-03-24T16:04:03.381-1000] {logging_mixin.py:190} INFO - [2025-03-24T16:04:03.381-1000] {dagbag.py:588} INFO - Filling up the DagBag from /opt/anaconda3/envs/titanic/lib/python3.11/site-packages/airflow/example_dags/example_short_circuit_operator.py
[2025-03-24T16:04:03.389-1000] {processor.py:925} INFO - DAG(s) 'example_short_circuit_operator' retrieved from /opt/anaconda3/envs/titanic/lib/python3.11/site-packages/airflow/example_dags/example_short_circuit_operator.py
[2025-03-24T16:04:03.415-1000] {logging_mixin.py:190} INFO - [2025-03-24T16:04:03.415-1000] {dag.py:3239} INFO - Sync 1 DAGs
[2025-03-24T16:04:03.417-1000] {logging_mixin.py:190} INFO - [2025-03-24T16:04:03.417-1000] {dag.py:4180} INFO - Setting next_dagrun for example_short_circuit_operator to None, run_after=None
[2025-03-24T16:04:03.423-1000] {processor.py:208} INFO - Processing /opt/anaconda3/envs/titanic/lib/python3.11/site-packages/airflow/example_dags/example_short_circuit_operator.py took 0.065 seconds
[2025-03-24T16:05:47.235-1000] {processor.py:186} INFO - Started process (PID=22945) to work on /opt/anaconda3/envs/titanic/lib/python3.11/site-packages/airflow/example_dags/example_short_circuit_operator.py
[2025-03-24T16:05:47.236-1000] {processor.py:914} INFO - Processing file /opt/anaconda3/envs/titanic/lib/python3.11/site-packages/airflow/example_dags/example_short_circuit_operator.py for tasks to queue
[2025-03-24T16:05:47.236-1000] {logging_mixin.py:190} INFO - [2025-03-24T16:05:47.236-1000] {dagbag.py:588} INFO - Filling up the DagBag from /opt/anaconda3/envs/titanic/lib/python3.11/site-packages/airflow/example_dags/example_short_circuit_operator.py
[2025-03-24T16:05:47.243-1000] {processor.py:925} INFO - DAG(s) 'example_short_circuit_operator' retrieved from /opt/anaconda3/envs/titanic/lib/python3.11/site-packages/airflow/example_dags/example_short_circuit_operator.py
[2025-03-24T16:05:47.267-1000] {logging_mixin.py:190} INFO - [2025-03-24T16:05:47.267-1000] {dag.py:3239} INFO - Sync 1 DAGs
[2025-03-24T16:05:47.270-1000] {logging_mixin.py:190} INFO - [2025-03-24T16:05:47.270-1000] {dag.py:4180} INFO - Setting next_dagrun for example_short_circuit_operator to None, run_after=None
[2025-03-24T16:05:47.275-1000] {processor.py:208} INFO - Processing /opt/anaconda3/envs/titanic/lib/python3.11/site-packages/airflow/example_dags/example_short_circuit_operator.py took 0.060 seconds
[2025-03-24T16:07:37.506-1000] {processor.py:186} INFO - Started process (PID=23400) to work on /opt/anaconda3/envs/titanic/lib/python3.11/site-packages/airflow/example_dags/example_short_circuit_operator.py
[2025-03-24T16:07:37.506-1000] {processor.py:914} INFO - Processing file /opt/anaconda3/envs/titanic/lib/python3.11/site-packages/airflow/example_dags/example_short_circuit_operator.py for tasks to queue
[2025-03-24T16:07:37.506-1000] {logging_mixin.py:190} INFO - [2025-03-24T16:07:37.506-1000] {dagbag.py:588} INFO - Filling up the DagBag from /opt/anaconda3/envs/titanic/lib/python3.11/site-packages/airflow/example_dags/example_short_circuit_operator.py
[2025-03-24T16:07:37.513-1000] {processor.py:925} INFO - DAG(s) 'example_short_circuit_operator' retrieved from /opt/anaconda3/envs/titanic/lib/python3.11/site-packages/airflow/example_dags/example_short_circuit_operator.py
[2025-03-24T16:07:37.537-1000] {logging_mixin.py:190} INFO - [2025-03-24T16:07:37.537-1000] {dag.py:3239} INFO - Sync 1 DAGs
[2025-03-24T16:07:37.540-1000] {logging_mixin.py:190} INFO - [2025-03-24T16:07:37.540-1000] {dag.py:4180} INFO - Setting next_dagrun for example_short_circuit_operator to None, run_after=None
[2025-03-24T16:07:37.545-1000] {processor.py:208} INFO - Processing /opt/anaconda3/envs/titanic/lib/python3.11/site-packages/airflow/example_dags/example_short_circuit_operator.py took 0.059 seconds
[2025-03-24T16:09:32.194-1000] {processor.py:186} INFO - Started process (PID=23822) to work on /opt/anaconda3/envs/titanic/lib/python3.11/site-packages/airflow/example_dags/example_short_circuit_operator.py
[2025-03-24T16:09:32.194-1000] {processor.py:914} INFO - Processing file /opt/anaconda3/envs/titanic/lib/python3.11/site-packages/airflow/example_dags/example_short_circuit_operator.py for tasks to queue
[2025-03-24T16:09:32.194-1000] {logging_mixin.py:190} INFO - [2025-03-24T16:09:32.194-1000] {dagbag.py:588} INFO - Filling up the DagBag from /opt/anaconda3/envs/titanic/lib/python3.11/site-packages/airflow/example_dags/example_short_circuit_operator.py
[2025-03-24T16:09:32.201-1000] {processor.py:925} INFO - DAG(s) 'example_short_circuit_operator' retrieved from /opt/anaconda3/envs/titanic/lib/python3.11/site-packages/airflow/example_dags/example_short_circuit_operator.py
[2025-03-24T16:09:32.225-1000] {logging_mixin.py:190} INFO - [2025-03-24T16:09:32.225-1000] {dag.py:3239} INFO - Sync 1 DAGs
[2025-03-24T16:09:32.228-1000] {logging_mixin.py:190} INFO - [2025-03-24T16:09:32.228-1000] {dag.py:4180} INFO - Setting next_dagrun for example_short_circuit_operator to None, run_after=None
[2025-03-24T16:09:32.233-1000] {processor.py:208} INFO - Processing /opt/anaconda3/envs/titanic/lib/python3.11/site-packages/airflow/example_dags/example_short_circuit_operator.py took 0.058 seconds
[2025-03-24T16:11:34.979-1000] {processor.py:186} INFO - Started process (PID=24325) to work on /opt/anaconda3/envs/titanic/lib/python3.11/site-packages/airflow/example_dags/example_short_circuit_operator.py
[2025-03-24T16:11:34.980-1000] {processor.py:914} INFO - Processing file /opt/anaconda3/envs/titanic/lib/python3.11/site-packages/airflow/example_dags/example_short_circuit_operator.py for tasks to queue
[2025-03-24T16:11:34.980-1000] {logging_mixin.py:190} INFO - [2025-03-24T16:11:34.980-1000] {dagbag.py:588} INFO - Filling up the DagBag from /opt/anaconda3/envs/titanic/lib/python3.11/site-packages/airflow/example_dags/example_short_circuit_operator.py
[2025-03-24T16:11:34.987-1000] {processor.py:925} INFO - DAG(s) 'example_short_circuit_operator' retrieved from /opt/anaconda3/envs/titanic/lib/python3.11/site-packages/airflow/example_dags/example_short_circuit_operator.py
[2025-03-24T16:11:35.012-1000] {logging_mixin.py:190} INFO - [2025-03-24T16:11:35.011-1000] {dag.py:3239} INFO - Sync 1 DAGs
[2025-03-24T16:11:35.014-1000] {logging_mixin.py:190} INFO - [2025-03-24T16:11:35.014-1000] {dag.py:4180} INFO - Setting next_dagrun for example_short_circuit_operator to None, run_after=None
[2025-03-24T16:11:35.019-1000] {processor.py:208} INFO - Processing /opt/anaconda3/envs/titanic/lib/python3.11/site-packages/airflow/example_dags/example_short_circuit_operator.py took 0.060 seconds
[2025-03-24T16:13:34.753-1000] {processor.py:186} INFO - Started process (PID=24833) to work on /opt/anaconda3/envs/titanic/lib/python3.11/site-packages/airflow/example_dags/example_short_circuit_operator.py
[2025-03-24T16:13:34.754-1000] {processor.py:914} INFO - Processing file /opt/anaconda3/envs/titanic/lib/python3.11/site-packages/airflow/example_dags/example_short_circuit_operator.py for tasks to queue
[2025-03-24T16:13:34.755-1000] {logging_mixin.py:190} INFO - [2025-03-24T16:13:34.755-1000] {dagbag.py:588} INFO - Filling up the DagBag from /opt/anaconda3/envs/titanic/lib/python3.11/site-packages/airflow/example_dags/example_short_circuit_operator.py
[2025-03-24T16:13:34.762-1000] {processor.py:925} INFO - DAG(s) 'example_short_circuit_operator' retrieved from /opt/anaconda3/envs/titanic/lib/python3.11/site-packages/airflow/example_dags/example_short_circuit_operator.py
[2025-03-24T16:13:34.786-1000] {logging_mixin.py:190} INFO - [2025-03-24T16:13:34.786-1000] {dag.py:3239} INFO - Sync 1 DAGs
[2025-03-24T16:13:34.789-1000] {logging_mixin.py:190} INFO - [2025-03-24T16:13:34.789-1000] {dag.py:4180} INFO - Setting next_dagrun for example_short_circuit_operator to None, run_after=None
[2025-03-24T16:13:34.794-1000] {processor.py:208} INFO - Processing /opt/anaconda3/envs/titanic/lib/python3.11/site-packages/airflow/example_dags/example_short_circuit_operator.py took 0.062 seconds
[2025-03-24T16:15:27.463-1000] {processor.py:186} INFO - Started process (PID=25263) to work on /opt/anaconda3/envs/titanic/lib/python3.11/site-packages/airflow/example_dags/example_short_circuit_operator.py
[2025-03-24T16:15:27.464-1000] {processor.py:914} INFO - Processing file /opt/anaconda3/envs/titanic/lib/python3.11/site-packages/airflow/example_dags/example_short_circuit_operator.py for tasks to queue
[2025-03-24T16:15:27.464-1000] {logging_mixin.py:190} INFO - [2025-03-24T16:15:27.464-1000] {dagbag.py:588} INFO - Filling up the DagBag from /opt/anaconda3/envs/titanic/lib/python3.11/site-packages/airflow/example_dags/example_short_circuit_operator.py
[2025-03-24T16:15:27.471-1000] {processor.py:925} INFO - DAG(s) 'example_short_circuit_operator' retrieved from /opt/anaconda3/envs/titanic/lib/python3.11/site-packages/airflow/example_dags/example_short_circuit_operator.py
[2025-03-24T16:15:27.495-1000] {logging_mixin.py:190} INFO - [2025-03-24T16:15:27.495-1000] {dag.py:3239} INFO - Sync 1 DAGs
[2025-03-24T16:15:27.498-1000] {logging_mixin.py:190} INFO - [2025-03-24T16:15:27.498-1000] {dag.py:4180} INFO - Setting next_dagrun for example_short_circuit_operator to None, run_after=None
[2025-03-24T16:15:27.503-1000] {processor.py:208} INFO - Processing /opt/anaconda3/envs/titanic/lib/python3.11/site-packages/airflow/example_dags/example_short_circuit_operator.py took 0.059 seconds
[2025-03-24T16:17:17.970-1000] {processor.py:186} INFO - Started process (PID=25706) to work on /opt/anaconda3/envs/titanic/lib/python3.11/site-packages/airflow/example_dags/example_short_circuit_operator.py
[2025-03-24T16:17:17.970-1000] {processor.py:914} INFO - Processing file /opt/anaconda3/envs/titanic/lib/python3.11/site-packages/airflow/example_dags/example_short_circuit_operator.py for tasks to queue
[2025-03-24T16:17:17.970-1000] {logging_mixin.py:190} INFO - [2025-03-24T16:17:17.970-1000] {dagbag.py:588} INFO - Filling up the DagBag from /opt/anaconda3/envs/titanic/lib/python3.11/site-packages/airflow/example_dags/example_short_circuit_operator.py
[2025-03-24T16:17:17.977-1000] {processor.py:925} INFO - DAG(s) 'example_short_circuit_operator' retrieved from /opt/anaconda3/envs/titanic/lib/python3.11/site-packages/airflow/example_dags/example_short_circuit_operator.py
[2025-03-24T16:17:18.002-1000] {logging_mixin.py:190} INFO - [2025-03-24T16:17:18.002-1000] {dag.py:3239} INFO - Sync 1 DAGs
[2025-03-24T16:17:18.004-1000] {logging_mixin.py:190} INFO - [2025-03-24T16:17:18.004-1000] {dag.py:4180} INFO - Setting next_dagrun for example_short_circuit_operator to None, run_after=None
[2025-03-24T16:17:18.009-1000] {processor.py:208} INFO - Processing /opt/anaconda3/envs/titanic/lib/python3.11/site-packages/airflow/example_dags/example_short_circuit_operator.py took 0.059 seconds
[2025-03-24T16:19:09.560-1000] {processor.py:186} INFO - Started process (PID=26155) to work on /opt/anaconda3/envs/titanic/lib/python3.11/site-packages/airflow/example_dags/example_short_circuit_operator.py
[2025-03-24T16:19:09.561-1000] {processor.py:914} INFO - Processing file /opt/anaconda3/envs/titanic/lib/python3.11/site-packages/airflow/example_dags/example_short_circuit_operator.py for tasks to queue
[2025-03-24T16:19:09.561-1000] {logging_mixin.py:190} INFO - [2025-03-24T16:19:09.561-1000] {dagbag.py:588} INFO - Filling up the DagBag from /opt/anaconda3/envs/titanic/lib/python3.11/site-packages/airflow/example_dags/example_short_circuit_operator.py
[2025-03-24T16:19:09.568-1000] {processor.py:925} INFO - DAG(s) 'example_short_circuit_operator' retrieved from /opt/anaconda3/envs/titanic/lib/python3.11/site-packages/airflow/example_dags/example_short_circuit_operator.py
[2025-03-24T16:19:09.593-1000] {logging_mixin.py:190} INFO - [2025-03-24T16:19:09.592-1000] {dag.py:3239} INFO - Sync 1 DAGs
[2025-03-24T16:19:09.595-1000] {logging_mixin.py:190} INFO - [2025-03-24T16:19:09.595-1000] {dag.py:4180} INFO - Setting next_dagrun for example_short_circuit_operator to None, run_after=None
[2025-03-24T16:19:09.601-1000] {processor.py:208} INFO - Processing /opt/anaconda3/envs/titanic/lib/python3.11/site-packages/airflow/example_dags/example_short_circuit_operator.py took 0.060 seconds
[2025-03-24T16:20:59.998-1000] {processor.py:186} INFO - Started process (PID=26578) to work on /opt/anaconda3/envs/titanic/lib/python3.11/site-packages/airflow/example_dags/example_short_circuit_operator.py
[2025-03-24T16:21:00.000-1000] {processor.py:914} INFO - Processing file /opt/anaconda3/envs/titanic/lib/python3.11/site-packages/airflow/example_dags/example_short_circuit_operator.py for tasks to queue
[2025-03-24T16:21:00.000-1000] {logging_mixin.py:190} INFO - [2025-03-24T16:21:00.000-1000] {dagbag.py:588} INFO - Filling up the DagBag from /opt/anaconda3/envs/titanic/lib/python3.11/site-packages/airflow/example_dags/example_short_circuit_operator.py
[2025-03-24T16:21:00.006-1000] {processor.py:925} INFO - DAG(s) 'example_short_circuit_operator' retrieved from /opt/anaconda3/envs/titanic/lib/python3.11/site-packages/airflow/example_dags/example_short_circuit_operator.py
[2025-03-24T16:21:00.031-1000] {logging_mixin.py:190} INFO - [2025-03-24T16:21:00.031-1000] {dag.py:3239} INFO - Sync 1 DAGs
[2025-03-24T16:21:00.034-1000] {logging_mixin.py:190} INFO - [2025-03-24T16:21:00.034-1000] {dag.py:4180} INFO - Setting next_dagrun for example_short_circuit_operator to None, run_after=None
[2025-03-24T16:21:00.039-1000] {processor.py:208} INFO - Processing /opt/anaconda3/envs/titanic/lib/python3.11/site-packages/airflow/example_dags/example_short_circuit_operator.py took 0.060 seconds
[2025-03-24T16:22:51.447-1000] {processor.py:186} INFO - Started process (PID=27009) to work on /opt/anaconda3/envs/titanic/lib/python3.11/site-packages/airflow/example_dags/example_short_circuit_operator.py
[2025-03-24T16:22:51.447-1000] {processor.py:914} INFO - Processing file /opt/anaconda3/envs/titanic/lib/python3.11/site-packages/airflow/example_dags/example_short_circuit_operator.py for tasks to queue
[2025-03-24T16:22:51.447-1000] {logging_mixin.py:190} INFO - [2025-03-24T16:22:51.447-1000] {dagbag.py:588} INFO - Filling up the DagBag from /opt/anaconda3/envs/titanic/lib/python3.11/site-packages/airflow/example_dags/example_short_circuit_operator.py
[2025-03-24T16:22:51.454-1000] {processor.py:925} INFO - DAG(s) 'example_short_circuit_operator' retrieved from /opt/anaconda3/envs/titanic/lib/python3.11/site-packages/airflow/example_dags/example_short_circuit_operator.py
[2025-03-24T16:22:51.479-1000] {logging_mixin.py:190} INFO - [2025-03-24T16:22:51.478-1000] {dag.py:3239} INFO - Sync 1 DAGs
[2025-03-24T16:22:51.481-1000] {logging_mixin.py:190} INFO - [2025-03-24T16:22:51.481-1000] {dag.py:4180} INFO - Setting next_dagrun for example_short_circuit_operator to None, run_after=None
[2025-03-24T16:22:51.487-1000] {processor.py:208} INFO - Processing /opt/anaconda3/envs/titanic/lib/python3.11/site-packages/airflow/example_dags/example_short_circuit_operator.py took 0.064 seconds
[2025-03-24T16:24:45.059-1000] {processor.py:186} INFO - Started process (PID=27449) to work on /opt/anaconda3/envs/titanic/lib/python3.11/site-packages/airflow/example_dags/example_short_circuit_operator.py
[2025-03-24T16:24:45.060-1000] {processor.py:914} INFO - Processing file /opt/anaconda3/envs/titanic/lib/python3.11/site-packages/airflow/example_dags/example_short_circuit_operator.py for tasks to queue
[2025-03-24T16:24:45.060-1000] {logging_mixin.py:190} INFO - [2025-03-24T16:24:45.060-1000] {dagbag.py:588} INFO - Filling up the DagBag from /opt/anaconda3/envs/titanic/lib/python3.11/site-packages/airflow/example_dags/example_short_circuit_operator.py
[2025-03-24T16:24:45.067-1000] {processor.py:925} INFO - DAG(s) 'example_short_circuit_operator' retrieved from /opt/anaconda3/envs/titanic/lib/python3.11/site-packages/airflow/example_dags/example_short_circuit_operator.py
[2025-03-24T16:24:45.092-1000] {logging_mixin.py:190} INFO - [2025-03-24T16:24:45.091-1000] {dag.py:3239} INFO - Sync 1 DAGs
[2025-03-24T16:24:45.094-1000] {logging_mixin.py:190} INFO - [2025-03-24T16:24:45.094-1000] {dag.py:4180} INFO - Setting next_dagrun for example_short_circuit_operator to None, run_after=None
[2025-03-24T16:24:45.100-1000] {processor.py:208} INFO - Processing /opt/anaconda3/envs/titanic/lib/python3.11/site-packages/airflow/example_dags/example_short_circuit_operator.py took 0.060 seconds
[2025-03-24T16:26:36.352-1000] {processor.py:186} INFO - Started process (PID=27869) to work on /opt/anaconda3/envs/titanic/lib/python3.11/site-packages/airflow/example_dags/example_short_circuit_operator.py
[2025-03-24T16:26:36.353-1000] {processor.py:914} INFO - Processing file /opt/anaconda3/envs/titanic/lib/python3.11/site-packages/airflow/example_dags/example_short_circuit_operator.py for tasks to queue
[2025-03-24T16:26:36.353-1000] {logging_mixin.py:190} INFO - [2025-03-24T16:26:36.353-1000] {dagbag.py:588} INFO - Filling up the DagBag from /opt/anaconda3/envs/titanic/lib/python3.11/site-packages/airflow/example_dags/example_short_circuit_operator.py
[2025-03-24T16:26:36.360-1000] {processor.py:925} INFO - DAG(s) 'example_short_circuit_operator' retrieved from /opt/anaconda3/envs/titanic/lib/python3.11/site-packages/airflow/example_dags/example_short_circuit_operator.py
[2025-03-24T16:26:36.384-1000] {logging_mixin.py:190} INFO - [2025-03-24T16:26:36.384-1000] {dag.py:3239} INFO - Sync 1 DAGs
[2025-03-24T16:26:36.387-1000] {logging_mixin.py:190} INFO - [2025-03-24T16:26:36.387-1000] {dag.py:4180} INFO - Setting next_dagrun for example_short_circuit_operator to None, run_after=None
[2025-03-24T16:26:36.392-1000] {processor.py:208} INFO - Processing /opt/anaconda3/envs/titanic/lib/python3.11/site-packages/airflow/example_dags/example_short_circuit_operator.py took 0.059 seconds
[2025-03-24T16:28:25.868-1000] {processor.py:186} INFO - Started process (PID=28282) to work on /opt/anaconda3/envs/titanic/lib/python3.11/site-packages/airflow/example_dags/example_short_circuit_operator.py
[2025-03-24T16:28:25.869-1000] {processor.py:914} INFO - Processing file /opt/anaconda3/envs/titanic/lib/python3.11/site-packages/airflow/example_dags/example_short_circuit_operator.py for tasks to queue
[2025-03-24T16:28:25.869-1000] {logging_mixin.py:190} INFO - [2025-03-24T16:28:25.869-1000] {dagbag.py:588} INFO - Filling up the DagBag from /opt/anaconda3/envs/titanic/lib/python3.11/site-packages/airflow/example_dags/example_short_circuit_operator.py
[2025-03-24T16:28:25.876-1000] {processor.py:925} INFO - DAG(s) 'example_short_circuit_operator' retrieved from /opt/anaconda3/envs/titanic/lib/python3.11/site-packages/airflow/example_dags/example_short_circuit_operator.py
[2025-03-24T16:28:25.900-1000] {logging_mixin.py:190} INFO - [2025-03-24T16:28:25.900-1000] {dag.py:3239} INFO - Sync 1 DAGs
[2025-03-24T16:28:25.903-1000] {logging_mixin.py:190} INFO - [2025-03-24T16:28:25.903-1000] {dag.py:4180} INFO - Setting next_dagrun for example_short_circuit_operator to None, run_after=None
[2025-03-24T16:28:25.908-1000] {processor.py:208} INFO - Processing /opt/anaconda3/envs/titanic/lib/python3.11/site-packages/airflow/example_dags/example_short_circuit_operator.py took 0.059 seconds
[2025-03-24T16:30:12.798-1000] {processor.py:186} INFO - Started process (PID=28691) to work on /opt/anaconda3/envs/titanic/lib/python3.11/site-packages/airflow/example_dags/example_short_circuit_operator.py
[2025-03-24T16:30:12.798-1000] {processor.py:914} INFO - Processing file /opt/anaconda3/envs/titanic/lib/python3.11/site-packages/airflow/example_dags/example_short_circuit_operator.py for tasks to queue
[2025-03-24T16:30:12.799-1000] {logging_mixin.py:190} INFO - [2025-03-24T16:30:12.799-1000] {dagbag.py:588} INFO - Filling up the DagBag from /opt/anaconda3/envs/titanic/lib/python3.11/site-packages/airflow/example_dags/example_short_circuit_operator.py
[2025-03-24T16:30:12.805-1000] {processor.py:925} INFO - DAG(s) 'example_short_circuit_operator' retrieved from /opt/anaconda3/envs/titanic/lib/python3.11/site-packages/airflow/example_dags/example_short_circuit_operator.py
[2025-03-24T16:30:12.829-1000] {logging_mixin.py:190} INFO - [2025-03-24T16:30:12.829-1000] {dag.py:3239} INFO - Sync 1 DAGs
[2025-03-24T16:30:12.832-1000] {logging_mixin.py:190} INFO - [2025-03-24T16:30:12.832-1000] {dag.py:4180} INFO - Setting next_dagrun for example_short_circuit_operator to None, run_after=None
[2025-03-24T16:30:12.837-1000] {processor.py:208} INFO - Processing /opt/anaconda3/envs/titanic/lib/python3.11/site-packages/airflow/example_dags/example_short_circuit_operator.py took 0.060 seconds
[2025-03-24T16:32:02.793-1000] {processor.py:186} INFO - Started process (PID=29103) to work on /opt/anaconda3/envs/titanic/lib/python3.11/site-packages/airflow/example_dags/example_short_circuit_operator.py
[2025-03-24T16:32:02.794-1000] {processor.py:914} INFO - Processing file /opt/anaconda3/envs/titanic/lib/python3.11/site-packages/airflow/example_dags/example_short_circuit_operator.py for tasks to queue
[2025-03-24T16:32:02.794-1000] {logging_mixin.py:190} INFO - [2025-03-24T16:32:02.794-1000] {dagbag.py:588} INFO - Filling up the DagBag from /opt/anaconda3/envs/titanic/lib/python3.11/site-packages/airflow/example_dags/example_short_circuit_operator.py
[2025-03-24T16:32:02.801-1000] {processor.py:925} INFO - DAG(s) 'example_short_circuit_operator' retrieved from /opt/anaconda3/envs/titanic/lib/python3.11/site-packages/airflow/example_dags/example_short_circuit_operator.py
[2025-03-24T16:32:02.825-1000] {logging_mixin.py:190} INFO - [2025-03-24T16:32:02.825-1000] {dag.py:3239} INFO - Sync 1 DAGs
[2025-03-24T16:32:02.828-1000] {logging_mixin.py:190} INFO - [2025-03-24T16:32:02.828-1000] {dag.py:4180} INFO - Setting next_dagrun for example_short_circuit_operator to None, run_after=None
[2025-03-24T16:32:02.833-1000] {processor.py:208} INFO - Processing /opt/anaconda3/envs/titanic/lib/python3.11/site-packages/airflow/example_dags/example_short_circuit_operator.py took 0.059 seconds
[2025-03-24T16:33:51.364-1000] {processor.py:186} INFO - Started process (PID=29539) to work on /opt/anaconda3/envs/titanic/lib/python3.11/site-packages/airflow/example_dags/example_short_circuit_operator.py
[2025-03-24T16:33:51.364-1000] {processor.py:914} INFO - Processing file /opt/anaconda3/envs/titanic/lib/python3.11/site-packages/airflow/example_dags/example_short_circuit_operator.py for tasks to queue
[2025-03-24T16:33:51.364-1000] {logging_mixin.py:190} INFO - [2025-03-24T16:33:51.364-1000] {dagbag.py:588} INFO - Filling up the DagBag from /opt/anaconda3/envs/titanic/lib/python3.11/site-packages/airflow/example_dags/example_short_circuit_operator.py
[2025-03-24T16:33:51.371-1000] {processor.py:925} INFO - DAG(s) 'example_short_circuit_operator' retrieved from /opt/anaconda3/envs/titanic/lib/python3.11/site-packages/airflow/example_dags/example_short_circuit_operator.py
[2025-03-24T16:33:51.395-1000] {logging_mixin.py:190} INFO - [2025-03-24T16:33:51.395-1000] {dag.py:3239} INFO - Sync 1 DAGs
[2025-03-24T16:33:51.398-1000] {logging_mixin.py:190} INFO - [2025-03-24T16:33:51.398-1000] {dag.py:4180} INFO - Setting next_dagrun for example_short_circuit_operator to None, run_after=None
[2025-03-24T16:33:51.403-1000] {processor.py:208} INFO - Processing /opt/anaconda3/envs/titanic/lib/python3.11/site-packages/airflow/example_dags/example_short_circuit_operator.py took 0.059 seconds
[2025-03-24T16:35:41.445-1000] {processor.py:186} INFO - Started process (PID=29949) to work on /opt/anaconda3/envs/titanic/lib/python3.11/site-packages/airflow/example_dags/example_short_circuit_operator.py
[2025-03-24T16:35:41.446-1000] {processor.py:914} INFO - Processing file /opt/anaconda3/envs/titanic/lib/python3.11/site-packages/airflow/example_dags/example_short_circuit_operator.py for tasks to queue
[2025-03-24T16:35:41.446-1000] {logging_mixin.py:190} INFO - [2025-03-24T16:35:41.446-1000] {dagbag.py:588} INFO - Filling up the DagBag from /opt/anaconda3/envs/titanic/lib/python3.11/site-packages/airflow/example_dags/example_short_circuit_operator.py
[2025-03-24T16:35:41.453-1000] {processor.py:925} INFO - DAG(s) 'example_short_circuit_operator' retrieved from /opt/anaconda3/envs/titanic/lib/python3.11/site-packages/airflow/example_dags/example_short_circuit_operator.py
[2025-03-24T16:35:41.477-1000] {logging_mixin.py:190} INFO - [2025-03-24T16:35:41.477-1000] {dag.py:3239} INFO - Sync 1 DAGs
[2025-03-24T16:35:41.479-1000] {logging_mixin.py:190} INFO - [2025-03-24T16:35:41.479-1000] {dag.py:4180} INFO - Setting next_dagrun for example_short_circuit_operator to None, run_after=None
[2025-03-24T16:35:41.485-1000] {processor.py:208} INFO - Processing /opt/anaconda3/envs/titanic/lib/python3.11/site-packages/airflow/example_dags/example_short_circuit_operator.py took 0.059 seconds
[2025-03-24T16:37:32.217-1000] {processor.py:186} INFO - Started process (PID=30366) to work on /opt/anaconda3/envs/titanic/lib/python3.11/site-packages/airflow/example_dags/example_short_circuit_operator.py
[2025-03-24T16:37:32.217-1000] {processor.py:914} INFO - Processing file /opt/anaconda3/envs/titanic/lib/python3.11/site-packages/airflow/example_dags/example_short_circuit_operator.py for tasks to queue
[2025-03-24T16:37:32.217-1000] {logging_mixin.py:190} INFO - [2025-03-24T16:37:32.217-1000] {dagbag.py:588} INFO - Filling up the DagBag from /opt/anaconda3/envs/titanic/lib/python3.11/site-packages/airflow/example_dags/example_short_circuit_operator.py
[2025-03-24T16:37:32.225-1000] {processor.py:925} INFO - DAG(s) 'example_short_circuit_operator' retrieved from /opt/anaconda3/envs/titanic/lib/python3.11/site-packages/airflow/example_dags/example_short_circuit_operator.py
[2025-03-24T16:37:32.250-1000] {logging_mixin.py:190} INFO - [2025-03-24T16:37:32.250-1000] {dag.py:3239} INFO - Sync 1 DAGs
[2025-03-24T16:37:32.253-1000] {logging_mixin.py:190} INFO - [2025-03-24T16:37:32.253-1000] {dag.py:4180} INFO - Setting next_dagrun for example_short_circuit_operator to None, run_after=None
[2025-03-24T16:37:32.258-1000] {processor.py:208} INFO - Processing /opt/anaconda3/envs/titanic/lib/python3.11/site-packages/airflow/example_dags/example_short_circuit_operator.py took 0.061 seconds
[2025-03-24T16:39:28.564-1000] {processor.py:186} INFO - Started process (PID=30832) to work on /opt/anaconda3/envs/titanic/lib/python3.11/site-packages/airflow/example_dags/example_short_circuit_operator.py
[2025-03-24T16:39:28.565-1000] {processor.py:914} INFO - Processing file /opt/anaconda3/envs/titanic/lib/python3.11/site-packages/airflow/example_dags/example_short_circuit_operator.py for tasks to queue
[2025-03-24T16:39:28.565-1000] {logging_mixin.py:190} INFO - [2025-03-24T16:39:28.565-1000] {dagbag.py:588} INFO - Filling up the DagBag from /opt/anaconda3/envs/titanic/lib/python3.11/site-packages/airflow/example_dags/example_short_circuit_operator.py
[2025-03-24T16:39:28.572-1000] {processor.py:925} INFO - DAG(s) 'example_short_circuit_operator' retrieved from /opt/anaconda3/envs/titanic/lib/python3.11/site-packages/airflow/example_dags/example_short_circuit_operator.py
[2025-03-24T16:39:28.596-1000] {logging_mixin.py:190} INFO - [2025-03-24T16:39:28.596-1000] {dag.py:3239} INFO - Sync 1 DAGs
[2025-03-24T16:39:28.599-1000] {logging_mixin.py:190} INFO - [2025-03-24T16:39:28.599-1000] {dag.py:4180} INFO - Setting next_dagrun for example_short_circuit_operator to None, run_after=None
[2025-03-24T16:39:28.604-1000] {processor.py:208} INFO - Processing /opt/anaconda3/envs/titanic/lib/python3.11/site-packages/airflow/example_dags/example_short_circuit_operator.py took 0.060 seconds
[2025-03-24T16:41:25.477-1000] {processor.py:186} INFO - Started process (PID=31282) to work on /opt/anaconda3/envs/titanic/lib/python3.11/site-packages/airflow/example_dags/example_short_circuit_operator.py
[2025-03-24T16:41:25.477-1000] {processor.py:914} INFO - Processing file /opt/anaconda3/envs/titanic/lib/python3.11/site-packages/airflow/example_dags/example_short_circuit_operator.py for tasks to queue
[2025-03-24T16:41:25.478-1000] {logging_mixin.py:190} INFO - [2025-03-24T16:41:25.477-1000] {dagbag.py:588} INFO - Filling up the DagBag from /opt/anaconda3/envs/titanic/lib/python3.11/site-packages/airflow/example_dags/example_short_circuit_operator.py
[2025-03-24T16:41:25.484-1000] {processor.py:925} INFO - DAG(s) 'example_short_circuit_operator' retrieved from /opt/anaconda3/envs/titanic/lib/python3.11/site-packages/airflow/example_dags/example_short_circuit_operator.py
[2025-03-24T16:41:25.509-1000] {logging_mixin.py:190} INFO - [2025-03-24T16:41:25.509-1000] {dag.py:3239} INFO - Sync 1 DAGs
[2025-03-24T16:41:25.511-1000] {logging_mixin.py:190} INFO - [2025-03-24T16:41:25.511-1000] {dag.py:4180} INFO - Setting next_dagrun for example_short_circuit_operator to None, run_after=None
[2025-03-24T16:41:25.517-1000] {processor.py:208} INFO - Processing /opt/anaconda3/envs/titanic/lib/python3.11/site-packages/airflow/example_dags/example_short_circuit_operator.py took 0.059 seconds
[2025-03-24T16:43:19.908-1000] {processor.py:186} INFO - Started process (PID=31727) to work on /opt/anaconda3/envs/titanic/lib/python3.11/site-packages/airflow/example_dags/example_short_circuit_operator.py
[2025-03-24T16:43:19.909-1000] {processor.py:914} INFO - Processing file /opt/anaconda3/envs/titanic/lib/python3.11/site-packages/airflow/example_dags/example_short_circuit_operator.py for tasks to queue
[2025-03-24T16:43:19.909-1000] {logging_mixin.py:190} INFO - [2025-03-24T16:43:19.909-1000] {dagbag.py:588} INFO - Filling up the DagBag from /opt/anaconda3/envs/titanic/lib/python3.11/site-packages/airflow/example_dags/example_short_circuit_operator.py
[2025-03-24T16:43:19.916-1000] {processor.py:925} INFO - DAG(s) 'example_short_circuit_operator' retrieved from /opt/anaconda3/envs/titanic/lib/python3.11/site-packages/airflow/example_dags/example_short_circuit_operator.py
[2025-03-24T16:43:19.940-1000] {logging_mixin.py:190} INFO - [2025-03-24T16:43:19.940-1000] {dag.py:3239} INFO - Sync 1 DAGs
[2025-03-24T16:43:19.943-1000] {logging_mixin.py:190} INFO - [2025-03-24T16:43:19.943-1000] {dag.py:4180} INFO - Setting next_dagrun for example_short_circuit_operator to None, run_after=None
[2025-03-24T16:43:19.948-1000] {processor.py:208} INFO - Processing /opt/anaconda3/envs/titanic/lib/python3.11/site-packages/airflow/example_dags/example_short_circuit_operator.py took 0.060 seconds
[2025-03-24T16:45:09.456-1000] {processor.py:186} INFO - Started process (PID=32144) to work on /opt/anaconda3/envs/titanic/lib/python3.11/site-packages/airflow/example_dags/example_short_circuit_operator.py
[2025-03-24T16:45:09.456-1000] {processor.py:914} INFO - Processing file /opt/anaconda3/envs/titanic/lib/python3.11/site-packages/airflow/example_dags/example_short_circuit_operator.py for tasks to queue
[2025-03-24T16:45:09.457-1000] {logging_mixin.py:190} INFO - [2025-03-24T16:45:09.457-1000] {dagbag.py:588} INFO - Filling up the DagBag from /opt/anaconda3/envs/titanic/lib/python3.11/site-packages/airflow/example_dags/example_short_circuit_operator.py
[2025-03-24T16:45:09.464-1000] {processor.py:925} INFO - DAG(s) 'example_short_circuit_operator' retrieved from /opt/anaconda3/envs/titanic/lib/python3.11/site-packages/airflow/example_dags/example_short_circuit_operator.py
[2025-03-24T16:45:09.488-1000] {logging_mixin.py:190} INFO - [2025-03-24T16:45:09.488-1000] {dag.py:3239} INFO - Sync 1 DAGs
[2025-03-24T16:45:09.491-1000] {logging_mixin.py:190} INFO - [2025-03-24T16:45:09.491-1000] {dag.py:4180} INFO - Setting next_dagrun for example_short_circuit_operator to None, run_after=None
[2025-03-24T16:45:09.496-1000] {processor.py:208} INFO - Processing /opt/anaconda3/envs/titanic/lib/python3.11/site-packages/airflow/example_dags/example_short_circuit_operator.py took 0.060 seconds
[2025-03-24T16:47:00.579-1000] {processor.py:186} INFO - Started process (PID=32583) to work on /opt/anaconda3/envs/titanic/lib/python3.11/site-packages/airflow/example_dags/example_short_circuit_operator.py
[2025-03-24T16:47:00.581-1000] {processor.py:914} INFO - Processing file /opt/anaconda3/envs/titanic/lib/python3.11/site-packages/airflow/example_dags/example_short_circuit_operator.py for tasks to queue
[2025-03-24T16:47:00.581-1000] {logging_mixin.py:190} INFO - [2025-03-24T16:47:00.581-1000] {dagbag.py:588} INFO - Filling up the DagBag from /opt/anaconda3/envs/titanic/lib/python3.11/site-packages/airflow/example_dags/example_short_circuit_operator.py
[2025-03-24T16:47:00.588-1000] {processor.py:925} INFO - DAG(s) 'example_short_circuit_operator' retrieved from /opt/anaconda3/envs/titanic/lib/python3.11/site-packages/airflow/example_dags/example_short_circuit_operator.py
[2025-03-24T16:47:00.613-1000] {logging_mixin.py:190} INFO - [2025-03-24T16:47:00.612-1000] {dag.py:3239} INFO - Sync 1 DAGs
[2025-03-24T16:47:00.615-1000] {logging_mixin.py:190} INFO - [2025-03-24T16:47:00.615-1000] {dag.py:4180} INFO - Setting next_dagrun for example_short_circuit_operator to None, run_after=None
[2025-03-24T16:47:00.621-1000] {processor.py:208} INFO - Processing /opt/anaconda3/envs/titanic/lib/python3.11/site-packages/airflow/example_dags/example_short_circuit_operator.py took 0.061 seconds
[2025-03-24T16:48:58.361-1000] {processor.py:186} INFO - Started process (PID=33143) to work on /opt/anaconda3/envs/titanic/lib/python3.11/site-packages/airflow/example_dags/example_short_circuit_operator.py
[2025-03-24T16:48:58.362-1000] {processor.py:914} INFO - Processing file /opt/anaconda3/envs/titanic/lib/python3.11/site-packages/airflow/example_dags/example_short_circuit_operator.py for tasks to queue
[2025-03-24T16:48:58.363-1000] {logging_mixin.py:190} INFO - [2025-03-24T16:48:58.363-1000] {dagbag.py:588} INFO - Filling up the DagBag from /opt/anaconda3/envs/titanic/lib/python3.11/site-packages/airflow/example_dags/example_short_circuit_operator.py
[2025-03-24T16:48:58.371-1000] {processor.py:925} INFO - DAG(s) 'example_short_circuit_operator' retrieved from /opt/anaconda3/envs/titanic/lib/python3.11/site-packages/airflow/example_dags/example_short_circuit_operator.py
[2025-03-24T16:48:58.399-1000] {logging_mixin.py:190} INFO - [2025-03-24T16:48:58.399-1000] {dag.py:3239} INFO - Sync 1 DAGs
[2025-03-24T16:48:58.402-1000] {logging_mixin.py:190} INFO - [2025-03-24T16:48:58.402-1000] {dag.py:4180} INFO - Setting next_dagrun for example_short_circuit_operator to None, run_after=None
[2025-03-24T16:48:58.408-1000] {processor.py:208} INFO - Processing /opt/anaconda3/envs/titanic/lib/python3.11/site-packages/airflow/example_dags/example_short_circuit_operator.py took 0.048 seconds
[2025-03-24T16:50:53.586-1000] {processor.py:186} INFO - Started process (PID=33573) to work on /opt/anaconda3/envs/titanic/lib/python3.11/site-packages/airflow/example_dags/example_short_circuit_operator.py
[2025-03-24T16:50:53.588-1000] {processor.py:914} INFO - Processing file /opt/anaconda3/envs/titanic/lib/python3.11/site-packages/airflow/example_dags/example_short_circuit_operator.py for tasks to queue
[2025-03-24T16:50:53.588-1000] {logging_mixin.py:190} INFO - [2025-03-24T16:50:53.588-1000] {dagbag.py:588} INFO - Filling up the DagBag from /opt/anaconda3/envs/titanic/lib/python3.11/site-packages/airflow/example_dags/example_short_circuit_operator.py
[2025-03-24T16:50:53.595-1000] {processor.py:925} INFO - DAG(s) 'example_short_circuit_operator' retrieved from /opt/anaconda3/envs/titanic/lib/python3.11/site-packages/airflow/example_dags/example_short_circuit_operator.py
[2025-03-24T16:50:53.620-1000] {logging_mixin.py:190} INFO - [2025-03-24T16:50:53.619-1000] {dag.py:3239} INFO - Sync 1 DAGs
[2025-03-24T16:50:53.622-1000] {logging_mixin.py:190} INFO - [2025-03-24T16:50:53.622-1000] {dag.py:4180} INFO - Setting next_dagrun for example_short_circuit_operator to None, run_after=None
[2025-03-24T16:50:53.627-1000] {processor.py:208} INFO - Processing /opt/anaconda3/envs/titanic/lib/python3.11/site-packages/airflow/example_dags/example_short_circuit_operator.py took 0.042 seconds
[2025-03-24T16:52:47.671-1000] {processor.py:186} INFO - Started process (PID=34009) to work on /opt/anaconda3/envs/titanic/lib/python3.11/site-packages/airflow/example_dags/example_short_circuit_operator.py
[2025-03-24T16:52:47.672-1000] {processor.py:914} INFO - Processing file /opt/anaconda3/envs/titanic/lib/python3.11/site-packages/airflow/example_dags/example_short_circuit_operator.py for tasks to queue
[2025-03-24T16:52:47.673-1000] {logging_mixin.py:190} INFO - [2025-03-24T16:52:47.673-1000] {dagbag.py:588} INFO - Filling up the DagBag from /opt/anaconda3/envs/titanic/lib/python3.11/site-packages/airflow/example_dags/example_short_circuit_operator.py
[2025-03-24T16:52:47.680-1000] {processor.py:925} INFO - DAG(s) 'example_short_circuit_operator' retrieved from /opt/anaconda3/envs/titanic/lib/python3.11/site-packages/airflow/example_dags/example_short_circuit_operator.py
[2025-03-24T16:52:47.706-1000] {logging_mixin.py:190} INFO - [2025-03-24T16:52:47.706-1000] {dag.py:3239} INFO - Sync 1 DAGs
[2025-03-24T16:52:47.709-1000] {logging_mixin.py:190} INFO - [2025-03-24T16:52:47.709-1000] {dag.py:4180} INFO - Setting next_dagrun for example_short_circuit_operator to None, run_after=None
[2025-03-24T16:52:47.714-1000] {processor.py:208} INFO - Processing /opt/anaconda3/envs/titanic/lib/python3.11/site-packages/airflow/example_dags/example_short_circuit_operator.py took 0.044 seconds
[2025-03-24T16:53:53.608-1000] {processor.py:186} INFO - Started process (PID=34251) to work on /opt/anaconda3/envs/titanic/lib/python3.11/site-packages/airflow/example_dags/example_short_circuit_operator.py
[2025-03-24T16:53:53.608-1000] {processor.py:914} INFO - Processing file /opt/anaconda3/envs/titanic/lib/python3.11/site-packages/airflow/example_dags/example_short_circuit_operator.py for tasks to queue
[2025-03-24T16:53:53.609-1000] {logging_mixin.py:190} INFO - [2025-03-24T16:53:53.609-1000] {dagbag.py:588} INFO - Filling up the DagBag from /opt/anaconda3/envs/titanic/lib/python3.11/site-packages/airflow/example_dags/example_short_circuit_operator.py
[2025-03-24T16:53:53.615-1000] {processor.py:925} INFO - DAG(s) 'example_short_circuit_operator' retrieved from /opt/anaconda3/envs/titanic/lib/python3.11/site-packages/airflow/example_dags/example_short_circuit_operator.py
[2025-03-24T16:53:53.640-1000] {logging_mixin.py:190} INFO - [2025-03-24T16:53:53.640-1000] {dag.py:3239} INFO - Sync 1 DAGs
[2025-03-24T16:53:53.643-1000] {logging_mixin.py:190} INFO - [2025-03-24T16:53:53.642-1000] {dag.py:4180} INFO - Setting next_dagrun for example_short_circuit_operator to None, run_after=None
[2025-03-24T16:53:53.647-1000] {processor.py:208} INFO - Processing /opt/anaconda3/envs/titanic/lib/python3.11/site-packages/airflow/example_dags/example_short_circuit_operator.py took 0.040 seconds
[2025-03-24T16:55:44.672-1000] {processor.py:186} INFO - Started process (PID=34667) to work on /opt/anaconda3/envs/titanic/lib/python3.11/site-packages/airflow/example_dags/example_short_circuit_operator.py
[2025-03-24T16:55:44.673-1000] {processor.py:914} INFO - Processing file /opt/anaconda3/envs/titanic/lib/python3.11/site-packages/airflow/example_dags/example_short_circuit_operator.py for tasks to queue
[2025-03-24T16:55:44.673-1000] {logging_mixin.py:190} INFO - [2025-03-24T16:55:44.673-1000] {dagbag.py:588} INFO - Filling up the DagBag from /opt/anaconda3/envs/titanic/lib/python3.11/site-packages/airflow/example_dags/example_short_circuit_operator.py
[2025-03-24T16:55:44.680-1000] {processor.py:925} INFO - DAG(s) 'example_short_circuit_operator' retrieved from /opt/anaconda3/envs/titanic/lib/python3.11/site-packages/airflow/example_dags/example_short_circuit_operator.py
[2025-03-24T16:55:44.704-1000] {logging_mixin.py:190} INFO - [2025-03-24T16:55:44.704-1000] {dag.py:3239} INFO - Sync 1 DAGs
[2025-03-24T16:55:44.707-1000] {logging_mixin.py:190} INFO - [2025-03-24T16:55:44.707-1000] {dag.py:4180} INFO - Setting next_dagrun for example_short_circuit_operator to None, run_after=None
[2025-03-24T16:55:44.712-1000] {processor.py:208} INFO - Processing /opt/anaconda3/envs/titanic/lib/python3.11/site-packages/airflow/example_dags/example_short_circuit_operator.py took 0.040 seconds
[2025-03-24T16:57:33.126-1000] {processor.py:186} INFO - Started process (PID=35078) to work on /opt/anaconda3/envs/titanic/lib/python3.11/site-packages/airflow/example_dags/example_short_circuit_operator.py
[2025-03-24T16:57:33.126-1000] {processor.py:914} INFO - Processing file /opt/anaconda3/envs/titanic/lib/python3.11/site-packages/airflow/example_dags/example_short_circuit_operator.py for tasks to queue
[2025-03-24T16:57:33.127-1000] {logging_mixin.py:190} INFO - [2025-03-24T16:57:33.127-1000] {dagbag.py:588} INFO - Filling up the DagBag from /opt/anaconda3/envs/titanic/lib/python3.11/site-packages/airflow/example_dags/example_short_circuit_operator.py
[2025-03-24T16:57:33.133-1000] {processor.py:925} INFO - DAG(s) 'example_short_circuit_operator' retrieved from /opt/anaconda3/envs/titanic/lib/python3.11/site-packages/airflow/example_dags/example_short_circuit_operator.py
[2025-03-24T16:57:33.157-1000] {logging_mixin.py:190} INFO - [2025-03-24T16:57:33.157-1000] {dag.py:3239} INFO - Sync 1 DAGs
[2025-03-24T16:57:33.160-1000] {logging_mixin.py:190} INFO - [2025-03-24T16:57:33.160-1000] {dag.py:4180} INFO - Setting next_dagrun for example_short_circuit_operator to None, run_after=None
[2025-03-24T16:57:33.165-1000] {processor.py:208} INFO - Processing /opt/anaconda3/envs/titanic/lib/python3.11/site-packages/airflow/example_dags/example_short_circuit_operator.py took 0.040 seconds
[2025-03-24T16:59:22.545-1000] {processor.py:186} INFO - Started process (PID=35502) to work on /opt/anaconda3/envs/titanic/lib/python3.11/site-packages/airflow/example_dags/example_short_circuit_operator.py
[2025-03-24T16:59:22.545-1000] {processor.py:914} INFO - Processing file /opt/anaconda3/envs/titanic/lib/python3.11/site-packages/airflow/example_dags/example_short_circuit_operator.py for tasks to queue
[2025-03-24T16:59:22.545-1000] {logging_mixin.py:190} INFO - [2025-03-24T16:59:22.545-1000] {dagbag.py:588} INFO - Filling up the DagBag from /opt/anaconda3/envs/titanic/lib/python3.11/site-packages/airflow/example_dags/example_short_circuit_operator.py
[2025-03-24T16:59:22.552-1000] {processor.py:925} INFO - DAG(s) 'example_short_circuit_operator' retrieved from /opt/anaconda3/envs/titanic/lib/python3.11/site-packages/airflow/example_dags/example_short_circuit_operator.py
[2025-03-24T16:59:22.577-1000] {logging_mixin.py:190} INFO - [2025-03-24T16:59:22.577-1000] {dag.py:3239} INFO - Sync 1 DAGs
[2025-03-24T16:59:22.580-1000] {logging_mixin.py:190} INFO - [2025-03-24T16:59:22.579-1000] {dag.py:4180} INFO - Setting next_dagrun for example_short_circuit_operator to None, run_after=None
[2025-03-24T16:59:22.585-1000] {processor.py:208} INFO - Processing /opt/anaconda3/envs/titanic/lib/python3.11/site-packages/airflow/example_dags/example_short_circuit_operator.py took 0.041 seconds
[2025-03-24T17:01:18.313-1000] {processor.py:186} INFO - Started process (PID=35937) to work on /opt/anaconda3/envs/titanic/lib/python3.11/site-packages/airflow/example_dags/example_short_circuit_operator.py
[2025-03-24T17:01:18.313-1000] {processor.py:914} INFO - Processing file /opt/anaconda3/envs/titanic/lib/python3.11/site-packages/airflow/example_dags/example_short_circuit_operator.py for tasks to queue
[2025-03-24T17:01:18.313-1000] {logging_mixin.py:190} INFO - [2025-03-24T17:01:18.313-1000] {dagbag.py:588} INFO - Filling up the DagBag from /opt/anaconda3/envs/titanic/lib/python3.11/site-packages/airflow/example_dags/example_short_circuit_operator.py
[2025-03-24T17:01:18.320-1000] {processor.py:925} INFO - DAG(s) 'example_short_circuit_operator' retrieved from /opt/anaconda3/envs/titanic/lib/python3.11/site-packages/airflow/example_dags/example_short_circuit_operator.py
[2025-03-24T17:01:18.345-1000] {logging_mixin.py:190} INFO - [2025-03-24T17:01:18.345-1000] {dag.py:3239} INFO - Sync 1 DAGs
[2025-03-24T17:01:18.348-1000] {logging_mixin.py:190} INFO - [2025-03-24T17:01:18.348-1000] {dag.py:4180} INFO - Setting next_dagrun for example_short_circuit_operator to None, run_after=None
[2025-03-24T17:01:18.353-1000] {processor.py:208} INFO - Processing /opt/anaconda3/envs/titanic/lib/python3.11/site-packages/airflow/example_dags/example_short_circuit_operator.py took 0.041 seconds
[2025-03-24T17:03:18.000-1000] {processor.py:186} INFO - Started process (PID=36391) to work on /opt/anaconda3/envs/titanic/lib/python3.11/site-packages/airflow/example_dags/example_short_circuit_operator.py
[2025-03-24T17:03:18.001-1000] {processor.py:914} INFO - Processing file /opt/anaconda3/envs/titanic/lib/python3.11/site-packages/airflow/example_dags/example_short_circuit_operator.py for tasks to queue
[2025-03-24T17:03:18.001-1000] {logging_mixin.py:190} INFO - [2025-03-24T17:03:18.001-1000] {dagbag.py:588} INFO - Filling up the DagBag from /opt/anaconda3/envs/titanic/lib/python3.11/site-packages/airflow/example_dags/example_short_circuit_operator.py
[2025-03-24T17:03:18.008-1000] {processor.py:925} INFO - DAG(s) 'example_short_circuit_operator' retrieved from /opt/anaconda3/envs/titanic/lib/python3.11/site-packages/airflow/example_dags/example_short_circuit_operator.py
[2025-03-24T17:03:18.032-1000] {logging_mixin.py:190} INFO - [2025-03-24T17:03:18.032-1000] {dag.py:3239} INFO - Sync 1 DAGs
[2025-03-24T17:03:18.034-1000] {logging_mixin.py:190} INFO - [2025-03-24T17:03:18.034-1000] {dag.py:4180} INFO - Setting next_dagrun for example_short_circuit_operator to None, run_after=None
[2025-03-24T17:03:18.039-1000] {processor.py:208} INFO - Processing /opt/anaconda3/envs/titanic/lib/python3.11/site-packages/airflow/example_dags/example_short_circuit_operator.py took 0.040 seconds
[2025-03-24T17:05:12.448-1000] {processor.py:186} INFO - Started process (PID=36813) to work on /opt/anaconda3/envs/titanic/lib/python3.11/site-packages/airflow/example_dags/example_short_circuit_operator.py
[2025-03-24T17:05:12.449-1000] {processor.py:914} INFO - Processing file /opt/anaconda3/envs/titanic/lib/python3.11/site-packages/airflow/example_dags/example_short_circuit_operator.py for tasks to queue
[2025-03-24T17:05:12.449-1000] {logging_mixin.py:190} INFO - [2025-03-24T17:05:12.449-1000] {dagbag.py:588} INFO - Filling up the DagBag from /opt/anaconda3/envs/titanic/lib/python3.11/site-packages/airflow/example_dags/example_short_circuit_operator.py
[2025-03-24T17:05:12.456-1000] {processor.py:925} INFO - DAG(s) 'example_short_circuit_operator' retrieved from /opt/anaconda3/envs/titanic/lib/python3.11/site-packages/airflow/example_dags/example_short_circuit_operator.py
[2025-03-24T17:05:12.480-1000] {logging_mixin.py:190} INFO - [2025-03-24T17:05:12.480-1000] {dag.py:3239} INFO - Sync 1 DAGs
[2025-03-24T17:05:12.483-1000] {logging_mixin.py:190} INFO - [2025-03-24T17:05:12.483-1000] {dag.py:4180} INFO - Setting next_dagrun for example_short_circuit_operator to None, run_after=None
[2025-03-24T17:05:12.488-1000] {processor.py:208} INFO - Processing /opt/anaconda3/envs/titanic/lib/python3.11/site-packages/airflow/example_dags/example_short_circuit_operator.py took 0.040 seconds
[2025-03-24T17:06:59.562-1000] {processor.py:186} INFO - Started process (PID=37259) to work on /opt/anaconda3/envs/titanic/lib/python3.11/site-packages/airflow/example_dags/example_short_circuit_operator.py
[2025-03-24T17:06:59.562-1000] {processor.py:914} INFO - Processing file /opt/anaconda3/envs/titanic/lib/python3.11/site-packages/airflow/example_dags/example_short_circuit_operator.py for tasks to queue
[2025-03-24T17:06:59.562-1000] {logging_mixin.py:190} INFO - [2025-03-24T17:06:59.562-1000] {dagbag.py:588} INFO - Filling up the DagBag from /opt/anaconda3/envs/titanic/lib/python3.11/site-packages/airflow/example_dags/example_short_circuit_operator.py
[2025-03-24T17:06:59.569-1000] {processor.py:925} INFO - DAG(s) 'example_short_circuit_operator' retrieved from /opt/anaconda3/envs/titanic/lib/python3.11/site-packages/airflow/example_dags/example_short_circuit_operator.py
[2025-03-24T17:06:59.593-1000] {logging_mixin.py:190} INFO - [2025-03-24T17:06:59.593-1000] {dag.py:3239} INFO - Sync 1 DAGs
[2025-03-24T17:06:59.595-1000] {logging_mixin.py:190} INFO - [2025-03-24T17:06:59.595-1000] {dag.py:4180} INFO - Setting next_dagrun for example_short_circuit_operator to None, run_after=None
[2025-03-24T17:06:59.600-1000] {processor.py:208} INFO - Processing /opt/anaconda3/envs/titanic/lib/python3.11/site-packages/airflow/example_dags/example_short_circuit_operator.py took 0.039 seconds
[2025-03-24T17:08:51.742-1000] {processor.py:186} INFO - Started process (PID=37682) to work on /opt/anaconda3/envs/titanic/lib/python3.11/site-packages/airflow/example_dags/example_short_circuit_operator.py
[2025-03-24T17:08:51.742-1000] {processor.py:914} INFO - Processing file /opt/anaconda3/envs/titanic/lib/python3.11/site-packages/airflow/example_dags/example_short_circuit_operator.py for tasks to queue
[2025-03-24T17:08:51.743-1000] {logging_mixin.py:190} INFO - [2025-03-24T17:08:51.743-1000] {dagbag.py:588} INFO - Filling up the DagBag from /opt/anaconda3/envs/titanic/lib/python3.11/site-packages/airflow/example_dags/example_short_circuit_operator.py
[2025-03-24T17:08:51.749-1000] {processor.py:925} INFO - DAG(s) 'example_short_circuit_operator' retrieved from /opt/anaconda3/envs/titanic/lib/python3.11/site-packages/airflow/example_dags/example_short_circuit_operator.py
[2025-03-24T17:08:51.773-1000] {logging_mixin.py:190} INFO - [2025-03-24T17:08:51.773-1000] {dag.py:3239} INFO - Sync 1 DAGs
[2025-03-24T17:08:51.776-1000] {logging_mixin.py:190} INFO - [2025-03-24T17:08:51.776-1000] {dag.py:4180} INFO - Setting next_dagrun for example_short_circuit_operator to None, run_after=None
[2025-03-24T17:08:51.781-1000] {processor.py:208} INFO - Processing /opt/anaconda3/envs/titanic/lib/python3.11/site-packages/airflow/example_dags/example_short_circuit_operator.py took 0.040 seconds
[2025-03-24T17:10:37.324-1000] {processor.py:186} INFO - Started process (PID=38085) to work on /opt/anaconda3/envs/titanic/lib/python3.11/site-packages/airflow/example_dags/example_short_circuit_operator.py
[2025-03-24T17:10:37.324-1000] {processor.py:914} INFO - Processing file /opt/anaconda3/envs/titanic/lib/python3.11/site-packages/airflow/example_dags/example_short_circuit_operator.py for tasks to queue
[2025-03-24T17:10:37.324-1000] {logging_mixin.py:190} INFO - [2025-03-24T17:10:37.324-1000] {dagbag.py:588} INFO - Filling up the DagBag from /opt/anaconda3/envs/titanic/lib/python3.11/site-packages/airflow/example_dags/example_short_circuit_operator.py
[2025-03-24T17:10:37.331-1000] {processor.py:925} INFO - DAG(s) 'example_short_circuit_operator' retrieved from /opt/anaconda3/envs/titanic/lib/python3.11/site-packages/airflow/example_dags/example_short_circuit_operator.py
[2025-03-24T17:10:37.355-1000] {logging_mixin.py:190} INFO - [2025-03-24T17:10:37.354-1000] {dag.py:3239} INFO - Sync 1 DAGs
[2025-03-24T17:10:37.357-1000] {logging_mixin.py:190} INFO - [2025-03-24T17:10:37.357-1000] {dag.py:4180} INFO - Setting next_dagrun for example_short_circuit_operator to None, run_after=None
[2025-03-24T17:10:37.362-1000] {processor.py:208} INFO - Processing /opt/anaconda3/envs/titanic/lib/python3.11/site-packages/airflow/example_dags/example_short_circuit_operator.py took 0.039 seconds
[2025-03-24T17:12:26.859-1000] {processor.py:186} INFO - Started process (PID=38503) to work on /opt/anaconda3/envs/titanic/lib/python3.11/site-packages/airflow/example_dags/example_short_circuit_operator.py
[2025-03-24T17:12:26.859-1000] {processor.py:914} INFO - Processing file /opt/anaconda3/envs/titanic/lib/python3.11/site-packages/airflow/example_dags/example_short_circuit_operator.py for tasks to queue
[2025-03-24T17:12:26.859-1000] {logging_mixin.py:190} INFO - [2025-03-24T17:12:26.859-1000] {dagbag.py:588} INFO - Filling up the DagBag from /opt/anaconda3/envs/titanic/lib/python3.11/site-packages/airflow/example_dags/example_short_circuit_operator.py
[2025-03-24T17:12:26.866-1000] {processor.py:925} INFO - DAG(s) 'example_short_circuit_operator' retrieved from /opt/anaconda3/envs/titanic/lib/python3.11/site-packages/airflow/example_dags/example_short_circuit_operator.py
[2025-03-24T17:12:26.890-1000] {logging_mixin.py:190} INFO - [2025-03-24T17:12:26.890-1000] {dag.py:3239} INFO - Sync 1 DAGs
[2025-03-24T17:12:26.893-1000] {logging_mixin.py:190} INFO - [2025-03-24T17:12:26.893-1000] {dag.py:4180} INFO - Setting next_dagrun for example_short_circuit_operator to None, run_after=None
[2025-03-24T17:12:26.898-1000] {processor.py:208} INFO - Processing /opt/anaconda3/envs/titanic/lib/python3.11/site-packages/airflow/example_dags/example_short_circuit_operator.py took 0.040 seconds
[2025-03-24T17:14:17.039-1000] {processor.py:186} INFO - Started process (PID=38923) to work on /opt/anaconda3/envs/titanic/lib/python3.11/site-packages/airflow/example_dags/example_short_circuit_operator.py
[2025-03-24T17:14:17.039-1000] {processor.py:914} INFO - Processing file /opt/anaconda3/envs/titanic/lib/python3.11/site-packages/airflow/example_dags/example_short_circuit_operator.py for tasks to queue
[2025-03-24T17:14:17.040-1000] {logging_mixin.py:190} INFO - [2025-03-24T17:14:17.039-1000] {dagbag.py:588} INFO - Filling up the DagBag from /opt/anaconda3/envs/titanic/lib/python3.11/site-packages/airflow/example_dags/example_short_circuit_operator.py
[2025-03-24T17:14:17.046-1000] {processor.py:925} INFO - DAG(s) 'example_short_circuit_operator' retrieved from /opt/anaconda3/envs/titanic/lib/python3.11/site-packages/airflow/example_dags/example_short_circuit_operator.py
[2025-03-24T17:14:17.070-1000] {logging_mixin.py:190} INFO - [2025-03-24T17:14:17.070-1000] {dag.py:3239} INFO - Sync 1 DAGs
[2025-03-24T17:14:17.073-1000] {logging_mixin.py:190} INFO - [2025-03-24T17:14:17.072-1000] {dag.py:4180} INFO - Setting next_dagrun for example_short_circuit_operator to None, run_after=None
[2025-03-24T17:14:17.077-1000] {processor.py:208} INFO - Processing /opt/anaconda3/envs/titanic/lib/python3.11/site-packages/airflow/example_dags/example_short_circuit_operator.py took 0.039 seconds
[2025-03-24T17:16:06.622-1000] {processor.py:186} INFO - Started process (PID=39339) to work on /opt/anaconda3/envs/titanic/lib/python3.11/site-packages/airflow/example_dags/example_short_circuit_operator.py
[2025-03-24T17:16:06.622-1000] {processor.py:914} INFO - Processing file /opt/anaconda3/envs/titanic/lib/python3.11/site-packages/airflow/example_dags/example_short_circuit_operator.py for tasks to queue
[2025-03-24T17:16:06.622-1000] {logging_mixin.py:190} INFO - [2025-03-24T17:16:06.622-1000] {dagbag.py:588} INFO - Filling up the DagBag from /opt/anaconda3/envs/titanic/lib/python3.11/site-packages/airflow/example_dags/example_short_circuit_operator.py
[2025-03-24T17:16:06.629-1000] {processor.py:925} INFO - DAG(s) 'example_short_circuit_operator' retrieved from /opt/anaconda3/envs/titanic/lib/python3.11/site-packages/airflow/example_dags/example_short_circuit_operator.py
[2025-03-24T17:16:06.653-1000] {logging_mixin.py:190} INFO - [2025-03-24T17:16:06.653-1000] {dag.py:3239} INFO - Sync 1 DAGs
[2025-03-24T17:16:06.656-1000] {logging_mixin.py:190} INFO - [2025-03-24T17:16:06.656-1000] {dag.py:4180} INFO - Setting next_dagrun for example_short_circuit_operator to None, run_after=None
[2025-03-24T17:16:06.661-1000] {processor.py:208} INFO - Processing /opt/anaconda3/envs/titanic/lib/python3.11/site-packages/airflow/example_dags/example_short_circuit_operator.py took 0.040 seconds
[2025-03-24T17:17:53.493-1000] {processor.py:186} INFO - Started process (PID=39746) to work on /opt/anaconda3/envs/titanic/lib/python3.11/site-packages/airflow/example_dags/example_short_circuit_operator.py
[2025-03-24T17:17:53.493-1000] {processor.py:914} INFO - Processing file /opt/anaconda3/envs/titanic/lib/python3.11/site-packages/airflow/example_dags/example_short_circuit_operator.py for tasks to queue
[2025-03-24T17:17:53.494-1000] {logging_mixin.py:190} INFO - [2025-03-24T17:17:53.493-1000] {dagbag.py:588} INFO - Filling up the DagBag from /opt/anaconda3/envs/titanic/lib/python3.11/site-packages/airflow/example_dags/example_short_circuit_operator.py
[2025-03-24T17:17:53.500-1000] {processor.py:925} INFO - DAG(s) 'example_short_circuit_operator' retrieved from /opt/anaconda3/envs/titanic/lib/python3.11/site-packages/airflow/example_dags/example_short_circuit_operator.py
[2025-03-24T17:17:53.524-1000] {logging_mixin.py:190} INFO - [2025-03-24T17:17:53.524-1000] {dag.py:3239} INFO - Sync 1 DAGs
[2025-03-24T17:17:53.527-1000] {logging_mixin.py:190} INFO - [2025-03-24T17:17:53.527-1000] {dag.py:4180} INFO - Setting next_dagrun for example_short_circuit_operator to None, run_after=None
[2025-03-24T17:17:53.532-1000] {processor.py:208} INFO - Processing /opt/anaconda3/envs/titanic/lib/python3.11/site-packages/airflow/example_dags/example_short_circuit_operator.py took 0.040 seconds
[2025-03-24T17:19:44.265-1000] {processor.py:186} INFO - Started process (PID=40187) to work on /opt/anaconda3/envs/titanic/lib/python3.11/site-packages/airflow/example_dags/example_short_circuit_operator.py
[2025-03-24T17:19:44.266-1000] {processor.py:914} INFO - Processing file /opt/anaconda3/envs/titanic/lib/python3.11/site-packages/airflow/example_dags/example_short_circuit_operator.py for tasks to queue
[2025-03-24T17:19:44.267-1000] {logging_mixin.py:190} INFO - [2025-03-24T17:19:44.267-1000] {dagbag.py:588} INFO - Filling up the DagBag from /opt/anaconda3/envs/titanic/lib/python3.11/site-packages/airflow/example_dags/example_short_circuit_operator.py
[2025-03-24T17:19:44.274-1000] {processor.py:925} INFO - DAG(s) 'example_short_circuit_operator' retrieved from /opt/anaconda3/envs/titanic/lib/python3.11/site-packages/airflow/example_dags/example_short_circuit_operator.py
[2025-03-24T17:19:44.298-1000] {logging_mixin.py:190} INFO - [2025-03-24T17:19:44.298-1000] {dag.py:3239} INFO - Sync 1 DAGs
[2025-03-24T17:19:44.300-1000] {logging_mixin.py:190} INFO - [2025-03-24T17:19:44.300-1000] {dag.py:4180} INFO - Setting next_dagrun for example_short_circuit_operator to None, run_after=None
[2025-03-24T17:19:44.305-1000] {processor.py:208} INFO - Processing /opt/anaconda3/envs/titanic/lib/python3.11/site-packages/airflow/example_dags/example_short_circuit_operator.py took 0.041 seconds
[2025-03-24T17:21:40.111-1000] {processor.py:186} INFO - Started process (PID=40629) to work on /opt/anaconda3/envs/titanic/lib/python3.11/site-packages/airflow/example_dags/example_short_circuit_operator.py
[2025-03-24T17:21:40.112-1000] {processor.py:914} INFO - Processing file /opt/anaconda3/envs/titanic/lib/python3.11/site-packages/airflow/example_dags/example_short_circuit_operator.py for tasks to queue
[2025-03-24T17:21:40.112-1000] {logging_mixin.py:190} INFO - [2025-03-24T17:21:40.112-1000] {dagbag.py:588} INFO - Filling up the DagBag from /opt/anaconda3/envs/titanic/lib/python3.11/site-packages/airflow/example_dags/example_short_circuit_operator.py
[2025-03-24T17:21:40.119-1000] {processor.py:925} INFO - DAG(s) 'example_short_circuit_operator' retrieved from /opt/anaconda3/envs/titanic/lib/python3.11/site-packages/airflow/example_dags/example_short_circuit_operator.py
[2025-03-24T17:21:40.143-1000] {logging_mixin.py:190} INFO - [2025-03-24T17:21:40.143-1000] {dag.py:3239} INFO - Sync 1 DAGs
[2025-03-24T17:21:40.146-1000] {logging_mixin.py:190} INFO - [2025-03-24T17:21:40.146-1000] {dag.py:4180} INFO - Setting next_dagrun for example_short_circuit_operator to None, run_after=None
[2025-03-24T17:21:40.151-1000] {processor.py:208} INFO - Processing /opt/anaconda3/envs/titanic/lib/python3.11/site-packages/airflow/example_dags/example_short_circuit_operator.py took 0.041 seconds
[2025-03-24T17:23:29.804-1000] {processor.py:186} INFO - Started process (PID=41077) to work on /opt/anaconda3/envs/titanic/lib/python3.11/site-packages/airflow/example_dags/example_short_circuit_operator.py
[2025-03-24T17:23:29.805-1000] {processor.py:914} INFO - Processing file /opt/anaconda3/envs/titanic/lib/python3.11/site-packages/airflow/example_dags/example_short_circuit_operator.py for tasks to queue
[2025-03-24T17:23:29.805-1000] {logging_mixin.py:190} INFO - [2025-03-24T17:23:29.805-1000] {dagbag.py:588} INFO - Filling up the DagBag from /opt/anaconda3/envs/titanic/lib/python3.11/site-packages/airflow/example_dags/example_short_circuit_operator.py
[2025-03-24T17:23:29.812-1000] {processor.py:925} INFO - DAG(s) 'example_short_circuit_operator' retrieved from /opt/anaconda3/envs/titanic/lib/python3.11/site-packages/airflow/example_dags/example_short_circuit_operator.py
[2025-03-24T17:23:29.836-1000] {logging_mixin.py:190} INFO - [2025-03-24T17:23:29.836-1000] {dag.py:3239} INFO - Sync 1 DAGs
[2025-03-24T17:23:29.839-1000] {logging_mixin.py:190} INFO - [2025-03-24T17:23:29.839-1000] {dag.py:4180} INFO - Setting next_dagrun for example_short_circuit_operator to None, run_after=None
[2025-03-24T17:23:29.844-1000] {processor.py:208} INFO - Processing /opt/anaconda3/envs/titanic/lib/python3.11/site-packages/airflow/example_dags/example_short_circuit_operator.py took 0.041 seconds
[2025-03-24T17:25:21.158-1000] {processor.py:186} INFO - Started process (PID=41500) to work on /opt/anaconda3/envs/titanic/lib/python3.11/site-packages/airflow/example_dags/example_short_circuit_operator.py
[2025-03-24T17:25:21.158-1000] {processor.py:914} INFO - Processing file /opt/anaconda3/envs/titanic/lib/python3.11/site-packages/airflow/example_dags/example_short_circuit_operator.py for tasks to queue
[2025-03-24T17:25:21.159-1000] {logging_mixin.py:190} INFO - [2025-03-24T17:25:21.158-1000] {dagbag.py:588} INFO - Filling up the DagBag from /opt/anaconda3/envs/titanic/lib/python3.11/site-packages/airflow/example_dags/example_short_circuit_operator.py
[2025-03-24T17:25:21.165-1000] {processor.py:925} INFO - DAG(s) 'example_short_circuit_operator' retrieved from /opt/anaconda3/envs/titanic/lib/python3.11/site-packages/airflow/example_dags/example_short_circuit_operator.py
[2025-03-24T17:25:21.189-1000] {logging_mixin.py:190} INFO - [2025-03-24T17:25:21.189-1000] {dag.py:3239} INFO - Sync 1 DAGs
[2025-03-24T17:25:21.191-1000] {logging_mixin.py:190} INFO - [2025-03-24T17:25:21.191-1000] {dag.py:4180} INFO - Setting next_dagrun for example_short_circuit_operator to None, run_after=None
[2025-03-24T17:25:21.196-1000] {processor.py:208} INFO - Processing /opt/anaconda3/envs/titanic/lib/python3.11/site-packages/airflow/example_dags/example_short_circuit_operator.py took 0.039 seconds
[2025-03-24T17:27:25.709-1000] {processor.py:186} INFO - Started process (PID=42062) to work on /opt/anaconda3/envs/titanic/lib/python3.11/site-packages/airflow/example_dags/example_short_circuit_operator.py
[2025-03-24T17:27:25.709-1000] {processor.py:914} INFO - Processing file /opt/anaconda3/envs/titanic/lib/python3.11/site-packages/airflow/example_dags/example_short_circuit_operator.py for tasks to queue
[2025-03-24T17:27:25.709-1000] {logging_mixin.py:190} INFO - [2025-03-24T17:27:25.709-1000] {dagbag.py:588} INFO - Filling up the DagBag from /opt/anaconda3/envs/titanic/lib/python3.11/site-packages/airflow/example_dags/example_short_circuit_operator.py
[2025-03-24T17:27:25.716-1000] {processor.py:925} INFO - DAG(s) 'example_short_circuit_operator' retrieved from /opt/anaconda3/envs/titanic/lib/python3.11/site-packages/airflow/example_dags/example_short_circuit_operator.py
[2025-03-24T17:27:25.741-1000] {logging_mixin.py:190} INFO - [2025-03-24T17:27:25.740-1000] {dag.py:3239} INFO - Sync 1 DAGs
[2025-03-24T17:27:25.743-1000] {logging_mixin.py:190} INFO - [2025-03-24T17:27:25.743-1000] {dag.py:4180} INFO - Setting next_dagrun for example_short_circuit_operator to None, run_after=None
[2025-03-24T17:27:25.748-1000] {processor.py:208} INFO - Processing /opt/anaconda3/envs/titanic/lib/python3.11/site-packages/airflow/example_dags/example_short_circuit_operator.py took 0.040 seconds
[2025-03-24T17:29:18.760-1000] {processor.py:186} INFO - Started process (PID=42526) to work on /opt/anaconda3/envs/titanic/lib/python3.11/site-packages/airflow/example_dags/example_short_circuit_operator.py
[2025-03-24T17:29:18.760-1000] {processor.py:914} INFO - Processing file /opt/anaconda3/envs/titanic/lib/python3.11/site-packages/airflow/example_dags/example_short_circuit_operator.py for tasks to queue
[2025-03-24T17:29:18.760-1000] {logging_mixin.py:190} INFO - [2025-03-24T17:29:18.760-1000] {dagbag.py:588} INFO - Filling up the DagBag from /opt/anaconda3/envs/titanic/lib/python3.11/site-packages/airflow/example_dags/example_short_circuit_operator.py
[2025-03-24T17:29:18.767-1000] {processor.py:925} INFO - DAG(s) 'example_short_circuit_operator' retrieved from /opt/anaconda3/envs/titanic/lib/python3.11/site-packages/airflow/example_dags/example_short_circuit_operator.py
[2025-03-24T17:29:18.791-1000] {logging_mixin.py:190} INFO - [2025-03-24T17:29:18.791-1000] {dag.py:3239} INFO - Sync 1 DAGs
[2025-03-24T17:29:18.793-1000] {logging_mixin.py:190} INFO - [2025-03-24T17:29:18.793-1000] {dag.py:4180} INFO - Setting next_dagrun for example_short_circuit_operator to None, run_after=None
[2025-03-24T17:29:18.798-1000] {processor.py:208} INFO - Processing /opt/anaconda3/envs/titanic/lib/python3.11/site-packages/airflow/example_dags/example_short_circuit_operator.py took 0.040 seconds
[2025-03-24T17:31:14.875-1000] {processor.py:186} INFO - Started process (PID=43042) to work on /opt/anaconda3/envs/titanic/lib/python3.11/site-packages/airflow/example_dags/example_short_circuit_operator.py
[2025-03-24T17:31:14.876-1000] {processor.py:914} INFO - Processing file /opt/anaconda3/envs/titanic/lib/python3.11/site-packages/airflow/example_dags/example_short_circuit_operator.py for tasks to queue
[2025-03-24T17:31:14.876-1000] {logging_mixin.py:190} INFO - [2025-03-24T17:31:14.876-1000] {dagbag.py:588} INFO - Filling up the DagBag from /opt/anaconda3/envs/titanic/lib/python3.11/site-packages/airflow/example_dags/example_short_circuit_operator.py
[2025-03-24T17:31:14.883-1000] {processor.py:925} INFO - DAG(s) 'example_short_circuit_operator' retrieved from /opt/anaconda3/envs/titanic/lib/python3.11/site-packages/airflow/example_dags/example_short_circuit_operator.py
[2025-03-24T17:31:14.908-1000] {logging_mixin.py:190} INFO - [2025-03-24T17:31:14.908-1000] {dag.py:3239} INFO - Sync 1 DAGs
[2025-03-24T17:31:14.910-1000] {logging_mixin.py:190} INFO - [2025-03-24T17:31:14.910-1000] {dag.py:4180} INFO - Setting next_dagrun for example_short_circuit_operator to None, run_after=None
[2025-03-24T17:31:14.915-1000] {processor.py:208} INFO - Processing /opt/anaconda3/envs/titanic/lib/python3.11/site-packages/airflow/example_dags/example_short_circuit_operator.py took 0.041 seconds
[2025-03-24T17:33:15.541-1000] {processor.py:186} INFO - Started process (PID=43520) to work on /opt/anaconda3/envs/titanic/lib/python3.11/site-packages/airflow/example_dags/example_short_circuit_operator.py
[2025-03-24T17:33:15.542-1000] {processor.py:914} INFO - Processing file /opt/anaconda3/envs/titanic/lib/python3.11/site-packages/airflow/example_dags/example_short_circuit_operator.py for tasks to queue
[2025-03-24T17:33:15.542-1000] {logging_mixin.py:190} INFO - [2025-03-24T17:33:15.542-1000] {dagbag.py:588} INFO - Filling up the DagBag from /opt/anaconda3/envs/titanic/lib/python3.11/site-packages/airflow/example_dags/example_short_circuit_operator.py
[2025-03-24T17:33:15.549-1000] {processor.py:925} INFO - DAG(s) 'example_short_circuit_operator' retrieved from /opt/anaconda3/envs/titanic/lib/python3.11/site-packages/airflow/example_dags/example_short_circuit_operator.py
[2025-03-24T17:33:15.573-1000] {logging_mixin.py:190} INFO - [2025-03-24T17:33:15.573-1000] {dag.py:3239} INFO - Sync 1 DAGs
[2025-03-24T17:33:15.576-1000] {logging_mixin.py:190} INFO - [2025-03-24T17:33:15.575-1000] {dag.py:4180} INFO - Setting next_dagrun for example_short_circuit_operator to None, run_after=None
[2025-03-24T17:33:15.580-1000] {processor.py:208} INFO - Processing /opt/anaconda3/envs/titanic/lib/python3.11/site-packages/airflow/example_dags/example_short_circuit_operator.py took 0.040 seconds
