[2025-03-24T15:51:11.321-1000] {processor.py:186} INFO - Started process (PID=18883) to work on /opt/anaconda3/envs/titanic/lib/python3.11/site-packages/airflow/example_dags/example_short_circuit_decorator.py
[2025-03-24T15:51:11.321-1000] {processor.py:914} INFO - Processing file /opt/anaconda3/envs/titanic/lib/python3.11/site-packages/airflow/example_dags/example_short_circuit_decorator.py for tasks to queue
[2025-03-24T15:51:11.321-1000] {logging_mixin.py:190} INFO - [2025-03-24T15:51:11.321-1000] {dagbag.py:588} INFO - Filling up the DagBag from /opt/anaconda3/envs/titanic/lib/python3.11/site-packages/airflow/example_dags/example_short_circuit_decorator.py
[2025-03-24T15:51:11.333-1000] {processor.py:925} INFO - DAG(s) 'example_short_circuit_decorator' retrieved from /opt/anaconda3/envs/titanic/lib/python3.11/site-packages/airflow/example_dags/example_short_circuit_decorator.py
[2025-03-24T15:51:11.360-1000] {logging_mixin.py:190} INFO - [2025-03-24T15:51:11.359-1000] {dag.py:3239} INFO - Sync 1 DAGs
[2025-03-24T15:51:11.363-1000] {logging_mixin.py:190} INFO - [2025-03-24T15:51:11.363-1000] {dag.py:4180} INFO - Setting next_dagrun for example_short_circuit_decorator to None, run_after=None
[2025-03-24T15:51:11.369-1000] {processor.py:208} INFO - Processing /opt/anaconda3/envs/titanic/lib/python3.11/site-packages/airflow/example_dags/example_short_circuit_decorator.py took 0.073 seconds
[2025-03-24T15:52:46.488-1000] {processor.py:186} INFO - Started process (PID=19939) to work on /opt/anaconda3/envs/titanic/lib/python3.11/site-packages/airflow/example_dags/example_short_circuit_decorator.py
[2025-03-24T15:52:46.489-1000] {processor.py:914} INFO - Processing file /opt/anaconda3/envs/titanic/lib/python3.11/site-packages/airflow/example_dags/example_short_circuit_decorator.py for tasks to queue
[2025-03-24T15:52:46.490-1000] {logging_mixin.py:190} INFO - [2025-03-24T15:52:46.490-1000] {dagbag.py:588} INFO - Filling up the DagBag from /opt/anaconda3/envs/titanic/lib/python3.11/site-packages/airflow/example_dags/example_short_circuit_decorator.py
[2025-03-24T15:52:46.500-1000] {processor.py:925} INFO - DAG(s) 'example_short_circuit_decorator' retrieved from /opt/anaconda3/envs/titanic/lib/python3.11/site-packages/airflow/example_dags/example_short_circuit_decorator.py
[2025-03-24T15:52:46.526-1000] {logging_mixin.py:190} INFO - [2025-03-24T15:52:46.526-1000] {dag.py:3239} INFO - Sync 1 DAGs
[2025-03-24T15:52:46.530-1000] {logging_mixin.py:190} INFO - [2025-03-24T15:52:46.530-1000] {dag.py:4180} INFO - Setting next_dagrun for example_short_circuit_decorator to None, run_after=None
[2025-03-24T15:52:46.535-1000] {processor.py:208} INFO - Processing /opt/anaconda3/envs/titanic/lib/python3.11/site-packages/airflow/example_dags/example_short_circuit_decorator.py took 0.068 seconds
[2025-03-24T15:54:41.160-1000] {processor.py:186} INFO - Started process (PID=20393) to work on /opt/anaconda3/envs/titanic/lib/python3.11/site-packages/airflow/example_dags/example_short_circuit_decorator.py
[2025-03-24T15:54:41.162-1000] {processor.py:914} INFO - Processing file /opt/anaconda3/envs/titanic/lib/python3.11/site-packages/airflow/example_dags/example_short_circuit_decorator.py for tasks to queue
[2025-03-24T15:54:41.162-1000] {logging_mixin.py:190} INFO - [2025-03-24T15:54:41.162-1000] {dagbag.py:588} INFO - Filling up the DagBag from /opt/anaconda3/envs/titanic/lib/python3.11/site-packages/airflow/example_dags/example_short_circuit_decorator.py
[2025-03-24T15:54:41.172-1000] {processor.py:925} INFO - DAG(s) 'example_short_circuit_decorator' retrieved from /opt/anaconda3/envs/titanic/lib/python3.11/site-packages/airflow/example_dags/example_short_circuit_decorator.py
[2025-03-24T15:54:41.197-1000] {logging_mixin.py:190} INFO - [2025-03-24T15:54:41.197-1000] {dag.py:3239} INFO - Sync 1 DAGs
[2025-03-24T15:54:41.200-1000] {logging_mixin.py:190} INFO - [2025-03-24T15:54:41.200-1000] {dag.py:4180} INFO - Setting next_dagrun for example_short_circuit_decorator to None, run_after=None
[2025-03-24T15:54:41.205-1000] {processor.py:208} INFO - Processing /opt/anaconda3/envs/titanic/lib/python3.11/site-packages/airflow/example_dags/example_short_circuit_decorator.py took 0.064 seconds
[2025-03-24T15:56:29.808-1000] {processor.py:186} INFO - Started process (PID=20814) to work on /opt/anaconda3/envs/titanic/lib/python3.11/site-packages/airflow/example_dags/example_short_circuit_decorator.py
[2025-03-24T15:56:29.809-1000] {processor.py:914} INFO - Processing file /opt/anaconda3/envs/titanic/lib/python3.11/site-packages/airflow/example_dags/example_short_circuit_decorator.py for tasks to queue
[2025-03-24T15:56:29.809-1000] {logging_mixin.py:190} INFO - [2025-03-24T15:56:29.809-1000] {dagbag.py:588} INFO - Filling up the DagBag from /opt/anaconda3/envs/titanic/lib/python3.11/site-packages/airflow/example_dags/example_short_circuit_decorator.py
[2025-03-24T15:56:29.820-1000] {processor.py:925} INFO - DAG(s) 'example_short_circuit_decorator' retrieved from /opt/anaconda3/envs/titanic/lib/python3.11/site-packages/airflow/example_dags/example_short_circuit_decorator.py
[2025-03-24T15:56:29.845-1000] {logging_mixin.py:190} INFO - [2025-03-24T15:56:29.845-1000] {dag.py:3239} INFO - Sync 1 DAGs
[2025-03-24T15:56:29.848-1000] {logging_mixin.py:190} INFO - [2025-03-24T15:56:29.848-1000] {dag.py:4180} INFO - Setting next_dagrun for example_short_circuit_decorator to None, run_after=None
[2025-03-24T15:56:29.853-1000] {processor.py:208} INFO - Processing /opt/anaconda3/envs/titanic/lib/python3.11/site-packages/airflow/example_dags/example_short_circuit_decorator.py took 0.065 seconds
[2025-03-24T15:58:16.521-1000] {processor.py:186} INFO - Started process (PID=21228) to work on /opt/anaconda3/envs/titanic/lib/python3.11/site-packages/airflow/example_dags/example_short_circuit_decorator.py
[2025-03-24T15:58:16.523-1000] {processor.py:914} INFO - Processing file /opt/anaconda3/envs/titanic/lib/python3.11/site-packages/airflow/example_dags/example_short_circuit_decorator.py for tasks to queue
[2025-03-24T15:58:16.523-1000] {logging_mixin.py:190} INFO - [2025-03-24T15:58:16.523-1000] {dagbag.py:588} INFO - Filling up the DagBag from /opt/anaconda3/envs/titanic/lib/python3.11/site-packages/airflow/example_dags/example_short_circuit_decorator.py
[2025-03-24T15:58:16.532-1000] {processor.py:925} INFO - DAG(s) 'example_short_circuit_decorator' retrieved from /opt/anaconda3/envs/titanic/lib/python3.11/site-packages/airflow/example_dags/example_short_circuit_decorator.py
[2025-03-24T15:58:16.557-1000] {logging_mixin.py:190} INFO - [2025-03-24T15:58:16.557-1000] {dag.py:3239} INFO - Sync 1 DAGs
[2025-03-24T15:58:16.560-1000] {logging_mixin.py:190} INFO - [2025-03-24T15:58:16.560-1000] {dag.py:4180} INFO - Setting next_dagrun for example_short_circuit_decorator to None, run_after=None
[2025-03-24T15:58:16.565-1000] {processor.py:208} INFO - Processing /opt/anaconda3/envs/titanic/lib/python3.11/site-packages/airflow/example_dags/example_short_circuit_decorator.py took 0.065 seconds
[2025-03-24T16:00:04.620-1000] {processor.py:186} INFO - Started process (PID=21657) to work on /opt/anaconda3/envs/titanic/lib/python3.11/site-packages/airflow/example_dags/example_short_circuit_decorator.py
[2025-03-24T16:00:04.621-1000] {processor.py:914} INFO - Processing file /opt/anaconda3/envs/titanic/lib/python3.11/site-packages/airflow/example_dags/example_short_circuit_decorator.py for tasks to queue
[2025-03-24T16:00:04.621-1000] {logging_mixin.py:190} INFO - [2025-03-24T16:00:04.621-1000] {dagbag.py:588} INFO - Filling up the DagBag from /opt/anaconda3/envs/titanic/lib/python3.11/site-packages/airflow/example_dags/example_short_circuit_decorator.py
[2025-03-24T16:00:04.631-1000] {processor.py:925} INFO - DAG(s) 'example_short_circuit_decorator' retrieved from /opt/anaconda3/envs/titanic/lib/python3.11/site-packages/airflow/example_dags/example_short_circuit_decorator.py
[2025-03-24T16:00:04.656-1000] {logging_mixin.py:190} INFO - [2025-03-24T16:00:04.656-1000] {dag.py:3239} INFO - Sync 1 DAGs
[2025-03-24T16:00:04.659-1000] {logging_mixin.py:190} INFO - [2025-03-24T16:00:04.659-1000] {dag.py:4180} INFO - Setting next_dagrun for example_short_circuit_decorator to None, run_after=None
[2025-03-24T16:00:04.664-1000] {processor.py:208} INFO - Processing /opt/anaconda3/envs/titanic/lib/python3.11/site-packages/airflow/example_dags/example_short_circuit_decorator.py took 0.064 seconds
[2025-03-24T16:02:16.369-1000] {processor.py:186} INFO - Started process (PID=22137) to work on /opt/anaconda3/envs/titanic/lib/python3.11/site-packages/airflow/example_dags/example_short_circuit_decorator.py
[2025-03-24T16:02:16.369-1000] {processor.py:914} INFO - Processing file /opt/anaconda3/envs/titanic/lib/python3.11/site-packages/airflow/example_dags/example_short_circuit_decorator.py for tasks to queue
[2025-03-24T16:02:16.369-1000] {logging_mixin.py:190} INFO - [2025-03-24T16:02:16.369-1000] {dagbag.py:588} INFO - Filling up the DagBag from /opt/anaconda3/envs/titanic/lib/python3.11/site-packages/airflow/example_dags/example_short_circuit_decorator.py
[2025-03-24T16:02:16.380-1000] {processor.py:925} INFO - DAG(s) 'example_short_circuit_decorator' retrieved from /opt/anaconda3/envs/titanic/lib/python3.11/site-packages/airflow/example_dags/example_short_circuit_decorator.py
[2025-03-24T16:02:16.404-1000] {logging_mixin.py:190} INFO - [2025-03-24T16:02:16.404-1000] {dag.py:3239} INFO - Sync 1 DAGs
[2025-03-24T16:02:16.407-1000] {logging_mixin.py:190} INFO - [2025-03-24T16:02:16.407-1000] {dag.py:4180} INFO - Setting next_dagrun for example_short_circuit_decorator to None, run_after=None
[2025-03-24T16:02:16.412-1000] {processor.py:208} INFO - Processing /opt/anaconda3/envs/titanic/lib/python3.11/site-packages/airflow/example_dags/example_short_circuit_decorator.py took 0.064 seconds
[2025-03-24T16:04:05.021-1000] {processor.py:186} INFO - Started process (PID=22555) to work on /opt/anaconda3/envs/titanic/lib/python3.11/site-packages/airflow/example_dags/example_short_circuit_decorator.py
[2025-03-24T16:04:05.021-1000] {processor.py:914} INFO - Processing file /opt/anaconda3/envs/titanic/lib/python3.11/site-packages/airflow/example_dags/example_short_circuit_decorator.py for tasks to queue
[2025-03-24T16:04:05.022-1000] {logging_mixin.py:190} INFO - [2025-03-24T16:04:05.022-1000] {dagbag.py:588} INFO - Filling up the DagBag from /opt/anaconda3/envs/titanic/lib/python3.11/site-packages/airflow/example_dags/example_short_circuit_decorator.py
[2025-03-24T16:04:05.031-1000] {processor.py:925} INFO - DAG(s) 'example_short_circuit_decorator' retrieved from /opt/anaconda3/envs/titanic/lib/python3.11/site-packages/airflow/example_dags/example_short_circuit_decorator.py
[2025-03-24T16:04:05.056-1000] {logging_mixin.py:190} INFO - [2025-03-24T16:04:05.056-1000] {dag.py:3239} INFO - Sync 1 DAGs
[2025-03-24T16:04:05.059-1000] {logging_mixin.py:190} INFO - [2025-03-24T16:04:05.059-1000] {dag.py:4180} INFO - Setting next_dagrun for example_short_circuit_decorator to None, run_after=None
[2025-03-24T16:04:05.064-1000] {processor.py:208} INFO - Processing /opt/anaconda3/envs/titanic/lib/python3.11/site-packages/airflow/example_dags/example_short_circuit_decorator.py took 0.062 seconds
[2025-03-24T16:05:48.874-1000] {processor.py:186} INFO - Started process (PID=22952) to work on /opt/anaconda3/envs/titanic/lib/python3.11/site-packages/airflow/example_dags/example_short_circuit_decorator.py
[2025-03-24T16:05:48.874-1000] {processor.py:914} INFO - Processing file /opt/anaconda3/envs/titanic/lib/python3.11/site-packages/airflow/example_dags/example_short_circuit_decorator.py for tasks to queue
[2025-03-24T16:05:48.874-1000] {logging_mixin.py:190} INFO - [2025-03-24T16:05:48.874-1000] {dagbag.py:588} INFO - Filling up the DagBag from /opt/anaconda3/envs/titanic/lib/python3.11/site-packages/airflow/example_dags/example_short_circuit_decorator.py
[2025-03-24T16:05:48.884-1000] {processor.py:925} INFO - DAG(s) 'example_short_circuit_decorator' retrieved from /opt/anaconda3/envs/titanic/lib/python3.11/site-packages/airflow/example_dags/example_short_circuit_decorator.py
[2025-03-24T16:05:48.908-1000] {logging_mixin.py:190} INFO - [2025-03-24T16:05:48.908-1000] {dag.py:3239} INFO - Sync 1 DAGs
[2025-03-24T16:05:48.911-1000] {logging_mixin.py:190} INFO - [2025-03-24T16:05:48.911-1000] {dag.py:4180} INFO - Setting next_dagrun for example_short_circuit_decorator to None, run_after=None
[2025-03-24T16:05:48.916-1000] {processor.py:208} INFO - Processing /opt/anaconda3/envs/titanic/lib/python3.11/site-packages/airflow/example_dags/example_short_circuit_decorator.py took 0.062 seconds
[2025-03-24T16:07:39.139-1000] {processor.py:186} INFO - Started process (PID=23402) to work on /opt/anaconda3/envs/titanic/lib/python3.11/site-packages/airflow/example_dags/example_short_circuit_decorator.py
[2025-03-24T16:07:39.139-1000] {processor.py:914} INFO - Processing file /opt/anaconda3/envs/titanic/lib/python3.11/site-packages/airflow/example_dags/example_short_circuit_decorator.py for tasks to queue
[2025-03-24T16:07:39.140-1000] {logging_mixin.py:190} INFO - [2025-03-24T16:07:39.140-1000] {dagbag.py:588} INFO - Filling up the DagBag from /opt/anaconda3/envs/titanic/lib/python3.11/site-packages/airflow/example_dags/example_short_circuit_decorator.py
[2025-03-24T16:07:39.149-1000] {processor.py:925} INFO - DAG(s) 'example_short_circuit_decorator' retrieved from /opt/anaconda3/envs/titanic/lib/python3.11/site-packages/airflow/example_dags/example_short_circuit_decorator.py
[2025-03-24T16:07:39.173-1000] {logging_mixin.py:190} INFO - [2025-03-24T16:07:39.173-1000] {dag.py:3239} INFO - Sync 1 DAGs
[2025-03-24T16:07:39.176-1000] {logging_mixin.py:190} INFO - [2025-03-24T16:07:39.176-1000] {dag.py:4180} INFO - Setting next_dagrun for example_short_circuit_decorator to None, run_after=None
[2025-03-24T16:07:39.181-1000] {processor.py:208} INFO - Processing /opt/anaconda3/envs/titanic/lib/python3.11/site-packages/airflow/example_dags/example_short_circuit_decorator.py took 0.062 seconds
[2025-03-24T16:09:33.297-1000] {processor.py:186} INFO - Started process (PID=23829) to work on /opt/anaconda3/envs/titanic/lib/python3.11/site-packages/airflow/example_dags/example_short_circuit_decorator.py
[2025-03-24T16:09:33.297-1000] {processor.py:914} INFO - Processing file /opt/anaconda3/envs/titanic/lib/python3.11/site-packages/airflow/example_dags/example_short_circuit_decorator.py for tasks to queue
[2025-03-24T16:09:33.298-1000] {logging_mixin.py:190} INFO - [2025-03-24T16:09:33.298-1000] {dagbag.py:588} INFO - Filling up the DagBag from /opt/anaconda3/envs/titanic/lib/python3.11/site-packages/airflow/example_dags/example_short_circuit_decorator.py
[2025-03-24T16:09:33.307-1000] {processor.py:925} INFO - DAG(s) 'example_short_circuit_decorator' retrieved from /opt/anaconda3/envs/titanic/lib/python3.11/site-packages/airflow/example_dags/example_short_circuit_decorator.py
[2025-03-24T16:09:33.331-1000] {logging_mixin.py:190} INFO - [2025-03-24T16:09:33.331-1000] {dag.py:3239} INFO - Sync 1 DAGs
[2025-03-24T16:09:33.334-1000] {logging_mixin.py:190} INFO - [2025-03-24T16:09:33.334-1000] {dag.py:4180} INFO - Setting next_dagrun for example_short_circuit_decorator to None, run_after=None
[2025-03-24T16:09:33.339-1000] {processor.py:208} INFO - Processing /opt/anaconda3/envs/titanic/lib/python3.11/site-packages/airflow/example_dags/example_short_circuit_decorator.py took 0.062 seconds
[2025-03-24T16:11:36.653-1000] {processor.py:186} INFO - Started process (PID=24332) to work on /opt/anaconda3/envs/titanic/lib/python3.11/site-packages/airflow/example_dags/example_short_circuit_decorator.py
[2025-03-24T16:11:36.654-1000] {processor.py:914} INFO - Processing file /opt/anaconda3/envs/titanic/lib/python3.11/site-packages/airflow/example_dags/example_short_circuit_decorator.py for tasks to queue
[2025-03-24T16:11:36.654-1000] {logging_mixin.py:190} INFO - [2025-03-24T16:11:36.654-1000] {dagbag.py:588} INFO - Filling up the DagBag from /opt/anaconda3/envs/titanic/lib/python3.11/site-packages/airflow/example_dags/example_short_circuit_decorator.py
[2025-03-24T16:11:36.664-1000] {processor.py:925} INFO - DAG(s) 'example_short_circuit_decorator' retrieved from /opt/anaconda3/envs/titanic/lib/python3.11/site-packages/airflow/example_dags/example_short_circuit_decorator.py
[2025-03-24T16:11:36.688-1000] {logging_mixin.py:190} INFO - [2025-03-24T16:11:36.688-1000] {dag.py:3239} INFO - Sync 1 DAGs
[2025-03-24T16:11:36.691-1000] {logging_mixin.py:190} INFO - [2025-03-24T16:11:36.691-1000] {dag.py:4180} INFO - Setting next_dagrun for example_short_circuit_decorator to None, run_after=None
[2025-03-24T16:11:36.696-1000] {processor.py:208} INFO - Processing /opt/anaconda3/envs/titanic/lib/python3.11/site-packages/airflow/example_dags/example_short_circuit_decorator.py took 0.065 seconds
[2025-03-24T16:13:36.397-1000] {processor.py:186} INFO - Started process (PID=24842) to work on /opt/anaconda3/envs/titanic/lib/python3.11/site-packages/airflow/example_dags/example_short_circuit_decorator.py
[2025-03-24T16:13:36.398-1000] {processor.py:914} INFO - Processing file /opt/anaconda3/envs/titanic/lib/python3.11/site-packages/airflow/example_dags/example_short_circuit_decorator.py for tasks to queue
[2025-03-24T16:13:36.398-1000] {logging_mixin.py:190} INFO - [2025-03-24T16:13:36.398-1000] {dagbag.py:588} INFO - Filling up the DagBag from /opt/anaconda3/envs/titanic/lib/python3.11/site-packages/airflow/example_dags/example_short_circuit_decorator.py
[2025-03-24T16:13:36.408-1000] {processor.py:925} INFO - DAG(s) 'example_short_circuit_decorator' retrieved from /opt/anaconda3/envs/titanic/lib/python3.11/site-packages/airflow/example_dags/example_short_circuit_decorator.py
[2025-03-24T16:13:36.432-1000] {logging_mixin.py:190} INFO - [2025-03-24T16:13:36.432-1000] {dag.py:3239} INFO - Sync 1 DAGs
[2025-03-24T16:13:36.436-1000] {logging_mixin.py:190} INFO - [2025-03-24T16:13:36.436-1000] {dag.py:4180} INFO - Setting next_dagrun for example_short_circuit_decorator to None, run_after=None
[2025-03-24T16:13:36.440-1000] {processor.py:208} INFO - Processing /opt/anaconda3/envs/titanic/lib/python3.11/site-packages/airflow/example_dags/example_short_circuit_decorator.py took 0.063 seconds
[2025-03-24T16:15:28.869-1000] {processor.py:186} INFO - Started process (PID=25270) to work on /opt/anaconda3/envs/titanic/lib/python3.11/site-packages/airflow/example_dags/example_short_circuit_decorator.py
[2025-03-24T16:15:28.869-1000] {processor.py:914} INFO - Processing file /opt/anaconda3/envs/titanic/lib/python3.11/site-packages/airflow/example_dags/example_short_circuit_decorator.py for tasks to queue
[2025-03-24T16:15:28.870-1000] {logging_mixin.py:190} INFO - [2025-03-24T16:15:28.869-1000] {dagbag.py:588} INFO - Filling up the DagBag from /opt/anaconda3/envs/titanic/lib/python3.11/site-packages/airflow/example_dags/example_short_circuit_decorator.py
[2025-03-24T16:15:28.879-1000] {processor.py:925} INFO - DAG(s) 'example_short_circuit_decorator' retrieved from /opt/anaconda3/envs/titanic/lib/python3.11/site-packages/airflow/example_dags/example_short_circuit_decorator.py
[2025-03-24T16:15:28.903-1000] {logging_mixin.py:190} INFO - [2025-03-24T16:15:28.903-1000] {dag.py:3239} INFO - Sync 1 DAGs
[2025-03-24T16:15:28.906-1000] {logging_mixin.py:190} INFO - [2025-03-24T16:15:28.906-1000] {dag.py:4180} INFO - Setting next_dagrun for example_short_circuit_decorator to None, run_after=None
[2025-03-24T16:15:28.911-1000] {processor.py:208} INFO - Processing /opt/anaconda3/envs/titanic/lib/python3.11/site-packages/airflow/example_dags/example_short_circuit_decorator.py took 0.062 seconds
[2025-03-24T16:17:19.575-1000] {processor.py:186} INFO - Started process (PID=25713) to work on /opt/anaconda3/envs/titanic/lib/python3.11/site-packages/airflow/example_dags/example_short_circuit_decorator.py
[2025-03-24T16:17:19.575-1000] {processor.py:914} INFO - Processing file /opt/anaconda3/envs/titanic/lib/python3.11/site-packages/airflow/example_dags/example_short_circuit_decorator.py for tasks to queue
[2025-03-24T16:17:19.576-1000] {logging_mixin.py:190} INFO - [2025-03-24T16:17:19.575-1000] {dagbag.py:588} INFO - Filling up the DagBag from /opt/anaconda3/envs/titanic/lib/python3.11/site-packages/airflow/example_dags/example_short_circuit_decorator.py
[2025-03-24T16:17:19.585-1000] {processor.py:925} INFO - DAG(s) 'example_short_circuit_decorator' retrieved from /opt/anaconda3/envs/titanic/lib/python3.11/site-packages/airflow/example_dags/example_short_circuit_decorator.py
[2025-03-24T16:17:19.610-1000] {logging_mixin.py:190} INFO - [2025-03-24T16:17:19.610-1000] {dag.py:3239} INFO - Sync 1 DAGs
[2025-03-24T16:17:19.613-1000] {logging_mixin.py:190} INFO - [2025-03-24T16:17:19.613-1000] {dag.py:4180} INFO - Setting next_dagrun for example_short_circuit_decorator to None, run_after=None
[2025-03-24T16:17:19.618-1000] {processor.py:208} INFO - Processing /opt/anaconda3/envs/titanic/lib/python3.11/site-packages/airflow/example_dags/example_short_circuit_decorator.py took 0.063 seconds
[2025-03-24T16:19:11.070-1000] {processor.py:186} INFO - Started process (PID=26162) to work on /opt/anaconda3/envs/titanic/lib/python3.11/site-packages/airflow/example_dags/example_short_circuit_decorator.py
[2025-03-24T16:19:11.070-1000] {processor.py:914} INFO - Processing file /opt/anaconda3/envs/titanic/lib/python3.11/site-packages/airflow/example_dags/example_short_circuit_decorator.py for tasks to queue
[2025-03-24T16:19:11.070-1000] {logging_mixin.py:190} INFO - [2025-03-24T16:19:11.070-1000] {dagbag.py:588} INFO - Filling up the DagBag from /opt/anaconda3/envs/titanic/lib/python3.11/site-packages/airflow/example_dags/example_short_circuit_decorator.py
[2025-03-24T16:19:11.080-1000] {processor.py:925} INFO - DAG(s) 'example_short_circuit_decorator' retrieved from /opt/anaconda3/envs/titanic/lib/python3.11/site-packages/airflow/example_dags/example_short_circuit_decorator.py
[2025-03-24T16:19:11.104-1000] {logging_mixin.py:190} INFO - [2025-03-24T16:19:11.104-1000] {dag.py:3239} INFO - Sync 1 DAGs
[2025-03-24T16:19:11.107-1000] {logging_mixin.py:190} INFO - [2025-03-24T16:19:11.107-1000] {dag.py:4180} INFO - Setting next_dagrun for example_short_circuit_decorator to None, run_after=None
[2025-03-24T16:19:11.112-1000] {processor.py:208} INFO - Processing /opt/anaconda3/envs/titanic/lib/python3.11/site-packages/airflow/example_dags/example_short_circuit_decorator.py took 0.063 seconds
[2025-03-24T16:21:01.633-1000] {processor.py:186} INFO - Started process (PID=26585) to work on /opt/anaconda3/envs/titanic/lib/python3.11/site-packages/airflow/example_dags/example_short_circuit_decorator.py
[2025-03-24T16:21:01.633-1000] {processor.py:914} INFO - Processing file /opt/anaconda3/envs/titanic/lib/python3.11/site-packages/airflow/example_dags/example_short_circuit_decorator.py for tasks to queue
[2025-03-24T16:21:01.634-1000] {logging_mixin.py:190} INFO - [2025-03-24T16:21:01.634-1000] {dagbag.py:588} INFO - Filling up the DagBag from /opt/anaconda3/envs/titanic/lib/python3.11/site-packages/airflow/example_dags/example_short_circuit_decorator.py
[2025-03-24T16:21:01.643-1000] {processor.py:925} INFO - DAG(s) 'example_short_circuit_decorator' retrieved from /opt/anaconda3/envs/titanic/lib/python3.11/site-packages/airflow/example_dags/example_short_circuit_decorator.py
[2025-03-24T16:21:01.668-1000] {logging_mixin.py:190} INFO - [2025-03-24T16:21:01.667-1000] {dag.py:3239} INFO - Sync 1 DAGs
[2025-03-24T16:21:01.671-1000] {logging_mixin.py:190} INFO - [2025-03-24T16:21:01.670-1000] {dag.py:4180} INFO - Setting next_dagrun for example_short_circuit_decorator to None, run_after=None
[2025-03-24T16:21:01.675-1000] {processor.py:208} INFO - Processing /opt/anaconda3/envs/titanic/lib/python3.11/site-packages/airflow/example_dags/example_short_circuit_decorator.py took 0.062 seconds
[2025-03-24T16:22:53.090-1000] {processor.py:186} INFO - Started process (PID=27016) to work on /opt/anaconda3/envs/titanic/lib/python3.11/site-packages/airflow/example_dags/example_short_circuit_decorator.py
[2025-03-24T16:22:53.091-1000] {processor.py:914} INFO - Processing file /opt/anaconda3/envs/titanic/lib/python3.11/site-packages/airflow/example_dags/example_short_circuit_decorator.py for tasks to queue
[2025-03-24T16:22:53.091-1000] {logging_mixin.py:190} INFO - [2025-03-24T16:22:53.091-1000] {dagbag.py:588} INFO - Filling up the DagBag from /opt/anaconda3/envs/titanic/lib/python3.11/site-packages/airflow/example_dags/example_short_circuit_decorator.py
[2025-03-24T16:22:53.101-1000] {processor.py:925} INFO - DAG(s) 'example_short_circuit_decorator' retrieved from /opt/anaconda3/envs/titanic/lib/python3.11/site-packages/airflow/example_dags/example_short_circuit_decorator.py
[2025-03-24T16:22:53.125-1000] {logging_mixin.py:190} INFO - [2025-03-24T16:22:53.125-1000] {dag.py:3239} INFO - Sync 1 DAGs
[2025-03-24T16:22:53.128-1000] {logging_mixin.py:190} INFO - [2025-03-24T16:22:53.128-1000] {dag.py:4180} INFO - Setting next_dagrun for example_short_circuit_decorator to None, run_after=None
[2025-03-24T16:22:53.133-1000] {processor.py:208} INFO - Processing /opt/anaconda3/envs/titanic/lib/python3.11/site-packages/airflow/example_dags/example_short_circuit_decorator.py took 0.065 seconds
[2025-03-24T16:24:46.711-1000] {processor.py:186} INFO - Started process (PID=27456) to work on /opt/anaconda3/envs/titanic/lib/python3.11/site-packages/airflow/example_dags/example_short_circuit_decorator.py
[2025-03-24T16:24:46.712-1000] {processor.py:914} INFO - Processing file /opt/anaconda3/envs/titanic/lib/python3.11/site-packages/airflow/example_dags/example_short_circuit_decorator.py for tasks to queue
[2025-03-24T16:24:46.712-1000] {logging_mixin.py:190} INFO - [2025-03-24T16:24:46.712-1000] {dagbag.py:588} INFO - Filling up the DagBag from /opt/anaconda3/envs/titanic/lib/python3.11/site-packages/airflow/example_dags/example_short_circuit_decorator.py
[2025-03-24T16:24:46.721-1000] {processor.py:925} INFO - DAG(s) 'example_short_circuit_decorator' retrieved from /opt/anaconda3/envs/titanic/lib/python3.11/site-packages/airflow/example_dags/example_short_circuit_decorator.py
[2025-03-24T16:24:46.745-1000] {logging_mixin.py:190} INFO - [2025-03-24T16:24:46.745-1000] {dag.py:3239} INFO - Sync 1 DAGs
[2025-03-24T16:24:46.748-1000] {logging_mixin.py:190} INFO - [2025-03-24T16:24:46.748-1000] {dag.py:4180} INFO - Setting next_dagrun for example_short_circuit_decorator to None, run_after=None
[2025-03-24T16:24:46.753-1000] {processor.py:208} INFO - Processing /opt/anaconda3/envs/titanic/lib/python3.11/site-packages/airflow/example_dags/example_short_circuit_decorator.py took 0.062 seconds
[2025-03-24T16:26:37.984-1000] {processor.py:186} INFO - Started process (PID=27876) to work on /opt/anaconda3/envs/titanic/lib/python3.11/site-packages/airflow/example_dags/example_short_circuit_decorator.py
[2025-03-24T16:26:37.985-1000] {processor.py:914} INFO - Processing file /opt/anaconda3/envs/titanic/lib/python3.11/site-packages/airflow/example_dags/example_short_circuit_decorator.py for tasks to queue
[2025-03-24T16:26:37.985-1000] {logging_mixin.py:190} INFO - [2025-03-24T16:26:37.985-1000] {dagbag.py:588} INFO - Filling up the DagBag from /opt/anaconda3/envs/titanic/lib/python3.11/site-packages/airflow/example_dags/example_short_circuit_decorator.py
[2025-03-24T16:26:37.994-1000] {processor.py:925} INFO - DAG(s) 'example_short_circuit_decorator' retrieved from /opt/anaconda3/envs/titanic/lib/python3.11/site-packages/airflow/example_dags/example_short_circuit_decorator.py
[2025-03-24T16:26:38.019-1000] {logging_mixin.py:190} INFO - [2025-03-24T16:26:38.019-1000] {dag.py:3239} INFO - Sync 1 DAGs
[2025-03-24T16:26:38.022-1000] {logging_mixin.py:190} INFO - [2025-03-24T16:26:38.022-1000] {dag.py:4180} INFO - Setting next_dagrun for example_short_circuit_decorator to None, run_after=None
[2025-03-24T16:26:38.026-1000] {processor.py:208} INFO - Processing /opt/anaconda3/envs/titanic/lib/python3.11/site-packages/airflow/example_dags/example_short_circuit_decorator.py took 0.061 seconds
[2025-03-24T16:28:27.487-1000] {processor.py:186} INFO - Started process (PID=28289) to work on /opt/anaconda3/envs/titanic/lib/python3.11/site-packages/airflow/example_dags/example_short_circuit_decorator.py
[2025-03-24T16:28:27.487-1000] {processor.py:914} INFO - Processing file /opt/anaconda3/envs/titanic/lib/python3.11/site-packages/airflow/example_dags/example_short_circuit_decorator.py for tasks to queue
[2025-03-24T16:28:27.488-1000] {logging_mixin.py:190} INFO - [2025-03-24T16:28:27.488-1000] {dagbag.py:588} INFO - Filling up the DagBag from /opt/anaconda3/envs/titanic/lib/python3.11/site-packages/airflow/example_dags/example_short_circuit_decorator.py
[2025-03-24T16:28:27.497-1000] {processor.py:925} INFO - DAG(s) 'example_short_circuit_decorator' retrieved from /opt/anaconda3/envs/titanic/lib/python3.11/site-packages/airflow/example_dags/example_short_circuit_decorator.py
[2025-03-24T16:28:27.521-1000] {logging_mixin.py:190} INFO - [2025-03-24T16:28:27.521-1000] {dag.py:3239} INFO - Sync 1 DAGs
[2025-03-24T16:28:27.524-1000] {logging_mixin.py:190} INFO - [2025-03-24T16:28:27.524-1000] {dag.py:4180} INFO - Setting next_dagrun for example_short_circuit_decorator to None, run_after=None
[2025-03-24T16:28:27.529-1000] {processor.py:208} INFO - Processing /opt/anaconda3/envs/titanic/lib/python3.11/site-packages/airflow/example_dags/example_short_circuit_decorator.py took 0.061 seconds
[2025-03-24T16:30:14.443-1000] {processor.py:186} INFO - Started process (PID=28693) to work on /opt/anaconda3/envs/titanic/lib/python3.11/site-packages/airflow/example_dags/example_short_circuit_decorator.py
[2025-03-24T16:30:14.443-1000] {processor.py:914} INFO - Processing file /opt/anaconda3/envs/titanic/lib/python3.11/site-packages/airflow/example_dags/example_short_circuit_decorator.py for tasks to queue
[2025-03-24T16:30:14.444-1000] {logging_mixin.py:190} INFO - [2025-03-24T16:30:14.444-1000] {dagbag.py:588} INFO - Filling up the DagBag from /opt/anaconda3/envs/titanic/lib/python3.11/site-packages/airflow/example_dags/example_short_circuit_decorator.py
[2025-03-24T16:30:14.454-1000] {processor.py:925} INFO - DAG(s) 'example_short_circuit_decorator' retrieved from /opt/anaconda3/envs/titanic/lib/python3.11/site-packages/airflow/example_dags/example_short_circuit_decorator.py
[2025-03-24T16:30:14.479-1000] {logging_mixin.py:190} INFO - [2025-03-24T16:30:14.479-1000] {dag.py:3239} INFO - Sync 1 DAGs
[2025-03-24T16:30:14.482-1000] {logging_mixin.py:190} INFO - [2025-03-24T16:30:14.482-1000] {dag.py:4180} INFO - Setting next_dagrun for example_short_circuit_decorator to None, run_after=None
[2025-03-24T16:30:14.487-1000] {processor.py:208} INFO - Processing /opt/anaconda3/envs/titanic/lib/python3.11/site-packages/airflow/example_dags/example_short_circuit_decorator.py took 0.063 seconds
[2025-03-24T16:32:04.150-1000] {processor.py:186} INFO - Started process (PID=29110) to work on /opt/anaconda3/envs/titanic/lib/python3.11/site-packages/airflow/example_dags/example_short_circuit_decorator.py
[2025-03-24T16:32:04.150-1000] {processor.py:914} INFO - Processing file /opt/anaconda3/envs/titanic/lib/python3.11/site-packages/airflow/example_dags/example_short_circuit_decorator.py for tasks to queue
[2025-03-24T16:32:04.150-1000] {logging_mixin.py:190} INFO - [2025-03-24T16:32:04.150-1000] {dagbag.py:588} INFO - Filling up the DagBag from /opt/anaconda3/envs/titanic/lib/python3.11/site-packages/airflow/example_dags/example_short_circuit_decorator.py
[2025-03-24T16:32:04.160-1000] {processor.py:925} INFO - DAG(s) 'example_short_circuit_decorator' retrieved from /opt/anaconda3/envs/titanic/lib/python3.11/site-packages/airflow/example_dags/example_short_circuit_decorator.py
[2025-03-24T16:32:04.184-1000] {logging_mixin.py:190} INFO - [2025-03-24T16:32:04.184-1000] {dag.py:3239} INFO - Sync 1 DAGs
[2025-03-24T16:32:04.187-1000] {logging_mixin.py:190} INFO - [2025-03-24T16:32:04.187-1000] {dag.py:4180} INFO - Setting next_dagrun for example_short_circuit_decorator to None, run_after=None
[2025-03-24T16:32:04.192-1000] {processor.py:208} INFO - Processing /opt/anaconda3/envs/titanic/lib/python3.11/site-packages/airflow/example_dags/example_short_circuit_decorator.py took 0.062 seconds
[2025-03-24T16:33:52.996-1000] {processor.py:186} INFO - Started process (PID=29546) to work on /opt/anaconda3/envs/titanic/lib/python3.11/site-packages/airflow/example_dags/example_short_circuit_decorator.py
[2025-03-24T16:33:52.996-1000] {processor.py:914} INFO - Processing file /opt/anaconda3/envs/titanic/lib/python3.11/site-packages/airflow/example_dags/example_short_circuit_decorator.py for tasks to queue
[2025-03-24T16:33:52.997-1000] {logging_mixin.py:190} INFO - [2025-03-24T16:33:52.997-1000] {dagbag.py:588} INFO - Filling up the DagBag from /opt/anaconda3/envs/titanic/lib/python3.11/site-packages/airflow/example_dags/example_short_circuit_decorator.py
[2025-03-24T16:33:53.006-1000] {processor.py:925} INFO - DAG(s) 'example_short_circuit_decorator' retrieved from /opt/anaconda3/envs/titanic/lib/python3.11/site-packages/airflow/example_dags/example_short_circuit_decorator.py
[2025-03-24T16:33:53.030-1000] {logging_mixin.py:190} INFO - [2025-03-24T16:33:53.030-1000] {dag.py:3239} INFO - Sync 1 DAGs
[2025-03-24T16:33:53.033-1000] {logging_mixin.py:190} INFO - [2025-03-24T16:33:53.033-1000] {dag.py:4180} INFO - Setting next_dagrun for example_short_circuit_decorator to None, run_after=None
[2025-03-24T16:33:53.038-1000] {processor.py:208} INFO - Processing /opt/anaconda3/envs/titanic/lib/python3.11/site-packages/airflow/example_dags/example_short_circuit_decorator.py took 0.061 seconds
[2025-03-24T16:35:43.094-1000] {processor.py:186} INFO - Started process (PID=29956) to work on /opt/anaconda3/envs/titanic/lib/python3.11/site-packages/airflow/example_dags/example_short_circuit_decorator.py
[2025-03-24T16:35:43.094-1000] {processor.py:914} INFO - Processing file /opt/anaconda3/envs/titanic/lib/python3.11/site-packages/airflow/example_dags/example_short_circuit_decorator.py for tasks to queue
[2025-03-24T16:35:43.094-1000] {logging_mixin.py:190} INFO - [2025-03-24T16:35:43.094-1000] {dagbag.py:588} INFO - Filling up the DagBag from /opt/anaconda3/envs/titanic/lib/python3.11/site-packages/airflow/example_dags/example_short_circuit_decorator.py
[2025-03-24T16:35:43.104-1000] {processor.py:925} INFO - DAG(s) 'example_short_circuit_decorator' retrieved from /opt/anaconda3/envs/titanic/lib/python3.11/site-packages/airflow/example_dags/example_short_circuit_decorator.py
[2025-03-24T16:35:43.130-1000] {logging_mixin.py:190} INFO - [2025-03-24T16:35:43.129-1000] {dag.py:3239} INFO - Sync 1 DAGs
[2025-03-24T16:35:43.133-1000] {logging_mixin.py:190} INFO - [2025-03-24T16:35:43.133-1000] {dag.py:4180} INFO - Setting next_dagrun for example_short_circuit_decorator to None, run_after=None
[2025-03-24T16:35:43.138-1000] {processor.py:208} INFO - Processing /opt/anaconda3/envs/titanic/lib/python3.11/site-packages/airflow/example_dags/example_short_circuit_decorator.py took 0.063 seconds
[2025-03-24T16:37:33.838-1000] {processor.py:186} INFO - Started process (PID=30378) to work on /opt/anaconda3/envs/titanic/lib/python3.11/site-packages/airflow/example_dags/example_short_circuit_decorator.py
[2025-03-24T16:37:33.838-1000] {processor.py:914} INFO - Processing file /opt/anaconda3/envs/titanic/lib/python3.11/site-packages/airflow/example_dags/example_short_circuit_decorator.py for tasks to queue
[2025-03-24T16:37:33.838-1000] {logging_mixin.py:190} INFO - [2025-03-24T16:37:33.838-1000] {dagbag.py:588} INFO - Filling up the DagBag from /opt/anaconda3/envs/titanic/lib/python3.11/site-packages/airflow/example_dags/example_short_circuit_decorator.py
[2025-03-24T16:37:33.848-1000] {processor.py:925} INFO - DAG(s) 'example_short_circuit_decorator' retrieved from /opt/anaconda3/envs/titanic/lib/python3.11/site-packages/airflow/example_dags/example_short_circuit_decorator.py
[2025-03-24T16:37:33.872-1000] {logging_mixin.py:190} INFO - [2025-03-24T16:37:33.872-1000] {dag.py:3239} INFO - Sync 1 DAGs
[2025-03-24T16:37:33.875-1000] {logging_mixin.py:190} INFO - [2025-03-24T16:37:33.875-1000] {dag.py:4180} INFO - Setting next_dagrun for example_short_circuit_decorator to None, run_after=None
[2025-03-24T16:37:33.880-1000] {processor.py:208} INFO - Processing /opt/anaconda3/envs/titanic/lib/python3.11/site-packages/airflow/example_dags/example_short_circuit_decorator.py took 0.062 seconds
[2025-03-24T16:39:29.825-1000] {processor.py:186} INFO - Started process (PID=30839) to work on /opt/anaconda3/envs/titanic/lib/python3.11/site-packages/airflow/example_dags/example_short_circuit_decorator.py
[2025-03-24T16:39:29.826-1000] {processor.py:914} INFO - Processing file /opt/anaconda3/envs/titanic/lib/python3.11/site-packages/airflow/example_dags/example_short_circuit_decorator.py for tasks to queue
[2025-03-24T16:39:29.826-1000] {logging_mixin.py:190} INFO - [2025-03-24T16:39:29.826-1000] {dagbag.py:588} INFO - Filling up the DagBag from /opt/anaconda3/envs/titanic/lib/python3.11/site-packages/airflow/example_dags/example_short_circuit_decorator.py
[2025-03-24T16:39:29.836-1000] {processor.py:925} INFO - DAG(s) 'example_short_circuit_decorator' retrieved from /opt/anaconda3/envs/titanic/lib/python3.11/site-packages/airflow/example_dags/example_short_circuit_decorator.py
[2025-03-24T16:39:29.860-1000] {logging_mixin.py:190} INFO - [2025-03-24T16:39:29.860-1000] {dag.py:3239} INFO - Sync 1 DAGs
[2025-03-24T16:39:29.863-1000] {logging_mixin.py:190} INFO - [2025-03-24T16:39:29.863-1000] {dag.py:4180} INFO - Setting next_dagrun for example_short_circuit_decorator to None, run_after=None
[2025-03-24T16:39:29.868-1000] {processor.py:208} INFO - Processing /opt/anaconda3/envs/titanic/lib/python3.11/site-packages/airflow/example_dags/example_short_circuit_decorator.py took 0.063 seconds
[2025-03-24T16:41:26.980-1000] {processor.py:186} INFO - Started process (PID=31289) to work on /opt/anaconda3/envs/titanic/lib/python3.11/site-packages/airflow/example_dags/example_short_circuit_decorator.py
[2025-03-24T16:41:26.980-1000] {processor.py:914} INFO - Processing file /opt/anaconda3/envs/titanic/lib/python3.11/site-packages/airflow/example_dags/example_short_circuit_decorator.py for tasks to queue
[2025-03-24T16:41:26.980-1000] {logging_mixin.py:190} INFO - [2025-03-24T16:41:26.980-1000] {dagbag.py:588} INFO - Filling up the DagBag from /opt/anaconda3/envs/titanic/lib/python3.11/site-packages/airflow/example_dags/example_short_circuit_decorator.py
[2025-03-24T16:41:26.990-1000] {processor.py:925} INFO - DAG(s) 'example_short_circuit_decorator' retrieved from /opt/anaconda3/envs/titanic/lib/python3.11/site-packages/airflow/example_dags/example_short_circuit_decorator.py
[2025-03-24T16:41:27.015-1000] {logging_mixin.py:190} INFO - [2025-03-24T16:41:27.015-1000] {dag.py:3239} INFO - Sync 1 DAGs
[2025-03-24T16:41:27.018-1000] {logging_mixin.py:190} INFO - [2025-03-24T16:41:27.018-1000] {dag.py:4180} INFO - Setting next_dagrun for example_short_circuit_decorator to None, run_after=None
[2025-03-24T16:41:27.023-1000] {processor.py:208} INFO - Processing /opt/anaconda3/envs/titanic/lib/python3.11/site-packages/airflow/example_dags/example_short_circuit_decorator.py took 0.063 seconds
[2025-03-24T16:43:20.578-1000] {processor.py:186} INFO - Started process (PID=31729) to work on /opt/anaconda3/envs/titanic/lib/python3.11/site-packages/airflow/example_dags/example_short_circuit_decorator.py
[2025-03-24T16:43:20.579-1000] {processor.py:914} INFO - Processing file /opt/anaconda3/envs/titanic/lib/python3.11/site-packages/airflow/example_dags/example_short_circuit_decorator.py for tasks to queue
[2025-03-24T16:43:20.579-1000] {logging_mixin.py:190} INFO - [2025-03-24T16:43:20.579-1000] {dagbag.py:588} INFO - Filling up the DagBag from /opt/anaconda3/envs/titanic/lib/python3.11/site-packages/airflow/example_dags/example_short_circuit_decorator.py
[2025-03-24T16:43:20.589-1000] {processor.py:925} INFO - DAG(s) 'example_short_circuit_decorator' retrieved from /opt/anaconda3/envs/titanic/lib/python3.11/site-packages/airflow/example_dags/example_short_circuit_decorator.py
[2025-03-24T16:43:20.614-1000] {logging_mixin.py:190} INFO - [2025-03-24T16:43:20.614-1000] {dag.py:3239} INFO - Sync 1 DAGs
[2025-03-24T16:43:20.617-1000] {logging_mixin.py:190} INFO - [2025-03-24T16:43:20.617-1000] {dag.py:4180} INFO - Setting next_dagrun for example_short_circuit_decorator to None, run_after=None
[2025-03-24T16:43:20.622-1000] {processor.py:208} INFO - Processing /opt/anaconda3/envs/titanic/lib/python3.11/site-packages/airflow/example_dags/example_short_circuit_decorator.py took 0.064 seconds
[2025-03-24T16:45:11.099-1000] {processor.py:186} INFO - Started process (PID=32151) to work on /opt/anaconda3/envs/titanic/lib/python3.11/site-packages/airflow/example_dags/example_short_circuit_decorator.py
[2025-03-24T16:45:11.099-1000] {processor.py:914} INFO - Processing file /opt/anaconda3/envs/titanic/lib/python3.11/site-packages/airflow/example_dags/example_short_circuit_decorator.py for tasks to queue
[2025-03-24T16:45:11.099-1000] {logging_mixin.py:190} INFO - [2025-03-24T16:45:11.099-1000] {dagbag.py:588} INFO - Filling up the DagBag from /opt/anaconda3/envs/titanic/lib/python3.11/site-packages/airflow/example_dags/example_short_circuit_decorator.py
[2025-03-24T16:45:11.109-1000] {processor.py:925} INFO - DAG(s) 'example_short_circuit_decorator' retrieved from /opt/anaconda3/envs/titanic/lib/python3.11/site-packages/airflow/example_dags/example_short_circuit_decorator.py
[2025-03-24T16:45:11.134-1000] {logging_mixin.py:190} INFO - [2025-03-24T16:45:11.134-1000] {dag.py:3239} INFO - Sync 1 DAGs
[2025-03-24T16:45:11.138-1000] {logging_mixin.py:190} INFO - [2025-03-24T16:45:11.137-1000] {dag.py:4180} INFO - Setting next_dagrun for example_short_circuit_decorator to None, run_after=None
[2025-03-24T16:45:11.142-1000] {processor.py:208} INFO - Processing /opt/anaconda3/envs/titanic/lib/python3.11/site-packages/airflow/example_dags/example_short_circuit_decorator.py took 0.063 seconds
[2025-03-24T16:47:02.237-1000] {processor.py:186} INFO - Started process (PID=32590) to work on /opt/anaconda3/envs/titanic/lib/python3.11/site-packages/airflow/example_dags/example_short_circuit_decorator.py
[2025-03-24T16:47:02.238-1000] {processor.py:914} INFO - Processing file /opt/anaconda3/envs/titanic/lib/python3.11/site-packages/airflow/example_dags/example_short_circuit_decorator.py for tasks to queue
[2025-03-24T16:47:02.238-1000] {logging_mixin.py:190} INFO - [2025-03-24T16:47:02.238-1000] {dagbag.py:588} INFO - Filling up the DagBag from /opt/anaconda3/envs/titanic/lib/python3.11/site-packages/airflow/example_dags/example_short_circuit_decorator.py
[2025-03-24T16:47:02.247-1000] {processor.py:925} INFO - DAG(s) 'example_short_circuit_decorator' retrieved from /opt/anaconda3/envs/titanic/lib/python3.11/site-packages/airflow/example_dags/example_short_circuit_decorator.py
[2025-03-24T16:47:02.272-1000] {logging_mixin.py:190} INFO - [2025-03-24T16:47:02.272-1000] {dag.py:3239} INFO - Sync 1 DAGs
[2025-03-24T16:47:02.275-1000] {logging_mixin.py:190} INFO - [2025-03-24T16:47:02.275-1000] {dag.py:4180} INFO - Setting next_dagrun for example_short_circuit_decorator to None, run_after=None
[2025-03-24T16:47:02.280-1000] {processor.py:208} INFO - Processing /opt/anaconda3/envs/titanic/lib/python3.11/site-packages/airflow/example_dags/example_short_circuit_decorator.py took 0.063 seconds
[2025-03-24T16:49:00.043-1000] {processor.py:186} INFO - Started process (PID=33146) to work on /opt/anaconda3/envs/titanic/lib/python3.11/site-packages/airflow/example_dags/example_short_circuit_decorator.py
[2025-03-24T16:49:00.044-1000] {processor.py:914} INFO - Processing file /opt/anaconda3/envs/titanic/lib/python3.11/site-packages/airflow/example_dags/example_short_circuit_decorator.py for tasks to queue
[2025-03-24T16:49:00.044-1000] {logging_mixin.py:190} INFO - [2025-03-24T16:49:00.044-1000] {dagbag.py:588} INFO - Filling up the DagBag from /opt/anaconda3/envs/titanic/lib/python3.11/site-packages/airflow/example_dags/example_short_circuit_decorator.py
[2025-03-24T16:49:00.054-1000] {processor.py:925} INFO - DAG(s) 'example_short_circuit_decorator' retrieved from /opt/anaconda3/envs/titanic/lib/python3.11/site-packages/airflow/example_dags/example_short_circuit_decorator.py
[2025-03-24T16:49:00.079-1000] {logging_mixin.py:190} INFO - [2025-03-24T16:49:00.079-1000] {dag.py:3239} INFO - Sync 1 DAGs
[2025-03-24T16:49:00.082-1000] {logging_mixin.py:190} INFO - [2025-03-24T16:49:00.082-1000] {dag.py:4180} INFO - Setting next_dagrun for example_short_circuit_decorator to None, run_after=None
[2025-03-24T16:49:00.086-1000] {processor.py:208} INFO - Processing /opt/anaconda3/envs/titanic/lib/python3.11/site-packages/airflow/example_dags/example_short_circuit_decorator.py took 0.044 seconds
[2025-03-24T16:50:55.232-1000] {processor.py:186} INFO - Started process (PID=33580) to work on /opt/anaconda3/envs/titanic/lib/python3.11/site-packages/airflow/example_dags/example_short_circuit_decorator.py
[2025-03-24T16:50:55.233-1000] {processor.py:914} INFO - Processing file /opt/anaconda3/envs/titanic/lib/python3.11/site-packages/airflow/example_dags/example_short_circuit_decorator.py for tasks to queue
[2025-03-24T16:50:55.233-1000] {logging_mixin.py:190} INFO - [2025-03-24T16:50:55.233-1000] {dagbag.py:588} INFO - Filling up the DagBag from /opt/anaconda3/envs/titanic/lib/python3.11/site-packages/airflow/example_dags/example_short_circuit_decorator.py
[2025-03-24T16:50:55.243-1000] {processor.py:925} INFO - DAG(s) 'example_short_circuit_decorator' retrieved from /opt/anaconda3/envs/titanic/lib/python3.11/site-packages/airflow/example_dags/example_short_circuit_decorator.py
[2025-03-24T16:50:55.267-1000] {logging_mixin.py:190} INFO - [2025-03-24T16:50:55.267-1000] {dag.py:3239} INFO - Sync 1 DAGs
[2025-03-24T16:50:55.270-1000] {logging_mixin.py:190} INFO - [2025-03-24T16:50:55.270-1000] {dag.py:4180} INFO - Setting next_dagrun for example_short_circuit_decorator to None, run_after=None
[2025-03-24T16:50:55.275-1000] {processor.py:208} INFO - Processing /opt/anaconda3/envs/titanic/lib/python3.11/site-packages/airflow/example_dags/example_short_circuit_decorator.py took 0.044 seconds
[2025-03-24T16:52:49.356-1000] {processor.py:186} INFO - Started process (PID=34011) to work on /opt/anaconda3/envs/titanic/lib/python3.11/site-packages/airflow/example_dags/example_short_circuit_decorator.py
[2025-03-24T16:52:49.357-1000] {processor.py:914} INFO - Processing file /opt/anaconda3/envs/titanic/lib/python3.11/site-packages/airflow/example_dags/example_short_circuit_decorator.py for tasks to queue
[2025-03-24T16:52:49.358-1000] {logging_mixin.py:190} INFO - [2025-03-24T16:52:49.358-1000] {dagbag.py:588} INFO - Filling up the DagBag from /opt/anaconda3/envs/titanic/lib/python3.11/site-packages/airflow/example_dags/example_short_circuit_decorator.py
[2025-03-24T16:52:49.369-1000] {processor.py:925} INFO - DAG(s) 'example_short_circuit_decorator' retrieved from /opt/anaconda3/envs/titanic/lib/python3.11/site-packages/airflow/example_dags/example_short_circuit_decorator.py
[2025-03-24T16:52:49.395-1000] {logging_mixin.py:190} INFO - [2025-03-24T16:52:49.395-1000] {dag.py:3239} INFO - Sync 1 DAGs
[2025-03-24T16:52:49.398-1000] {logging_mixin.py:190} INFO - [2025-03-24T16:52:49.398-1000] {dag.py:4180} INFO - Setting next_dagrun for example_short_circuit_decorator to None, run_after=None
[2025-03-24T16:52:49.403-1000] {processor.py:208} INFO - Processing /opt/anaconda3/envs/titanic/lib/python3.11/site-packages/airflow/example_dags/example_short_circuit_decorator.py took 0.048 seconds
[2025-03-24T16:54:46.849-1000] {processor.py:186} INFO - Started process (PID=34452) to work on /opt/anaconda3/envs/titanic/lib/python3.11/site-packages/airflow/example_dags/example_short_circuit_decorator.py
[2025-03-24T16:54:46.850-1000] {processor.py:914} INFO - Processing file /opt/anaconda3/envs/titanic/lib/python3.11/site-packages/airflow/example_dags/example_short_circuit_decorator.py for tasks to queue
[2025-03-24T16:54:46.850-1000] {logging_mixin.py:190} INFO - [2025-03-24T16:54:46.850-1000] {dagbag.py:588} INFO - Filling up the DagBag from /opt/anaconda3/envs/titanic/lib/python3.11/site-packages/airflow/example_dags/example_short_circuit_decorator.py
[2025-03-24T16:54:46.860-1000] {processor.py:925} INFO - DAG(s) 'example_short_circuit_decorator' retrieved from /opt/anaconda3/envs/titanic/lib/python3.11/site-packages/airflow/example_dags/example_short_circuit_decorator.py
[2025-03-24T16:54:46.883-1000] {logging_mixin.py:190} INFO - [2025-03-24T16:54:46.883-1000] {dag.py:3239} INFO - Sync 1 DAGs
[2025-03-24T16:54:46.886-1000] {logging_mixin.py:190} INFO - [2025-03-24T16:54:46.886-1000] {dag.py:4180} INFO - Setting next_dagrun for example_short_circuit_decorator to None, run_after=None
[2025-03-24T16:54:46.891-1000] {processor.py:208} INFO - Processing /opt/anaconda3/envs/titanic/lib/python3.11/site-packages/airflow/example_dags/example_short_circuit_decorator.py took 0.042 seconds
[2025-03-24T16:56:36.316-1000] {processor.py:186} INFO - Started process (PID=34862) to work on /opt/anaconda3/envs/titanic/lib/python3.11/site-packages/airflow/example_dags/example_short_circuit_decorator.py
[2025-03-24T16:56:36.316-1000] {processor.py:914} INFO - Processing file /opt/anaconda3/envs/titanic/lib/python3.11/site-packages/airflow/example_dags/example_short_circuit_decorator.py for tasks to queue
[2025-03-24T16:56:36.316-1000] {logging_mixin.py:190} INFO - [2025-03-24T16:56:36.316-1000] {dagbag.py:588} INFO - Filling up the DagBag from /opt/anaconda3/envs/titanic/lib/python3.11/site-packages/airflow/example_dags/example_short_circuit_decorator.py
[2025-03-24T16:56:36.326-1000] {processor.py:925} INFO - DAG(s) 'example_short_circuit_decorator' retrieved from /opt/anaconda3/envs/titanic/lib/python3.11/site-packages/airflow/example_dags/example_short_circuit_decorator.py
[2025-03-24T16:56:36.350-1000] {logging_mixin.py:190} INFO - [2025-03-24T16:56:36.350-1000] {dag.py:3239} INFO - Sync 1 DAGs
[2025-03-24T16:56:36.353-1000] {logging_mixin.py:190} INFO - [2025-03-24T16:56:36.353-1000] {dag.py:4180} INFO - Setting next_dagrun for example_short_circuit_decorator to None, run_after=None
[2025-03-24T16:56:36.358-1000] {processor.py:208} INFO - Processing /opt/anaconda3/envs/titanic/lib/python3.11/site-packages/airflow/example_dags/example_short_circuit_decorator.py took 0.043 seconds
[2025-03-24T16:58:24.639-1000] {processor.py:186} INFO - Started process (PID=35276) to work on /opt/anaconda3/envs/titanic/lib/python3.11/site-packages/airflow/example_dags/example_short_circuit_decorator.py
[2025-03-24T16:58:24.639-1000] {processor.py:914} INFO - Processing file /opt/anaconda3/envs/titanic/lib/python3.11/site-packages/airflow/example_dags/example_short_circuit_decorator.py for tasks to queue
[2025-03-24T16:58:24.639-1000] {logging_mixin.py:190} INFO - [2025-03-24T16:58:24.639-1000] {dagbag.py:588} INFO - Filling up the DagBag from /opt/anaconda3/envs/titanic/lib/python3.11/site-packages/airflow/example_dags/example_short_circuit_decorator.py
[2025-03-24T16:58:24.649-1000] {processor.py:925} INFO - DAG(s) 'example_short_circuit_decorator' retrieved from /opt/anaconda3/envs/titanic/lib/python3.11/site-packages/airflow/example_dags/example_short_circuit_decorator.py
[2025-03-24T16:58:24.673-1000] {logging_mixin.py:190} INFO - [2025-03-24T16:58:24.673-1000] {dag.py:3239} INFO - Sync 1 DAGs
[2025-03-24T16:58:24.676-1000] {logging_mixin.py:190} INFO - [2025-03-24T16:58:24.676-1000] {dag.py:4180} INFO - Setting next_dagrun for example_short_circuit_decorator to None, run_after=None
[2025-03-24T16:58:24.681-1000] {processor.py:208} INFO - Processing /opt/anaconda3/envs/titanic/lib/python3.11/site-packages/airflow/example_dags/example_short_circuit_decorator.py took 0.043 seconds
[2025-03-24T17:00:17.738-1000] {processor.py:186} INFO - Started process (PID=35708) to work on /opt/anaconda3/envs/titanic/lib/python3.11/site-packages/airflow/example_dags/example_short_circuit_decorator.py
[2025-03-24T17:00:17.739-1000] {processor.py:914} INFO - Processing file /opt/anaconda3/envs/titanic/lib/python3.11/site-packages/airflow/example_dags/example_short_circuit_decorator.py for tasks to queue
[2025-03-24T17:00:17.739-1000] {logging_mixin.py:190} INFO - [2025-03-24T17:00:17.739-1000] {dagbag.py:588} INFO - Filling up the DagBag from /opt/anaconda3/envs/titanic/lib/python3.11/site-packages/airflow/example_dags/example_short_circuit_decorator.py
[2025-03-24T17:00:17.749-1000] {processor.py:925} INFO - DAG(s) 'example_short_circuit_decorator' retrieved from /opt/anaconda3/envs/titanic/lib/python3.11/site-packages/airflow/example_dags/example_short_circuit_decorator.py
[2025-03-24T17:00:17.774-1000] {logging_mixin.py:190} INFO - [2025-03-24T17:00:17.774-1000] {dag.py:3239} INFO - Sync 1 DAGs
[2025-03-24T17:00:17.776-1000] {logging_mixin.py:190} INFO - [2025-03-24T17:00:17.776-1000] {dag.py:4180} INFO - Setting next_dagrun for example_short_circuit_decorator to None, run_after=None
[2025-03-24T17:00:17.781-1000] {processor.py:208} INFO - Processing /opt/anaconda3/envs/titanic/lib/python3.11/site-packages/airflow/example_dags/example_short_circuit_decorator.py took 0.044 seconds
[2025-03-24T17:02:17.023-1000] {processor.py:186} INFO - Started process (PID=36160) to work on /opt/anaconda3/envs/titanic/lib/python3.11/site-packages/airflow/example_dags/example_short_circuit_decorator.py
[2025-03-24T17:02:17.023-1000] {processor.py:914} INFO - Processing file /opt/anaconda3/envs/titanic/lib/python3.11/site-packages/airflow/example_dags/example_short_circuit_decorator.py for tasks to queue
[2025-03-24T17:02:17.023-1000] {logging_mixin.py:190} INFO - [2025-03-24T17:02:17.023-1000] {dagbag.py:588} INFO - Filling up the DagBag from /opt/anaconda3/envs/titanic/lib/python3.11/site-packages/airflow/example_dags/example_short_circuit_decorator.py
[2025-03-24T17:02:17.033-1000] {processor.py:925} INFO - DAG(s) 'example_short_circuit_decorator' retrieved from /opt/anaconda3/envs/titanic/lib/python3.11/site-packages/airflow/example_dags/example_short_circuit_decorator.py
[2025-03-24T17:02:17.057-1000] {logging_mixin.py:190} INFO - [2025-03-24T17:02:17.057-1000] {dag.py:3239} INFO - Sync 1 DAGs
[2025-03-24T17:02:17.060-1000] {logging_mixin.py:190} INFO - [2025-03-24T17:02:17.060-1000] {dag.py:4180} INFO - Setting next_dagrun for example_short_circuit_decorator to None, run_after=None
[2025-03-24T17:02:17.065-1000] {processor.py:208} INFO - Processing /opt/anaconda3/envs/titanic/lib/python3.11/site-packages/airflow/example_dags/example_short_circuit_decorator.py took 0.043 seconds
[2025-03-24T17:04:11.886-1000] {processor.py:186} INFO - Started process (PID=36591) to work on /opt/anaconda3/envs/titanic/lib/python3.11/site-packages/airflow/example_dags/example_short_circuit_decorator.py
[2025-03-24T17:04:11.886-1000] {processor.py:914} INFO - Processing file /opt/anaconda3/envs/titanic/lib/python3.11/site-packages/airflow/example_dags/example_short_circuit_decorator.py for tasks to queue
[2025-03-24T17:04:11.886-1000] {logging_mixin.py:190} INFO - [2025-03-24T17:04:11.886-1000] {dagbag.py:588} INFO - Filling up the DagBag from /opt/anaconda3/envs/titanic/lib/python3.11/site-packages/airflow/example_dags/example_short_circuit_decorator.py
[2025-03-24T17:04:11.896-1000] {processor.py:925} INFO - DAG(s) 'example_short_circuit_decorator' retrieved from /opt/anaconda3/envs/titanic/lib/python3.11/site-packages/airflow/example_dags/example_short_circuit_decorator.py
[2025-03-24T17:04:11.920-1000] {logging_mixin.py:190} INFO - [2025-03-24T17:04:11.920-1000] {dag.py:3239} INFO - Sync 1 DAGs
[2025-03-24T17:04:11.922-1000] {logging_mixin.py:190} INFO - [2025-03-24T17:04:11.922-1000] {dag.py:4180} INFO - Setting next_dagrun for example_short_circuit_decorator to None, run_after=None
[2025-03-24T17:04:11.927-1000] {processor.py:208} INFO - Processing /opt/anaconda3/envs/titanic/lib/python3.11/site-packages/airflow/example_dags/example_short_circuit_decorator.py took 0.042 seconds
[2025-03-24T17:06:02.329-1000] {processor.py:186} INFO - Started process (PID=37008) to work on /opt/anaconda3/envs/titanic/lib/python3.11/site-packages/airflow/example_dags/example_short_circuit_decorator.py
[2025-03-24T17:06:02.330-1000] {processor.py:914} INFO - Processing file /opt/anaconda3/envs/titanic/lib/python3.11/site-packages/airflow/example_dags/example_short_circuit_decorator.py for tasks to queue
[2025-03-24T17:06:02.330-1000] {logging_mixin.py:190} INFO - [2025-03-24T17:06:02.330-1000] {dagbag.py:588} INFO - Filling up the DagBag from /opt/anaconda3/envs/titanic/lib/python3.11/site-packages/airflow/example_dags/example_short_circuit_decorator.py
[2025-03-24T17:06:02.339-1000] {processor.py:925} INFO - DAG(s) 'example_short_circuit_decorator' retrieved from /opt/anaconda3/envs/titanic/lib/python3.11/site-packages/airflow/example_dags/example_short_circuit_decorator.py
[2025-03-24T17:06:02.363-1000] {logging_mixin.py:190} INFO - [2025-03-24T17:06:02.363-1000] {dag.py:3239} INFO - Sync 1 DAGs
[2025-03-24T17:06:02.366-1000] {logging_mixin.py:190} INFO - [2025-03-24T17:06:02.366-1000] {dag.py:4180} INFO - Setting next_dagrun for example_short_circuit_decorator to None, run_after=None
[2025-03-24T17:06:02.371-1000] {processor.py:208} INFO - Processing /opt/anaconda3/envs/titanic/lib/python3.11/site-packages/airflow/example_dags/example_short_circuit_decorator.py took 0.042 seconds
[2025-03-24T17:07:50.352-1000] {processor.py:186} INFO - Started process (PID=37451) to work on /opt/anaconda3/envs/titanic/lib/python3.11/site-packages/airflow/example_dags/example_short_circuit_decorator.py
[2025-03-24T17:07:50.353-1000] {processor.py:914} INFO - Processing file /opt/anaconda3/envs/titanic/lib/python3.11/site-packages/airflow/example_dags/example_short_circuit_decorator.py for tasks to queue
[2025-03-24T17:07:50.353-1000] {logging_mixin.py:190} INFO - [2025-03-24T17:07:50.353-1000] {dagbag.py:588} INFO - Filling up the DagBag from /opt/anaconda3/envs/titanic/lib/python3.11/site-packages/airflow/example_dags/example_short_circuit_decorator.py
[2025-03-24T17:07:50.362-1000] {processor.py:925} INFO - DAG(s) 'example_short_circuit_decorator' retrieved from /opt/anaconda3/envs/titanic/lib/python3.11/site-packages/airflow/example_dags/example_short_circuit_decorator.py
[2025-03-24T17:07:50.386-1000] {logging_mixin.py:190} INFO - [2025-03-24T17:07:50.386-1000] {dag.py:3239} INFO - Sync 1 DAGs
[2025-03-24T17:07:50.389-1000] {logging_mixin.py:190} INFO - [2025-03-24T17:07:50.389-1000] {dag.py:4180} INFO - Setting next_dagrun for example_short_circuit_decorator to None, run_after=None
[2025-03-24T17:07:50.394-1000] {processor.py:208} INFO - Processing /opt/anaconda3/envs/titanic/lib/python3.11/site-packages/airflow/example_dags/example_short_circuit_decorator.py took 0.042 seconds
[2025-03-24T17:09:42.873-1000] {processor.py:186} INFO - Started process (PID=37877) to work on /opt/anaconda3/envs/titanic/lib/python3.11/site-packages/airflow/example_dags/example_short_circuit_decorator.py
[2025-03-24T17:09:42.873-1000] {processor.py:914} INFO - Processing file /opt/anaconda3/envs/titanic/lib/python3.11/site-packages/airflow/example_dags/example_short_circuit_decorator.py for tasks to queue
[2025-03-24T17:09:42.874-1000] {logging_mixin.py:190} INFO - [2025-03-24T17:09:42.873-1000] {dagbag.py:588} INFO - Filling up the DagBag from /opt/anaconda3/envs/titanic/lib/python3.11/site-packages/airflow/example_dags/example_short_circuit_decorator.py
[2025-03-24T17:09:42.883-1000] {processor.py:925} INFO - DAG(s) 'example_short_circuit_decorator' retrieved from /opt/anaconda3/envs/titanic/lib/python3.11/site-packages/airflow/example_dags/example_short_circuit_decorator.py
[2025-03-24T17:09:42.907-1000] {logging_mixin.py:190} INFO - [2025-03-24T17:09:42.907-1000] {dag.py:3239} INFO - Sync 1 DAGs
[2025-03-24T17:09:42.910-1000] {logging_mixin.py:190} INFO - [2025-03-24T17:09:42.909-1000] {dag.py:4180} INFO - Setting next_dagrun for example_short_circuit_decorator to None, run_after=None
[2025-03-24T17:09:42.914-1000] {processor.py:208} INFO - Processing /opt/anaconda3/envs/titanic/lib/python3.11/site-packages/airflow/example_dags/example_short_circuit_decorator.py took 0.042 seconds
[2025-03-24T17:11:32.314-1000] {processor.py:186} INFO - Started process (PID=38294) to work on /opt/anaconda3/envs/titanic/lib/python3.11/site-packages/airflow/example_dags/example_short_circuit_decorator.py
[2025-03-24T17:11:32.315-1000] {processor.py:914} INFO - Processing file /opt/anaconda3/envs/titanic/lib/python3.11/site-packages/airflow/example_dags/example_short_circuit_decorator.py for tasks to queue
[2025-03-24T17:11:32.315-1000] {logging_mixin.py:190} INFO - [2025-03-24T17:11:32.315-1000] {dagbag.py:588} INFO - Filling up the DagBag from /opt/anaconda3/envs/titanic/lib/python3.11/site-packages/airflow/example_dags/example_short_circuit_decorator.py
[2025-03-24T17:11:32.324-1000] {processor.py:925} INFO - DAG(s) 'example_short_circuit_decorator' retrieved from /opt/anaconda3/envs/titanic/lib/python3.11/site-packages/airflow/example_dags/example_short_circuit_decorator.py
[2025-03-24T17:11:32.348-1000] {logging_mixin.py:190} INFO - [2025-03-24T17:11:32.348-1000] {dag.py:3239} INFO - Sync 1 DAGs
[2025-03-24T17:11:32.351-1000] {logging_mixin.py:190} INFO - [2025-03-24T17:11:32.351-1000] {dag.py:4180} INFO - Setting next_dagrun for example_short_circuit_decorator to None, run_after=None
[2025-03-24T17:11:32.356-1000] {processor.py:208} INFO - Processing /opt/anaconda3/envs/titanic/lib/python3.11/site-packages/airflow/example_dags/example_short_circuit_decorator.py took 0.042 seconds
[2025-03-24T17:13:19.060-1000] {processor.py:186} INFO - Started process (PID=38702) to work on /opt/anaconda3/envs/titanic/lib/python3.11/site-packages/airflow/example_dags/example_short_circuit_decorator.py
[2025-03-24T17:13:19.060-1000] {processor.py:914} INFO - Processing file /opt/anaconda3/envs/titanic/lib/python3.11/site-packages/airflow/example_dags/example_short_circuit_decorator.py for tasks to queue
[2025-03-24T17:13:19.061-1000] {logging_mixin.py:190} INFO - [2025-03-24T17:13:19.060-1000] {dagbag.py:588} INFO - Filling up the DagBag from /opt/anaconda3/envs/titanic/lib/python3.11/site-packages/airflow/example_dags/example_short_circuit_decorator.py
[2025-03-24T17:13:19.070-1000] {processor.py:925} INFO - DAG(s) 'example_short_circuit_decorator' retrieved from /opt/anaconda3/envs/titanic/lib/python3.11/site-packages/airflow/example_dags/example_short_circuit_decorator.py
[2025-03-24T17:13:19.094-1000] {logging_mixin.py:190} INFO - [2025-03-24T17:13:19.094-1000] {dag.py:3239} INFO - Sync 1 DAGs
[2025-03-24T17:13:19.096-1000] {logging_mixin.py:190} INFO - [2025-03-24T17:13:19.096-1000] {dag.py:4180} INFO - Setting next_dagrun for example_short_circuit_decorator to None, run_after=None
[2025-03-24T17:13:19.101-1000] {processor.py:208} INFO - Processing /opt/anaconda3/envs/titanic/lib/python3.11/site-packages/airflow/example_dags/example_short_circuit_decorator.py took 0.042 seconds
[2025-03-24T17:15:08.198-1000] {processor.py:186} INFO - Started process (PID=39122) to work on /opt/anaconda3/envs/titanic/lib/python3.11/site-packages/airflow/example_dags/example_short_circuit_decorator.py
[2025-03-24T17:15:08.199-1000] {processor.py:914} INFO - Processing file /opt/anaconda3/envs/titanic/lib/python3.11/site-packages/airflow/example_dags/example_short_circuit_decorator.py for tasks to queue
[2025-03-24T17:15:08.199-1000] {logging_mixin.py:190} INFO - [2025-03-24T17:15:08.199-1000] {dagbag.py:588} INFO - Filling up the DagBag from /opt/anaconda3/envs/titanic/lib/python3.11/site-packages/airflow/example_dags/example_short_circuit_decorator.py
[2025-03-24T17:15:08.208-1000] {processor.py:925} INFO - DAG(s) 'example_short_circuit_decorator' retrieved from /opt/anaconda3/envs/titanic/lib/python3.11/site-packages/airflow/example_dags/example_short_circuit_decorator.py
[2025-03-24T17:15:08.232-1000] {logging_mixin.py:190} INFO - [2025-03-24T17:15:08.232-1000] {dag.py:3239} INFO - Sync 1 DAGs
[2025-03-24T17:15:08.235-1000] {logging_mixin.py:190} INFO - [2025-03-24T17:15:08.235-1000] {dag.py:4180} INFO - Setting next_dagrun for example_short_circuit_decorator to None, run_after=None
[2025-03-24T17:15:08.239-1000] {processor.py:208} INFO - Processing /opt/anaconda3/envs/titanic/lib/python3.11/site-packages/airflow/example_dags/example_short_circuit_decorator.py took 0.042 seconds
[2025-03-24T17:16:58.777-1000] {processor.py:186} INFO - Started process (PID=39538) to work on /opt/anaconda3/envs/titanic/lib/python3.11/site-packages/airflow/example_dags/example_short_circuit_decorator.py
[2025-03-24T17:16:58.777-1000] {processor.py:914} INFO - Processing file /opt/anaconda3/envs/titanic/lib/python3.11/site-packages/airflow/example_dags/example_short_circuit_decorator.py for tasks to queue
[2025-03-24T17:16:58.777-1000] {logging_mixin.py:190} INFO - [2025-03-24T17:16:58.777-1000] {dagbag.py:588} INFO - Filling up the DagBag from /opt/anaconda3/envs/titanic/lib/python3.11/site-packages/airflow/example_dags/example_short_circuit_decorator.py
[2025-03-24T17:16:58.787-1000] {processor.py:925} INFO - DAG(s) 'example_short_circuit_decorator' retrieved from /opt/anaconda3/envs/titanic/lib/python3.11/site-packages/airflow/example_dags/example_short_circuit_decorator.py
[2025-03-24T17:16:58.812-1000] {logging_mixin.py:190} INFO - [2025-03-24T17:16:58.811-1000] {dag.py:3239} INFO - Sync 1 DAGs
[2025-03-24T17:16:58.814-1000] {logging_mixin.py:190} INFO - [2025-03-24T17:16:58.814-1000] {dag.py:4180} INFO - Setting next_dagrun for example_short_circuit_decorator to None, run_after=None
[2025-03-24T17:16:58.819-1000] {processor.py:208} INFO - Processing /opt/anaconda3/envs/titanic/lib/python3.11/site-packages/airflow/example_dags/example_short_circuit_decorator.py took 0.043 seconds
[2025-03-24T17:18:46.785-1000] {processor.py:186} INFO - Started process (PID=39964) to work on /opt/anaconda3/envs/titanic/lib/python3.11/site-packages/airflow/example_dags/example_short_circuit_decorator.py
[2025-03-24T17:18:46.787-1000] {processor.py:914} INFO - Processing file /opt/anaconda3/envs/titanic/lib/python3.11/site-packages/airflow/example_dags/example_short_circuit_decorator.py for tasks to queue
[2025-03-24T17:18:46.787-1000] {logging_mixin.py:190} INFO - [2025-03-24T17:18:46.787-1000] {dagbag.py:588} INFO - Filling up the DagBag from /opt/anaconda3/envs/titanic/lib/python3.11/site-packages/airflow/example_dags/example_short_circuit_decorator.py
[2025-03-24T17:18:46.796-1000] {processor.py:925} INFO - DAG(s) 'example_short_circuit_decorator' retrieved from /opt/anaconda3/envs/titanic/lib/python3.11/site-packages/airflow/example_dags/example_short_circuit_decorator.py
[2025-03-24T17:18:46.820-1000] {logging_mixin.py:190} INFO - [2025-03-24T17:18:46.820-1000] {dag.py:3239} INFO - Sync 1 DAGs
[2025-03-24T17:18:46.823-1000] {logging_mixin.py:190} INFO - [2025-03-24T17:18:46.823-1000] {dag.py:4180} INFO - Setting next_dagrun for example_short_circuit_decorator to None, run_after=None
[2025-03-24T17:18:46.828-1000] {processor.py:208} INFO - Processing /opt/anaconda3/envs/titanic/lib/python3.11/site-packages/airflow/example_dags/example_short_circuit_decorator.py took 0.043 seconds
[2025-03-24T17:20:40.382-1000] {processor.py:186} INFO - Started process (PID=40402) to work on /opt/anaconda3/envs/titanic/lib/python3.11/site-packages/airflow/example_dags/example_short_circuit_decorator.py
[2025-03-24T17:20:40.383-1000] {processor.py:914} INFO - Processing file /opt/anaconda3/envs/titanic/lib/python3.11/site-packages/airflow/example_dags/example_short_circuit_decorator.py for tasks to queue
[2025-03-24T17:20:40.383-1000] {logging_mixin.py:190} INFO - [2025-03-24T17:20:40.383-1000] {dagbag.py:588} INFO - Filling up the DagBag from /opt/anaconda3/envs/titanic/lib/python3.11/site-packages/airflow/example_dags/example_short_circuit_decorator.py
[2025-03-24T17:20:40.393-1000] {processor.py:925} INFO - DAG(s) 'example_short_circuit_decorator' retrieved from /opt/anaconda3/envs/titanic/lib/python3.11/site-packages/airflow/example_dags/example_short_circuit_decorator.py
[2025-03-24T17:20:40.417-1000] {logging_mixin.py:190} INFO - [2025-03-24T17:20:40.417-1000] {dag.py:3239} INFO - Sync 1 DAGs
[2025-03-24T17:20:40.420-1000] {logging_mixin.py:190} INFO - [2025-03-24T17:20:40.420-1000] {dag.py:4180} INFO - Setting next_dagrun for example_short_circuit_decorator to None, run_after=None
[2025-03-24T17:20:40.424-1000] {processor.py:208} INFO - Processing /opt/anaconda3/envs/titanic/lib/python3.11/site-packages/airflow/example_dags/example_short_circuit_decorator.py took 0.043 seconds
[2025-03-24T17:22:32.630-1000] {processor.py:186} INFO - Started process (PID=40847) to work on /opt/anaconda3/envs/titanic/lib/python3.11/site-packages/airflow/example_dags/example_short_circuit_decorator.py
[2025-03-24T17:22:32.630-1000] {processor.py:914} INFO - Processing file /opt/anaconda3/envs/titanic/lib/python3.11/site-packages/airflow/example_dags/example_short_circuit_decorator.py for tasks to queue
[2025-03-24T17:22:32.630-1000] {logging_mixin.py:190} INFO - [2025-03-24T17:22:32.630-1000] {dagbag.py:588} INFO - Filling up the DagBag from /opt/anaconda3/envs/titanic/lib/python3.11/site-packages/airflow/example_dags/example_short_circuit_decorator.py
[2025-03-24T17:22:32.640-1000] {processor.py:925} INFO - DAG(s) 'example_short_circuit_decorator' retrieved from /opt/anaconda3/envs/titanic/lib/python3.11/site-packages/airflow/example_dags/example_short_circuit_decorator.py
[2025-03-24T17:22:32.664-1000] {logging_mixin.py:190} INFO - [2025-03-24T17:22:32.664-1000] {dag.py:3239} INFO - Sync 1 DAGs
[2025-03-24T17:22:32.667-1000] {logging_mixin.py:190} INFO - [2025-03-24T17:22:32.667-1000] {dag.py:4180} INFO - Setting next_dagrun for example_short_circuit_decorator to None, run_after=None
[2025-03-24T17:22:32.672-1000] {processor.py:208} INFO - Processing /opt/anaconda3/envs/titanic/lib/python3.11/site-packages/airflow/example_dags/example_short_circuit_decorator.py took 0.043 seconds
[2025-03-24T17:24:24.237-1000] {processor.py:186} INFO - Started process (PID=41278) to work on /opt/anaconda3/envs/titanic/lib/python3.11/site-packages/airflow/example_dags/example_short_circuit_decorator.py
[2025-03-24T17:24:24.238-1000] {processor.py:914} INFO - Processing file /opt/anaconda3/envs/titanic/lib/python3.11/site-packages/airflow/example_dags/example_short_circuit_decorator.py for tasks to queue
[2025-03-24T17:24:24.238-1000] {logging_mixin.py:190} INFO - [2025-03-24T17:24:24.238-1000] {dagbag.py:588} INFO - Filling up the DagBag from /opt/anaconda3/envs/titanic/lib/python3.11/site-packages/airflow/example_dags/example_short_circuit_decorator.py
[2025-03-24T17:24:24.248-1000] {processor.py:925} INFO - DAG(s) 'example_short_circuit_decorator' retrieved from /opt/anaconda3/envs/titanic/lib/python3.11/site-packages/airflow/example_dags/example_short_circuit_decorator.py
[2025-03-24T17:24:24.272-1000] {logging_mixin.py:190} INFO - [2025-03-24T17:24:24.272-1000] {dag.py:3239} INFO - Sync 1 DAGs
[2025-03-24T17:24:24.275-1000] {logging_mixin.py:190} INFO - [2025-03-24T17:24:24.275-1000] {dag.py:4180} INFO - Setting next_dagrun for example_short_circuit_decorator to None, run_after=None
[2025-03-24T17:24:24.280-1000] {processor.py:208} INFO - Processing /opt/anaconda3/envs/titanic/lib/python3.11/site-packages/airflow/example_dags/example_short_circuit_decorator.py took 0.044 seconds
[2025-03-24T17:26:23.045-1000] {processor.py:186} INFO - Started process (PID=41801) to work on /opt/anaconda3/envs/titanic/lib/python3.11/site-packages/airflow/example_dags/example_short_circuit_decorator.py
[2025-03-24T17:26:23.045-1000] {processor.py:914} INFO - Processing file /opt/anaconda3/envs/titanic/lib/python3.11/site-packages/airflow/example_dags/example_short_circuit_decorator.py for tasks to queue
[2025-03-24T17:26:23.046-1000] {logging_mixin.py:190} INFO - [2025-03-24T17:26:23.046-1000] {dagbag.py:588} INFO - Filling up the DagBag from /opt/anaconda3/envs/titanic/lib/python3.11/site-packages/airflow/example_dags/example_short_circuit_decorator.py
[2025-03-24T17:26:23.056-1000] {processor.py:925} INFO - DAG(s) 'example_short_circuit_decorator' retrieved from /opt/anaconda3/envs/titanic/lib/python3.11/site-packages/airflow/example_dags/example_short_circuit_decorator.py
[2025-03-24T17:26:23.082-1000] {logging_mixin.py:190} INFO - [2025-03-24T17:26:23.082-1000] {dag.py:3239} INFO - Sync 1 DAGs
[2025-03-24T17:26:23.085-1000] {logging_mixin.py:190} INFO - [2025-03-24T17:26:23.084-1000] {dag.py:4180} INFO - Setting next_dagrun for example_short_circuit_decorator to None, run_after=None
[2025-03-24T17:26:23.090-1000] {processor.py:208} INFO - Processing /opt/anaconda3/envs/titanic/lib/python3.11/site-packages/airflow/example_dags/example_short_circuit_decorator.py took 0.046 seconds
[2025-03-24T17:28:18.173-1000] {processor.py:186} INFO - Started process (PID=42281) to work on /opt/anaconda3/envs/titanic/lib/python3.11/site-packages/airflow/example_dags/example_short_circuit_decorator.py
[2025-03-24T17:28:18.173-1000] {processor.py:914} INFO - Processing file /opt/anaconda3/envs/titanic/lib/python3.11/site-packages/airflow/example_dags/example_short_circuit_decorator.py for tasks to queue
[2025-03-24T17:28:18.173-1000] {logging_mixin.py:190} INFO - [2025-03-24T17:28:18.173-1000] {dagbag.py:588} INFO - Filling up the DagBag from /opt/anaconda3/envs/titanic/lib/python3.11/site-packages/airflow/example_dags/example_short_circuit_decorator.py
[2025-03-24T17:28:18.183-1000] {processor.py:925} INFO - DAG(s) 'example_short_circuit_decorator' retrieved from /opt/anaconda3/envs/titanic/lib/python3.11/site-packages/airflow/example_dags/example_short_circuit_decorator.py
[2025-03-24T17:28:18.207-1000] {logging_mixin.py:190} INFO - [2025-03-24T17:28:18.207-1000] {dag.py:3239} INFO - Sync 1 DAGs
[2025-03-24T17:28:18.210-1000] {logging_mixin.py:190} INFO - [2025-03-24T17:28:18.210-1000] {dag.py:4180} INFO - Setting next_dagrun for example_short_circuit_decorator to None, run_after=None
[2025-03-24T17:28:18.215-1000] {processor.py:208} INFO - Processing /opt/anaconda3/envs/titanic/lib/python3.11/site-packages/airflow/example_dags/example_short_circuit_decorator.py took 0.043 seconds
[2025-03-24T17:30:11.984-1000] {processor.py:186} INFO - Started process (PID=42746) to work on /opt/anaconda3/envs/titanic/lib/python3.11/site-packages/airflow/example_dags/example_short_circuit_decorator.py
[2025-03-24T17:30:11.984-1000] {processor.py:914} INFO - Processing file /opt/anaconda3/envs/titanic/lib/python3.11/site-packages/airflow/example_dags/example_short_circuit_decorator.py for tasks to queue
[2025-03-24T17:30:11.984-1000] {logging_mixin.py:190} INFO - [2025-03-24T17:30:11.984-1000] {dagbag.py:588} INFO - Filling up the DagBag from /opt/anaconda3/envs/titanic/lib/python3.11/site-packages/airflow/example_dags/example_short_circuit_decorator.py
[2025-03-24T17:30:11.994-1000] {processor.py:925} INFO - DAG(s) 'example_short_circuit_decorator' retrieved from /opt/anaconda3/envs/titanic/lib/python3.11/site-packages/airflow/example_dags/example_short_circuit_decorator.py
[2025-03-24T17:30:12.019-1000] {logging_mixin.py:190} INFO - [2025-03-24T17:30:12.019-1000] {dag.py:3239} INFO - Sync 1 DAGs
[2025-03-24T17:30:12.022-1000] {logging_mixin.py:190} INFO - [2025-03-24T17:30:12.021-1000] {dag.py:4180} INFO - Setting next_dagrun for example_short_circuit_decorator to None, run_after=None
[2025-03-24T17:30:12.026-1000] {processor.py:208} INFO - Processing /opt/anaconda3/envs/titanic/lib/python3.11/site-packages/airflow/example_dags/example_short_circuit_decorator.py took 0.044 seconds
[2025-03-24T17:32:14.503-1000] {processor.py:186} INFO - Started process (PID=43283) to work on /opt/anaconda3/envs/titanic/lib/python3.11/site-packages/airflow/example_dags/example_short_circuit_decorator.py
[2025-03-24T17:32:14.504-1000] {processor.py:914} INFO - Processing file /opt/anaconda3/envs/titanic/lib/python3.11/site-packages/airflow/example_dags/example_short_circuit_decorator.py for tasks to queue
[2025-03-24T17:32:14.504-1000] {logging_mixin.py:190} INFO - [2025-03-24T17:32:14.504-1000] {dagbag.py:588} INFO - Filling up the DagBag from /opt/anaconda3/envs/titanic/lib/python3.11/site-packages/airflow/example_dags/example_short_circuit_decorator.py
[2025-03-24T17:32:14.514-1000] {processor.py:925} INFO - DAG(s) 'example_short_circuit_decorator' retrieved from /opt/anaconda3/envs/titanic/lib/python3.11/site-packages/airflow/example_dags/example_short_circuit_decorator.py
[2025-03-24T17:32:14.538-1000] {logging_mixin.py:190} INFO - [2025-03-24T17:32:14.538-1000] {dag.py:3239} INFO - Sync 1 DAGs
[2025-03-24T17:32:14.541-1000] {logging_mixin.py:190} INFO - [2025-03-24T17:32:14.541-1000] {dag.py:4180} INFO - Setting next_dagrun for example_short_circuit_decorator to None, run_after=None
[2025-03-24T17:32:14.545-1000] {processor.py:208} INFO - Processing /opt/anaconda3/envs/titanic/lib/python3.11/site-packages/airflow/example_dags/example_short_circuit_decorator.py took 0.043 seconds
