[2025-03-24T15:51:55.278-1000] {processor.py:186} INFO - Started process (PID=19473) to work on /opt/anaconda3/envs/titanic/lib/python3.11/site-packages/airflow/example_dags/example_branch_python_dop_operator_3.py
[2025-03-24T15:51:55.279-1000] {processor.py:914} INFO - Processing file /opt/anaconda3/envs/titanic/lib/python3.11/site-packages/airflow/example_dags/example_branch_python_dop_operator_3.py for tasks to queue
[2025-03-24T15:51:55.279-1000] {logging_mixin.py:190} INFO - [2025-03-24T15:51:55.279-1000] {dagbag.py:588} INFO - Filling up the DagBag from /opt/anaconda3/envs/titanic/lib/python3.11/site-packages/airflow/example_dags/example_branch_python_dop_operator_3.py
[2025-03-24T15:51:55.291-1000] {processor.py:925} INFO - DAG(s) 'example_branch_dop_operator_v3' retrieved from /opt/anaconda3/envs/titanic/lib/python3.11/site-packages/airflow/example_dags/example_branch_python_dop_operator_3.py
[2025-03-24T15:51:55.342-1000] {logging_mixin.py:190} INFO - [2025-03-24T15:51:55.342-1000] {override.py:1930} INFO - Created Permission View: can delete on DAG:example_branch_dop_operator_v3
[2025-03-24T15:51:55.345-1000] {logging_mixin.py:190} INFO - [2025-03-24T15:51:55.344-1000] {override.py:1930} INFO - Created Permission View: can edit on DAG:example_branch_dop_operator_v3
[2025-03-24T15:51:55.346-1000] {logging_mixin.py:190} INFO - [2025-03-24T15:51:55.346-1000] {override.py:1930} INFO - Created Permission View: can read on DAG:example_branch_dop_operator_v3
[2025-03-24T15:51:55.349-1000] {logging_mixin.py:190} INFO - [2025-03-24T15:51:55.349-1000] {override.py:1930} INFO - Created Permission View: can delete on DAG Run:example_branch_dop_operator_v3
[2025-03-24T15:51:55.350-1000] {logging_mixin.py:190} INFO - [2025-03-24T15:51:55.350-1000] {override.py:1930} INFO - Created Permission View: menu access on DAG Run:example_branch_dop_operator_v3
[2025-03-24T15:51:55.352-1000] {logging_mixin.py:190} INFO - [2025-03-24T15:51:55.352-1000] {override.py:1930} INFO - Created Permission View: can read on DAG Run:example_branch_dop_operator_v3
[2025-03-24T15:51:55.353-1000] {logging_mixin.py:190} INFO - [2025-03-24T15:51:55.353-1000] {override.py:1930} INFO - Created Permission View: can create on DAG Run:example_branch_dop_operator_v3
[2025-03-24T15:51:55.353-1000] {logging_mixin.py:190} INFO - [2025-03-24T15:51:55.353-1000] {dag.py:3239} INFO - Sync 1 DAGs
[2025-03-24T15:51:55.357-1000] {logging_mixin.py:190} INFO - [2025-03-24T15:51:55.357-1000] {dag.py:3262} INFO - Creating ORM DAG for example_branch_dop_operator_v3
[2025-03-24T15:51:55.360-1000] {logging_mixin.py:190} INFO - [2025-03-24T15:51:55.360-1000] {dag.py:4180} INFO - Setting next_dagrun for example_branch_dop_operator_v3 to 2025-03-25 01:50:00+00:00, run_after=2025-03-25 01:51:00+00:00
[2025-03-24T15:51:55.366-1000] {processor.py:208} INFO - Processing /opt/anaconda3/envs/titanic/lib/python3.11/site-packages/airflow/example_dags/example_branch_python_dop_operator_3.py took 0.113 seconds
[2025-03-24T15:53:58.553-1000] {processor.py:186} INFO - Started process (PID=20231) to work on /opt/anaconda3/envs/titanic/lib/python3.11/site-packages/airflow/example_dags/example_branch_python_dop_operator_3.py
[2025-03-24T15:53:58.554-1000] {processor.py:914} INFO - Processing file /opt/anaconda3/envs/titanic/lib/python3.11/site-packages/airflow/example_dags/example_branch_python_dop_operator_3.py for tasks to queue
[2025-03-24T15:53:58.554-1000] {logging_mixin.py:190} INFO - [2025-03-24T15:53:58.554-1000] {dagbag.py:588} INFO - Filling up the DagBag from /opt/anaconda3/envs/titanic/lib/python3.11/site-packages/airflow/example_dags/example_branch_python_dop_operator_3.py
[2025-03-24T15:53:58.564-1000] {processor.py:925} INFO - DAG(s) 'example_branch_dop_operator_v3' retrieved from /opt/anaconda3/envs/titanic/lib/python3.11/site-packages/airflow/example_dags/example_branch_python_dop_operator_3.py
[2025-03-24T15:53:58.588-1000] {logging_mixin.py:190} INFO - [2025-03-24T15:53:58.588-1000] {dag.py:3239} INFO - Sync 1 DAGs
[2025-03-24T15:53:58.594-1000] {logging_mixin.py:190} INFO - [2025-03-24T15:53:58.594-1000] {dag.py:4180} INFO - Setting next_dagrun for example_branch_dop_operator_v3 to 2025-03-25 01:52:00+00:00, run_after=2025-03-25 01:53:00+00:00
[2025-03-24T15:53:58.599-1000] {processor.py:208} INFO - Processing /opt/anaconda3/envs/titanic/lib/python3.11/site-packages/airflow/example_dags/example_branch_python_dop_operator_3.py took 0.065 seconds
[2025-03-24T15:55:47.628-1000] {processor.py:186} INFO - Started process (PID=20649) to work on /opt/anaconda3/envs/titanic/lib/python3.11/site-packages/airflow/example_dags/example_branch_python_dop_operator_3.py
[2025-03-24T15:55:47.628-1000] {processor.py:914} INFO - Processing file /opt/anaconda3/envs/titanic/lib/python3.11/site-packages/airflow/example_dags/example_branch_python_dop_operator_3.py for tasks to queue
[2025-03-24T15:55:47.629-1000] {logging_mixin.py:190} INFO - [2025-03-24T15:55:47.629-1000] {dagbag.py:588} INFO - Filling up the DagBag from /opt/anaconda3/envs/titanic/lib/python3.11/site-packages/airflow/example_dags/example_branch_python_dop_operator_3.py
[2025-03-24T15:55:47.639-1000] {processor.py:925} INFO - DAG(s) 'example_branch_dop_operator_v3' retrieved from /opt/anaconda3/envs/titanic/lib/python3.11/site-packages/airflow/example_dags/example_branch_python_dop_operator_3.py
[2025-03-24T15:55:47.663-1000] {logging_mixin.py:190} INFO - [2025-03-24T15:55:47.663-1000] {dag.py:3239} INFO - Sync 1 DAGs
[2025-03-24T15:55:47.668-1000] {logging_mixin.py:190} INFO - [2025-03-24T15:55:47.668-1000] {dag.py:4180} INFO - Setting next_dagrun for example_branch_dop_operator_v3 to 2025-03-25 01:54:00+00:00, run_after=2025-03-25 01:55:00+00:00
[2025-03-24T15:55:47.673-1000] {processor.py:208} INFO - Processing /opt/anaconda3/envs/titanic/lib/python3.11/site-packages/airflow/example_dags/example_branch_python_dop_operator_3.py took 0.065 seconds
[2025-03-24T15:57:36.687-1000] {processor.py:186} INFO - Started process (PID=21067) to work on /opt/anaconda3/envs/titanic/lib/python3.11/site-packages/airflow/example_dags/example_branch_python_dop_operator_3.py
[2025-03-24T15:57:36.688-1000] {processor.py:914} INFO - Processing file /opt/anaconda3/envs/titanic/lib/python3.11/site-packages/airflow/example_dags/example_branch_python_dop_operator_3.py for tasks to queue
[2025-03-24T15:57:36.688-1000] {logging_mixin.py:190} INFO - [2025-03-24T15:57:36.688-1000] {dagbag.py:588} INFO - Filling up the DagBag from /opt/anaconda3/envs/titanic/lib/python3.11/site-packages/airflow/example_dags/example_branch_python_dop_operator_3.py
[2025-03-24T15:57:36.698-1000] {processor.py:925} INFO - DAG(s) 'example_branch_dop_operator_v3' retrieved from /opt/anaconda3/envs/titanic/lib/python3.11/site-packages/airflow/example_dags/example_branch_python_dop_operator_3.py
[2025-03-24T15:57:36.722-1000] {logging_mixin.py:190} INFO - [2025-03-24T15:57:36.722-1000] {dag.py:3239} INFO - Sync 1 DAGs
[2025-03-24T15:57:36.728-1000] {logging_mixin.py:190} INFO - [2025-03-24T15:57:36.728-1000] {dag.py:4180} INFO - Setting next_dagrun for example_branch_dop_operator_v3 to 2025-03-25 01:56:00+00:00, run_after=2025-03-25 01:57:00+00:00
[2025-03-24T15:57:36.732-1000] {processor.py:208} INFO - Processing /opt/anaconda3/envs/titanic/lib/python3.11/site-packages/airflow/example_dags/example_branch_python_dop_operator_3.py took 0.065 seconds
[2025-03-24T15:59:23.214-1000] {processor.py:186} INFO - Started process (PID=21488) to work on /opt/anaconda3/envs/titanic/lib/python3.11/site-packages/airflow/example_dags/example_branch_python_dop_operator_3.py
[2025-03-24T15:59:23.215-1000] {processor.py:914} INFO - Processing file /opt/anaconda3/envs/titanic/lib/python3.11/site-packages/airflow/example_dags/example_branch_python_dop_operator_3.py for tasks to queue
[2025-03-24T15:59:23.216-1000] {logging_mixin.py:190} INFO - [2025-03-24T15:59:23.216-1000] {dagbag.py:588} INFO - Filling up the DagBag from /opt/anaconda3/envs/titanic/lib/python3.11/site-packages/airflow/example_dags/example_branch_python_dop_operator_3.py
[2025-03-24T15:59:23.226-1000] {processor.py:925} INFO - DAG(s) 'example_branch_dop_operator_v3' retrieved from /opt/anaconda3/envs/titanic/lib/python3.11/site-packages/airflow/example_dags/example_branch_python_dop_operator_3.py
[2025-03-24T15:59:23.250-1000] {logging_mixin.py:190} INFO - [2025-03-24T15:59:23.250-1000] {dag.py:3239} INFO - Sync 1 DAGs
[2025-03-24T15:59:23.256-1000] {logging_mixin.py:190} INFO - [2025-03-24T15:59:23.256-1000] {dag.py:4180} INFO - Setting next_dagrun for example_branch_dop_operator_v3 to 2025-03-25 01:58:00+00:00, run_after=2025-03-25 01:59:00+00:00
[2025-03-24T15:59:23.260-1000] {processor.py:208} INFO - Processing /opt/anaconda3/envs/titanic/lib/python3.11/site-packages/airflow/example_dags/example_branch_python_dop_operator_3.py took 0.065 seconds
[2025-03-24T16:01:36.575-1000] {processor.py:186} INFO - Started process (PID=21988) to work on /opt/anaconda3/envs/titanic/lib/python3.11/site-packages/airflow/example_dags/example_branch_python_dop_operator_3.py
[2025-03-24T16:01:36.576-1000] {processor.py:914} INFO - Processing file /opt/anaconda3/envs/titanic/lib/python3.11/site-packages/airflow/example_dags/example_branch_python_dop_operator_3.py for tasks to queue
[2025-03-24T16:01:36.576-1000] {logging_mixin.py:190} INFO - [2025-03-24T16:01:36.576-1000] {dagbag.py:588} INFO - Filling up the DagBag from /opt/anaconda3/envs/titanic/lib/python3.11/site-packages/airflow/example_dags/example_branch_python_dop_operator_3.py
[2025-03-24T16:01:36.586-1000] {processor.py:925} INFO - DAG(s) 'example_branch_dop_operator_v3' retrieved from /opt/anaconda3/envs/titanic/lib/python3.11/site-packages/airflow/example_dags/example_branch_python_dop_operator_3.py
[2025-03-24T16:01:36.610-1000] {logging_mixin.py:190} INFO - [2025-03-24T16:01:36.610-1000] {dag.py:3239} INFO - Sync 1 DAGs
[2025-03-24T16:01:36.616-1000] {logging_mixin.py:190} INFO - [2025-03-24T16:01:36.616-1000] {dag.py:4180} INFO - Setting next_dagrun for example_branch_dop_operator_v3 to 2025-03-25 02:00:00+00:00, run_after=2025-03-25 02:01:00+00:00
[2025-03-24T16:01:36.621-1000] {processor.py:208} INFO - Processing /opt/anaconda3/envs/titanic/lib/python3.11/site-packages/airflow/example_dags/example_branch_python_dop_operator_3.py took 0.066 seconds
[2025-03-24T16:03:25.227-1000] {processor.py:186} INFO - Started process (PID=22402) to work on /opt/anaconda3/envs/titanic/lib/python3.11/site-packages/airflow/example_dags/example_branch_python_dop_operator_3.py
[2025-03-24T16:03:25.227-1000] {processor.py:914} INFO - Processing file /opt/anaconda3/envs/titanic/lib/python3.11/site-packages/airflow/example_dags/example_branch_python_dop_operator_3.py for tasks to queue
[2025-03-24T16:03:25.227-1000] {logging_mixin.py:190} INFO - [2025-03-24T16:03:25.227-1000] {dagbag.py:588} INFO - Filling up the DagBag from /opt/anaconda3/envs/titanic/lib/python3.11/site-packages/airflow/example_dags/example_branch_python_dop_operator_3.py
[2025-03-24T16:03:25.237-1000] {processor.py:925} INFO - DAG(s) 'example_branch_dop_operator_v3' retrieved from /opt/anaconda3/envs/titanic/lib/python3.11/site-packages/airflow/example_dags/example_branch_python_dop_operator_3.py
[2025-03-24T16:03:25.260-1000] {logging_mixin.py:190} INFO - [2025-03-24T16:03:25.260-1000] {dag.py:3239} INFO - Sync 1 DAGs
[2025-03-24T16:03:25.266-1000] {logging_mixin.py:190} INFO - [2025-03-24T16:03:25.266-1000] {dag.py:4180} INFO - Setting next_dagrun for example_branch_dop_operator_v3 to 2025-03-25 02:02:00+00:00, run_after=2025-03-25 02:03:00+00:00
[2025-03-24T16:03:25.271-1000] {processor.py:208} INFO - Processing /opt/anaconda3/envs/titanic/lib/python3.11/site-packages/airflow/example_dags/example_branch_python_dop_operator_3.py took 0.063 seconds
[2025-03-24T16:05:12.451-1000] {processor.py:186} INFO - Started process (PID=22812) to work on /opt/anaconda3/envs/titanic/lib/python3.11/site-packages/airflow/example_dags/example_branch_python_dop_operator_3.py
[2025-03-24T16:05:12.452-1000] {processor.py:914} INFO - Processing file /opt/anaconda3/envs/titanic/lib/python3.11/site-packages/airflow/example_dags/example_branch_python_dop_operator_3.py for tasks to queue
[2025-03-24T16:05:12.452-1000] {logging_mixin.py:190} INFO - [2025-03-24T16:05:12.452-1000] {dagbag.py:588} INFO - Filling up the DagBag from /opt/anaconda3/envs/titanic/lib/python3.11/site-packages/airflow/example_dags/example_branch_python_dop_operator_3.py
[2025-03-24T16:05:12.462-1000] {processor.py:925} INFO - DAG(s) 'example_branch_dop_operator_v3' retrieved from /opt/anaconda3/envs/titanic/lib/python3.11/site-packages/airflow/example_dags/example_branch_python_dop_operator_3.py
[2025-03-24T16:05:12.485-1000] {logging_mixin.py:190} INFO - [2025-03-24T16:05:12.485-1000] {dag.py:3239} INFO - Sync 1 DAGs
[2025-03-24T16:05:12.491-1000] {logging_mixin.py:190} INFO - [2025-03-24T16:05:12.491-1000] {dag.py:4180} INFO - Setting next_dagrun for example_branch_dop_operator_v3 to 2025-03-25 02:04:00+00:00, run_after=2025-03-25 02:05:00+00:00
[2025-03-24T16:05:12.496-1000] {processor.py:208} INFO - Processing /opt/anaconda3/envs/titanic/lib/python3.11/site-packages/airflow/example_dags/example_branch_python_dop_operator_3.py took 0.065 seconds
[2025-03-24T16:06:59.403-1000] {processor.py:186} INFO - Started process (PID=23253) to work on /opt/anaconda3/envs/titanic/lib/python3.11/site-packages/airflow/example_dags/example_branch_python_dop_operator_3.py
[2025-03-24T16:06:59.403-1000] {processor.py:914} INFO - Processing file /opt/anaconda3/envs/titanic/lib/python3.11/site-packages/airflow/example_dags/example_branch_python_dop_operator_3.py for tasks to queue
[2025-03-24T16:06:59.404-1000] {logging_mixin.py:190} INFO - [2025-03-24T16:06:59.404-1000] {dagbag.py:588} INFO - Filling up the DagBag from /opt/anaconda3/envs/titanic/lib/python3.11/site-packages/airflow/example_dags/example_branch_python_dop_operator_3.py
[2025-03-24T16:06:59.413-1000] {processor.py:925} INFO - DAG(s) 'example_branch_dop_operator_v3' retrieved from /opt/anaconda3/envs/titanic/lib/python3.11/site-packages/airflow/example_dags/example_branch_python_dop_operator_3.py
[2025-03-24T16:06:59.437-1000] {logging_mixin.py:190} INFO - [2025-03-24T16:06:59.437-1000] {dag.py:3239} INFO - Sync 1 DAGs
[2025-03-24T16:06:59.442-1000] {logging_mixin.py:190} INFO - [2025-03-24T16:06:59.442-1000] {dag.py:4180} INFO - Setting next_dagrun for example_branch_dop_operator_v3 to 2025-03-25 02:05:00+00:00, run_after=2025-03-25 02:06:00+00:00
[2025-03-24T16:06:59.447-1000] {processor.py:208} INFO - Processing /opt/anaconda3/envs/titanic/lib/python3.11/site-packages/airflow/example_dags/example_branch_python_dop_operator_3.py took 0.064 seconds
[2025-03-24T16:08:52.148-1000] {processor.py:186} INFO - Started process (PID=23676) to work on /opt/anaconda3/envs/titanic/lib/python3.11/site-packages/airflow/example_dags/example_branch_python_dop_operator_3.py
[2025-03-24T16:08:52.148-1000] {processor.py:914} INFO - Processing file /opt/anaconda3/envs/titanic/lib/python3.11/site-packages/airflow/example_dags/example_branch_python_dop_operator_3.py for tasks to queue
[2025-03-24T16:08:52.149-1000] {logging_mixin.py:190} INFO - [2025-03-24T16:08:52.149-1000] {dagbag.py:588} INFO - Filling up the DagBag from /opt/anaconda3/envs/titanic/lib/python3.11/site-packages/airflow/example_dags/example_branch_python_dop_operator_3.py
[2025-03-24T16:08:52.158-1000] {processor.py:925} INFO - DAG(s) 'example_branch_dop_operator_v3' retrieved from /opt/anaconda3/envs/titanic/lib/python3.11/site-packages/airflow/example_dags/example_branch_python_dop_operator_3.py
[2025-03-24T16:08:52.182-1000] {logging_mixin.py:190} INFO - [2025-03-24T16:08:52.181-1000] {dag.py:3239} INFO - Sync 1 DAGs
[2025-03-24T16:08:52.187-1000] {logging_mixin.py:190} INFO - [2025-03-24T16:08:52.187-1000] {dag.py:4180} INFO - Setting next_dagrun for example_branch_dop_operator_v3 to 2025-03-25 02:07:00+00:00, run_after=2025-03-25 02:08:00+00:00
[2025-03-24T16:08:52.192-1000] {processor.py:208} INFO - Processing /opt/anaconda3/envs/titanic/lib/python3.11/site-packages/airflow/example_dags/example_branch_python_dop_operator_3.py took 0.063 seconds
[2025-03-24T16:10:53.608-1000] {processor.py:186} INFO - Started process (PID=24163) to work on /opt/anaconda3/envs/titanic/lib/python3.11/site-packages/airflow/example_dags/example_branch_python_dop_operator_3.py
[2025-03-24T16:10:53.610-1000] {processor.py:914} INFO - Processing file /opt/anaconda3/envs/titanic/lib/python3.11/site-packages/airflow/example_dags/example_branch_python_dop_operator_3.py for tasks to queue
[2025-03-24T16:10:53.610-1000] {logging_mixin.py:190} INFO - [2025-03-24T16:10:53.610-1000] {dagbag.py:588} INFO - Filling up the DagBag from /opt/anaconda3/envs/titanic/lib/python3.11/site-packages/airflow/example_dags/example_branch_python_dop_operator_3.py
[2025-03-24T16:10:53.620-1000] {processor.py:925} INFO - DAG(s) 'example_branch_dop_operator_v3' retrieved from /opt/anaconda3/envs/titanic/lib/python3.11/site-packages/airflow/example_dags/example_branch_python_dop_operator_3.py
[2025-03-24T16:10:53.643-1000] {logging_mixin.py:190} INFO - [2025-03-24T16:10:53.643-1000] {dag.py:3239} INFO - Sync 1 DAGs
[2025-03-24T16:10:53.649-1000] {logging_mixin.py:190} INFO - [2025-03-24T16:10:53.649-1000] {dag.py:4180} INFO - Setting next_dagrun for example_branch_dop_operator_v3 to 2025-03-25 02:09:00+00:00, run_after=2025-03-25 02:10:00+00:00
[2025-03-24T16:10:53.654-1000] {processor.py:208} INFO - Processing /opt/anaconda3/envs/titanic/lib/python3.11/site-packages/airflow/example_dags/example_branch_python_dop_operator_3.py took 0.067 seconds
[2025-03-24T16:12:50.251-1000] {processor.py:186} INFO - Started process (PID=24650) to work on /opt/anaconda3/envs/titanic/lib/python3.11/site-packages/airflow/example_dags/example_branch_python_dop_operator_3.py
[2025-03-24T16:12:50.251-1000] {processor.py:914} INFO - Processing file /opt/anaconda3/envs/titanic/lib/python3.11/site-packages/airflow/example_dags/example_branch_python_dop_operator_3.py for tasks to queue
[2025-03-24T16:12:50.251-1000] {logging_mixin.py:190} INFO - [2025-03-24T16:12:50.251-1000] {dagbag.py:588} INFO - Filling up the DagBag from /opt/anaconda3/envs/titanic/lib/python3.11/site-packages/airflow/example_dags/example_branch_python_dop_operator_3.py
[2025-03-24T16:12:50.261-1000] {processor.py:925} INFO - DAG(s) 'example_branch_dop_operator_v3' retrieved from /opt/anaconda3/envs/titanic/lib/python3.11/site-packages/airflow/example_dags/example_branch_python_dop_operator_3.py
[2025-03-24T16:12:50.285-1000] {logging_mixin.py:190} INFO - [2025-03-24T16:12:50.285-1000] {dag.py:3239} INFO - Sync 1 DAGs
[2025-03-24T16:12:50.292-1000] {logging_mixin.py:190} INFO - [2025-03-24T16:12:50.292-1000] {dag.py:4180} INFO - Setting next_dagrun for example_branch_dop_operator_v3 to 2025-03-25 02:11:00+00:00, run_after=2025-03-25 02:12:00+00:00
[2025-03-24T16:12:50.297-1000] {processor.py:208} INFO - Processing /opt/anaconda3/envs/titanic/lib/python3.11/site-packages/airflow/example_dags/example_branch_python_dop_operator_3.py took 0.068 seconds
[2025-03-24T16:14:47.116-1000] {processor.py:186} INFO - Started process (PID=25114) to work on /opt/anaconda3/envs/titanic/lib/python3.11/site-packages/airflow/example_dags/example_branch_python_dop_operator_3.py
[2025-03-24T16:14:47.118-1000] {processor.py:914} INFO - Processing file /opt/anaconda3/envs/titanic/lib/python3.11/site-packages/airflow/example_dags/example_branch_python_dop_operator_3.py for tasks to queue
[2025-03-24T16:14:47.118-1000] {logging_mixin.py:190} INFO - [2025-03-24T16:14:47.118-1000] {dagbag.py:588} INFO - Filling up the DagBag from /opt/anaconda3/envs/titanic/lib/python3.11/site-packages/airflow/example_dags/example_branch_python_dop_operator_3.py
[2025-03-24T16:14:47.128-1000] {processor.py:925} INFO - DAG(s) 'example_branch_dop_operator_v3' retrieved from /opt/anaconda3/envs/titanic/lib/python3.11/site-packages/airflow/example_dags/example_branch_python_dop_operator_3.py
[2025-03-24T16:14:47.151-1000] {logging_mixin.py:190} INFO - [2025-03-24T16:14:47.151-1000] {dag.py:3239} INFO - Sync 1 DAGs
[2025-03-24T16:14:47.157-1000] {logging_mixin.py:190} INFO - [2025-03-24T16:14:47.157-1000] {dag.py:4180} INFO - Setting next_dagrun for example_branch_dop_operator_v3 to 2025-03-25 02:13:00+00:00, run_after=2025-03-25 02:14:00+00:00
[2025-03-24T16:14:47.161-1000] {processor.py:208} INFO - Processing /opt/anaconda3/envs/titanic/lib/python3.11/site-packages/airflow/example_dags/example_branch_python_dop_operator_3.py took 0.065 seconds
[2025-03-24T16:16:40.470-1000] {processor.py:186} INFO - Started process (PID=25569) to work on /opt/anaconda3/envs/titanic/lib/python3.11/site-packages/airflow/example_dags/example_branch_python_dop_operator_3.py
[2025-03-24T16:16:40.470-1000] {processor.py:914} INFO - Processing file /opt/anaconda3/envs/titanic/lib/python3.11/site-packages/airflow/example_dags/example_branch_python_dop_operator_3.py for tasks to queue
[2025-03-24T16:16:40.470-1000] {logging_mixin.py:190} INFO - [2025-03-24T16:16:40.470-1000] {dagbag.py:588} INFO - Filling up the DagBag from /opt/anaconda3/envs/titanic/lib/python3.11/site-packages/airflow/example_dags/example_branch_python_dop_operator_3.py
[2025-03-24T16:16:40.480-1000] {processor.py:925} INFO - DAG(s) 'example_branch_dop_operator_v3' retrieved from /opt/anaconda3/envs/titanic/lib/python3.11/site-packages/airflow/example_dags/example_branch_python_dop_operator_3.py
[2025-03-24T16:16:40.503-1000] {logging_mixin.py:190} INFO - [2025-03-24T16:16:40.503-1000] {dag.py:3239} INFO - Sync 1 DAGs
[2025-03-24T16:16:40.509-1000] {logging_mixin.py:190} INFO - [2025-03-24T16:16:40.509-1000] {dag.py:4180} INFO - Setting next_dagrun for example_branch_dop_operator_v3 to 2025-03-25 02:15:00+00:00, run_after=2025-03-25 02:16:00+00:00
[2025-03-24T16:16:40.514-1000] {processor.py:208} INFO - Processing /opt/anaconda3/envs/titanic/lib/python3.11/site-packages/airflow/example_dags/example_branch_python_dop_operator_3.py took 0.063 seconds
[2025-03-24T16:18:30.319-1000] {processor.py:186} INFO - Started process (PID=25998) to work on /opt/anaconda3/envs/titanic/lib/python3.11/site-packages/airflow/example_dags/example_branch_python_dop_operator_3.py
[2025-03-24T16:18:30.320-1000] {processor.py:914} INFO - Processing file /opt/anaconda3/envs/titanic/lib/python3.11/site-packages/airflow/example_dags/example_branch_python_dop_operator_3.py for tasks to queue
[2025-03-24T16:18:30.320-1000] {logging_mixin.py:190} INFO - [2025-03-24T16:18:30.320-1000] {dagbag.py:588} INFO - Filling up the DagBag from /opt/anaconda3/envs/titanic/lib/python3.11/site-packages/airflow/example_dags/example_branch_python_dop_operator_3.py
[2025-03-24T16:18:30.330-1000] {processor.py:925} INFO - DAG(s) 'example_branch_dop_operator_v3' retrieved from /opt/anaconda3/envs/titanic/lib/python3.11/site-packages/airflow/example_dags/example_branch_python_dop_operator_3.py
[2025-03-24T16:18:30.353-1000] {logging_mixin.py:190} INFO - [2025-03-24T16:18:30.353-1000] {dag.py:3239} INFO - Sync 1 DAGs
[2025-03-24T16:18:30.359-1000] {logging_mixin.py:190} INFO - [2025-03-24T16:18:30.358-1000] {dag.py:4180} INFO - Setting next_dagrun for example_branch_dop_operator_v3 to 2025-03-25 02:17:00+00:00, run_after=2025-03-25 02:18:00+00:00
[2025-03-24T16:18:30.363-1000] {processor.py:208} INFO - Processing /opt/anaconda3/envs/titanic/lib/python3.11/site-packages/airflow/example_dags/example_branch_python_dop_operator_3.py took 0.064 seconds
[2025-03-24T16:20:22.331-1000] {processor.py:186} INFO - Started process (PID=26437) to work on /opt/anaconda3/envs/titanic/lib/python3.11/site-packages/airflow/example_dags/example_branch_python_dop_operator_3.py
[2025-03-24T16:20:22.332-1000] {processor.py:914} INFO - Processing file /opt/anaconda3/envs/titanic/lib/python3.11/site-packages/airflow/example_dags/example_branch_python_dop_operator_3.py for tasks to queue
[2025-03-24T16:20:22.332-1000] {logging_mixin.py:190} INFO - [2025-03-24T16:20:22.332-1000] {dagbag.py:588} INFO - Filling up the DagBag from /opt/anaconda3/envs/titanic/lib/python3.11/site-packages/airflow/example_dags/example_branch_python_dop_operator_3.py
[2025-03-24T16:20:22.342-1000] {processor.py:925} INFO - DAG(s) 'example_branch_dop_operator_v3' retrieved from /opt/anaconda3/envs/titanic/lib/python3.11/site-packages/airflow/example_dags/example_branch_python_dop_operator_3.py
[2025-03-24T16:20:22.365-1000] {logging_mixin.py:190} INFO - [2025-03-24T16:20:22.365-1000] {dag.py:3239} INFO - Sync 1 DAGs
[2025-03-24T16:20:22.371-1000] {logging_mixin.py:190} INFO - [2025-03-24T16:20:22.371-1000] {dag.py:4180} INFO - Setting next_dagrun for example_branch_dop_operator_v3 to 2025-03-25 02:19:00+00:00, run_after=2025-03-25 02:20:00+00:00
[2025-03-24T16:20:22.375-1000] {processor.py:208} INFO - Processing /opt/anaconda3/envs/titanic/lib/python3.11/site-packages/airflow/example_dags/example_branch_python_dop_operator_3.py took 0.064 seconds
[2025-03-24T16:22:12.046-1000] {processor.py:186} INFO - Started process (PID=26848) to work on /opt/anaconda3/envs/titanic/lib/python3.11/site-packages/airflow/example_dags/example_branch_python_dop_operator_3.py
[2025-03-24T16:22:12.046-1000] {processor.py:914} INFO - Processing file /opt/anaconda3/envs/titanic/lib/python3.11/site-packages/airflow/example_dags/example_branch_python_dop_operator_3.py for tasks to queue
[2025-03-24T16:22:12.046-1000] {logging_mixin.py:190} INFO - [2025-03-24T16:22:12.046-1000] {dagbag.py:588} INFO - Filling up the DagBag from /opt/anaconda3/envs/titanic/lib/python3.11/site-packages/airflow/example_dags/example_branch_python_dop_operator_3.py
[2025-03-24T16:22:12.056-1000] {processor.py:925} INFO - DAG(s) 'example_branch_dop_operator_v3' retrieved from /opt/anaconda3/envs/titanic/lib/python3.11/site-packages/airflow/example_dags/example_branch_python_dop_operator_3.py
[2025-03-24T16:22:12.079-1000] {logging_mixin.py:190} INFO - [2025-03-24T16:22:12.079-1000] {dag.py:3239} INFO - Sync 1 DAGs
[2025-03-24T16:22:12.084-1000] {logging_mixin.py:190} INFO - [2025-03-24T16:22:12.084-1000] {dag.py:4180} INFO - Setting next_dagrun for example_branch_dop_operator_v3 to 2025-03-25 02:21:00+00:00, run_after=2025-03-25 02:22:00+00:00
[2025-03-24T16:22:12.089-1000] {processor.py:208} INFO - Processing /opt/anaconda3/envs/titanic/lib/python3.11/site-packages/airflow/example_dags/example_branch_python_dop_operator_3.py took 0.064 seconds
[2025-03-24T16:24:05.497-1000] {processor.py:186} INFO - Started process (PID=27294) to work on /opt/anaconda3/envs/titanic/lib/python3.11/site-packages/airflow/example_dags/example_branch_python_dop_operator_3.py
[2025-03-24T16:24:05.497-1000] {processor.py:914} INFO - Processing file /opt/anaconda3/envs/titanic/lib/python3.11/site-packages/airflow/example_dags/example_branch_python_dop_operator_3.py for tasks to queue
[2025-03-24T16:24:05.498-1000] {logging_mixin.py:190} INFO - [2025-03-24T16:24:05.498-1000] {dagbag.py:588} INFO - Filling up the DagBag from /opt/anaconda3/envs/titanic/lib/python3.11/site-packages/airflow/example_dags/example_branch_python_dop_operator_3.py
[2025-03-24T16:24:05.508-1000] {processor.py:925} INFO - DAG(s) 'example_branch_dop_operator_v3' retrieved from /opt/anaconda3/envs/titanic/lib/python3.11/site-packages/airflow/example_dags/example_branch_python_dop_operator_3.py
[2025-03-24T16:24:05.533-1000] {logging_mixin.py:190} INFO - [2025-03-24T16:24:05.533-1000] {dag.py:3239} INFO - Sync 1 DAGs
[2025-03-24T16:24:05.539-1000] {logging_mixin.py:190} INFO - [2025-03-24T16:24:05.539-1000] {dag.py:4180} INFO - Setting next_dagrun for example_branch_dop_operator_v3 to 2025-03-25 02:23:00+00:00, run_after=2025-03-25 02:24:00+00:00
[2025-03-24T16:24:05.543-1000] {processor.py:208} INFO - Processing /opt/anaconda3/envs/titanic/lib/python3.11/site-packages/airflow/example_dags/example_branch_python_dop_operator_3.py took 0.068 seconds
[2025-03-24T16:25:58.154-1000] {processor.py:186} INFO - Started process (PID=27724) to work on /opt/anaconda3/envs/titanic/lib/python3.11/site-packages/airflow/example_dags/example_branch_python_dop_operator_3.py
[2025-03-24T16:25:58.154-1000] {processor.py:914} INFO - Processing file /opt/anaconda3/envs/titanic/lib/python3.11/site-packages/airflow/example_dags/example_branch_python_dop_operator_3.py for tasks to queue
[2025-03-24T16:25:58.155-1000] {logging_mixin.py:190} INFO - [2025-03-24T16:25:58.155-1000] {dagbag.py:588} INFO - Filling up the DagBag from /opt/anaconda3/envs/titanic/lib/python3.11/site-packages/airflow/example_dags/example_branch_python_dop_operator_3.py
[2025-03-24T16:25:58.164-1000] {processor.py:925} INFO - DAG(s) 'example_branch_dop_operator_v3' retrieved from /opt/anaconda3/envs/titanic/lib/python3.11/site-packages/airflow/example_dags/example_branch_python_dop_operator_3.py
[2025-03-24T16:25:58.188-1000] {logging_mixin.py:190} INFO - [2025-03-24T16:25:58.188-1000] {dag.py:3239} INFO - Sync 1 DAGs
[2025-03-24T16:25:58.194-1000] {logging_mixin.py:190} INFO - [2025-03-24T16:25:58.194-1000] {dag.py:4180} INFO - Setting next_dagrun for example_branch_dop_operator_v3 to 2025-03-25 02:24:00+00:00, run_after=2025-03-25 02:25:00+00:00
[2025-03-24T16:25:58.198-1000] {processor.py:208} INFO - Processing /opt/anaconda3/envs/titanic/lib/python3.11/site-packages/airflow/example_dags/example_branch_python_dop_operator_3.py took 0.065 seconds
[2025-03-24T16:27:47.893-1000] {processor.py:186} INFO - Started process (PID=28145) to work on /opt/anaconda3/envs/titanic/lib/python3.11/site-packages/airflow/example_dags/example_branch_python_dop_operator_3.py
[2025-03-24T16:27:47.893-1000] {processor.py:914} INFO - Processing file /opt/anaconda3/envs/titanic/lib/python3.11/site-packages/airflow/example_dags/example_branch_python_dop_operator_3.py for tasks to queue
[2025-03-24T16:27:47.893-1000] {logging_mixin.py:190} INFO - [2025-03-24T16:27:47.893-1000] {dagbag.py:588} INFO - Filling up the DagBag from /opt/anaconda3/envs/titanic/lib/python3.11/site-packages/airflow/example_dags/example_branch_python_dop_operator_3.py
[2025-03-24T16:27:47.903-1000] {processor.py:925} INFO - DAG(s) 'example_branch_dop_operator_v3' retrieved from /opt/anaconda3/envs/titanic/lib/python3.11/site-packages/airflow/example_dags/example_branch_python_dop_operator_3.py
[2025-03-24T16:27:47.926-1000] {logging_mixin.py:190} INFO - [2025-03-24T16:27:47.926-1000] {dag.py:3239} INFO - Sync 1 DAGs
[2025-03-24T16:27:47.932-1000] {logging_mixin.py:190} INFO - [2025-03-24T16:27:47.932-1000] {dag.py:4180} INFO - Setting next_dagrun for example_branch_dop_operator_v3 to 2025-03-25 02:26:00+00:00, run_after=2025-03-25 02:27:00+00:00
[2025-03-24T16:27:47.937-1000] {processor.py:208} INFO - Processing /opt/anaconda3/envs/titanic/lib/python3.11/site-packages/airflow/example_dags/example_branch_python_dop_operator_3.py took 0.063 seconds
[2025-03-24T16:29:34.756-1000] {processor.py:186} INFO - Started process (PID=28546) to work on /opt/anaconda3/envs/titanic/lib/python3.11/site-packages/airflow/example_dags/example_branch_python_dop_operator_3.py
[2025-03-24T16:29:34.757-1000] {processor.py:914} INFO - Processing file /opt/anaconda3/envs/titanic/lib/python3.11/site-packages/airflow/example_dags/example_branch_python_dop_operator_3.py for tasks to queue
[2025-03-24T16:29:34.757-1000] {logging_mixin.py:190} INFO - [2025-03-24T16:29:34.757-1000] {dagbag.py:588} INFO - Filling up the DagBag from /opt/anaconda3/envs/titanic/lib/python3.11/site-packages/airflow/example_dags/example_branch_python_dop_operator_3.py
[2025-03-24T16:29:34.766-1000] {processor.py:925} INFO - DAG(s) 'example_branch_dop_operator_v3' retrieved from /opt/anaconda3/envs/titanic/lib/python3.11/site-packages/airflow/example_dags/example_branch_python_dop_operator_3.py
[2025-03-24T16:29:34.790-1000] {logging_mixin.py:190} INFO - [2025-03-24T16:29:34.790-1000] {dag.py:3239} INFO - Sync 1 DAGs
[2025-03-24T16:29:34.795-1000] {logging_mixin.py:190} INFO - [2025-03-24T16:29:34.795-1000] {dag.py:4180} INFO - Setting next_dagrun for example_branch_dop_operator_v3 to 2025-03-25 02:28:00+00:00, run_after=2025-03-25 02:29:00+00:00
[2025-03-24T16:29:34.800-1000] {processor.py:208} INFO - Processing /opt/anaconda3/envs/titanic/lib/python3.11/site-packages/airflow/example_dags/example_branch_python_dop_operator_3.py took 0.063 seconds
[2025-03-24T16:31:24.962-1000] {processor.py:186} INFO - Started process (PID=28959) to work on /opt/anaconda3/envs/titanic/lib/python3.11/site-packages/airflow/example_dags/example_branch_python_dop_operator_3.py
[2025-03-24T16:31:24.962-1000] {processor.py:914} INFO - Processing file /opt/anaconda3/envs/titanic/lib/python3.11/site-packages/airflow/example_dags/example_branch_python_dop_operator_3.py for tasks to queue
[2025-03-24T16:31:24.962-1000] {logging_mixin.py:190} INFO - [2025-03-24T16:31:24.962-1000] {dagbag.py:588} INFO - Filling up the DagBag from /opt/anaconda3/envs/titanic/lib/python3.11/site-packages/airflow/example_dags/example_branch_python_dop_operator_3.py
[2025-03-24T16:31:24.972-1000] {processor.py:925} INFO - DAG(s) 'example_branch_dop_operator_v3' retrieved from /opt/anaconda3/envs/titanic/lib/python3.11/site-packages/airflow/example_dags/example_branch_python_dop_operator_3.py
[2025-03-24T16:31:24.995-1000] {logging_mixin.py:190} INFO - [2025-03-24T16:31:24.995-1000] {dag.py:3239} INFO - Sync 1 DAGs
[2025-03-24T16:31:25.001-1000] {logging_mixin.py:190} INFO - [2025-03-24T16:31:25.001-1000] {dag.py:4180} INFO - Setting next_dagrun for example_branch_dop_operator_v3 to 2025-03-25 02:30:00+00:00, run_after=2025-03-25 02:31:00+00:00
[2025-03-24T16:31:25.006-1000] {processor.py:208} INFO - Processing /opt/anaconda3/envs/titanic/lib/python3.11/site-packages/airflow/example_dags/example_branch_python_dop_operator_3.py took 0.063 seconds
[2025-03-24T16:33:14.309-1000] {processor.py:186} INFO - Started process (PID=29397) to work on /opt/anaconda3/envs/titanic/lib/python3.11/site-packages/airflow/example_dags/example_branch_python_dop_operator_3.py
[2025-03-24T16:33:14.310-1000] {processor.py:914} INFO - Processing file /opt/anaconda3/envs/titanic/lib/python3.11/site-packages/airflow/example_dags/example_branch_python_dop_operator_3.py for tasks to queue
[2025-03-24T16:33:14.310-1000] {logging_mixin.py:190} INFO - [2025-03-24T16:33:14.310-1000] {dagbag.py:588} INFO - Filling up the DagBag from /opt/anaconda3/envs/titanic/lib/python3.11/site-packages/airflow/example_dags/example_branch_python_dop_operator_3.py
[2025-03-24T16:33:14.319-1000] {processor.py:925} INFO - DAG(s) 'example_branch_dop_operator_v3' retrieved from /opt/anaconda3/envs/titanic/lib/python3.11/site-packages/airflow/example_dags/example_branch_python_dop_operator_3.py
[2025-03-24T16:33:14.343-1000] {logging_mixin.py:190} INFO - [2025-03-24T16:33:14.343-1000] {dag.py:3239} INFO - Sync 1 DAGs
[2025-03-24T16:33:14.348-1000] {logging_mixin.py:190} INFO - [2025-03-24T16:33:14.348-1000] {dag.py:4180} INFO - Setting next_dagrun for example_branch_dop_operator_v3 to 2025-03-25 02:32:00+00:00, run_after=2025-03-25 02:33:00+00:00
[2025-03-24T16:33:14.353-1000] {processor.py:208} INFO - Processing /opt/anaconda3/envs/titanic/lib/python3.11/site-packages/airflow/example_dags/example_branch_python_dop_operator_3.py took 0.064 seconds
[2025-03-24T16:35:03.783-1000] {processor.py:186} INFO - Started process (PID=29810) to work on /opt/anaconda3/envs/titanic/lib/python3.11/site-packages/airflow/example_dags/example_branch_python_dop_operator_3.py
[2025-03-24T16:35:03.783-1000] {processor.py:914} INFO - Processing file /opt/anaconda3/envs/titanic/lib/python3.11/site-packages/airflow/example_dags/example_branch_python_dop_operator_3.py for tasks to queue
[2025-03-24T16:35:03.783-1000] {logging_mixin.py:190} INFO - [2025-03-24T16:35:03.783-1000] {dagbag.py:588} INFO - Filling up the DagBag from /opt/anaconda3/envs/titanic/lib/python3.11/site-packages/airflow/example_dags/example_branch_python_dop_operator_3.py
[2025-03-24T16:35:03.792-1000] {processor.py:925} INFO - DAG(s) 'example_branch_dop_operator_v3' retrieved from /opt/anaconda3/envs/titanic/lib/python3.11/site-packages/airflow/example_dags/example_branch_python_dop_operator_3.py
[2025-03-24T16:35:03.816-1000] {logging_mixin.py:190} INFO - [2025-03-24T16:35:03.816-1000] {dag.py:3239} INFO - Sync 1 DAGs
[2025-03-24T16:35:03.821-1000] {logging_mixin.py:190} INFO - [2025-03-24T16:35:03.821-1000] {dag.py:4180} INFO - Setting next_dagrun for example_branch_dop_operator_v3 to 2025-03-25 02:34:00+00:00, run_after=2025-03-25 02:35:00+00:00
[2025-03-24T16:35:03.826-1000] {processor.py:208} INFO - Processing /opt/anaconda3/envs/titanic/lib/python3.11/site-packages/airflow/example_dags/example_branch_python_dop_operator_3.py took 0.063 seconds
[2025-03-24T16:36:53.535-1000] {processor.py:186} INFO - Started process (PID=30219) to work on /opt/anaconda3/envs/titanic/lib/python3.11/site-packages/airflow/example_dags/example_branch_python_dop_operator_3.py
[2025-03-24T16:36:53.536-1000] {processor.py:914} INFO - Processing file /opt/anaconda3/envs/titanic/lib/python3.11/site-packages/airflow/example_dags/example_branch_python_dop_operator_3.py for tasks to queue
[2025-03-24T16:36:53.536-1000] {logging_mixin.py:190} INFO - [2025-03-24T16:36:53.536-1000] {dagbag.py:588} INFO - Filling up the DagBag from /opt/anaconda3/envs/titanic/lib/python3.11/site-packages/airflow/example_dags/example_branch_python_dop_operator_3.py
[2025-03-24T16:36:53.546-1000] {processor.py:925} INFO - DAG(s) 'example_branch_dop_operator_v3' retrieved from /opt/anaconda3/envs/titanic/lib/python3.11/site-packages/airflow/example_dags/example_branch_python_dop_operator_3.py
[2025-03-24T16:36:53.570-1000] {logging_mixin.py:190} INFO - [2025-03-24T16:36:53.570-1000] {dag.py:3239} INFO - Sync 1 DAGs
[2025-03-24T16:36:53.576-1000] {logging_mixin.py:190} INFO - [2025-03-24T16:36:53.576-1000] {dag.py:4180} INFO - Setting next_dagrun for example_branch_dop_operator_v3 to 2025-03-25 02:35:00+00:00, run_after=2025-03-25 02:36:00+00:00
[2025-03-24T16:36:53.581-1000] {processor.py:208} INFO - Processing /opt/anaconda3/envs/titanic/lib/python3.11/site-packages/airflow/example_dags/example_branch_python_dop_operator_3.py took 0.067 seconds
[2025-03-24T16:38:49.426-1000] {processor.py:186} INFO - Started process (PID=30687) to work on /opt/anaconda3/envs/titanic/lib/python3.11/site-packages/airflow/example_dags/example_branch_python_dop_operator_3.py
[2025-03-24T16:38:49.427-1000] {processor.py:914} INFO - Processing file /opt/anaconda3/envs/titanic/lib/python3.11/site-packages/airflow/example_dags/example_branch_python_dop_operator_3.py for tasks to queue
[2025-03-24T16:38:49.427-1000] {logging_mixin.py:190} INFO - [2025-03-24T16:38:49.427-1000] {dagbag.py:588} INFO - Filling up the DagBag from /opt/anaconda3/envs/titanic/lib/python3.11/site-packages/airflow/example_dags/example_branch_python_dop_operator_3.py
[2025-03-24T16:38:49.437-1000] {processor.py:925} INFO - DAG(s) 'example_branch_dop_operator_v3' retrieved from /opt/anaconda3/envs/titanic/lib/python3.11/site-packages/airflow/example_dags/example_branch_python_dop_operator_3.py
[2025-03-24T16:38:49.460-1000] {logging_mixin.py:190} INFO - [2025-03-24T16:38:49.460-1000] {dag.py:3239} INFO - Sync 1 DAGs
[2025-03-24T16:38:49.466-1000] {logging_mixin.py:190} INFO - [2025-03-24T16:38:49.466-1000] {dag.py:4180} INFO - Setting next_dagrun for example_branch_dop_operator_v3 to 2025-03-25 02:37:00+00:00, run_after=2025-03-25 02:38:00+00:00
[2025-03-24T16:38:49.470-1000] {processor.py:208} INFO - Processing /opt/anaconda3/envs/titanic/lib/python3.11/site-packages/airflow/example_dags/example_branch_python_dop_operator_3.py took 0.065 seconds
[2025-03-24T16:40:46.592-1000] {processor.py:186} INFO - Started process (PID=31134) to work on /opt/anaconda3/envs/titanic/lib/python3.11/site-packages/airflow/example_dags/example_branch_python_dop_operator_3.py
[2025-03-24T16:40:46.592-1000] {processor.py:914} INFO - Processing file /opt/anaconda3/envs/titanic/lib/python3.11/site-packages/airflow/example_dags/example_branch_python_dop_operator_3.py for tasks to queue
[2025-03-24T16:40:46.593-1000] {logging_mixin.py:190} INFO - [2025-03-24T16:40:46.592-1000] {dagbag.py:588} INFO - Filling up the DagBag from /opt/anaconda3/envs/titanic/lib/python3.11/site-packages/airflow/example_dags/example_branch_python_dop_operator_3.py
[2025-03-24T16:40:46.602-1000] {processor.py:925} INFO - DAG(s) 'example_branch_dop_operator_v3' retrieved from /opt/anaconda3/envs/titanic/lib/python3.11/site-packages/airflow/example_dags/example_branch_python_dop_operator_3.py
[2025-03-24T16:40:46.626-1000] {logging_mixin.py:190} INFO - [2025-03-24T16:40:46.626-1000] {dag.py:3239} INFO - Sync 1 DAGs
[2025-03-24T16:40:46.631-1000] {logging_mixin.py:190} INFO - [2025-03-24T16:40:46.631-1000] {dag.py:4180} INFO - Setting next_dagrun for example_branch_dop_operator_v3 to 2025-03-25 02:39:00+00:00, run_after=2025-03-25 02:40:00+00:00
[2025-03-24T16:40:46.636-1000] {processor.py:208} INFO - Processing /opt/anaconda3/envs/titanic/lib/python3.11/site-packages/airflow/example_dags/example_branch_python_dop_operator_3.py took 0.064 seconds
[2025-03-24T16:42:40.641-1000] {processor.py:186} INFO - Started process (PID=31572) to work on /opt/anaconda3/envs/titanic/lib/python3.11/site-packages/airflow/example_dags/example_branch_python_dop_operator_3.py
[2025-03-24T16:42:40.643-1000] {processor.py:914} INFO - Processing file /opt/anaconda3/envs/titanic/lib/python3.11/site-packages/airflow/example_dags/example_branch_python_dop_operator_3.py for tasks to queue
[2025-03-24T16:42:40.643-1000] {logging_mixin.py:190} INFO - [2025-03-24T16:42:40.643-1000] {dagbag.py:588} INFO - Filling up the DagBag from /opt/anaconda3/envs/titanic/lib/python3.11/site-packages/airflow/example_dags/example_branch_python_dop_operator_3.py
[2025-03-24T16:42:40.653-1000] {processor.py:925} INFO - DAG(s) 'example_branch_dop_operator_v3' retrieved from /opt/anaconda3/envs/titanic/lib/python3.11/site-packages/airflow/example_dags/example_branch_python_dop_operator_3.py
[2025-03-24T16:42:40.676-1000] {logging_mixin.py:190} INFO - [2025-03-24T16:42:40.676-1000] {dag.py:3239} INFO - Sync 1 DAGs
[2025-03-24T16:42:40.682-1000] {logging_mixin.py:190} INFO - [2025-03-24T16:42:40.682-1000] {dag.py:4180} INFO - Setting next_dagrun for example_branch_dop_operator_v3 to 2025-03-25 02:41:00+00:00, run_after=2025-03-25 02:42:00+00:00
[2025-03-24T16:42:40.687-1000] {processor.py:208} INFO - Processing /opt/anaconda3/envs/titanic/lib/python3.11/site-packages/airflow/example_dags/example_branch_python_dop_operator_3.py took 0.066 seconds
[2025-03-24T16:44:31.733-1000] {processor.py:186} INFO - Started process (PID=31996) to work on /opt/anaconda3/envs/titanic/lib/python3.11/site-packages/airflow/example_dags/example_branch_python_dop_operator_3.py
[2025-03-24T16:44:31.733-1000] {processor.py:914} INFO - Processing file /opt/anaconda3/envs/titanic/lib/python3.11/site-packages/airflow/example_dags/example_branch_python_dop_operator_3.py for tasks to queue
[2025-03-24T16:44:31.733-1000] {logging_mixin.py:190} INFO - [2025-03-24T16:44:31.733-1000] {dagbag.py:588} INFO - Filling up the DagBag from /opt/anaconda3/envs/titanic/lib/python3.11/site-packages/airflow/example_dags/example_branch_python_dop_operator_3.py
[2025-03-24T16:44:31.743-1000] {processor.py:925} INFO - DAG(s) 'example_branch_dop_operator_v3' retrieved from /opt/anaconda3/envs/titanic/lib/python3.11/site-packages/airflow/example_dags/example_branch_python_dop_operator_3.py
[2025-03-24T16:44:31.766-1000] {logging_mixin.py:190} INFO - [2025-03-24T16:44:31.766-1000] {dag.py:3239} INFO - Sync 1 DAGs
[2025-03-24T16:44:31.772-1000] {logging_mixin.py:190} INFO - [2025-03-24T16:44:31.772-1000] {dag.py:4180} INFO - Setting next_dagrun for example_branch_dop_operator_v3 to 2025-03-25 02:43:00+00:00, run_after=2025-03-25 02:44:00+00:00
[2025-03-24T16:44:31.777-1000] {processor.py:208} INFO - Processing /opt/anaconda3/envs/titanic/lib/python3.11/site-packages/airflow/example_dags/example_branch_python_dop_operator_3.py took 0.063 seconds
[2025-03-24T16:46:21.824-1000] {processor.py:186} INFO - Started process (PID=32424) to work on /opt/anaconda3/envs/titanic/lib/python3.11/site-packages/airflow/example_dags/example_branch_python_dop_operator_3.py
[2025-03-24T16:46:21.825-1000] {processor.py:914} INFO - Processing file /opt/anaconda3/envs/titanic/lib/python3.11/site-packages/airflow/example_dags/example_branch_python_dop_operator_3.py for tasks to queue
[2025-03-24T16:46:21.825-1000] {logging_mixin.py:190} INFO - [2025-03-24T16:46:21.825-1000] {dagbag.py:588} INFO - Filling up the DagBag from /opt/anaconda3/envs/titanic/lib/python3.11/site-packages/airflow/example_dags/example_branch_python_dop_operator_3.py
[2025-03-24T16:46:21.835-1000] {processor.py:925} INFO - DAG(s) 'example_branch_dop_operator_v3' retrieved from /opt/anaconda3/envs/titanic/lib/python3.11/site-packages/airflow/example_dags/example_branch_python_dop_operator_3.py
[2025-03-24T16:46:21.859-1000] {logging_mixin.py:190} INFO - [2025-03-24T16:46:21.858-1000] {dag.py:3239} INFO - Sync 1 DAGs
[2025-03-24T16:46:21.864-1000] {logging_mixin.py:190} INFO - [2025-03-24T16:46:21.864-1000] {dag.py:4180} INFO - Setting next_dagrun for example_branch_dop_operator_v3 to 2025-03-25 02:45:00+00:00, run_after=2025-03-25 02:46:00+00:00
[2025-03-24T16:46:21.869-1000] {processor.py:208} INFO - Processing /opt/anaconda3/envs/titanic/lib/python3.11/site-packages/airflow/example_dags/example_branch_python_dop_operator_3.py took 0.067 seconds
[2025-03-24T16:48:15.074-1000] {processor.py:186} INFO - Started process (PID=32899) to work on /opt/anaconda3/envs/titanic/lib/python3.11/site-packages/airflow/example_dags/example_branch_python_dop_operator_3.py
[2025-03-24T16:48:15.075-1000] {processor.py:914} INFO - Processing file /opt/anaconda3/envs/titanic/lib/python3.11/site-packages/airflow/example_dags/example_branch_python_dop_operator_3.py for tasks to queue
[2025-03-24T16:48:15.076-1000] {logging_mixin.py:190} INFO - [2025-03-24T16:48:15.076-1000] {dagbag.py:588} INFO - Filling up the DagBag from /opt/anaconda3/envs/titanic/lib/python3.11/site-packages/airflow/example_dags/example_branch_python_dop_operator_3.py
[2025-03-24T16:48:15.085-1000] {processor.py:925} INFO - DAG(s) 'example_branch_dop_operator_v3' retrieved from /opt/anaconda3/envs/titanic/lib/python3.11/site-packages/airflow/example_dags/example_branch_python_dop_operator_3.py
[2025-03-24T16:48:15.109-1000] {logging_mixin.py:190} INFO - [2025-03-24T16:48:15.109-1000] {dag.py:3239} INFO - Sync 1 DAGs
[2025-03-24T16:48:15.115-1000] {logging_mixin.py:190} INFO - [2025-03-24T16:48:15.115-1000] {dag.py:4180} INFO - Setting next_dagrun for example_branch_dop_operator_v3 to 2025-03-25 02:47:00+00:00, run_after=2025-03-25 02:48:00+00:00
[2025-03-24T16:48:15.120-1000] {processor.py:208} INFO - Processing /opt/anaconda3/envs/titanic/lib/python3.11/site-packages/airflow/example_dags/example_branch_python_dop_operator_3.py took 0.065 seconds
[2025-03-24T16:50:13.059-1000] {processor.py:186} INFO - Started process (PID=33421) to work on /opt/anaconda3/envs/titanic/lib/python3.11/site-packages/airflow/example_dags/example_branch_python_dop_operator_3.py
[2025-03-24T16:50:13.060-1000] {processor.py:914} INFO - Processing file /opt/anaconda3/envs/titanic/lib/python3.11/site-packages/airflow/example_dags/example_branch_python_dop_operator_3.py for tasks to queue
[2025-03-24T16:50:13.060-1000] {logging_mixin.py:190} INFO - [2025-03-24T16:50:13.060-1000] {dagbag.py:588} INFO - Filling up the DagBag from /opt/anaconda3/envs/titanic/lib/python3.11/site-packages/airflow/example_dags/example_branch_python_dop_operator_3.py
[2025-03-24T16:50:13.070-1000] {processor.py:925} INFO - DAG(s) 'example_branch_dop_operator_v3' retrieved from /opt/anaconda3/envs/titanic/lib/python3.11/site-packages/airflow/example_dags/example_branch_python_dop_operator_3.py
[2025-03-24T16:50:13.094-1000] {logging_mixin.py:190} INFO - [2025-03-24T16:50:13.094-1000] {dag.py:3239} INFO - Sync 1 DAGs
[2025-03-24T16:50:13.099-1000] {logging_mixin.py:190} INFO - [2025-03-24T16:50:13.099-1000] {dag.py:4180} INFO - Setting next_dagrun for example_branch_dop_operator_v3 to 2025-03-25 02:49:00+00:00, run_after=2025-03-25 02:50:00+00:00
[2025-03-24T16:50:13.104-1000] {processor.py:208} INFO - Processing /opt/anaconda3/envs/titanic/lib/python3.11/site-packages/airflow/example_dags/example_branch_python_dop_operator_3.py took 0.046 seconds
[2025-03-24T16:52:07.640-1000] {processor.py:186} INFO - Started process (PID=33856) to work on /opt/anaconda3/envs/titanic/lib/python3.11/site-packages/airflow/example_dags/example_branch_python_dop_operator_3.py
[2025-03-24T16:52:07.641-1000] {processor.py:914} INFO - Processing file /opt/anaconda3/envs/titanic/lib/python3.11/site-packages/airflow/example_dags/example_branch_python_dop_operator_3.py for tasks to queue
[2025-03-24T16:52:07.642-1000] {logging_mixin.py:190} INFO - [2025-03-24T16:52:07.641-1000] {dagbag.py:588} INFO - Filling up the DagBag from /opt/anaconda3/envs/titanic/lib/python3.11/site-packages/airflow/example_dags/example_branch_python_dop_operator_3.py
[2025-03-24T16:52:07.652-1000] {processor.py:925} INFO - DAG(s) 'example_branch_dop_operator_v3' retrieved from /opt/anaconda3/envs/titanic/lib/python3.11/site-packages/airflow/example_dags/example_branch_python_dop_operator_3.py
[2025-03-24T16:52:07.675-1000] {logging_mixin.py:190} INFO - [2025-03-24T16:52:07.675-1000] {dag.py:3239} INFO - Sync 1 DAGs
[2025-03-24T16:52:07.680-1000] {logging_mixin.py:190} INFO - [2025-03-24T16:52:07.680-1000] {dag.py:4180} INFO - Setting next_dagrun for example_branch_dop_operator_v3 to 2025-03-25 02:51:00+00:00, run_after=2025-03-25 02:52:00+00:00
[2025-03-24T16:52:07.685-1000] {processor.py:208} INFO - Processing /opt/anaconda3/envs/titanic/lib/python3.11/site-packages/airflow/example_dags/example_branch_python_dop_operator_3.py took 0.046 seconds
[2025-03-24T16:54:06.512-1000] {processor.py:186} INFO - Started process (PID=34301) to work on /opt/anaconda3/envs/titanic/lib/python3.11/site-packages/airflow/example_dags/example_branch_python_dop_operator_3.py
[2025-03-24T16:54:06.513-1000] {processor.py:914} INFO - Processing file /opt/anaconda3/envs/titanic/lib/python3.11/site-packages/airflow/example_dags/example_branch_python_dop_operator_3.py for tasks to queue
[2025-03-24T16:54:06.513-1000] {logging_mixin.py:190} INFO - [2025-03-24T16:54:06.513-1000] {dagbag.py:588} INFO - Filling up the DagBag from /opt/anaconda3/envs/titanic/lib/python3.11/site-packages/airflow/example_dags/example_branch_python_dop_operator_3.py
[2025-03-24T16:54:06.523-1000] {processor.py:925} INFO - DAG(s) 'example_branch_dop_operator_v3' retrieved from /opt/anaconda3/envs/titanic/lib/python3.11/site-packages/airflow/example_dags/example_branch_python_dop_operator_3.py
[2025-03-24T16:54:06.546-1000] {logging_mixin.py:190} INFO - [2025-03-24T16:54:06.546-1000] {dag.py:3239} INFO - Sync 1 DAGs
[2025-03-24T16:54:06.551-1000] {logging_mixin.py:190} INFO - [2025-03-24T16:54:06.551-1000] {dag.py:4180} INFO - Setting next_dagrun for example_branch_dop_operator_v3 to 2025-03-25 02:53:00+00:00, run_after=2025-03-25 02:54:00+00:00
[2025-03-24T16:54:06.556-1000] {processor.py:208} INFO - Processing /opt/anaconda3/envs/titanic/lib/python3.11/site-packages/airflow/example_dags/example_branch_python_dop_operator_3.py took 0.045 seconds
[2025-03-24T16:55:56.650-1000] {processor.py:186} INFO - Started process (PID=34711) to work on /opt/anaconda3/envs/titanic/lib/python3.11/site-packages/airflow/example_dags/example_branch_python_dop_operator_3.py
[2025-03-24T16:55:56.650-1000] {processor.py:914} INFO - Processing file /opt/anaconda3/envs/titanic/lib/python3.11/site-packages/airflow/example_dags/example_branch_python_dop_operator_3.py for tasks to queue
[2025-03-24T16:55:56.651-1000] {logging_mixin.py:190} INFO - [2025-03-24T16:55:56.651-1000] {dagbag.py:588} INFO - Filling up the DagBag from /opt/anaconda3/envs/titanic/lib/python3.11/site-packages/airflow/example_dags/example_branch_python_dop_operator_3.py
[2025-03-24T16:55:56.660-1000] {processor.py:925} INFO - DAG(s) 'example_branch_dop_operator_v3' retrieved from /opt/anaconda3/envs/titanic/lib/python3.11/site-packages/airflow/example_dags/example_branch_python_dop_operator_3.py
[2025-03-24T16:55:56.684-1000] {logging_mixin.py:190} INFO - [2025-03-24T16:55:56.684-1000] {dag.py:3239} INFO - Sync 1 DAGs
[2025-03-24T16:55:56.689-1000] {logging_mixin.py:190} INFO - [2025-03-24T16:55:56.689-1000] {dag.py:4180} INFO - Setting next_dagrun for example_branch_dop_operator_v3 to 2025-03-25 02:54:00+00:00, run_after=2025-03-25 02:55:00+00:00
[2025-03-24T16:55:56.694-1000] {processor.py:208} INFO - Processing /opt/anaconda3/envs/titanic/lib/python3.11/site-packages/airflow/example_dags/example_branch_python_dop_operator_3.py took 0.045 seconds
[2025-03-24T16:57:46.089-1000] {processor.py:186} INFO - Started process (PID=35128) to work on /opt/anaconda3/envs/titanic/lib/python3.11/site-packages/airflow/example_dags/example_branch_python_dop_operator_3.py
[2025-03-24T16:57:46.089-1000] {processor.py:914} INFO - Processing file /opt/anaconda3/envs/titanic/lib/python3.11/site-packages/airflow/example_dags/example_branch_python_dop_operator_3.py for tasks to queue
[2025-03-24T16:57:46.089-1000] {logging_mixin.py:190} INFO - [2025-03-24T16:57:46.089-1000] {dagbag.py:588} INFO - Filling up the DagBag from /opt/anaconda3/envs/titanic/lib/python3.11/site-packages/airflow/example_dags/example_branch_python_dop_operator_3.py
[2025-03-24T16:57:46.099-1000] {processor.py:925} INFO - DAG(s) 'example_branch_dop_operator_v3' retrieved from /opt/anaconda3/envs/titanic/lib/python3.11/site-packages/airflow/example_dags/example_branch_python_dop_operator_3.py
[2025-03-24T16:57:46.122-1000] {logging_mixin.py:190} INFO - [2025-03-24T16:57:46.122-1000] {dag.py:3239} INFO - Sync 1 DAGs
[2025-03-24T16:57:46.127-1000] {logging_mixin.py:190} INFO - [2025-03-24T16:57:46.127-1000] {dag.py:4180} INFO - Setting next_dagrun for example_branch_dop_operator_v3 to 2025-03-25 02:56:00+00:00, run_after=2025-03-25 02:57:00+00:00
[2025-03-24T16:57:46.132-1000] {processor.py:208} INFO - Processing /opt/anaconda3/envs/titanic/lib/python3.11/site-packages/airflow/example_dags/example_branch_python_dop_operator_3.py took 0.044 seconds
[2025-03-24T16:59:34.817-1000] {processor.py:186} INFO - Started process (PID=35550) to work on /opt/anaconda3/envs/titanic/lib/python3.11/site-packages/airflow/example_dags/example_branch_python_dop_operator_3.py
[2025-03-24T16:59:34.817-1000] {processor.py:914} INFO - Processing file /opt/anaconda3/envs/titanic/lib/python3.11/site-packages/airflow/example_dags/example_branch_python_dop_operator_3.py for tasks to queue
[2025-03-24T16:59:34.817-1000] {logging_mixin.py:190} INFO - [2025-03-24T16:59:34.817-1000] {dagbag.py:588} INFO - Filling up the DagBag from /opt/anaconda3/envs/titanic/lib/python3.11/site-packages/airflow/example_dags/example_branch_python_dop_operator_3.py
[2025-03-24T16:59:34.827-1000] {processor.py:925} INFO - DAG(s) 'example_branch_dop_operator_v3' retrieved from /opt/anaconda3/envs/titanic/lib/python3.11/site-packages/airflow/example_dags/example_branch_python_dop_operator_3.py
[2025-03-24T16:59:34.850-1000] {logging_mixin.py:190} INFO - [2025-03-24T16:59:34.850-1000] {dag.py:3239} INFO - Sync 1 DAGs
[2025-03-24T16:59:34.856-1000] {logging_mixin.py:190} INFO - [2025-03-24T16:59:34.856-1000] {dag.py:4180} INFO - Setting next_dagrun for example_branch_dop_operator_v3 to 2025-03-25 02:58:00+00:00, run_after=2025-03-25 02:59:00+00:00
[2025-03-24T16:59:34.861-1000] {processor.py:208} INFO - Processing /opt/anaconda3/envs/titanic/lib/python3.11/site-packages/airflow/example_dags/example_branch_python_dop_operator_3.py took 0.045 seconds
[2025-03-24T17:01:33.388-1000] {processor.py:186} INFO - Started process (PID=35990) to work on /opt/anaconda3/envs/titanic/lib/python3.11/site-packages/airflow/example_dags/example_branch_python_dop_operator_3.py
[2025-03-24T17:01:33.388-1000] {processor.py:914} INFO - Processing file /opt/anaconda3/envs/titanic/lib/python3.11/site-packages/airflow/example_dags/example_branch_python_dop_operator_3.py for tasks to queue
[2025-03-24T17:01:33.389-1000] {logging_mixin.py:190} INFO - [2025-03-24T17:01:33.389-1000] {dagbag.py:588} INFO - Filling up the DagBag from /opt/anaconda3/envs/titanic/lib/python3.11/site-packages/airflow/example_dags/example_branch_python_dop_operator_3.py
[2025-03-24T17:01:33.398-1000] {processor.py:925} INFO - DAG(s) 'example_branch_dop_operator_v3' retrieved from /opt/anaconda3/envs/titanic/lib/python3.11/site-packages/airflow/example_dags/example_branch_python_dop_operator_3.py
[2025-03-24T17:01:33.422-1000] {logging_mixin.py:190} INFO - [2025-03-24T17:01:33.422-1000] {dag.py:3239} INFO - Sync 1 DAGs
[2025-03-24T17:01:33.427-1000] {logging_mixin.py:190} INFO - [2025-03-24T17:01:33.427-1000] {dag.py:4180} INFO - Setting next_dagrun for example_branch_dop_operator_v3 to 2025-03-25 03:00:00+00:00, run_after=2025-03-25 03:01:00+00:00
[2025-03-24T17:01:33.432-1000] {processor.py:208} INFO - Processing /opt/anaconda3/envs/titanic/lib/python3.11/site-packages/airflow/example_dags/example_branch_python_dop_operator_3.py took 0.045 seconds
[2025-03-24T17:03:30.895-1000] {processor.py:186} INFO - Started process (PID=36439) to work on /opt/anaconda3/envs/titanic/lib/python3.11/site-packages/airflow/example_dags/example_branch_python_dop_operator_3.py
[2025-03-24T17:03:30.895-1000] {processor.py:914} INFO - Processing file /opt/anaconda3/envs/titanic/lib/python3.11/site-packages/airflow/example_dags/example_branch_python_dop_operator_3.py for tasks to queue
[2025-03-24T17:03:30.896-1000] {logging_mixin.py:190} INFO - [2025-03-24T17:03:30.896-1000] {dagbag.py:588} INFO - Filling up the DagBag from /opt/anaconda3/envs/titanic/lib/python3.11/site-packages/airflow/example_dags/example_branch_python_dop_operator_3.py
[2025-03-24T17:03:30.905-1000] {processor.py:925} INFO - DAG(s) 'example_branch_dop_operator_v3' retrieved from /opt/anaconda3/envs/titanic/lib/python3.11/site-packages/airflow/example_dags/example_branch_python_dop_operator_3.py
[2025-03-24T17:03:30.928-1000] {logging_mixin.py:190} INFO - [2025-03-24T17:03:30.928-1000] {dag.py:3239} INFO - Sync 1 DAGs
[2025-03-24T17:03:30.934-1000] {logging_mixin.py:190} INFO - [2025-03-24T17:03:30.934-1000] {dag.py:4180} INFO - Setting next_dagrun for example_branch_dop_operator_v3 to 2025-03-25 03:02:00+00:00, run_after=2025-03-25 03:03:00+00:00
[2025-03-24T17:03:30.939-1000] {processor.py:208} INFO - Processing /opt/anaconda3/envs/titanic/lib/python3.11/site-packages/airflow/example_dags/example_branch_python_dop_operator_3.py took 0.044 seconds
[2025-03-24T17:05:25.149-1000] {processor.py:186} INFO - Started process (PID=36861) to work on /opt/anaconda3/envs/titanic/lib/python3.11/site-packages/airflow/example_dags/example_branch_python_dop_operator_3.py
[2025-03-24T17:05:25.149-1000] {processor.py:914} INFO - Processing file /opt/anaconda3/envs/titanic/lib/python3.11/site-packages/airflow/example_dags/example_branch_python_dop_operator_3.py for tasks to queue
[2025-03-24T17:05:25.149-1000] {logging_mixin.py:190} INFO - [2025-03-24T17:05:25.149-1000] {dagbag.py:588} INFO - Filling up the DagBag from /opt/anaconda3/envs/titanic/lib/python3.11/site-packages/airflow/example_dags/example_branch_python_dop_operator_3.py
[2025-03-24T17:05:25.159-1000] {processor.py:925} INFO - DAG(s) 'example_branch_dop_operator_v3' retrieved from /opt/anaconda3/envs/titanic/lib/python3.11/site-packages/airflow/example_dags/example_branch_python_dop_operator_3.py
[2025-03-24T17:05:25.182-1000] {logging_mixin.py:190} INFO - [2025-03-24T17:05:25.182-1000] {dag.py:3239} INFO - Sync 1 DAGs
[2025-03-24T17:05:25.187-1000] {logging_mixin.py:190} INFO - [2025-03-24T17:05:25.187-1000] {dag.py:4180} INFO - Setting next_dagrun for example_branch_dop_operator_v3 to 2025-03-25 03:04:00+00:00, run_after=2025-03-25 03:05:00+00:00
[2025-03-24T17:05:25.192-1000] {processor.py:208} INFO - Processing /opt/anaconda3/envs/titanic/lib/python3.11/site-packages/airflow/example_dags/example_branch_python_dop_operator_3.py took 0.044 seconds
[2025-03-24T17:07:11.747-1000] {processor.py:186} INFO - Started process (PID=37302) to work on /opt/anaconda3/envs/titanic/lib/python3.11/site-packages/airflow/example_dags/example_branch_python_dop_operator_3.py
[2025-03-24T17:07:11.748-1000] {processor.py:914} INFO - Processing file /opt/anaconda3/envs/titanic/lib/python3.11/site-packages/airflow/example_dags/example_branch_python_dop_operator_3.py for tasks to queue
[2025-03-24T17:07:11.748-1000] {logging_mixin.py:190} INFO - [2025-03-24T17:07:11.748-1000] {dagbag.py:588} INFO - Filling up the DagBag from /opt/anaconda3/envs/titanic/lib/python3.11/site-packages/airflow/example_dags/example_branch_python_dop_operator_3.py
[2025-03-24T17:07:11.757-1000] {processor.py:925} INFO - DAG(s) 'example_branch_dop_operator_v3' retrieved from /opt/anaconda3/envs/titanic/lib/python3.11/site-packages/airflow/example_dags/example_branch_python_dop_operator_3.py
[2025-03-24T17:07:11.781-1000] {logging_mixin.py:190} INFO - [2025-03-24T17:07:11.781-1000] {dag.py:3239} INFO - Sync 1 DAGs
[2025-03-24T17:07:11.786-1000] {logging_mixin.py:190} INFO - [2025-03-24T17:07:11.786-1000] {dag.py:4180} INFO - Setting next_dagrun for example_branch_dop_operator_v3 to 2025-03-25 03:06:00+00:00, run_after=2025-03-25 03:07:00+00:00
[2025-03-24T17:07:11.791-1000] {processor.py:208} INFO - Processing /opt/anaconda3/envs/titanic/lib/python3.11/site-packages/airflow/example_dags/example_branch_python_dop_operator_3.py took 0.045 seconds
[2025-03-24T17:09:04.680-1000] {processor.py:186} INFO - Started process (PID=37730) to work on /opt/anaconda3/envs/titanic/lib/python3.11/site-packages/airflow/example_dags/example_branch_python_dop_operator_3.py
[2025-03-24T17:09:04.680-1000] {processor.py:914} INFO - Processing file /opt/anaconda3/envs/titanic/lib/python3.11/site-packages/airflow/example_dags/example_branch_python_dop_operator_3.py for tasks to queue
[2025-03-24T17:09:04.680-1000] {logging_mixin.py:190} INFO - [2025-03-24T17:09:04.680-1000] {dagbag.py:588} INFO - Filling up the DagBag from /opt/anaconda3/envs/titanic/lib/python3.11/site-packages/airflow/example_dags/example_branch_python_dop_operator_3.py
[2025-03-24T17:09:04.690-1000] {processor.py:925} INFO - DAG(s) 'example_branch_dop_operator_v3' retrieved from /opt/anaconda3/envs/titanic/lib/python3.11/site-packages/airflow/example_dags/example_branch_python_dop_operator_3.py
[2025-03-24T17:09:04.713-1000] {logging_mixin.py:190} INFO - [2025-03-24T17:09:04.712-1000] {dag.py:3239} INFO - Sync 1 DAGs
[2025-03-24T17:09:04.718-1000] {logging_mixin.py:190} INFO - [2025-03-24T17:09:04.718-1000] {dag.py:4180} INFO - Setting next_dagrun for example_branch_dop_operator_v3 to 2025-03-25 03:08:00+00:00, run_after=2025-03-25 03:09:00+00:00
[2025-03-24T17:09:04.722-1000] {processor.py:208} INFO - Processing /opt/anaconda3/envs/titanic/lib/python3.11/site-packages/airflow/example_dags/example_branch_python_dop_operator_3.py took 0.044 seconds
[2025-03-24T17:10:51.243-1000] {processor.py:186} INFO - Started process (PID=38136) to work on /opt/anaconda3/envs/titanic/lib/python3.11/site-packages/airflow/example_dags/example_branch_python_dop_operator_3.py
[2025-03-24T17:10:51.244-1000] {processor.py:914} INFO - Processing file /opt/anaconda3/envs/titanic/lib/python3.11/site-packages/airflow/example_dags/example_branch_python_dop_operator_3.py for tasks to queue
[2025-03-24T17:10:51.244-1000] {logging_mixin.py:190} INFO - [2025-03-24T17:10:51.244-1000] {dagbag.py:588} INFO - Filling up the DagBag from /opt/anaconda3/envs/titanic/lib/python3.11/site-packages/airflow/example_dags/example_branch_python_dop_operator_3.py
[2025-03-24T17:10:51.253-1000] {processor.py:925} INFO - DAG(s) 'example_branch_dop_operator_v3' retrieved from /opt/anaconda3/envs/titanic/lib/python3.11/site-packages/airflow/example_dags/example_branch_python_dop_operator_3.py
[2025-03-24T17:10:51.276-1000] {logging_mixin.py:190} INFO - [2025-03-24T17:10:51.276-1000] {dag.py:3239} INFO - Sync 1 DAGs
[2025-03-24T17:10:51.281-1000] {logging_mixin.py:190} INFO - [2025-03-24T17:10:51.281-1000] {dag.py:4180} INFO - Setting next_dagrun for example_branch_dop_operator_v3 to 2025-03-25 03:09:00+00:00, run_after=2025-03-25 03:10:00+00:00
[2025-03-24T17:10:51.286-1000] {processor.py:208} INFO - Processing /opt/anaconda3/envs/titanic/lib/python3.11/site-packages/airflow/example_dags/example_branch_python_dop_operator_3.py took 0.044 seconds
[2025-03-24T17:12:39.146-1000] {processor.py:186} INFO - Started process (PID=38551) to work on /opt/anaconda3/envs/titanic/lib/python3.11/site-packages/airflow/example_dags/example_branch_python_dop_operator_3.py
[2025-03-24T17:12:39.146-1000] {processor.py:914} INFO - Processing file /opt/anaconda3/envs/titanic/lib/python3.11/site-packages/airflow/example_dags/example_branch_python_dop_operator_3.py for tasks to queue
[2025-03-24T17:12:39.146-1000] {logging_mixin.py:190} INFO - [2025-03-24T17:12:39.146-1000] {dagbag.py:588} INFO - Filling up the DagBag from /opt/anaconda3/envs/titanic/lib/python3.11/site-packages/airflow/example_dags/example_branch_python_dop_operator_3.py
[2025-03-24T17:12:39.155-1000] {processor.py:925} INFO - DAG(s) 'example_branch_dop_operator_v3' retrieved from /opt/anaconda3/envs/titanic/lib/python3.11/site-packages/airflow/example_dags/example_branch_python_dop_operator_3.py
[2025-03-24T17:12:39.179-1000] {logging_mixin.py:190} INFO - [2025-03-24T17:12:39.179-1000] {dag.py:3239} INFO - Sync 1 DAGs
[2025-03-24T17:12:39.184-1000] {logging_mixin.py:190} INFO - [2025-03-24T17:12:39.184-1000] {dag.py:4180} INFO - Setting next_dagrun for example_branch_dop_operator_v3 to 2025-03-25 03:11:00+00:00, run_after=2025-03-25 03:12:00+00:00
[2025-03-24T17:12:39.189-1000] {processor.py:208} INFO - Processing /opt/anaconda3/envs/titanic/lib/python3.11/site-packages/airflow/example_dags/example_branch_python_dop_operator_3.py took 0.045 seconds
[2025-03-24T17:14:29.924-1000] {processor.py:186} INFO - Started process (PID=38976) to work on /opt/anaconda3/envs/titanic/lib/python3.11/site-packages/airflow/example_dags/example_branch_python_dop_operator_3.py
[2025-03-24T17:14:29.925-1000] {processor.py:914} INFO - Processing file /opt/anaconda3/envs/titanic/lib/python3.11/site-packages/airflow/example_dags/example_branch_python_dop_operator_3.py for tasks to queue
[2025-03-24T17:14:29.925-1000] {logging_mixin.py:190} INFO - [2025-03-24T17:14:29.925-1000] {dagbag.py:588} INFO - Filling up the DagBag from /opt/anaconda3/envs/titanic/lib/python3.11/site-packages/airflow/example_dags/example_branch_python_dop_operator_3.py
[2025-03-24T17:14:29.934-1000] {processor.py:925} INFO - DAG(s) 'example_branch_dop_operator_v3' retrieved from /opt/anaconda3/envs/titanic/lib/python3.11/site-packages/airflow/example_dags/example_branch_python_dop_operator_3.py
[2025-03-24T17:14:29.957-1000] {logging_mixin.py:190} INFO - [2025-03-24T17:14:29.957-1000] {dag.py:3239} INFO - Sync 1 DAGs
[2025-03-24T17:14:29.962-1000] {logging_mixin.py:190} INFO - [2025-03-24T17:14:29.962-1000] {dag.py:4180} INFO - Setting next_dagrun for example_branch_dop_operator_v3 to 2025-03-25 03:13:00+00:00, run_after=2025-03-25 03:14:00+00:00
[2025-03-24T17:14:29.967-1000] {processor.py:208} INFO - Processing /opt/anaconda3/envs/titanic/lib/python3.11/site-packages/airflow/example_dags/example_branch_python_dop_operator_3.py took 0.043 seconds
[2025-03-24T17:16:19.499-1000] {processor.py:186} INFO - Started process (PID=39387) to work on /opt/anaconda3/envs/titanic/lib/python3.11/site-packages/airflow/example_dags/example_branch_python_dop_operator_3.py
[2025-03-24T17:16:19.499-1000] {processor.py:914} INFO - Processing file /opt/anaconda3/envs/titanic/lib/python3.11/site-packages/airflow/example_dags/example_branch_python_dop_operator_3.py for tasks to queue
[2025-03-24T17:16:19.499-1000] {logging_mixin.py:190} INFO - [2025-03-24T17:16:19.499-1000] {dagbag.py:588} INFO - Filling up the DagBag from /opt/anaconda3/envs/titanic/lib/python3.11/site-packages/airflow/example_dags/example_branch_python_dop_operator_3.py
[2025-03-24T17:16:19.509-1000] {processor.py:925} INFO - DAG(s) 'example_branch_dop_operator_v3' retrieved from /opt/anaconda3/envs/titanic/lib/python3.11/site-packages/airflow/example_dags/example_branch_python_dop_operator_3.py
[2025-03-24T17:16:19.532-1000] {logging_mixin.py:190} INFO - [2025-03-24T17:16:19.532-1000] {dag.py:3239} INFO - Sync 1 DAGs
[2025-03-24T17:16:19.537-1000] {logging_mixin.py:190} INFO - [2025-03-24T17:16:19.537-1000] {dag.py:4180} INFO - Setting next_dagrun for example_branch_dop_operator_v3 to 2025-03-25 03:15:00+00:00, run_after=2025-03-25 03:16:00+00:00
[2025-03-24T17:16:19.542-1000] {processor.py:208} INFO - Processing /opt/anaconda3/envs/titanic/lib/python3.11/site-packages/airflow/example_dags/example_branch_python_dop_operator_3.py took 0.044 seconds
[2025-03-24T17:18:06.420-1000] {processor.py:186} INFO - Started process (PID=39794) to work on /opt/anaconda3/envs/titanic/lib/python3.11/site-packages/airflow/example_dags/example_branch_python_dop_operator_3.py
[2025-03-24T17:18:06.420-1000] {processor.py:914} INFO - Processing file /opt/anaconda3/envs/titanic/lib/python3.11/site-packages/airflow/example_dags/example_branch_python_dop_operator_3.py for tasks to queue
[2025-03-24T17:18:06.420-1000] {logging_mixin.py:190} INFO - [2025-03-24T17:18:06.420-1000] {dagbag.py:588} INFO - Filling up the DagBag from /opt/anaconda3/envs/titanic/lib/python3.11/site-packages/airflow/example_dags/example_branch_python_dop_operator_3.py
[2025-03-24T17:18:06.430-1000] {processor.py:925} INFO - DAG(s) 'example_branch_dop_operator_v3' retrieved from /opt/anaconda3/envs/titanic/lib/python3.11/site-packages/airflow/example_dags/example_branch_python_dop_operator_3.py
[2025-03-24T17:18:06.454-1000] {logging_mixin.py:190} INFO - [2025-03-24T17:18:06.454-1000] {dag.py:3239} INFO - Sync 1 DAGs
[2025-03-24T17:18:06.459-1000] {logging_mixin.py:190} INFO - [2025-03-24T17:18:06.459-1000] {dag.py:4180} INFO - Setting next_dagrun for example_branch_dop_operator_v3 to 2025-03-25 03:17:00+00:00, run_after=2025-03-25 03:18:00+00:00
[2025-03-24T17:18:06.464-1000] {processor.py:208} INFO - Processing /opt/anaconda3/envs/titanic/lib/python3.11/site-packages/airflow/example_dags/example_branch_python_dop_operator_3.py took 0.046 seconds
[2025-03-24T17:19:58.205-1000] {processor.py:186} INFO - Started process (PID=40240) to work on /opt/anaconda3/envs/titanic/lib/python3.11/site-packages/airflow/example_dags/example_branch_python_dop_operator_3.py
[2025-03-24T17:19:58.206-1000] {processor.py:914} INFO - Processing file /opt/anaconda3/envs/titanic/lib/python3.11/site-packages/airflow/example_dags/example_branch_python_dop_operator_3.py for tasks to queue
[2025-03-24T17:19:58.207-1000] {logging_mixin.py:190} INFO - [2025-03-24T17:19:58.207-1000] {dagbag.py:588} INFO - Filling up the DagBag from /opt/anaconda3/envs/titanic/lib/python3.11/site-packages/airflow/example_dags/example_branch_python_dop_operator_3.py
[2025-03-24T17:19:58.216-1000] {processor.py:925} INFO - DAG(s) 'example_branch_dop_operator_v3' retrieved from /opt/anaconda3/envs/titanic/lib/python3.11/site-packages/airflow/example_dags/example_branch_python_dop_operator_3.py
[2025-03-24T17:19:58.239-1000] {logging_mixin.py:190} INFO - [2025-03-24T17:19:58.239-1000] {dag.py:3239} INFO - Sync 1 DAGs
[2025-03-24T17:19:58.244-1000] {logging_mixin.py:190} INFO - [2025-03-24T17:19:58.244-1000] {dag.py:4180} INFO - Setting next_dagrun for example_branch_dop_operator_v3 to 2025-03-25 03:18:00+00:00, run_after=2025-03-25 03:19:00+00:00
[2025-03-24T17:19:58.249-1000] {processor.py:208} INFO - Processing /opt/anaconda3/envs/titanic/lib/python3.11/site-packages/airflow/example_dags/example_branch_python_dop_operator_3.py took 0.044 seconds
[2025-03-24T17:21:53.023-1000] {processor.py:186} INFO - Started process (PID=40677) to work on /opt/anaconda3/envs/titanic/lib/python3.11/site-packages/airflow/example_dags/example_branch_python_dop_operator_3.py
[2025-03-24T17:21:53.024-1000] {processor.py:914} INFO - Processing file /opt/anaconda3/envs/titanic/lib/python3.11/site-packages/airflow/example_dags/example_branch_python_dop_operator_3.py for tasks to queue
[2025-03-24T17:21:53.025-1000] {logging_mixin.py:190} INFO - [2025-03-24T17:21:53.025-1000] {dagbag.py:588} INFO - Filling up the DagBag from /opt/anaconda3/envs/titanic/lib/python3.11/site-packages/airflow/example_dags/example_branch_python_dop_operator_3.py
[2025-03-24T17:21:53.034-1000] {processor.py:925} INFO - DAG(s) 'example_branch_dop_operator_v3' retrieved from /opt/anaconda3/envs/titanic/lib/python3.11/site-packages/airflow/example_dags/example_branch_python_dop_operator_3.py
[2025-03-24T17:21:53.058-1000] {logging_mixin.py:190} INFO - [2025-03-24T17:21:53.058-1000] {dag.py:3239} INFO - Sync 1 DAGs
[2025-03-24T17:21:53.063-1000] {logging_mixin.py:190} INFO - [2025-03-24T17:21:53.063-1000] {dag.py:4180} INFO - Setting next_dagrun for example_branch_dop_operator_v3 to 2025-03-25 03:20:00+00:00, run_after=2025-03-25 03:21:00+00:00
[2025-03-24T17:21:53.068-1000] {processor.py:208} INFO - Processing /opt/anaconda3/envs/titanic/lib/python3.11/site-packages/airflow/example_dags/example_branch_python_dop_operator_3.py took 0.046 seconds
[2025-03-24T17:23:43.721-1000] {processor.py:186} INFO - Started process (PID=41127) to work on /opt/anaconda3/envs/titanic/lib/python3.11/site-packages/airflow/example_dags/example_branch_python_dop_operator_3.py
[2025-03-24T17:23:43.722-1000] {processor.py:914} INFO - Processing file /opt/anaconda3/envs/titanic/lib/python3.11/site-packages/airflow/example_dags/example_branch_python_dop_operator_3.py for tasks to queue
[2025-03-24T17:23:43.722-1000] {logging_mixin.py:190} INFO - [2025-03-24T17:23:43.722-1000] {dagbag.py:588} INFO - Filling up the DagBag from /opt/anaconda3/envs/titanic/lib/python3.11/site-packages/airflow/example_dags/example_branch_python_dop_operator_3.py
[2025-03-24T17:23:43.732-1000] {processor.py:925} INFO - DAG(s) 'example_branch_dop_operator_v3' retrieved from /opt/anaconda3/envs/titanic/lib/python3.11/site-packages/airflow/example_dags/example_branch_python_dop_operator_3.py
[2025-03-24T17:23:43.756-1000] {logging_mixin.py:190} INFO - [2025-03-24T17:23:43.756-1000] {dag.py:3239} INFO - Sync 1 DAGs
[2025-03-24T17:23:43.761-1000] {logging_mixin.py:190} INFO - [2025-03-24T17:23:43.761-1000] {dag.py:4180} INFO - Setting next_dagrun for example_branch_dop_operator_v3 to 2025-03-25 03:22:00+00:00, run_after=2025-03-25 03:23:00+00:00
[2025-03-24T17:23:43.766-1000] {processor.py:208} INFO - Processing /opt/anaconda3/envs/titanic/lib/python3.11/site-packages/airflow/example_dags/example_branch_python_dop_operator_3.py took 0.046 seconds
[2025-03-24T17:25:34.215-1000] {processor.py:186} INFO - Started process (PID=41550) to work on /opt/anaconda3/envs/titanic/lib/python3.11/site-packages/airflow/example_dags/example_branch_python_dop_operator_3.py
[2025-03-24T17:25:34.216-1000] {processor.py:914} INFO - Processing file /opt/anaconda3/envs/titanic/lib/python3.11/site-packages/airflow/example_dags/example_branch_python_dop_operator_3.py for tasks to queue
[2025-03-24T17:25:34.216-1000] {logging_mixin.py:190} INFO - [2025-03-24T17:25:34.216-1000] {dagbag.py:588} INFO - Filling up the DagBag from /opt/anaconda3/envs/titanic/lib/python3.11/site-packages/airflow/example_dags/example_branch_python_dop_operator_3.py
[2025-03-24T17:25:34.225-1000] {processor.py:925} INFO - DAG(s) 'example_branch_dop_operator_v3' retrieved from /opt/anaconda3/envs/titanic/lib/python3.11/site-packages/airflow/example_dags/example_branch_python_dop_operator_3.py
[2025-03-24T17:25:34.248-1000] {logging_mixin.py:190} INFO - [2025-03-24T17:25:34.248-1000] {dag.py:3239} INFO - Sync 1 DAGs
[2025-03-24T17:25:34.254-1000] {logging_mixin.py:190} INFO - [2025-03-24T17:25:34.253-1000] {dag.py:4180} INFO - Setting next_dagrun for example_branch_dop_operator_v3 to 2025-03-25 03:24:00+00:00, run_after=2025-03-25 03:25:00+00:00
[2025-03-24T17:25:34.258-1000] {processor.py:208} INFO - Processing /opt/anaconda3/envs/titanic/lib/python3.11/site-packages/airflow/example_dags/example_branch_python_dop_operator_3.py took 0.044 seconds
[2025-03-24T17:27:39.053-1000] {processor.py:186} INFO - Started process (PID=42120) to work on /opt/anaconda3/envs/titanic/lib/python3.11/site-packages/airflow/example_dags/example_branch_python_dop_operator_3.py
[2025-03-24T17:27:39.054-1000] {processor.py:914} INFO - Processing file /opt/anaconda3/envs/titanic/lib/python3.11/site-packages/airflow/example_dags/example_branch_python_dop_operator_3.py for tasks to queue
[2025-03-24T17:27:39.055-1000] {logging_mixin.py:190} INFO - [2025-03-24T17:27:39.054-1000] {dagbag.py:588} INFO - Filling up the DagBag from /opt/anaconda3/envs/titanic/lib/python3.11/site-packages/airflow/example_dags/example_branch_python_dop_operator_3.py
[2025-03-24T17:27:39.064-1000] {processor.py:925} INFO - DAG(s) 'example_branch_dop_operator_v3' retrieved from /opt/anaconda3/envs/titanic/lib/python3.11/site-packages/airflow/example_dags/example_branch_python_dop_operator_3.py
[2025-03-24T17:27:39.088-1000] {logging_mixin.py:190} INFO - [2025-03-24T17:27:39.087-1000] {dag.py:3239} INFO - Sync 1 DAGs
[2025-03-24T17:27:39.093-1000] {logging_mixin.py:190} INFO - [2025-03-24T17:27:39.093-1000] {dag.py:4180} INFO - Setting next_dagrun for example_branch_dop_operator_v3 to 2025-03-25 03:26:00+00:00, run_after=2025-03-25 03:27:00+00:00
[2025-03-24T17:27:39.097-1000] {processor.py:208} INFO - Processing /opt/anaconda3/envs/titanic/lib/python3.11/site-packages/airflow/example_dags/example_branch_python_dop_operator_3.py took 0.045 seconds
[2025-03-24T17:29:32.689-1000] {processor.py:186} INFO - Started process (PID=42581) to work on /opt/anaconda3/envs/titanic/lib/python3.11/site-packages/airflow/example_dags/example_branch_python_dop_operator_3.py
[2025-03-24T17:29:32.689-1000] {processor.py:914} INFO - Processing file /opt/anaconda3/envs/titanic/lib/python3.11/site-packages/airflow/example_dags/example_branch_python_dop_operator_3.py for tasks to queue
[2025-03-24T17:29:32.690-1000] {logging_mixin.py:190} INFO - [2025-03-24T17:29:32.690-1000] {dagbag.py:588} INFO - Filling up the DagBag from /opt/anaconda3/envs/titanic/lib/python3.11/site-packages/airflow/example_dags/example_branch_python_dop_operator_3.py
[2025-03-24T17:29:32.699-1000] {processor.py:925} INFO - DAG(s) 'example_branch_dop_operator_v3' retrieved from /opt/anaconda3/envs/titanic/lib/python3.11/site-packages/airflow/example_dags/example_branch_python_dop_operator_3.py
[2025-03-24T17:29:32.723-1000] {logging_mixin.py:190} INFO - [2025-03-24T17:29:32.723-1000] {dag.py:3239} INFO - Sync 1 DAGs
[2025-03-24T17:29:32.728-1000] {logging_mixin.py:190} INFO - [2025-03-24T17:29:32.728-1000] {dag.py:4180} INFO - Setting next_dagrun for example_branch_dop_operator_v3 to 2025-03-25 03:28:00+00:00, run_after=2025-03-25 03:29:00+00:00
[2025-03-24T17:29:32.733-1000] {processor.py:208} INFO - Processing /opt/anaconda3/envs/titanic/lib/python3.11/site-packages/airflow/example_dags/example_branch_python_dop_operator_3.py took 0.045 seconds
[2025-03-24T17:31:30.170-1000] {processor.py:186} INFO - Started process (PID=43112) to work on /opt/anaconda3/envs/titanic/lib/python3.11/site-packages/airflow/example_dags/example_branch_python_dop_operator_3.py
[2025-03-24T17:31:30.171-1000] {processor.py:914} INFO - Processing file /opt/anaconda3/envs/titanic/lib/python3.11/site-packages/airflow/example_dags/example_branch_python_dop_operator_3.py for tasks to queue
[2025-03-24T17:31:30.172-1000] {logging_mixin.py:190} INFO - [2025-03-24T17:31:30.172-1000] {dagbag.py:588} INFO - Filling up the DagBag from /opt/anaconda3/envs/titanic/lib/python3.11/site-packages/airflow/example_dags/example_branch_python_dop_operator_3.py
[2025-03-24T17:31:30.182-1000] {processor.py:925} INFO - DAG(s) 'example_branch_dop_operator_v3' retrieved from /opt/anaconda3/envs/titanic/lib/python3.11/site-packages/airflow/example_dags/example_branch_python_dop_operator_3.py
[2025-03-24T17:31:30.206-1000] {logging_mixin.py:190} INFO - [2025-03-24T17:31:30.205-1000] {dag.py:3239} INFO - Sync 1 DAGs
[2025-03-24T17:31:30.211-1000] {logging_mixin.py:190} INFO - [2025-03-24T17:31:30.211-1000] {dag.py:4180} INFO - Setting next_dagrun for example_branch_dop_operator_v3 to 2025-03-25 03:30:00+00:00, run_after=2025-03-25 03:31:00+00:00
[2025-03-24T17:31:30.216-1000] {processor.py:208} INFO - Processing /opt/anaconda3/envs/titanic/lib/python3.11/site-packages/airflow/example_dags/example_branch_python_dop_operator_3.py took 0.046 seconds
[2025-03-24T17:33:29.293-1000] {processor.py:186} INFO - Started process (PID=43599) to work on /opt/anaconda3/envs/titanic/lib/python3.11/site-packages/airflow/example_dags/example_branch_python_dop_operator_3.py
[2025-03-24T17:33:29.294-1000] {processor.py:914} INFO - Processing file /opt/anaconda3/envs/titanic/lib/python3.11/site-packages/airflow/example_dags/example_branch_python_dop_operator_3.py for tasks to queue
[2025-03-24T17:33:29.294-1000] {logging_mixin.py:190} INFO - [2025-03-24T17:33:29.294-1000] {dagbag.py:588} INFO - Filling up the DagBag from /opt/anaconda3/envs/titanic/lib/python3.11/site-packages/airflow/example_dags/example_branch_python_dop_operator_3.py
[2025-03-24T17:33:29.304-1000] {processor.py:925} INFO - DAG(s) 'example_branch_dop_operator_v3' retrieved from /opt/anaconda3/envs/titanic/lib/python3.11/site-packages/airflow/example_dags/example_branch_python_dop_operator_3.py
[2025-03-24T17:33:29.327-1000] {logging_mixin.py:190} INFO - [2025-03-24T17:33:29.327-1000] {dag.py:3239} INFO - Sync 1 DAGs
[2025-03-24T17:33:29.332-1000] {logging_mixin.py:190} INFO - [2025-03-24T17:33:29.332-1000] {dag.py:4180} INFO - Setting next_dagrun for example_branch_dop_operator_v3 to 2025-03-25 03:32:00+00:00, run_after=2025-03-25 03:33:00+00:00
[2025-03-24T17:33:29.337-1000] {processor.py:208} INFO - Processing /opt/anaconda3/envs/titanic/lib/python3.11/site-packages/airflow/example_dags/example_branch_python_dop_operator_3.py took 0.044 seconds
