[2025-03-24T15:51:38.874-1000] {processor.py:186} INFO - Started process (PID=19246) to work on /opt/anaconda3/envs/titanic/lib/python3.11/site-packages/airflow/example_dags/example_external_task_marker_dag.py
[2025-03-24T15:51:38.874-1000] {processor.py:914} INFO - Processing file /opt/anaconda3/envs/titanic/lib/python3.11/site-packages/airflow/example_dags/example_external_task_marker_dag.py for tasks to queue
[2025-03-24T15:51:38.874-1000] {logging_mixin.py:190} INFO - [2025-03-24T15:51:38.874-1000] {dagbag.py:588} INFO - Filling up the DagBag from /opt/anaconda3/envs/titanic/lib/python3.11/site-packages/airflow/example_dags/example_external_task_marker_dag.py
[2025-03-24T15:51:38.879-1000] {processor.py:925} INFO - DAG(s) 'example_external_task_marker_child', 'example_external_task_marker_parent' retrieved from /opt/anaconda3/envs/titanic/lib/python3.11/site-packages/airflow/example_dags/example_external_task_marker_dag.py
[2025-03-24T15:51:39.082-1000] {logging_mixin.py:190} INFO - [2025-03-24T15:51:39.082-1000] {dag.py:3239} INFO - Sync 2 DAGs
[2025-03-24T15:51:39.086-1000] {logging_mixin.py:190} INFO - [2025-03-24T15:51:39.086-1000] {dag.py:4180} INFO - Setting next_dagrun for example_external_task_marker_child to None, run_after=None
[2025-03-24T15:51:39.087-1000] {logging_mixin.py:190} INFO - [2025-03-24T15:51:39.087-1000] {dag.py:4180} INFO - Setting next_dagrun for example_external_task_marker_parent to None, run_after=None
[2025-03-24T15:51:39.092-1000] {processor.py:208} INFO - Processing /opt/anaconda3/envs/titanic/lib/python3.11/site-packages/airflow/example_dags/example_external_task_marker_dag.py took 0.245 seconds
[2025-03-24T15:53:12.874-1000] {processor.py:186} INFO - Started process (PID=20040) to work on /opt/anaconda3/envs/titanic/lib/python3.11/site-packages/airflow/example_dags/example_external_task_marker_dag.py
[2025-03-24T15:53:12.874-1000] {processor.py:914} INFO - Processing file /opt/anaconda3/envs/titanic/lib/python3.11/site-packages/airflow/example_dags/example_external_task_marker_dag.py for tasks to queue
[2025-03-24T15:53:12.874-1000] {logging_mixin.py:190} INFO - [2025-03-24T15:53:12.874-1000] {dagbag.py:588} INFO - Filling up the DagBag from /opt/anaconda3/envs/titanic/lib/python3.11/site-packages/airflow/example_dags/example_external_task_marker_dag.py
[2025-03-24T15:53:12.879-1000] {processor.py:925} INFO - DAG(s) 'example_external_task_marker_parent', 'example_external_task_marker_child' retrieved from /opt/anaconda3/envs/titanic/lib/python3.11/site-packages/airflow/example_dags/example_external_task_marker_dag.py
[2025-03-24T15:53:13.071-1000] {logging_mixin.py:190} INFO - [2025-03-24T15:53:13.071-1000] {dag.py:3239} INFO - Sync 2 DAGs
[2025-03-24T15:53:13.075-1000] {logging_mixin.py:190} INFO - [2025-03-24T15:53:13.075-1000] {dag.py:4180} INFO - Setting next_dagrun for example_external_task_marker_child to None, run_after=None
[2025-03-24T15:53:13.075-1000] {logging_mixin.py:190} INFO - [2025-03-24T15:53:13.075-1000] {dag.py:4180} INFO - Setting next_dagrun for example_external_task_marker_parent to None, run_after=None
[2025-03-24T15:53:13.080-1000] {processor.py:208} INFO - Processing /opt/anaconda3/envs/titanic/lib/python3.11/site-packages/airflow/example_dags/example_external_task_marker_dag.py took 0.230 seconds
[2025-03-24T15:55:05.390-1000] {processor.py:186} INFO - Started process (PID=20484) to work on /opt/anaconda3/envs/titanic/lib/python3.11/site-packages/airflow/example_dags/example_external_task_marker_dag.py
[2025-03-24T15:55:05.391-1000] {processor.py:914} INFO - Processing file /opt/anaconda3/envs/titanic/lib/python3.11/site-packages/airflow/example_dags/example_external_task_marker_dag.py for tasks to queue
[2025-03-24T15:55:05.391-1000] {logging_mixin.py:190} INFO - [2025-03-24T15:55:05.391-1000] {dagbag.py:588} INFO - Filling up the DagBag from /opt/anaconda3/envs/titanic/lib/python3.11/site-packages/airflow/example_dags/example_external_task_marker_dag.py
[2025-03-24T15:55:05.395-1000] {processor.py:925} INFO - DAG(s) 'example_external_task_marker_parent', 'example_external_task_marker_child' retrieved from /opt/anaconda3/envs/titanic/lib/python3.11/site-packages/airflow/example_dags/example_external_task_marker_dag.py
[2025-03-24T15:55:05.565-1000] {logging_mixin.py:190} INFO - [2025-03-24T15:55:05.565-1000] {dag.py:3239} INFO - Sync 2 DAGs
[2025-03-24T15:55:05.568-1000] {logging_mixin.py:190} INFO - [2025-03-24T15:55:05.568-1000] {dag.py:4180} INFO - Setting next_dagrun for example_external_task_marker_child to None, run_after=None
[2025-03-24T15:55:05.569-1000] {logging_mixin.py:190} INFO - [2025-03-24T15:55:05.569-1000] {dag.py:4180} INFO - Setting next_dagrun for example_external_task_marker_parent to None, run_after=None
[2025-03-24T15:55:05.574-1000] {processor.py:208} INFO - Processing /opt/anaconda3/envs/titanic/lib/python3.11/site-packages/airflow/example_dags/example_external_task_marker_dag.py took 0.203 seconds
[2025-03-24T15:56:54.303-1000] {processor.py:186} INFO - Started process (PID=20911) to work on /opt/anaconda3/envs/titanic/lib/python3.11/site-packages/airflow/example_dags/example_external_task_marker_dag.py
[2025-03-24T15:56:54.304-1000] {processor.py:914} INFO - Processing file /opt/anaconda3/envs/titanic/lib/python3.11/site-packages/airflow/example_dags/example_external_task_marker_dag.py for tasks to queue
[2025-03-24T15:56:54.304-1000] {logging_mixin.py:190} INFO - [2025-03-24T15:56:54.304-1000] {dagbag.py:588} INFO - Filling up the DagBag from /opt/anaconda3/envs/titanic/lib/python3.11/site-packages/airflow/example_dags/example_external_task_marker_dag.py
[2025-03-24T15:56:54.308-1000] {processor.py:925} INFO - DAG(s) 'example_external_task_marker_parent', 'example_external_task_marker_child' retrieved from /opt/anaconda3/envs/titanic/lib/python3.11/site-packages/airflow/example_dags/example_external_task_marker_dag.py
[2025-03-24T15:56:54.481-1000] {logging_mixin.py:190} INFO - [2025-03-24T15:56:54.481-1000] {dag.py:3239} INFO - Sync 2 DAGs
[2025-03-24T15:56:54.485-1000] {logging_mixin.py:190} INFO - [2025-03-24T15:56:54.485-1000] {dag.py:4180} INFO - Setting next_dagrun for example_external_task_marker_child to None, run_after=None
[2025-03-24T15:56:54.486-1000] {logging_mixin.py:190} INFO - [2025-03-24T15:56:54.485-1000] {dag.py:4180} INFO - Setting next_dagrun for example_external_task_marker_parent to None, run_after=None
[2025-03-24T15:56:54.490-1000] {processor.py:208} INFO - Processing /opt/anaconda3/envs/titanic/lib/python3.11/site-packages/airflow/example_dags/example_external_task_marker_dag.py took 0.207 seconds
[2025-03-24T15:58:40.572-1000] {processor.py:186} INFO - Started process (PID=21328) to work on /opt/anaconda3/envs/titanic/lib/python3.11/site-packages/airflow/example_dags/example_external_task_marker_dag.py
[2025-03-24T15:58:40.573-1000] {processor.py:914} INFO - Processing file /opt/anaconda3/envs/titanic/lib/python3.11/site-packages/airflow/example_dags/example_external_task_marker_dag.py for tasks to queue
[2025-03-24T15:58:40.573-1000] {logging_mixin.py:190} INFO - [2025-03-24T15:58:40.573-1000] {dagbag.py:588} INFO - Filling up the DagBag from /opt/anaconda3/envs/titanic/lib/python3.11/site-packages/airflow/example_dags/example_external_task_marker_dag.py
[2025-03-24T15:58:40.577-1000] {processor.py:925} INFO - DAG(s) 'example_external_task_marker_child', 'example_external_task_marker_parent' retrieved from /opt/anaconda3/envs/titanic/lib/python3.11/site-packages/airflow/example_dags/example_external_task_marker_dag.py
[2025-03-24T15:58:40.754-1000] {logging_mixin.py:190} INFO - [2025-03-24T15:58:40.753-1000] {dag.py:3239} INFO - Sync 2 DAGs
[2025-03-24T15:58:40.757-1000] {logging_mixin.py:190} INFO - [2025-03-24T15:58:40.757-1000] {dag.py:4180} INFO - Setting next_dagrun for example_external_task_marker_child to None, run_after=None
[2025-03-24T15:58:40.758-1000] {logging_mixin.py:190} INFO - [2025-03-24T15:58:40.758-1000] {dag.py:4180} INFO - Setting next_dagrun for example_external_task_marker_parent to None, run_after=None
[2025-03-24T15:58:40.762-1000] {processor.py:208} INFO - Processing /opt/anaconda3/envs/titanic/lib/python3.11/site-packages/airflow/example_dags/example_external_task_marker_dag.py took 0.209 seconds
[2025-03-24T16:00:31.129-1000] {processor.py:186} INFO - Started process (PID=21761) to work on /opt/anaconda3/envs/titanic/lib/python3.11/site-packages/airflow/example_dags/example_external_task_marker_dag.py
[2025-03-24T16:00:31.130-1000] {processor.py:914} INFO - Processing file /opt/anaconda3/envs/titanic/lib/python3.11/site-packages/airflow/example_dags/example_external_task_marker_dag.py for tasks to queue
[2025-03-24T16:00:31.131-1000] {logging_mixin.py:190} INFO - [2025-03-24T16:00:31.131-1000] {dagbag.py:588} INFO - Filling up the DagBag from /opt/anaconda3/envs/titanic/lib/python3.11/site-packages/airflow/example_dags/example_external_task_marker_dag.py
[2025-03-24T16:00:31.135-1000] {processor.py:925} INFO - DAG(s) 'example_external_task_marker_child', 'example_external_task_marker_parent' retrieved from /opt/anaconda3/envs/titanic/lib/python3.11/site-packages/airflow/example_dags/example_external_task_marker_dag.py
[2025-03-24T16:00:31.311-1000] {logging_mixin.py:190} INFO - [2025-03-24T16:00:31.311-1000] {dag.py:3239} INFO - Sync 2 DAGs
[2025-03-24T16:00:31.314-1000] {logging_mixin.py:190} INFO - [2025-03-24T16:00:31.314-1000] {dag.py:4180} INFO - Setting next_dagrun for example_external_task_marker_child to None, run_after=None
[2025-03-24T16:00:31.315-1000] {logging_mixin.py:190} INFO - [2025-03-24T16:00:31.315-1000] {dag.py:4180} INFO - Setting next_dagrun for example_external_task_marker_parent to None, run_after=None
[2025-03-24T16:00:31.320-1000] {processor.py:208} INFO - Processing /opt/anaconda3/envs/titanic/lib/python3.11/site-packages/airflow/example_dags/example_external_task_marker_dag.py took 0.211 seconds
[2025-03-24T16:02:40.364-1000] {processor.py:186} INFO - Started process (PID=22236) to work on /opt/anaconda3/envs/titanic/lib/python3.11/site-packages/airflow/example_dags/example_external_task_marker_dag.py
[2025-03-24T16:02:40.364-1000] {processor.py:914} INFO - Processing file /opt/anaconda3/envs/titanic/lib/python3.11/site-packages/airflow/example_dags/example_external_task_marker_dag.py for tasks to queue
[2025-03-24T16:02:40.365-1000] {logging_mixin.py:190} INFO - [2025-03-24T16:02:40.364-1000] {dagbag.py:588} INFO - Filling up the DagBag from /opt/anaconda3/envs/titanic/lib/python3.11/site-packages/airflow/example_dags/example_external_task_marker_dag.py
[2025-03-24T16:02:40.368-1000] {processor.py:925} INFO - DAG(s) 'example_external_task_marker_parent', 'example_external_task_marker_child' retrieved from /opt/anaconda3/envs/titanic/lib/python3.11/site-packages/airflow/example_dags/example_external_task_marker_dag.py
[2025-03-24T16:02:40.538-1000] {logging_mixin.py:190} INFO - [2025-03-24T16:02:40.538-1000] {dag.py:3239} INFO - Sync 2 DAGs
[2025-03-24T16:02:40.542-1000] {logging_mixin.py:190} INFO - [2025-03-24T16:02:40.542-1000] {dag.py:4180} INFO - Setting next_dagrun for example_external_task_marker_child to None, run_after=None
[2025-03-24T16:02:40.542-1000] {logging_mixin.py:190} INFO - [2025-03-24T16:02:40.542-1000] {dag.py:4180} INFO - Setting next_dagrun for example_external_task_marker_parent to None, run_after=None
[2025-03-24T16:02:40.547-1000] {processor.py:208} INFO - Processing /opt/anaconda3/envs/titanic/lib/python3.11/site-packages/airflow/example_dags/example_external_task_marker_dag.py took 0.203 seconds
[2025-03-24T16:04:29.286-1000] {processor.py:186} INFO - Started process (PID=22644) to work on /opt/anaconda3/envs/titanic/lib/python3.11/site-packages/airflow/example_dags/example_external_task_marker_dag.py
[2025-03-24T16:04:29.286-1000] {processor.py:914} INFO - Processing file /opt/anaconda3/envs/titanic/lib/python3.11/site-packages/airflow/example_dags/example_external_task_marker_dag.py for tasks to queue
[2025-03-24T16:04:29.286-1000] {logging_mixin.py:190} INFO - [2025-03-24T16:04:29.286-1000] {dagbag.py:588} INFO - Filling up the DagBag from /opt/anaconda3/envs/titanic/lib/python3.11/site-packages/airflow/example_dags/example_external_task_marker_dag.py
[2025-03-24T16:04:29.290-1000] {processor.py:925} INFO - DAG(s) 'example_external_task_marker_parent', 'example_external_task_marker_child' retrieved from /opt/anaconda3/envs/titanic/lib/python3.11/site-packages/airflow/example_dags/example_external_task_marker_dag.py
[2025-03-24T16:04:29.459-1000] {logging_mixin.py:190} INFO - [2025-03-24T16:04:29.459-1000] {dag.py:3239} INFO - Sync 2 DAGs
[2025-03-24T16:04:29.462-1000] {logging_mixin.py:190} INFO - [2025-03-24T16:04:29.462-1000] {dag.py:4180} INFO - Setting next_dagrun for example_external_task_marker_child to None, run_after=None
[2025-03-24T16:04:29.463-1000] {logging_mixin.py:190} INFO - [2025-03-24T16:04:29.463-1000] {dag.py:4180} INFO - Setting next_dagrun for example_external_task_marker_parent to None, run_after=None
[2025-03-24T16:04:29.468-1000] {processor.py:208} INFO - Processing /opt/anaconda3/envs/titanic/lib/python3.11/site-packages/airflow/example_dags/example_external_task_marker_dag.py took 0.202 seconds
[2025-03-24T16:06:13.991-1000] {processor.py:186} INFO - Started process (PID=23043) to work on /opt/anaconda3/envs/titanic/lib/python3.11/site-packages/airflow/example_dags/example_external_task_marker_dag.py
[2025-03-24T16:06:13.991-1000] {processor.py:914} INFO - Processing file /opt/anaconda3/envs/titanic/lib/python3.11/site-packages/airflow/example_dags/example_external_task_marker_dag.py for tasks to queue
[2025-03-24T16:06:13.991-1000] {logging_mixin.py:190} INFO - [2025-03-24T16:06:13.991-1000] {dagbag.py:588} INFO - Filling up the DagBag from /opt/anaconda3/envs/titanic/lib/python3.11/site-packages/airflow/example_dags/example_external_task_marker_dag.py
[2025-03-24T16:06:13.994-1000] {processor.py:925} INFO - DAG(s) 'example_external_task_marker_parent', 'example_external_task_marker_child' retrieved from /opt/anaconda3/envs/titanic/lib/python3.11/site-packages/airflow/example_dags/example_external_task_marker_dag.py
[2025-03-24T16:06:14.167-1000] {logging_mixin.py:190} INFO - [2025-03-24T16:06:14.166-1000] {dag.py:3239} INFO - Sync 2 DAGs
[2025-03-24T16:06:14.170-1000] {logging_mixin.py:190} INFO - [2025-03-24T16:06:14.170-1000] {dag.py:4180} INFO - Setting next_dagrun for example_external_task_marker_child to None, run_after=None
[2025-03-24T16:06:14.171-1000] {logging_mixin.py:190} INFO - [2025-03-24T16:06:14.171-1000] {dag.py:4180} INFO - Setting next_dagrun for example_external_task_marker_parent to None, run_after=None
[2025-03-24T16:06:14.175-1000] {processor.py:208} INFO - Processing /opt/anaconda3/envs/titanic/lib/python3.11/site-packages/airflow/example_dags/example_external_task_marker_dag.py took 0.204 seconds
[2025-03-24T16:08:04.441-1000] {processor.py:186} INFO - Started process (PID=23496) to work on /opt/anaconda3/envs/titanic/lib/python3.11/site-packages/airflow/example_dags/example_external_task_marker_dag.py
[2025-03-24T16:08:04.442-1000] {processor.py:914} INFO - Processing file /opt/anaconda3/envs/titanic/lib/python3.11/site-packages/airflow/example_dags/example_external_task_marker_dag.py for tasks to queue
[2025-03-24T16:08:04.442-1000] {logging_mixin.py:190} INFO - [2025-03-24T16:08:04.442-1000] {dagbag.py:588} INFO - Filling up the DagBag from /opt/anaconda3/envs/titanic/lib/python3.11/site-packages/airflow/example_dags/example_external_task_marker_dag.py
[2025-03-24T16:08:04.445-1000] {processor.py:925} INFO - DAG(s) 'example_external_task_marker_parent', 'example_external_task_marker_child' retrieved from /opt/anaconda3/envs/titanic/lib/python3.11/site-packages/airflow/example_dags/example_external_task_marker_dag.py
[2025-03-24T16:08:04.615-1000] {logging_mixin.py:190} INFO - [2025-03-24T16:08:04.615-1000] {dag.py:3239} INFO - Sync 2 DAGs
[2025-03-24T16:08:04.619-1000] {logging_mixin.py:190} INFO - [2025-03-24T16:08:04.618-1000] {dag.py:4180} INFO - Setting next_dagrun for example_external_task_marker_child to None, run_after=None
[2025-03-24T16:08:04.619-1000] {logging_mixin.py:190} INFO - [2025-03-24T16:08:04.619-1000] {dag.py:4180} INFO - Setting next_dagrun for example_external_task_marker_parent to None, run_after=None
[2025-03-24T16:08:04.624-1000] {processor.py:208} INFO - Processing /opt/anaconda3/envs/titanic/lib/python3.11/site-packages/airflow/example_dags/example_external_task_marker_dag.py took 0.203 seconds
[2025-03-24T16:09:58.030-1000] {processor.py:186} INFO - Started process (PID=23927) to work on /opt/anaconda3/envs/titanic/lib/python3.11/site-packages/airflow/example_dags/example_external_task_marker_dag.py
[2025-03-24T16:09:58.030-1000] {processor.py:914} INFO - Processing file /opt/anaconda3/envs/titanic/lib/python3.11/site-packages/airflow/example_dags/example_external_task_marker_dag.py for tasks to queue
[2025-03-24T16:09:58.030-1000] {logging_mixin.py:190} INFO - [2025-03-24T16:09:58.030-1000] {dagbag.py:588} INFO - Filling up the DagBag from /opt/anaconda3/envs/titanic/lib/python3.11/site-packages/airflow/example_dags/example_external_task_marker_dag.py
[2025-03-24T16:09:58.034-1000] {processor.py:925} INFO - DAG(s) 'example_external_task_marker_child', 'example_external_task_marker_parent' retrieved from /opt/anaconda3/envs/titanic/lib/python3.11/site-packages/airflow/example_dags/example_external_task_marker_dag.py
[2025-03-24T16:09:58.212-1000] {logging_mixin.py:190} INFO - [2025-03-24T16:09:58.212-1000] {dag.py:3239} INFO - Sync 2 DAGs
[2025-03-24T16:09:58.216-1000] {logging_mixin.py:190} INFO - [2025-03-24T16:09:58.216-1000] {dag.py:4180} INFO - Setting next_dagrun for example_external_task_marker_child to None, run_after=None
[2025-03-24T16:09:58.217-1000] {logging_mixin.py:190} INFO - [2025-03-24T16:09:58.217-1000] {dag.py:4180} INFO - Setting next_dagrun for example_external_task_marker_parent to None, run_after=None
[2025-03-24T16:09:58.221-1000] {processor.py:208} INFO - Processing /opt/anaconda3/envs/titanic/lib/python3.11/site-packages/airflow/example_dags/example_external_task_marker_dag.py took 0.212 seconds
[2025-03-24T16:12:01.065-1000] {processor.py:186} INFO - Started process (PID=24421) to work on /opt/anaconda3/envs/titanic/lib/python3.11/site-packages/airflow/example_dags/example_external_task_marker_dag.py
[2025-03-24T16:12:01.066-1000] {processor.py:914} INFO - Processing file /opt/anaconda3/envs/titanic/lib/python3.11/site-packages/airflow/example_dags/example_external_task_marker_dag.py for tasks to queue
[2025-03-24T16:12:01.067-1000] {logging_mixin.py:190} INFO - [2025-03-24T16:12:01.067-1000] {dagbag.py:588} INFO - Filling up the DagBag from /opt/anaconda3/envs/titanic/lib/python3.11/site-packages/airflow/example_dags/example_external_task_marker_dag.py
[2025-03-24T16:12:01.070-1000] {processor.py:925} INFO - DAG(s) 'example_external_task_marker_parent', 'example_external_task_marker_child' retrieved from /opt/anaconda3/envs/titanic/lib/python3.11/site-packages/airflow/example_dags/example_external_task_marker_dag.py
[2025-03-24T16:12:01.241-1000] {logging_mixin.py:190} INFO - [2025-03-24T16:12:01.241-1000] {dag.py:3239} INFO - Sync 2 DAGs
[2025-03-24T16:12:01.245-1000] {logging_mixin.py:190} INFO - [2025-03-24T16:12:01.245-1000] {dag.py:4180} INFO - Setting next_dagrun for example_external_task_marker_child to None, run_after=None
[2025-03-24T16:12:01.245-1000] {logging_mixin.py:190} INFO - [2025-03-24T16:12:01.245-1000] {dag.py:4180} INFO - Setting next_dagrun for example_external_task_marker_parent to None, run_after=None
[2025-03-24T16:12:01.250-1000] {processor.py:208} INFO - Processing /opt/anaconda3/envs/titanic/lib/python3.11/site-packages/airflow/example_dags/example_external_task_marker_dag.py took 0.205 seconds
[2025-03-24T16:14:01.637-1000] {processor.py:186} INFO - Started process (PID=24945) to work on /opt/anaconda3/envs/titanic/lib/python3.11/site-packages/airflow/example_dags/example_external_task_marker_dag.py
[2025-03-24T16:14:01.638-1000] {processor.py:914} INFO - Processing file /opt/anaconda3/envs/titanic/lib/python3.11/site-packages/airflow/example_dags/example_external_task_marker_dag.py for tasks to queue
[2025-03-24T16:14:01.638-1000] {logging_mixin.py:190} INFO - [2025-03-24T16:14:01.638-1000] {dagbag.py:588} INFO - Filling up the DagBag from /opt/anaconda3/envs/titanic/lib/python3.11/site-packages/airflow/example_dags/example_external_task_marker_dag.py
[2025-03-24T16:14:01.641-1000] {processor.py:925} INFO - DAG(s) 'example_external_task_marker_parent', 'example_external_task_marker_child' retrieved from /opt/anaconda3/envs/titanic/lib/python3.11/site-packages/airflow/example_dags/example_external_task_marker_dag.py
[2025-03-24T16:14:01.812-1000] {logging_mixin.py:190} INFO - [2025-03-24T16:14:01.812-1000] {dag.py:3239} INFO - Sync 2 DAGs
[2025-03-24T16:14:01.816-1000] {logging_mixin.py:190} INFO - [2025-03-24T16:14:01.816-1000] {dag.py:4180} INFO - Setting next_dagrun for example_external_task_marker_child to None, run_after=None
[2025-03-24T16:14:01.817-1000] {logging_mixin.py:190} INFO - [2025-03-24T16:14:01.817-1000] {dag.py:4180} INFO - Setting next_dagrun for example_external_task_marker_parent to None, run_after=None
[2025-03-24T16:14:01.821-1000] {processor.py:208} INFO - Processing /opt/anaconda3/envs/titanic/lib/python3.11/site-packages/airflow/example_dags/example_external_task_marker_dag.py took 0.203 seconds
[2025-03-24T16:15:53.933-1000] {processor.py:186} INFO - Started process (PID=25393) to work on /opt/anaconda3/envs/titanic/lib/python3.11/site-packages/airflow/example_dags/example_external_task_marker_dag.py
[2025-03-24T16:15:53.933-1000] {processor.py:914} INFO - Processing file /opt/anaconda3/envs/titanic/lib/python3.11/site-packages/airflow/example_dags/example_external_task_marker_dag.py for tasks to queue
[2025-03-24T16:15:53.933-1000] {logging_mixin.py:190} INFO - [2025-03-24T16:15:53.933-1000] {dagbag.py:588} INFO - Filling up the DagBag from /opt/anaconda3/envs/titanic/lib/python3.11/site-packages/airflow/example_dags/example_external_task_marker_dag.py
[2025-03-24T16:15:53.936-1000] {processor.py:925} INFO - DAG(s) 'example_external_task_marker_child', 'example_external_task_marker_parent' retrieved from /opt/anaconda3/envs/titanic/lib/python3.11/site-packages/airflow/example_dags/example_external_task_marker_dag.py
[2025-03-24T16:15:54.119-1000] {logging_mixin.py:190} INFO - [2025-03-24T16:15:54.119-1000] {dag.py:3239} INFO - Sync 2 DAGs
[2025-03-24T16:15:54.122-1000] {logging_mixin.py:190} INFO - [2025-03-24T16:15:54.122-1000] {dag.py:4180} INFO - Setting next_dagrun for example_external_task_marker_child to None, run_after=None
[2025-03-24T16:15:54.123-1000] {logging_mixin.py:190} INFO - [2025-03-24T16:15:54.123-1000] {dag.py:4180} INFO - Setting next_dagrun for example_external_task_marker_parent to None, run_after=None
[2025-03-24T16:15:54.127-1000] {processor.py:208} INFO - Processing /opt/anaconda3/envs/titanic/lib/python3.11/site-packages/airflow/example_dags/example_external_task_marker_dag.py took 0.214 seconds
[2025-03-24T16:17:43.736-1000] {processor.py:186} INFO - Started process (PID=25808) to work on /opt/anaconda3/envs/titanic/lib/python3.11/site-packages/airflow/example_dags/example_external_task_marker_dag.py
[2025-03-24T16:17:43.737-1000] {processor.py:914} INFO - Processing file /opt/anaconda3/envs/titanic/lib/python3.11/site-packages/airflow/example_dags/example_external_task_marker_dag.py for tasks to queue
[2025-03-24T16:17:43.737-1000] {logging_mixin.py:190} INFO - [2025-03-24T16:17:43.737-1000] {dagbag.py:588} INFO - Filling up the DagBag from /opt/anaconda3/envs/titanic/lib/python3.11/site-packages/airflow/example_dags/example_external_task_marker_dag.py
[2025-03-24T16:17:43.740-1000] {processor.py:925} INFO - DAG(s) 'example_external_task_marker_parent', 'example_external_task_marker_child' retrieved from /opt/anaconda3/envs/titanic/lib/python3.11/site-packages/airflow/example_dags/example_external_task_marker_dag.py
[2025-03-24T16:17:43.910-1000] {logging_mixin.py:190} INFO - [2025-03-24T16:17:43.909-1000] {dag.py:3239} INFO - Sync 2 DAGs
[2025-03-24T16:17:43.913-1000] {logging_mixin.py:190} INFO - [2025-03-24T16:17:43.913-1000] {dag.py:4180} INFO - Setting next_dagrun for example_external_task_marker_child to None, run_after=None
[2025-03-24T16:17:43.914-1000] {logging_mixin.py:190} INFO - [2025-03-24T16:17:43.914-1000] {dag.py:4180} INFO - Setting next_dagrun for example_external_task_marker_parent to None, run_after=None
[2025-03-24T16:17:43.919-1000] {processor.py:208} INFO - Processing /opt/anaconda3/envs/titanic/lib/python3.11/site-packages/airflow/example_dags/example_external_task_marker_dag.py took 0.202 seconds
[2025-03-24T16:19:35.665-1000] {processor.py:186} INFO - Started process (PID=26265) to work on /opt/anaconda3/envs/titanic/lib/python3.11/site-packages/airflow/example_dags/example_external_task_marker_dag.py
[2025-03-24T16:19:35.665-1000] {processor.py:914} INFO - Processing file /opt/anaconda3/envs/titanic/lib/python3.11/site-packages/airflow/example_dags/example_external_task_marker_dag.py for tasks to queue
[2025-03-24T16:19:35.666-1000] {logging_mixin.py:190} INFO - [2025-03-24T16:19:35.665-1000] {dagbag.py:588} INFO - Filling up the DagBag from /opt/anaconda3/envs/titanic/lib/python3.11/site-packages/airflow/example_dags/example_external_task_marker_dag.py
[2025-03-24T16:19:35.669-1000] {processor.py:925} INFO - DAG(s) 'example_external_task_marker_parent', 'example_external_task_marker_child' retrieved from /opt/anaconda3/envs/titanic/lib/python3.11/site-packages/airflow/example_dags/example_external_task_marker_dag.py
[2025-03-24T16:19:35.892-1000] {logging_mixin.py:190} INFO - [2025-03-24T16:19:35.892-1000] {dag.py:3239} INFO - Sync 2 DAGs
[2025-03-24T16:19:35.896-1000] {logging_mixin.py:190} INFO - [2025-03-24T16:19:35.896-1000] {dag.py:4180} INFO - Setting next_dagrun for example_external_task_marker_child to None, run_after=None
[2025-03-24T16:19:35.896-1000] {logging_mixin.py:190} INFO - [2025-03-24T16:19:35.896-1000] {dag.py:4180} INFO - Setting next_dagrun for example_external_task_marker_parent to None, run_after=None
[2025-03-24T16:19:35.901-1000] {processor.py:208} INFO - Processing /opt/anaconda3/envs/titanic/lib/python3.11/site-packages/airflow/example_dags/example_external_task_marker_dag.py took 0.257 seconds
[2025-03-24T16:21:26.603-1000] {processor.py:186} INFO - Started process (PID=26679) to work on /opt/anaconda3/envs/titanic/lib/python3.11/site-packages/airflow/example_dags/example_external_task_marker_dag.py
[2025-03-24T16:21:26.603-1000] {processor.py:914} INFO - Processing file /opt/anaconda3/envs/titanic/lib/python3.11/site-packages/airflow/example_dags/example_external_task_marker_dag.py for tasks to queue
[2025-03-24T16:21:26.603-1000] {logging_mixin.py:190} INFO - [2025-03-24T16:21:26.603-1000] {dagbag.py:588} INFO - Filling up the DagBag from /opt/anaconda3/envs/titanic/lib/python3.11/site-packages/airflow/example_dags/example_external_task_marker_dag.py
[2025-03-24T16:21:26.606-1000] {processor.py:925} INFO - DAG(s) 'example_external_task_marker_child', 'example_external_task_marker_parent' retrieved from /opt/anaconda3/envs/titanic/lib/python3.11/site-packages/airflow/example_dags/example_external_task_marker_dag.py
[2025-03-24T16:21:26.774-1000] {logging_mixin.py:190} INFO - [2025-03-24T16:21:26.773-1000] {dag.py:3239} INFO - Sync 2 DAGs
[2025-03-24T16:21:26.777-1000] {logging_mixin.py:190} INFO - [2025-03-24T16:21:26.777-1000] {dag.py:4180} INFO - Setting next_dagrun for example_external_task_marker_child to None, run_after=None
[2025-03-24T16:21:26.778-1000] {logging_mixin.py:190} INFO - [2025-03-24T16:21:26.778-1000] {dag.py:4180} INFO - Setting next_dagrun for example_external_task_marker_parent to None, run_after=None
[2025-03-24T16:21:26.782-1000] {processor.py:208} INFO - Processing /opt/anaconda3/envs/titanic/lib/python3.11/site-packages/airflow/example_dags/example_external_task_marker_dag.py took 0.199 seconds
[2025-03-24T16:23:17.719-1000] {processor.py:186} INFO - Started process (PID=27112) to work on /opt/anaconda3/envs/titanic/lib/python3.11/site-packages/airflow/example_dags/example_external_task_marker_dag.py
[2025-03-24T16:23:17.719-1000] {processor.py:914} INFO - Processing file /opt/anaconda3/envs/titanic/lib/python3.11/site-packages/airflow/example_dags/example_external_task_marker_dag.py for tasks to queue
[2025-03-24T16:23:17.719-1000] {logging_mixin.py:190} INFO - [2025-03-24T16:23:17.719-1000] {dagbag.py:588} INFO - Filling up the DagBag from /opt/anaconda3/envs/titanic/lib/python3.11/site-packages/airflow/example_dags/example_external_task_marker_dag.py
[2025-03-24T16:23:17.723-1000] {processor.py:925} INFO - DAG(s) 'example_external_task_marker_parent', 'example_external_task_marker_child' retrieved from /opt/anaconda3/envs/titanic/lib/python3.11/site-packages/airflow/example_dags/example_external_task_marker_dag.py
[2025-03-24T16:23:17.899-1000] {logging_mixin.py:190} INFO - [2025-03-24T16:23:17.899-1000] {dag.py:3239} INFO - Sync 2 DAGs
[2025-03-24T16:23:17.903-1000] {logging_mixin.py:190} INFO - [2025-03-24T16:23:17.903-1000] {dag.py:4180} INFO - Setting next_dagrun for example_external_task_marker_child to None, run_after=None
[2025-03-24T16:23:17.903-1000] {logging_mixin.py:190} INFO - [2025-03-24T16:23:17.903-1000] {dag.py:4180} INFO - Setting next_dagrun for example_external_task_marker_parent to None, run_after=None
[2025-03-24T16:23:17.908-1000] {processor.py:208} INFO - Processing /opt/anaconda3/envs/titanic/lib/python3.11/site-packages/airflow/example_dags/example_external_task_marker_dag.py took 0.209 seconds
[2025-03-24T16:25:11.556-1000] {processor.py:186} INFO - Started process (PID=27545) to work on /opt/anaconda3/envs/titanic/lib/python3.11/site-packages/airflow/example_dags/example_external_task_marker_dag.py
[2025-03-24T16:25:11.556-1000] {processor.py:914} INFO - Processing file /opt/anaconda3/envs/titanic/lib/python3.11/site-packages/airflow/example_dags/example_external_task_marker_dag.py for tasks to queue
[2025-03-24T16:25:11.557-1000] {logging_mixin.py:190} INFO - [2025-03-24T16:25:11.557-1000] {dagbag.py:588} INFO - Filling up the DagBag from /opt/anaconda3/envs/titanic/lib/python3.11/site-packages/airflow/example_dags/example_external_task_marker_dag.py
[2025-03-24T16:25:11.560-1000] {processor.py:925} INFO - DAG(s) 'example_external_task_marker_parent', 'example_external_task_marker_child' retrieved from /opt/anaconda3/envs/titanic/lib/python3.11/site-packages/airflow/example_dags/example_external_task_marker_dag.py
[2025-03-24T16:25:11.731-1000] {logging_mixin.py:190} INFO - [2025-03-24T16:25:11.731-1000] {dag.py:3239} INFO - Sync 2 DAGs
[2025-03-24T16:25:11.735-1000] {logging_mixin.py:190} INFO - [2025-03-24T16:25:11.734-1000] {dag.py:4180} INFO - Setting next_dagrun for example_external_task_marker_child to None, run_after=None
[2025-03-24T16:25:11.735-1000] {logging_mixin.py:190} INFO - [2025-03-24T16:25:11.735-1000] {dag.py:4180} INFO - Setting next_dagrun for example_external_task_marker_parent to None, run_after=None
[2025-03-24T16:25:11.740-1000] {processor.py:208} INFO - Processing /opt/anaconda3/envs/titanic/lib/python3.11/site-packages/airflow/example_dags/example_external_task_marker_dag.py took 0.203 seconds
[2025-03-24T16:27:03.372-1000] {processor.py:186} INFO - Started process (PID=27970) to work on /opt/anaconda3/envs/titanic/lib/python3.11/site-packages/airflow/example_dags/example_external_task_marker_dag.py
[2025-03-24T16:27:03.372-1000] {processor.py:914} INFO - Processing file /opt/anaconda3/envs/titanic/lib/python3.11/site-packages/airflow/example_dags/example_external_task_marker_dag.py for tasks to queue
[2025-03-24T16:27:03.372-1000] {logging_mixin.py:190} INFO - [2025-03-24T16:27:03.372-1000] {dagbag.py:588} INFO - Filling up the DagBag from /opt/anaconda3/envs/titanic/lib/python3.11/site-packages/airflow/example_dags/example_external_task_marker_dag.py
[2025-03-24T16:27:03.376-1000] {processor.py:925} INFO - DAG(s) 'example_external_task_marker_child', 'example_external_task_marker_parent' retrieved from /opt/anaconda3/envs/titanic/lib/python3.11/site-packages/airflow/example_dags/example_external_task_marker_dag.py
[2025-03-24T16:27:03.546-1000] {logging_mixin.py:190} INFO - [2025-03-24T16:27:03.546-1000] {dag.py:3239} INFO - Sync 2 DAGs
[2025-03-24T16:27:03.549-1000] {logging_mixin.py:190} INFO - [2025-03-24T16:27:03.549-1000] {dag.py:4180} INFO - Setting next_dagrun for example_external_task_marker_child to None, run_after=None
[2025-03-24T16:27:03.550-1000] {logging_mixin.py:190} INFO - [2025-03-24T16:27:03.550-1000] {dag.py:4180} INFO - Setting next_dagrun for example_external_task_marker_parent to None, run_after=None
[2025-03-24T16:27:03.554-1000] {processor.py:208} INFO - Processing /opt/anaconda3/envs/titanic/lib/python3.11/site-packages/airflow/example_dags/example_external_task_marker_dag.py took 0.202 seconds
[2025-03-24T16:28:51.808-1000] {processor.py:186} INFO - Started process (PID=28385) to work on /opt/anaconda3/envs/titanic/lib/python3.11/site-packages/airflow/example_dags/example_external_task_marker_dag.py
[2025-03-24T16:28:51.808-1000] {processor.py:914} INFO - Processing file /opt/anaconda3/envs/titanic/lib/python3.11/site-packages/airflow/example_dags/example_external_task_marker_dag.py for tasks to queue
[2025-03-24T16:28:51.809-1000] {logging_mixin.py:190} INFO - [2025-03-24T16:28:51.809-1000] {dagbag.py:588} INFO - Filling up the DagBag from /opt/anaconda3/envs/titanic/lib/python3.11/site-packages/airflow/example_dags/example_external_task_marker_dag.py
[2025-03-24T16:28:51.812-1000] {processor.py:925} INFO - DAG(s) 'example_external_task_marker_child', 'example_external_task_marker_parent' retrieved from /opt/anaconda3/envs/titanic/lib/python3.11/site-packages/airflow/example_dags/example_external_task_marker_dag.py
[2025-03-24T16:28:51.981-1000] {logging_mixin.py:190} INFO - [2025-03-24T16:28:51.981-1000] {dag.py:3239} INFO - Sync 2 DAGs
[2025-03-24T16:28:51.984-1000] {logging_mixin.py:190} INFO - [2025-03-24T16:28:51.984-1000] {dag.py:4180} INFO - Setting next_dagrun for example_external_task_marker_child to None, run_after=None
[2025-03-24T16:28:51.985-1000] {logging_mixin.py:190} INFO - [2025-03-24T16:28:51.985-1000] {dag.py:4180} INFO - Setting next_dagrun for example_external_task_marker_parent to None, run_after=None
[2025-03-24T16:28:51.989-1000] {processor.py:208} INFO - Processing /opt/anaconda3/envs/titanic/lib/python3.11/site-packages/airflow/example_dags/example_external_task_marker_dag.py took 0.201 seconds
[2025-03-24T16:30:38.266-1000] {processor.py:186} INFO - Started process (PID=28784) to work on /opt/anaconda3/envs/titanic/lib/python3.11/site-packages/airflow/example_dags/example_external_task_marker_dag.py
[2025-03-24T16:30:38.266-1000] {processor.py:914} INFO - Processing file /opt/anaconda3/envs/titanic/lib/python3.11/site-packages/airflow/example_dags/example_external_task_marker_dag.py for tasks to queue
[2025-03-24T16:30:38.267-1000] {logging_mixin.py:190} INFO - [2025-03-24T16:30:38.266-1000] {dagbag.py:588} INFO - Filling up the DagBag from /opt/anaconda3/envs/titanic/lib/python3.11/site-packages/airflow/example_dags/example_external_task_marker_dag.py
[2025-03-24T16:30:38.270-1000] {processor.py:925} INFO - DAG(s) 'example_external_task_marker_parent', 'example_external_task_marker_child' retrieved from /opt/anaconda3/envs/titanic/lib/python3.11/site-packages/airflow/example_dags/example_external_task_marker_dag.py
[2025-03-24T16:30:38.438-1000] {logging_mixin.py:190} INFO - [2025-03-24T16:30:38.438-1000] {dag.py:3239} INFO - Sync 2 DAGs
[2025-03-24T16:30:38.441-1000] {logging_mixin.py:190} INFO - [2025-03-24T16:30:38.441-1000] {dag.py:4180} INFO - Setting next_dagrun for example_external_task_marker_child to None, run_after=None
[2025-03-24T16:30:38.442-1000] {logging_mixin.py:190} INFO - [2025-03-24T16:30:38.442-1000] {dag.py:4180} INFO - Setting next_dagrun for example_external_task_marker_parent to None, run_after=None
[2025-03-24T16:30:38.447-1000] {processor.py:208} INFO - Processing /opt/anaconda3/envs/titanic/lib/python3.11/site-packages/airflow/example_dags/example_external_task_marker_dag.py took 0.200 seconds
[2025-03-24T16:32:28.493-1000] {processor.py:186} INFO - Started process (PID=29212) to work on /opt/anaconda3/envs/titanic/lib/python3.11/site-packages/airflow/example_dags/example_external_task_marker_dag.py
[2025-03-24T16:32:28.493-1000] {processor.py:914} INFO - Processing file /opt/anaconda3/envs/titanic/lib/python3.11/site-packages/airflow/example_dags/example_external_task_marker_dag.py for tasks to queue
[2025-03-24T16:32:28.494-1000] {logging_mixin.py:190} INFO - [2025-03-24T16:32:28.494-1000] {dagbag.py:588} INFO - Filling up the DagBag from /opt/anaconda3/envs/titanic/lib/python3.11/site-packages/airflow/example_dags/example_external_task_marker_dag.py
[2025-03-24T16:32:28.497-1000] {processor.py:925} INFO - DAG(s) 'example_external_task_marker_child', 'example_external_task_marker_parent' retrieved from /opt/anaconda3/envs/titanic/lib/python3.11/site-packages/airflow/example_dags/example_external_task_marker_dag.py
[2025-03-24T16:32:28.676-1000] {logging_mixin.py:190} INFO - [2025-03-24T16:32:28.676-1000] {dag.py:3239} INFO - Sync 2 DAGs
[2025-03-24T16:32:28.679-1000] {logging_mixin.py:190} INFO - [2025-03-24T16:32:28.679-1000] {dag.py:4180} INFO - Setting next_dagrun for example_external_task_marker_child to None, run_after=None
[2025-03-24T16:32:28.680-1000] {logging_mixin.py:190} INFO - [2025-03-24T16:32:28.680-1000] {dag.py:4180} INFO - Setting next_dagrun for example_external_task_marker_parent to None, run_after=None
[2025-03-24T16:32:28.684-1000] {processor.py:208} INFO - Processing /opt/anaconda3/envs/titanic/lib/python3.11/site-packages/airflow/example_dags/example_external_task_marker_dag.py took 0.213 seconds
[2025-03-24T16:34:18.264-1000] {processor.py:186} INFO - Started process (PID=29640) to work on /opt/anaconda3/envs/titanic/lib/python3.11/site-packages/airflow/example_dags/example_external_task_marker_dag.py
[2025-03-24T16:34:18.265-1000] {processor.py:914} INFO - Processing file /opt/anaconda3/envs/titanic/lib/python3.11/site-packages/airflow/example_dags/example_external_task_marker_dag.py for tasks to queue
[2025-03-24T16:34:18.265-1000] {logging_mixin.py:190} INFO - [2025-03-24T16:34:18.265-1000] {dagbag.py:588} INFO - Filling up the DagBag from /opt/anaconda3/envs/titanic/lib/python3.11/site-packages/airflow/example_dags/example_external_task_marker_dag.py
[2025-03-24T16:34:18.268-1000] {processor.py:925} INFO - DAG(s) 'example_external_task_marker_parent', 'example_external_task_marker_child' retrieved from /opt/anaconda3/envs/titanic/lib/python3.11/site-packages/airflow/example_dags/example_external_task_marker_dag.py
[2025-03-24T16:34:18.436-1000] {logging_mixin.py:190} INFO - [2025-03-24T16:34:18.436-1000] {dag.py:3239} INFO - Sync 2 DAGs
[2025-03-24T16:34:18.440-1000] {logging_mixin.py:190} INFO - [2025-03-24T16:34:18.440-1000] {dag.py:4180} INFO - Setting next_dagrun for example_external_task_marker_child to None, run_after=None
[2025-03-24T16:34:18.441-1000] {logging_mixin.py:190} INFO - [2025-03-24T16:34:18.440-1000] {dag.py:4180} INFO - Setting next_dagrun for example_external_task_marker_parent to None, run_after=None
[2025-03-24T16:34:18.445-1000] {processor.py:208} INFO - Processing /opt/anaconda3/envs/titanic/lib/python3.11/site-packages/airflow/example_dags/example_external_task_marker_dag.py took 0.200 seconds
[2025-03-24T16:36:07.410-1000] {processor.py:186} INFO - Started process (PID=30052) to work on /opt/anaconda3/envs/titanic/lib/python3.11/site-packages/airflow/example_dags/example_external_task_marker_dag.py
[2025-03-24T16:36:07.410-1000] {processor.py:914} INFO - Processing file /opt/anaconda3/envs/titanic/lib/python3.11/site-packages/airflow/example_dags/example_external_task_marker_dag.py for tasks to queue
[2025-03-24T16:36:07.410-1000] {logging_mixin.py:190} INFO - [2025-03-24T16:36:07.410-1000] {dagbag.py:588} INFO - Filling up the DagBag from /opt/anaconda3/envs/titanic/lib/python3.11/site-packages/airflow/example_dags/example_external_task_marker_dag.py
[2025-03-24T16:36:07.413-1000] {processor.py:925} INFO - DAG(s) 'example_external_task_marker_parent', 'example_external_task_marker_child' retrieved from /opt/anaconda3/envs/titanic/lib/python3.11/site-packages/airflow/example_dags/example_external_task_marker_dag.py
[2025-03-24T16:36:07.585-1000] {logging_mixin.py:190} INFO - [2025-03-24T16:36:07.585-1000] {dag.py:3239} INFO - Sync 2 DAGs
[2025-03-24T16:36:07.588-1000] {logging_mixin.py:190} INFO - [2025-03-24T16:36:07.588-1000] {dag.py:4180} INFO - Setting next_dagrun for example_external_task_marker_child to None, run_after=None
[2025-03-24T16:36:07.589-1000] {logging_mixin.py:190} INFO - [2025-03-24T16:36:07.589-1000] {dag.py:4180} INFO - Setting next_dagrun for example_external_task_marker_parent to None, run_after=None
[2025-03-24T16:36:07.594-1000] {processor.py:208} INFO - Processing /opt/anaconda3/envs/titanic/lib/python3.11/site-packages/airflow/example_dags/example_external_task_marker_dag.py took 0.204 seconds
[2025-03-24T16:37:58.419-1000] {processor.py:186} INFO - Started process (PID=30484) to work on /opt/anaconda3/envs/titanic/lib/python3.11/site-packages/airflow/example_dags/example_external_task_marker_dag.py
[2025-03-24T16:37:58.419-1000] {processor.py:914} INFO - Processing file /opt/anaconda3/envs/titanic/lib/python3.11/site-packages/airflow/example_dags/example_external_task_marker_dag.py for tasks to queue
[2025-03-24T16:37:58.420-1000] {logging_mixin.py:190} INFO - [2025-03-24T16:37:58.420-1000] {dagbag.py:588} INFO - Filling up the DagBag from /opt/anaconda3/envs/titanic/lib/python3.11/site-packages/airflow/example_dags/example_external_task_marker_dag.py
[2025-03-24T16:37:58.423-1000] {processor.py:925} INFO - DAG(s) 'example_external_task_marker_child', 'example_external_task_marker_parent' retrieved from /opt/anaconda3/envs/titanic/lib/python3.11/site-packages/airflow/example_dags/example_external_task_marker_dag.py
[2025-03-24T16:37:58.640-1000] {logging_mixin.py:190} INFO - [2025-03-24T16:37:58.640-1000] {dag.py:3239} INFO - Sync 2 DAGs
[2025-03-24T16:37:58.643-1000] {logging_mixin.py:190} INFO - [2025-03-24T16:37:58.643-1000] {dag.py:4180} INFO - Setting next_dagrun for example_external_task_marker_child to None, run_after=None
[2025-03-24T16:37:58.644-1000] {logging_mixin.py:190} INFO - [2025-03-24T16:37:58.644-1000] {dag.py:4180} INFO - Setting next_dagrun for example_external_task_marker_parent to None, run_after=None
[2025-03-24T16:37:58.648-1000] {processor.py:208} INFO - Processing /opt/anaconda3/envs/titanic/lib/python3.11/site-packages/airflow/example_dags/example_external_task_marker_dag.py took 0.251 seconds
[2025-03-24T16:39:55.778-1000] {processor.py:186} INFO - Started process (PID=30943) to work on /opt/anaconda3/envs/titanic/lib/python3.11/site-packages/airflow/example_dags/example_external_task_marker_dag.py
[2025-03-24T16:39:55.778-1000] {processor.py:914} INFO - Processing file /opt/anaconda3/envs/titanic/lib/python3.11/site-packages/airflow/example_dags/example_external_task_marker_dag.py for tasks to queue
[2025-03-24T16:39:55.778-1000] {logging_mixin.py:190} INFO - [2025-03-24T16:39:55.778-1000] {dagbag.py:588} INFO - Filling up the DagBag from /opt/anaconda3/envs/titanic/lib/python3.11/site-packages/airflow/example_dags/example_external_task_marker_dag.py
[2025-03-24T16:39:55.782-1000] {processor.py:925} INFO - DAG(s) 'example_external_task_marker_parent', 'example_external_task_marker_child' retrieved from /opt/anaconda3/envs/titanic/lib/python3.11/site-packages/airflow/example_dags/example_external_task_marker_dag.py
[2025-03-24T16:39:55.958-1000] {logging_mixin.py:190} INFO - [2025-03-24T16:39:55.958-1000] {dag.py:3239} INFO - Sync 2 DAGs
[2025-03-24T16:39:55.962-1000] {logging_mixin.py:190} INFO - [2025-03-24T16:39:55.962-1000] {dag.py:4180} INFO - Setting next_dagrun for example_external_task_marker_child to None, run_after=None
[2025-03-24T16:39:55.963-1000] {logging_mixin.py:190} INFO - [2025-03-24T16:39:55.963-1000] {dag.py:4180} INFO - Setting next_dagrun for example_external_task_marker_parent to None, run_after=None
[2025-03-24T16:39:55.967-1000] {processor.py:208} INFO - Processing /opt/anaconda3/envs/titanic/lib/python3.11/site-packages/airflow/example_dags/example_external_task_marker_dag.py took 0.210 seconds
[2025-03-24T16:41:53.413-1000] {processor.py:186} INFO - Started process (PID=31392) to work on /opt/anaconda3/envs/titanic/lib/python3.11/site-packages/airflow/example_dags/example_external_task_marker_dag.py
[2025-03-24T16:41:53.413-1000] {processor.py:914} INFO - Processing file /opt/anaconda3/envs/titanic/lib/python3.11/site-packages/airflow/example_dags/example_external_task_marker_dag.py for tasks to queue
[2025-03-24T16:41:53.413-1000] {logging_mixin.py:190} INFO - [2025-03-24T16:41:53.413-1000] {dagbag.py:588} INFO - Filling up the DagBag from /opt/anaconda3/envs/titanic/lib/python3.11/site-packages/airflow/example_dags/example_external_task_marker_dag.py
[2025-03-24T16:41:53.417-1000] {processor.py:925} INFO - DAG(s) 'example_external_task_marker_parent', 'example_external_task_marker_child' retrieved from /opt/anaconda3/envs/titanic/lib/python3.11/site-packages/airflow/example_dags/example_external_task_marker_dag.py
[2025-03-24T16:41:53.587-1000] {logging_mixin.py:190} INFO - [2025-03-24T16:41:53.587-1000] {dag.py:3239} INFO - Sync 2 DAGs
[2025-03-24T16:41:53.591-1000] {logging_mixin.py:190} INFO - [2025-03-24T16:41:53.591-1000] {dag.py:4180} INFO - Setting next_dagrun for example_external_task_marker_child to None, run_after=None
[2025-03-24T16:41:53.591-1000] {logging_mixin.py:190} INFO - [2025-03-24T16:41:53.591-1000] {dag.py:4180} INFO - Setting next_dagrun for example_external_task_marker_parent to None, run_after=None
[2025-03-24T16:41:53.596-1000] {processor.py:208} INFO - Processing /opt/anaconda3/envs/titanic/lib/python3.11/site-packages/airflow/example_dags/example_external_task_marker_dag.py took 0.204 seconds
[2025-03-24T16:43:45.939-1000] {processor.py:186} INFO - Started process (PID=31825) to work on /opt/anaconda3/envs/titanic/lib/python3.11/site-packages/airflow/example_dags/example_external_task_marker_dag.py
[2025-03-24T16:43:45.940-1000] {processor.py:914} INFO - Processing file /opt/anaconda3/envs/titanic/lib/python3.11/site-packages/airflow/example_dags/example_external_task_marker_dag.py for tasks to queue
[2025-03-24T16:43:45.940-1000] {logging_mixin.py:190} INFO - [2025-03-24T16:43:45.940-1000] {dagbag.py:588} INFO - Filling up the DagBag from /opt/anaconda3/envs/titanic/lib/python3.11/site-packages/airflow/example_dags/example_external_task_marker_dag.py
[2025-03-24T16:43:45.943-1000] {processor.py:925} INFO - DAG(s) 'example_external_task_marker_child', 'example_external_task_marker_parent' retrieved from /opt/anaconda3/envs/titanic/lib/python3.11/site-packages/airflow/example_dags/example_external_task_marker_dag.py
[2025-03-24T16:43:46.114-1000] {logging_mixin.py:190} INFO - [2025-03-24T16:43:46.113-1000] {dag.py:3239} INFO - Sync 2 DAGs
[2025-03-24T16:43:46.117-1000] {logging_mixin.py:190} INFO - [2025-03-24T16:43:46.117-1000] {dag.py:4180} INFO - Setting next_dagrun for example_external_task_marker_child to None, run_after=None
[2025-03-24T16:43:46.118-1000] {logging_mixin.py:190} INFO - [2025-03-24T16:43:46.118-1000] {dag.py:4180} INFO - Setting next_dagrun for example_external_task_marker_parent to None, run_after=None
[2025-03-24T16:43:46.122-1000] {processor.py:208} INFO - Processing /opt/anaconda3/envs/titanic/lib/python3.11/site-packages/airflow/example_dags/example_external_task_marker_dag.py took 0.203 seconds
[2025-03-24T16:45:35.319-1000] {processor.py:186} INFO - Started process (PID=32244) to work on /opt/anaconda3/envs/titanic/lib/python3.11/site-packages/airflow/example_dags/example_external_task_marker_dag.py
[2025-03-24T16:45:35.320-1000] {processor.py:914} INFO - Processing file /opt/anaconda3/envs/titanic/lib/python3.11/site-packages/airflow/example_dags/example_external_task_marker_dag.py for tasks to queue
[2025-03-24T16:45:35.320-1000] {logging_mixin.py:190} INFO - [2025-03-24T16:45:35.320-1000] {dagbag.py:588} INFO - Filling up the DagBag from /opt/anaconda3/envs/titanic/lib/python3.11/site-packages/airflow/example_dags/example_external_task_marker_dag.py
[2025-03-24T16:45:35.323-1000] {processor.py:925} INFO - DAG(s) 'example_external_task_marker_parent', 'example_external_task_marker_child' retrieved from /opt/anaconda3/envs/titanic/lib/python3.11/site-packages/airflow/example_dags/example_external_task_marker_dag.py
[2025-03-24T16:45:35.495-1000] {logging_mixin.py:190} INFO - [2025-03-24T16:45:35.495-1000] {dag.py:3239} INFO - Sync 2 DAGs
[2025-03-24T16:45:35.499-1000] {logging_mixin.py:190} INFO - [2025-03-24T16:45:35.498-1000] {dag.py:4180} INFO - Setting next_dagrun for example_external_task_marker_child to None, run_after=None
[2025-03-24T16:45:35.499-1000] {logging_mixin.py:190} INFO - [2025-03-24T16:45:35.499-1000] {dag.py:4180} INFO - Setting next_dagrun for example_external_task_marker_parent to None, run_after=None
[2025-03-24T16:45:35.504-1000] {processor.py:208} INFO - Processing /opt/anaconda3/envs/titanic/lib/python3.11/site-packages/airflow/example_dags/example_external_task_marker_dag.py took 0.205 seconds
[2025-03-24T16:47:26.856-1000] {processor.py:186} INFO - Started process (PID=32686) to work on /opt/anaconda3/envs/titanic/lib/python3.11/site-packages/airflow/example_dags/example_external_task_marker_dag.py
[2025-03-24T16:47:26.857-1000] {processor.py:914} INFO - Processing file /opt/anaconda3/envs/titanic/lib/python3.11/site-packages/airflow/example_dags/example_external_task_marker_dag.py for tasks to queue
[2025-03-24T16:47:26.857-1000] {logging_mixin.py:190} INFO - [2025-03-24T16:47:26.857-1000] {dagbag.py:588} INFO - Filling up the DagBag from /opt/anaconda3/envs/titanic/lib/python3.11/site-packages/airflow/example_dags/example_external_task_marker_dag.py
[2025-03-24T16:47:26.861-1000] {processor.py:925} INFO - DAG(s) 'example_external_task_marker_parent', 'example_external_task_marker_child' retrieved from /opt/anaconda3/envs/titanic/lib/python3.11/site-packages/airflow/example_dags/example_external_task_marker_dag.py
[2025-03-24T16:47:27.060-1000] {logging_mixin.py:190} INFO - [2025-03-24T16:47:27.060-1000] {dag.py:3239} INFO - Sync 2 DAGs
[2025-03-24T16:47:27.064-1000] {logging_mixin.py:190} INFO - [2025-03-24T16:47:27.064-1000] {dag.py:4180} INFO - Setting next_dagrun for example_external_task_marker_child to None, run_after=None
[2025-03-24T16:47:27.065-1000] {logging_mixin.py:190} INFO - [2025-03-24T16:47:27.065-1000] {dag.py:4180} INFO - Setting next_dagrun for example_external_task_marker_parent to None, run_after=None
[2025-03-24T16:47:27.070-1000] {processor.py:208} INFO - Processing /opt/anaconda3/envs/titanic/lib/python3.11/site-packages/airflow/example_dags/example_external_task_marker_dag.py took 0.242 seconds
[2025-03-24T16:49:25.174-1000] {processor.py:186} INFO - Started process (PID=33241) to work on /opt/anaconda3/envs/titanic/lib/python3.11/site-packages/airflow/example_dags/example_external_task_marker_dag.py
[2025-03-24T16:49:25.175-1000] {processor.py:914} INFO - Processing file /opt/anaconda3/envs/titanic/lib/python3.11/site-packages/airflow/example_dags/example_external_task_marker_dag.py for tasks to queue
[2025-03-24T16:49:25.176-1000] {logging_mixin.py:190} INFO - [2025-03-24T16:49:25.176-1000] {dagbag.py:588} INFO - Filling up the DagBag from /opt/anaconda3/envs/titanic/lib/python3.11/site-packages/airflow/example_dags/example_external_task_marker_dag.py
[2025-03-24T16:49:25.179-1000] {processor.py:925} INFO - DAG(s) 'example_external_task_marker_child', 'example_external_task_marker_parent' retrieved from /opt/anaconda3/envs/titanic/lib/python3.11/site-packages/airflow/example_dags/example_external_task_marker_dag.py
[2025-03-24T16:49:25.354-1000] {logging_mixin.py:190} INFO - [2025-03-24T16:49:25.354-1000] {dag.py:3239} INFO - Sync 2 DAGs
[2025-03-24T16:49:25.357-1000] {logging_mixin.py:190} INFO - [2025-03-24T16:49:25.357-1000] {dag.py:4180} INFO - Setting next_dagrun for example_external_task_marker_child to None, run_after=None
[2025-03-24T16:49:25.358-1000] {logging_mixin.py:190} INFO - [2025-03-24T16:49:25.358-1000] {dag.py:4180} INFO - Setting next_dagrun for example_external_task_marker_parent to None, run_after=None
[2025-03-24T16:49:25.363-1000] {processor.py:208} INFO - Processing /opt/anaconda3/envs/titanic/lib/python3.11/site-packages/airflow/example_dags/example_external_task_marker_dag.py took 0.189 seconds
[2025-03-24T16:51:20.760-1000] {processor.py:186} INFO - Started process (PID=33679) to work on /opt/anaconda3/envs/titanic/lib/python3.11/site-packages/airflow/example_dags/example_external_task_marker_dag.py
[2025-03-24T16:51:20.761-1000] {processor.py:914} INFO - Processing file /opt/anaconda3/envs/titanic/lib/python3.11/site-packages/airflow/example_dags/example_external_task_marker_dag.py for tasks to queue
[2025-03-24T16:51:20.761-1000] {logging_mixin.py:190} INFO - [2025-03-24T16:51:20.761-1000] {dagbag.py:588} INFO - Filling up the DagBag from /opt/anaconda3/envs/titanic/lib/python3.11/site-packages/airflow/example_dags/example_external_task_marker_dag.py
[2025-03-24T16:51:20.764-1000] {processor.py:925} INFO - DAG(s) 'example_external_task_marker_parent', 'example_external_task_marker_child' retrieved from /opt/anaconda3/envs/titanic/lib/python3.11/site-packages/airflow/example_dags/example_external_task_marker_dag.py
[2025-03-24T16:51:20.942-1000] {logging_mixin.py:190} INFO - [2025-03-24T16:51:20.942-1000] {dag.py:3239} INFO - Sync 2 DAGs
[2025-03-24T16:51:20.945-1000] {logging_mixin.py:190} INFO - [2025-03-24T16:51:20.945-1000] {dag.py:4180} INFO - Setting next_dagrun for example_external_task_marker_child to None, run_after=None
[2025-03-24T16:51:20.946-1000] {logging_mixin.py:190} INFO - [2025-03-24T16:51:20.946-1000] {dag.py:4180} INFO - Setting next_dagrun for example_external_task_marker_parent to None, run_after=None
[2025-03-24T16:51:20.951-1000] {processor.py:208} INFO - Processing /opt/anaconda3/envs/titanic/lib/python3.11/site-packages/airflow/example_dags/example_external_task_marker_dag.py took 0.192 seconds
[2025-03-24T16:53:17.007-1000] {processor.py:186} INFO - Started process (PID=34110) to work on /opt/anaconda3/envs/titanic/lib/python3.11/site-packages/airflow/example_dags/example_external_task_marker_dag.py
[2025-03-24T16:53:17.008-1000] {processor.py:914} INFO - Processing file /opt/anaconda3/envs/titanic/lib/python3.11/site-packages/airflow/example_dags/example_external_task_marker_dag.py for tasks to queue
[2025-03-24T16:53:17.008-1000] {logging_mixin.py:190} INFO - [2025-03-24T16:53:17.008-1000] {dagbag.py:588} INFO - Filling up the DagBag from /opt/anaconda3/envs/titanic/lib/python3.11/site-packages/airflow/example_dags/example_external_task_marker_dag.py
[2025-03-24T16:53:17.012-1000] {processor.py:925} INFO - DAG(s) 'example_external_task_marker_parent', 'example_external_task_marker_child' retrieved from /opt/anaconda3/envs/titanic/lib/python3.11/site-packages/airflow/example_dags/example_external_task_marker_dag.py
[2025-03-24T16:53:17.190-1000] {logging_mixin.py:190} INFO - [2025-03-24T16:53:17.190-1000] {dag.py:3239} INFO - Sync 2 DAGs
[2025-03-24T16:53:17.193-1000] {logging_mixin.py:190} INFO - [2025-03-24T16:53:17.193-1000] {dag.py:4180} INFO - Setting next_dagrun for example_external_task_marker_child to None, run_after=None
[2025-03-24T16:53:17.194-1000] {logging_mixin.py:190} INFO - [2025-03-24T16:53:17.194-1000] {dag.py:4180} INFO - Setting next_dagrun for example_external_task_marker_parent to None, run_after=None
[2025-03-24T16:53:17.198-1000] {processor.py:208} INFO - Processing /opt/anaconda3/envs/titanic/lib/python3.11/site-packages/airflow/example_dags/example_external_task_marker_dag.py took 0.193 seconds
[2025-03-24T16:55:11.022-1000] {processor.py:186} INFO - Started process (PID=34541) to work on /opt/anaconda3/envs/titanic/lib/python3.11/site-packages/airflow/example_dags/example_external_task_marker_dag.py
[2025-03-24T16:55:11.023-1000] {processor.py:914} INFO - Processing file /opt/anaconda3/envs/titanic/lib/python3.11/site-packages/airflow/example_dags/example_external_task_marker_dag.py for tasks to queue
[2025-03-24T16:55:11.023-1000] {logging_mixin.py:190} INFO - [2025-03-24T16:55:11.023-1000] {dagbag.py:588} INFO - Filling up the DagBag from /opt/anaconda3/envs/titanic/lib/python3.11/site-packages/airflow/example_dags/example_external_task_marker_dag.py
[2025-03-24T16:55:11.026-1000] {processor.py:925} INFO - DAG(s) 'example_external_task_marker_parent', 'example_external_task_marker_child' retrieved from /opt/anaconda3/envs/titanic/lib/python3.11/site-packages/airflow/example_dags/example_external_task_marker_dag.py
[2025-03-24T16:55:11.197-1000] {logging_mixin.py:190} INFO - [2025-03-24T16:55:11.197-1000] {dag.py:3239} INFO - Sync 2 DAGs
[2025-03-24T16:55:11.200-1000] {logging_mixin.py:190} INFO - [2025-03-24T16:55:11.200-1000] {dag.py:4180} INFO - Setting next_dagrun for example_external_task_marker_child to None, run_after=None
[2025-03-24T16:55:11.201-1000] {logging_mixin.py:190} INFO - [2025-03-24T16:55:11.201-1000] {dag.py:4180} INFO - Setting next_dagrun for example_external_task_marker_parent to None, run_after=None
[2025-03-24T16:55:11.205-1000] {processor.py:208} INFO - Processing /opt/anaconda3/envs/titanic/lib/python3.11/site-packages/airflow/example_dags/example_external_task_marker_dag.py took 0.184 seconds
[2025-03-24T16:57:02.056-1000] {processor.py:186} INFO - Started process (PID=34958) to work on /opt/anaconda3/envs/titanic/lib/python3.11/site-packages/airflow/example_dags/example_external_task_marker_dag.py
[2025-03-24T16:57:02.056-1000] {processor.py:914} INFO - Processing file /opt/anaconda3/envs/titanic/lib/python3.11/site-packages/airflow/example_dags/example_external_task_marker_dag.py for tasks to queue
[2025-03-24T16:57:02.057-1000] {logging_mixin.py:190} INFO - [2025-03-24T16:57:02.056-1000] {dagbag.py:588} INFO - Filling up the DagBag from /opt/anaconda3/envs/titanic/lib/python3.11/site-packages/airflow/example_dags/example_external_task_marker_dag.py
[2025-03-24T16:57:02.060-1000] {processor.py:925} INFO - DAG(s) 'example_external_task_marker_child', 'example_external_task_marker_parent' retrieved from /opt/anaconda3/envs/titanic/lib/python3.11/site-packages/airflow/example_dags/example_external_task_marker_dag.py
[2025-03-24T16:57:02.232-1000] {logging_mixin.py:190} INFO - [2025-03-24T16:57:02.232-1000] {dag.py:3239} INFO - Sync 2 DAGs
[2025-03-24T16:57:02.235-1000] {logging_mixin.py:190} INFO - [2025-03-24T16:57:02.235-1000] {dag.py:4180} INFO - Setting next_dagrun for example_external_task_marker_child to None, run_after=None
[2025-03-24T16:57:02.236-1000] {logging_mixin.py:190} INFO - [2025-03-24T16:57:02.236-1000] {dag.py:4180} INFO - Setting next_dagrun for example_external_task_marker_parent to None, run_after=None
[2025-03-24T16:57:02.240-1000] {processor.py:208} INFO - Processing /opt/anaconda3/envs/titanic/lib/python3.11/site-packages/airflow/example_dags/example_external_task_marker_dag.py took 0.185 seconds
[2025-03-24T16:58:49.782-1000] {processor.py:186} INFO - Started process (PID=35383) to work on /opt/anaconda3/envs/titanic/lib/python3.11/site-packages/airflow/example_dags/example_external_task_marker_dag.py
[2025-03-24T16:58:49.783-1000] {processor.py:914} INFO - Processing file /opt/anaconda3/envs/titanic/lib/python3.11/site-packages/airflow/example_dags/example_external_task_marker_dag.py for tasks to queue
[2025-03-24T16:58:49.783-1000] {logging_mixin.py:190} INFO - [2025-03-24T16:58:49.783-1000] {dagbag.py:588} INFO - Filling up the DagBag from /opt/anaconda3/envs/titanic/lib/python3.11/site-packages/airflow/example_dags/example_external_task_marker_dag.py
[2025-03-24T16:58:49.786-1000] {processor.py:925} INFO - DAG(s) 'example_external_task_marker_child', 'example_external_task_marker_parent' retrieved from /opt/anaconda3/envs/titanic/lib/python3.11/site-packages/airflow/example_dags/example_external_task_marker_dag.py
[2025-03-24T16:58:49.956-1000] {logging_mixin.py:190} INFO - [2025-03-24T16:58:49.955-1000] {dag.py:3239} INFO - Sync 2 DAGs
[2025-03-24T16:58:49.958-1000] {logging_mixin.py:190} INFO - [2025-03-24T16:58:49.958-1000] {dag.py:4180} INFO - Setting next_dagrun for example_external_task_marker_child to None, run_after=None
[2025-03-24T16:58:49.959-1000] {logging_mixin.py:190} INFO - [2025-03-24T16:58:49.959-1000] {dag.py:4180} INFO - Setting next_dagrun for example_external_task_marker_parent to None, run_after=None
[2025-03-24T16:58:49.964-1000] {processor.py:208} INFO - Processing /opt/anaconda3/envs/titanic/lib/python3.11/site-packages/airflow/example_dags/example_external_task_marker_dag.py took 0.182 seconds
[2025-03-24T17:00:44.135-1000] {processor.py:186} INFO - Started process (PID=35804) to work on /opt/anaconda3/envs/titanic/lib/python3.11/site-packages/airflow/example_dags/example_external_task_marker_dag.py
[2025-03-24T17:00:44.135-1000] {processor.py:914} INFO - Processing file /opt/anaconda3/envs/titanic/lib/python3.11/site-packages/airflow/example_dags/example_external_task_marker_dag.py for tasks to queue
[2025-03-24T17:00:44.135-1000] {logging_mixin.py:190} INFO - [2025-03-24T17:00:44.135-1000] {dagbag.py:588} INFO - Filling up the DagBag from /opt/anaconda3/envs/titanic/lib/python3.11/site-packages/airflow/example_dags/example_external_task_marker_dag.py
[2025-03-24T17:00:44.138-1000] {processor.py:925} INFO - DAG(s) 'example_external_task_marker_parent', 'example_external_task_marker_child' retrieved from /opt/anaconda3/envs/titanic/lib/python3.11/site-packages/airflow/example_dags/example_external_task_marker_dag.py
[2025-03-24T17:00:44.313-1000] {logging_mixin.py:190} INFO - [2025-03-24T17:00:44.312-1000] {dag.py:3239} INFO - Sync 2 DAGs
[2025-03-24T17:00:44.316-1000] {logging_mixin.py:190} INFO - [2025-03-24T17:00:44.315-1000] {dag.py:4180} INFO - Setting next_dagrun for example_external_task_marker_child to None, run_after=None
[2025-03-24T17:00:44.316-1000] {logging_mixin.py:190} INFO - [2025-03-24T17:00:44.316-1000] {dag.py:4180} INFO - Setting next_dagrun for example_external_task_marker_parent to None, run_after=None
[2025-03-24T17:00:44.321-1000] {processor.py:208} INFO - Processing /opt/anaconda3/envs/titanic/lib/python3.11/site-packages/airflow/example_dags/example_external_task_marker_dag.py took 0.187 seconds
[2025-03-24T17:02:42.860-1000] {processor.py:186} INFO - Started process (PID=36260) to work on /opt/anaconda3/envs/titanic/lib/python3.11/site-packages/airflow/example_dags/example_external_task_marker_dag.py
[2025-03-24T17:02:42.861-1000] {processor.py:914} INFO - Processing file /opt/anaconda3/envs/titanic/lib/python3.11/site-packages/airflow/example_dags/example_external_task_marker_dag.py for tasks to queue
[2025-03-24T17:02:42.861-1000] {logging_mixin.py:190} INFO - [2025-03-24T17:02:42.861-1000] {dagbag.py:588} INFO - Filling up the DagBag from /opt/anaconda3/envs/titanic/lib/python3.11/site-packages/airflow/example_dags/example_external_task_marker_dag.py
[2025-03-24T17:02:42.864-1000] {processor.py:925} INFO - DAG(s) 'example_external_task_marker_parent', 'example_external_task_marker_child' retrieved from /opt/anaconda3/envs/titanic/lib/python3.11/site-packages/airflow/example_dags/example_external_task_marker_dag.py
[2025-03-24T17:02:43.046-1000] {logging_mixin.py:190} INFO - [2025-03-24T17:02:43.046-1000] {dag.py:3239} INFO - Sync 2 DAGs
[2025-03-24T17:02:43.049-1000] {logging_mixin.py:190} INFO - [2025-03-24T17:02:43.049-1000] {dag.py:4180} INFO - Setting next_dagrun for example_external_task_marker_child to None, run_after=None
[2025-03-24T17:02:43.050-1000] {logging_mixin.py:190} INFO - [2025-03-24T17:02:43.050-1000] {dag.py:4180} INFO - Setting next_dagrun for example_external_task_marker_parent to None, run_after=None
[2025-03-24T17:02:43.055-1000] {processor.py:208} INFO - Processing /opt/anaconda3/envs/titanic/lib/python3.11/site-packages/airflow/example_dags/example_external_task_marker_dag.py took 0.195 seconds
[2025-03-24T17:04:37.290-1000] {processor.py:186} INFO - Started process (PID=36685) to work on /opt/anaconda3/envs/titanic/lib/python3.11/site-packages/airflow/example_dags/example_external_task_marker_dag.py
[2025-03-24T17:04:37.291-1000] {processor.py:914} INFO - Processing file /opt/anaconda3/envs/titanic/lib/python3.11/site-packages/airflow/example_dags/example_external_task_marker_dag.py for tasks to queue
[2025-03-24T17:04:37.291-1000] {logging_mixin.py:190} INFO - [2025-03-24T17:04:37.291-1000] {dagbag.py:588} INFO - Filling up the DagBag from /opt/anaconda3/envs/titanic/lib/python3.11/site-packages/airflow/example_dags/example_external_task_marker_dag.py
[2025-03-24T17:04:37.294-1000] {processor.py:925} INFO - DAG(s) 'example_external_task_marker_parent', 'example_external_task_marker_child' retrieved from /opt/anaconda3/envs/titanic/lib/python3.11/site-packages/airflow/example_dags/example_external_task_marker_dag.py
[2025-03-24T17:04:37.462-1000] {logging_mixin.py:190} INFO - [2025-03-24T17:04:37.462-1000] {dag.py:3239} INFO - Sync 2 DAGs
[2025-03-24T17:04:37.465-1000] {logging_mixin.py:190} INFO - [2025-03-24T17:04:37.465-1000] {dag.py:4180} INFO - Setting next_dagrun for example_external_task_marker_child to None, run_after=None
[2025-03-24T17:04:37.466-1000] {logging_mixin.py:190} INFO - [2025-03-24T17:04:37.466-1000] {dag.py:4180} INFO - Setting next_dagrun for example_external_task_marker_parent to None, run_after=None
[2025-03-24T17:04:37.471-1000] {processor.py:208} INFO - Processing /opt/anaconda3/envs/titanic/lib/python3.11/site-packages/airflow/example_dags/example_external_task_marker_dag.py took 0.181 seconds
[2025-03-24T17:06:27.725-1000] {processor.py:186} INFO - Started process (PID=37103) to work on /opt/anaconda3/envs/titanic/lib/python3.11/site-packages/airflow/example_dags/example_external_task_marker_dag.py
[2025-03-24T17:06:27.725-1000] {processor.py:914} INFO - Processing file /opt/anaconda3/envs/titanic/lib/python3.11/site-packages/airflow/example_dags/example_external_task_marker_dag.py for tasks to queue
[2025-03-24T17:06:27.726-1000] {logging_mixin.py:190} INFO - [2025-03-24T17:06:27.725-1000] {dagbag.py:588} INFO - Filling up the DagBag from /opt/anaconda3/envs/titanic/lib/python3.11/site-packages/airflow/example_dags/example_external_task_marker_dag.py
[2025-03-24T17:06:27.729-1000] {processor.py:925} INFO - DAG(s) 'example_external_task_marker_child', 'example_external_task_marker_parent' retrieved from /opt/anaconda3/envs/titanic/lib/python3.11/site-packages/airflow/example_dags/example_external_task_marker_dag.py
[2025-03-24T17:06:27.904-1000] {logging_mixin.py:190} INFO - [2025-03-24T17:06:27.904-1000] {dag.py:3239} INFO - Sync 2 DAGs
[2025-03-24T17:06:27.907-1000] {logging_mixin.py:190} INFO - [2025-03-24T17:06:27.907-1000] {dag.py:4180} INFO - Setting next_dagrun for example_external_task_marker_child to None, run_after=None
[2025-03-24T17:06:27.908-1000] {logging_mixin.py:190} INFO - [2025-03-24T17:06:27.908-1000] {dag.py:4180} INFO - Setting next_dagrun for example_external_task_marker_parent to None, run_after=None
[2025-03-24T17:06:27.912-1000] {processor.py:208} INFO - Processing /opt/anaconda3/envs/titanic/lib/python3.11/site-packages/airflow/example_dags/example_external_task_marker_dag.py took 0.188 seconds
[2025-03-24T17:08:16.427-1000] {processor.py:186} INFO - Started process (PID=37550) to work on /opt/anaconda3/envs/titanic/lib/python3.11/site-packages/airflow/example_dags/example_external_task_marker_dag.py
[2025-03-24T17:08:16.428-1000] {processor.py:914} INFO - Processing file /opt/anaconda3/envs/titanic/lib/python3.11/site-packages/airflow/example_dags/example_external_task_marker_dag.py for tasks to queue
[2025-03-24T17:08:16.428-1000] {logging_mixin.py:190} INFO - [2025-03-24T17:08:16.428-1000] {dagbag.py:588} INFO - Filling up the DagBag from /opt/anaconda3/envs/titanic/lib/python3.11/site-packages/airflow/example_dags/example_external_task_marker_dag.py
[2025-03-24T17:08:16.431-1000] {processor.py:925} INFO - DAG(s) 'example_external_task_marker_parent', 'example_external_task_marker_child' retrieved from /opt/anaconda3/envs/titanic/lib/python3.11/site-packages/airflow/example_dags/example_external_task_marker_dag.py
[2025-03-24T17:08:16.601-1000] {logging_mixin.py:190} INFO - [2025-03-24T17:08:16.601-1000] {dag.py:3239} INFO - Sync 2 DAGs
[2025-03-24T17:08:16.604-1000] {logging_mixin.py:190} INFO - [2025-03-24T17:08:16.604-1000] {dag.py:4180} INFO - Setting next_dagrun for example_external_task_marker_child to None, run_after=None
[2025-03-24T17:08:16.605-1000] {logging_mixin.py:190} INFO - [2025-03-24T17:08:16.605-1000] {dag.py:4180} INFO - Setting next_dagrun for example_external_task_marker_parent to None, run_after=None
[2025-03-24T17:08:16.610-1000] {processor.py:208} INFO - Processing /opt/anaconda3/envs/titanic/lib/python3.11/site-packages/airflow/example_dags/example_external_task_marker_dag.py took 0.183 seconds
[2025-03-24T17:10:07.717-1000] {processor.py:186} INFO - Started process (PID=37972) to work on /opt/anaconda3/envs/titanic/lib/python3.11/site-packages/airflow/example_dags/example_external_task_marker_dag.py
[2025-03-24T17:10:07.717-1000] {processor.py:914} INFO - Processing file /opt/anaconda3/envs/titanic/lib/python3.11/site-packages/airflow/example_dags/example_external_task_marker_dag.py for tasks to queue
[2025-03-24T17:10:07.717-1000] {logging_mixin.py:190} INFO - [2025-03-24T17:10:07.717-1000] {dagbag.py:588} INFO - Filling up the DagBag from /opt/anaconda3/envs/titanic/lib/python3.11/site-packages/airflow/example_dags/example_external_task_marker_dag.py
[2025-03-24T17:10:07.720-1000] {processor.py:925} INFO - DAG(s) 'example_external_task_marker_parent', 'example_external_task_marker_child' retrieved from /opt/anaconda3/envs/titanic/lib/python3.11/site-packages/airflow/example_dags/example_external_task_marker_dag.py
[2025-03-24T17:10:07.888-1000] {logging_mixin.py:190} INFO - [2025-03-24T17:10:07.888-1000] {dag.py:3239} INFO - Sync 2 DAGs
[2025-03-24T17:10:07.891-1000] {logging_mixin.py:190} INFO - [2025-03-24T17:10:07.891-1000] {dag.py:4180} INFO - Setting next_dagrun for example_external_task_marker_child to None, run_after=None
[2025-03-24T17:10:07.892-1000] {logging_mixin.py:190} INFO - [2025-03-24T17:10:07.892-1000] {dag.py:4180} INFO - Setting next_dagrun for example_external_task_marker_parent to None, run_after=None
[2025-03-24T17:10:07.896-1000] {processor.py:208} INFO - Processing /opt/anaconda3/envs/titanic/lib/python3.11/site-packages/airflow/example_dags/example_external_task_marker_dag.py took 0.180 seconds
[2025-03-24T17:11:55.962-1000] {processor.py:186} INFO - Started process (PID=38385) to work on /opt/anaconda3/envs/titanic/lib/python3.11/site-packages/airflow/example_dags/example_external_task_marker_dag.py
[2025-03-24T17:11:55.962-1000] {processor.py:914} INFO - Processing file /opt/anaconda3/envs/titanic/lib/python3.11/site-packages/airflow/example_dags/example_external_task_marker_dag.py for tasks to queue
[2025-03-24T17:11:55.963-1000] {logging_mixin.py:190} INFO - [2025-03-24T17:11:55.963-1000] {dagbag.py:588} INFO - Filling up the DagBag from /opt/anaconda3/envs/titanic/lib/python3.11/site-packages/airflow/example_dags/example_external_task_marker_dag.py
[2025-03-24T17:11:55.966-1000] {processor.py:925} INFO - DAG(s) 'example_external_task_marker_child', 'example_external_task_marker_parent' retrieved from /opt/anaconda3/envs/titanic/lib/python3.11/site-packages/airflow/example_dags/example_external_task_marker_dag.py
[2025-03-24T17:11:56.132-1000] {logging_mixin.py:190} INFO - [2025-03-24T17:11:56.132-1000] {dag.py:3239} INFO - Sync 2 DAGs
[2025-03-24T17:11:56.135-1000] {logging_mixin.py:190} INFO - [2025-03-24T17:11:56.135-1000] {dag.py:4180} INFO - Setting next_dagrun for example_external_task_marker_child to None, run_after=None
[2025-03-24T17:11:56.136-1000] {logging_mixin.py:190} INFO - [2025-03-24T17:11:56.135-1000] {dag.py:4180} INFO - Setting next_dagrun for example_external_task_marker_parent to None, run_after=None
[2025-03-24T17:11:56.140-1000] {processor.py:208} INFO - Processing /opt/anaconda3/envs/titanic/lib/python3.11/site-packages/airflow/example_dags/example_external_task_marker_dag.py took 0.179 seconds
[2025-03-24T17:13:43.909-1000] {processor.py:186} INFO - Started process (PID=38798) to work on /opt/anaconda3/envs/titanic/lib/python3.11/site-packages/airflow/example_dags/example_external_task_marker_dag.py
[2025-03-24T17:13:43.909-1000] {processor.py:914} INFO - Processing file /opt/anaconda3/envs/titanic/lib/python3.11/site-packages/airflow/example_dags/example_external_task_marker_dag.py for tasks to queue
[2025-03-24T17:13:43.910-1000] {logging_mixin.py:190} INFO - [2025-03-24T17:13:43.910-1000] {dagbag.py:588} INFO - Filling up the DagBag from /opt/anaconda3/envs/titanic/lib/python3.11/site-packages/airflow/example_dags/example_external_task_marker_dag.py
[2025-03-24T17:13:43.913-1000] {processor.py:925} INFO - DAG(s) 'example_external_task_marker_parent', 'example_external_task_marker_child' retrieved from /opt/anaconda3/envs/titanic/lib/python3.11/site-packages/airflow/example_dags/example_external_task_marker_dag.py
[2025-03-24T17:13:44.085-1000] {logging_mixin.py:190} INFO - [2025-03-24T17:13:44.085-1000] {dag.py:3239} INFO - Sync 2 DAGs
[2025-03-24T17:13:44.088-1000] {logging_mixin.py:190} INFO - [2025-03-24T17:13:44.087-1000] {dag.py:4180} INFO - Setting next_dagrun for example_external_task_marker_child to None, run_after=None
[2025-03-24T17:13:44.088-1000] {logging_mixin.py:190} INFO - [2025-03-24T17:13:44.088-1000] {dag.py:4180} INFO - Setting next_dagrun for example_external_task_marker_parent to None, run_after=None
[2025-03-24T17:13:44.093-1000] {processor.py:208} INFO - Processing /opt/anaconda3/envs/titanic/lib/python3.11/site-packages/airflow/example_dags/example_external_task_marker_dag.py took 0.185 seconds
[2025-03-24T17:15:33.537-1000] {processor.py:186} INFO - Started process (PID=39216) to work on /opt/anaconda3/envs/titanic/lib/python3.11/site-packages/airflow/example_dags/example_external_task_marker_dag.py
[2025-03-24T17:15:33.538-1000] {processor.py:914} INFO - Processing file /opt/anaconda3/envs/titanic/lib/python3.11/site-packages/airflow/example_dags/example_external_task_marker_dag.py for tasks to queue
[2025-03-24T17:15:33.538-1000] {logging_mixin.py:190} INFO - [2025-03-24T17:15:33.538-1000] {dagbag.py:588} INFO - Filling up the DagBag from /opt/anaconda3/envs/titanic/lib/python3.11/site-packages/airflow/example_dags/example_external_task_marker_dag.py
[2025-03-24T17:15:33.541-1000] {processor.py:925} INFO - DAG(s) 'example_external_task_marker_parent', 'example_external_task_marker_child' retrieved from /opt/anaconda3/envs/titanic/lib/python3.11/site-packages/airflow/example_dags/example_external_task_marker_dag.py
[2025-03-24T17:15:33.708-1000] {logging_mixin.py:190} INFO - [2025-03-24T17:15:33.708-1000] {dag.py:3239} INFO - Sync 2 DAGs
[2025-03-24T17:15:33.711-1000] {logging_mixin.py:190} INFO - [2025-03-24T17:15:33.711-1000] {dag.py:4180} INFO - Setting next_dagrun for example_external_task_marker_child to None, run_after=None
[2025-03-24T17:15:33.711-1000] {logging_mixin.py:190} INFO - [2025-03-24T17:15:33.711-1000] {dag.py:4180} INFO - Setting next_dagrun for example_external_task_marker_parent to None, run_after=None
[2025-03-24T17:15:33.716-1000] {processor.py:208} INFO - Processing /opt/anaconda3/envs/titanic/lib/python3.11/site-packages/airflow/example_dags/example_external_task_marker_dag.py took 0.179 seconds
[2025-03-24T17:17:23.097-1000] {processor.py:186} INFO - Started process (PID=39628) to work on /opt/anaconda3/envs/titanic/lib/python3.11/site-packages/airflow/example_dags/example_external_task_marker_dag.py
[2025-03-24T17:17:23.097-1000] {processor.py:914} INFO - Processing file /opt/anaconda3/envs/titanic/lib/python3.11/site-packages/airflow/example_dags/example_external_task_marker_dag.py for tasks to queue
[2025-03-24T17:17:23.097-1000] {logging_mixin.py:190} INFO - [2025-03-24T17:17:23.097-1000] {dagbag.py:588} INFO - Filling up the DagBag from /opt/anaconda3/envs/titanic/lib/python3.11/site-packages/airflow/example_dags/example_external_task_marker_dag.py
[2025-03-24T17:17:23.100-1000] {processor.py:925} INFO - DAG(s) 'example_external_task_marker_child', 'example_external_task_marker_parent' retrieved from /opt/anaconda3/envs/titanic/lib/python3.11/site-packages/airflow/example_dags/example_external_task_marker_dag.py
[2025-03-24T17:17:23.267-1000] {logging_mixin.py:190} INFO - [2025-03-24T17:17:23.267-1000] {dag.py:3239} INFO - Sync 2 DAGs
[2025-03-24T17:17:23.270-1000] {logging_mixin.py:190} INFO - [2025-03-24T17:17:23.270-1000] {dag.py:4180} INFO - Setting next_dagrun for example_external_task_marker_child to None, run_after=None
[2025-03-24T17:17:23.271-1000] {logging_mixin.py:190} INFO - [2025-03-24T17:17:23.271-1000] {dag.py:4180} INFO - Setting next_dagrun for example_external_task_marker_parent to None, run_after=None
[2025-03-24T17:17:23.275-1000] {processor.py:208} INFO - Processing /opt/anaconda3/envs/titanic/lib/python3.11/site-packages/airflow/example_dags/example_external_task_marker_dag.py took 0.180 seconds
[2025-03-24T17:19:11.497-1000] {processor.py:186} INFO - Started process (PID=40058) to work on /opt/anaconda3/envs/titanic/lib/python3.11/site-packages/airflow/example_dags/example_external_task_marker_dag.py
[2025-03-24T17:19:11.498-1000] {processor.py:914} INFO - Processing file /opt/anaconda3/envs/titanic/lib/python3.11/site-packages/airflow/example_dags/example_external_task_marker_dag.py for tasks to queue
[2025-03-24T17:19:11.498-1000] {logging_mixin.py:190} INFO - [2025-03-24T17:19:11.498-1000] {dagbag.py:588} INFO - Filling up the DagBag from /opt/anaconda3/envs/titanic/lib/python3.11/site-packages/airflow/example_dags/example_external_task_marker_dag.py
[2025-03-24T17:19:11.502-1000] {processor.py:925} INFO - DAG(s) 'example_external_task_marker_child', 'example_external_task_marker_parent' retrieved from /opt/anaconda3/envs/titanic/lib/python3.11/site-packages/airflow/example_dags/example_external_task_marker_dag.py
[2025-03-24T17:19:11.673-1000] {logging_mixin.py:190} INFO - [2025-03-24T17:19:11.672-1000] {dag.py:3239} INFO - Sync 2 DAGs
[2025-03-24T17:19:11.675-1000] {logging_mixin.py:190} INFO - [2025-03-24T17:19:11.675-1000] {dag.py:4180} INFO - Setting next_dagrun for example_external_task_marker_child to None, run_after=None
[2025-03-24T17:19:11.676-1000] {logging_mixin.py:190} INFO - [2025-03-24T17:19:11.676-1000] {dag.py:4180} INFO - Setting next_dagrun for example_external_task_marker_parent to None, run_after=None
[2025-03-24T17:19:11.681-1000] {processor.py:208} INFO - Processing /opt/anaconda3/envs/titanic/lib/python3.11/site-packages/airflow/example_dags/example_external_task_marker_dag.py took 0.185 seconds
[2025-03-24T17:21:05.883-1000] {processor.py:186} INFO - Started process (PID=40500) to work on /opt/anaconda3/envs/titanic/lib/python3.11/site-packages/airflow/example_dags/example_external_task_marker_dag.py
[2025-03-24T17:21:05.884-1000] {processor.py:914} INFO - Processing file /opt/anaconda3/envs/titanic/lib/python3.11/site-packages/airflow/example_dags/example_external_task_marker_dag.py for tasks to queue
[2025-03-24T17:21:05.884-1000] {logging_mixin.py:190} INFO - [2025-03-24T17:21:05.884-1000] {dagbag.py:588} INFO - Filling up the DagBag from /opt/anaconda3/envs/titanic/lib/python3.11/site-packages/airflow/example_dags/example_external_task_marker_dag.py
[2025-03-24T17:21:05.887-1000] {processor.py:925} INFO - DAG(s) 'example_external_task_marker_child', 'example_external_task_marker_parent' retrieved from /opt/anaconda3/envs/titanic/lib/python3.11/site-packages/airflow/example_dags/example_external_task_marker_dag.py
[2025-03-24T17:21:06.056-1000] {logging_mixin.py:190} INFO - [2025-03-24T17:21:06.056-1000] {dag.py:3239} INFO - Sync 2 DAGs
[2025-03-24T17:21:06.059-1000] {logging_mixin.py:190} INFO - [2025-03-24T17:21:06.059-1000] {dag.py:4180} INFO - Setting next_dagrun for example_external_task_marker_child to None, run_after=None
[2025-03-24T17:21:06.060-1000] {logging_mixin.py:190} INFO - [2025-03-24T17:21:06.060-1000] {dag.py:4180} INFO - Setting next_dagrun for example_external_task_marker_parent to None, run_after=None
[2025-03-24T17:21:06.064-1000] {processor.py:208} INFO - Processing /opt/anaconda3/envs/titanic/lib/python3.11/site-packages/airflow/example_dags/example_external_task_marker_dag.py took 0.183 seconds
[2025-03-24T17:22:56.970-1000] {processor.py:186} INFO - Started process (PID=40949) to work on /opt/anaconda3/envs/titanic/lib/python3.11/site-packages/airflow/example_dags/example_external_task_marker_dag.py
[2025-03-24T17:22:56.971-1000] {processor.py:914} INFO - Processing file /opt/anaconda3/envs/titanic/lib/python3.11/site-packages/airflow/example_dags/example_external_task_marker_dag.py for tasks to queue
[2025-03-24T17:22:56.972-1000] {logging_mixin.py:190} INFO - [2025-03-24T17:22:56.972-1000] {dagbag.py:588} INFO - Filling up the DagBag from /opt/anaconda3/envs/titanic/lib/python3.11/site-packages/airflow/example_dags/example_external_task_marker_dag.py
[2025-03-24T17:22:56.975-1000] {processor.py:925} INFO - DAG(s) 'example_external_task_marker_parent', 'example_external_task_marker_child' retrieved from /opt/anaconda3/envs/titanic/lib/python3.11/site-packages/airflow/example_dags/example_external_task_marker_dag.py
[2025-03-24T17:22:57.189-1000] {logging_mixin.py:190} INFO - [2025-03-24T17:22:57.189-1000] {dag.py:3239} INFO - Sync 2 DAGs
[2025-03-24T17:22:57.192-1000] {logging_mixin.py:190} INFO - [2025-03-24T17:22:57.192-1000] {dag.py:4180} INFO - Setting next_dagrun for example_external_task_marker_child to None, run_after=None
[2025-03-24T17:22:57.192-1000] {logging_mixin.py:190} INFO - [2025-03-24T17:22:57.192-1000] {dag.py:4180} INFO - Setting next_dagrun for example_external_task_marker_parent to None, run_after=None
[2025-03-24T17:22:57.197-1000] {processor.py:208} INFO - Processing /opt/anaconda3/envs/titanic/lib/python3.11/site-packages/airflow/example_dags/example_external_task_marker_dag.py took 0.227 seconds
[2025-03-24T17:24:48.854-1000] {processor.py:186} INFO - Started process (PID=41374) to work on /opt/anaconda3/envs/titanic/lib/python3.11/site-packages/airflow/example_dags/example_external_task_marker_dag.py
[2025-03-24T17:24:48.854-1000] {processor.py:914} INFO - Processing file /opt/anaconda3/envs/titanic/lib/python3.11/site-packages/airflow/example_dags/example_external_task_marker_dag.py for tasks to queue
[2025-03-24T17:24:48.855-1000] {logging_mixin.py:190} INFO - [2025-03-24T17:24:48.855-1000] {dagbag.py:588} INFO - Filling up the DagBag from /opt/anaconda3/envs/titanic/lib/python3.11/site-packages/airflow/example_dags/example_external_task_marker_dag.py
[2025-03-24T17:24:48.858-1000] {processor.py:925} INFO - DAG(s) 'example_external_task_marker_child', 'example_external_task_marker_parent' retrieved from /opt/anaconda3/envs/titanic/lib/python3.11/site-packages/airflow/example_dags/example_external_task_marker_dag.py
[2025-03-24T17:24:49.027-1000] {logging_mixin.py:190} INFO - [2025-03-24T17:24:49.027-1000] {dag.py:3239} INFO - Sync 2 DAGs
[2025-03-24T17:24:49.030-1000] {logging_mixin.py:190} INFO - [2025-03-24T17:24:49.030-1000] {dag.py:4180} INFO - Setting next_dagrun for example_external_task_marker_child to None, run_after=None
[2025-03-24T17:24:49.031-1000] {logging_mixin.py:190} INFO - [2025-03-24T17:24:49.031-1000] {dag.py:4180} INFO - Setting next_dagrun for example_external_task_marker_parent to None, run_after=None
[2025-03-24T17:24:49.036-1000] {processor.py:208} INFO - Processing /opt/anaconda3/envs/titanic/lib/python3.11/site-packages/airflow/example_dags/example_external_task_marker_dag.py took 0.182 seconds
[2025-03-24T17:26:49.565-1000] {processor.py:186} INFO - Started process (PID=41913) to work on /opt/anaconda3/envs/titanic/lib/python3.11/site-packages/airflow/example_dags/example_external_task_marker_dag.py
[2025-03-24T17:26:49.566-1000] {processor.py:914} INFO - Processing file /opt/anaconda3/envs/titanic/lib/python3.11/site-packages/airflow/example_dags/example_external_task_marker_dag.py for tasks to queue
[2025-03-24T17:26:49.566-1000] {logging_mixin.py:190} INFO - [2025-03-24T17:26:49.566-1000] {dagbag.py:588} INFO - Filling up the DagBag from /opt/anaconda3/envs/titanic/lib/python3.11/site-packages/airflow/example_dags/example_external_task_marker_dag.py
[2025-03-24T17:26:49.569-1000] {processor.py:925} INFO - DAG(s) 'example_external_task_marker_child', 'example_external_task_marker_parent' retrieved from /opt/anaconda3/envs/titanic/lib/python3.11/site-packages/airflow/example_dags/example_external_task_marker_dag.py
[2025-03-24T17:26:49.746-1000] {logging_mixin.py:190} INFO - [2025-03-24T17:26:49.745-1000] {dag.py:3239} INFO - Sync 2 DAGs
[2025-03-24T17:26:49.748-1000] {logging_mixin.py:190} INFO - [2025-03-24T17:26:49.748-1000] {dag.py:4180} INFO - Setting next_dagrun for example_external_task_marker_child to None, run_after=None
[2025-03-24T17:26:49.749-1000] {logging_mixin.py:190} INFO - [2025-03-24T17:26:49.749-1000] {dag.py:4180} INFO - Setting next_dagrun for example_external_task_marker_parent to None, run_after=None
[2025-03-24T17:26:49.754-1000] {processor.py:208} INFO - Processing /opt/anaconda3/envs/titanic/lib/python3.11/site-packages/airflow/example_dags/example_external_task_marker_dag.py took 0.190 seconds
[2025-03-24T17:28:44.705-1000] {processor.py:186} INFO - Started process (PID=42391) to work on /opt/anaconda3/envs/titanic/lib/python3.11/site-packages/airflow/example_dags/example_external_task_marker_dag.py
[2025-03-24T17:28:44.705-1000] {processor.py:914} INFO - Processing file /opt/anaconda3/envs/titanic/lib/python3.11/site-packages/airflow/example_dags/example_external_task_marker_dag.py for tasks to queue
[2025-03-24T17:28:44.706-1000] {logging_mixin.py:190} INFO - [2025-03-24T17:28:44.705-1000] {dagbag.py:588} INFO - Filling up the DagBag from /opt/anaconda3/envs/titanic/lib/python3.11/site-packages/airflow/example_dags/example_external_task_marker_dag.py
[2025-03-24T17:28:44.709-1000] {processor.py:925} INFO - DAG(s) 'example_external_task_marker_child', 'example_external_task_marker_parent' retrieved from /opt/anaconda3/envs/titanic/lib/python3.11/site-packages/airflow/example_dags/example_external_task_marker_dag.py
[2025-03-24T17:28:44.882-1000] {logging_mixin.py:190} INFO - [2025-03-24T17:28:44.882-1000] {dag.py:3239} INFO - Sync 2 DAGs
[2025-03-24T17:28:44.885-1000] {logging_mixin.py:190} INFO - [2025-03-24T17:28:44.884-1000] {dag.py:4180} INFO - Setting next_dagrun for example_external_task_marker_child to None, run_after=None
[2025-03-24T17:28:44.885-1000] {logging_mixin.py:190} INFO - [2025-03-24T17:28:44.885-1000] {dag.py:4180} INFO - Setting next_dagrun for example_external_task_marker_parent to None, run_after=None
[2025-03-24T17:28:44.890-1000] {processor.py:208} INFO - Processing /opt/anaconda3/envs/titanic/lib/python3.11/site-packages/airflow/example_dags/example_external_task_marker_dag.py took 0.186 seconds
[2025-03-24T17:30:36.573-1000] {processor.py:186} INFO - Started process (PID=42846) to work on /opt/anaconda3/envs/titanic/lib/python3.11/site-packages/airflow/example_dags/example_external_task_marker_dag.py
[2025-03-24T17:30:36.573-1000] {processor.py:914} INFO - Processing file /opt/anaconda3/envs/titanic/lib/python3.11/site-packages/airflow/example_dags/example_external_task_marker_dag.py for tasks to queue
[2025-03-24T17:30:36.573-1000] {logging_mixin.py:190} INFO - [2025-03-24T17:30:36.573-1000] {dagbag.py:588} INFO - Filling up the DagBag from /opt/anaconda3/envs/titanic/lib/python3.11/site-packages/airflow/example_dags/example_external_task_marker_dag.py
[2025-03-24T17:30:36.577-1000] {processor.py:925} INFO - DAG(s) 'example_external_task_marker_parent', 'example_external_task_marker_child' retrieved from /opt/anaconda3/envs/titanic/lib/python3.11/site-packages/airflow/example_dags/example_external_task_marker_dag.py
[2025-03-24T17:30:36.753-1000] {logging_mixin.py:190} INFO - [2025-03-24T17:30:36.753-1000] {dag.py:3239} INFO - Sync 2 DAGs
[2025-03-24T17:30:36.756-1000] {logging_mixin.py:190} INFO - [2025-03-24T17:30:36.756-1000] {dag.py:4180} INFO - Setting next_dagrun for example_external_task_marker_child to None, run_after=None
[2025-03-24T17:30:36.756-1000] {logging_mixin.py:190} INFO - [2025-03-24T17:30:36.756-1000] {dag.py:4180} INFO - Setting next_dagrun for example_external_task_marker_parent to None, run_after=None
[2025-03-24T17:30:36.761-1000] {processor.py:208} INFO - Processing /opt/anaconda3/envs/titanic/lib/python3.11/site-packages/airflow/example_dags/example_external_task_marker_dag.py took 0.189 seconds
[2025-03-24T17:32:40.878-1000] {processor.py:186} INFO - Started process (PID=43382) to work on /opt/anaconda3/envs/titanic/lib/python3.11/site-packages/airflow/example_dags/example_external_task_marker_dag.py
[2025-03-24T17:32:40.879-1000] {processor.py:914} INFO - Processing file /opt/anaconda3/envs/titanic/lib/python3.11/site-packages/airflow/example_dags/example_external_task_marker_dag.py for tasks to queue
[2025-03-24T17:32:40.879-1000] {logging_mixin.py:190} INFO - [2025-03-24T17:32:40.879-1000] {dagbag.py:588} INFO - Filling up the DagBag from /opt/anaconda3/envs/titanic/lib/python3.11/site-packages/airflow/example_dags/example_external_task_marker_dag.py
[2025-03-24T17:32:40.883-1000] {processor.py:925} INFO - DAG(s) 'example_external_task_marker_parent', 'example_external_task_marker_child' retrieved from /opt/anaconda3/envs/titanic/lib/python3.11/site-packages/airflow/example_dags/example_external_task_marker_dag.py
[2025-03-24T17:32:41.053-1000] {logging_mixin.py:190} INFO - [2025-03-24T17:32:41.052-1000] {dag.py:3239} INFO - Sync 2 DAGs
[2025-03-24T17:32:41.055-1000] {logging_mixin.py:190} INFO - [2025-03-24T17:32:41.055-1000] {dag.py:4180} INFO - Setting next_dagrun for example_external_task_marker_child to None, run_after=None
[2025-03-24T17:32:41.056-1000] {logging_mixin.py:190} INFO - [2025-03-24T17:32:41.056-1000] {dag.py:4180} INFO - Setting next_dagrun for example_external_task_marker_parent to None, run_after=None
[2025-03-24T17:32:41.061-1000] {processor.py:208} INFO - Processing /opt/anaconda3/envs/titanic/lib/python3.11/site-packages/airflow/example_dags/example_external_task_marker_dag.py took 0.184 seconds
