[2025-03-24T15:51:24.276-1000] {processor.py:186} INFO - Started process (PID=19053) to work on /opt/anaconda3/envs/titanic/lib/python3.11/site-packages/airflow/example_dags/example_params_ui_tutorial.py
[2025-03-24T15:51:24.277-1000] {processor.py:914} INFO - Processing file /opt/anaconda3/envs/titanic/lib/python3.11/site-packages/airflow/example_dags/example_params_ui_tutorial.py for tasks to queue
[2025-03-24T15:51:24.277-1000] {logging_mixin.py:190} INFO - [2025-03-24T15:51:24.277-1000] {dagbag.py:588} INFO - Filling up the DagBag from /opt/anaconda3/envs/titanic/lib/python3.11/site-packages/airflow/example_dags/example_params_ui_tutorial.py
[2025-03-24T15:51:24.288-1000] {processor.py:925} INFO - DAG(s) 'example_params_ui_tutorial' retrieved from /opt/anaconda3/envs/titanic/lib/python3.11/site-packages/airflow/example_dags/example_params_ui_tutorial.py
[2025-03-24T15:51:24.320-1000] {logging_mixin.py:190} INFO - [2025-03-24T15:51:24.320-1000] {dag.py:3239} INFO - Sync 1 DAGs
[2025-03-24T15:51:24.324-1000] {logging_mixin.py:190} INFO - [2025-03-24T15:51:24.324-1000] {dag.py:4180} INFO - Setting next_dagrun for example_params_ui_tutorial to None, run_after=None
[2025-03-24T15:51:24.329-1000] {processor.py:208} INFO - Processing /opt/anaconda3/envs/titanic/lib/python3.11/site-packages/airflow/example_dags/example_params_ui_tutorial.py took 0.076 seconds
[2025-03-24T15:52:58.848-1000] {processor.py:186} INFO - Started process (PID=19987) to work on /opt/anaconda3/envs/titanic/lib/python3.11/site-packages/airflow/example_dags/example_params_ui_tutorial.py
[2025-03-24T15:52:58.849-1000] {processor.py:914} INFO - Processing file /opt/anaconda3/envs/titanic/lib/python3.11/site-packages/airflow/example_dags/example_params_ui_tutorial.py for tasks to queue
[2025-03-24T15:52:58.850-1000] {logging_mixin.py:190} INFO - [2025-03-24T15:52:58.850-1000] {dagbag.py:588} INFO - Filling up the DagBag from /opt/anaconda3/envs/titanic/lib/python3.11/site-packages/airflow/example_dags/example_params_ui_tutorial.py
[2025-03-24T15:52:58.860-1000] {processor.py:925} INFO - DAG(s) 'example_params_ui_tutorial' retrieved from /opt/anaconda3/envs/titanic/lib/python3.11/site-packages/airflow/example_dags/example_params_ui_tutorial.py
[2025-03-24T15:52:58.890-1000] {logging_mixin.py:190} INFO - [2025-03-24T15:52:58.890-1000] {dag.py:3239} INFO - Sync 1 DAGs
[2025-03-24T15:52:58.893-1000] {logging_mixin.py:190} INFO - [2025-03-24T15:52:58.893-1000] {dag.py:4180} INFO - Setting next_dagrun for example_params_ui_tutorial to None, run_after=None
[2025-03-24T15:52:58.898-1000] {processor.py:208} INFO - Processing /opt/anaconda3/envs/titanic/lib/python3.11/site-packages/airflow/example_dags/example_params_ui_tutorial.py took 0.071 seconds
[2025-03-24T15:54:52.485-1000] {processor.py:186} INFO - Started process (PID=20434) to work on /opt/anaconda3/envs/titanic/lib/python3.11/site-packages/airflow/example_dags/example_params_ui_tutorial.py
[2025-03-24T15:54:52.486-1000] {processor.py:914} INFO - Processing file /opt/anaconda3/envs/titanic/lib/python3.11/site-packages/airflow/example_dags/example_params_ui_tutorial.py for tasks to queue
[2025-03-24T15:54:52.486-1000] {logging_mixin.py:190} INFO - [2025-03-24T15:54:52.486-1000] {dagbag.py:588} INFO - Filling up the DagBag from /opt/anaconda3/envs/titanic/lib/python3.11/site-packages/airflow/example_dags/example_params_ui_tutorial.py
[2025-03-24T15:54:52.496-1000] {processor.py:925} INFO - DAG(s) 'example_params_ui_tutorial' retrieved from /opt/anaconda3/envs/titanic/lib/python3.11/site-packages/airflow/example_dags/example_params_ui_tutorial.py
[2025-03-24T15:54:52.526-1000] {logging_mixin.py:190} INFO - [2025-03-24T15:54:52.526-1000] {dag.py:3239} INFO - Sync 1 DAGs
[2025-03-24T15:54:52.529-1000] {logging_mixin.py:190} INFO - [2025-03-24T15:54:52.529-1000] {dag.py:4180} INFO - Setting next_dagrun for example_params_ui_tutorial to None, run_after=None
[2025-03-24T15:54:52.534-1000] {processor.py:208} INFO - Processing /opt/anaconda3/envs/titanic/lib/python3.11/site-packages/airflow/example_dags/example_params_ui_tutorial.py took 0.069 seconds
[2025-03-24T15:56:42.031-1000] {processor.py:186} INFO - Started process (PID=20863) to work on /opt/anaconda3/envs/titanic/lib/python3.11/site-packages/airflow/example_dags/example_params_ui_tutorial.py
[2025-03-24T15:56:42.032-1000] {processor.py:914} INFO - Processing file /opt/anaconda3/envs/titanic/lib/python3.11/site-packages/airflow/example_dags/example_params_ui_tutorial.py for tasks to queue
[2025-03-24T15:56:42.033-1000] {logging_mixin.py:190} INFO - [2025-03-24T15:56:42.033-1000] {dagbag.py:588} INFO - Filling up the DagBag from /opt/anaconda3/envs/titanic/lib/python3.11/site-packages/airflow/example_dags/example_params_ui_tutorial.py
[2025-03-24T15:56:42.042-1000] {processor.py:925} INFO - DAG(s) 'example_params_ui_tutorial' retrieved from /opt/anaconda3/envs/titanic/lib/python3.11/site-packages/airflow/example_dags/example_params_ui_tutorial.py
[2025-03-24T15:56:42.072-1000] {logging_mixin.py:190} INFO - [2025-03-24T15:56:42.072-1000] {dag.py:3239} INFO - Sync 1 DAGs
[2025-03-24T15:56:42.075-1000] {logging_mixin.py:190} INFO - [2025-03-24T15:56:42.075-1000] {dag.py:4180} INFO - Setting next_dagrun for example_params_ui_tutorial to None, run_after=None
[2025-03-24T15:56:42.080-1000] {processor.py:208} INFO - Processing /opt/anaconda3/envs/titanic/lib/python3.11/site-packages/airflow/example_dags/example_params_ui_tutorial.py took 0.069 seconds
[2025-03-24T15:58:28.849-1000] {processor.py:186} INFO - Started process (PID=21278) to work on /opt/anaconda3/envs/titanic/lib/python3.11/site-packages/airflow/example_dags/example_params_ui_tutorial.py
[2025-03-24T15:58:28.849-1000] {processor.py:914} INFO - Processing file /opt/anaconda3/envs/titanic/lib/python3.11/site-packages/airflow/example_dags/example_params_ui_tutorial.py for tasks to queue
[2025-03-24T15:58:28.849-1000] {logging_mixin.py:190} INFO - [2025-03-24T15:58:28.849-1000] {dagbag.py:588} INFO - Filling up the DagBag from /opt/anaconda3/envs/titanic/lib/python3.11/site-packages/airflow/example_dags/example_params_ui_tutorial.py
[2025-03-24T15:58:28.859-1000] {processor.py:925} INFO - DAG(s) 'example_params_ui_tutorial' retrieved from /opt/anaconda3/envs/titanic/lib/python3.11/site-packages/airflow/example_dags/example_params_ui_tutorial.py
[2025-03-24T15:58:28.889-1000] {logging_mixin.py:190} INFO - [2025-03-24T15:58:28.888-1000] {dag.py:3239} INFO - Sync 1 DAGs
[2025-03-24T15:58:28.892-1000] {logging_mixin.py:190} INFO - [2025-03-24T15:58:28.892-1000] {dag.py:4180} INFO - Setting next_dagrun for example_params_ui_tutorial to None, run_after=None
[2025-03-24T15:58:28.897-1000] {processor.py:208} INFO - Processing /opt/anaconda3/envs/titanic/lib/python3.11/site-packages/airflow/example_dags/example_params_ui_tutorial.py took 0.067 seconds
[2025-03-24T16:00:18.221-1000] {processor.py:186} INFO - Started process (PID=21711) to work on /opt/anaconda3/envs/titanic/lib/python3.11/site-packages/airflow/example_dags/example_params_ui_tutorial.py
[2025-03-24T16:00:18.223-1000] {processor.py:914} INFO - Processing file /opt/anaconda3/envs/titanic/lib/python3.11/site-packages/airflow/example_dags/example_params_ui_tutorial.py for tasks to queue
[2025-03-24T16:00:18.223-1000] {logging_mixin.py:190} INFO - [2025-03-24T16:00:18.223-1000] {dagbag.py:588} INFO - Filling up the DagBag from /opt/anaconda3/envs/titanic/lib/python3.11/site-packages/airflow/example_dags/example_params_ui_tutorial.py
[2025-03-24T16:00:18.233-1000] {processor.py:925} INFO - DAG(s) 'example_params_ui_tutorial' retrieved from /opt/anaconda3/envs/titanic/lib/python3.11/site-packages/airflow/example_dags/example_params_ui_tutorial.py
[2025-03-24T16:00:18.262-1000] {logging_mixin.py:190} INFO - [2025-03-24T16:00:18.262-1000] {dag.py:3239} INFO - Sync 1 DAGs
[2025-03-24T16:00:18.266-1000] {logging_mixin.py:190} INFO - [2025-03-24T16:00:18.265-1000] {dag.py:4180} INFO - Setting next_dagrun for example_params_ui_tutorial to None, run_after=None
[2025-03-24T16:00:18.270-1000] {processor.py:208} INFO - Processing /opt/anaconda3/envs/titanic/lib/python3.11/site-packages/airflow/example_dags/example_params_ui_tutorial.py took 0.069 seconds
[2025-03-24T16:02:26.999-1000] {processor.py:186} INFO - Started process (PID=22183) to work on /opt/anaconda3/envs/titanic/lib/python3.11/site-packages/airflow/example_dags/example_params_ui_tutorial.py
[2025-03-24T16:02:26.999-1000] {processor.py:914} INFO - Processing file /opt/anaconda3/envs/titanic/lib/python3.11/site-packages/airflow/example_dags/example_params_ui_tutorial.py for tasks to queue
[2025-03-24T16:02:26.999-1000] {logging_mixin.py:190} INFO - [2025-03-24T16:02:26.999-1000] {dagbag.py:588} INFO - Filling up the DagBag from /opt/anaconda3/envs/titanic/lib/python3.11/site-packages/airflow/example_dags/example_params_ui_tutorial.py
[2025-03-24T16:02:27.009-1000] {processor.py:925} INFO - DAG(s) 'example_params_ui_tutorial' retrieved from /opt/anaconda3/envs/titanic/lib/python3.11/site-packages/airflow/example_dags/example_params_ui_tutorial.py
[2025-03-24T16:02:27.038-1000] {logging_mixin.py:190} INFO - [2025-03-24T16:02:27.038-1000] {dag.py:3239} INFO - Sync 1 DAGs
[2025-03-24T16:02:27.041-1000] {logging_mixin.py:190} INFO - [2025-03-24T16:02:27.041-1000] {dag.py:4180} INFO - Setting next_dagrun for example_params_ui_tutorial to None, run_after=None
[2025-03-24T16:02:27.046-1000] {processor.py:208} INFO - Processing /opt/anaconda3/envs/titanic/lib/python3.11/site-packages/airflow/example_dags/example_params_ui_tutorial.py took 0.066 seconds
[2025-03-24T16:04:16.918-1000] {processor.py:186} INFO - Started process (PID=22596) to work on /opt/anaconda3/envs/titanic/lib/python3.11/site-packages/airflow/example_dags/example_params_ui_tutorial.py
[2025-03-24T16:04:16.918-1000] {processor.py:914} INFO - Processing file /opt/anaconda3/envs/titanic/lib/python3.11/site-packages/airflow/example_dags/example_params_ui_tutorial.py for tasks to queue
[2025-03-24T16:04:16.919-1000] {logging_mixin.py:190} INFO - [2025-03-24T16:04:16.919-1000] {dagbag.py:588} INFO - Filling up the DagBag from /opt/anaconda3/envs/titanic/lib/python3.11/site-packages/airflow/example_dags/example_params_ui_tutorial.py
[2025-03-24T16:04:16.928-1000] {processor.py:925} INFO - DAG(s) 'example_params_ui_tutorial' retrieved from /opt/anaconda3/envs/titanic/lib/python3.11/site-packages/airflow/example_dags/example_params_ui_tutorial.py
[2025-03-24T16:04:16.957-1000] {logging_mixin.py:190} INFO - [2025-03-24T16:04:16.957-1000] {dag.py:3239} INFO - Sync 1 DAGs
[2025-03-24T16:04:16.960-1000] {logging_mixin.py:190} INFO - [2025-03-24T16:04:16.960-1000] {dag.py:4180} INFO - Setting next_dagrun for example_params_ui_tutorial to None, run_after=None
[2025-03-24T16:04:16.965-1000] {processor.py:208} INFO - Processing /opt/anaconda3/envs/titanic/lib/python3.11/site-packages/airflow/example_dags/example_params_ui_tutorial.py took 0.067 seconds
[2025-03-24T16:06:01.130-1000] {processor.py:186} INFO - Started process (PID=22995) to work on /opt/anaconda3/envs/titanic/lib/python3.11/site-packages/airflow/example_dags/example_params_ui_tutorial.py
[2025-03-24T16:06:01.130-1000] {processor.py:914} INFO - Processing file /opt/anaconda3/envs/titanic/lib/python3.11/site-packages/airflow/example_dags/example_params_ui_tutorial.py for tasks to queue
[2025-03-24T16:06:01.131-1000] {logging_mixin.py:190} INFO - [2025-03-24T16:06:01.131-1000] {dagbag.py:588} INFO - Filling up the DagBag from /opt/anaconda3/envs/titanic/lib/python3.11/site-packages/airflow/example_dags/example_params_ui_tutorial.py
[2025-03-24T16:06:01.140-1000] {processor.py:925} INFO - DAG(s) 'example_params_ui_tutorial' retrieved from /opt/anaconda3/envs/titanic/lib/python3.11/site-packages/airflow/example_dags/example_params_ui_tutorial.py
[2025-03-24T16:06:01.169-1000] {logging_mixin.py:190} INFO - [2025-03-24T16:06:01.169-1000] {dag.py:3239} INFO - Sync 1 DAGs
[2025-03-24T16:06:01.172-1000] {logging_mixin.py:190} INFO - [2025-03-24T16:06:01.172-1000] {dag.py:4180} INFO - Setting next_dagrun for example_params_ui_tutorial to None, run_after=None
[2025-03-24T16:06:01.177-1000] {processor.py:208} INFO - Processing /opt/anaconda3/envs/titanic/lib/python3.11/site-packages/airflow/example_dags/example_params_ui_tutorial.py took 0.067 seconds
[2025-03-24T16:07:51.583-1000] {processor.py:186} INFO - Started process (PID=23448) to work on /opt/anaconda3/envs/titanic/lib/python3.11/site-packages/airflow/example_dags/example_params_ui_tutorial.py
[2025-03-24T16:07:51.583-1000] {processor.py:914} INFO - Processing file /opt/anaconda3/envs/titanic/lib/python3.11/site-packages/airflow/example_dags/example_params_ui_tutorial.py for tasks to queue
[2025-03-24T16:07:51.584-1000] {logging_mixin.py:190} INFO - [2025-03-24T16:07:51.584-1000] {dagbag.py:588} INFO - Filling up the DagBag from /opt/anaconda3/envs/titanic/lib/python3.11/site-packages/airflow/example_dags/example_params_ui_tutorial.py
[2025-03-24T16:07:51.593-1000] {processor.py:925} INFO - DAG(s) 'example_params_ui_tutorial' retrieved from /opt/anaconda3/envs/titanic/lib/python3.11/site-packages/airflow/example_dags/example_params_ui_tutorial.py
[2025-03-24T16:07:51.622-1000] {logging_mixin.py:190} INFO - [2025-03-24T16:07:51.622-1000] {dag.py:3239} INFO - Sync 1 DAGs
[2025-03-24T16:07:51.625-1000] {logging_mixin.py:190} INFO - [2025-03-24T16:07:51.625-1000] {dag.py:4180} INFO - Setting next_dagrun for example_params_ui_tutorial to None, run_after=None
[2025-03-24T16:07:51.630-1000] {processor.py:208} INFO - Processing /opt/anaconda3/envs/titanic/lib/python3.11/site-packages/airflow/example_dags/example_params_ui_tutorial.py took 0.067 seconds
[2025-03-24T16:09:45.641-1000] {processor.py:186} INFO - Started process (PID=23877) to work on /opt/anaconda3/envs/titanic/lib/python3.11/site-packages/airflow/example_dags/example_params_ui_tutorial.py
[2025-03-24T16:09:45.642-1000] {processor.py:914} INFO - Processing file /opt/anaconda3/envs/titanic/lib/python3.11/site-packages/airflow/example_dags/example_params_ui_tutorial.py for tasks to queue
[2025-03-24T16:09:45.642-1000] {logging_mixin.py:190} INFO - [2025-03-24T16:09:45.642-1000] {dagbag.py:588} INFO - Filling up the DagBag from /opt/anaconda3/envs/titanic/lib/python3.11/site-packages/airflow/example_dags/example_params_ui_tutorial.py
[2025-03-24T16:09:45.651-1000] {processor.py:925} INFO - DAG(s) 'example_params_ui_tutorial' retrieved from /opt/anaconda3/envs/titanic/lib/python3.11/site-packages/airflow/example_dags/example_params_ui_tutorial.py
[2025-03-24T16:09:45.681-1000] {logging_mixin.py:190} INFO - [2025-03-24T16:09:45.681-1000] {dag.py:3239} INFO - Sync 1 DAGs
[2025-03-24T16:09:45.684-1000] {logging_mixin.py:190} INFO - [2025-03-24T16:09:45.684-1000] {dag.py:4180} INFO - Setting next_dagrun for example_params_ui_tutorial to None, run_after=None
[2025-03-24T16:09:45.689-1000] {processor.py:208} INFO - Processing /opt/anaconda3/envs/titanic/lib/python3.11/site-packages/airflow/example_dags/example_params_ui_tutorial.py took 0.067 seconds
[2025-03-24T16:11:48.242-1000] {processor.py:186} INFO - Started process (PID=24373) to work on /opt/anaconda3/envs/titanic/lib/python3.11/site-packages/airflow/example_dags/example_params_ui_tutorial.py
[2025-03-24T16:11:48.243-1000] {processor.py:914} INFO - Processing file /opt/anaconda3/envs/titanic/lib/python3.11/site-packages/airflow/example_dags/example_params_ui_tutorial.py for tasks to queue
[2025-03-24T16:11:48.243-1000] {logging_mixin.py:190} INFO - [2025-03-24T16:11:48.243-1000] {dagbag.py:588} INFO - Filling up the DagBag from /opt/anaconda3/envs/titanic/lib/python3.11/site-packages/airflow/example_dags/example_params_ui_tutorial.py
[2025-03-24T16:11:48.253-1000] {processor.py:925} INFO - DAG(s) 'example_params_ui_tutorial' retrieved from /opt/anaconda3/envs/titanic/lib/python3.11/site-packages/airflow/example_dags/example_params_ui_tutorial.py
[2025-03-24T16:11:48.282-1000] {logging_mixin.py:190} INFO - [2025-03-24T16:11:48.282-1000] {dag.py:3239} INFO - Sync 1 DAGs
[2025-03-24T16:11:48.285-1000] {logging_mixin.py:190} INFO - [2025-03-24T16:11:48.285-1000] {dag.py:4180} INFO - Setting next_dagrun for example_params_ui_tutorial to None, run_after=None
[2025-03-24T16:11:48.290-1000] {processor.py:208} INFO - Processing /opt/anaconda3/envs/titanic/lib/python3.11/site-packages/airflow/example_dags/example_params_ui_tutorial.py took 0.068 seconds
[2025-03-24T16:13:48.749-1000] {processor.py:186} INFO - Started process (PID=24888) to work on /opt/anaconda3/envs/titanic/lib/python3.11/site-packages/airflow/example_dags/example_params_ui_tutorial.py
[2025-03-24T16:13:48.750-1000] {processor.py:914} INFO - Processing file /opt/anaconda3/envs/titanic/lib/python3.11/site-packages/airflow/example_dags/example_params_ui_tutorial.py for tasks to queue
[2025-03-24T16:13:48.750-1000] {logging_mixin.py:190} INFO - [2025-03-24T16:13:48.750-1000] {dagbag.py:588} INFO - Filling up the DagBag from /opt/anaconda3/envs/titanic/lib/python3.11/site-packages/airflow/example_dags/example_params_ui_tutorial.py
[2025-03-24T16:13:48.760-1000] {processor.py:925} INFO - DAG(s) 'example_params_ui_tutorial' retrieved from /opt/anaconda3/envs/titanic/lib/python3.11/site-packages/airflow/example_dags/example_params_ui_tutorial.py
[2025-03-24T16:13:48.789-1000] {logging_mixin.py:190} INFO - [2025-03-24T16:13:48.789-1000] {dag.py:3239} INFO - Sync 1 DAGs
[2025-03-24T16:13:48.792-1000] {logging_mixin.py:190} INFO - [2025-03-24T16:13:48.792-1000] {dag.py:4180} INFO - Setting next_dagrun for example_params_ui_tutorial to None, run_after=None
[2025-03-24T16:13:48.797-1000] {processor.py:208} INFO - Processing /opt/anaconda3/envs/titanic/lib/python3.11/site-packages/airflow/example_dags/example_params_ui_tutorial.py took 0.068 seconds
[2025-03-24T16:15:42.095-1000] {processor.py:186} INFO - Started process (PID=25343) to work on /opt/anaconda3/envs/titanic/lib/python3.11/site-packages/airflow/example_dags/example_params_ui_tutorial.py
[2025-03-24T16:15:42.095-1000] {processor.py:914} INFO - Processing file /opt/anaconda3/envs/titanic/lib/python3.11/site-packages/airflow/example_dags/example_params_ui_tutorial.py for tasks to queue
[2025-03-24T16:15:42.096-1000] {logging_mixin.py:190} INFO - [2025-03-24T16:15:42.096-1000] {dagbag.py:588} INFO - Filling up the DagBag from /opt/anaconda3/envs/titanic/lib/python3.11/site-packages/airflow/example_dags/example_params_ui_tutorial.py
[2025-03-24T16:15:42.105-1000] {processor.py:925} INFO - DAG(s) 'example_params_ui_tutorial' retrieved from /opt/anaconda3/envs/titanic/lib/python3.11/site-packages/airflow/example_dags/example_params_ui_tutorial.py
[2025-03-24T16:15:42.135-1000] {logging_mixin.py:190} INFO - [2025-03-24T16:15:42.135-1000] {dag.py:3239} INFO - Sync 1 DAGs
[2025-03-24T16:15:42.138-1000] {logging_mixin.py:190} INFO - [2025-03-24T16:15:42.138-1000] {dag.py:4180} INFO - Setting next_dagrun for example_params_ui_tutorial to None, run_after=None
[2025-03-24T16:15:42.143-1000] {processor.py:208} INFO - Processing /opt/anaconda3/envs/titanic/lib/python3.11/site-packages/airflow/example_dags/example_params_ui_tutorial.py took 0.067 seconds
[2025-03-24T16:17:30.809-1000] {processor.py:186} INFO - Started process (PID=25756) to work on /opt/anaconda3/envs/titanic/lib/python3.11/site-packages/airflow/example_dags/example_params_ui_tutorial.py
[2025-03-24T16:17:30.810-1000] {processor.py:914} INFO - Processing file /opt/anaconda3/envs/titanic/lib/python3.11/site-packages/airflow/example_dags/example_params_ui_tutorial.py for tasks to queue
[2025-03-24T16:17:30.810-1000] {logging_mixin.py:190} INFO - [2025-03-24T16:17:30.810-1000] {dagbag.py:588} INFO - Filling up the DagBag from /opt/anaconda3/envs/titanic/lib/python3.11/site-packages/airflow/example_dags/example_params_ui_tutorial.py
[2025-03-24T16:17:30.819-1000] {processor.py:925} INFO - DAG(s) 'example_params_ui_tutorial' retrieved from /opt/anaconda3/envs/titanic/lib/python3.11/site-packages/airflow/example_dags/example_params_ui_tutorial.py
[2025-03-24T16:17:30.848-1000] {logging_mixin.py:190} INFO - [2025-03-24T16:17:30.848-1000] {dag.py:3239} INFO - Sync 1 DAGs
[2025-03-24T16:17:30.851-1000] {logging_mixin.py:190} INFO - [2025-03-24T16:17:30.851-1000] {dag.py:4180} INFO - Setting next_dagrun for example_params_ui_tutorial to None, run_after=None
[2025-03-24T16:17:30.856-1000] {processor.py:208} INFO - Processing /opt/anaconda3/envs/titanic/lib/python3.11/site-packages/airflow/example_dags/example_params_ui_tutorial.py took 0.066 seconds
[2025-03-24T16:19:23.341-1000] {processor.py:186} INFO - Started process (PID=26211) to work on /opt/anaconda3/envs/titanic/lib/python3.11/site-packages/airflow/example_dags/example_params_ui_tutorial.py
[2025-03-24T16:19:23.341-1000] {processor.py:914} INFO - Processing file /opt/anaconda3/envs/titanic/lib/python3.11/site-packages/airflow/example_dags/example_params_ui_tutorial.py for tasks to queue
[2025-03-24T16:19:23.341-1000] {logging_mixin.py:190} INFO - [2025-03-24T16:19:23.341-1000] {dagbag.py:588} INFO - Filling up the DagBag from /opt/anaconda3/envs/titanic/lib/python3.11/site-packages/airflow/example_dags/example_params_ui_tutorial.py
[2025-03-24T16:19:23.351-1000] {processor.py:925} INFO - DAG(s) 'example_params_ui_tutorial' retrieved from /opt/anaconda3/envs/titanic/lib/python3.11/site-packages/airflow/example_dags/example_params_ui_tutorial.py
[2025-03-24T16:19:23.380-1000] {logging_mixin.py:190} INFO - [2025-03-24T16:19:23.379-1000] {dag.py:3239} INFO - Sync 1 DAGs
[2025-03-24T16:19:23.383-1000] {logging_mixin.py:190} INFO - [2025-03-24T16:19:23.383-1000] {dag.py:4180} INFO - Setting next_dagrun for example_params_ui_tutorial to None, run_after=None
[2025-03-24T16:19:23.388-1000] {processor.py:208} INFO - Processing /opt/anaconda3/envs/titanic/lib/python3.11/site-packages/airflow/example_dags/example_params_ui_tutorial.py took 0.066 seconds
[2025-03-24T16:21:13.729-1000] {processor.py:186} INFO - Started process (PID=26631) to work on /opt/anaconda3/envs/titanic/lib/python3.11/site-packages/airflow/example_dags/example_params_ui_tutorial.py
[2025-03-24T16:21:13.730-1000] {processor.py:914} INFO - Processing file /opt/anaconda3/envs/titanic/lib/python3.11/site-packages/airflow/example_dags/example_params_ui_tutorial.py for tasks to queue
[2025-03-24T16:21:13.730-1000] {logging_mixin.py:190} INFO - [2025-03-24T16:21:13.730-1000] {dagbag.py:588} INFO - Filling up the DagBag from /opt/anaconda3/envs/titanic/lib/python3.11/site-packages/airflow/example_dags/example_params_ui_tutorial.py
[2025-03-24T16:21:13.740-1000] {processor.py:925} INFO - DAG(s) 'example_params_ui_tutorial' retrieved from /opt/anaconda3/envs/titanic/lib/python3.11/site-packages/airflow/example_dags/example_params_ui_tutorial.py
[2025-03-24T16:21:13.769-1000] {logging_mixin.py:190} INFO - [2025-03-24T16:21:13.769-1000] {dag.py:3239} INFO - Sync 1 DAGs
[2025-03-24T16:21:13.772-1000] {logging_mixin.py:190} INFO - [2025-03-24T16:21:13.772-1000] {dag.py:4180} INFO - Setting next_dagrun for example_params_ui_tutorial to None, run_after=None
[2025-03-24T16:21:13.777-1000] {processor.py:208} INFO - Processing /opt/anaconda3/envs/titanic/lib/python3.11/site-packages/airflow/example_dags/example_params_ui_tutorial.py took 0.068 seconds
[2025-03-24T16:23:05.402-1000] {processor.py:186} INFO - Started process (PID=27064) to work on /opt/anaconda3/envs/titanic/lib/python3.11/site-packages/airflow/example_dags/example_params_ui_tutorial.py
[2025-03-24T16:23:05.402-1000] {processor.py:914} INFO - Processing file /opt/anaconda3/envs/titanic/lib/python3.11/site-packages/airflow/example_dags/example_params_ui_tutorial.py for tasks to queue
[2025-03-24T16:23:05.403-1000] {logging_mixin.py:190} INFO - [2025-03-24T16:23:05.402-1000] {dagbag.py:588} INFO - Filling up the DagBag from /opt/anaconda3/envs/titanic/lib/python3.11/site-packages/airflow/example_dags/example_params_ui_tutorial.py
[2025-03-24T16:23:05.412-1000] {processor.py:925} INFO - DAG(s) 'example_params_ui_tutorial' retrieved from /opt/anaconda3/envs/titanic/lib/python3.11/site-packages/airflow/example_dags/example_params_ui_tutorial.py
[2025-03-24T16:23:05.441-1000] {logging_mixin.py:190} INFO - [2025-03-24T16:23:05.441-1000] {dag.py:3239} INFO - Sync 1 DAGs
[2025-03-24T16:23:05.444-1000] {logging_mixin.py:190} INFO - [2025-03-24T16:23:05.444-1000] {dag.py:4180} INFO - Setting next_dagrun for example_params_ui_tutorial to None, run_after=None
[2025-03-24T16:23:05.450-1000] {processor.py:208} INFO - Processing /opt/anaconda3/envs/titanic/lib/python3.11/site-packages/airflow/example_dags/example_params_ui_tutorial.py took 0.067 seconds
[2025-03-24T16:24:59.552-1000] {processor.py:186} INFO - Started process (PID=27502) to work on /opt/anaconda3/envs/titanic/lib/python3.11/site-packages/airflow/example_dags/example_params_ui_tutorial.py
[2025-03-24T16:24:59.552-1000] {processor.py:914} INFO - Processing file /opt/anaconda3/envs/titanic/lib/python3.11/site-packages/airflow/example_dags/example_params_ui_tutorial.py for tasks to queue
[2025-03-24T16:24:59.553-1000] {logging_mixin.py:190} INFO - [2025-03-24T16:24:59.552-1000] {dagbag.py:588} INFO - Filling up the DagBag from /opt/anaconda3/envs/titanic/lib/python3.11/site-packages/airflow/example_dags/example_params_ui_tutorial.py
[2025-03-24T16:24:59.562-1000] {processor.py:925} INFO - DAG(s) 'example_params_ui_tutorial' retrieved from /opt/anaconda3/envs/titanic/lib/python3.11/site-packages/airflow/example_dags/example_params_ui_tutorial.py
[2025-03-24T16:24:59.591-1000] {logging_mixin.py:190} INFO - [2025-03-24T16:24:59.591-1000] {dag.py:3239} INFO - Sync 1 DAGs
[2025-03-24T16:24:59.594-1000] {logging_mixin.py:190} INFO - [2025-03-24T16:24:59.594-1000] {dag.py:4180} INFO - Setting next_dagrun for example_params_ui_tutorial to None, run_after=None
[2025-03-24T16:24:59.599-1000] {processor.py:208} INFO - Processing /opt/anaconda3/envs/titanic/lib/python3.11/site-packages/airflow/example_dags/example_params_ui_tutorial.py took 0.067 seconds
[2025-03-24T16:26:50.532-1000] {processor.py:186} INFO - Started process (PID=27922) to work on /opt/anaconda3/envs/titanic/lib/python3.11/site-packages/airflow/example_dags/example_params_ui_tutorial.py
[2025-03-24T16:26:50.533-1000] {processor.py:914} INFO - Processing file /opt/anaconda3/envs/titanic/lib/python3.11/site-packages/airflow/example_dags/example_params_ui_tutorial.py for tasks to queue
[2025-03-24T16:26:50.533-1000] {logging_mixin.py:190} INFO - [2025-03-24T16:26:50.533-1000] {dagbag.py:588} INFO - Filling up the DagBag from /opt/anaconda3/envs/titanic/lib/python3.11/site-packages/airflow/example_dags/example_params_ui_tutorial.py
[2025-03-24T16:26:50.542-1000] {processor.py:925} INFO - DAG(s) 'example_params_ui_tutorial' retrieved from /opt/anaconda3/envs/titanic/lib/python3.11/site-packages/airflow/example_dags/example_params_ui_tutorial.py
[2025-03-24T16:26:50.571-1000] {logging_mixin.py:190} INFO - [2025-03-24T16:26:50.571-1000] {dag.py:3239} INFO - Sync 1 DAGs
[2025-03-24T16:26:50.575-1000] {logging_mixin.py:190} INFO - [2025-03-24T16:26:50.575-1000] {dag.py:4180} INFO - Setting next_dagrun for example_params_ui_tutorial to None, run_after=None
[2025-03-24T16:26:50.580-1000] {processor.py:208} INFO - Processing /opt/anaconda3/envs/titanic/lib/python3.11/site-packages/airflow/example_dags/example_params_ui_tutorial.py took 0.067 seconds
[2025-03-24T16:28:38.934-1000] {processor.py:186} INFO - Started process (PID=28332) to work on /opt/anaconda3/envs/titanic/lib/python3.11/site-packages/airflow/example_dags/example_params_ui_tutorial.py
[2025-03-24T16:28:38.934-1000] {processor.py:914} INFO - Processing file /opt/anaconda3/envs/titanic/lib/python3.11/site-packages/airflow/example_dags/example_params_ui_tutorial.py for tasks to queue
[2025-03-24T16:28:38.934-1000] {logging_mixin.py:190} INFO - [2025-03-24T16:28:38.934-1000] {dagbag.py:588} INFO - Filling up the DagBag from /opt/anaconda3/envs/titanic/lib/python3.11/site-packages/airflow/example_dags/example_params_ui_tutorial.py
[2025-03-24T16:28:38.944-1000] {processor.py:925} INFO - DAG(s) 'example_params_ui_tutorial' retrieved from /opt/anaconda3/envs/titanic/lib/python3.11/site-packages/airflow/example_dags/example_params_ui_tutorial.py
[2025-03-24T16:28:38.973-1000] {logging_mixin.py:190} INFO - [2025-03-24T16:28:38.973-1000] {dag.py:3239} INFO - Sync 1 DAGs
[2025-03-24T16:28:38.976-1000] {logging_mixin.py:190} INFO - [2025-03-24T16:28:38.976-1000] {dag.py:4180} INFO - Setting next_dagrun for example_params_ui_tutorial to None, run_after=None
[2025-03-24T16:28:38.981-1000] {processor.py:208} INFO - Processing /opt/anaconda3/envs/titanic/lib/python3.11/site-packages/airflow/example_dags/example_params_ui_tutorial.py took 0.066 seconds
[2025-03-24T16:30:25.875-1000] {processor.py:186} INFO - Started process (PID=28739) to work on /opt/anaconda3/envs/titanic/lib/python3.11/site-packages/airflow/example_dags/example_params_ui_tutorial.py
[2025-03-24T16:30:25.875-1000] {processor.py:914} INFO - Processing file /opt/anaconda3/envs/titanic/lib/python3.11/site-packages/airflow/example_dags/example_params_ui_tutorial.py for tasks to queue
[2025-03-24T16:30:25.876-1000] {logging_mixin.py:190} INFO - [2025-03-24T16:30:25.876-1000] {dagbag.py:588} INFO - Filling up the DagBag from /opt/anaconda3/envs/titanic/lib/python3.11/site-packages/airflow/example_dags/example_params_ui_tutorial.py
[2025-03-24T16:30:25.885-1000] {processor.py:925} INFO - DAG(s) 'example_params_ui_tutorial' retrieved from /opt/anaconda3/envs/titanic/lib/python3.11/site-packages/airflow/example_dags/example_params_ui_tutorial.py
[2025-03-24T16:30:25.914-1000] {logging_mixin.py:190} INFO - [2025-03-24T16:30:25.914-1000] {dag.py:3239} INFO - Sync 1 DAGs
[2025-03-24T16:30:25.917-1000] {logging_mixin.py:190} INFO - [2025-03-24T16:30:25.917-1000] {dag.py:4180} INFO - Setting next_dagrun for example_params_ui_tutorial to None, run_after=None
[2025-03-24T16:30:25.922-1000] {processor.py:208} INFO - Processing /opt/anaconda3/envs/titanic/lib/python3.11/site-packages/airflow/example_dags/example_params_ui_tutorial.py took 0.066 seconds
[2025-03-24T16:32:15.566-1000] {processor.py:186} INFO - Started process (PID=29153) to work on /opt/anaconda3/envs/titanic/lib/python3.11/site-packages/airflow/example_dags/example_params_ui_tutorial.py
[2025-03-24T16:32:15.567-1000] {processor.py:914} INFO - Processing file /opt/anaconda3/envs/titanic/lib/python3.11/site-packages/airflow/example_dags/example_params_ui_tutorial.py for tasks to queue
[2025-03-24T16:32:15.567-1000] {logging_mixin.py:190} INFO - [2025-03-24T16:32:15.567-1000] {dagbag.py:588} INFO - Filling up the DagBag from /opt/anaconda3/envs/titanic/lib/python3.11/site-packages/airflow/example_dags/example_params_ui_tutorial.py
[2025-03-24T16:32:15.576-1000] {processor.py:925} INFO - DAG(s) 'example_params_ui_tutorial' retrieved from /opt/anaconda3/envs/titanic/lib/python3.11/site-packages/airflow/example_dags/example_params_ui_tutorial.py
[2025-03-24T16:32:15.605-1000] {logging_mixin.py:190} INFO - [2025-03-24T16:32:15.605-1000] {dag.py:3239} INFO - Sync 1 DAGs
[2025-03-24T16:32:15.608-1000] {logging_mixin.py:190} INFO - [2025-03-24T16:32:15.608-1000] {dag.py:4180} INFO - Setting next_dagrun for example_params_ui_tutorial to None, run_after=None
[2025-03-24T16:32:15.613-1000] {processor.py:208} INFO - Processing /opt/anaconda3/envs/titanic/lib/python3.11/site-packages/airflow/example_dags/example_params_ui_tutorial.py took 0.067 seconds
[2025-03-24T16:34:06.309-1000] {processor.py:186} INFO - Started process (PID=29592) to work on /opt/anaconda3/envs/titanic/lib/python3.11/site-packages/airflow/example_dags/example_params_ui_tutorial.py
[2025-03-24T16:34:06.310-1000] {processor.py:914} INFO - Processing file /opt/anaconda3/envs/titanic/lib/python3.11/site-packages/airflow/example_dags/example_params_ui_tutorial.py for tasks to queue
[2025-03-24T16:34:06.310-1000] {logging_mixin.py:190} INFO - [2025-03-24T16:34:06.310-1000] {dagbag.py:588} INFO - Filling up the DagBag from /opt/anaconda3/envs/titanic/lib/python3.11/site-packages/airflow/example_dags/example_params_ui_tutorial.py
[2025-03-24T16:34:06.319-1000] {processor.py:925} INFO - DAG(s) 'example_params_ui_tutorial' retrieved from /opt/anaconda3/envs/titanic/lib/python3.11/site-packages/airflow/example_dags/example_params_ui_tutorial.py
[2025-03-24T16:34:06.348-1000] {logging_mixin.py:190} INFO - [2025-03-24T16:34:06.348-1000] {dag.py:3239} INFO - Sync 1 DAGs
[2025-03-24T16:34:06.351-1000] {logging_mixin.py:190} INFO - [2025-03-24T16:34:06.351-1000] {dag.py:4180} INFO - Setting next_dagrun for example_params_ui_tutorial to None, run_after=None
[2025-03-24T16:34:06.356-1000] {processor.py:208} INFO - Processing /opt/anaconda3/envs/titanic/lib/python3.11/site-packages/airflow/example_dags/example_params_ui_tutorial.py took 0.066 seconds
[2025-03-24T16:35:54.533-1000] {processor.py:186} INFO - Started process (PID=30002) to work on /opt/anaconda3/envs/titanic/lib/python3.11/site-packages/airflow/example_dags/example_params_ui_tutorial.py
[2025-03-24T16:35:54.534-1000] {processor.py:914} INFO - Processing file /opt/anaconda3/envs/titanic/lib/python3.11/site-packages/airflow/example_dags/example_params_ui_tutorial.py for tasks to queue
[2025-03-24T16:35:54.534-1000] {logging_mixin.py:190} INFO - [2025-03-24T16:35:54.534-1000] {dagbag.py:588} INFO - Filling up the DagBag from /opt/anaconda3/envs/titanic/lib/python3.11/site-packages/airflow/example_dags/example_params_ui_tutorial.py
[2025-03-24T16:35:54.543-1000] {processor.py:925} INFO - DAG(s) 'example_params_ui_tutorial' retrieved from /opt/anaconda3/envs/titanic/lib/python3.11/site-packages/airflow/example_dags/example_params_ui_tutorial.py
[2025-03-24T16:35:54.572-1000] {logging_mixin.py:190} INFO - [2025-03-24T16:35:54.572-1000] {dag.py:3239} INFO - Sync 1 DAGs
[2025-03-24T16:35:54.575-1000] {logging_mixin.py:190} INFO - [2025-03-24T16:35:54.575-1000] {dag.py:4180} INFO - Setting next_dagrun for example_params_ui_tutorial to None, run_after=None
[2025-03-24T16:35:54.580-1000] {processor.py:208} INFO - Processing /opt/anaconda3/envs/titanic/lib/python3.11/site-packages/airflow/example_dags/example_params_ui_tutorial.py took 0.067 seconds
[2025-03-24T16:37:44.468-1000] {processor.py:186} INFO - Started process (PID=30424) to work on /opt/anaconda3/envs/titanic/lib/python3.11/site-packages/airflow/example_dags/example_params_ui_tutorial.py
[2025-03-24T16:37:44.470-1000] {processor.py:914} INFO - Processing file /opt/anaconda3/envs/titanic/lib/python3.11/site-packages/airflow/example_dags/example_params_ui_tutorial.py for tasks to queue
[2025-03-24T16:37:44.470-1000] {logging_mixin.py:190} INFO - [2025-03-24T16:37:44.470-1000] {dagbag.py:588} INFO - Filling up the DagBag from /opt/anaconda3/envs/titanic/lib/python3.11/site-packages/airflow/example_dags/example_params_ui_tutorial.py
[2025-03-24T16:37:44.480-1000] {processor.py:925} INFO - DAG(s) 'example_params_ui_tutorial' retrieved from /opt/anaconda3/envs/titanic/lib/python3.11/site-packages/airflow/example_dags/example_params_ui_tutorial.py
[2025-03-24T16:37:44.509-1000] {logging_mixin.py:190} INFO - [2025-03-24T16:37:44.509-1000] {dag.py:3239} INFO - Sync 1 DAGs
[2025-03-24T16:37:44.512-1000] {logging_mixin.py:190} INFO - [2025-03-24T16:37:44.512-1000] {dag.py:4180} INFO - Setting next_dagrun for example_params_ui_tutorial to None, run_after=None
[2025-03-24T16:37:44.517-1000] {processor.py:208} INFO - Processing /opt/anaconda3/envs/titanic/lib/python3.11/site-packages/airflow/example_dags/example_params_ui_tutorial.py took 0.071 seconds
[2025-03-24T16:39:42.117-1000] {processor.py:186} INFO - Started process (PID=30882) to work on /opt/anaconda3/envs/titanic/lib/python3.11/site-packages/airflow/example_dags/example_params_ui_tutorial.py
[2025-03-24T16:39:42.118-1000] {processor.py:914} INFO - Processing file /opt/anaconda3/envs/titanic/lib/python3.11/site-packages/airflow/example_dags/example_params_ui_tutorial.py for tasks to queue
[2025-03-24T16:39:42.118-1000] {logging_mixin.py:190} INFO - [2025-03-24T16:39:42.118-1000] {dagbag.py:588} INFO - Filling up the DagBag from /opt/anaconda3/envs/titanic/lib/python3.11/site-packages/airflow/example_dags/example_params_ui_tutorial.py
[2025-03-24T16:39:42.128-1000] {processor.py:925} INFO - DAG(s) 'example_params_ui_tutorial' retrieved from /opt/anaconda3/envs/titanic/lib/python3.11/site-packages/airflow/example_dags/example_params_ui_tutorial.py
[2025-03-24T16:39:42.157-1000] {logging_mixin.py:190} INFO - [2025-03-24T16:39:42.157-1000] {dag.py:3239} INFO - Sync 1 DAGs
[2025-03-24T16:39:42.160-1000] {logging_mixin.py:190} INFO - [2025-03-24T16:39:42.160-1000] {dag.py:4180} INFO - Setting next_dagrun for example_params_ui_tutorial to None, run_after=None
[2025-03-24T16:39:42.165-1000] {processor.py:208} INFO - Processing /opt/anaconda3/envs/titanic/lib/python3.11/site-packages/airflow/example_dags/example_params_ui_tutorial.py took 0.068 seconds
[2025-03-24T16:41:39.751-1000] {processor.py:186} INFO - Started process (PID=31342) to work on /opt/anaconda3/envs/titanic/lib/python3.11/site-packages/airflow/example_dags/example_params_ui_tutorial.py
[2025-03-24T16:41:39.751-1000] {processor.py:914} INFO - Processing file /opt/anaconda3/envs/titanic/lib/python3.11/site-packages/airflow/example_dags/example_params_ui_tutorial.py for tasks to queue
[2025-03-24T16:41:39.751-1000] {logging_mixin.py:190} INFO - [2025-03-24T16:41:39.751-1000] {dagbag.py:588} INFO - Filling up the DagBag from /opt/anaconda3/envs/titanic/lib/python3.11/site-packages/airflow/example_dags/example_params_ui_tutorial.py
[2025-03-24T16:41:39.761-1000] {processor.py:925} INFO - DAG(s) 'example_params_ui_tutorial' retrieved from /opt/anaconda3/envs/titanic/lib/python3.11/site-packages/airflow/example_dags/example_params_ui_tutorial.py
[2025-03-24T16:41:39.790-1000] {logging_mixin.py:190} INFO - [2025-03-24T16:41:39.790-1000] {dag.py:3239} INFO - Sync 1 DAGs
[2025-03-24T16:41:39.793-1000] {logging_mixin.py:190} INFO - [2025-03-24T16:41:39.793-1000] {dag.py:4180} INFO - Setting next_dagrun for example_params_ui_tutorial to None, run_after=None
[2025-03-24T16:41:39.798-1000] {processor.py:208} INFO - Processing /opt/anaconda3/envs/titanic/lib/python3.11/site-packages/airflow/example_dags/example_params_ui_tutorial.py took 0.068 seconds
[2025-03-24T16:43:33.952-1000] {processor.py:186} INFO - Started process (PID=31775) to work on /opt/anaconda3/envs/titanic/lib/python3.11/site-packages/airflow/example_dags/example_params_ui_tutorial.py
[2025-03-24T16:43:33.953-1000] {processor.py:914} INFO - Processing file /opt/anaconda3/envs/titanic/lib/python3.11/site-packages/airflow/example_dags/example_params_ui_tutorial.py for tasks to queue
[2025-03-24T16:43:33.953-1000] {logging_mixin.py:190} INFO - [2025-03-24T16:43:33.953-1000] {dagbag.py:588} INFO - Filling up the DagBag from /opt/anaconda3/envs/titanic/lib/python3.11/site-packages/airflow/example_dags/example_params_ui_tutorial.py
[2025-03-24T16:43:33.963-1000] {processor.py:925} INFO - DAG(s) 'example_params_ui_tutorial' retrieved from /opt/anaconda3/envs/titanic/lib/python3.11/site-packages/airflow/example_dags/example_params_ui_tutorial.py
[2025-03-24T16:43:33.992-1000] {logging_mixin.py:190} INFO - [2025-03-24T16:43:33.992-1000] {dag.py:3239} INFO - Sync 1 DAGs
[2025-03-24T16:43:33.995-1000] {logging_mixin.py:190} INFO - [2025-03-24T16:43:33.995-1000] {dag.py:4180} INFO - Setting next_dagrun for example_params_ui_tutorial to None, run_after=None
[2025-03-24T16:43:34.000-1000] {processor.py:208} INFO - Processing /opt/anaconda3/envs/titanic/lib/python3.11/site-packages/airflow/example_dags/example_params_ui_tutorial.py took 0.067 seconds
[2025-03-24T16:45:22.546-1000] {processor.py:186} INFO - Started process (PID=32196) to work on /opt/anaconda3/envs/titanic/lib/python3.11/site-packages/airflow/example_dags/example_params_ui_tutorial.py
[2025-03-24T16:45:22.546-1000] {processor.py:914} INFO - Processing file /opt/anaconda3/envs/titanic/lib/python3.11/site-packages/airflow/example_dags/example_params_ui_tutorial.py for tasks to queue
[2025-03-24T16:45:22.546-1000] {logging_mixin.py:190} INFO - [2025-03-24T16:45:22.546-1000] {dagbag.py:588} INFO - Filling up the DagBag from /opt/anaconda3/envs/titanic/lib/python3.11/site-packages/airflow/example_dags/example_params_ui_tutorial.py
[2025-03-24T16:45:22.556-1000] {processor.py:925} INFO - DAG(s) 'example_params_ui_tutorial' retrieved from /opt/anaconda3/envs/titanic/lib/python3.11/site-packages/airflow/example_dags/example_params_ui_tutorial.py
[2025-03-24T16:45:22.586-1000] {logging_mixin.py:190} INFO - [2025-03-24T16:45:22.586-1000] {dag.py:3239} INFO - Sync 1 DAGs
[2025-03-24T16:45:22.589-1000] {logging_mixin.py:190} INFO - [2025-03-24T16:45:22.589-1000] {dag.py:4180} INFO - Setting next_dagrun for example_params_ui_tutorial to None, run_after=None
[2025-03-24T16:45:22.594-1000] {processor.py:208} INFO - Processing /opt/anaconda3/envs/titanic/lib/python3.11/site-packages/airflow/example_dags/example_params_ui_tutorial.py took 0.068 seconds
[2025-03-24T16:47:14.537-1000] {processor.py:186} INFO - Started process (PID=32637) to work on /opt/anaconda3/envs/titanic/lib/python3.11/site-packages/airflow/example_dags/example_params_ui_tutorial.py
[2025-03-24T16:47:14.538-1000] {processor.py:914} INFO - Processing file /opt/anaconda3/envs/titanic/lib/python3.11/site-packages/airflow/example_dags/example_params_ui_tutorial.py for tasks to queue
[2025-03-24T16:47:14.538-1000] {logging_mixin.py:190} INFO - [2025-03-24T16:47:14.538-1000] {dagbag.py:588} INFO - Filling up the DagBag from /opt/anaconda3/envs/titanic/lib/python3.11/site-packages/airflow/example_dags/example_params_ui_tutorial.py
[2025-03-24T16:47:14.549-1000] {processor.py:925} INFO - DAG(s) 'example_params_ui_tutorial' retrieved from /opt/anaconda3/envs/titanic/lib/python3.11/site-packages/airflow/example_dags/example_params_ui_tutorial.py
[2025-03-24T16:47:14.580-1000] {logging_mixin.py:190} INFO - [2025-03-24T16:47:14.580-1000] {dag.py:3239} INFO - Sync 1 DAGs
[2025-03-24T16:47:14.583-1000] {logging_mixin.py:190} INFO - [2025-03-24T16:47:14.583-1000] {dag.py:4180} INFO - Setting next_dagrun for example_params_ui_tutorial to None, run_after=None
[2025-03-24T16:47:14.589-1000] {processor.py:208} INFO - Processing /opt/anaconda3/envs/titanic/lib/python3.11/site-packages/airflow/example_dags/example_params_ui_tutorial.py took 0.075 seconds
[2025-03-24T16:49:12.382-1000] {processor.py:186} INFO - Started process (PID=33193) to work on /opt/anaconda3/envs/titanic/lib/python3.11/site-packages/airflow/example_dags/example_params_ui_tutorial.py
[2025-03-24T16:49:12.383-1000] {processor.py:914} INFO - Processing file /opt/anaconda3/envs/titanic/lib/python3.11/site-packages/airflow/example_dags/example_params_ui_tutorial.py for tasks to queue
[2025-03-24T16:49:12.383-1000] {logging_mixin.py:190} INFO - [2025-03-24T16:49:12.383-1000] {dagbag.py:588} INFO - Filling up the DagBag from /opt/anaconda3/envs/titanic/lib/python3.11/site-packages/airflow/example_dags/example_params_ui_tutorial.py
[2025-03-24T16:49:12.393-1000] {processor.py:925} INFO - DAG(s) 'example_params_ui_tutorial' retrieved from /opt/anaconda3/envs/titanic/lib/python3.11/site-packages/airflow/example_dags/example_params_ui_tutorial.py
[2025-03-24T16:49:12.423-1000] {logging_mixin.py:190} INFO - [2025-03-24T16:49:12.423-1000] {dag.py:3239} INFO - Sync 1 DAGs
[2025-03-24T16:49:12.426-1000] {logging_mixin.py:190} INFO - [2025-03-24T16:49:12.426-1000] {dag.py:4180} INFO - Setting next_dagrun for example_params_ui_tutorial to None, run_after=None
[2025-03-24T16:49:12.431-1000] {processor.py:208} INFO - Processing /opt/anaconda3/envs/titanic/lib/python3.11/site-packages/airflow/example_dags/example_params_ui_tutorial.py took 0.050 seconds
[2025-03-24T16:51:06.729-1000] {processor.py:186} INFO - Started process (PID=33626) to work on /opt/anaconda3/envs/titanic/lib/python3.11/site-packages/airflow/example_dags/example_params_ui_tutorial.py
[2025-03-24T16:51:06.730-1000] {processor.py:914} INFO - Processing file /opt/anaconda3/envs/titanic/lib/python3.11/site-packages/airflow/example_dags/example_params_ui_tutorial.py for tasks to queue
[2025-03-24T16:51:06.730-1000] {logging_mixin.py:190} INFO - [2025-03-24T16:51:06.730-1000] {dagbag.py:588} INFO - Filling up the DagBag from /opt/anaconda3/envs/titanic/lib/python3.11/site-packages/airflow/example_dags/example_params_ui_tutorial.py
[2025-03-24T16:51:06.740-1000] {processor.py:925} INFO - DAG(s) 'example_params_ui_tutorial' retrieved from /opt/anaconda3/envs/titanic/lib/python3.11/site-packages/airflow/example_dags/example_params_ui_tutorial.py
[2025-03-24T16:51:06.772-1000] {logging_mixin.py:190} INFO - [2025-03-24T16:51:06.772-1000] {dag.py:3239} INFO - Sync 1 DAGs
[2025-03-24T16:51:06.776-1000] {logging_mixin.py:190} INFO - [2025-03-24T16:51:06.776-1000] {dag.py:4180} INFO - Setting next_dagrun for example_params_ui_tutorial to None, run_after=None
[2025-03-24T16:51:06.782-1000] {processor.py:208} INFO - Processing /opt/anaconda3/envs/titanic/lib/python3.11/site-packages/airflow/example_dags/example_params_ui_tutorial.py took 0.054 seconds
[2025-03-24T16:53:03.033-1000] {processor.py:186} INFO - Started process (PID=34062) to work on /opt/anaconda3/envs/titanic/lib/python3.11/site-packages/airflow/example_dags/example_params_ui_tutorial.py
[2025-03-24T16:53:03.034-1000] {processor.py:914} INFO - Processing file /opt/anaconda3/envs/titanic/lib/python3.11/site-packages/airflow/example_dags/example_params_ui_tutorial.py for tasks to queue
[2025-03-24T16:53:03.034-1000] {logging_mixin.py:190} INFO - [2025-03-24T16:53:03.034-1000] {dagbag.py:588} INFO - Filling up the DagBag from /opt/anaconda3/envs/titanic/lib/python3.11/site-packages/airflow/example_dags/example_params_ui_tutorial.py
[2025-03-24T16:53:03.045-1000] {processor.py:925} INFO - DAG(s) 'example_params_ui_tutorial' retrieved from /opt/anaconda3/envs/titanic/lib/python3.11/site-packages/airflow/example_dags/example_params_ui_tutorial.py
[2025-03-24T16:53:03.075-1000] {logging_mixin.py:190} INFO - [2025-03-24T16:53:03.075-1000] {dag.py:3239} INFO - Sync 1 DAGs
[2025-03-24T16:53:03.077-1000] {logging_mixin.py:190} INFO - [2025-03-24T16:53:03.077-1000] {dag.py:4180} INFO - Setting next_dagrun for example_params_ui_tutorial to None, run_after=None
[2025-03-24T16:53:03.082-1000] {processor.py:208} INFO - Processing /opt/anaconda3/envs/titanic/lib/python3.11/site-packages/airflow/example_dags/example_params_ui_tutorial.py took 0.050 seconds
[2025-03-24T16:54:57.483-1000] {processor.py:186} INFO - Started process (PID=34488) to work on /opt/anaconda3/envs/titanic/lib/python3.11/site-packages/airflow/example_dags/example_params_ui_tutorial.py
[2025-03-24T16:54:57.483-1000] {processor.py:914} INFO - Processing file /opt/anaconda3/envs/titanic/lib/python3.11/site-packages/airflow/example_dags/example_params_ui_tutorial.py for tasks to queue
[2025-03-24T16:54:57.483-1000] {logging_mixin.py:190} INFO - [2025-03-24T16:54:57.483-1000] {dagbag.py:588} INFO - Filling up the DagBag from /opt/anaconda3/envs/titanic/lib/python3.11/site-packages/airflow/example_dags/example_params_ui_tutorial.py
[2025-03-24T16:54:57.493-1000] {processor.py:925} INFO - DAG(s) 'example_params_ui_tutorial' retrieved from /opt/anaconda3/envs/titanic/lib/python3.11/site-packages/airflow/example_dags/example_params_ui_tutorial.py
[2025-03-24T16:54:57.521-1000] {logging_mixin.py:190} INFO - [2025-03-24T16:54:57.521-1000] {dag.py:3239} INFO - Sync 1 DAGs
[2025-03-24T16:54:57.524-1000] {logging_mixin.py:190} INFO - [2025-03-24T16:54:57.524-1000] {dag.py:4180} INFO - Setting next_dagrun for example_params_ui_tutorial to None, run_after=None
[2025-03-24T16:54:57.529-1000] {processor.py:208} INFO - Processing /opt/anaconda3/envs/titanic/lib/python3.11/site-packages/airflow/example_dags/example_params_ui_tutorial.py took 0.047 seconds
[2025-03-24T16:56:49.781-1000] {processor.py:186} INFO - Started process (PID=34910) to work on /opt/anaconda3/envs/titanic/lib/python3.11/site-packages/airflow/example_dags/example_params_ui_tutorial.py
[2025-03-24T16:56:49.782-1000] {processor.py:914} INFO - Processing file /opt/anaconda3/envs/titanic/lib/python3.11/site-packages/airflow/example_dags/example_params_ui_tutorial.py for tasks to queue
[2025-03-24T16:56:49.782-1000] {logging_mixin.py:190} INFO - [2025-03-24T16:56:49.782-1000] {dagbag.py:588} INFO - Filling up the DagBag from /opt/anaconda3/envs/titanic/lib/python3.11/site-packages/airflow/example_dags/example_params_ui_tutorial.py
[2025-03-24T16:56:49.791-1000] {processor.py:925} INFO - DAG(s) 'example_params_ui_tutorial' retrieved from /opt/anaconda3/envs/titanic/lib/python3.11/site-packages/airflow/example_dags/example_params_ui_tutorial.py
[2025-03-24T16:56:49.820-1000] {logging_mixin.py:190} INFO - [2025-03-24T16:56:49.820-1000] {dag.py:3239} INFO - Sync 1 DAGs
[2025-03-24T16:56:49.823-1000] {logging_mixin.py:190} INFO - [2025-03-24T16:56:49.823-1000] {dag.py:4180} INFO - Setting next_dagrun for example_params_ui_tutorial to None, run_after=None
[2025-03-24T16:56:49.828-1000] {processor.py:208} INFO - Processing /opt/anaconda3/envs/titanic/lib/python3.11/site-packages/airflow/example_dags/example_params_ui_tutorial.py took 0.047 seconds
[2025-03-24T16:58:36.890-1000] {processor.py:186} INFO - Started process (PID=35324) to work on /opt/anaconda3/envs/titanic/lib/python3.11/site-packages/airflow/example_dags/example_params_ui_tutorial.py
[2025-03-24T16:58:36.891-1000] {processor.py:914} INFO - Processing file /opt/anaconda3/envs/titanic/lib/python3.11/site-packages/airflow/example_dags/example_params_ui_tutorial.py for tasks to queue
[2025-03-24T16:58:36.891-1000] {logging_mixin.py:190} INFO - [2025-03-24T16:58:36.891-1000] {dagbag.py:588} INFO - Filling up the DagBag from /opt/anaconda3/envs/titanic/lib/python3.11/site-packages/airflow/example_dags/example_params_ui_tutorial.py
[2025-03-24T16:58:36.900-1000] {processor.py:925} INFO - DAG(s) 'example_params_ui_tutorial' retrieved from /opt/anaconda3/envs/titanic/lib/python3.11/site-packages/airflow/example_dags/example_params_ui_tutorial.py
[2025-03-24T16:58:36.929-1000] {logging_mixin.py:190} INFO - [2025-03-24T16:58:36.929-1000] {dag.py:3239} INFO - Sync 1 DAGs
[2025-03-24T16:58:36.931-1000] {logging_mixin.py:190} INFO - [2025-03-24T16:58:36.931-1000] {dag.py:4180} INFO - Setting next_dagrun for example_params_ui_tutorial to None, run_after=None
[2025-03-24T16:58:36.936-1000] {processor.py:208} INFO - Processing /opt/anaconda3/envs/titanic/lib/python3.11/site-packages/airflow/example_dags/example_params_ui_tutorial.py took 0.047 seconds
[2025-03-24T17:00:30.132-1000] {processor.py:186} INFO - Started process (PID=35754) to work on /opt/anaconda3/envs/titanic/lib/python3.11/site-packages/airflow/example_dags/example_params_ui_tutorial.py
[2025-03-24T17:00:30.132-1000] {processor.py:914} INFO - Processing file /opt/anaconda3/envs/titanic/lib/python3.11/site-packages/airflow/example_dags/example_params_ui_tutorial.py for tasks to queue
[2025-03-24T17:00:30.133-1000] {logging_mixin.py:190} INFO - [2025-03-24T17:00:30.133-1000] {dagbag.py:588} INFO - Filling up the DagBag from /opt/anaconda3/envs/titanic/lib/python3.11/site-packages/airflow/example_dags/example_params_ui_tutorial.py
[2025-03-24T17:00:30.142-1000] {processor.py:925} INFO - DAG(s) 'example_params_ui_tutorial' retrieved from /opt/anaconda3/envs/titanic/lib/python3.11/site-packages/airflow/example_dags/example_params_ui_tutorial.py
[2025-03-24T17:00:30.172-1000] {logging_mixin.py:190} INFO - [2025-03-24T17:00:30.172-1000] {dag.py:3239} INFO - Sync 1 DAGs
[2025-03-24T17:00:30.175-1000] {logging_mixin.py:190} INFO - [2025-03-24T17:00:30.175-1000] {dag.py:4180} INFO - Setting next_dagrun for example_params_ui_tutorial to None, run_after=None
[2025-03-24T17:00:30.180-1000] {processor.py:208} INFO - Processing /opt/anaconda3/envs/titanic/lib/python3.11/site-packages/airflow/example_dags/example_params_ui_tutorial.py took 0.049 seconds
[2025-03-24T17:02:30.551-1000] {processor.py:186} INFO - Started process (PID=36208) to work on /opt/anaconda3/envs/titanic/lib/python3.11/site-packages/airflow/example_dags/example_params_ui_tutorial.py
[2025-03-24T17:02:30.551-1000] {processor.py:914} INFO - Processing file /opt/anaconda3/envs/titanic/lib/python3.11/site-packages/airflow/example_dags/example_params_ui_tutorial.py for tasks to queue
[2025-03-24T17:02:30.551-1000] {logging_mixin.py:190} INFO - [2025-03-24T17:02:30.551-1000] {dagbag.py:588} INFO - Filling up the DagBag from /opt/anaconda3/envs/titanic/lib/python3.11/site-packages/airflow/example_dags/example_params_ui_tutorial.py
[2025-03-24T17:02:30.560-1000] {processor.py:925} INFO - DAG(s) 'example_params_ui_tutorial' retrieved from /opt/anaconda3/envs/titanic/lib/python3.11/site-packages/airflow/example_dags/example_params_ui_tutorial.py
[2025-03-24T17:02:30.590-1000] {logging_mixin.py:190} INFO - [2025-03-24T17:02:30.589-1000] {dag.py:3239} INFO - Sync 1 DAGs
[2025-03-24T17:02:30.592-1000] {logging_mixin.py:190} INFO - [2025-03-24T17:02:30.592-1000] {dag.py:4180} INFO - Setting next_dagrun for example_params_ui_tutorial to None, run_after=None
[2025-03-24T17:02:30.597-1000] {processor.py:208} INFO - Processing /opt/anaconda3/envs/titanic/lib/python3.11/site-packages/airflow/example_dags/example_params_ui_tutorial.py took 0.047 seconds
[2025-03-24T17:04:24.408-1000] {processor.py:186} INFO - Started process (PID=36637) to work on /opt/anaconda3/envs/titanic/lib/python3.11/site-packages/airflow/example_dags/example_params_ui_tutorial.py
[2025-03-24T17:04:24.408-1000] {processor.py:914} INFO - Processing file /opt/anaconda3/envs/titanic/lib/python3.11/site-packages/airflow/example_dags/example_params_ui_tutorial.py for tasks to queue
[2025-03-24T17:04:24.408-1000] {logging_mixin.py:190} INFO - [2025-03-24T17:04:24.408-1000] {dagbag.py:588} INFO - Filling up the DagBag from /opt/anaconda3/envs/titanic/lib/python3.11/site-packages/airflow/example_dags/example_params_ui_tutorial.py
[2025-03-24T17:04:24.418-1000] {processor.py:925} INFO - DAG(s) 'example_params_ui_tutorial' retrieved from /opt/anaconda3/envs/titanic/lib/python3.11/site-packages/airflow/example_dags/example_params_ui_tutorial.py
[2025-03-24T17:04:24.446-1000] {logging_mixin.py:190} INFO - [2025-03-24T17:04:24.446-1000] {dag.py:3239} INFO - Sync 1 DAGs
[2025-03-24T17:04:24.449-1000] {logging_mixin.py:190} INFO - [2025-03-24T17:04:24.449-1000] {dag.py:4180} INFO - Setting next_dagrun for example_params_ui_tutorial to None, run_after=None
[2025-03-24T17:04:24.454-1000] {processor.py:208} INFO - Processing /opt/anaconda3/envs/titanic/lib/python3.11/site-packages/airflow/example_dags/example_params_ui_tutorial.py took 0.047 seconds
[2025-03-24T17:06:14.840-1000] {processor.py:186} INFO - Started process (PID=37054) to work on /opt/anaconda3/envs/titanic/lib/python3.11/site-packages/airflow/example_dags/example_params_ui_tutorial.py
[2025-03-24T17:06:14.840-1000] {processor.py:914} INFO - Processing file /opt/anaconda3/envs/titanic/lib/python3.11/site-packages/airflow/example_dags/example_params_ui_tutorial.py for tasks to queue
[2025-03-24T17:06:14.841-1000] {logging_mixin.py:190} INFO - [2025-03-24T17:06:14.841-1000] {dagbag.py:588} INFO - Filling up the DagBag from /opt/anaconda3/envs/titanic/lib/python3.11/site-packages/airflow/example_dags/example_params_ui_tutorial.py
[2025-03-24T17:06:14.850-1000] {processor.py:925} INFO - DAG(s) 'example_params_ui_tutorial' retrieved from /opt/anaconda3/envs/titanic/lib/python3.11/site-packages/airflow/example_dags/example_params_ui_tutorial.py
[2025-03-24T17:06:14.879-1000] {logging_mixin.py:190} INFO - [2025-03-24T17:06:14.879-1000] {dag.py:3239} INFO - Sync 1 DAGs
[2025-03-24T17:06:14.881-1000] {logging_mixin.py:190} INFO - [2025-03-24T17:06:14.881-1000] {dag.py:4180} INFO - Setting next_dagrun for example_params_ui_tutorial to None, run_after=None
[2025-03-24T17:06:14.886-1000] {processor.py:208} INFO - Processing /opt/anaconda3/envs/titanic/lib/python3.11/site-packages/airflow/example_dags/example_params_ui_tutorial.py took 0.047 seconds
[2025-03-24T17:08:03.123-1000] {processor.py:186} INFO - Started process (PID=37497) to work on /opt/anaconda3/envs/titanic/lib/python3.11/site-packages/airflow/example_dags/example_params_ui_tutorial.py
[2025-03-24T17:08:03.124-1000] {processor.py:914} INFO - Processing file /opt/anaconda3/envs/titanic/lib/python3.11/site-packages/airflow/example_dags/example_params_ui_tutorial.py for tasks to queue
[2025-03-24T17:08:03.124-1000] {logging_mixin.py:190} INFO - [2025-03-24T17:08:03.124-1000] {dagbag.py:588} INFO - Filling up the DagBag from /opt/anaconda3/envs/titanic/lib/python3.11/site-packages/airflow/example_dags/example_params_ui_tutorial.py
[2025-03-24T17:08:03.134-1000] {processor.py:925} INFO - DAG(s) 'example_params_ui_tutorial' retrieved from /opt/anaconda3/envs/titanic/lib/python3.11/site-packages/airflow/example_dags/example_params_ui_tutorial.py
[2025-03-24T17:08:03.162-1000] {logging_mixin.py:190} INFO - [2025-03-24T17:08:03.162-1000] {dag.py:3239} INFO - Sync 1 DAGs
[2025-03-24T17:08:03.165-1000] {logging_mixin.py:190} INFO - [2025-03-24T17:08:03.165-1000] {dag.py:4180} INFO - Setting next_dagrun for example_params_ui_tutorial to None, run_after=None
[2025-03-24T17:08:03.170-1000] {processor.py:208} INFO - Processing /opt/anaconda3/envs/titanic/lib/python3.11/site-packages/airflow/example_dags/example_params_ui_tutorial.py took 0.047 seconds
[2025-03-24T17:09:55.366-1000] {processor.py:186} INFO - Started process (PID=37924) to work on /opt/anaconda3/envs/titanic/lib/python3.11/site-packages/airflow/example_dags/example_params_ui_tutorial.py
[2025-03-24T17:09:55.366-1000] {processor.py:914} INFO - Processing file /opt/anaconda3/envs/titanic/lib/python3.11/site-packages/airflow/example_dags/example_params_ui_tutorial.py for tasks to queue
[2025-03-24T17:09:55.367-1000] {logging_mixin.py:190} INFO - [2025-03-24T17:09:55.367-1000] {dagbag.py:588} INFO - Filling up the DagBag from /opt/anaconda3/envs/titanic/lib/python3.11/site-packages/airflow/example_dags/example_params_ui_tutorial.py
[2025-03-24T17:09:55.376-1000] {processor.py:925} INFO - DAG(s) 'example_params_ui_tutorial' retrieved from /opt/anaconda3/envs/titanic/lib/python3.11/site-packages/airflow/example_dags/example_params_ui_tutorial.py
[2025-03-24T17:09:55.404-1000] {logging_mixin.py:190} INFO - [2025-03-24T17:09:55.404-1000] {dag.py:3239} INFO - Sync 1 DAGs
[2025-03-24T17:09:55.407-1000] {logging_mixin.py:190} INFO - [2025-03-24T17:09:55.407-1000] {dag.py:4180} INFO - Setting next_dagrun for example_params_ui_tutorial to None, run_after=None
[2025-03-24T17:09:55.412-1000] {processor.py:208} INFO - Processing /opt/anaconda3/envs/titanic/lib/python3.11/site-packages/airflow/example_dags/example_params_ui_tutorial.py took 0.046 seconds
[2025-03-24T17:11:43.770-1000] {processor.py:186} INFO - Started process (PID=38342) to work on /opt/anaconda3/envs/titanic/lib/python3.11/site-packages/airflow/example_dags/example_params_ui_tutorial.py
[2025-03-24T17:11:43.770-1000] {processor.py:914} INFO - Processing file /opt/anaconda3/envs/titanic/lib/python3.11/site-packages/airflow/example_dags/example_params_ui_tutorial.py for tasks to queue
[2025-03-24T17:11:43.771-1000] {logging_mixin.py:190} INFO - [2025-03-24T17:11:43.770-1000] {dagbag.py:588} INFO - Filling up the DagBag from /opt/anaconda3/envs/titanic/lib/python3.11/site-packages/airflow/example_dags/example_params_ui_tutorial.py
[2025-03-24T17:11:43.780-1000] {processor.py:925} INFO - DAG(s) 'example_params_ui_tutorial' retrieved from /opt/anaconda3/envs/titanic/lib/python3.11/site-packages/airflow/example_dags/example_params_ui_tutorial.py
[2025-03-24T17:11:43.808-1000] {logging_mixin.py:190} INFO - [2025-03-24T17:11:43.808-1000] {dag.py:3239} INFO - Sync 1 DAGs
[2025-03-24T17:11:43.811-1000] {logging_mixin.py:190} INFO - [2025-03-24T17:11:43.811-1000] {dag.py:4180} INFO - Setting next_dagrun for example_params_ui_tutorial to None, run_after=None
[2025-03-24T17:11:43.816-1000] {processor.py:208} INFO - Processing /opt/anaconda3/envs/titanic/lib/python3.11/site-packages/airflow/example_dags/example_params_ui_tutorial.py took 0.047 seconds
[2025-03-24T17:13:31.026-1000] {processor.py:186} INFO - Started process (PID=38748) to work on /opt/anaconda3/envs/titanic/lib/python3.11/site-packages/airflow/example_dags/example_params_ui_tutorial.py
[2025-03-24T17:13:31.026-1000] {processor.py:914} INFO - Processing file /opt/anaconda3/envs/titanic/lib/python3.11/site-packages/airflow/example_dags/example_params_ui_tutorial.py for tasks to queue
[2025-03-24T17:13:31.026-1000] {logging_mixin.py:190} INFO - [2025-03-24T17:13:31.026-1000] {dagbag.py:588} INFO - Filling up the DagBag from /opt/anaconda3/envs/titanic/lib/python3.11/site-packages/airflow/example_dags/example_params_ui_tutorial.py
[2025-03-24T17:13:31.035-1000] {processor.py:925} INFO - DAG(s) 'example_params_ui_tutorial' retrieved from /opt/anaconda3/envs/titanic/lib/python3.11/site-packages/airflow/example_dags/example_params_ui_tutorial.py
[2025-03-24T17:13:31.064-1000] {logging_mixin.py:190} INFO - [2025-03-24T17:13:31.064-1000] {dag.py:3239} INFO - Sync 1 DAGs
[2025-03-24T17:13:31.067-1000] {logging_mixin.py:190} INFO - [2025-03-24T17:13:31.067-1000] {dag.py:4180} INFO - Setting next_dagrun for example_params_ui_tutorial to None, run_after=None
[2025-03-24T17:13:31.071-1000] {processor.py:208} INFO - Processing /opt/anaconda3/envs/titanic/lib/python3.11/site-packages/airflow/example_dags/example_params_ui_tutorial.py took 0.047 seconds
[2025-03-24T17:15:20.661-1000] {processor.py:186} INFO - Started process (PID=39168) to work on /opt/anaconda3/envs/titanic/lib/python3.11/site-packages/airflow/example_dags/example_params_ui_tutorial.py
[2025-03-24T17:15:20.662-1000] {processor.py:914} INFO - Processing file /opt/anaconda3/envs/titanic/lib/python3.11/site-packages/airflow/example_dags/example_params_ui_tutorial.py for tasks to queue
[2025-03-24T17:15:20.662-1000] {logging_mixin.py:190} INFO - [2025-03-24T17:15:20.662-1000] {dagbag.py:588} INFO - Filling up the DagBag from /opt/anaconda3/envs/titanic/lib/python3.11/site-packages/airflow/example_dags/example_params_ui_tutorial.py
[2025-03-24T17:15:20.671-1000] {processor.py:925} INFO - DAG(s) 'example_params_ui_tutorial' retrieved from /opt/anaconda3/envs/titanic/lib/python3.11/site-packages/airflow/example_dags/example_params_ui_tutorial.py
[2025-03-24T17:15:20.700-1000] {logging_mixin.py:190} INFO - [2025-03-24T17:15:20.700-1000] {dag.py:3239} INFO - Sync 1 DAGs
[2025-03-24T17:15:20.702-1000] {logging_mixin.py:190} INFO - [2025-03-24T17:15:20.702-1000] {dag.py:4180} INFO - Setting next_dagrun for example_params_ui_tutorial to None, run_after=None
[2025-03-24T17:15:20.707-1000] {processor.py:208} INFO - Processing /opt/anaconda3/envs/titanic/lib/python3.11/site-packages/airflow/example_dags/example_params_ui_tutorial.py took 0.047 seconds
[2025-03-24T17:17:10.851-1000] {processor.py:186} INFO - Started process (PID=39580) to work on /opt/anaconda3/envs/titanic/lib/python3.11/site-packages/airflow/example_dags/example_params_ui_tutorial.py
[2025-03-24T17:17:10.852-1000] {processor.py:914} INFO - Processing file /opt/anaconda3/envs/titanic/lib/python3.11/site-packages/airflow/example_dags/example_params_ui_tutorial.py for tasks to queue
[2025-03-24T17:17:10.852-1000] {logging_mixin.py:190} INFO - [2025-03-24T17:17:10.852-1000] {dagbag.py:588} INFO - Filling up the DagBag from /opt/anaconda3/envs/titanic/lib/python3.11/site-packages/airflow/example_dags/example_params_ui_tutorial.py
[2025-03-24T17:17:10.861-1000] {processor.py:925} INFO - DAG(s) 'example_params_ui_tutorial' retrieved from /opt/anaconda3/envs/titanic/lib/python3.11/site-packages/airflow/example_dags/example_params_ui_tutorial.py
[2025-03-24T17:17:10.890-1000] {logging_mixin.py:190} INFO - [2025-03-24T17:17:10.890-1000] {dag.py:3239} INFO - Sync 1 DAGs
[2025-03-24T17:17:10.893-1000] {logging_mixin.py:190} INFO - [2025-03-24T17:17:10.893-1000] {dag.py:4180} INFO - Setting next_dagrun for example_params_ui_tutorial to None, run_after=None
[2025-03-24T17:17:10.898-1000] {processor.py:208} INFO - Processing /opt/anaconda3/envs/titanic/lib/python3.11/site-packages/airflow/example_dags/example_params_ui_tutorial.py took 0.047 seconds
[2025-03-24T17:18:59.351-1000] {processor.py:186} INFO - Started process (PID=40010) to work on /opt/anaconda3/envs/titanic/lib/python3.11/site-packages/airflow/example_dags/example_params_ui_tutorial.py
[2025-03-24T17:18:59.353-1000] {processor.py:914} INFO - Processing file /opt/anaconda3/envs/titanic/lib/python3.11/site-packages/airflow/example_dags/example_params_ui_tutorial.py for tasks to queue
[2025-03-24T17:18:59.353-1000] {logging_mixin.py:190} INFO - [2025-03-24T17:18:59.353-1000] {dagbag.py:588} INFO - Filling up the DagBag from /opt/anaconda3/envs/titanic/lib/python3.11/site-packages/airflow/example_dags/example_params_ui_tutorial.py
[2025-03-24T17:18:59.363-1000] {processor.py:925} INFO - DAG(s) 'example_params_ui_tutorial' retrieved from /opt/anaconda3/envs/titanic/lib/python3.11/site-packages/airflow/example_dags/example_params_ui_tutorial.py
[2025-03-24T17:18:59.391-1000] {logging_mixin.py:190} INFO - [2025-03-24T17:18:59.391-1000] {dag.py:3239} INFO - Sync 1 DAGs
[2025-03-24T17:18:59.394-1000] {logging_mixin.py:190} INFO - [2025-03-24T17:18:59.394-1000] {dag.py:4180} INFO - Setting next_dagrun for example_params_ui_tutorial to None, run_after=None
[2025-03-24T17:18:59.398-1000] {processor.py:208} INFO - Processing /opt/anaconda3/envs/titanic/lib/python3.11/site-packages/airflow/example_dags/example_params_ui_tutorial.py took 0.048 seconds
[2025-03-24T17:20:52.307-1000] {processor.py:186} INFO - Started process (PID=40450) to work on /opt/anaconda3/envs/titanic/lib/python3.11/site-packages/airflow/example_dags/example_params_ui_tutorial.py
[2025-03-24T17:20:52.308-1000] {processor.py:914} INFO - Processing file /opt/anaconda3/envs/titanic/lib/python3.11/site-packages/airflow/example_dags/example_params_ui_tutorial.py for tasks to queue
[2025-03-24T17:20:52.308-1000] {logging_mixin.py:190} INFO - [2025-03-24T17:20:52.308-1000] {dagbag.py:588} INFO - Filling up the DagBag from /opt/anaconda3/envs/titanic/lib/python3.11/site-packages/airflow/example_dags/example_params_ui_tutorial.py
[2025-03-24T17:20:52.318-1000] {processor.py:925} INFO - DAG(s) 'example_params_ui_tutorial' retrieved from /opt/anaconda3/envs/titanic/lib/python3.11/site-packages/airflow/example_dags/example_params_ui_tutorial.py
[2025-03-24T17:20:52.346-1000] {logging_mixin.py:190} INFO - [2025-03-24T17:20:52.346-1000] {dag.py:3239} INFO - Sync 1 DAGs
[2025-03-24T17:20:52.349-1000] {logging_mixin.py:190} INFO - [2025-03-24T17:20:52.349-1000] {dag.py:4180} INFO - Setting next_dagrun for example_params_ui_tutorial to None, run_after=None
[2025-03-24T17:20:52.354-1000] {processor.py:208} INFO - Processing /opt/anaconda3/envs/titanic/lib/python3.11/site-packages/airflow/example_dags/example_params_ui_tutorial.py took 0.047 seconds
[2025-03-24T17:22:44.026-1000] {processor.py:186} INFO - Started process (PID=40894) to work on /opt/anaconda3/envs/titanic/lib/python3.11/site-packages/airflow/example_dags/example_params_ui_tutorial.py
[2025-03-24T17:22:44.027-1000] {processor.py:914} INFO - Processing file /opt/anaconda3/envs/titanic/lib/python3.11/site-packages/airflow/example_dags/example_params_ui_tutorial.py for tasks to queue
[2025-03-24T17:22:44.028-1000] {logging_mixin.py:190} INFO - [2025-03-24T17:22:44.027-1000] {dagbag.py:588} INFO - Filling up the DagBag from /opt/anaconda3/envs/titanic/lib/python3.11/site-packages/airflow/example_dags/example_params_ui_tutorial.py
[2025-03-24T17:22:44.037-1000] {processor.py:925} INFO - DAG(s) 'example_params_ui_tutorial' retrieved from /opt/anaconda3/envs/titanic/lib/python3.11/site-packages/airflow/example_dags/example_params_ui_tutorial.py
[2025-03-24T17:22:44.066-1000] {logging_mixin.py:190} INFO - [2025-03-24T17:22:44.066-1000] {dag.py:3239} INFO - Sync 1 DAGs
[2025-03-24T17:22:44.068-1000] {logging_mixin.py:190} INFO - [2025-03-24T17:22:44.068-1000] {dag.py:4180} INFO - Setting next_dagrun for example_params_ui_tutorial to None, run_after=None
[2025-03-24T17:22:44.073-1000] {processor.py:208} INFO - Processing /opt/anaconda3/envs/titanic/lib/python3.11/site-packages/airflow/example_dags/example_params_ui_tutorial.py took 0.048 seconds
[2025-03-24T17:24:36.566-1000] {processor.py:186} INFO - Started process (PID=41324) to work on /opt/anaconda3/envs/titanic/lib/python3.11/site-packages/airflow/example_dags/example_params_ui_tutorial.py
[2025-03-24T17:24:36.567-1000] {processor.py:914} INFO - Processing file /opt/anaconda3/envs/titanic/lib/python3.11/site-packages/airflow/example_dags/example_params_ui_tutorial.py for tasks to queue
[2025-03-24T17:24:36.567-1000] {logging_mixin.py:190} INFO - [2025-03-24T17:24:36.567-1000] {dagbag.py:588} INFO - Filling up the DagBag from /opt/anaconda3/envs/titanic/lib/python3.11/site-packages/airflow/example_dags/example_params_ui_tutorial.py
[2025-03-24T17:24:36.576-1000] {processor.py:925} INFO - DAG(s) 'example_params_ui_tutorial' retrieved from /opt/anaconda3/envs/titanic/lib/python3.11/site-packages/airflow/example_dags/example_params_ui_tutorial.py
[2025-03-24T17:24:36.606-1000] {logging_mixin.py:190} INFO - [2025-03-24T17:24:36.605-1000] {dag.py:3239} INFO - Sync 1 DAGs
[2025-03-24T17:24:36.608-1000] {logging_mixin.py:190} INFO - [2025-03-24T17:24:36.608-1000] {dag.py:4180} INFO - Setting next_dagrun for example_params_ui_tutorial to None, run_after=None
[2025-03-24T17:24:36.613-1000] {processor.py:208} INFO - Processing /opt/anaconda3/envs/titanic/lib/python3.11/site-packages/airflow/example_dags/example_params_ui_tutorial.py took 0.049 seconds
[2025-03-24T17:26:35.466-1000] {processor.py:186} INFO - Started process (PID=41854) to work on /opt/anaconda3/envs/titanic/lib/python3.11/site-packages/airflow/example_dags/example_params_ui_tutorial.py
[2025-03-24T17:26:35.468-1000] {processor.py:914} INFO - Processing file /opt/anaconda3/envs/titanic/lib/python3.11/site-packages/airflow/example_dags/example_params_ui_tutorial.py for tasks to queue
[2025-03-24T17:26:35.468-1000] {logging_mixin.py:190} INFO - [2025-03-24T17:26:35.468-1000] {dagbag.py:588} INFO - Filling up the DagBag from /opt/anaconda3/envs/titanic/lib/python3.11/site-packages/airflow/example_dags/example_params_ui_tutorial.py
[2025-03-24T17:26:35.477-1000] {processor.py:925} INFO - DAG(s) 'example_params_ui_tutorial' retrieved from /opt/anaconda3/envs/titanic/lib/python3.11/site-packages/airflow/example_dags/example_params_ui_tutorial.py
[2025-03-24T17:26:35.506-1000] {logging_mixin.py:190} INFO - [2025-03-24T17:26:35.506-1000] {dag.py:3239} INFO - Sync 1 DAGs
[2025-03-24T17:26:35.508-1000] {logging_mixin.py:190} INFO - [2025-03-24T17:26:35.508-1000] {dag.py:4180} INFO - Setting next_dagrun for example_params_ui_tutorial to None, run_after=None
[2025-03-24T17:26:35.513-1000] {processor.py:208} INFO - Processing /opt/anaconda3/envs/titanic/lib/python3.11/site-packages/airflow/example_dags/example_params_ui_tutorial.py took 0.048 seconds
[2025-03-24T17:28:31.053-1000] {processor.py:186} INFO - Started process (PID=42335) to work on /opt/anaconda3/envs/titanic/lib/python3.11/site-packages/airflow/example_dags/example_params_ui_tutorial.py
[2025-03-24T17:28:31.053-1000] {processor.py:914} INFO - Processing file /opt/anaconda3/envs/titanic/lib/python3.11/site-packages/airflow/example_dags/example_params_ui_tutorial.py for tasks to queue
[2025-03-24T17:28:31.053-1000] {logging_mixin.py:190} INFO - [2025-03-24T17:28:31.053-1000] {dagbag.py:588} INFO - Filling up the DagBag from /opt/anaconda3/envs/titanic/lib/python3.11/site-packages/airflow/example_dags/example_params_ui_tutorial.py
[2025-03-24T17:28:31.063-1000] {processor.py:925} INFO - DAG(s) 'example_params_ui_tutorial' retrieved from /opt/anaconda3/envs/titanic/lib/python3.11/site-packages/airflow/example_dags/example_params_ui_tutorial.py
[2025-03-24T17:28:31.091-1000] {logging_mixin.py:190} INFO - [2025-03-24T17:28:31.091-1000] {dag.py:3239} INFO - Sync 1 DAGs
[2025-03-24T17:28:31.094-1000] {logging_mixin.py:190} INFO - [2025-03-24T17:28:31.094-1000] {dag.py:4180} INFO - Setting next_dagrun for example_params_ui_tutorial to None, run_after=None
[2025-03-24T17:28:31.099-1000] {processor.py:208} INFO - Processing /opt/anaconda3/envs/titanic/lib/python3.11/site-packages/airflow/example_dags/example_params_ui_tutorial.py took 0.047 seconds
[2025-03-24T17:30:24.180-1000] {processor.py:186} INFO - Started process (PID=42798) to work on /opt/anaconda3/envs/titanic/lib/python3.11/site-packages/airflow/example_dags/example_params_ui_tutorial.py
[2025-03-24T17:30:24.180-1000] {processor.py:914} INFO - Processing file /opt/anaconda3/envs/titanic/lib/python3.11/site-packages/airflow/example_dags/example_params_ui_tutorial.py for tasks to queue
[2025-03-24T17:30:24.181-1000] {logging_mixin.py:190} INFO - [2025-03-24T17:30:24.181-1000] {dagbag.py:588} INFO - Filling up the DagBag from /opt/anaconda3/envs/titanic/lib/python3.11/site-packages/airflow/example_dags/example_params_ui_tutorial.py
[2025-03-24T17:30:24.190-1000] {processor.py:925} INFO - DAG(s) 'example_params_ui_tutorial' retrieved from /opt/anaconda3/envs/titanic/lib/python3.11/site-packages/airflow/example_dags/example_params_ui_tutorial.py
[2025-03-24T17:30:24.218-1000] {logging_mixin.py:190} INFO - [2025-03-24T17:30:24.218-1000] {dag.py:3239} INFO - Sync 1 DAGs
[2025-03-24T17:30:24.221-1000] {logging_mixin.py:190} INFO - [2025-03-24T17:30:24.221-1000] {dag.py:4180} INFO - Setting next_dagrun for example_params_ui_tutorial to None, run_after=None
[2025-03-24T17:30:24.226-1000] {processor.py:208} INFO - Processing /opt/anaconda3/envs/titanic/lib/python3.11/site-packages/airflow/example_dags/example_params_ui_tutorial.py took 0.047 seconds
[2025-03-24T17:32:27.188-1000] {processor.py:186} INFO - Started process (PID=43324) to work on /opt/anaconda3/envs/titanic/lib/python3.11/site-packages/airflow/example_dags/example_params_ui_tutorial.py
[2025-03-24T17:32:27.189-1000] {processor.py:914} INFO - Processing file /opt/anaconda3/envs/titanic/lib/python3.11/site-packages/airflow/example_dags/example_params_ui_tutorial.py for tasks to queue
[2025-03-24T17:32:27.189-1000] {logging_mixin.py:190} INFO - [2025-03-24T17:32:27.189-1000] {dagbag.py:588} INFO - Filling up the DagBag from /opt/anaconda3/envs/titanic/lib/python3.11/site-packages/airflow/example_dags/example_params_ui_tutorial.py
[2025-03-24T17:32:27.199-1000] {processor.py:925} INFO - DAG(s) 'example_params_ui_tutorial' retrieved from /opt/anaconda3/envs/titanic/lib/python3.11/site-packages/airflow/example_dags/example_params_ui_tutorial.py
[2025-03-24T17:32:27.228-1000] {logging_mixin.py:190} INFO - [2025-03-24T17:32:27.228-1000] {dag.py:3239} INFO - Sync 1 DAGs
[2025-03-24T17:32:27.231-1000] {logging_mixin.py:190} INFO - [2025-03-24T17:32:27.231-1000] {dag.py:4180} INFO - Setting next_dagrun for example_params_ui_tutorial to None, run_after=None
[2025-03-24T17:32:27.236-1000] {processor.py:208} INFO - Processing /opt/anaconda3/envs/titanic/lib/python3.11/site-packages/airflow/example_dags/example_params_ui_tutorial.py took 0.049 seconds
