[2025-03-24T15:51:29.636-1000] {processor.py:186} INFO - Started process (PID=19126) to work on /opt/anaconda3/envs/titanic/lib/python3.11/site-packages/airflow/example_dags/example_nested_branch_dag.py
[2025-03-24T15:51:29.636-1000] {processor.py:914} INFO - Processing file /opt/anaconda3/envs/titanic/lib/python3.11/site-packages/airflow/example_dags/example_nested_branch_dag.py for tasks to queue
[2025-03-24T15:51:29.636-1000] {logging_mixin.py:190} INFO - [2025-03-24T15:51:29.636-1000] {dagbag.py:588} INFO - Filling up the DagBag from /opt/anaconda3/envs/titanic/lib/python3.11/site-packages/airflow/example_dags/example_nested_branch_dag.py
[2025-03-24T15:51:29.648-1000] {processor.py:925} INFO - DAG(s) 'example_nested_branch_dag' retrieved from /opt/anaconda3/envs/titanic/lib/python3.11/site-packages/airflow/example_dags/example_nested_branch_dag.py
[2025-03-24T15:51:29.676-1000] {logging_mixin.py:190} INFO - [2025-03-24T15:51:29.676-1000] {dag.py:3239} INFO - Sync 1 DAGs
[2025-03-24T15:51:29.682-1000] {logging_mixin.py:190} INFO - [2025-03-24T15:51:29.681-1000] {dag.py:4180} INFO - Setting next_dagrun for example_nested_branch_dag to 2025-03-24 00:00:00+00:00, run_after=2025-03-25 00:00:00+00:00
[2025-03-24T15:51:29.687-1000] {processor.py:208} INFO - Processing /opt/anaconda3/envs/titanic/lib/python3.11/site-packages/airflow/example_dags/example_nested_branch_dag.py took 0.078 seconds
[2025-03-24T15:53:03.883-1000] {processor.py:186} INFO - Started process (PID=20003) to work on /opt/anaconda3/envs/titanic/lib/python3.11/site-packages/airflow/example_dags/example_nested_branch_dag.py
[2025-03-24T15:53:03.884-1000] {processor.py:914} INFO - Processing file /opt/anaconda3/envs/titanic/lib/python3.11/site-packages/airflow/example_dags/example_nested_branch_dag.py for tasks to queue
[2025-03-24T15:53:03.885-1000] {logging_mixin.py:190} INFO - [2025-03-24T15:53:03.885-1000] {dagbag.py:588} INFO - Filling up the DagBag from /opt/anaconda3/envs/titanic/lib/python3.11/site-packages/airflow/example_dags/example_nested_branch_dag.py
[2025-03-24T15:53:03.895-1000] {processor.py:925} INFO - DAG(s) 'example_nested_branch_dag' retrieved from /opt/anaconda3/envs/titanic/lib/python3.11/site-packages/airflow/example_dags/example_nested_branch_dag.py
[2025-03-24T15:53:03.920-1000] {logging_mixin.py:190} INFO - [2025-03-24T15:53:03.920-1000] {dag.py:3239} INFO - Sync 1 DAGs
[2025-03-24T15:53:03.925-1000] {logging_mixin.py:190} INFO - [2025-03-24T15:53:03.925-1000] {dag.py:4180} INFO - Setting next_dagrun for example_nested_branch_dag to 2025-03-24 00:00:00+00:00, run_after=2025-03-25 00:00:00+00:00
[2025-03-24T15:53:03.930-1000] {processor.py:208} INFO - Processing /opt/anaconda3/envs/titanic/lib/python3.11/site-packages/airflow/example_dags/example_nested_branch_dag.py took 0.067 seconds
[2025-03-24T15:54:56.461-1000] {processor.py:186} INFO - Started process (PID=20450) to work on /opt/anaconda3/envs/titanic/lib/python3.11/site-packages/airflow/example_dags/example_nested_branch_dag.py
[2025-03-24T15:54:56.462-1000] {processor.py:914} INFO - Processing file /opt/anaconda3/envs/titanic/lib/python3.11/site-packages/airflow/example_dags/example_nested_branch_dag.py for tasks to queue
[2025-03-24T15:54:56.463-1000] {logging_mixin.py:190} INFO - [2025-03-24T15:54:56.463-1000] {dagbag.py:588} INFO - Filling up the DagBag from /opt/anaconda3/envs/titanic/lib/python3.11/site-packages/airflow/example_dags/example_nested_branch_dag.py
[2025-03-24T15:54:56.473-1000] {processor.py:925} INFO - DAG(s) 'example_nested_branch_dag' retrieved from /opt/anaconda3/envs/titanic/lib/python3.11/site-packages/airflow/example_dags/example_nested_branch_dag.py
[2025-03-24T15:54:56.497-1000] {logging_mixin.py:190} INFO - [2025-03-24T15:54:56.497-1000] {dag.py:3239} INFO - Sync 1 DAGs
[2025-03-24T15:54:56.503-1000] {logging_mixin.py:190} INFO - [2025-03-24T15:54:56.502-1000] {dag.py:4180} INFO - Setting next_dagrun for example_nested_branch_dag to 2025-03-24 00:00:00+00:00, run_after=2025-03-25 00:00:00+00:00
[2025-03-24T15:54:56.507-1000] {processor.py:208} INFO - Processing /opt/anaconda3/envs/titanic/lib/python3.11/site-packages/airflow/example_dags/example_nested_branch_dag.py took 0.069 seconds
[2025-03-24T15:56:46.006-1000] {processor.py:186} INFO - Started process (PID=20879) to work on /opt/anaconda3/envs/titanic/lib/python3.11/site-packages/airflow/example_dags/example_nested_branch_dag.py
[2025-03-24T15:56:46.008-1000] {processor.py:914} INFO - Processing file /opt/anaconda3/envs/titanic/lib/python3.11/site-packages/airflow/example_dags/example_nested_branch_dag.py for tasks to queue
[2025-03-24T15:56:46.008-1000] {logging_mixin.py:190} INFO - [2025-03-24T15:56:46.008-1000] {dagbag.py:588} INFO - Filling up the DagBag from /opt/anaconda3/envs/titanic/lib/python3.11/site-packages/airflow/example_dags/example_nested_branch_dag.py
[2025-03-24T15:56:46.018-1000] {processor.py:925} INFO - DAG(s) 'example_nested_branch_dag' retrieved from /opt/anaconda3/envs/titanic/lib/python3.11/site-packages/airflow/example_dags/example_nested_branch_dag.py
[2025-03-24T15:56:46.043-1000] {logging_mixin.py:190} INFO - [2025-03-24T15:56:46.043-1000] {dag.py:3239} INFO - Sync 1 DAGs
[2025-03-24T15:56:46.048-1000] {logging_mixin.py:190} INFO - [2025-03-24T15:56:46.048-1000] {dag.py:4180} INFO - Setting next_dagrun for example_nested_branch_dag to 2025-03-24 00:00:00+00:00, run_after=2025-03-25 00:00:00+00:00
[2025-03-24T15:56:46.053-1000] {processor.py:208} INFO - Processing /opt/anaconda3/envs/titanic/lib/python3.11/site-packages/airflow/example_dags/example_nested_branch_dag.py took 0.066 seconds
[2025-03-24T15:58:33.534-1000] {processor.py:186} INFO - Started process (PID=21294) to work on /opt/anaconda3/envs/titanic/lib/python3.11/site-packages/airflow/example_dags/example_nested_branch_dag.py
[2025-03-24T15:58:33.535-1000] {processor.py:914} INFO - Processing file /opt/anaconda3/envs/titanic/lib/python3.11/site-packages/airflow/example_dags/example_nested_branch_dag.py for tasks to queue
[2025-03-24T15:58:33.535-1000] {logging_mixin.py:190} INFO - [2025-03-24T15:58:33.535-1000] {dagbag.py:588} INFO - Filling up the DagBag from /opt/anaconda3/envs/titanic/lib/python3.11/site-packages/airflow/example_dags/example_nested_branch_dag.py
[2025-03-24T15:58:33.546-1000] {processor.py:925} INFO - DAG(s) 'example_nested_branch_dag' retrieved from /opt/anaconda3/envs/titanic/lib/python3.11/site-packages/airflow/example_dags/example_nested_branch_dag.py
[2025-03-24T15:58:33.571-1000] {logging_mixin.py:190} INFO - [2025-03-24T15:58:33.571-1000] {dag.py:3239} INFO - Sync 1 DAGs
[2025-03-24T15:58:33.576-1000] {logging_mixin.py:190} INFO - [2025-03-24T15:58:33.576-1000] {dag.py:4180} INFO - Setting next_dagrun for example_nested_branch_dag to 2025-03-24 00:00:00+00:00, run_after=2025-03-25 00:00:00+00:00
[2025-03-24T15:58:33.581-1000] {processor.py:208} INFO - Processing /opt/anaconda3/envs/titanic/lib/python3.11/site-packages/airflow/example_dags/example_nested_branch_dag.py took 0.068 seconds
[2025-03-24T16:00:23.184-1000] {processor.py:186} INFO - Started process (PID=21734) to work on /opt/anaconda3/envs/titanic/lib/python3.11/site-packages/airflow/example_dags/example_nested_branch_dag.py
[2025-03-24T16:00:23.186-1000] {processor.py:914} INFO - Processing file /opt/anaconda3/envs/titanic/lib/python3.11/site-packages/airflow/example_dags/example_nested_branch_dag.py for tasks to queue
[2025-03-24T16:00:23.186-1000] {logging_mixin.py:190} INFO - [2025-03-24T16:00:23.186-1000] {dagbag.py:588} INFO - Filling up the DagBag from /opt/anaconda3/envs/titanic/lib/python3.11/site-packages/airflow/example_dags/example_nested_branch_dag.py
[2025-03-24T16:00:23.196-1000] {processor.py:925} INFO - DAG(s) 'example_nested_branch_dag' retrieved from /opt/anaconda3/envs/titanic/lib/python3.11/site-packages/airflow/example_dags/example_nested_branch_dag.py
[2025-03-24T16:00:23.220-1000] {logging_mixin.py:190} INFO - [2025-03-24T16:00:23.220-1000] {dag.py:3239} INFO - Sync 1 DAGs
[2025-03-24T16:00:23.225-1000] {logging_mixin.py:190} INFO - [2025-03-24T16:00:23.225-1000] {dag.py:4180} INFO - Setting next_dagrun for example_nested_branch_dag to 2025-03-24 00:00:00+00:00, run_after=2025-03-25 00:00:00+00:00
[2025-03-24T16:00:23.230-1000] {processor.py:208} INFO - Processing /opt/anaconda3/envs/titanic/lib/python3.11/site-packages/airflow/example_dags/example_nested_branch_dag.py took 0.066 seconds
[2025-03-24T16:02:31.781-1000] {processor.py:186} INFO - Started process (PID=22201) to work on /opt/anaconda3/envs/titanic/lib/python3.11/site-packages/airflow/example_dags/example_nested_branch_dag.py
[2025-03-24T16:02:31.781-1000] {processor.py:914} INFO - Processing file /opt/anaconda3/envs/titanic/lib/python3.11/site-packages/airflow/example_dags/example_nested_branch_dag.py for tasks to queue
[2025-03-24T16:02:31.782-1000] {logging_mixin.py:190} INFO - [2025-03-24T16:02:31.782-1000] {dagbag.py:588} INFO - Filling up the DagBag from /opt/anaconda3/envs/titanic/lib/python3.11/site-packages/airflow/example_dags/example_nested_branch_dag.py
[2025-03-24T16:02:31.791-1000] {processor.py:925} INFO - DAG(s) 'example_nested_branch_dag' retrieved from /opt/anaconda3/envs/titanic/lib/python3.11/site-packages/airflow/example_dags/example_nested_branch_dag.py
[2025-03-24T16:02:31.815-1000] {logging_mixin.py:190} INFO - [2025-03-24T16:02:31.815-1000] {dag.py:3239} INFO - Sync 1 DAGs
[2025-03-24T16:02:31.820-1000] {logging_mixin.py:190} INFO - [2025-03-24T16:02:31.820-1000] {dag.py:4180} INFO - Setting next_dagrun for example_nested_branch_dag to 2025-03-24 00:00:00+00:00, run_after=2025-03-25 00:00:00+00:00
[2025-03-24T16:02:31.825-1000] {processor.py:208} INFO - Processing /opt/anaconda3/envs/titanic/lib/python3.11/site-packages/airflow/example_dags/example_nested_branch_dag.py took 0.064 seconds
[2025-03-24T16:04:21.846-1000] {processor.py:186} INFO - Started process (PID=22617) to work on /opt/anaconda3/envs/titanic/lib/python3.11/site-packages/airflow/example_dags/example_nested_branch_dag.py
[2025-03-24T16:04:21.846-1000] {processor.py:914} INFO - Processing file /opt/anaconda3/envs/titanic/lib/python3.11/site-packages/airflow/example_dags/example_nested_branch_dag.py for tasks to queue
[2025-03-24T16:04:21.847-1000] {logging_mixin.py:190} INFO - [2025-03-24T16:04:21.847-1000] {dagbag.py:588} INFO - Filling up the DagBag from /opt/anaconda3/envs/titanic/lib/python3.11/site-packages/airflow/example_dags/example_nested_branch_dag.py
[2025-03-24T16:04:21.857-1000] {processor.py:925} INFO - DAG(s) 'example_nested_branch_dag' retrieved from /opt/anaconda3/envs/titanic/lib/python3.11/site-packages/airflow/example_dags/example_nested_branch_dag.py
[2025-03-24T16:04:21.880-1000] {logging_mixin.py:190} INFO - [2025-03-24T16:04:21.880-1000] {dag.py:3239} INFO - Sync 1 DAGs
[2025-03-24T16:04:21.885-1000] {logging_mixin.py:190} INFO - [2025-03-24T16:04:21.885-1000] {dag.py:4180} INFO - Setting next_dagrun for example_nested_branch_dag to 2025-03-24 00:00:00+00:00, run_after=2025-03-25 00:00:00+00:00
[2025-03-24T16:04:21.890-1000] {processor.py:208} INFO - Processing /opt/anaconda3/envs/titanic/lib/python3.11/site-packages/airflow/example_dags/example_nested_branch_dag.py took 0.064 seconds
[2025-03-24T16:06:06.036-1000] {processor.py:186} INFO - Started process (PID=23016) to work on /opt/anaconda3/envs/titanic/lib/python3.11/site-packages/airflow/example_dags/example_nested_branch_dag.py
[2025-03-24T16:06:06.037-1000] {processor.py:914} INFO - Processing file /opt/anaconda3/envs/titanic/lib/python3.11/site-packages/airflow/example_dags/example_nested_branch_dag.py for tasks to queue
[2025-03-24T16:06:06.037-1000] {logging_mixin.py:190} INFO - [2025-03-24T16:06:06.037-1000] {dagbag.py:588} INFO - Filling up the DagBag from /opt/anaconda3/envs/titanic/lib/python3.11/site-packages/airflow/example_dags/example_nested_branch_dag.py
[2025-03-24T16:06:06.047-1000] {processor.py:925} INFO - DAG(s) 'example_nested_branch_dag' retrieved from /opt/anaconda3/envs/titanic/lib/python3.11/site-packages/airflow/example_dags/example_nested_branch_dag.py
[2025-03-24T16:06:06.071-1000] {logging_mixin.py:190} INFO - [2025-03-24T16:06:06.071-1000] {dag.py:3239} INFO - Sync 1 DAGs
[2025-03-24T16:06:06.076-1000] {logging_mixin.py:190} INFO - [2025-03-24T16:06:06.076-1000] {dag.py:4180} INFO - Setting next_dagrun for example_nested_branch_dag to 2025-03-24 00:00:00+00:00, run_after=2025-03-25 00:00:00+00:00
[2025-03-24T16:06:06.081-1000] {processor.py:208} INFO - Processing /opt/anaconda3/envs/titanic/lib/python3.11/site-packages/airflow/example_dags/example_nested_branch_dag.py took 0.064 seconds
[2025-03-24T16:07:55.064-1000] {processor.py:186} INFO - Started process (PID=23464) to work on /opt/anaconda3/envs/titanic/lib/python3.11/site-packages/airflow/example_dags/example_nested_branch_dag.py
[2025-03-24T16:07:55.064-1000] {processor.py:914} INFO - Processing file /opt/anaconda3/envs/titanic/lib/python3.11/site-packages/airflow/example_dags/example_nested_branch_dag.py for tasks to queue
[2025-03-24T16:07:55.064-1000] {logging_mixin.py:190} INFO - [2025-03-24T16:07:55.064-1000] {dagbag.py:588} INFO - Filling up the DagBag from /opt/anaconda3/envs/titanic/lib/python3.11/site-packages/airflow/example_dags/example_nested_branch_dag.py
[2025-03-24T16:07:55.074-1000] {processor.py:925} INFO - DAG(s) 'example_nested_branch_dag' retrieved from /opt/anaconda3/envs/titanic/lib/python3.11/site-packages/airflow/example_dags/example_nested_branch_dag.py
[2025-03-24T16:07:55.099-1000] {logging_mixin.py:190} INFO - [2025-03-24T16:07:55.098-1000] {dag.py:3239} INFO - Sync 1 DAGs
[2025-03-24T16:07:55.104-1000] {logging_mixin.py:190} INFO - [2025-03-24T16:07:55.104-1000] {dag.py:4180} INFO - Setting next_dagrun for example_nested_branch_dag to 2025-03-24 00:00:00+00:00, run_after=2025-03-25 00:00:00+00:00
[2025-03-24T16:07:55.108-1000] {processor.py:208} INFO - Processing /opt/anaconda3/envs/titanic/lib/python3.11/site-packages/airflow/example_dags/example_nested_branch_dag.py took 0.065 seconds
[2025-03-24T16:09:49.614-1000] {processor.py:186} INFO - Started process (PID=23893) to work on /opt/anaconda3/envs/titanic/lib/python3.11/site-packages/airflow/example_dags/example_nested_branch_dag.py
[2025-03-24T16:09:49.614-1000] {processor.py:914} INFO - Processing file /opt/anaconda3/envs/titanic/lib/python3.11/site-packages/airflow/example_dags/example_nested_branch_dag.py for tasks to queue
[2025-03-24T16:09:49.614-1000] {logging_mixin.py:190} INFO - [2025-03-24T16:09:49.614-1000] {dagbag.py:588} INFO - Filling up the DagBag from /opt/anaconda3/envs/titanic/lib/python3.11/site-packages/airflow/example_dags/example_nested_branch_dag.py
[2025-03-24T16:09:49.624-1000] {processor.py:925} INFO - DAG(s) 'example_nested_branch_dag' retrieved from /opt/anaconda3/envs/titanic/lib/python3.11/site-packages/airflow/example_dags/example_nested_branch_dag.py
[2025-03-24T16:09:49.648-1000] {logging_mixin.py:190} INFO - [2025-03-24T16:09:49.647-1000] {dag.py:3239} INFO - Sync 1 DAGs
[2025-03-24T16:09:49.652-1000] {logging_mixin.py:190} INFO - [2025-03-24T16:09:49.652-1000] {dag.py:4180} INFO - Setting next_dagrun for example_nested_branch_dag to 2025-03-24 00:00:00+00:00, run_after=2025-03-25 00:00:00+00:00
[2025-03-24T16:09:49.657-1000] {processor.py:208} INFO - Processing /opt/anaconda3/envs/titanic/lib/python3.11/site-packages/airflow/example_dags/example_nested_branch_dag.py took 0.063 seconds
[2025-03-24T16:11:53.186-1000] {processor.py:186} INFO - Started process (PID=24394) to work on /opt/anaconda3/envs/titanic/lib/python3.11/site-packages/airflow/example_dags/example_nested_branch_dag.py
[2025-03-24T16:11:53.187-1000] {processor.py:914} INFO - Processing file /opt/anaconda3/envs/titanic/lib/python3.11/site-packages/airflow/example_dags/example_nested_branch_dag.py for tasks to queue
[2025-03-24T16:11:53.188-1000] {logging_mixin.py:190} INFO - [2025-03-24T16:11:53.188-1000] {dagbag.py:588} INFO - Filling up the DagBag from /opt/anaconda3/envs/titanic/lib/python3.11/site-packages/airflow/example_dags/example_nested_branch_dag.py
[2025-03-24T16:11:53.197-1000] {processor.py:925} INFO - DAG(s) 'example_nested_branch_dag' retrieved from /opt/anaconda3/envs/titanic/lib/python3.11/site-packages/airflow/example_dags/example_nested_branch_dag.py
[2025-03-24T16:11:53.222-1000] {logging_mixin.py:190} INFO - [2025-03-24T16:11:53.222-1000] {dag.py:3239} INFO - Sync 1 DAGs
[2025-03-24T16:11:53.227-1000] {logging_mixin.py:190} INFO - [2025-03-24T16:11:53.227-1000] {dag.py:4180} INFO - Setting next_dagrun for example_nested_branch_dag to 2025-03-24 00:00:00+00:00, run_after=2025-03-25 00:00:00+00:00
[2025-03-24T16:11:53.232-1000] {processor.py:208} INFO - Processing /opt/anaconda3/envs/titanic/lib/python3.11/site-packages/airflow/example_dags/example_nested_branch_dag.py took 0.066 seconds
[2025-03-24T16:13:53.695-1000] {processor.py:186} INFO - Started process (PID=24912) to work on /opt/anaconda3/envs/titanic/lib/python3.11/site-packages/airflow/example_dags/example_nested_branch_dag.py
[2025-03-24T16:13:53.696-1000] {processor.py:914} INFO - Processing file /opt/anaconda3/envs/titanic/lib/python3.11/site-packages/airflow/example_dags/example_nested_branch_dag.py for tasks to queue
[2025-03-24T16:13:53.697-1000] {logging_mixin.py:190} INFO - [2025-03-24T16:13:53.697-1000] {dagbag.py:588} INFO - Filling up the DagBag from /opt/anaconda3/envs/titanic/lib/python3.11/site-packages/airflow/example_dags/example_nested_branch_dag.py
[2025-03-24T16:13:53.707-1000] {processor.py:925} INFO - DAG(s) 'example_nested_branch_dag' retrieved from /opt/anaconda3/envs/titanic/lib/python3.11/site-packages/airflow/example_dags/example_nested_branch_dag.py
[2025-03-24T16:13:53.731-1000] {logging_mixin.py:190} INFO - [2025-03-24T16:13:53.731-1000] {dag.py:3239} INFO - Sync 1 DAGs
[2025-03-24T16:13:53.736-1000] {logging_mixin.py:190} INFO - [2025-03-24T16:13:53.736-1000] {dag.py:4180} INFO - Setting next_dagrun for example_nested_branch_dag to 2025-03-24 00:00:00+00:00, run_after=2025-03-25 00:00:00+00:00
[2025-03-24T16:13:53.741-1000] {processor.py:208} INFO - Processing /opt/anaconda3/envs/titanic/lib/python3.11/site-packages/airflow/example_dags/example_nested_branch_dag.py took 0.065 seconds
[2025-03-24T16:15:47.041-1000] {processor.py:186} INFO - Started process (PID=25366) to work on /opt/anaconda3/envs/titanic/lib/python3.11/site-packages/airflow/example_dags/example_nested_branch_dag.py
[2025-03-24T16:15:47.041-1000] {processor.py:914} INFO - Processing file /opt/anaconda3/envs/titanic/lib/python3.11/site-packages/airflow/example_dags/example_nested_branch_dag.py for tasks to queue
[2025-03-24T16:15:47.041-1000] {logging_mixin.py:190} INFO - [2025-03-24T16:15:47.041-1000] {dagbag.py:588} INFO - Filling up the DagBag from /opt/anaconda3/envs/titanic/lib/python3.11/site-packages/airflow/example_dags/example_nested_branch_dag.py
[2025-03-24T16:15:47.051-1000] {processor.py:925} INFO - DAG(s) 'example_nested_branch_dag' retrieved from /opt/anaconda3/envs/titanic/lib/python3.11/site-packages/airflow/example_dags/example_nested_branch_dag.py
[2025-03-24T16:15:47.075-1000] {logging_mixin.py:190} INFO - [2025-03-24T16:15:47.075-1000] {dag.py:3239} INFO - Sync 1 DAGs
[2025-03-24T16:15:47.080-1000] {logging_mixin.py:190} INFO - [2025-03-24T16:15:47.080-1000] {dag.py:4180} INFO - Setting next_dagrun for example_nested_branch_dag to 2025-03-24 00:00:00+00:00, run_after=2025-03-25 00:00:00+00:00
[2025-03-24T16:15:47.085-1000] {processor.py:208} INFO - Processing /opt/anaconda3/envs/titanic/lib/python3.11/site-packages/airflow/example_dags/example_nested_branch_dag.py took 0.064 seconds
[2025-03-24T16:17:34.827-1000] {processor.py:186} INFO - Started process (PID=25774) to work on /opt/anaconda3/envs/titanic/lib/python3.11/site-packages/airflow/example_dags/example_nested_branch_dag.py
[2025-03-24T16:17:34.827-1000] {processor.py:914} INFO - Processing file /opt/anaconda3/envs/titanic/lib/python3.11/site-packages/airflow/example_dags/example_nested_branch_dag.py for tasks to queue
[2025-03-24T16:17:34.827-1000] {logging_mixin.py:190} INFO - [2025-03-24T16:17:34.827-1000] {dagbag.py:588} INFO - Filling up the DagBag from /opt/anaconda3/envs/titanic/lib/python3.11/site-packages/airflow/example_dags/example_nested_branch_dag.py
[2025-03-24T16:17:34.837-1000] {processor.py:925} INFO - DAG(s) 'example_nested_branch_dag' retrieved from /opt/anaconda3/envs/titanic/lib/python3.11/site-packages/airflow/example_dags/example_nested_branch_dag.py
[2025-03-24T16:17:34.861-1000] {logging_mixin.py:190} INFO - [2025-03-24T16:17:34.861-1000] {dag.py:3239} INFO - Sync 1 DAGs
[2025-03-24T16:17:34.866-1000] {logging_mixin.py:190} INFO - [2025-03-24T16:17:34.866-1000] {dag.py:4180} INFO - Setting next_dagrun for example_nested_branch_dag to 2025-03-24 00:00:00+00:00, run_after=2025-03-25 00:00:00+00:00
[2025-03-24T16:17:34.871-1000] {processor.py:208} INFO - Processing /opt/anaconda3/envs/titanic/lib/python3.11/site-packages/airflow/example_dags/example_nested_branch_dag.py took 0.065 seconds
[2025-03-24T16:19:27.725-1000] {processor.py:186} INFO - Started process (PID=26229) to work on /opt/anaconda3/envs/titanic/lib/python3.11/site-packages/airflow/example_dags/example_nested_branch_dag.py
[2025-03-24T16:19:27.725-1000] {processor.py:914} INFO - Processing file /opt/anaconda3/envs/titanic/lib/python3.11/site-packages/airflow/example_dags/example_nested_branch_dag.py for tasks to queue
[2025-03-24T16:19:27.726-1000] {logging_mixin.py:190} INFO - [2025-03-24T16:19:27.725-1000] {dagbag.py:588} INFO - Filling up the DagBag from /opt/anaconda3/envs/titanic/lib/python3.11/site-packages/airflow/example_dags/example_nested_branch_dag.py
[2025-03-24T16:19:27.735-1000] {processor.py:925} INFO - DAG(s) 'example_nested_branch_dag' retrieved from /opt/anaconda3/envs/titanic/lib/python3.11/site-packages/airflow/example_dags/example_nested_branch_dag.py
[2025-03-24T16:19:27.759-1000] {logging_mixin.py:190} INFO - [2025-03-24T16:19:27.759-1000] {dag.py:3239} INFO - Sync 1 DAGs
[2025-03-24T16:19:27.764-1000] {logging_mixin.py:190} INFO - [2025-03-24T16:19:27.764-1000] {dag.py:4180} INFO - Setting next_dagrun for example_nested_branch_dag to 2025-03-24 00:00:00+00:00, run_after=2025-03-25 00:00:00+00:00
[2025-03-24T16:19:27.769-1000] {processor.py:208} INFO - Processing /opt/anaconda3/envs/titanic/lib/python3.11/site-packages/airflow/example_dags/example_nested_branch_dag.py took 0.064 seconds
[2025-03-24T16:21:17.732-1000] {processor.py:186} INFO - Started process (PID=26642) to work on /opt/anaconda3/envs/titanic/lib/python3.11/site-packages/airflow/example_dags/example_nested_branch_dag.py
[2025-03-24T16:21:17.732-1000] {processor.py:914} INFO - Processing file /opt/anaconda3/envs/titanic/lib/python3.11/site-packages/airflow/example_dags/example_nested_branch_dag.py for tasks to queue
[2025-03-24T16:21:17.732-1000] {logging_mixin.py:190} INFO - [2025-03-24T16:21:17.732-1000] {dagbag.py:588} INFO - Filling up the DagBag from /opt/anaconda3/envs/titanic/lib/python3.11/site-packages/airflow/example_dags/example_nested_branch_dag.py
[2025-03-24T16:21:17.742-1000] {processor.py:925} INFO - DAG(s) 'example_nested_branch_dag' retrieved from /opt/anaconda3/envs/titanic/lib/python3.11/site-packages/airflow/example_dags/example_nested_branch_dag.py
[2025-03-24T16:21:17.766-1000] {logging_mixin.py:190} INFO - [2025-03-24T16:21:17.766-1000] {dag.py:3239} INFO - Sync 1 DAGs
[2025-03-24T16:21:17.771-1000] {logging_mixin.py:190} INFO - [2025-03-24T16:21:17.771-1000] {dag.py:4180} INFO - Setting next_dagrun for example_nested_branch_dag to 2025-03-24 00:00:00+00:00, run_after=2025-03-25 00:00:00+00:00
[2025-03-24T16:21:17.777-1000] {processor.py:208} INFO - Processing /opt/anaconda3/envs/titanic/lib/python3.11/site-packages/airflow/example_dags/example_nested_branch_dag.py took 0.066 seconds
[2025-03-24T16:23:09.658-1000] {processor.py:186} INFO - Started process (PID=27080) to work on /opt/anaconda3/envs/titanic/lib/python3.11/site-packages/airflow/example_dags/example_nested_branch_dag.py
[2025-03-24T16:23:09.659-1000] {processor.py:914} INFO - Processing file /opt/anaconda3/envs/titanic/lib/python3.11/site-packages/airflow/example_dags/example_nested_branch_dag.py for tasks to queue
[2025-03-24T16:23:09.659-1000] {logging_mixin.py:190} INFO - [2025-03-24T16:23:09.659-1000] {dagbag.py:588} INFO - Filling up the DagBag from /opt/anaconda3/envs/titanic/lib/python3.11/site-packages/airflow/example_dags/example_nested_branch_dag.py
[2025-03-24T16:23:09.669-1000] {processor.py:925} INFO - DAG(s) 'example_nested_branch_dag' retrieved from /opt/anaconda3/envs/titanic/lib/python3.11/site-packages/airflow/example_dags/example_nested_branch_dag.py
[2025-03-24T16:23:09.693-1000] {logging_mixin.py:190} INFO - [2025-03-24T16:23:09.693-1000] {dag.py:3239} INFO - Sync 1 DAGs
[2025-03-24T16:23:09.698-1000] {logging_mixin.py:190} INFO - [2025-03-24T16:23:09.698-1000] {dag.py:4180} INFO - Setting next_dagrun for example_nested_branch_dag to 2025-03-24 00:00:00+00:00, run_after=2025-03-25 00:00:00+00:00
[2025-03-24T16:23:09.703-1000] {processor.py:208} INFO - Processing /opt/anaconda3/envs/titanic/lib/python3.11/site-packages/airflow/example_dags/example_nested_branch_dag.py took 0.064 seconds
[2025-03-24T16:25:03.586-1000] {processor.py:186} INFO - Started process (PID=27513) to work on /opt/anaconda3/envs/titanic/lib/python3.11/site-packages/airflow/example_dags/example_nested_branch_dag.py
[2025-03-24T16:25:03.586-1000] {processor.py:914} INFO - Processing file /opt/anaconda3/envs/titanic/lib/python3.11/site-packages/airflow/example_dags/example_nested_branch_dag.py for tasks to queue
[2025-03-24T16:25:03.586-1000] {logging_mixin.py:190} INFO - [2025-03-24T16:25:03.586-1000] {dagbag.py:588} INFO - Filling up the DagBag from /opt/anaconda3/envs/titanic/lib/python3.11/site-packages/airflow/example_dags/example_nested_branch_dag.py
[2025-03-24T16:25:03.596-1000] {processor.py:925} INFO - DAG(s) 'example_nested_branch_dag' retrieved from /opt/anaconda3/envs/titanic/lib/python3.11/site-packages/airflow/example_dags/example_nested_branch_dag.py
[2025-03-24T16:25:03.620-1000] {logging_mixin.py:190} INFO - [2025-03-24T16:25:03.620-1000] {dag.py:3239} INFO - Sync 1 DAGs
[2025-03-24T16:25:03.625-1000] {logging_mixin.py:190} INFO - [2025-03-24T16:25:03.625-1000] {dag.py:4180} INFO - Setting next_dagrun for example_nested_branch_dag to 2025-03-24 00:00:00+00:00, run_after=2025-03-25 00:00:00+00:00
[2025-03-24T16:25:03.630-1000] {processor.py:208} INFO - Processing /opt/anaconda3/envs/titanic/lib/python3.11/site-packages/airflow/example_dags/example_nested_branch_dag.py took 0.065 seconds
[2025-03-24T16:26:54.489-1000] {processor.py:186} INFO - Started process (PID=27938) to work on /opt/anaconda3/envs/titanic/lib/python3.11/site-packages/airflow/example_dags/example_nested_branch_dag.py
[2025-03-24T16:26:54.490-1000] {processor.py:914} INFO - Processing file /opt/anaconda3/envs/titanic/lib/python3.11/site-packages/airflow/example_dags/example_nested_branch_dag.py for tasks to queue
[2025-03-24T16:26:54.490-1000] {logging_mixin.py:190} INFO - [2025-03-24T16:26:54.490-1000] {dagbag.py:588} INFO - Filling up the DagBag from /opt/anaconda3/envs/titanic/lib/python3.11/site-packages/airflow/example_dags/example_nested_branch_dag.py
[2025-03-24T16:26:54.500-1000] {processor.py:925} INFO - DAG(s) 'example_nested_branch_dag' retrieved from /opt/anaconda3/envs/titanic/lib/python3.11/site-packages/airflow/example_dags/example_nested_branch_dag.py
[2025-03-24T16:26:54.523-1000] {logging_mixin.py:190} INFO - [2025-03-24T16:26:54.523-1000] {dag.py:3239} INFO - Sync 1 DAGs
[2025-03-24T16:26:54.528-1000] {logging_mixin.py:190} INFO - [2025-03-24T16:26:54.528-1000] {dag.py:4180} INFO - Setting next_dagrun for example_nested_branch_dag to 2025-03-24 00:00:00+00:00, run_after=2025-03-25 00:00:00+00:00
[2025-03-24T16:26:54.533-1000] {processor.py:208} INFO - Processing /opt/anaconda3/envs/titanic/lib/python3.11/site-packages/airflow/example_dags/example_nested_branch_dag.py took 0.063 seconds
[2025-03-24T16:28:43.869-1000] {processor.py:186} INFO - Started process (PID=28353) to work on /opt/anaconda3/envs/titanic/lib/python3.11/site-packages/airflow/example_dags/example_nested_branch_dag.py
[2025-03-24T16:28:43.869-1000] {processor.py:914} INFO - Processing file /opt/anaconda3/envs/titanic/lib/python3.11/site-packages/airflow/example_dags/example_nested_branch_dag.py for tasks to queue
[2025-03-24T16:28:43.869-1000] {logging_mixin.py:190} INFO - [2025-03-24T16:28:43.869-1000] {dagbag.py:588} INFO - Filling up the DagBag from /opt/anaconda3/envs/titanic/lib/python3.11/site-packages/airflow/example_dags/example_nested_branch_dag.py
[2025-03-24T16:28:43.879-1000] {processor.py:925} INFO - DAG(s) 'example_nested_branch_dag' retrieved from /opt/anaconda3/envs/titanic/lib/python3.11/site-packages/airflow/example_dags/example_nested_branch_dag.py
[2025-03-24T16:28:43.903-1000] {logging_mixin.py:190} INFO - [2025-03-24T16:28:43.902-1000] {dag.py:3239} INFO - Sync 1 DAGs
[2025-03-24T16:28:43.908-1000] {logging_mixin.py:190} INFO - [2025-03-24T16:28:43.907-1000] {dag.py:4180} INFO - Setting next_dagrun for example_nested_branch_dag to 2025-03-24 00:00:00+00:00, run_after=2025-03-25 00:00:00+00:00
[2025-03-24T16:28:43.912-1000] {processor.py:208} INFO - Processing /opt/anaconda3/envs/titanic/lib/python3.11/site-packages/airflow/example_dags/example_nested_branch_dag.py took 0.064 seconds
[2025-03-24T16:30:29.388-1000] {processor.py:186} INFO - Started process (PID=28750) to work on /opt/anaconda3/envs/titanic/lib/python3.11/site-packages/airflow/example_dags/example_nested_branch_dag.py
[2025-03-24T16:30:29.389-1000] {processor.py:914} INFO - Processing file /opt/anaconda3/envs/titanic/lib/python3.11/site-packages/airflow/example_dags/example_nested_branch_dag.py for tasks to queue
[2025-03-24T16:30:29.389-1000] {logging_mixin.py:190} INFO - [2025-03-24T16:30:29.389-1000] {dagbag.py:588} INFO - Filling up the DagBag from /opt/anaconda3/envs/titanic/lib/python3.11/site-packages/airflow/example_dags/example_nested_branch_dag.py
[2025-03-24T16:30:29.399-1000] {processor.py:925} INFO - DAG(s) 'example_nested_branch_dag' retrieved from /opt/anaconda3/envs/titanic/lib/python3.11/site-packages/airflow/example_dags/example_nested_branch_dag.py
[2025-03-24T16:30:29.423-1000] {logging_mixin.py:190} INFO - [2025-03-24T16:30:29.423-1000] {dag.py:3239} INFO - Sync 1 DAGs
[2025-03-24T16:30:29.428-1000] {logging_mixin.py:190} INFO - [2025-03-24T16:30:29.428-1000] {dag.py:4180} INFO - Setting next_dagrun for example_nested_branch_dag to 2025-03-24 00:00:00+00:00, run_after=2025-03-25 00:00:00+00:00
[2025-03-24T16:30:29.433-1000] {processor.py:208} INFO - Processing /opt/anaconda3/envs/titanic/lib/python3.11/site-packages/airflow/example_dags/example_nested_branch_dag.py took 0.066 seconds
[2025-03-24T16:32:19.618-1000] {processor.py:186} INFO - Started process (PID=29179) to work on /opt/anaconda3/envs/titanic/lib/python3.11/site-packages/airflow/example_dags/example_nested_branch_dag.py
[2025-03-24T16:32:19.619-1000] {processor.py:914} INFO - Processing file /opt/anaconda3/envs/titanic/lib/python3.11/site-packages/airflow/example_dags/example_nested_branch_dag.py for tasks to queue
[2025-03-24T16:32:19.619-1000] {logging_mixin.py:190} INFO - [2025-03-24T16:32:19.619-1000] {dagbag.py:588} INFO - Filling up the DagBag from /opt/anaconda3/envs/titanic/lib/python3.11/site-packages/airflow/example_dags/example_nested_branch_dag.py
[2025-03-24T16:32:19.629-1000] {processor.py:925} INFO - DAG(s) 'example_nested_branch_dag' retrieved from /opt/anaconda3/envs/titanic/lib/python3.11/site-packages/airflow/example_dags/example_nested_branch_dag.py
[2025-03-24T16:32:19.653-1000] {logging_mixin.py:190} INFO - [2025-03-24T16:32:19.653-1000] {dag.py:3239} INFO - Sync 1 DAGs
[2025-03-24T16:32:19.658-1000] {logging_mixin.py:190} INFO - [2025-03-24T16:32:19.658-1000] {dag.py:4180} INFO - Setting next_dagrun for example_nested_branch_dag to 2025-03-24 00:00:00+00:00, run_after=2025-03-25 00:00:00+00:00
[2025-03-24T16:32:19.663-1000] {processor.py:208} INFO - Processing /opt/anaconda3/envs/titanic/lib/python3.11/site-packages/airflow/example_dags/example_nested_branch_dag.py took 0.064 seconds
[2025-03-24T16:34:10.218-1000] {processor.py:186} INFO - Started process (PID=29608) to work on /opt/anaconda3/envs/titanic/lib/python3.11/site-packages/airflow/example_dags/example_nested_branch_dag.py
[2025-03-24T16:34:10.218-1000] {processor.py:914} INFO - Processing file /opt/anaconda3/envs/titanic/lib/python3.11/site-packages/airflow/example_dags/example_nested_branch_dag.py for tasks to queue
[2025-03-24T16:34:10.218-1000] {logging_mixin.py:190} INFO - [2025-03-24T16:34:10.218-1000] {dagbag.py:588} INFO - Filling up the DagBag from /opt/anaconda3/envs/titanic/lib/python3.11/site-packages/airflow/example_dags/example_nested_branch_dag.py
[2025-03-24T16:34:10.228-1000] {processor.py:925} INFO - DAG(s) 'example_nested_branch_dag' retrieved from /opt/anaconda3/envs/titanic/lib/python3.11/site-packages/airflow/example_dags/example_nested_branch_dag.py
[2025-03-24T16:34:10.252-1000] {logging_mixin.py:190} INFO - [2025-03-24T16:34:10.252-1000] {dag.py:3239} INFO - Sync 1 DAGs
[2025-03-24T16:34:10.257-1000] {logging_mixin.py:190} INFO - [2025-03-24T16:34:10.257-1000] {dag.py:4180} INFO - Setting next_dagrun for example_nested_branch_dag to 2025-03-24 00:00:00+00:00, run_after=2025-03-25 00:00:00+00:00
[2025-03-24T16:34:10.265-1000] {processor.py:208} INFO - Processing /opt/anaconda3/envs/titanic/lib/python3.11/site-packages/airflow/example_dags/example_nested_branch_dag.py took 0.066 seconds
[2025-03-24T16:35:59.483-1000] {processor.py:186} INFO - Started process (PID=30020) to work on /opt/anaconda3/envs/titanic/lib/python3.11/site-packages/airflow/example_dags/example_nested_branch_dag.py
[2025-03-24T16:35:59.484-1000] {processor.py:914} INFO - Processing file /opt/anaconda3/envs/titanic/lib/python3.11/site-packages/airflow/example_dags/example_nested_branch_dag.py for tasks to queue
[2025-03-24T16:35:59.484-1000] {logging_mixin.py:190} INFO - [2025-03-24T16:35:59.484-1000] {dagbag.py:588} INFO - Filling up the DagBag from /opt/anaconda3/envs/titanic/lib/python3.11/site-packages/airflow/example_dags/example_nested_branch_dag.py
[2025-03-24T16:35:59.494-1000] {processor.py:925} INFO - DAG(s) 'example_nested_branch_dag' retrieved from /opt/anaconda3/envs/titanic/lib/python3.11/site-packages/airflow/example_dags/example_nested_branch_dag.py
[2025-03-24T16:35:59.517-1000] {logging_mixin.py:190} INFO - [2025-03-24T16:35:59.517-1000] {dag.py:3239} INFO - Sync 1 DAGs
[2025-03-24T16:35:59.522-1000] {logging_mixin.py:190} INFO - [2025-03-24T16:35:59.522-1000] {dag.py:4180} INFO - Setting next_dagrun for example_nested_branch_dag to 2025-03-24 00:00:00+00:00, run_after=2025-03-25 00:00:00+00:00
[2025-03-24T16:35:59.527-1000] {processor.py:208} INFO - Processing /opt/anaconda3/envs/titanic/lib/python3.11/site-packages/airflow/example_dags/example_nested_branch_dag.py took 0.063 seconds
[2025-03-24T16:37:49.389-1000] {processor.py:186} INFO - Started process (PID=30445) to work on /opt/anaconda3/envs/titanic/lib/python3.11/site-packages/airflow/example_dags/example_nested_branch_dag.py
[2025-03-24T16:37:49.390-1000] {processor.py:914} INFO - Processing file /opt/anaconda3/envs/titanic/lib/python3.11/site-packages/airflow/example_dags/example_nested_branch_dag.py for tasks to queue
[2025-03-24T16:37:49.391-1000] {logging_mixin.py:190} INFO - [2025-03-24T16:37:49.391-1000] {dagbag.py:588} INFO - Filling up the DagBag from /opt/anaconda3/envs/titanic/lib/python3.11/site-packages/airflow/example_dags/example_nested_branch_dag.py
[2025-03-24T16:37:49.401-1000] {processor.py:925} INFO - DAG(s) 'example_nested_branch_dag' retrieved from /opt/anaconda3/envs/titanic/lib/python3.11/site-packages/airflow/example_dags/example_nested_branch_dag.py
[2025-03-24T16:37:49.425-1000] {logging_mixin.py:190} INFO - [2025-03-24T16:37:49.425-1000] {dag.py:3239} INFO - Sync 1 DAGs
[2025-03-24T16:37:49.430-1000] {logging_mixin.py:190} INFO - [2025-03-24T16:37:49.430-1000] {dag.py:4180} INFO - Setting next_dagrun for example_nested_branch_dag to 2025-03-24 00:00:00+00:00, run_after=2025-03-25 00:00:00+00:00
[2025-03-24T16:37:49.435-1000] {processor.py:208} INFO - Processing /opt/anaconda3/envs/titanic/lib/python3.11/site-packages/airflow/example_dags/example_nested_branch_dag.py took 0.069 seconds
[2025-03-24T16:39:46.861-1000] {processor.py:186} INFO - Started process (PID=30910) to work on /opt/anaconda3/envs/titanic/lib/python3.11/site-packages/airflow/example_dags/example_nested_branch_dag.py
[2025-03-24T16:39:46.861-1000] {processor.py:914} INFO - Processing file /opt/anaconda3/envs/titanic/lib/python3.11/site-packages/airflow/example_dags/example_nested_branch_dag.py for tasks to queue
[2025-03-24T16:39:46.861-1000] {logging_mixin.py:190} INFO - [2025-03-24T16:39:46.861-1000] {dagbag.py:588} INFO - Filling up the DagBag from /opt/anaconda3/envs/titanic/lib/python3.11/site-packages/airflow/example_dags/example_nested_branch_dag.py
[2025-03-24T16:39:46.872-1000] {processor.py:925} INFO - DAG(s) 'example_nested_branch_dag' retrieved from /opt/anaconda3/envs/titanic/lib/python3.11/site-packages/airflow/example_dags/example_nested_branch_dag.py
[2025-03-24T16:39:46.898-1000] {logging_mixin.py:190} INFO - [2025-03-24T16:39:46.898-1000] {dag.py:3239} INFO - Sync 1 DAGs
[2025-03-24T16:39:46.903-1000] {logging_mixin.py:190} INFO - [2025-03-24T16:39:46.903-1000] {dag.py:4180} INFO - Setting next_dagrun for example_nested_branch_dag to 2025-03-24 00:00:00+00:00, run_after=2025-03-25 00:00:00+00:00
[2025-03-24T16:39:46.908-1000] {processor.py:208} INFO - Processing /opt/anaconda3/envs/titanic/lib/python3.11/site-packages/airflow/example_dags/example_nested_branch_dag.py took 0.070 seconds
[2025-03-24T16:41:44.503-1000] {processor.py:186} INFO - Started process (PID=31359) to work on /opt/anaconda3/envs/titanic/lib/python3.11/site-packages/airflow/example_dags/example_nested_branch_dag.py
[2025-03-24T16:41:44.504-1000] {processor.py:914} INFO - Processing file /opt/anaconda3/envs/titanic/lib/python3.11/site-packages/airflow/example_dags/example_nested_branch_dag.py for tasks to queue
[2025-03-24T16:41:44.504-1000] {logging_mixin.py:190} INFO - [2025-03-24T16:41:44.504-1000] {dagbag.py:588} INFO - Filling up the DagBag from /opt/anaconda3/envs/titanic/lib/python3.11/site-packages/airflow/example_dags/example_nested_branch_dag.py
[2025-03-24T16:41:44.514-1000] {processor.py:925} INFO - DAG(s) 'example_nested_branch_dag' retrieved from /opt/anaconda3/envs/titanic/lib/python3.11/site-packages/airflow/example_dags/example_nested_branch_dag.py
[2025-03-24T16:41:44.539-1000] {logging_mixin.py:190} INFO - [2025-03-24T16:41:44.539-1000] {dag.py:3239} INFO - Sync 1 DAGs
[2025-03-24T16:41:44.544-1000] {logging_mixin.py:190} INFO - [2025-03-24T16:41:44.544-1000] {dag.py:4180} INFO - Setting next_dagrun for example_nested_branch_dag to 2025-03-24 00:00:00+00:00, run_after=2025-03-25 00:00:00+00:00
[2025-03-24T16:41:44.549-1000] {processor.py:208} INFO - Processing /opt/anaconda3/envs/titanic/lib/python3.11/site-packages/airflow/example_dags/example_nested_branch_dag.py took 0.065 seconds
[2025-03-24T16:43:37.974-1000] {processor.py:186} INFO - Started process (PID=31793) to work on /opt/anaconda3/envs/titanic/lib/python3.11/site-packages/airflow/example_dags/example_nested_branch_dag.py
[2025-03-24T16:43:37.975-1000] {processor.py:914} INFO - Processing file /opt/anaconda3/envs/titanic/lib/python3.11/site-packages/airflow/example_dags/example_nested_branch_dag.py for tasks to queue
[2025-03-24T16:43:37.975-1000] {logging_mixin.py:190} INFO - [2025-03-24T16:43:37.975-1000] {dagbag.py:588} INFO - Filling up the DagBag from /opt/anaconda3/envs/titanic/lib/python3.11/site-packages/airflow/example_dags/example_nested_branch_dag.py
[2025-03-24T16:43:37.985-1000] {processor.py:925} INFO - DAG(s) 'example_nested_branch_dag' retrieved from /opt/anaconda3/envs/titanic/lib/python3.11/site-packages/airflow/example_dags/example_nested_branch_dag.py
[2025-03-24T16:43:38.009-1000] {logging_mixin.py:190} INFO - [2025-03-24T16:43:38.009-1000] {dag.py:3239} INFO - Sync 1 DAGs
[2025-03-24T16:43:38.014-1000] {logging_mixin.py:190} INFO - [2025-03-24T16:43:38.014-1000] {dag.py:4180} INFO - Setting next_dagrun for example_nested_branch_dag to 2025-03-24 00:00:00+00:00, run_after=2025-03-25 00:00:00+00:00
[2025-03-24T16:43:38.019-1000] {processor.py:208} INFO - Processing /opt/anaconda3/envs/titanic/lib/python3.11/site-packages/airflow/example_dags/example_nested_branch_dag.py took 0.065 seconds
[2025-03-24T16:45:26.522-1000] {processor.py:186} INFO - Started process (PID=32212) to work on /opt/anaconda3/envs/titanic/lib/python3.11/site-packages/airflow/example_dags/example_nested_branch_dag.py
[2025-03-24T16:45:26.522-1000] {processor.py:914} INFO - Processing file /opt/anaconda3/envs/titanic/lib/python3.11/site-packages/airflow/example_dags/example_nested_branch_dag.py for tasks to queue
[2025-03-24T16:45:26.523-1000] {logging_mixin.py:190} INFO - [2025-03-24T16:45:26.523-1000] {dagbag.py:588} INFO - Filling up the DagBag from /opt/anaconda3/envs/titanic/lib/python3.11/site-packages/airflow/example_dags/example_nested_branch_dag.py
[2025-03-24T16:45:26.533-1000] {processor.py:925} INFO - DAG(s) 'example_nested_branch_dag' retrieved from /opt/anaconda3/envs/titanic/lib/python3.11/site-packages/airflow/example_dags/example_nested_branch_dag.py
[2025-03-24T16:45:26.556-1000] {logging_mixin.py:190} INFO - [2025-03-24T16:45:26.556-1000] {dag.py:3239} INFO - Sync 1 DAGs
[2025-03-24T16:45:26.561-1000] {logging_mixin.py:190} INFO - [2025-03-24T16:45:26.561-1000] {dag.py:4180} INFO - Setting next_dagrun for example_nested_branch_dag to 2025-03-24 00:00:00+00:00, run_after=2025-03-25 00:00:00+00:00
[2025-03-24T16:45:26.566-1000] {processor.py:208} INFO - Processing /opt/anaconda3/envs/titanic/lib/python3.11/site-packages/airflow/example_dags/example_nested_branch_dag.py took 0.063 seconds
[2025-03-24T16:47:18.843-1000] {processor.py:186} INFO - Started process (PID=32653) to work on /opt/anaconda3/envs/titanic/lib/python3.11/site-packages/airflow/example_dags/example_nested_branch_dag.py
[2025-03-24T16:47:18.844-1000] {processor.py:914} INFO - Processing file /opt/anaconda3/envs/titanic/lib/python3.11/site-packages/airflow/example_dags/example_nested_branch_dag.py for tasks to queue
[2025-03-24T16:47:18.844-1000] {logging_mixin.py:190} INFO - [2025-03-24T16:47:18.844-1000] {dagbag.py:588} INFO - Filling up the DagBag from /opt/anaconda3/envs/titanic/lib/python3.11/site-packages/airflow/example_dags/example_nested_branch_dag.py
[2025-03-24T16:47:18.854-1000] {processor.py:925} INFO - DAG(s) 'example_nested_branch_dag' retrieved from /opt/anaconda3/envs/titanic/lib/python3.11/site-packages/airflow/example_dags/example_nested_branch_dag.py
[2025-03-24T16:47:18.878-1000] {logging_mixin.py:190} INFO - [2025-03-24T16:47:18.878-1000] {dag.py:3239} INFO - Sync 1 DAGs
[2025-03-24T16:47:18.883-1000] {logging_mixin.py:190} INFO - [2025-03-24T16:47:18.883-1000] {dag.py:4180} INFO - Setting next_dagrun for example_nested_branch_dag to 2025-03-24 00:00:00+00:00, run_after=2025-03-25 00:00:00+00:00
[2025-03-24T16:47:18.888-1000] {processor.py:208} INFO - Processing /opt/anaconda3/envs/titanic/lib/python3.11/site-packages/airflow/example_dags/example_nested_branch_dag.py took 0.065 seconds
[2025-03-24T16:49:16.912-1000] {processor.py:186} INFO - Started process (PID=33209) to work on /opt/anaconda3/envs/titanic/lib/python3.11/site-packages/airflow/example_dags/example_nested_branch_dag.py
[2025-03-24T16:49:16.913-1000] {processor.py:914} INFO - Processing file /opt/anaconda3/envs/titanic/lib/python3.11/site-packages/airflow/example_dags/example_nested_branch_dag.py for tasks to queue
[2025-03-24T16:49:16.913-1000] {logging_mixin.py:190} INFO - [2025-03-24T16:49:16.913-1000] {dagbag.py:588} INFO - Filling up the DagBag from /opt/anaconda3/envs/titanic/lib/python3.11/site-packages/airflow/example_dags/example_nested_branch_dag.py
[2025-03-24T16:49:16.924-1000] {processor.py:925} INFO - DAG(s) 'example_nested_branch_dag' retrieved from /opt/anaconda3/envs/titanic/lib/python3.11/site-packages/airflow/example_dags/example_nested_branch_dag.py
[2025-03-24T16:49:16.948-1000] {logging_mixin.py:190} INFO - [2025-03-24T16:49:16.948-1000] {dag.py:3239} INFO - Sync 1 DAGs
[2025-03-24T16:49:16.953-1000] {logging_mixin.py:190} INFO - [2025-03-24T16:49:16.953-1000] {dag.py:4180} INFO - Setting next_dagrun for example_nested_branch_dag to 2025-03-24 00:00:00+00:00, run_after=2025-03-25 00:00:00+00:00
[2025-03-24T16:49:16.958-1000] {processor.py:208} INFO - Processing /opt/anaconda3/envs/titanic/lib/python3.11/site-packages/airflow/example_dags/example_nested_branch_dag.py took 0.046 seconds
[2025-03-24T16:51:11.740-1000] {processor.py:186} INFO - Started process (PID=33642) to work on /opt/anaconda3/envs/titanic/lib/python3.11/site-packages/airflow/example_dags/example_nested_branch_dag.py
[2025-03-24T16:51:11.741-1000] {processor.py:914} INFO - Processing file /opt/anaconda3/envs/titanic/lib/python3.11/site-packages/airflow/example_dags/example_nested_branch_dag.py for tasks to queue
[2025-03-24T16:51:11.741-1000] {logging_mixin.py:190} INFO - [2025-03-24T16:51:11.741-1000] {dagbag.py:588} INFO - Filling up the DagBag from /opt/anaconda3/envs/titanic/lib/python3.11/site-packages/airflow/example_dags/example_nested_branch_dag.py
[2025-03-24T16:51:11.751-1000] {processor.py:925} INFO - DAG(s) 'example_nested_branch_dag' retrieved from /opt/anaconda3/envs/titanic/lib/python3.11/site-packages/airflow/example_dags/example_nested_branch_dag.py
[2025-03-24T16:51:11.775-1000] {logging_mixin.py:190} INFO - [2025-03-24T16:51:11.775-1000] {dag.py:3239} INFO - Sync 1 DAGs
[2025-03-24T16:51:11.780-1000] {logging_mixin.py:190} INFO - [2025-03-24T16:51:11.780-1000] {dag.py:4180} INFO - Setting next_dagrun for example_nested_branch_dag to 2025-03-24 00:00:00+00:00, run_after=2025-03-25 00:00:00+00:00
[2025-03-24T16:51:11.785-1000] {processor.py:208} INFO - Processing /opt/anaconda3/envs/titanic/lib/python3.11/site-packages/airflow/example_dags/example_nested_branch_dag.py took 0.047 seconds
[2025-03-24T16:53:07.477-1000] {processor.py:186} INFO - Started process (PID=34078) to work on /opt/anaconda3/envs/titanic/lib/python3.11/site-packages/airflow/example_dags/example_nested_branch_dag.py
[2025-03-24T16:53:07.478-1000] {processor.py:914} INFO - Processing file /opt/anaconda3/envs/titanic/lib/python3.11/site-packages/airflow/example_dags/example_nested_branch_dag.py for tasks to queue
[2025-03-24T16:53:07.478-1000] {logging_mixin.py:190} INFO - [2025-03-24T16:53:07.478-1000] {dagbag.py:588} INFO - Filling up the DagBag from /opt/anaconda3/envs/titanic/lib/python3.11/site-packages/airflow/example_dags/example_nested_branch_dag.py
[2025-03-24T16:53:07.489-1000] {processor.py:925} INFO - DAG(s) 'example_nested_branch_dag' retrieved from /opt/anaconda3/envs/titanic/lib/python3.11/site-packages/airflow/example_dags/example_nested_branch_dag.py
[2025-03-24T16:53:07.514-1000] {logging_mixin.py:190} INFO - [2025-03-24T16:53:07.513-1000] {dag.py:3239} INFO - Sync 1 DAGs
[2025-03-24T16:53:07.518-1000] {logging_mixin.py:190} INFO - [2025-03-24T16:53:07.518-1000] {dag.py:4180} INFO - Setting next_dagrun for example_nested_branch_dag to 2025-03-24 00:00:00+00:00, run_after=2025-03-25 00:00:00+00:00
[2025-03-24T16:53:07.524-1000] {processor.py:208} INFO - Processing /opt/anaconda3/envs/titanic/lib/python3.11/site-packages/airflow/example_dags/example_nested_branch_dag.py took 0.048 seconds
[2025-03-24T16:55:02.143-1000] {processor.py:186} INFO - Started process (PID=34509) to work on /opt/anaconda3/envs/titanic/lib/python3.11/site-packages/airflow/example_dags/example_nested_branch_dag.py
[2025-03-24T16:55:02.143-1000] {processor.py:914} INFO - Processing file /opt/anaconda3/envs/titanic/lib/python3.11/site-packages/airflow/example_dags/example_nested_branch_dag.py for tasks to queue
[2025-03-24T16:55:02.144-1000] {logging_mixin.py:190} INFO - [2025-03-24T16:55:02.143-1000] {dagbag.py:588} INFO - Filling up the DagBag from /opt/anaconda3/envs/titanic/lib/python3.11/site-packages/airflow/example_dags/example_nested_branch_dag.py
[2025-03-24T16:55:02.153-1000] {processor.py:925} INFO - DAG(s) 'example_nested_branch_dag' retrieved from /opt/anaconda3/envs/titanic/lib/python3.11/site-packages/airflow/example_dags/example_nested_branch_dag.py
[2025-03-24T16:55:02.177-1000] {logging_mixin.py:190} INFO - [2025-03-24T16:55:02.177-1000] {dag.py:3239} INFO - Sync 1 DAGs
[2025-03-24T16:55:02.182-1000] {logging_mixin.py:190} INFO - [2025-03-24T16:55:02.182-1000] {dag.py:4180} INFO - Setting next_dagrun for example_nested_branch_dag to 2025-03-24 00:00:00+00:00, run_after=2025-03-25 00:00:00+00:00
[2025-03-24T16:55:02.187-1000] {processor.py:208} INFO - Processing /opt/anaconda3/envs/titanic/lib/python3.11/site-packages/airflow/example_dags/example_nested_branch_dag.py took 0.045 seconds
[2025-03-24T16:56:53.573-1000] {processor.py:186} INFO - Started process (PID=34926) to work on /opt/anaconda3/envs/titanic/lib/python3.11/site-packages/airflow/example_dags/example_nested_branch_dag.py
[2025-03-24T16:56:53.573-1000] {processor.py:914} INFO - Processing file /opt/anaconda3/envs/titanic/lib/python3.11/site-packages/airflow/example_dags/example_nested_branch_dag.py for tasks to queue
[2025-03-24T16:56:53.573-1000] {logging_mixin.py:190} INFO - [2025-03-24T16:56:53.573-1000] {dagbag.py:588} INFO - Filling up the DagBag from /opt/anaconda3/envs/titanic/lib/python3.11/site-packages/airflow/example_dags/example_nested_branch_dag.py
[2025-03-24T16:56:53.584-1000] {processor.py:925} INFO - DAG(s) 'example_nested_branch_dag' retrieved from /opt/anaconda3/envs/titanic/lib/python3.11/site-packages/airflow/example_dags/example_nested_branch_dag.py
[2025-03-24T16:56:53.608-1000] {logging_mixin.py:190} INFO - [2025-03-24T16:56:53.608-1000] {dag.py:3239} INFO - Sync 1 DAGs
[2025-03-24T16:56:53.612-1000] {logging_mixin.py:190} INFO - [2025-03-24T16:56:53.612-1000] {dag.py:4180} INFO - Setting next_dagrun for example_nested_branch_dag to 2025-03-24 00:00:00+00:00, run_after=2025-03-25 00:00:00+00:00
[2025-03-24T16:56:53.617-1000] {processor.py:208} INFO - Processing /opt/anaconda3/envs/titanic/lib/python3.11/site-packages/airflow/example_dags/example_nested_branch_dag.py took 0.045 seconds
[2025-03-24T16:58:41.808-1000] {processor.py:186} INFO - Started process (PID=35347) to work on /opt/anaconda3/envs/titanic/lib/python3.11/site-packages/airflow/example_dags/example_nested_branch_dag.py
[2025-03-24T16:58:41.808-1000] {processor.py:914} INFO - Processing file /opt/anaconda3/envs/titanic/lib/python3.11/site-packages/airflow/example_dags/example_nested_branch_dag.py for tasks to queue
[2025-03-24T16:58:41.808-1000] {logging_mixin.py:190} INFO - [2025-03-24T16:58:41.808-1000] {dagbag.py:588} INFO - Filling up the DagBag from /opt/anaconda3/envs/titanic/lib/python3.11/site-packages/airflow/example_dags/example_nested_branch_dag.py
[2025-03-24T16:58:41.818-1000] {processor.py:925} INFO - DAG(s) 'example_nested_branch_dag' retrieved from /opt/anaconda3/envs/titanic/lib/python3.11/site-packages/airflow/example_dags/example_nested_branch_dag.py
[2025-03-24T16:58:41.842-1000] {logging_mixin.py:190} INFO - [2025-03-24T16:58:41.842-1000] {dag.py:3239} INFO - Sync 1 DAGs
[2025-03-24T16:58:41.847-1000] {logging_mixin.py:190} INFO - [2025-03-24T16:58:41.846-1000] {dag.py:4180} INFO - Setting next_dagrun for example_nested_branch_dag to 2025-03-24 00:00:00+00:00, run_after=2025-03-25 00:00:00+00:00
[2025-03-24T16:58:41.851-1000] {processor.py:208} INFO - Processing /opt/anaconda3/envs/titanic/lib/python3.11/site-packages/airflow/example_dags/example_nested_branch_dag.py took 0.044 seconds
[2025-03-24T17:00:35.159-1000] {processor.py:186} INFO - Started process (PID=35770) to work on /opt/anaconda3/envs/titanic/lib/python3.11/site-packages/airflow/example_dags/example_nested_branch_dag.py
[2025-03-24T17:00:35.159-1000] {processor.py:914} INFO - Processing file /opt/anaconda3/envs/titanic/lib/python3.11/site-packages/airflow/example_dags/example_nested_branch_dag.py for tasks to queue
[2025-03-24T17:00:35.160-1000] {logging_mixin.py:190} INFO - [2025-03-24T17:00:35.160-1000] {dagbag.py:588} INFO - Filling up the DagBag from /opt/anaconda3/envs/titanic/lib/python3.11/site-packages/airflow/example_dags/example_nested_branch_dag.py
[2025-03-24T17:00:35.170-1000] {processor.py:925} INFO - DAG(s) 'example_nested_branch_dag' retrieved from /opt/anaconda3/envs/titanic/lib/python3.11/site-packages/airflow/example_dags/example_nested_branch_dag.py
[2025-03-24T17:00:35.194-1000] {logging_mixin.py:190} INFO - [2025-03-24T17:00:35.194-1000] {dag.py:3239} INFO - Sync 1 DAGs
[2025-03-24T17:00:35.199-1000] {logging_mixin.py:190} INFO - [2025-03-24T17:00:35.199-1000] {dag.py:4180} INFO - Setting next_dagrun for example_nested_branch_dag to 2025-03-24 00:00:00+00:00, run_after=2025-03-25 00:00:00+00:00
[2025-03-24T17:00:35.204-1000] {processor.py:208} INFO - Processing /opt/anaconda3/envs/titanic/lib/python3.11/site-packages/airflow/example_dags/example_nested_branch_dag.py took 0.046 seconds
[2025-03-24T17:02:34.533-1000] {processor.py:186} INFO - Started process (PID=36225) to work on /opt/anaconda3/envs/titanic/lib/python3.11/site-packages/airflow/example_dags/example_nested_branch_dag.py
[2025-03-24T17:02:34.533-1000] {processor.py:914} INFO - Processing file /opt/anaconda3/envs/titanic/lib/python3.11/site-packages/airflow/example_dags/example_nested_branch_dag.py for tasks to queue
[2025-03-24T17:02:34.533-1000] {logging_mixin.py:190} INFO - [2025-03-24T17:02:34.533-1000] {dagbag.py:588} INFO - Filling up the DagBag from /opt/anaconda3/envs/titanic/lib/python3.11/site-packages/airflow/example_dags/example_nested_branch_dag.py
[2025-03-24T17:02:34.543-1000] {processor.py:925} INFO - DAG(s) 'example_nested_branch_dag' retrieved from /opt/anaconda3/envs/titanic/lib/python3.11/site-packages/airflow/example_dags/example_nested_branch_dag.py
[2025-03-24T17:02:34.567-1000] {logging_mixin.py:190} INFO - [2025-03-24T17:02:34.567-1000] {dag.py:3239} INFO - Sync 1 DAGs
[2025-03-24T17:02:34.572-1000] {logging_mixin.py:190} INFO - [2025-03-24T17:02:34.572-1000] {dag.py:4180} INFO - Setting next_dagrun for example_nested_branch_dag to 2025-03-24 00:00:00+00:00, run_after=2025-03-25 00:00:00+00:00
[2025-03-24T17:02:34.577-1000] {processor.py:208} INFO - Processing /opt/anaconda3/envs/titanic/lib/python3.11/site-packages/airflow/example_dags/example_nested_branch_dag.py took 0.045 seconds
[2025-03-24T17:04:28.546-1000] {processor.py:186} INFO - Started process (PID=36653) to work on /opt/anaconda3/envs/titanic/lib/python3.11/site-packages/airflow/example_dags/example_nested_branch_dag.py
[2025-03-24T17:04:28.547-1000] {processor.py:914} INFO - Processing file /opt/anaconda3/envs/titanic/lib/python3.11/site-packages/airflow/example_dags/example_nested_branch_dag.py for tasks to queue
[2025-03-24T17:04:28.547-1000] {logging_mixin.py:190} INFO - [2025-03-24T17:04:28.547-1000] {dagbag.py:588} INFO - Filling up the DagBag from /opt/anaconda3/envs/titanic/lib/python3.11/site-packages/airflow/example_dags/example_nested_branch_dag.py
[2025-03-24T17:04:28.557-1000] {processor.py:925} INFO - DAG(s) 'example_nested_branch_dag' retrieved from /opt/anaconda3/envs/titanic/lib/python3.11/site-packages/airflow/example_dags/example_nested_branch_dag.py
[2025-03-24T17:04:28.581-1000] {logging_mixin.py:190} INFO - [2025-03-24T17:04:28.581-1000] {dag.py:3239} INFO - Sync 1 DAGs
[2025-03-24T17:04:28.585-1000] {logging_mixin.py:190} INFO - [2025-03-24T17:04:28.585-1000] {dag.py:4180} INFO - Setting next_dagrun for example_nested_branch_dag to 2025-03-24 00:00:00+00:00, run_after=2025-03-25 00:00:00+00:00
[2025-03-24T17:04:28.590-1000] {processor.py:208} INFO - Processing /opt/anaconda3/envs/titanic/lib/python3.11/site-packages/airflow/example_dags/example_nested_branch_dag.py took 0.045 seconds
[2025-03-24T17:06:19.781-1000] {processor.py:186} INFO - Started process (PID=37070) to work on /opt/anaconda3/envs/titanic/lib/python3.11/site-packages/airflow/example_dags/example_nested_branch_dag.py
[2025-03-24T17:06:19.781-1000] {processor.py:914} INFO - Processing file /opt/anaconda3/envs/titanic/lib/python3.11/site-packages/airflow/example_dags/example_nested_branch_dag.py for tasks to queue
[2025-03-24T17:06:19.781-1000] {logging_mixin.py:190} INFO - [2025-03-24T17:06:19.781-1000] {dagbag.py:588} INFO - Filling up the DagBag from /opt/anaconda3/envs/titanic/lib/python3.11/site-packages/airflow/example_dags/example_nested_branch_dag.py
[2025-03-24T17:06:19.791-1000] {processor.py:925} INFO - DAG(s) 'example_nested_branch_dag' retrieved from /opt/anaconda3/envs/titanic/lib/python3.11/site-packages/airflow/example_dags/example_nested_branch_dag.py
[2025-03-24T17:06:19.815-1000] {logging_mixin.py:190} INFO - [2025-03-24T17:06:19.815-1000] {dag.py:3239} INFO - Sync 1 DAGs
[2025-03-24T17:06:19.820-1000] {logging_mixin.py:190} INFO - [2025-03-24T17:06:19.820-1000] {dag.py:4180} INFO - Setting next_dagrun for example_nested_branch_dag to 2025-03-24 00:00:00+00:00, run_after=2025-03-25 00:00:00+00:00
[2025-03-24T17:06:19.824-1000] {processor.py:208} INFO - Processing /opt/anaconda3/envs/titanic/lib/python3.11/site-packages/airflow/example_dags/example_nested_branch_dag.py took 0.044 seconds
[2025-03-24T17:08:07.511-1000] {processor.py:186} INFO - Started process (PID=37513) to work on /opt/anaconda3/envs/titanic/lib/python3.11/site-packages/airflow/example_dags/example_nested_branch_dag.py
[2025-03-24T17:08:07.511-1000] {processor.py:914} INFO - Processing file /opt/anaconda3/envs/titanic/lib/python3.11/site-packages/airflow/example_dags/example_nested_branch_dag.py for tasks to queue
[2025-03-24T17:08:07.511-1000] {logging_mixin.py:190} INFO - [2025-03-24T17:08:07.511-1000] {dagbag.py:588} INFO - Filling up the DagBag from /opt/anaconda3/envs/titanic/lib/python3.11/site-packages/airflow/example_dags/example_nested_branch_dag.py
[2025-03-24T17:08:07.521-1000] {processor.py:925} INFO - DAG(s) 'example_nested_branch_dag' retrieved from /opt/anaconda3/envs/titanic/lib/python3.11/site-packages/airflow/example_dags/example_nested_branch_dag.py
[2025-03-24T17:08:07.545-1000] {logging_mixin.py:190} INFO - [2025-03-24T17:08:07.545-1000] {dag.py:3239} INFO - Sync 1 DAGs
[2025-03-24T17:08:07.549-1000] {logging_mixin.py:190} INFO - [2025-03-24T17:08:07.549-1000] {dag.py:4180} INFO - Setting next_dagrun for example_nested_branch_dag to 2025-03-24 00:00:00+00:00, run_after=2025-03-25 00:00:00+00:00
[2025-03-24T17:08:07.554-1000] {processor.py:208} INFO - Processing /opt/anaconda3/envs/titanic/lib/python3.11/site-packages/airflow/example_dags/example_nested_branch_dag.py took 0.044 seconds
[2025-03-24T17:09:59.366-1000] {processor.py:186} INFO - Started process (PID=37940) to work on /opt/anaconda3/envs/titanic/lib/python3.11/site-packages/airflow/example_dags/example_nested_branch_dag.py
[2025-03-24T17:09:59.366-1000] {processor.py:914} INFO - Processing file /opt/anaconda3/envs/titanic/lib/python3.11/site-packages/airflow/example_dags/example_nested_branch_dag.py for tasks to queue
[2025-03-24T17:09:59.366-1000] {logging_mixin.py:190} INFO - [2025-03-24T17:09:59.366-1000] {dagbag.py:588} INFO - Filling up the DagBag from /opt/anaconda3/envs/titanic/lib/python3.11/site-packages/airflow/example_dags/example_nested_branch_dag.py
[2025-03-24T17:09:59.376-1000] {processor.py:925} INFO - DAG(s) 'example_nested_branch_dag' retrieved from /opt/anaconda3/envs/titanic/lib/python3.11/site-packages/airflow/example_dags/example_nested_branch_dag.py
[2025-03-24T17:09:59.399-1000] {logging_mixin.py:190} INFO - [2025-03-24T17:09:59.399-1000] {dag.py:3239} INFO - Sync 1 DAGs
[2025-03-24T17:09:59.404-1000] {logging_mixin.py:190} INFO - [2025-03-24T17:09:59.404-1000] {dag.py:4180} INFO - Setting next_dagrun for example_nested_branch_dag to 2025-03-24 00:00:00+00:00, run_after=2025-03-25 00:00:00+00:00
[2025-03-24T17:09:59.409-1000] {processor.py:208} INFO - Processing /opt/anaconda3/envs/titanic/lib/python3.11/site-packages/airflow/example_dags/example_nested_branch_dag.py took 0.044 seconds
[2025-03-24T17:11:48.625-1000] {processor.py:186} INFO - Started process (PID=38358) to work on /opt/anaconda3/envs/titanic/lib/python3.11/site-packages/airflow/example_dags/example_nested_branch_dag.py
[2025-03-24T17:11:48.625-1000] {processor.py:914} INFO - Processing file /opt/anaconda3/envs/titanic/lib/python3.11/site-packages/airflow/example_dags/example_nested_branch_dag.py for tasks to queue
[2025-03-24T17:11:48.625-1000] {logging_mixin.py:190} INFO - [2025-03-24T17:11:48.625-1000] {dagbag.py:588} INFO - Filling up the DagBag from /opt/anaconda3/envs/titanic/lib/python3.11/site-packages/airflow/example_dags/example_nested_branch_dag.py
[2025-03-24T17:11:48.636-1000] {processor.py:925} INFO - DAG(s) 'example_nested_branch_dag' retrieved from /opt/anaconda3/envs/titanic/lib/python3.11/site-packages/airflow/example_dags/example_nested_branch_dag.py
[2025-03-24T17:11:48.660-1000] {logging_mixin.py:190} INFO - [2025-03-24T17:11:48.659-1000] {dag.py:3239} INFO - Sync 1 DAGs
[2025-03-24T17:11:48.664-1000] {logging_mixin.py:190} INFO - [2025-03-24T17:11:48.664-1000] {dag.py:4180} INFO - Setting next_dagrun for example_nested_branch_dag to 2025-03-24 00:00:00+00:00, run_after=2025-03-25 00:00:00+00:00
[2025-03-24T17:11:48.669-1000] {processor.py:208} INFO - Processing /opt/anaconda3/envs/titanic/lib/python3.11/site-packages/airflow/example_dags/example_nested_branch_dag.py took 0.045 seconds
[2025-03-24T17:13:35.938-1000] {processor.py:186} INFO - Started process (PID=38764) to work on /opt/anaconda3/envs/titanic/lib/python3.11/site-packages/airflow/example_dags/example_nested_branch_dag.py
[2025-03-24T17:13:35.938-1000] {processor.py:914} INFO - Processing file /opt/anaconda3/envs/titanic/lib/python3.11/site-packages/airflow/example_dags/example_nested_branch_dag.py for tasks to queue
[2025-03-24T17:13:35.938-1000] {logging_mixin.py:190} INFO - [2025-03-24T17:13:35.938-1000] {dagbag.py:588} INFO - Filling up the DagBag from /opt/anaconda3/envs/titanic/lib/python3.11/site-packages/airflow/example_dags/example_nested_branch_dag.py
[2025-03-24T17:13:35.948-1000] {processor.py:925} INFO - DAG(s) 'example_nested_branch_dag' retrieved from /opt/anaconda3/envs/titanic/lib/python3.11/site-packages/airflow/example_dags/example_nested_branch_dag.py
[2025-03-24T17:13:35.971-1000] {logging_mixin.py:190} INFO - [2025-03-24T17:13:35.971-1000] {dag.py:3239} INFO - Sync 1 DAGs
[2025-03-24T17:13:35.976-1000] {logging_mixin.py:190} INFO - [2025-03-24T17:13:35.976-1000] {dag.py:4180} INFO - Setting next_dagrun for example_nested_branch_dag to 2025-03-24 00:00:00+00:00, run_after=2025-03-25 00:00:00+00:00
[2025-03-24T17:13:35.981-1000] {processor.py:208} INFO - Processing /opt/anaconda3/envs/titanic/lib/python3.11/site-packages/airflow/example_dags/example_nested_branch_dag.py took 0.044 seconds
[2025-03-24T17:15:24.661-1000] {processor.py:186} INFO - Started process (PID=39179) to work on /opt/anaconda3/envs/titanic/lib/python3.11/site-packages/airflow/example_dags/example_nested_branch_dag.py
[2025-03-24T17:15:24.661-1000] {processor.py:914} INFO - Processing file /opt/anaconda3/envs/titanic/lib/python3.11/site-packages/airflow/example_dags/example_nested_branch_dag.py for tasks to queue
[2025-03-24T17:15:24.662-1000] {logging_mixin.py:190} INFO - [2025-03-24T17:15:24.662-1000] {dagbag.py:588} INFO - Filling up the DagBag from /opt/anaconda3/envs/titanic/lib/python3.11/site-packages/airflow/example_dags/example_nested_branch_dag.py
[2025-03-24T17:15:24.672-1000] {processor.py:925} INFO - DAG(s) 'example_nested_branch_dag' retrieved from /opt/anaconda3/envs/titanic/lib/python3.11/site-packages/airflow/example_dags/example_nested_branch_dag.py
[2025-03-24T17:15:24.697-1000] {logging_mixin.py:190} INFO - [2025-03-24T17:15:24.697-1000] {dag.py:3239} INFO - Sync 1 DAGs
[2025-03-24T17:15:24.701-1000] {logging_mixin.py:190} INFO - [2025-03-24T17:15:24.701-1000] {dag.py:4180} INFO - Setting next_dagrun for example_nested_branch_dag to 2025-03-24 00:00:00+00:00, run_after=2025-03-25 00:00:00+00:00
[2025-03-24T17:15:24.707-1000] {processor.py:208} INFO - Processing /opt/anaconda3/envs/titanic/lib/python3.11/site-packages/airflow/example_dags/example_nested_branch_dag.py took 0.046 seconds
[2025-03-24T17:17:15.265-1000] {processor.py:186} INFO - Started process (PID=39596) to work on /opt/anaconda3/envs/titanic/lib/python3.11/site-packages/airflow/example_dags/example_nested_branch_dag.py
[2025-03-24T17:17:15.266-1000] {processor.py:914} INFO - Processing file /opt/anaconda3/envs/titanic/lib/python3.11/site-packages/airflow/example_dags/example_nested_branch_dag.py for tasks to queue
[2025-03-24T17:17:15.266-1000] {logging_mixin.py:190} INFO - [2025-03-24T17:17:15.266-1000] {dagbag.py:588} INFO - Filling up the DagBag from /opt/anaconda3/envs/titanic/lib/python3.11/site-packages/airflow/example_dags/example_nested_branch_dag.py
[2025-03-24T17:17:15.275-1000] {processor.py:925} INFO - DAG(s) 'example_nested_branch_dag' retrieved from /opt/anaconda3/envs/titanic/lib/python3.11/site-packages/airflow/example_dags/example_nested_branch_dag.py
[2025-03-24T17:17:15.299-1000] {logging_mixin.py:190} INFO - [2025-03-24T17:17:15.299-1000] {dag.py:3239} INFO - Sync 1 DAGs
[2025-03-24T17:17:15.303-1000] {logging_mixin.py:190} INFO - [2025-03-24T17:17:15.303-1000] {dag.py:4180} INFO - Setting next_dagrun for example_nested_branch_dag to 2025-03-24 00:00:00+00:00, run_after=2025-03-25 00:00:00+00:00
[2025-03-24T17:17:15.308-1000] {processor.py:208} INFO - Processing /opt/anaconda3/envs/titanic/lib/python3.11/site-packages/airflow/example_dags/example_nested_branch_dag.py took 0.044 seconds
[2025-03-24T17:19:04.325-1000] {processor.py:186} INFO - Started process (PID=40026) to work on /opt/anaconda3/envs/titanic/lib/python3.11/site-packages/airflow/example_dags/example_nested_branch_dag.py
[2025-03-24T17:19:04.326-1000] {processor.py:914} INFO - Processing file /opt/anaconda3/envs/titanic/lib/python3.11/site-packages/airflow/example_dags/example_nested_branch_dag.py for tasks to queue
[2025-03-24T17:19:04.326-1000] {logging_mixin.py:190} INFO - [2025-03-24T17:19:04.326-1000] {dagbag.py:588} INFO - Filling up the DagBag from /opt/anaconda3/envs/titanic/lib/python3.11/site-packages/airflow/example_dags/example_nested_branch_dag.py
[2025-03-24T17:19:04.336-1000] {processor.py:925} INFO - DAG(s) 'example_nested_branch_dag' retrieved from /opt/anaconda3/envs/titanic/lib/python3.11/site-packages/airflow/example_dags/example_nested_branch_dag.py
[2025-03-24T17:19:04.360-1000] {logging_mixin.py:190} INFO - [2025-03-24T17:19:04.360-1000] {dag.py:3239} INFO - Sync 1 DAGs
[2025-03-24T17:19:04.365-1000] {logging_mixin.py:190} INFO - [2025-03-24T17:19:04.365-1000] {dag.py:4180} INFO - Setting next_dagrun for example_nested_branch_dag to 2025-03-24 00:00:00+00:00, run_after=2025-03-25 00:00:00+00:00
[2025-03-24T17:19:04.369-1000] {processor.py:208} INFO - Processing /opt/anaconda3/envs/titanic/lib/python3.11/site-packages/airflow/example_dags/example_nested_branch_dag.py took 0.045 seconds
[2025-03-24T17:20:56.971-1000] {processor.py:186} INFO - Started process (PID=40466) to work on /opt/anaconda3/envs/titanic/lib/python3.11/site-packages/airflow/example_dags/example_nested_branch_dag.py
[2025-03-24T17:20:56.972-1000] {processor.py:914} INFO - Processing file /opt/anaconda3/envs/titanic/lib/python3.11/site-packages/airflow/example_dags/example_nested_branch_dag.py for tasks to queue
[2025-03-24T17:20:56.972-1000] {logging_mixin.py:190} INFO - [2025-03-24T17:20:56.972-1000] {dagbag.py:588} INFO - Filling up the DagBag from /opt/anaconda3/envs/titanic/lib/python3.11/site-packages/airflow/example_dags/example_nested_branch_dag.py
[2025-03-24T17:20:56.982-1000] {processor.py:925} INFO - DAG(s) 'example_nested_branch_dag' retrieved from /opt/anaconda3/envs/titanic/lib/python3.11/site-packages/airflow/example_dags/example_nested_branch_dag.py
[2025-03-24T17:20:57.006-1000] {logging_mixin.py:190} INFO - [2025-03-24T17:20:57.006-1000] {dag.py:3239} INFO - Sync 1 DAGs
[2025-03-24T17:20:57.010-1000] {logging_mixin.py:190} INFO - [2025-03-24T17:20:57.010-1000] {dag.py:4180} INFO - Setting next_dagrun for example_nested_branch_dag to 2025-03-24 00:00:00+00:00, run_after=2025-03-25 00:00:00+00:00
[2025-03-24T17:20:57.015-1000] {processor.py:208} INFO - Processing /opt/anaconda3/envs/titanic/lib/python3.11/site-packages/airflow/example_dags/example_nested_branch_dag.py took 0.045 seconds
[2025-03-24T17:22:47.991-1000] {processor.py:186} INFO - Started process (PID=40914) to work on /opt/anaconda3/envs/titanic/lib/python3.11/site-packages/airflow/example_dags/example_nested_branch_dag.py
[2025-03-24T17:22:47.992-1000] {processor.py:914} INFO - Processing file /opt/anaconda3/envs/titanic/lib/python3.11/site-packages/airflow/example_dags/example_nested_branch_dag.py for tasks to queue
[2025-03-24T17:22:47.992-1000] {logging_mixin.py:190} INFO - [2025-03-24T17:22:47.992-1000] {dagbag.py:588} INFO - Filling up the DagBag from /opt/anaconda3/envs/titanic/lib/python3.11/site-packages/airflow/example_dags/example_nested_branch_dag.py
[2025-03-24T17:22:48.002-1000] {processor.py:925} INFO - DAG(s) 'example_nested_branch_dag' retrieved from /opt/anaconda3/envs/titanic/lib/python3.11/site-packages/airflow/example_dags/example_nested_branch_dag.py
[2025-03-24T17:22:48.026-1000] {logging_mixin.py:190} INFO - [2025-03-24T17:22:48.026-1000] {dag.py:3239} INFO - Sync 1 DAGs
[2025-03-24T17:22:48.030-1000] {logging_mixin.py:190} INFO - [2025-03-24T17:22:48.030-1000] {dag.py:4180} INFO - Setting next_dagrun for example_nested_branch_dag to 2025-03-24 00:00:00+00:00, run_after=2025-03-25 00:00:00+00:00
[2025-03-24T17:22:48.035-1000] {processor.py:208} INFO - Processing /opt/anaconda3/envs/titanic/lib/python3.11/site-packages/airflow/example_dags/example_nested_branch_dag.py took 0.045 seconds
[2025-03-24T17:24:40.811-1000] {processor.py:186} INFO - Started process (PID=41342) to work on /opt/anaconda3/envs/titanic/lib/python3.11/site-packages/airflow/example_dags/example_nested_branch_dag.py
[2025-03-24T17:24:40.812-1000] {processor.py:914} INFO - Processing file /opt/anaconda3/envs/titanic/lib/python3.11/site-packages/airflow/example_dags/example_nested_branch_dag.py for tasks to queue
[2025-03-24T17:24:40.812-1000] {logging_mixin.py:190} INFO - [2025-03-24T17:24:40.812-1000] {dagbag.py:588} INFO - Filling up the DagBag from /opt/anaconda3/envs/titanic/lib/python3.11/site-packages/airflow/example_dags/example_nested_branch_dag.py
[2025-03-24T17:24:40.822-1000] {processor.py:925} INFO - DAG(s) 'example_nested_branch_dag' retrieved from /opt/anaconda3/envs/titanic/lib/python3.11/site-packages/airflow/example_dags/example_nested_branch_dag.py
[2025-03-24T17:24:40.847-1000] {logging_mixin.py:190} INFO - [2025-03-24T17:24:40.846-1000] {dag.py:3239} INFO - Sync 1 DAGs
[2025-03-24T17:24:40.851-1000] {logging_mixin.py:190} INFO - [2025-03-24T17:24:40.851-1000] {dag.py:4180} INFO - Setting next_dagrun for example_nested_branch_dag to 2025-03-24 00:00:00+00:00, run_after=2025-03-25 00:00:00+00:00
[2025-03-24T17:24:40.858-1000] {processor.py:208} INFO - Processing /opt/anaconda3/envs/titanic/lib/python3.11/site-packages/airflow/example_dags/example_nested_branch_dag.py took 0.048 seconds
[2025-03-24T17:26:40.482-1000] {processor.py:186} INFO - Started process (PID=41877) to work on /opt/anaconda3/envs/titanic/lib/python3.11/site-packages/airflow/example_dags/example_nested_branch_dag.py
[2025-03-24T17:26:40.483-1000] {processor.py:914} INFO - Processing file /opt/anaconda3/envs/titanic/lib/python3.11/site-packages/airflow/example_dags/example_nested_branch_dag.py for tasks to queue
[2025-03-24T17:26:40.483-1000] {logging_mixin.py:190} INFO - [2025-03-24T17:26:40.483-1000] {dagbag.py:588} INFO - Filling up the DagBag from /opt/anaconda3/envs/titanic/lib/python3.11/site-packages/airflow/example_dags/example_nested_branch_dag.py
[2025-03-24T17:26:40.493-1000] {processor.py:925} INFO - DAG(s) 'example_nested_branch_dag' retrieved from /opt/anaconda3/envs/titanic/lib/python3.11/site-packages/airflow/example_dags/example_nested_branch_dag.py
[2025-03-24T17:26:40.517-1000] {logging_mixin.py:190} INFO - [2025-03-24T17:26:40.517-1000] {dag.py:3239} INFO - Sync 1 DAGs
[2025-03-24T17:26:40.521-1000] {logging_mixin.py:190} INFO - [2025-03-24T17:26:40.521-1000] {dag.py:4180} INFO - Setting next_dagrun for example_nested_branch_dag to 2025-03-24 00:00:00+00:00, run_after=2025-03-25 00:00:00+00:00
[2025-03-24T17:26:40.526-1000] {processor.py:208} INFO - Processing /opt/anaconda3/envs/titanic/lib/python3.11/site-packages/airflow/example_dags/example_nested_branch_dag.py took 0.045 seconds
[2025-03-24T17:28:35.779-1000] {processor.py:186} INFO - Started process (PID=42356) to work on /opt/anaconda3/envs/titanic/lib/python3.11/site-packages/airflow/example_dags/example_nested_branch_dag.py
[2025-03-24T17:28:35.779-1000] {processor.py:914} INFO - Processing file /opt/anaconda3/envs/titanic/lib/python3.11/site-packages/airflow/example_dags/example_nested_branch_dag.py for tasks to queue
[2025-03-24T17:28:35.779-1000] {logging_mixin.py:190} INFO - [2025-03-24T17:28:35.779-1000] {dagbag.py:588} INFO - Filling up the DagBag from /opt/anaconda3/envs/titanic/lib/python3.11/site-packages/airflow/example_dags/example_nested_branch_dag.py
[2025-03-24T17:28:35.789-1000] {processor.py:925} INFO - DAG(s) 'example_nested_branch_dag' retrieved from /opt/anaconda3/envs/titanic/lib/python3.11/site-packages/airflow/example_dags/example_nested_branch_dag.py
[2025-03-24T17:28:35.812-1000] {logging_mixin.py:190} INFO - [2025-03-24T17:28:35.812-1000] {dag.py:3239} INFO - Sync 1 DAGs
[2025-03-24T17:28:35.817-1000] {logging_mixin.py:190} INFO - [2025-03-24T17:28:35.817-1000] {dag.py:4180} INFO - Setting next_dagrun for example_nested_branch_dag to 2025-03-24 00:00:00+00:00, run_after=2025-03-25 00:00:00+00:00
[2025-03-24T17:28:35.822-1000] {processor.py:208} INFO - Processing /opt/anaconda3/envs/titanic/lib/python3.11/site-packages/airflow/example_dags/example_nested_branch_dag.py took 0.044 seconds
[2025-03-24T17:30:28.617-1000] {processor.py:186} INFO - Started process (PID=42816) to work on /opt/anaconda3/envs/titanic/lib/python3.11/site-packages/airflow/example_dags/example_nested_branch_dag.py
[2025-03-24T17:30:28.617-1000] {processor.py:914} INFO - Processing file /opt/anaconda3/envs/titanic/lib/python3.11/site-packages/airflow/example_dags/example_nested_branch_dag.py for tasks to queue
[2025-03-24T17:30:28.617-1000] {logging_mixin.py:190} INFO - [2025-03-24T17:30:28.617-1000] {dagbag.py:588} INFO - Filling up the DagBag from /opt/anaconda3/envs/titanic/lib/python3.11/site-packages/airflow/example_dags/example_nested_branch_dag.py
[2025-03-24T17:30:28.627-1000] {processor.py:925} INFO - DAG(s) 'example_nested_branch_dag' retrieved from /opt/anaconda3/envs/titanic/lib/python3.11/site-packages/airflow/example_dags/example_nested_branch_dag.py
[2025-03-24T17:30:28.651-1000] {logging_mixin.py:190} INFO - [2025-03-24T17:30:28.651-1000] {dag.py:3239} INFO - Sync 1 DAGs
[2025-03-24T17:30:28.656-1000] {logging_mixin.py:190} INFO - [2025-03-24T17:30:28.656-1000] {dag.py:4180} INFO - Setting next_dagrun for example_nested_branch_dag to 2025-03-24 00:00:00+00:00, run_after=2025-03-25 00:00:00+00:00
[2025-03-24T17:30:28.660-1000] {processor.py:208} INFO - Processing /opt/anaconda3/envs/titanic/lib/python3.11/site-packages/airflow/example_dags/example_nested_branch_dag.py took 0.045 seconds
[2025-03-24T17:32:31.967-1000] {processor.py:186} INFO - Started process (PID=43347) to work on /opt/anaconda3/envs/titanic/lib/python3.11/site-packages/airflow/example_dags/example_nested_branch_dag.py
[2025-03-24T17:32:31.968-1000] {processor.py:914} INFO - Processing file /opt/anaconda3/envs/titanic/lib/python3.11/site-packages/airflow/example_dags/example_nested_branch_dag.py for tasks to queue
[2025-03-24T17:32:31.968-1000] {logging_mixin.py:190} INFO - [2025-03-24T17:32:31.968-1000] {dagbag.py:588} INFO - Filling up the DagBag from /opt/anaconda3/envs/titanic/lib/python3.11/site-packages/airflow/example_dags/example_nested_branch_dag.py
[2025-03-24T17:32:31.978-1000] {processor.py:925} INFO - DAG(s) 'example_nested_branch_dag' retrieved from /opt/anaconda3/envs/titanic/lib/python3.11/site-packages/airflow/example_dags/example_nested_branch_dag.py
[2025-03-24T17:32:32.002-1000] {logging_mixin.py:190} INFO - [2025-03-24T17:32:32.002-1000] {dag.py:3239} INFO - Sync 1 DAGs
[2025-03-24T17:32:32.007-1000] {logging_mixin.py:190} INFO - [2025-03-24T17:32:32.007-1000] {dag.py:4180} INFO - Setting next_dagrun for example_nested_branch_dag to 2025-03-24 00:00:00+00:00, run_after=2025-03-25 00:00:00+00:00
[2025-03-24T17:32:32.011-1000] {processor.py:208} INFO - Processing /opt/anaconda3/envs/titanic/lib/python3.11/site-packages/airflow/example_dags/example_nested_branch_dag.py took 0.045 seconds
