[2025-03-24T13:32:34.308-1000] {processor.py:186} INFO - Started process (PID=6255) to work on /opt/anaconda3/envs/titanic/lib/python3.11/site-packages/airflow/example_dags/example_xcomargs.py
[2025-03-24T13:32:34.308-1000] {processor.py:914} INFO - Processing file /opt/anaconda3/envs/titanic/lib/python3.11/site-packages/airflow/example_dags/example_xcomargs.py for tasks to queue
[2025-03-24T13:32:34.308-1000] {logging_mixin.py:190} INFO - [2025-03-24T13:32:34.308-1000] {dagbag.py:588} INFO - Filling up the DagBag from /opt/anaconda3/envs/titanic/lib/python3.11/site-packages/airflow/example_dags/example_xcomargs.py
[2025-03-24T13:32:34.319-1000] {processor.py:925} INFO - DAG(s) 'example_xcom_args_with_operators', 'example_xcom_args' retrieved from /opt/anaconda3/envs/titanic/lib/python3.11/site-packages/airflow/example_dags/example_xcomargs.py
[2025-03-24T13:32:34.362-1000] {logging_mixin.py:190} INFO - [2025-03-24T13:32:34.362-1000] {override.py:1930} INFO - Created Permission View: can read on DAG:example_xcom_args_with_operators
[2025-03-24T13:32:34.364-1000] {logging_mixin.py:190} INFO - [2025-03-24T13:32:34.364-1000] {override.py:1930} INFO - Created Permission View: can edit on DAG:example_xcom_args_with_operators
[2025-03-24T13:32:34.365-1000] {logging_mixin.py:190} INFO - [2025-03-24T13:32:34.365-1000] {override.py:1930} INFO - Created Permission View: can delete on DAG:example_xcom_args_with_operators
[2025-03-24T13:32:34.367-1000] {logging_mixin.py:190} INFO - [2025-03-24T13:32:34.367-1000] {override.py:1930} INFO - Created Permission View: can read on DAG Run:example_xcom_args_with_operators
[2025-03-24T13:32:34.369-1000] {logging_mixin.py:190} INFO - [2025-03-24T13:32:34.369-1000] {override.py:1930} INFO - Created Permission View: menu access on DAG Run:example_xcom_args_with_operators
[2025-03-24T13:32:34.370-1000] {logging_mixin.py:190} INFO - [2025-03-24T13:32:34.370-1000] {override.py:1930} INFO - Created Permission View: can delete on DAG Run:example_xcom_args_with_operators
[2025-03-24T13:32:34.371-1000] {logging_mixin.py:190} INFO - [2025-03-24T13:32:34.371-1000] {override.py:1930} INFO - Created Permission View: can create on DAG Run:example_xcom_args_with_operators
[2025-03-24T13:32:34.374-1000] {logging_mixin.py:190} INFO - [2025-03-24T13:32:34.374-1000] {override.py:1930} INFO - Created Permission View: can read on DAG:example_xcom_args
[2025-03-24T13:32:34.375-1000] {logging_mixin.py:190} INFO - [2025-03-24T13:32:34.375-1000] {override.py:1930} INFO - Created Permission View: can edit on DAG:example_xcom_args
[2025-03-24T13:32:34.376-1000] {logging_mixin.py:190} INFO - [2025-03-24T13:32:34.376-1000] {override.py:1930} INFO - Created Permission View: can delete on DAG:example_xcom_args
[2025-03-24T13:32:34.378-1000] {logging_mixin.py:190} INFO - [2025-03-24T13:32:34.378-1000] {override.py:1930} INFO - Created Permission View: can read on DAG Run:example_xcom_args
[2025-03-24T13:32:34.379-1000] {logging_mixin.py:190} INFO - [2025-03-24T13:32:34.379-1000] {override.py:1930} INFO - Created Permission View: menu access on DAG Run:example_xcom_args
[2025-03-24T13:32:34.380-1000] {logging_mixin.py:190} INFO - [2025-03-24T13:32:34.380-1000] {override.py:1930} INFO - Created Permission View: can delete on DAG Run:example_xcom_args
[2025-03-24T13:32:34.381-1000] {logging_mixin.py:190} INFO - [2025-03-24T13:32:34.381-1000] {override.py:1930} INFO - Created Permission View: can create on DAG Run:example_xcom_args
[2025-03-24T13:32:34.381-1000] {logging_mixin.py:190} INFO - [2025-03-24T13:32:34.381-1000] {dag.py:3239} INFO - Sync 2 DAGs
[2025-03-24T13:32:34.385-1000] {logging_mixin.py:190} INFO - [2025-03-24T13:32:34.385-1000] {dag.py:3262} INFO - Creating ORM DAG for example_xcom_args_with_operators
[2025-03-24T13:32:34.385-1000] {logging_mixin.py:190} INFO - [2025-03-24T13:32:34.385-1000] {dag.py:3262} INFO - Creating ORM DAG for example_xcom_args
[2025-03-24T13:32:34.385-1000] {logging_mixin.py:190} INFO - [2025-03-24T13:32:34.385-1000] {dag.py:4180} INFO - Setting next_dagrun for example_xcom_args to None, run_after=None
[2025-03-24T13:32:34.385-1000] {logging_mixin.py:190} INFO - [2025-03-24T13:32:34.385-1000] {dag.py:4180} INFO - Setting next_dagrun for example_xcom_args_with_operators to None, run_after=None
[2025-03-24T13:32:34.389-1000] {processor.py:208} INFO - Processing /opt/anaconda3/envs/titanic/lib/python3.11/site-packages/airflow/example_dags/example_xcomargs.py took 0.101 seconds
[2025-03-24T13:49:48.398-1000] {processor.py:186} INFO - Started process (PID=9383) to work on /opt/anaconda3/envs/titanic/lib/python3.11/site-packages/airflow/example_dags/example_xcomargs.py
[2025-03-24T13:49:48.399-1000] {processor.py:914} INFO - Processing file /opt/anaconda3/envs/titanic/lib/python3.11/site-packages/airflow/example_dags/example_xcomargs.py for tasks to queue
[2025-03-24T13:49:48.399-1000] {logging_mixin.py:190} INFO - [2025-03-24T13:49:48.399-1000] {dagbag.py:588} INFO - Filling up the DagBag from /opt/anaconda3/envs/titanic/lib/python3.11/site-packages/airflow/example_dags/example_xcomargs.py
[2025-03-24T13:49:48.409-1000] {processor.py:925} INFO - DAG(s) 'example_xcom_args', 'example_xcom_args_with_operators' retrieved from /opt/anaconda3/envs/titanic/lib/python3.11/site-packages/airflow/example_dags/example_xcomargs.py
[2025-03-24T13:49:48.432-1000] {logging_mixin.py:190} INFO - [2025-03-24T13:49:48.432-1000] {dag.py:3239} INFO - Sync 2 DAGs
[2025-03-24T13:49:48.435-1000] {logging_mixin.py:190} INFO - [2025-03-24T13:49:48.435-1000] {dag.py:4180} INFO - Setting next_dagrun for example_xcom_args to None, run_after=None
[2025-03-24T13:49:48.436-1000] {logging_mixin.py:190} INFO - [2025-03-24T13:49:48.436-1000] {dag.py:4180} INFO - Setting next_dagrun for example_xcom_args_with_operators to None, run_after=None
[2025-03-24T13:49:48.440-1000] {processor.py:208} INFO - Processing /opt/anaconda3/envs/titanic/lib/python3.11/site-packages/airflow/example_dags/example_xcomargs.py took 0.062 seconds
