[2025-03-24T13:32:48.264-1000] {processor.py:186} INFO - Started process (PID=6312) to work on /opt/anaconda3/envs/titanic/lib/python3.11/site-packages/airflow/example_dags/example_subdag_operator.py
[2025-03-24T13:32:48.264-1000] {processor.py:914} INFO - Processing file /opt/anaconda3/envs/titanic/lib/python3.11/site-packages/airflow/example_dags/example_subdag_operator.py for tasks to queue
[2025-03-24T13:32:48.264-1000] {logging_mixin.py:190} INFO - [2025-03-24T13:32:48.264-1000] {dagbag.py:588} INFO - Filling up the DagBag from /opt/anaconda3/envs/titanic/lib/python3.11/site-packages/airflow/example_dags/example_subdag_operator.py
[2025-03-24T13:32:48.291-1000] {processor.py:925} INFO - DAG(s) 'example_subdag_operator.section-1', 'example_subdag_operator.section-2', 'example_subdag_operator' retrieved from /opt/anaconda3/envs/titanic/lib/python3.11/site-packages/airflow/example_dags/example_subdag_operator.py
[2025-03-24T13:32:48.463-1000] {logging_mixin.py:190} INFO - [2025-03-24T13:32:48.463-1000] {override.py:1930} INFO - Created Permission View: can edit on DAG:example_subdag_operator
[2025-03-24T13:32:48.465-1000] {logging_mixin.py:190} INFO - [2025-03-24T13:32:48.465-1000] {override.py:1930} INFO - Created Permission View: can read on DAG:example_subdag_operator
[2025-03-24T13:32:48.467-1000] {logging_mixin.py:190} INFO - [2025-03-24T13:32:48.467-1000] {override.py:1930} INFO - Created Permission View: can delete on DAG:example_subdag_operator
[2025-03-24T13:32:48.469-1000] {logging_mixin.py:190} INFO - [2025-03-24T13:32:48.469-1000] {override.py:1930} INFO - Created Permission View: menu access on DAG Run:example_subdag_operator
[2025-03-24T13:32:48.470-1000] {logging_mixin.py:190} INFO - [2025-03-24T13:32:48.470-1000] {override.py:1930} INFO - Created Permission View: can create on DAG Run:example_subdag_operator
[2025-03-24T13:32:48.472-1000] {logging_mixin.py:190} INFO - [2025-03-24T13:32:48.471-1000] {override.py:1930} INFO - Created Permission View: can read on DAG Run:example_subdag_operator
[2025-03-24T13:32:48.473-1000] {logging_mixin.py:190} INFO - [2025-03-24T13:32:48.473-1000] {override.py:1930} INFO - Created Permission View: can delete on DAG Run:example_subdag_operator
[2025-03-24T13:32:48.473-1000] {logging_mixin.py:190} INFO - [2025-03-24T13:32:48.473-1000] {dag.py:3239} INFO - Sync 3 DAGs
[2025-03-24T13:32:48.476-1000] {logging_mixin.py:190} INFO - [2025-03-24T13:32:48.476-1000] {dag.py:3262} INFO - Creating ORM DAG for example_subdag_operator
[2025-03-24T13:32:48.476-1000] {logging_mixin.py:190} INFO - [2025-03-24T13:32:48.476-1000] {dag.py:3262} INFO - Creating ORM DAG for example_subdag_operator.section-2
[2025-03-24T13:32:48.476-1000] {logging_mixin.py:190} INFO - [2025-03-24T13:32:48.476-1000] {dag.py:3262} INFO - Creating ORM DAG for example_subdag_operator.section-1
[2025-03-24T13:32:48.478-1000] {logging_mixin.py:190} INFO - [2025-03-24T13:32:48.478-1000] {dag.py:4180} INFO - Setting next_dagrun for example_subdag_operator to 2022-01-01 00:00:00+00:00, run_after=2022-01-01 00:00:00+00:00
[2025-03-24T13:32:48.478-1000] {logging_mixin.py:190} INFO - [2025-03-24T13:32:48.478-1000] {dag.py:4180} INFO - Setting next_dagrun for example_subdag_operator.section-1 to None, run_after=None
[2025-03-24T13:32:48.478-1000] {logging_mixin.py:190} INFO - [2025-03-24T13:32:48.478-1000] {dag.py:4180} INFO - Setting next_dagrun for example_subdag_operator.section-2 to None, run_after=None
[2025-03-24T13:32:48.480-1000] {logging_mixin.py:190} INFO - [2025-03-24T13:32:48.480-1000] {dag.py:3239} INFO - Sync 2 DAGs
[2025-03-24T13:32:48.481-1000] {logging_mixin.py:190} INFO - [2025-03-24T13:32:48.481-1000] {dag.py:4180} INFO - Setting next_dagrun for example_subdag_operator.section-1 to None, run_after=None
[2025-03-24T13:32:48.482-1000] {logging_mixin.py:190} INFO - [2025-03-24T13:32:48.482-1000] {dag.py:4180} INFO - Setting next_dagrun for example_subdag_operator.section-2 to None, run_after=None
[2025-03-24T13:32:48.485-1000] {processor.py:208} INFO - Processing /opt/anaconda3/envs/titanic/lib/python3.11/site-packages/airflow/example_dags/example_subdag_operator.py took 0.242 seconds
[2025-03-24T13:50:00.739-1000] {processor.py:186} INFO - Started process (PID=9429) to work on /opt/anaconda3/envs/titanic/lib/python3.11/site-packages/airflow/example_dags/example_subdag_operator.py
[2025-03-24T13:50:00.740-1000] {processor.py:914} INFO - Processing file /opt/anaconda3/envs/titanic/lib/python3.11/site-packages/airflow/example_dags/example_subdag_operator.py for tasks to queue
[2025-03-24T13:50:00.740-1000] {logging_mixin.py:190} INFO - [2025-03-24T13:50:00.740-1000] {dagbag.py:588} INFO - Filling up the DagBag from /opt/anaconda3/envs/titanic/lib/python3.11/site-packages/airflow/example_dags/example_subdag_operator.py
[2025-03-24T13:50:00.765-1000] {processor.py:925} INFO - DAG(s) 'example_subdag_operator.section-1', 'example_subdag_operator.section-2', 'example_subdag_operator' retrieved from /opt/anaconda3/envs/titanic/lib/python3.11/site-packages/airflow/example_dags/example_subdag_operator.py
[2025-03-24T13:50:00.917-1000] {logging_mixin.py:190} INFO - [2025-03-24T13:50:00.917-1000] {dag.py:3239} INFO - Sync 3 DAGs
[2025-03-24T13:50:00.922-1000] {logging_mixin.py:190} INFO - [2025-03-24T13:50:00.921-1000] {dag.py:4180} INFO - Setting next_dagrun for example_subdag_operator to 2022-01-01 00:00:00+00:00, run_after=2022-01-01 00:00:00+00:00
[2025-03-24T13:50:00.922-1000] {logging_mixin.py:190} INFO - [2025-03-24T13:50:00.922-1000] {dag.py:4180} INFO - Setting next_dagrun for example_subdag_operator.section-1 to None, run_after=None
[2025-03-24T13:50:00.923-1000] {logging_mixin.py:190} INFO - [2025-03-24T13:50:00.923-1000] {dag.py:4180} INFO - Setting next_dagrun for example_subdag_operator.section-2 to None, run_after=None
[2025-03-24T13:50:00.924-1000] {logging_mixin.py:190} INFO - [2025-03-24T13:50:00.924-1000] {dag.py:3239} INFO - Sync 2 DAGs
[2025-03-24T13:50:00.925-1000] {logging_mixin.py:190} INFO - [2025-03-24T13:50:00.925-1000] {dag.py:4180} INFO - Setting next_dagrun for example_subdag_operator.section-1 to None, run_after=None
[2025-03-24T13:50:00.925-1000] {logging_mixin.py:190} INFO - [2025-03-24T13:50:00.925-1000] {dag.py:4180} INFO - Setting next_dagrun for example_subdag_operator.section-2 to None, run_after=None
[2025-03-24T13:50:00.928-1000] {processor.py:208} INFO - Processing /opt/anaconda3/envs/titanic/lib/python3.11/site-packages/airflow/example_dags/example_subdag_operator.py took 0.212 seconds
