[2025-03-24T13:32:39.704-1000] {processor.py:186} INFO - Started process (PID=6282) to work on /opt/anaconda3/envs/titanic/lib/python3.11/site-packages/airflow/example_dags/example_trigger_target_dag.py
[2025-03-24T13:32:39.704-1000] {processor.py:914} INFO - Processing file /opt/anaconda3/envs/titanic/lib/python3.11/site-packages/airflow/example_dags/example_trigger_target_dag.py for tasks to queue
[2025-03-24T13:32:39.705-1000] {logging_mixin.py:190} INFO - [2025-03-24T13:32:39.705-1000] {dagbag.py:588} INFO - Filling up the DagBag from /opt/anaconda3/envs/titanic/lib/python3.11/site-packages/airflow/example_dags/example_trigger_target_dag.py
[2025-03-24T13:32:39.714-1000] {processor.py:925} INFO - DAG(s) 'example_trigger_target_dag' retrieved from /opt/anaconda3/envs/titanic/lib/python3.11/site-packages/airflow/example_dags/example_trigger_target_dag.py
[2025-03-24T13:32:39.758-1000] {logging_mixin.py:190} INFO - [2025-03-24T13:32:39.758-1000] {override.py:1930} INFO - Created Permission View: can edit on DAG:example_trigger_target_dag
[2025-03-24T13:32:39.760-1000] {logging_mixin.py:190} INFO - [2025-03-24T13:32:39.760-1000] {override.py:1930} INFO - Created Permission View: can delete on DAG:example_trigger_target_dag
[2025-03-24T13:32:39.761-1000] {logging_mixin.py:190} INFO - [2025-03-24T13:32:39.761-1000] {override.py:1930} INFO - Created Permission View: can read on DAG:example_trigger_target_dag
[2025-03-24T13:32:39.763-1000] {logging_mixin.py:190} INFO - [2025-03-24T13:32:39.763-1000] {override.py:1930} INFO - Created Permission View: menu access on DAG Run:example_trigger_target_dag
[2025-03-24T13:32:39.764-1000] {logging_mixin.py:190} INFO - [2025-03-24T13:32:39.764-1000] {override.py:1930} INFO - Created Permission View: can delete on DAG Run:example_trigger_target_dag
[2025-03-24T13:32:39.766-1000] {logging_mixin.py:190} INFO - [2025-03-24T13:32:39.766-1000] {override.py:1930} INFO - Created Permission View: can read on DAG Run:example_trigger_target_dag
[2025-03-24T13:32:39.767-1000] {logging_mixin.py:190} INFO - [2025-03-24T13:32:39.767-1000] {override.py:1930} INFO - Created Permission View: can create on DAG Run:example_trigger_target_dag
[2025-03-24T13:32:39.767-1000] {logging_mixin.py:190} INFO - [2025-03-24T13:32:39.767-1000] {dag.py:3239} INFO - Sync 1 DAGs
[2025-03-24T13:32:39.770-1000] {logging_mixin.py:190} INFO - [2025-03-24T13:32:39.770-1000] {dag.py:3262} INFO - Creating ORM DAG for example_trigger_target_dag
[2025-03-24T13:32:39.770-1000] {logging_mixin.py:190} INFO - [2025-03-24T13:32:39.770-1000] {dag.py:4180} INFO - Setting next_dagrun for example_trigger_target_dag to None, run_after=None
[2025-03-24T13:32:39.774-1000] {processor.py:208} INFO - Processing /opt/anaconda3/envs/titanic/lib/python3.11/site-packages/airflow/example_dags/example_trigger_target_dag.py took 0.090 seconds
[2025-03-24T13:49:52.706-1000] {processor.py:186} INFO - Started process (PID=9399) to work on /opt/anaconda3/envs/titanic/lib/python3.11/site-packages/airflow/example_dags/example_trigger_target_dag.py
[2025-03-24T13:49:52.707-1000] {processor.py:914} INFO - Processing file /opt/anaconda3/envs/titanic/lib/python3.11/site-packages/airflow/example_dags/example_trigger_target_dag.py for tasks to queue
[2025-03-24T13:49:52.708-1000] {logging_mixin.py:190} INFO - [2025-03-24T13:49:52.707-1000] {dagbag.py:588} INFO - Filling up the DagBag from /opt/anaconda3/envs/titanic/lib/python3.11/site-packages/airflow/example_dags/example_trigger_target_dag.py
[2025-03-24T13:49:52.716-1000] {processor.py:925} INFO - DAG(s) 'example_trigger_target_dag' retrieved from /opt/anaconda3/envs/titanic/lib/python3.11/site-packages/airflow/example_dags/example_trigger_target_dag.py
[2025-03-24T13:49:52.739-1000] {logging_mixin.py:190} INFO - [2025-03-24T13:49:52.739-1000] {dag.py:3239} INFO - Sync 1 DAGs
[2025-03-24T13:49:52.742-1000] {logging_mixin.py:190} INFO - [2025-03-24T13:49:52.742-1000] {dag.py:4180} INFO - Setting next_dagrun for example_trigger_target_dag to None, run_after=None
[2025-03-24T13:49:52.747-1000] {processor.py:208} INFO - Processing /opt/anaconda3/envs/titanic/lib/python3.11/site-packages/airflow/example_dags/example_trigger_target_dag.py took 0.061 seconds
