[2025-03-24T13:32:41.375-1000] {processor.py:186} INFO - Started process (PID=6289) to work on /opt/anaconda3/envs/titanic/lib/python3.11/site-packages/airflow/example_dags/example_trigger_controller_dag.py
[2025-03-24T13:32:41.376-1000] {processor.py:914} INFO - Processing file /opt/anaconda3/envs/titanic/lib/python3.11/site-packages/airflow/example_dags/example_trigger_controller_dag.py for tasks to queue
[2025-03-24T13:32:41.376-1000] {logging_mixin.py:190} INFO - [2025-03-24T13:32:41.376-1000] {dagbag.py:588} INFO - Filling up the DagBag from /opt/anaconda3/envs/titanic/lib/python3.11/site-packages/airflow/example_dags/example_trigger_controller_dag.py
[2025-03-24T13:32:41.380-1000] {processor.py:925} INFO - DAG(s) 'example_trigger_controller_dag' retrieved from /opt/anaconda3/envs/titanic/lib/python3.11/site-packages/airflow/example_dags/example_trigger_controller_dag.py
[2025-03-24T13:32:41.422-1000] {logging_mixin.py:190} INFO - [2025-03-24T13:32:41.422-1000] {override.py:1930} INFO - Created Permission View: can edit on DAG:example_trigger_controller_dag
[2025-03-24T13:32:41.425-1000] {logging_mixin.py:190} INFO - [2025-03-24T13:32:41.425-1000] {override.py:1930} INFO - Created Permission View: can delete on DAG:example_trigger_controller_dag
[2025-03-24T13:32:41.426-1000] {logging_mixin.py:190} INFO - [2025-03-24T13:32:41.426-1000] {override.py:1930} INFO - Created Permission View: can read on DAG:example_trigger_controller_dag
[2025-03-24T13:32:41.428-1000] {logging_mixin.py:190} INFO - [2025-03-24T13:32:41.428-1000] {override.py:1930} INFO - Created Permission View: can create on DAG Run:example_trigger_controller_dag
[2025-03-24T13:32:41.429-1000] {logging_mixin.py:190} INFO - [2025-03-24T13:32:41.429-1000] {override.py:1930} INFO - Created Permission View: can delete on DAG Run:example_trigger_controller_dag
[2025-03-24T13:32:41.430-1000] {logging_mixin.py:190} INFO - [2025-03-24T13:32:41.430-1000] {override.py:1930} INFO - Created Permission View: menu access on DAG Run:example_trigger_controller_dag
[2025-03-24T13:32:41.431-1000] {logging_mixin.py:190} INFO - [2025-03-24T13:32:41.431-1000] {override.py:1930} INFO - Created Permission View: can read on DAG Run:example_trigger_controller_dag
[2025-03-24T13:32:41.431-1000] {logging_mixin.py:190} INFO - [2025-03-24T13:32:41.431-1000] {dag.py:3239} INFO - Sync 1 DAGs
[2025-03-24T13:32:41.435-1000] {logging_mixin.py:190} INFO - [2025-03-24T13:32:41.435-1000] {dag.py:3262} INFO - Creating ORM DAG for example_trigger_controller_dag
[2025-03-24T13:32:41.437-1000] {logging_mixin.py:190} INFO - [2025-03-24T13:32:41.437-1000] {dag.py:4180} INFO - Setting next_dagrun for example_trigger_controller_dag to 2021-01-01 00:00:00+00:00, run_after=2021-01-01 00:00:00+00:00
[2025-03-24T13:32:41.441-1000] {processor.py:208} INFO - Processing /opt/anaconda3/envs/titanic/lib/python3.11/site-packages/airflow/example_dags/example_trigger_controller_dag.py took 0.085 seconds
[2025-03-24T13:49:54.033-1000] {processor.py:186} INFO - Started process (PID=9406) to work on /opt/anaconda3/envs/titanic/lib/python3.11/site-packages/airflow/example_dags/example_trigger_controller_dag.py
[2025-03-24T13:49:54.034-1000] {processor.py:914} INFO - Processing file /opt/anaconda3/envs/titanic/lib/python3.11/site-packages/airflow/example_dags/example_trigger_controller_dag.py for tasks to queue
[2025-03-24T13:49:54.034-1000] {logging_mixin.py:190} INFO - [2025-03-24T13:49:54.034-1000] {dagbag.py:588} INFO - Filling up the DagBag from /opt/anaconda3/envs/titanic/lib/python3.11/site-packages/airflow/example_dags/example_trigger_controller_dag.py
[2025-03-24T13:49:54.037-1000] {processor.py:925} INFO - DAG(s) 'example_trigger_controller_dag' retrieved from /opt/anaconda3/envs/titanic/lib/python3.11/site-packages/airflow/example_dags/example_trigger_controller_dag.py
[2025-03-24T13:49:54.059-1000] {logging_mixin.py:190} INFO - [2025-03-24T13:49:54.059-1000] {dag.py:3239} INFO - Sync 1 DAGs
[2025-03-24T13:49:54.063-1000] {logging_mixin.py:190} INFO - [2025-03-24T13:49:54.063-1000] {dag.py:4180} INFO - Setting next_dagrun for example_trigger_controller_dag to 2021-01-01 00:00:00+00:00, run_after=2021-01-01 00:00:00+00:00
[2025-03-24T13:49:54.068-1000] {processor.py:208} INFO - Processing /opt/anaconda3/envs/titanic/lib/python3.11/site-packages/airflow/example_dags/example_trigger_controller_dag.py took 0.056 seconds
