[2025-03-24T13:32:37.857-1000] {processor.py:186} INFO - Started process (PID=6275) to work on /opt/anaconda3/envs/titanic/lib/python3.11/site-packages/airflow/example_dags/example_workday_timetable.py
[2025-03-24T13:32:37.858-1000] {processor.py:914} INFO - Processing file /opt/anaconda3/envs/titanic/lib/python3.11/site-packages/airflow/example_dags/example_workday_timetable.py for tasks to queue
[2025-03-24T13:32:37.858-1000] {logging_mixin.py:190} INFO - [2025-03-24T13:32:37.858-1000] {dagbag.py:588} INFO - Filling up the DagBag from /opt/anaconda3/envs/titanic/lib/python3.11/site-packages/airflow/example_dags/example_workday_timetable.py
[2025-03-24T13:32:37.974-1000] {processor.py:925} INFO - DAG(s) 'example_workday_timetable' retrieved from /opt/anaconda3/envs/titanic/lib/python3.11/site-packages/airflow/example_dags/example_workday_timetable.py
[2025-03-24T13:32:38.044-1000] {logging_mixin.py:190} INFO - [2025-03-24T13:32:38.044-1000] {override.py:1930} INFO - Created Permission View: can edit on DAG:example_workday_timetable
[2025-03-24T13:32:38.047-1000] {logging_mixin.py:190} INFO - [2025-03-24T13:32:38.047-1000] {override.py:1930} INFO - Created Permission View: can read on DAG:example_workday_timetable
[2025-03-24T13:32:38.048-1000] {logging_mixin.py:190} INFO - [2025-03-24T13:32:38.048-1000] {override.py:1930} INFO - Created Permission View: can delete on DAG:example_workday_timetable
[2025-03-24T13:32:38.050-1000] {logging_mixin.py:190} INFO - [2025-03-24T13:32:38.050-1000] {override.py:1930} INFO - Created Permission View: can create on DAG Run:example_workday_timetable
[2025-03-24T13:32:38.052-1000] {logging_mixin.py:190} INFO - [2025-03-24T13:32:38.051-1000] {override.py:1930} INFO - Created Permission View: menu access on DAG Run:example_workday_timetable
[2025-03-24T13:32:38.053-1000] {logging_mixin.py:190} INFO - [2025-03-24T13:32:38.053-1000] {override.py:1930} INFO - Created Permission View: can read on DAG Run:example_workday_timetable
[2025-03-24T13:32:38.054-1000] {logging_mixin.py:190} INFO - [2025-03-24T13:32:38.054-1000] {override.py:1930} INFO - Created Permission View: can delete on DAG Run:example_workday_timetable
[2025-03-24T13:32:38.054-1000] {logging_mixin.py:190} INFO - [2025-03-24T13:32:38.054-1000] {dag.py:3239} INFO - Sync 1 DAGs
[2025-03-24T13:32:38.057-1000] {logging_mixin.py:190} INFO - [2025-03-24T13:32:38.057-1000] {dag.py:3262} INFO - Creating ORM DAG for example_workday_timetable
[2025-03-24T13:32:38.067-1000] {logging_mixin.py:190} INFO - [2025-03-24T13:32:38.067-1000] {dag.py:4180} INFO - Setting next_dagrun for example_workday_timetable to 2021-01-04 00:00:00+00:00, run_after=2021-01-05 00:00:00+00:00
[2025-03-24T13:32:38.071-1000] {processor.py:208} INFO - Processing /opt/anaconda3/envs/titanic/lib/python3.11/site-packages/airflow/example_dags/example_workday_timetable.py took 0.233 seconds
[2025-03-24T13:49:51.783-1000] {processor.py:186} INFO - Started process (PID=9397) to work on /opt/anaconda3/envs/titanic/lib/python3.11/site-packages/airflow/example_dags/example_workday_timetable.py
[2025-03-24T13:49:51.784-1000] {processor.py:914} INFO - Processing file /opt/anaconda3/envs/titanic/lib/python3.11/site-packages/airflow/example_dags/example_workday_timetable.py for tasks to queue
[2025-03-24T13:49:51.784-1000] {logging_mixin.py:190} INFO - [2025-03-24T13:49:51.784-1000] {dagbag.py:588} INFO - Filling up the DagBag from /opt/anaconda3/envs/titanic/lib/python3.11/site-packages/airflow/example_dags/example_workday_timetable.py
[2025-03-24T13:49:51.900-1000] {processor.py:925} INFO - DAG(s) 'example_workday_timetable' retrieved from /opt/anaconda3/envs/titanic/lib/python3.11/site-packages/airflow/example_dags/example_workday_timetable.py
[2025-03-24T13:49:51.950-1000] {logging_mixin.py:190} INFO - [2025-03-24T13:49:51.950-1000] {dag.py:3239} INFO - Sync 1 DAGs
[2025-03-24T13:49:51.963-1000] {logging_mixin.py:190} INFO - [2025-03-24T13:49:51.963-1000] {dag.py:4180} INFO - Setting next_dagrun for example_workday_timetable to 2021-01-04 00:00:00+00:00, run_after=2021-01-05 00:00:00+00:00
[2025-03-24T13:49:51.968-1000] {processor.py:208} INFO - Processing /opt/anaconda3/envs/titanic/lib/python3.11/site-packages/airflow/example_dags/example_workday_timetable.py took 0.204 seconds
