[2025-03-24T13:32:46.576-1000] {processor.py:186} INFO - Started process (PID=6305) to work on /opt/anaconda3/envs/titanic/lib/python3.11/site-packages/airflow/example_dags/example_task_group.py
[2025-03-24T13:32:46.577-1000] {processor.py:914} INFO - Processing file /opt/anaconda3/envs/titanic/lib/python3.11/site-packages/airflow/example_dags/example_task_group.py for tasks to queue
[2025-03-24T13:32:46.577-1000] {logging_mixin.py:190} INFO - [2025-03-24T13:32:46.577-1000] {dagbag.py:588} INFO - Filling up the DagBag from /opt/anaconda3/envs/titanic/lib/python3.11/site-packages/airflow/example_dags/example_task_group.py
[2025-03-24T13:32:46.580-1000] {processor.py:925} INFO - DAG(s) 'example_task_group' retrieved from /opt/anaconda3/envs/titanic/lib/python3.11/site-packages/airflow/example_dags/example_task_group.py
[2025-03-24T13:32:46.624-1000] {logging_mixin.py:190} INFO - [2025-03-24T13:32:46.624-1000] {override.py:1930} INFO - Created Permission View: can edit on DAG:example_task_group
[2025-03-24T13:32:46.627-1000] {logging_mixin.py:190} INFO - [2025-03-24T13:32:46.627-1000] {override.py:1930} INFO - Created Permission View: can delete on DAG:example_task_group
[2025-03-24T13:32:46.628-1000] {logging_mixin.py:190} INFO - [2025-03-24T13:32:46.628-1000] {override.py:1930} INFO - Created Permission View: can read on DAG:example_task_group
[2025-03-24T13:32:46.630-1000] {logging_mixin.py:190} INFO - [2025-03-24T13:32:46.630-1000] {override.py:1930} INFO - Created Permission View: menu access on DAG Run:example_task_group
[2025-03-24T13:32:46.631-1000] {logging_mixin.py:190} INFO - [2025-03-24T13:32:46.631-1000] {override.py:1930} INFO - Created Permission View: can delete on DAG Run:example_task_group
[2025-03-24T13:32:46.632-1000] {logging_mixin.py:190} INFO - [2025-03-24T13:32:46.632-1000] {override.py:1930} INFO - Created Permission View: can read on DAG Run:example_task_group
[2025-03-24T13:32:46.633-1000] {logging_mixin.py:190} INFO - [2025-03-24T13:32:46.633-1000] {override.py:1930} INFO - Created Permission View: can create on DAG Run:example_task_group
[2025-03-24T13:32:46.633-1000] {logging_mixin.py:190} INFO - [2025-03-24T13:32:46.633-1000] {dag.py:3239} INFO - Sync 1 DAGs
[2025-03-24T13:32:46.637-1000] {logging_mixin.py:190} INFO - [2025-03-24T13:32:46.636-1000] {dag.py:3262} INFO - Creating ORM DAG for example_task_group
[2025-03-24T13:32:46.637-1000] {logging_mixin.py:190} INFO - [2025-03-24T13:32:46.637-1000] {dag.py:4180} INFO - Setting next_dagrun for example_task_group to None, run_after=None
[2025-03-24T13:32:46.640-1000] {processor.py:208} INFO - Processing /opt/anaconda3/envs/titanic/lib/python3.11/site-packages/airflow/example_dags/example_task_group.py took 0.084 seconds
[2025-03-24T13:49:59.106-1000] {processor.py:186} INFO - Started process (PID=9422) to work on /opt/anaconda3/envs/titanic/lib/python3.11/site-packages/airflow/example_dags/example_task_group.py
[2025-03-24T13:49:59.106-1000] {processor.py:914} INFO - Processing file /opt/anaconda3/envs/titanic/lib/python3.11/site-packages/airflow/example_dags/example_task_group.py for tasks to queue
[2025-03-24T13:49:59.107-1000] {logging_mixin.py:190} INFO - [2025-03-24T13:49:59.107-1000] {dagbag.py:588} INFO - Filling up the DagBag from /opt/anaconda3/envs/titanic/lib/python3.11/site-packages/airflow/example_dags/example_task_group.py
[2025-03-24T13:49:59.109-1000] {processor.py:925} INFO - DAG(s) 'example_task_group' retrieved from /opt/anaconda3/envs/titanic/lib/python3.11/site-packages/airflow/example_dags/example_task_group.py
[2025-03-24T13:49:59.133-1000] {logging_mixin.py:190} INFO - [2025-03-24T13:49:59.133-1000] {dag.py:3239} INFO - Sync 1 DAGs
[2025-03-24T13:49:59.136-1000] {logging_mixin.py:190} INFO - [2025-03-24T13:49:59.136-1000] {dag.py:4180} INFO - Setting next_dagrun for example_task_group to None, run_after=None
[2025-03-24T13:49:59.140-1000] {processor.py:208} INFO - Processing /opt/anaconda3/envs/titanic/lib/python3.11/site-packages/airflow/example_dags/example_task_group.py took 0.054 seconds
