[2025-03-24T13:32:30.337-1000] {processor.py:186} INFO - Started process (PID=6234) to work on /opt/anaconda3/envs/titanic/lib/python3.11/site-packages/airflow/example_dags/tutorial_objectstorage.py
[2025-03-24T13:32:30.337-1000] {processor.py:914} INFO - Processing file /opt/anaconda3/envs/titanic/lib/python3.11/site-packages/airflow/example_dags/tutorial_objectstorage.py for tasks to queue
[2025-03-24T13:32:30.338-1000] {logging_mixin.py:190} INFO - [2025-03-24T13:32:30.338-1000] {dagbag.py:588} INFO - Filling up the DagBag from /opt/anaconda3/envs/titanic/lib/python3.11/site-packages/airflow/example_dags/tutorial_objectstorage.py
[2025-03-24T13:32:30.347-1000] {processor.py:925} INFO - DAG(s) 'tutorial_objectstorage' retrieved from /opt/anaconda3/envs/titanic/lib/python3.11/site-packages/airflow/example_dags/tutorial_objectstorage.py
[2025-03-24T13:32:30.391-1000] {logging_mixin.py:190} INFO - [2025-03-24T13:32:30.391-1000] {override.py:1930} INFO - Created Permission View: can delete on DAG:tutorial_objectstorage
[2025-03-24T13:32:30.393-1000] {logging_mixin.py:190} INFO - [2025-03-24T13:32:30.393-1000] {override.py:1930} INFO - Created Permission View: can read on DAG:tutorial_objectstorage
[2025-03-24T13:32:30.395-1000] {logging_mixin.py:190} INFO - [2025-03-24T13:32:30.395-1000] {override.py:1930} INFO - Created Permission View: can edit on DAG:tutorial_objectstorage
[2025-03-24T13:32:30.396-1000] {logging_mixin.py:190} INFO - [2025-03-24T13:32:30.396-1000] {override.py:1930} INFO - Created Permission View: menu access on DAG Run:tutorial_objectstorage
[2025-03-24T13:32:30.398-1000] {logging_mixin.py:190} INFO - [2025-03-24T13:32:30.398-1000] {override.py:1930} INFO - Created Permission View: can delete on DAG Run:tutorial_objectstorage
[2025-03-24T13:32:30.399-1000] {logging_mixin.py:190} INFO - [2025-03-24T13:32:30.399-1000] {override.py:1930} INFO - Created Permission View: can read on DAG Run:tutorial_objectstorage
[2025-03-24T13:32:30.400-1000] {logging_mixin.py:190} INFO - [2025-03-24T13:32:30.400-1000] {override.py:1930} INFO - Created Permission View: can create on DAG Run:tutorial_objectstorage
[2025-03-24T13:32:30.400-1000] {logging_mixin.py:190} INFO - [2025-03-24T13:32:30.400-1000] {dag.py:3239} INFO - Sync 1 DAGs
[2025-03-24T13:32:30.403-1000] {logging_mixin.py:190} INFO - [2025-03-24T13:32:30.403-1000] {dag.py:3262} INFO - Creating ORM DAG for tutorial_objectstorage
[2025-03-24T13:32:30.403-1000] {logging_mixin.py:190} INFO - [2025-03-24T13:32:30.403-1000] {dag.py:4180} INFO - Setting next_dagrun for tutorial_objectstorage to None, run_after=None
[2025-03-24T13:32:30.407-1000] {processor.py:208} INFO - Processing /opt/anaconda3/envs/titanic/lib/python3.11/site-packages/airflow/example_dags/tutorial_objectstorage.py took 0.091 seconds
[2025-03-24T13:49:44.416-1000] {processor.py:186} INFO - Started process (PID=9364) to work on /opt/anaconda3/envs/titanic/lib/python3.11/site-packages/airflow/example_dags/tutorial_objectstorage.py
[2025-03-24T13:49:44.417-1000] {processor.py:914} INFO - Processing file /opt/anaconda3/envs/titanic/lib/python3.11/site-packages/airflow/example_dags/tutorial_objectstorage.py for tasks to queue
[2025-03-24T13:49:44.417-1000] {logging_mixin.py:190} INFO - [2025-03-24T13:49:44.417-1000] {dagbag.py:588} INFO - Filling up the DagBag from /opt/anaconda3/envs/titanic/lib/python3.11/site-packages/airflow/example_dags/tutorial_objectstorage.py
[2025-03-24T13:49:44.426-1000] {processor.py:925} INFO - DAG(s) 'tutorial_objectstorage' retrieved from /opt/anaconda3/envs/titanic/lib/python3.11/site-packages/airflow/example_dags/tutorial_objectstorage.py
[2025-03-24T13:49:44.449-1000] {logging_mixin.py:190} INFO - [2025-03-24T13:49:44.449-1000] {dag.py:3239} INFO - Sync 1 DAGs
[2025-03-24T13:49:44.452-1000] {logging_mixin.py:190} INFO - [2025-03-24T13:49:44.452-1000] {dag.py:4180} INFO - Setting next_dagrun for tutorial_objectstorage to None, run_after=None
[2025-03-24T13:49:44.456-1000] {processor.py:208} INFO - Processing /opt/anaconda3/envs/titanic/lib/python3.11/site-packages/airflow/example_dags/tutorial_objectstorage.py took 0.060 seconds
