[2025-03-24T13:32:33.056-1000] {processor.py:186} INFO - Started process (PID=6253) to work on /opt/anaconda3/envs/titanic/lib/python3.11/site-packages/airflow/example_dags/tutorial.py
[2025-03-24T13:32:33.056-1000] {processor.py:914} INFO - Processing file /opt/anaconda3/envs/titanic/lib/python3.11/site-packages/airflow/example_dags/tutorial.py for tasks to queue
[2025-03-24T13:32:33.057-1000] {logging_mixin.py:190} INFO - [2025-03-24T13:32:33.057-1000] {dagbag.py:588} INFO - Filling up the DagBag from /opt/anaconda3/envs/titanic/lib/python3.11/site-packages/airflow/example_dags/tutorial.py
[2025-03-24T13:32:33.060-1000] {processor.py:925} INFO - DAG(s) 'tutorial' retrieved from /opt/anaconda3/envs/titanic/lib/python3.11/site-packages/airflow/example_dags/tutorial.py
[2025-03-24T13:32:33.104-1000] {logging_mixin.py:190} INFO - [2025-03-24T13:32:33.104-1000] {override.py:1930} INFO - Created Permission View: can delete on DAG:tutorial
[2025-03-24T13:32:33.106-1000] {logging_mixin.py:190} INFO - [2025-03-24T13:32:33.106-1000] {override.py:1930} INFO - Created Permission View: can read on DAG:tutorial
[2025-03-24T13:32:33.107-1000] {logging_mixin.py:190} INFO - [2025-03-24T13:32:33.107-1000] {override.py:1930} INFO - Created Permission View: can edit on DAG:tutorial
[2025-03-24T13:32:33.109-1000] {logging_mixin.py:190} INFO - [2025-03-24T13:32:33.109-1000] {override.py:1930} INFO - Created Permission View: menu access on DAG Run:tutorial
[2025-03-24T13:32:33.111-1000] {logging_mixin.py:190} INFO - [2025-03-24T13:32:33.111-1000] {override.py:1930} INFO - Created Permission View: can delete on DAG Run:tutorial
[2025-03-24T13:32:33.112-1000] {logging_mixin.py:190} INFO - [2025-03-24T13:32:33.112-1000] {override.py:1930} INFO - Created Permission View: can read on DAG Run:tutorial
[2025-03-24T13:32:33.113-1000] {logging_mixin.py:190} INFO - [2025-03-24T13:32:33.113-1000] {override.py:1930} INFO - Created Permission View: can create on DAG Run:tutorial
[2025-03-24T13:32:33.113-1000] {logging_mixin.py:190} INFO - [2025-03-24T13:32:33.113-1000] {dag.py:3239} INFO - Sync 1 DAGs
[2025-03-24T13:32:33.116-1000] {logging_mixin.py:190} INFO - [2025-03-24T13:32:33.116-1000] {dag.py:3262} INFO - Creating ORM DAG for tutorial
[2025-03-24T13:32:33.119-1000] {logging_mixin.py:190} INFO - [2025-03-24T13:32:33.119-1000] {dag.py:4180} INFO - Setting next_dagrun for tutorial to 2025-03-23 00:00:00+00:00, run_after=2025-03-24 00:00:00+00:00
[2025-03-24T13:32:33.122-1000] {processor.py:208} INFO - Processing /opt/anaconda3/envs/titanic/lib/python3.11/site-packages/airflow/example_dags/tutorial.py took 0.086 seconds
[2025-03-24T13:49:47.111-1000] {processor.py:186} INFO - Started process (PID=9374) to work on /opt/anaconda3/envs/titanic/lib/python3.11/site-packages/airflow/example_dags/tutorial.py
[2025-03-24T13:49:47.112-1000] {processor.py:914} INFO - Processing file /opt/anaconda3/envs/titanic/lib/python3.11/site-packages/airflow/example_dags/tutorial.py for tasks to queue
[2025-03-24T13:49:47.113-1000] {logging_mixin.py:190} INFO - [2025-03-24T13:49:47.113-1000] {dagbag.py:588} INFO - Filling up the DagBag from /opt/anaconda3/envs/titanic/lib/python3.11/site-packages/airflow/example_dags/tutorial.py
[2025-03-24T13:49:47.115-1000] {processor.py:925} INFO - DAG(s) 'tutorial' retrieved from /opt/anaconda3/envs/titanic/lib/python3.11/site-packages/airflow/example_dags/tutorial.py
[2025-03-24T13:49:47.138-1000] {logging_mixin.py:190} INFO - [2025-03-24T13:49:47.138-1000] {dag.py:3239} INFO - Sync 1 DAGs
[2025-03-24T13:49:47.143-1000] {logging_mixin.py:190} INFO - [2025-03-24T13:49:47.143-1000] {dag.py:4180} INFO - Setting next_dagrun for tutorial to 2025-03-23 00:00:00+00:00, run_after=2025-03-24 00:00:00+00:00
[2025-03-24T13:49:47.147-1000] {processor.py:208} INFO - Processing /opt/anaconda3/envs/titanic/lib/python3.11/site-packages/airflow/example_dags/tutorial.py took 0.056 seconds
