[2025-03-24T13:32:26.298-1000] {processor.py:186} INFO - Started process (PID=6209) to work on /opt/anaconda3/envs/titanic/lib/python3.11/site-packages/airflow/example_dags/tutorial_taskflow_templates.py
[2025-03-24T13:32:26.298-1000] {processor.py:914} INFO - Processing file /opt/anaconda3/envs/titanic/lib/python3.11/site-packages/airflow/example_dags/tutorial_taskflow_templates.py for tasks to queue
[2025-03-24T13:32:26.298-1000] {logging_mixin.py:190} INFO - [2025-03-24T13:32:26.298-1000] {dagbag.py:588} INFO - Filling up the DagBag from /opt/anaconda3/envs/titanic/lib/python3.11/site-packages/airflow/example_dags/tutorial_taskflow_templates.py
[2025-03-24T13:32:26.309-1000] {processor.py:925} INFO - DAG(s) 'tutorial_taskflow_templates' retrieved from /opt/anaconda3/envs/titanic/lib/python3.11/site-packages/airflow/example_dags/tutorial_taskflow_templates.py
[2025-03-24T13:32:26.364-1000] {logging_mixin.py:190} INFO - [2025-03-24T13:32:26.364-1000] {override.py:1930} INFO - Created Permission View: can read on DAG:tutorial_taskflow_templates
[2025-03-24T13:32:26.367-1000] {logging_mixin.py:190} INFO - [2025-03-24T13:32:26.366-1000] {override.py:1930} INFO - Created Permission View: can delete on DAG:tutorial_taskflow_templates
[2025-03-24T13:32:26.368-1000] {logging_mixin.py:190} INFO - [2025-03-24T13:32:26.368-1000] {override.py:1930} INFO - Created Permission View: can edit on DAG:tutorial_taskflow_templates
[2025-03-24T13:32:26.370-1000] {logging_mixin.py:190} INFO - [2025-03-24T13:32:26.370-1000] {override.py:1930} INFO - Created Permission View: can read on DAG Run:tutorial_taskflow_templates
[2025-03-24T13:32:26.371-1000] {logging_mixin.py:190} INFO - [2025-03-24T13:32:26.371-1000] {override.py:1930} INFO - Created Permission View: can create on DAG Run:tutorial_taskflow_templates
[2025-03-24T13:32:26.372-1000] {logging_mixin.py:190} INFO - [2025-03-24T13:32:26.372-1000] {override.py:1930} INFO - Created Permission View: can delete on DAG Run:tutorial_taskflow_templates
[2025-03-24T13:32:26.373-1000] {logging_mixin.py:190} INFO - [2025-03-24T13:32:26.373-1000] {override.py:1930} INFO - Created Permission View: menu access on DAG Run:tutorial_taskflow_templates
[2025-03-24T13:32:26.373-1000] {logging_mixin.py:190} INFO - [2025-03-24T13:32:26.373-1000] {dag.py:3239} INFO - Sync 1 DAGs
[2025-03-24T13:32:26.376-1000] {logging_mixin.py:190} INFO - [2025-03-24T13:32:26.376-1000] {dag.py:3262} INFO - Creating ORM DAG for tutorial_taskflow_templates
[2025-03-24T13:32:26.378-1000] {logging_mixin.py:190} INFO - [2025-03-24T13:32:26.378-1000] {dag.py:4180} INFO - Setting next_dagrun for tutorial_taskflow_templates to 2025-03-23 00:00:00+00:00, run_after=2025-03-24 00:00:00+00:00
[2025-03-24T13:32:26.383-1000] {processor.py:208} INFO - Processing /opt/anaconda3/envs/titanic/lib/python3.11/site-packages/airflow/example_dags/tutorial_taskflow_templates.py took 0.106 seconds
[2025-03-24T13:49:40.357-1000] {processor.py:186} INFO - Started process (PID=9343) to work on /opt/anaconda3/envs/titanic/lib/python3.11/site-packages/airflow/example_dags/tutorial_taskflow_templates.py
[2025-03-24T13:49:40.357-1000] {processor.py:914} INFO - Processing file /opt/anaconda3/envs/titanic/lib/python3.11/site-packages/airflow/example_dags/tutorial_taskflow_templates.py for tasks to queue
[2025-03-24T13:49:40.357-1000] {logging_mixin.py:190} INFO - [2025-03-24T13:49:40.357-1000] {dagbag.py:588} INFO - Filling up the DagBag from /opt/anaconda3/envs/titanic/lib/python3.11/site-packages/airflow/example_dags/tutorial_taskflow_templates.py
[2025-03-24T13:49:40.369-1000] {processor.py:925} INFO - DAG(s) 'tutorial_taskflow_templates' retrieved from /opt/anaconda3/envs/titanic/lib/python3.11/site-packages/airflow/example_dags/tutorial_taskflow_templates.py
[2025-03-24T13:49:40.393-1000] {logging_mixin.py:190} INFO - [2025-03-24T13:49:40.393-1000] {dag.py:3239} INFO - Sync 1 DAGs
[2025-03-24T13:49:40.398-1000] {logging_mixin.py:190} INFO - [2025-03-24T13:49:40.398-1000] {dag.py:4180} INFO - Setting next_dagrun for tutorial_taskflow_templates to 2025-03-23 00:00:00+00:00, run_after=2025-03-24 00:00:00+00:00
[2025-03-24T13:49:40.403-1000] {processor.py:208} INFO - Processing /opt/anaconda3/envs/titanic/lib/python3.11/site-packages/airflow/example_dags/tutorial_taskflow_templates.py took 0.068 seconds
